GENERACION: 1
Mejor Solucion:  1 57 71 89 40 95 20 18 85 83 52 38 87 5 3 81 13 42 45 47 8 14 82 60 46 65 73 23 36 35 61 11 54 77 6 68 56 19 43 39 0 63 51 29 80 4 64 86 69 90 26 7 21 9 28 31 66 2 92 12 59 30 98 15 48 91 49 53 94 79 27 32 24 44 50 25 33 96 58 67 16 74 70 75 37 62 10 55 17 72 93 99 97 84 88 76 34 22 78 41
Coste: 23823146

GENERACION: 2
Mejor Solucion:  1 57 71 89 40 95 20 18 85 83 52 38 87 5 3 81 13 42 45 47 8 14 82 60 46 65 73 23 36 35 61 11 54 77 6 68 56 19 43 39 0 63 51 29 80 4 64 86 69 90 26 7 21 9 28 31 66 2 92 12 59 30 98 15 48 91 49 53 94 79 27 32 24 44 50 25 33 96 58 67 16 74 70 75 37 62 10 55 17 72 93 99 97 84 88 76 34 22 78 41
Coste: 23823146

GENERACION: 3
Mejor Solucion:  1 57 71 89 40 95 20 18 85 83 52 38 87 5 3 81 13 42 45 47 8 14 82 60 46 65 73 23 36 35 61 11 54 77 6 68 56 19 43 39 0 63 51 29 80 4 64 86 69 90 26 7 21 9 28 31 66 2 92 12 59 30 98 15 48 91 49 53 94 79 27 32 24 44 50 25 33 96 58 67 16 74 70 75 37 62 10 55 17 72 93 99 97 84 88 76 34 22 78 41
Coste: 23823146

GENERACION: 4
Mejor Solucion:  1 57 71 89 40 95 20 18 85 83 52 38 87 5 3 81 13 42 45 47 8 14 82 60 46 65 73 23 36 35 61 11 54 77 6 68 56 19 43 39 0 63 51 29 80 4 64 86 69 90 26 7 21 9 28 31 66 2 92 12 59 30 98 15 48 91 49 53 94 79 27 32 24 44 50 25 33 96 58 67 16 74 70 75 37 62 10 55 17 72 93 99 97 84 88 76 34 22 78 41
Coste: 23823146

GENERACION: 5
Mejor Solucion:  1 57 71 89 40 95 20 18 85 83 52 38 87 5 3 81 13 42 45 47 8 14 82 60 46 65 73 23 36 35 61 11 54 77 6 68 56 19 43 39 0 63 51 29 80 4 64 86 69 90 26 7 21 9 28 31 66 2 92 12 59 30 98 15 48 91 49 53 94 79 27 32 24 44 50 25 33 96 58 67 16 74 70 75 37 62 10 55 17 72 93 99 97 84 88 76 34 22 78 41
Coste: 23823146

GENERACION: 6
Mejor Solucion:  1 57 71 89 40 95 20 18 85 83 52 38 87 5 3 81 13 42 45 47 8 14 82 60 46 65 73 23 36 35 61 11 54 77 6 68 56 19 43 39 0 63 51 29 80 4 64 86 69 90 26 7 21 9 28 31 66 2 92 12 59 30 98 15 48 91 49 53 94 79 27 32 24 44 50 25 33 96 58 67 16 74 70 75 37 62 10 55 17 72 93 99 97 84 88 76 34 22 78 41
Coste: 23823146

GENERACION: 7
Mejor Solucion:  1 57 71 89 40 95 20 18 85 83 52 38 87 5 3 81 13 42 45 47 8 14 82 60 46 65 73 23 36 35 61 11 54 77 6 68 56 19 43 39 0 63 51 29 80 4 64 86 69 90 26 7 21 9 28 31 66 2 92 12 59 30 98 15 48 91 49 53 94 79 27 32 24 44 50 25 33 96 58 67 16 74 70 75 37 62 10 55 17 72 93 99 97 84 88 76 34 22 78 41
Coste: 23823146

GENERACION: 8
Mejor Solucion:  1 57 71 89 40 95 20 18 85 83 52 38 87 5 3 81 13 42 45 47 8 14 82 60 46 65 73 23 36 35 61 11 54 77 6 68 56 19 43 39 0 63 51 29 80 4 64 86 69 90 26 7 21 9 28 31 66 2 92 12 59 30 98 15 48 91 49 53 94 79 27 32 24 44 50 25 33 96 58 67 16 74 70 75 37 62 10 55 17 72 93 99 97 84 88 76 34 22 78 41
Coste: 23823146

GENERACION: 9
Mejor Solucion:  1 57 71 89 40 95 20 18 85 83 52 38 87 5 3 81 13 42 45 47 8 14 82 60 46 65 73 23 36 35 61 11 54 77 6 68 56 19 43 39 0 63 51 29 80 4 64 86 69 90 26 7 21 9 28 31 66 2 92 12 59 30 98 15 48 91 49 53 94 79 27 32 24 44 50 25 33 96 58 67 16 74 70 75 37 62 10 55 17 72 93 99 97 84 88 76 34 22 78 41
Coste: 23823146

GENERACION: 10
Mejor Solucion:  1 57 71 89 40 95 20 18 85 83 52 38 87 5 3 81 13 42 45 47 8 14 82 60 46 65 73 23 36 35 61 11 54 77 6 68 56 19 43 39 0 63 51 29 80 4 64 86 69 90 26 7 21 9 28 31 66 2 92 12 59 30 98 15 48 91 49 53 94 79 27 32 24 44 50 25 33 96 58 67 16 74 70 75 37 62 10 55 17 72 93 99 97 84 88 76 34 22 78 41
Coste: 23823146

GENERACION: 11
Mejor Solucion:  1 57 71 89 40 95 20 18 85 83 52 38 87 5 3 81 13 42 45 47 8 14 82 60 46 65 73 23 36 35 61 11 54 77 6 68 56 19 43 39 0 63 51 29 80 4 64 86 69 90 26 7 21 9 28 31 66 2 92 12 59 30 98 15 48 91 49 53 94 79 27 32 24 44 50 25 33 96 58 67 16 74 70 75 37 62 10 55 17 72 93 99 97 84 88 76 34 22 78 41
Coste: 23823146

GENERACION: 12
Mejor Solucion:  1 57 71 89 40 95 20 18 85 83 52 38 87 5 3 81 13 42 45 47 8 14 82 60 46 65 73 23 36 35 61 11 54 77 6 68 56 19 43 39 0 63 51 29 80 4 64 86 69 90 26 7 21 9 28 31 66 2 92 12 59 30 98 15 48 91 49 53 94 79 27 32 24 44 50 25 33 96 58 67 16 74 70 75 37 62 10 55 17 72 93 99 97 84 88 76 34 22 78 41
Coste: 23823146

GENERACION: 13
Mejor Solucion:  1 57 71 89 40 95 20 18 85 83 52 38 87 5 3 81 13 42 45 47 8 14 82 60 46 65 73 23 36 35 61 11 54 77 6 68 56 19 43 39 0 63 51 29 80 4 64 86 69 90 26 7 21 9 28 31 66 2 92 12 59 30 98 15 48 91 49 53 94 79 27 32 24 44 50 25 33 96 58 67 16 74 70 75 37 62 10 55 17 72 93 99 97 84 88 76 34 22 78 41
Coste: 23823146

GENERACION: 14
Mejor Solucion:  1 57 71 89 40 95 20 18 85 83 52 38 87 5 3 81 13 42 45 47 8 14 82 60 46 65 73 23 36 35 61 11 54 77 6 68 56 19 43 39 0 63 51 29 80 4 64 86 69 90 26 7 21 9 28 31 66 2 92 12 59 30 98 15 48 91 49 53 94 79 27 32 24 44 50 25 33 96 58 67 16 74 70 75 37 62 10 55 17 72 93 99 97 84 88 76 34 22 78 41
Coste: 23823146

GENERACION: 15
Mejor Solucion:  1 57 71 89 40 95 20 18 85 83 52 38 87 5 3 81 13 42 45 47 8 14 82 60 46 65 73 23 36 35 61 11 54 77 6 68 56 19 43 39 0 63 51 29 80 4 64 86 69 90 26 7 21 9 28 31 66 2 92 12 59 30 98 15 48 91 49 53 94 79 27 32 24 44 50 25 33 96 58 67 16 74 70 75 37 62 10 55 17 72 93 99 97 84 88 76 34 22 78 41
Coste: 23823146

GENERACION: 16
Mejor Solucion:  1 57 71 89 40 95 20 18 85 83 52 38 87 5 3 81 13 42 45 47 8 14 82 60 46 65 73 23 36 35 61 11 54 77 6 68 56 19 43 39 0 63 51 29 80 4 64 86 69 90 26 7 21 9 28 31 66 2 92 12 59 30 98 15 48 91 49 53 94 79 27 32 24 44 50 25 33 96 58 67 16 74 70 75 37 62 10 55 17 72 93 99 97 84 88 76 34 22 78 41
Coste: 23823146

GENERACION: 17
Mejor Solucion:  1 57 71 89 40 95 20 18 85 83 52 38 87 5 3 81 13 42 45 47 8 14 82 60 46 65 73 23 36 35 61 11 54 77 6 68 56 19 43 39 0 63 51 29 80 4 64 86 69 90 26 7 21 9 28 31 66 2 92 12 59 30 98 15 48 91 49 53 94 79 27 32 24 44 50 25 33 96 58 67 16 74 70 75 37 62 10 55 17 72 93 99 97 84 88 76 34 22 78 41
Coste: 23823146

GENERACION: 18
Mejor Solucion:  1 57 71 89 40 95 20 18 85 83 52 38 87 5 3 81 13 42 45 47 8 14 82 60 46 65 73 23 36 35 61 11 54 77 6 68 56 19 43 39 0 63 51 29 80 4 64 86 69 90 26 7 21 9 28 31 66 2 92 12 59 30 98 15 48 91 49 53 94 79 27 32 24 44 50 25 33 96 58 67 16 74 70 75 37 62 10 55 17 72 93 99 97 84 88 76 34 22 78 41
Coste: 23823146

GENERACION: 19
Mejor Solucion:  1 57 71 89 40 95 20 18 85 83 52 38 87 5 3 81 13 42 45 47 8 14 82 60 46 65 73 23 36 35 61 11 54 77 6 68 56 19 43 39 0 63 51 29 80 4 64 86 69 90 26 7 21 9 28 31 66 2 92 12 59 30 98 15 48 91 49 53 94 79 27 32 24 44 50 25 33 96 58 67 16 74 70 75 37 62 10 55 17 72 93 99 97 84 88 76 34 22 78 41
Coste: 23823146

GENERACION: 20
Mejor Solucion:  1 57 71 89 40 95 20 18 85 83 52 38 87 5 3 81 13 42 45 47 8 14 82 60 46 65 73 23 36 35 61 11 54 77 6 68 56 19 43 39 0 63 51 29 80 4 64 86 69 90 26 7 21 9 28 31 66 2 92 12 59 30 98 15 48 91 49 53 94 79 27 32 24 44 50 25 33 96 58 67 16 74 70 75 37 62 10 55 17 72 93 99 97 84 88 76 34 22 78 41
Coste: 23823146

GENERACION: 21
Mejor Solucion:  1 57 71 89 40 95 20 18 85 83 52 38 87 5 3 81 13 42 45 47 8 14 82 60 46 65 73 23 36 35 61 11 54 77 6 68 56 19 43 39 0 63 51 29 80 4 64 86 69 90 26 7 21 9 28 31 66 2 92 12 59 30 98 15 48 91 49 53 94 79 27 32 24 44 50 25 33 96 58 67 16 74 70 75 37 62 10 55 17 72 93 99 97 84 88 76 34 22 78 41
Coste: 23823146

GENERACION: 22
Mejor Solucion:  1 57 71 89 40 95 20 18 85 83 52 38 87 5 3 81 13 42 45 47 8 14 82 60 46 65 73 23 36 35 61 11 54 77 6 68 56 19 43 39 0 63 51 29 80 4 64 86 69 90 26 7 21 9 28 31 66 2 92 12 59 30 98 15 48 91 49 53 94 79 27 32 24 44 50 25 33 96 58 67 16 74 70 75 37 62 10 55 17 72 93 99 97 84 88 76 34 22 78 41
Coste: 23823146

GENERACION: 23
Mejor Solucion:  1 57 71 89 40 95 20 18 85 83 52 38 87 5 3 81 13 42 45 47 8 14 82 60 46 65 73 23 36 35 61 11 54 77 6 68 56 19 43 39 0 63 51 29 80 4 64 86 69 90 26 7 21 9 28 31 66 2 92 12 59 30 98 15 48 91 49 53 94 79 27 32 24 44 50 25 33 96 58 67 16 74 70 75 37 62 10 55 17 72 93 99 97 84 88 76 34 22 78 41
Coste: 23823146

GENERACION: 24
Mejor Solucion:  1 57 71 89 40 95 20 18 85 83 52 38 87 5 3 81 13 42 45 47 8 14 82 60 46 65 73 23 36 35 61 11 54 77 6 68 56 19 43 39 0 63 51 29 80 4 64 86 69 90 26 7 21 9 28 31 66 2 92 12 59 30 98 15 48 91 49 53 94 79 27 32 24 44 50 25 33 96 58 67 16 74 70 75 37 62 10 55 17 72 93 99 97 84 88 76 34 22 78 41
Coste: 23823146

GENERACION: 25
Mejor Solucion:  1 57 71 89 40 95 20 18 85 83 52 38 87 5 3 81 13 42 45 47 8 14 82 60 46 65 73 23 36 35 61 11 54 77 6 68 56 19 43 39 0 63 51 29 80 4 64 86 69 90 26 7 21 9 28 31 66 2 92 12 59 30 98 15 48 91 49 53 94 79 27 32 24 44 50 25 33 96 58 67 16 74 70 75 37 62 10 55 17 72 93 99 97 84 88 76 34 22 78 41
Coste: 23823146

GENERACION: 26
Mejor Solucion:  1 57 71 89 40 95 20 18 85 83 52 38 87 5 3 81 13 42 45 47 8 14 82 60 46 65 73 23 36 35 61 11 54 77 6 68 56 19 43 39 0 63 51 29 80 4 64 86 69 90 26 7 21 9 28 31 66 2 92 12 59 30 98 15 48 91 49 53 94 79 27 32 24 44 50 25 33 96 58 67 16 74 70 75 37 62 10 55 17 72 93 99 97 84 88 76 34 22 78 41
Coste: 23823146

GENERACION: 27
Mejor Solucion:  1 57 71 89 40 95 20 18 85 83 52 38 87 5 3 81 13 42 45 47 8 14 82 60 46 65 73 23 36 35 61 11 54 77 6 68 56 19 43 39 0 63 51 29 80 4 64 86 69 90 26 7 21 9 28 31 66 2 92 12 59 30 98 15 48 91 49 53 94 79 27 32 24 44 50 25 33 96 58 67 16 74 70 75 37 62 10 55 17 72 93 99 97 84 88 76 34 22 78 41
Coste: 23823146

GENERACION: 28
Mejor Solucion:  1 57 71 89 40 95 20 18 85 83 52 38 87 5 3 81 13 42 45 47 8 14 82 60 46 65 73 23 36 35 61 11 54 77 6 68 56 19 43 39 0 63 51 29 80 4 64 86 69 90 26 7 21 9 28 31 66 2 92 12 59 30 98 15 48 91 49 53 94 79 27 32 24 44 50 25 33 96 58 67 16 74 70 75 37 62 10 55 17 72 93 99 97 84 88 76 34 22 78 41
Coste: 23823146

GENERACION: 29
Mejor Solucion:  1 57 71 89 40 95 20 18 85 83 52 38 87 5 3 81 13 42 45 47 8 14 82 60 46 65 73 23 36 35 61 11 54 77 6 68 56 19 43 39 0 63 51 29 80 4 64 86 69 90 26 7 21 9 28 31 66 2 92 12 59 30 98 15 48 91 49 53 94 79 27 32 24 44 50 25 33 96 58 67 16 74 70 75 37 62 10 55 17 72 93 99 97 84 88 76 34 22 78 41
Coste: 23823146

GENERACION: 30
Mejor Solucion:  1 57 71 89 40 95 20 18 85 83 52 38 87 5 3 81 13 42 45 47 8 14 82 60 46 65 73 23 36 35 61 11 54 77 6 68 56 19 43 39 0 63 51 29 80 4 64 86 69 90 26 7 21 9 28 31 66 2 92 12 59 30 98 15 48 91 49 53 94 79 27 32 24 44 50 25 33 96 58 67 16 74 70 75 37 62 10 55 17 72 93 99 97 84 88 76 34 22 78 41
Coste: 23823146

GENERACION: 31
Mejor Solucion:  1 57 71 89 40 95 20 18 85 83 52 38 87 5 3 81 13 42 45 47 8 14 82 60 46 65 73 23 36 35 61 11 54 77 6 68 56 19 43 39 0 63 51 29 80 4 64 86 69 90 26 7 21 9 28 31 66 2 92 12 59 30 98 15 48 91 49 53 94 79 27 32 24 44 50 25 33 96 58 67 16 74 70 75 37 62 10 55 17 72 93 99 97 84 88 76 34 22 78 41
Coste: 23823146

GENERACION: 32
Mejor Solucion:  1 57 71 89 40 95 20 18 85 83 52 38 87 5 3 81 13 42 45 47 8 14 82 60 46 65 73 23 36 35 61 11 54 77 6 68 56 19 43 39 0 63 51 29 80 4 64 86 69 90 26 7 21 9 28 31 66 2 92 12 59 30 98 15 48 91 49 53 94 79 27 32 24 44 50 25 33 96 58 67 16 74 70 75 37 62 10 55 17 72 93 99 97 84 88 76 34 22 78 41
Coste: 23823146

GENERACION: 33
Mejor Solucion:  1 57 71 89 40 95 20 18 85 83 52 38 87 5 3 81 13 42 45 47 8 14 82 60 46 65 73 23 36 35 61 11 54 77 6 68 56 19 43 39 0 63 51 29 80 4 64 86 69 90 26 7 21 9 28 31 66 2 92 12 59 30 98 15 48 91 49 53 94 79 27 32 24 44 50 25 33 96 58 67 16 74 70 75 37 62 10 55 17 72 93 99 97 84 88 76 34 22 78 41
Coste: 23823146

GENERACION: 34
Mejor Solucion:  1 57 71 89 40 95 20 18 85 83 52 38 87 5 3 81 13 42 45 47 8 14 82 60 46 65 73 23 36 35 61 11 54 77 6 68 56 19 43 39 0 63 51 29 80 4 64 86 69 90 26 7 21 9 28 31 66 2 92 12 59 30 98 15 48 91 49 53 94 79 27 32 24 44 50 25 33 96 58 67 16 74 70 75 37 62 10 55 17 72 93 99 97 84 88 76 34 22 78 41
Coste: 23823146

GENERACION: 35
Mejor Solucion:  1 57 71 89 40 95 20 18 85 83 52 38 87 5 3 81 13 42 45 47 8 14 82 60 46 65 73 23 36 35 61 11 54 77 6 68 56 19 43 39 0 63 51 29 80 4 64 86 69 90 26 7 21 9 28 31 66 2 92 12 59 30 98 15 48 91 49 53 94 79 27 32 24 44 50 25 33 96 58 67 16 74 70 75 37 62 10 55 17 72 93 99 97 84 88 76 34 22 78 41
Coste: 23823146

GENERACION: 36
Mejor Solucion:  1 57 71 89 40 95 20 18 85 83 52 38 87 5 3 81 13 42 45 47 8 14 82 60 46 65 73 23 36 35 61 11 54 77 6 68 56 19 43 39 0 63 51 29 80 4 64 86 69 90 26 7 21 9 28 31 66 2 92 12 59 30 98 15 48 91 49 53 94 79 27 32 24 44 50 25 33 96 58 67 16 74 70 75 37 62 10 55 17 72 93 99 97 84 88 76 34 22 78 41
Coste: 23823146

GENERACION: 37
Mejor Solucion:  1 57 71 89 40 95 20 18 85 83 52 38 87 5 3 81 13 42 45 47 8 14 82 60 46 65 73 23 36 35 61 11 54 77 6 68 56 19 43 39 0 63 51 29 80 4 64 86 69 90 26 7 21 9 28 31 66 2 92 12 59 30 98 15 48 91 49 53 94 79 27 32 24 44 50 25 33 96 58 67 16 74 70 75 37 62 10 55 17 72 93 99 97 84 88 76 34 22 78 41
Coste: 23823146

GENERACION: 38
Mejor Solucion:  1 57 71 89 40 95 20 18 85 83 52 38 87 5 3 81 13 42 45 47 8 14 82 60 46 65 73 23 36 35 61 11 54 77 6 68 56 19 43 39 0 63 51 29 80 4 64 86 69 90 26 7 21 9 28 31 66 2 92 12 59 30 98 15 48 91 49 53 94 79 27 32 24 44 50 25 33 96 58 67 16 74 70 75 37 62 10 55 17 72 93 99 97 84 88 76 34 22 78 41
Coste: 23823146

GENERACION: 39
Mejor Solucion:  1 57 71 89 40 95 20 18 85 83 52 38 87 5 3 81 13 42 45 47 8 14 82 60 46 65 73 23 36 35 61 11 54 77 6 68 56 19 43 39 0 63 51 29 80 4 64 86 69 90 26 7 21 9 28 31 66 2 92 12 59 30 98 15 48 91 49 53 94 79 27 32 24 44 50 25 33 96 58 67 16 74 70 75 37 62 10 55 17 72 93 99 97 84 88 76 34 22 78 41
Coste: 23823146

GENERACION: 40
Mejor Solucion:  1 57 71 89 40 95 20 18 85 83 52 38 87 5 3 81 13 42 45 47 8 14 82 60 46 65 73 23 36 35 61 11 54 77 6 68 56 19 43 39 0 63 51 29 80 4 64 86 69 90 26 7 21 9 28 31 66 2 92 12 59 30 98 15 48 91 49 53 94 79 27 32 24 44 50 25 33 96 58 67 16 74 70 75 37 62 10 55 17 72 93 99 97 84 88 76 34 22 78 41
Coste: 23823146

GENERACION: 41
Mejor Solucion:  1 57 71 89 40 95 20 18 85 83 52 38 87 5 3 81 13 42 45 47 8 14 82 60 46 65 73 23 36 35 61 11 54 77 6 68 56 19 43 39 0 63 51 29 80 4 64 86 69 90 26 7 21 9 28 31 66 2 92 12 59 30 98 15 48 91 49 53 94 79 27 32 24 44 50 25 33 96 58 67 16 74 70 75 37 62 10 55 17 72 93 99 97 84 88 76 34 22 78 41
Coste: 23823146

GENERACION: 42
Mejor Solucion:  1 57 71 89 40 95 20 18 85 83 52 38 87 5 3 81 13 42 45 47 8 14 82 60 46 65 73 23 36 35 61 11 54 77 6 68 56 19 43 39 0 63 51 29 80 4 64 86 69 90 26 7 21 9 28 31 66 2 92 12 59 30 98 15 48 91 49 53 94 79 27 32 24 44 50 25 33 96 58 67 16 74 70 75 37 62 10 55 17 72 93 99 97 84 88 76 34 22 78 41
Coste: 23823146

GENERACION: 43
Mejor Solucion:  1 57 71 89 40 95 20 18 85 83 52 38 87 5 3 81 13 42 45 47 8 14 82 60 46 65 73 23 36 35 61 11 54 77 6 68 56 19 43 39 0 63 51 29 80 4 64 86 69 90 26 7 21 9 28 31 66 2 92 12 59 30 98 15 48 91 49 53 94 79 27 32 24 44 50 25 33 96 58 67 16 74 70 75 37 62 10 55 17 72 93 99 97 84 88 76 34 22 78 41
Coste: 23823146

GENERACION: 44
Mejor Solucion:  1 57 71 89 40 95 20 18 85 83 52 38 87 5 3 81 13 42 45 47 8 14 82 60 46 65 73 23 36 35 61 11 54 77 6 68 56 19 43 39 0 63 51 29 80 4 64 86 69 90 26 7 21 9 28 31 66 2 92 12 59 30 98 15 48 91 49 53 94 79 27 32 24 44 50 25 33 96 58 67 16 74 70 75 37 62 10 55 17 72 93 99 97 84 88 76 34 22 78 41
Coste: 23823146

GENERACION: 45
Mejor Solucion:  1 57 71 89 40 95 20 18 85 83 52 38 87 5 3 81 13 42 45 47 8 14 82 60 46 65 73 23 36 35 61 11 54 77 6 68 56 19 43 39 0 63 51 29 80 4 64 86 69 90 26 7 21 9 28 31 66 2 92 12 59 30 98 15 48 91 49 53 94 79 27 32 24 44 50 25 33 96 58 67 16 74 70 75 37 62 10 55 17 72 93 99 97 84 88 76 34 22 78 41
Coste: 23823146

GENERACION: 46
Mejor Solucion:  1 57 71 89 40 95 20 18 85 83 52 38 87 5 3 81 13 42 45 47 8 14 82 60 46 65 73 23 36 35 61 11 54 77 6 68 56 19 43 39 0 63 51 29 80 4 64 86 69 90 26 7 21 9 28 31 66 2 92 12 59 30 98 15 48 91 49 53 94 79 27 32 24 44 50 25 33 96 58 67 16 74 70 75 37 62 10 55 17 72 93 99 97 84 88 76 34 22 78 41
Coste: 23823146

GENERACION: 47
Mejor Solucion:  1 57 71 89 40 95 20 18 85 83 52 38 87 5 3 81 13 42 45 47 8 14 82 60 46 65 73 23 36 35 61 11 54 77 6 68 56 19 43 39 0 63 51 29 80 4 64 86 69 90 26 7 21 9 28 31 66 2 92 12 59 30 98 15 48 91 49 53 94 79 27 32 24 44 50 25 33 96 58 67 16 74 70 75 37 62 10 55 17 72 93 99 97 84 88 76 34 22 78 41
Coste: 23823146

GENERACION: 48
Mejor Solucion:  1 57 71 89 40 95 20 18 85 83 52 38 87 5 3 81 13 42 45 47 8 14 82 60 46 65 73 23 36 35 61 11 54 77 6 68 56 19 43 39 0 63 51 29 80 4 64 86 69 90 26 7 21 9 28 31 66 2 92 12 59 30 98 15 48 91 49 53 94 79 27 32 24 44 50 25 33 96 58 67 16 74 70 75 37 62 10 55 17 72 93 99 97 84 88 76 34 22 78 41
Coste: 23823146

GENERACION: 49
Mejor Solucion:  1 57 71 89 40 95 20 18 85 83 52 38 87 5 3 81 13 42 45 47 8 14 82 60 46 65 73 23 36 35 61 11 54 77 6 68 56 19 43 39 0 63 51 29 80 4 64 86 69 90 26 7 21 9 28 31 66 2 92 12 59 30 98 15 48 91 49 53 94 79 27 32 24 44 50 25 33 96 58 67 16 74 70 75 37 62 10 55 17 72 93 99 97 84 88 76 34 22 78 41
Coste: 23823146

GENERACION: 50
Mejor Solucion:  1 57 71 89 40 95 20 18 85 83 52 38 87 5 3 81 13 42 45 47 8 14 82 60 46 65 73 23 36 35 61 11 54 77 6 68 56 19 43 39 0 63 51 29 80 4 64 86 69 90 26 7 21 9 28 31 66 2 92 12 59 30 98 15 48 91 49 53 94 79 27 32 24 44 50 25 33 96 58 67 16 74 70 75 37 62 10 55 17 72 93 99 97 84 88 76 34 22 78 41
Coste: 23823146

GENERACION: 51
Mejor Solucion:  1 57 71 89 40 95 20 18 85 83 52 38 87 5 3 81 13 42 45 47 8 14 82 60 46 65 73 23 36 35 61 11 54 77 6 68 56 19 43 39 0 63 51 29 80 4 64 86 69 90 26 7 21 9 28 31 66 2 92 12 59 30 98 15 48 91 49 53 94 79 27 32 24 44 50 25 33 96 58 67 16 74 70 75 37 62 10 55 17 72 93 99 97 84 88 76 34 22 78 41
Coste: 23823146

GENERACION: 52
Mejor Solucion:  1 57 71 89 40 95 20 18 85 83 52 38 87 5 3 81 13 42 45 47 8 14 82 60 46 65 73 23 36 35 61 11 54 77 6 68 56 19 43 39 0 63 51 29 80 4 64 86 69 90 26 7 21 9 28 31 66 2 92 12 59 30 98 15 48 91 49 53 94 79 27 32 24 44 50 25 33 96 58 67 16 74 70 75 37 62 10 55 17 72 93 99 97 84 88 76 34 22 78 41
Coste: 23823146

GENERACION: 53
Mejor Solucion:  1 57 71 89 40 95 20 18 85 83 52 38 87 5 3 81 13 42 45 47 8 14 82 60 46 65 73 23 36 35 61 11 54 77 6 68 56 19 43 39 0 63 51 29 80 4 64 86 69 90 26 7 21 9 28 31 66 2 92 12 59 30 98 15 48 91 49 53 94 79 27 32 24 44 50 25 33 96 58 67 16 74 70 75 37 62 10 55 17 72 93 99 97 84 88 76 34 22 78 41
Coste: 23823146

GENERACION: 54
Mejor Solucion:  1 57 71 89 40 95 20 18 85 83 52 38 87 5 3 81 13 42 45 47 8 14 82 60 46 65 73 23 36 35 61 11 54 77 6 68 56 19 43 39 0 63 51 29 80 4 64 86 69 90 26 7 21 9 28 31 66 2 92 12 59 30 98 15 48 91 49 53 94 79 27 32 24 44 50 25 33 96 58 67 16 74 70 75 37 62 10 55 17 72 93 99 97 84 88 76 34 22 78 41
Coste: 23823146

GENERACION: 55
Mejor Solucion:  1 57 71 89 40 95 20 18 85 83 52 38 87 5 3 81 13 42 45 47 8 14 82 60 46 65 73 23 36 35 61 11 54 77 6 68 56 19 43 39 0 63 51 29 80 4 64 86 69 90 26 7 21 9 28 31 66 2 92 12 59 30 98 15 48 91 49 53 94 79 27 32 24 44 50 25 33 96 58 67 16 74 70 75 37 62 10 55 17 72 93 99 97 84 88 76 34 22 78 41
Coste: 23823146

GENERACION: 56
Mejor Solucion:  1 57 71 89 40 95 20 18 85 83 52 38 87 5 3 81 13 42 45 47 8 14 82 60 46 65 73 23 36 35 61 11 54 77 6 68 56 19 43 39 0 63 51 29 80 4 64 86 69 90 26 7 21 9 28 31 66 2 92 12 59 30 98 15 48 91 49 53 94 79 27 32 24 44 50 25 33 96 58 67 16 74 70 75 37 62 10 55 17 72 93 99 97 84 88 76 34 22 78 41
Coste: 23823146

GENERACION: 57
Mejor Solucion:  1 57 71 89 40 95 20 18 85 83 52 38 87 5 3 81 13 42 45 47 8 14 82 60 46 65 73 23 36 35 61 11 54 77 6 68 56 19 43 39 0 63 51 29 80 4 64 86 69 90 26 7 21 9 28 31 66 2 92 12 59 30 98 15 48 91 49 53 94 79 27 32 24 44 50 25 33 96 58 67 16 74 70 75 37 62 10 55 17 72 93 99 97 84 88 76 34 22 78 41
Coste: 23823146

GENERACION: 58
Mejor Solucion:  1 57 71 89 40 95 20 18 85 83 52 38 87 5 3 81 13 42 45 47 8 14 82 60 46 65 73 23 36 35 61 11 54 77 6 68 56 19 43 39 0 63 51 29 80 4 64 86 69 90 26 7 21 9 28 31 66 2 92 12 59 30 98 15 48 91 49 53 94 79 27 32 24 44 50 25 33 96 58 67 16 74 70 75 37 62 10 55 17 72 93 99 97 84 88 76 34 22 78 41
Coste: 23823146

GENERACION: 59
Mejor Solucion:  1 57 71 89 40 95 20 18 85 83 52 38 87 5 3 81 13 42 45 47 8 14 82 60 46 65 73 23 36 35 61 11 54 77 6 68 56 19 43 39 0 63 51 29 80 4 64 86 69 90 26 7 21 9 28 31 66 2 92 12 59 30 98 15 48 91 49 53 94 79 27 32 24 44 50 25 33 96 58 67 16 74 70 75 37 62 10 55 17 72 93 99 97 84 88 76 34 22 78 41
Coste: 23823146

GENERACION: 60
Mejor Solucion:  1 57 71 89 40 95 20 18 85 83 52 38 87 5 3 81 13 42 45 47 8 14 82 60 46 65 73 23 36 35 61 11 54 77 6 68 56 19 43 39 0 63 51 29 80 4 64 86 69 90 26 7 21 9 28 31 66 2 92 12 59 30 98 15 48 91 49 53 94 79 27 32 24 44 50 25 33 96 58 67 16 74 70 75 37 62 10 55 17 72 93 99 97 84 88 76 34 22 78 41
Coste: 23823146

GENERACION: 61
Mejor Solucion:  1 57 71 89 40 95 20 18 85 83 52 38 87 5 3 81 13 42 45 47 8 14 82 60 46 65 73 23 36 35 61 11 54 77 6 68 56 19 43 39 0 63 51 29 80 4 64 86 69 90 26 7 21 9 28 31 66 2 92 12 59 30 98 15 48 91 49 53 94 79 27 32 24 44 50 25 33 96 58 67 16 74 70 75 37 62 10 55 17 72 93 99 97 84 88 76 34 22 78 41
Coste: 23823146

GENERACION: 62
Mejor Solucion:  1 57 71 89 40 95 20 18 85 83 52 38 87 5 3 81 13 42 45 47 8 14 82 60 46 65 73 23 36 35 61 11 54 77 6 68 56 19 43 39 0 63 51 29 80 4 64 86 69 90 26 7 21 9 28 31 66 2 92 12 59 30 98 15 48 91 49 53 94 79 27 32 24 44 50 25 33 96 58 67 16 74 70 75 37 62 10 55 17 72 93 99 97 84 88 76 34 22 78 41
Coste: 23823146

GENERACION: 63
Mejor Solucion:  1 57 71 89 40 95 20 18 85 83 52 38 87 5 3 81 13 42 45 47 8 14 82 60 46 65 73 23 36 35 61 11 54 77 6 68 56 19 43 39 0 63 51 29 80 4 64 86 69 90 26 7 21 9 28 31 66 2 92 12 59 30 98 15 48 91 49 53 94 79 27 32 24 44 50 25 33 96 58 67 16 74 70 75 37 62 10 55 17 72 93 99 97 84 88 76 34 22 78 41
Coste: 23823146

GENERACION: 64
Mejor Solucion:  1 57 71 89 40 95 20 18 85 83 52 38 87 5 3 81 13 42 45 47 8 14 82 60 46 65 73 23 36 35 61 11 54 77 6 68 56 19 43 39 0 63 51 29 80 4 64 86 69 90 26 7 21 9 28 31 66 2 92 12 59 30 98 15 48 91 49 53 94 79 27 32 24 44 50 25 33 96 58 67 16 74 70 75 37 62 10 55 17 72 93 99 97 84 88 76 34 22 78 41
Coste: 23823146

GENERACION: 65
Mejor Solucion:  1 57 71 89 40 95 20 18 85 83 52 38 87 5 3 81 13 42 45 47 8 14 82 60 46 65 73 23 36 35 61 11 54 77 6 68 56 19 43 39 0 63 51 29 80 4 64 86 69 90 26 7 21 9 28 31 66 2 92 12 59 30 98 15 48 91 49 53 94 79 27 32 24 44 50 25 33 96 58 67 16 74 70 75 37 62 10 55 17 72 93 99 97 84 88 76 34 22 78 41
Coste: 23823146

GENERACION: 66
Mejor Solucion:  1 57 71 89 40 95 20 18 85 83 52 38 87 5 3 81 13 42 45 47 8 14 82 60 46 65 73 23 36 35 61 11 54 77 6 68 56 19 43 39 0 63 51 29 80 4 64 86 69 90 26 7 21 9 28 31 66 2 92 12 59 30 98 15 48 91 49 53 94 79 27 32 24 44 50 25 33 96 58 67 16 74 70 75 37 62 10 55 17 72 93 99 97 84 88 76 34 22 78 41
Coste: 23823146

GENERACION: 67
Mejor Solucion:  1 57 71 89 40 95 20 18 85 83 52 38 87 5 3 81 13 42 45 47 8 14 82 60 46 65 73 23 36 35 61 11 54 77 6 68 56 19 43 39 0 63 51 29 80 4 64 86 69 90 26 7 21 9 28 31 66 2 92 12 59 30 98 15 48 91 49 53 94 79 27 32 24 44 50 25 33 96 58 67 16 74 70 75 37 62 10 55 17 72 93 99 97 84 88 76 34 22 78 41
Coste: 23823146

GENERACION: 68
Mejor Solucion:  1 57 71 89 40 95 20 18 85 83 52 38 87 5 3 81 13 42 45 47 8 14 82 60 46 65 73 23 36 35 61 11 54 77 6 68 56 19 43 39 0 63 51 29 80 4 64 86 69 90 26 7 21 9 28 31 66 2 92 12 59 30 98 15 48 91 49 53 94 79 27 32 24 44 50 25 33 96 58 67 16 74 70 75 37 62 10 55 17 72 93 99 97 84 88 76 34 22 78 41
Coste: 23823146

GENERACION: 69
Mejor Solucion:  1 57 71 89 40 95 20 18 85 83 52 38 87 5 3 81 13 42 45 47 8 14 82 60 46 65 73 23 36 35 61 11 54 77 6 68 56 19 43 39 0 63 51 29 80 4 64 86 69 90 26 7 21 9 28 31 66 2 92 12 59 30 98 15 48 91 49 53 94 79 27 32 24 44 50 25 33 96 58 67 16 74 70 75 37 62 10 55 17 72 93 99 97 84 88 76 34 22 78 41
Coste: 23823146

GENERACION: 70
Mejor Solucion:  1 57 71 89 40 95 20 18 85 83 52 38 87 5 3 81 13 42 45 47 8 14 82 60 46 65 73 23 36 35 61 11 54 77 6 68 56 19 43 39 0 63 51 29 80 4 64 86 69 90 26 7 21 9 28 31 66 2 92 12 59 30 98 15 48 91 49 53 94 79 27 32 24 44 50 25 33 96 58 67 16 74 70 75 37 62 10 55 17 72 93 99 97 84 88 76 34 22 78 41
Coste: 23823146

GENERACION: 71
Mejor Solucion:  1 57 71 89 40 95 20 18 85 83 52 38 87 5 3 81 13 42 45 47 8 14 82 60 46 65 73 23 36 35 61 11 54 77 6 68 56 19 43 39 0 63 51 29 80 4 64 86 69 90 26 7 21 9 28 31 66 2 92 12 59 30 98 15 48 91 49 53 94 79 27 32 24 44 50 25 33 96 58 67 16 74 70 75 37 62 10 55 17 72 93 99 97 84 88 76 34 22 78 41
Coste: 23823146

GENERACION: 72
Mejor Solucion:  1 57 71 89 40 95 20 18 85 83 52 38 87 5 3 81 13 42 45 47 8 14 82 60 46 65 73 23 36 35 61 11 54 77 6 68 56 19 43 39 0 63 51 29 80 4 64 86 69 90 26 7 21 9 28 31 66 2 92 12 59 30 98 15 48 91 49 53 94 79 27 32 24 44 50 25 33 96 58 67 16 74 70 75 37 62 10 55 17 72 93 99 97 84 88 76 34 22 78 41
Coste: 23823146

GENERACION: 73
Mejor Solucion:  1 57 71 89 40 95 20 18 85 83 52 38 87 5 3 81 13 42 45 47 8 14 82 60 46 65 73 23 36 35 61 11 54 77 6 68 56 19 43 39 0 63 51 29 80 4 64 86 69 90 26 7 21 9 28 31 66 2 92 12 59 30 98 15 48 91 49 53 94 79 27 32 24 44 50 25 33 96 58 67 16 74 70 75 37 62 10 55 17 72 93 99 97 84 88 76 34 22 78 41
Coste: 23823146

GENERACION: 74
Mejor Solucion:  1 57 71 89 40 95 20 18 85 83 52 38 87 5 3 81 13 42 45 47 8 14 82 60 46 65 73 23 36 35 61 11 54 77 6 68 56 19 43 39 0 63 51 29 80 4 64 86 69 90 26 7 21 9 28 31 66 2 92 12 59 30 98 15 48 91 49 53 94 79 27 32 24 44 50 25 33 96 58 67 16 74 70 75 37 62 10 55 17 72 93 99 97 84 88 76 34 22 78 41
Coste: 23823146

GENERACION: 75
Mejor Solucion:  1 57 71 89 40 95 20 18 85 83 52 38 87 5 3 81 13 42 45 47 8 14 82 60 46 65 73 23 36 35 61 11 54 77 6 68 56 19 43 39 0 63 51 29 80 4 64 86 69 90 26 7 21 9 28 31 66 2 92 12 59 30 98 15 48 91 49 53 94 79 27 32 24 44 50 25 33 96 58 67 16 74 70 75 37 62 10 55 17 72 93 99 97 84 88 76 34 22 78 41
Coste: 23823146

GENERACION: 76
Mejor Solucion:  1 57 71 89 40 95 20 18 85 83 52 38 87 5 3 81 13 42 45 47 8 14 82 60 46 65 73 23 36 35 61 11 54 77 6 68 56 19 43 39 0 63 51 29 80 4 64 86 69 90 26 7 21 9 28 31 66 2 92 12 59 30 98 15 48 91 49 53 94 79 27 32 24 44 50 25 33 96 58 67 16 74 70 75 37 62 10 55 17 72 93 99 97 84 88 76 34 22 78 41
Coste: 23823146

GENERACION: 77
Mejor Solucion:  1 57 71 89 40 95 20 18 85 83 52 38 87 5 3 81 13 42 45 47 8 14 82 60 46 65 73 23 36 35 61 11 54 77 6 68 56 19 43 39 0 63 51 29 80 4 64 86 69 90 26 7 21 9 28 31 66 2 92 12 59 30 98 15 48 91 49 53 94 79 27 32 24 44 50 25 33 96 58 67 16 74 70 75 37 62 10 55 17 72 93 99 97 84 88 76 34 22 78 41
Coste: 23823146

GENERACION: 78
Mejor Solucion:  1 57 71 89 40 95 20 18 85 83 52 38 87 5 3 81 13 42 45 47 8 14 82 60 46 65 73 23 36 35 61 11 54 77 6 68 56 19 43 39 0 63 51 29 80 4 64 86 69 90 26 7 21 9 28 31 66 2 92 12 59 30 98 15 48 91 49 53 94 79 27 32 24 44 50 25 33 96 58 67 16 74 70 75 37 62 10 55 17 72 93 99 97 84 88 76 34 22 78 41
Coste: 23823146

GENERACION: 79
Mejor Solucion:  1 57 71 89 40 95 20 18 85 83 52 38 87 5 3 81 13 42 45 47 8 14 82 60 46 65 73 23 36 35 61 11 54 77 6 68 56 19 43 39 0 63 51 29 80 4 64 86 69 90 26 7 21 9 28 31 66 2 92 12 59 30 98 15 48 91 49 53 94 79 27 32 24 44 50 25 33 96 58 67 16 74 70 75 37 62 10 55 17 72 93 99 97 84 88 76 34 22 78 41
Coste: 23823146

GENERACION: 80
Mejor Solucion:  1 57 71 89 40 95 20 18 85 83 52 38 87 5 3 81 13 42 45 47 8 14 82 60 46 65 73 23 36 35 61 11 54 77 6 68 56 19 43 39 0 63 51 29 80 4 64 86 69 90 26 7 21 9 28 31 66 2 92 12 59 30 98 15 48 91 49 53 94 79 27 32 24 44 50 25 33 96 58 67 16 74 70 75 37 62 10 55 17 72 93 99 97 84 88 76 34 22 78 41
Coste: 23823146

GENERACION: 81
Mejor Solucion:  1 57 71 89 40 95 20 18 85 83 52 38 87 5 3 81 13 42 45 47 8 14 82 60 46 65 73 23 36 35 61 11 54 77 6 68 56 19 43 39 0 63 51 29 80 4 64 86 69 90 26 7 21 9 28 31 66 2 92 12 59 30 98 15 48 91 49 53 94 79 27 32 24 44 50 25 33 96 58 67 16 74 70 75 37 62 10 55 17 72 93 99 97 84 88 76 34 22 78 41
Coste: 23823146

GENERACION: 82
Mejor Solucion:  1 57 71 89 40 95 20 18 85 83 52 38 87 5 3 81 13 42 45 47 8 14 82 60 46 65 73 23 36 35 61 11 54 77 6 68 56 19 43 39 0 63 51 29 80 4 64 86 69 90 26 7 21 9 28 31 66 2 92 12 59 30 98 15 48 91 49 53 94 79 27 32 24 44 50 25 33 96 58 67 16 74 70 75 37 62 10 55 17 72 93 99 97 84 88 76 34 22 78 41
Coste: 23823146

GENERACION: 83
Mejor Solucion:  1 57 71 89 40 95 20 18 85 83 52 38 87 5 3 81 13 42 45 47 8 14 82 60 46 65 73 23 36 35 61 11 54 77 6 68 56 19 43 39 0 63 51 29 80 4 64 86 69 90 26 7 21 9 28 31 66 2 92 12 59 30 98 15 48 91 49 53 94 79 27 32 24 44 50 25 33 96 58 67 16 74 70 75 37 62 10 55 17 72 93 99 97 84 88 76 34 22 78 41
Coste: 23823146

GENERACION: 84
Mejor Solucion:  1 57 71 89 40 95 20 18 85 83 52 38 87 5 3 81 13 42 45 47 8 14 82 60 46 65 73 23 36 35 61 11 54 77 6 68 56 19 43 39 0 63 51 29 80 4 64 86 69 90 26 7 21 9 28 31 66 2 92 12 59 30 98 15 48 91 49 53 94 79 27 32 24 44 50 25 33 96 58 67 16 74 70 75 37 62 10 55 17 72 93 99 97 84 88 76 34 22 78 41
Coste: 23823146

GENERACION: 85
Mejor Solucion:  1 57 71 89 40 95 20 18 85 83 52 38 87 5 3 81 13 42 45 47 8 14 82 60 46 65 73 23 36 35 61 11 54 77 6 68 56 19 43 39 0 63 51 29 80 4 64 86 69 90 26 7 21 9 28 31 66 2 92 12 59 30 98 15 48 91 49 53 94 79 27 32 24 44 50 25 33 96 58 67 16 74 70 75 37 62 10 55 17 72 93 99 97 84 88 76 34 22 78 41
Coste: 23823146

GENERACION: 86
Mejor Solucion:  1 57 71 89 40 95 20 18 85 83 52 38 87 5 3 81 13 42 45 47 8 14 82 60 46 65 73 23 36 35 61 11 54 77 6 68 56 19 43 39 0 63 51 29 80 4 64 86 69 90 26 7 21 9 28 31 66 2 92 12 59 30 98 15 48 91 49 53 94 79 27 32 24 44 50 25 33 96 58 67 16 74 70 75 37 62 10 55 17 72 93 99 97 84 88 76 34 22 78 41
Coste: 23823146

GENERACION: 87
Mejor Solucion:  1 57 71 89 40 95 20 18 85 83 52 38 87 5 3 81 13 42 45 47 8 14 82 60 46 65 73 23 36 35 61 11 54 77 6 68 56 19 43 39 0 63 51 29 80 4 64 86 69 90 26 7 21 9 28 31 66 2 92 12 59 30 98 15 48 91 49 53 94 79 27 32 24 44 50 25 33 96 58 67 16 74 70 75 37 62 10 55 17 72 93 99 97 84 88 76 34 22 78 41
Coste: 23823146

GENERACION: 88
Mejor Solucion:  1 57 71 89 40 95 20 18 85 83 52 38 87 5 3 81 13 42 45 47 8 14 82 60 46 65 73 23 36 35 61 11 54 77 6 68 56 19 43 39 0 63 51 29 80 4 64 86 69 90 26 7 21 9 28 31 66 2 92 12 59 30 98 15 48 91 49 53 94 79 27 32 24 44 50 25 33 96 58 67 16 74 70 75 37 62 10 55 17 72 93 99 97 84 88 76 34 22 78 41
Coste: 23823146

GENERACION: 89
Mejor Solucion:  1 57 71 89 40 95 20 18 85 83 52 38 87 5 3 81 13 42 45 47 8 14 82 60 46 65 73 23 36 35 61 11 54 77 6 68 56 19 43 39 0 63 51 29 80 4 64 86 69 90 26 7 21 9 28 31 66 2 92 12 59 30 98 15 48 91 49 53 94 79 27 32 24 44 50 25 33 96 58 67 16 74 70 75 37 62 10 55 17 72 93 99 97 84 88 76 34 22 78 41
Coste: 23823146

GENERACION: 90
Mejor Solucion:  1 57 71 89 40 95 20 18 85 83 52 38 87 5 3 81 13 42 45 47 8 14 82 60 46 65 73 23 36 35 61 11 54 77 6 68 56 19 43 39 0 63 51 29 80 4 64 86 69 90 26 7 21 9 28 31 66 2 92 12 59 30 98 15 48 91 49 53 94 79 27 32 24 44 50 25 33 96 58 67 16 74 70 75 37 62 10 55 17 72 93 99 97 84 88 76 34 22 78 41
Coste: 23823146

GENERACION: 91
Mejor Solucion:  1 57 71 89 40 95 20 18 85 83 52 38 87 5 3 81 13 42 45 47 8 14 82 60 46 65 73 23 36 35 61 11 54 77 6 68 56 19 43 39 0 63 51 29 80 4 64 86 69 90 26 7 21 9 28 31 66 2 92 12 59 30 98 15 48 91 49 53 94 79 27 32 24 44 50 25 33 96 58 67 16 74 70 75 37 62 10 55 17 72 93 99 97 84 88 76 34 22 78 41
Coste: 23823146

GENERACION: 92
Mejor Solucion:  1 57 71 89 40 95 20 18 85 83 52 38 87 5 3 81 13 42 45 47 8 14 82 60 46 65 73 23 36 35 61 11 54 77 6 68 56 19 43 39 0 63 51 29 80 4 64 86 69 90 26 7 21 9 28 31 66 2 92 12 59 30 98 15 48 91 49 53 94 79 27 32 24 44 50 25 33 96 58 67 16 74 70 75 37 62 10 55 17 72 93 99 97 84 88 76 34 22 78 41
Coste: 23823146

GENERACION: 93
Mejor Solucion:  1 57 71 89 40 95 20 18 85 83 52 38 87 5 3 81 13 42 45 47 8 14 82 60 46 65 73 23 36 35 61 11 54 77 6 68 56 19 43 39 0 63 51 29 80 4 64 86 69 90 26 7 21 9 28 31 66 2 92 12 59 30 98 15 48 91 49 53 94 79 27 32 24 44 50 25 33 96 58 67 16 74 70 75 37 62 10 55 17 72 93 99 97 84 88 76 34 22 78 41
Coste: 23823146

GENERACION: 94
Mejor Solucion:  1 57 71 89 40 95 20 18 85 83 52 38 87 5 3 81 13 42 45 47 8 14 82 60 46 65 73 23 36 35 61 11 54 77 6 68 56 19 43 39 0 63 51 29 80 4 64 86 69 90 26 7 21 9 28 31 66 2 92 12 59 30 98 15 48 91 49 53 94 79 27 32 24 44 50 25 33 96 58 67 16 74 70 75 37 62 10 55 17 72 93 99 97 84 88 76 34 22 78 41
Coste: 23823146

GENERACION: 95
Mejor Solucion:  1 57 71 89 40 95 20 18 85 83 52 38 87 5 3 81 13 42 45 47 8 14 82 60 46 65 73 23 36 35 61 11 54 77 6 68 56 19 43 39 0 63 51 29 80 4 64 86 69 90 26 7 21 9 28 31 66 2 92 12 59 30 98 15 48 91 49 53 94 79 27 32 24 44 50 25 33 96 58 67 16 74 70 75 37 62 10 55 17 72 93 99 97 84 88 76 34 22 78 41
Coste: 23823146

GENERACION: 96
Mejor Solucion:  1 57 71 89 40 95 20 18 85 83 52 38 87 5 3 81 13 42 45 47 8 14 82 60 46 65 73 23 36 35 61 11 54 77 6 68 56 19 43 39 0 63 51 29 80 4 64 86 69 90 26 7 21 9 28 31 66 2 92 12 59 30 98 15 48 91 49 53 94 79 27 32 24 44 50 25 33 96 58 67 16 74 70 75 37 62 10 55 17 72 93 99 97 84 88 76 34 22 78 41
Coste: 23823146

GENERACION: 97
Mejor Solucion:  1 57 71 89 40 95 20 18 85 83 52 38 87 5 3 81 13 42 45 47 8 14 82 60 46 65 73 23 36 35 61 11 54 77 6 68 56 19 43 39 0 63 51 29 80 4 64 86 69 90 26 7 21 9 28 31 66 2 92 12 59 30 98 15 48 91 49 53 94 79 27 32 24 44 50 25 33 96 58 67 16 74 70 75 37 62 10 55 17 72 93 99 97 84 88 76 34 22 78 41
Coste: 23823146

GENERACION: 98
Mejor Solucion:  1 57 71 89 40 95 20 18 85 83 52 38 87 5 3 81 13 42 45 47 8 14 82 60 46 65 73 23 36 35 61 11 54 77 6 68 56 19 43 39 0 63 51 29 80 4 64 86 69 90 26 7 21 9 28 31 66 2 92 12 59 30 98 15 48 91 49 53 94 79 27 32 24 44 50 25 33 96 58 67 16 74 70 75 37 62 10 55 17 72 93 99 97 84 88 76 34 22 78 41
Coste: 23823146

GENERACION: 99
Mejor Solucion:  1 57 71 89 40 95 20 18 85 83 52 38 87 5 3 81 13 42 45 47 8 14 82 60 46 65 73 23 36 35 61 11 54 77 6 68 56 19 43 39 0 63 51 29 80 4 64 86 69 90 26 7 21 9 28 31 66 2 92 12 59 30 98 15 48 91 49 53 94 79 27 32 24 44 50 25 33 96 58 67 16 74 70 75 37 62 10 55 17 72 93 99 97 84 88 76 34 22 78 41
Coste: 23823146

GENERACION: 100
Mejor Solucion:  1 57 71 89 40 95 20 18 85 83 52 38 87 5 3 81 13 42 45 47 8 14 82 60 46 65 73 23 36 35 61 11 54 77 6 68 56 19 43 39 0 63 51 29 80 4 64 86 69 90 26 7 21 9 28 31 66 2 92 12 59 30 98 15 48 91 49 53 94 79 27 32 24 44 50 25 33 96 58 67 16 74 70 75 37 62 10 55 17 72 93 99 97 84 88 76 34 22 78 41
Coste: 23823146

GENERACION: 101
Mejor Solucion:  1 57 71 89 40 95 20 18 85 83 52 38 87 5 3 81 13 42 45 47 8 14 82 60 46 65 73 23 36 35 61 11 54 77 6 68 56 19 43 39 0 63 51 29 80 4 64 86 69 90 26 7 21 9 28 31 66 2 92 12 59 30 98 15 48 91 49 53 94 79 27 32 24 44 50 25 33 96 58 67 16 74 70 75 37 62 10 55 17 72 93 99 97 84 88 76 34 22 78 41
Coste: 23823146

GENERACION: 102
Mejor Solucion:  1 57 71 89 40 95 20 18 85 83 52 38 87 5 3 81 13 42 45 47 8 14 82 60 46 65 73 23 36 35 61 11 54 77 6 68 56 19 43 39 0 63 51 29 80 4 64 86 69 90 26 7 21 9 28 31 66 2 92 12 59 30 98 15 48 91 49 53 94 79 27 32 24 44 50 25 33 96 58 67 16 74 70 75 37 62 10 55 17 72 93 99 97 84 88 76 34 22 78 41
Coste: 23823146

GENERACION: 103
Mejor Solucion:  1 57 71 89 40 95 20 18 85 83 52 38 87 5 3 81 13 42 45 47 8 14 82 60 46 65 73 23 36 35 61 11 54 77 6 68 56 19 43 39 0 63 51 29 80 4 64 86 69 90 26 7 21 9 28 31 66 2 92 12 59 30 98 15 48 91 49 53 94 79 27 32 24 44 50 25 33 96 58 67 16 74 70 75 37 62 10 55 17 72 93 99 97 84 88 76 34 22 78 41
Coste: 23823146

GENERACION: 104
Mejor Solucion:  1 57 71 89 40 95 20 18 85 83 52 38 87 5 3 81 13 42 45 47 8 14 82 60 46 65 73 23 36 35 61 11 54 77 6 68 56 19 43 39 0 63 51 29 80 4 64 86 69 90 26 7 21 9 28 31 66 2 92 12 59 30 98 15 48 91 49 53 94 79 27 32 24 44 50 25 33 96 58 67 16 74 70 75 37 62 10 55 17 72 93 99 97 84 88 76 34 22 78 41
Coste: 23823146

GENERACION: 105
Mejor Solucion:  1 57 71 89 40 95 20 18 85 83 52 38 87 5 3 81 13 42 45 47 8 14 82 60 46 65 73 23 36 35 61 11 54 77 6 68 56 19 43 39 0 63 51 29 80 4 64 86 69 90 26 7 21 9 28 31 66 2 92 12 59 30 98 15 48 91 49 53 94 79 27 32 24 44 50 25 33 96 58 67 16 74 70 75 37 62 10 55 17 72 93 99 97 84 88 76 34 22 78 41
Coste: 23823146

GENERACION: 106
Mejor Solucion:  1 57 71 89 40 95 20 18 85 83 52 38 87 5 3 81 13 42 45 47 8 14 82 60 46 65 73 23 36 35 61 11 54 77 6 68 56 19 43 39 0 63 51 29 80 4 64 86 69 90 26 7 21 9 28 31 66 2 92 12 59 30 98 15 48 91 49 53 94 79 27 32 24 44 50 25 33 96 58 67 16 74 70 75 37 62 10 55 17 72 93 99 97 84 88 76 34 22 78 41
Coste: 23823146

GENERACION: 107
Mejor Solucion:  1 57 71 89 40 95 20 18 85 83 52 38 87 5 3 81 13 42 45 47 8 14 82 60 46 65 73 23 36 35 61 11 54 77 6 68 56 19 43 39 0 63 51 29 80 4 64 86 69 90 26 7 21 9 28 31 66 2 92 12 59 30 98 15 48 91 49 53 94 79 27 32 24 44 50 25 33 96 58 67 16 74 70 75 37 62 10 55 17 72 93 99 97 84 88 76 34 22 78 41
Coste: 23823146

GENERACION: 108
Mejor Solucion:  1 57 71 89 40 95 20 18 85 83 52 38 87 5 3 81 13 42 45 47 8 14 82 60 46 65 73 23 36 35 61 11 54 77 6 68 56 19 43 39 0 63 51 29 80 4 64 86 69 90 26 7 21 9 28 31 66 2 92 12 59 30 98 15 48 91 49 53 94 79 27 32 24 44 50 25 33 96 58 67 16 74 70 75 37 62 10 55 17 72 93 99 97 84 88 76 34 22 78 41
Coste: 23823146

GENERACION: 109
Mejor Solucion:  1 57 71 89 40 95 20 18 85 83 52 38 87 5 3 81 13 42 45 47 8 14 82 60 46 65 73 23 36 35 61 11 54 77 6 68 56 19 43 39 0 63 51 29 80 4 64 86 69 90 26 7 21 9 28 31 66 2 92 12 59 30 98 15 48 91 49 53 94 79 27 32 24 44 50 25 33 96 58 67 16 74 70 75 37 62 10 55 17 72 93 99 97 84 88 76 34 22 78 41
Coste: 23823146

GENERACION: 110
Mejor Solucion:  1 57 71 89 40 95 20 18 85 83 52 38 87 5 3 81 13 42 45 47 8 14 82 60 46 65 73 23 36 35 61 11 54 77 6 68 56 19 43 39 0 63 51 29 80 4 64 86 69 90 26 7 21 9 28 31 66 2 92 12 59 30 98 15 48 91 49 53 94 79 27 32 24 44 50 25 33 96 58 67 16 74 70 75 37 62 10 55 17 72 93 99 97 84 88 76 34 22 78 41
Coste: 23823146

GENERACION: 111
Mejor Solucion:  1 57 71 89 40 95 20 18 85 83 52 38 87 5 3 81 13 42 45 47 8 14 82 60 46 65 73 23 36 35 61 11 54 77 6 68 56 19 43 39 0 63 51 29 80 4 64 86 69 90 26 7 21 9 28 31 66 2 92 12 59 30 98 15 48 91 49 53 94 79 27 32 24 44 50 25 33 96 58 67 16 74 70 75 37 62 10 55 17 72 93 99 97 84 88 76 34 22 78 41
Coste: 23823146

GENERACION: 112
Mejor Solucion:  1 57 71 89 40 95 20 18 85 83 52 38 87 5 3 81 13 42 45 47 8 14 82 60 46 65 73 23 36 35 61 11 54 77 6 68 56 19 43 39 0 63 51 29 80 4 64 86 69 90 26 7 21 9 28 31 66 2 92 12 59 30 98 15 48 91 49 53 94 79 27 32 24 44 50 25 33 96 58 67 16 74 70 75 37 62 10 55 17 72 93 99 97 84 88 76 34 22 78 41
Coste: 23823146

GENERACION: 113
Mejor Solucion:  1 57 71 89 40 95 20 18 85 83 52 38 87 5 3 81 13 42 45 47 8 14 82 60 46 65 73 23 36 35 61 11 54 77 6 68 56 19 43 39 0 63 51 29 80 4 64 86 69 90 26 7 21 9 28 31 66 2 92 12 59 30 98 15 48 91 49 53 94 79 27 32 24 44 50 25 33 96 58 67 16 74 70 75 37 62 10 55 17 72 93 99 97 84 88 76 34 22 78 41
Coste: 23823146

GENERACION: 114
Mejor Solucion:  1 57 71 89 40 95 20 18 85 83 52 38 87 5 3 81 13 42 45 47 8 14 82 60 46 65 73 23 36 35 61 11 54 77 6 68 56 19 43 39 0 63 51 29 80 4 64 86 69 90 26 7 21 9 28 31 66 2 92 12 59 30 98 15 48 91 49 53 94 79 27 32 24 44 50 25 33 96 58 67 16 74 70 75 37 62 10 55 17 72 93 99 97 84 88 76 34 22 78 41
Coste: 23823146

GENERACION: 115
Mejor Solucion:  1 57 71 89 40 95 20 18 85 83 52 38 87 5 3 81 13 42 45 47 8 14 82 60 46 65 73 23 36 35 61 11 54 77 6 68 56 19 43 39 0 63 51 29 80 4 64 86 69 90 26 7 21 9 28 31 66 2 92 12 59 30 98 15 48 91 49 53 94 79 27 32 24 44 50 25 33 96 58 67 16 74 70 75 37 62 10 55 17 72 93 99 97 84 88 76 34 22 78 41
Coste: 23823146

GENERACION: 116
Mejor Solucion:  1 57 71 89 40 95 20 18 85 83 52 38 87 5 3 81 13 42 45 47 8 14 82 60 46 65 73 23 36 35 61 11 54 77 6 68 56 19 43 39 0 63 51 29 80 4 64 86 69 90 26 7 21 9 28 31 66 2 92 12 59 30 98 15 48 91 49 53 94 79 27 32 24 44 50 25 33 96 58 67 16 74 70 75 37 62 10 55 17 72 93 99 97 84 88 76 34 22 78 41
Coste: 23823146

GENERACION: 117
Mejor Solucion:  1 57 71 89 40 95 20 18 85 83 52 38 87 5 3 81 13 42 45 47 8 14 82 60 46 65 73 23 36 35 61 11 54 77 6 68 56 19 43 39 0 63 51 29 80 4 64 86 69 90 26 7 21 9 28 31 66 2 92 12 59 30 98 15 48 91 49 53 94 79 27 32 24 44 50 25 33 96 58 67 16 74 70 75 37 62 10 55 17 72 93 99 97 84 88 76 34 22 78 41
Coste: 23823146

GENERACION: 118
Mejor Solucion:  1 57 71 89 40 95 20 18 85 83 52 38 87 5 3 81 13 42 45 47 8 14 82 60 46 65 73 23 36 35 61 11 54 77 6 68 56 19 43 39 0 63 51 29 80 4 64 86 69 90 26 7 21 9 28 31 66 2 92 12 59 30 98 15 48 91 49 53 94 79 27 32 24 44 50 25 33 96 58 67 16 74 70 75 37 62 10 55 17 72 93 99 97 84 88 76 34 22 78 41
Coste: 23823146

GENERACION: 119
Mejor Solucion:  1 57 71 89 40 95 20 18 85 83 52 38 87 5 3 81 13 42 45 47 8 14 82 60 46 65 73 23 36 35 61 11 54 77 6 68 56 19 43 39 0 63 51 29 80 4 64 86 69 90 26 7 21 9 28 31 66 2 92 12 59 30 98 15 48 91 49 53 94 79 27 32 24 44 50 25 33 96 58 67 16 74 70 75 37 62 10 55 17 72 93 99 97 84 88 76 34 22 78 41
Coste: 23823146

GENERACION: 120
Mejor Solucion:  1 57 71 89 40 95 20 18 85 83 52 38 87 5 3 81 13 42 45 47 8 14 82 60 46 65 73 23 36 35 61 11 54 77 6 68 56 19 43 39 0 63 51 29 80 4 64 86 69 90 26 7 21 9 28 31 66 2 92 12 59 30 98 15 48 91 49 53 94 79 27 32 24 44 50 25 33 96 58 67 16 74 70 75 37 62 10 55 17 72 93 99 97 84 88 76 34 22 78 41
Coste: 23823146

GENERACION: 121
Mejor Solucion:  1 57 71 89 40 95 20 18 85 83 52 38 87 5 3 81 13 42 45 47 8 14 82 60 46 65 73 23 36 35 61 11 54 77 6 68 56 19 43 39 0 63 51 29 80 4 64 86 69 90 26 7 21 9 28 31 66 2 92 12 59 30 98 15 48 91 49 53 94 79 27 32 24 44 50 25 33 96 58 67 16 74 70 75 37 62 10 55 17 72 93 99 97 84 88 76 34 22 78 41
Coste: 23823146

GENERACION: 122
Mejor Solucion:  1 57 71 89 40 95 20 18 85 83 52 38 87 5 3 81 13 42 45 47 8 14 82 60 46 65 73 23 36 35 61 11 54 77 6 68 56 19 43 39 0 63 51 29 80 4 64 86 69 90 26 7 21 9 28 31 66 2 92 12 59 30 98 15 48 91 49 53 94 79 27 32 24 44 50 25 33 96 58 67 16 74 70 75 37 62 10 55 17 72 93 99 97 84 88 76 34 22 78 41
Coste: 23823146

GENERACION: 123
Mejor Solucion:  1 57 71 89 40 95 20 18 85 83 52 38 87 5 3 81 13 42 45 47 8 14 82 60 46 65 73 23 36 35 61 11 54 77 6 68 56 19 43 39 0 63 51 29 80 4 64 86 69 90 26 7 21 9 28 31 66 2 92 12 59 30 98 15 48 91 49 53 94 79 27 32 24 44 50 25 33 96 58 67 16 74 70 75 37 62 10 55 17 72 93 99 97 84 88 76 34 22 78 41
Coste: 23823146

GENERACION: 124
Mejor Solucion:  1 57 71 89 40 95 20 18 85 83 52 38 87 5 3 81 13 42 45 47 8 14 82 60 46 65 73 23 36 35 61 11 54 77 6 68 56 19 43 39 0 63 51 29 80 4 64 86 69 90 26 7 21 9 28 31 66 2 92 12 59 30 98 15 48 91 49 53 94 79 27 32 24 44 50 25 33 96 58 67 16 74 70 75 37 62 10 55 17 72 93 99 97 84 88 76 34 22 78 41
Coste: 23823146

GENERACION: 125
Mejor Solucion:  1 57 71 89 40 95 20 18 85 83 52 38 87 5 3 81 13 42 45 47 8 14 82 60 46 65 73 23 36 35 61 11 54 77 6 68 56 19 43 39 0 63 51 29 80 4 64 86 69 90 26 7 21 9 28 31 66 2 92 12 59 30 98 15 48 91 49 53 94 79 27 32 24 44 50 25 33 96 58 67 16 74 70 75 37 62 10 55 17 72 93 99 97 84 88 76 34 22 78 41
Coste: 23823146

GENERACION: 126
Mejor Solucion:  1 57 71 89 40 95 20 18 85 83 52 38 87 5 3 81 13 42 45 47 8 14 82 60 46 65 73 23 36 35 61 11 54 77 6 68 56 19 43 39 0 63 51 29 80 4 64 86 69 90 26 7 21 9 28 31 66 2 92 12 59 30 98 15 48 91 49 53 94 79 27 32 24 44 50 25 33 96 58 67 16 74 70 75 37 62 10 55 17 72 93 99 97 84 88 76 34 22 78 41
Coste: 23823146

GENERACION: 127
Mejor Solucion:  1 57 71 89 40 95 20 18 85 83 52 38 87 5 3 81 13 42 45 47 8 14 82 60 46 65 73 23 36 35 61 11 54 77 6 68 56 19 43 39 0 63 51 29 80 4 64 86 69 90 26 7 21 9 28 31 66 2 92 12 59 30 98 15 48 91 49 53 94 79 27 32 24 44 50 25 33 96 58 67 16 74 70 75 37 62 10 55 17 72 93 99 97 84 88 76 34 22 78 41
Coste: 23823146

GENERACION: 128
Mejor Solucion:  1 57 71 89 40 95 20 18 85 83 52 38 87 5 3 81 13 42 45 47 8 14 82 60 46 65 73 23 36 35 61 11 54 77 6 68 56 19 43 39 0 63 51 29 80 4 64 86 69 90 26 7 21 9 28 31 66 2 92 12 59 30 98 15 48 91 49 53 94 79 27 32 24 44 50 25 33 96 58 67 16 74 70 75 37 62 10 55 17 72 93 99 97 84 88 76 34 22 78 41
Coste: 23823146

GENERACION: 129
Mejor Solucion:  1 57 71 89 40 95 20 18 85 83 52 38 87 5 3 81 13 42 45 47 8 14 82 60 46 65 73 23 36 35 61 11 54 77 6 68 56 19 43 39 0 63 51 29 80 4 64 86 69 90 26 7 21 9 28 31 66 2 92 12 59 30 98 15 48 91 49 53 94 79 27 32 24 44 50 25 33 96 58 67 16 74 70 75 37 62 10 55 17 72 93 99 97 84 88 76 34 22 78 41
Coste: 23823146

GENERACION: 130
Mejor Solucion:  1 57 71 89 40 95 20 18 85 83 52 38 87 5 3 81 13 42 45 47 8 14 82 60 46 65 73 23 36 35 61 11 54 77 6 68 56 19 43 39 0 63 51 29 80 4 64 86 69 90 26 7 21 9 28 31 66 2 92 12 59 30 98 15 48 91 49 53 94 79 27 32 24 44 50 25 33 96 58 67 16 74 70 75 37 62 10 55 17 72 93 99 97 84 88 76 34 22 78 41
Coste: 23823146

GENERACION: 131
Mejor Solucion:  1 57 71 89 40 95 20 18 85 83 52 38 87 5 3 81 13 42 45 47 8 14 82 60 46 65 73 23 36 35 61 11 54 77 6 68 56 19 43 39 0 63 51 29 80 4 64 86 69 90 26 7 21 9 28 31 66 2 92 12 59 30 98 15 48 91 49 53 94 79 27 32 24 44 50 25 33 96 58 67 16 74 70 75 37 62 10 55 17 72 93 99 97 84 88 76 34 22 78 41
Coste: 23823146

GENERACION: 132
Mejor Solucion:  53 16 31 51 89 86 17 97 46 18 47 6 83 39 79 34 37 29 88 59 22 92 33 64 27 91 20 69 74 7 93 80 72 56 23 44 77 35 94 75 41 62 11 0 68 71 15 61 5 60 9 85 28 87 98 50 48 54 96 30 67 55 38 81 24 3 1 95 58 90 10 70 99 21 76 12 84 45 2 40 82 19 73 13 42 32 8 63 78 49 65 66 36 26 52 14 57 43 25 4
Coste: 23805510

