GENERACION: 1
Mejor Solucion:  54 40 84 76 93 87 21 2 33 65 55 80 35 25 62 64 99 47 83 15 67 27 49 31 18 28 92 5 12 13 72 89 51 90 63 75 37 11 61 29 96 77 57 38 20 94 10 98 14 42 43 26 52 48 53 95 81 41 70 17 22 32 1 78 50 82 34 97 9 0 3 39 44 30 73 86 6 24 8 7 23 85 68 56 45 60 88 46 71 4 59 16 36 74 69 58 91 19 79 66
Coste: 23771940

GENERACION: 2
Mejor Solucion:  54 40 84 76 93 87 21 2 33 65 55 80 35 25 62 64 99 47 83 15 67 27 49 31 18 28 92 5 12 13 72 89 51 90 63 75 37 11 61 29 96 77 57 38 20 94 10 98 14 42 43 26 52 48 53 95 81 41 70 17 22 32 1 78 50 82 34 97 9 0 3 39 44 30 73 86 6 24 8 7 23 85 68 56 45 60 88 46 71 4 59 16 36 74 69 58 91 19 79 66
Coste: 23771940

GENERACION: 3
Mejor Solucion:  54 40 84 76 93 87 21 2 33 65 55 80 35 25 62 64 99 47 83 15 67 27 49 31 18 28 92 5 12 13 72 89 51 90 63 75 37 11 61 29 96 77 57 38 20 94 10 98 14 42 43 26 52 48 53 95 81 41 70 17 22 32 1 78 50 82 34 97 9 0 3 39 44 30 73 86 6 24 8 7 23 85 68 56 45 60 88 46 71 4 59 16 36 74 69 58 91 19 79 66
Coste: 23771940

GENERACION: 4
Mejor Solucion:  54 40 84 76 93 87 21 2 33 65 55 80 35 25 62 64 99 47 83 15 67 27 49 31 18 28 92 5 12 13 72 89 51 90 63 75 37 11 61 29 96 77 57 38 20 94 10 98 14 42 43 26 52 48 53 95 81 41 70 17 22 32 1 78 50 82 34 97 9 0 3 39 44 30 73 86 6 24 8 7 23 85 68 56 45 60 88 46 71 4 59 16 36 74 69 58 91 19 79 66
Coste: 23771940

GENERACION: 5
Mejor Solucion:  54 40 84 76 93 87 21 2 33 65 55 80 35 25 62 64 99 47 83 15 67 27 49 31 18 28 92 5 12 13 72 89 51 90 63 75 37 11 61 29 96 77 57 38 20 94 10 98 14 42 43 26 52 48 53 95 81 41 70 17 22 32 1 78 50 82 34 97 9 0 3 39 44 30 73 86 6 24 8 7 23 85 68 56 45 60 88 46 71 4 59 16 36 74 69 58 91 19 79 66
Coste: 23771940

GENERACION: 6
Mejor Solucion:  54 40 84 76 93 87 21 2 33 65 55 80 35 25 62 64 99 47 83 15 67 27 49 31 18 28 92 5 12 13 72 89 51 90 63 75 37 11 61 29 96 77 57 38 20 94 10 98 14 42 43 26 52 48 53 95 81 41 70 17 22 32 1 78 50 82 34 97 9 0 3 39 44 30 73 86 6 24 8 7 23 85 68 56 45 60 88 46 71 4 59 16 36 74 69 58 91 19 79 66
Coste: 23771940

GENERACION: 7
Mejor Solucion:  54 40 84 76 93 87 21 2 33 65 55 80 35 25 62 64 99 47 83 15 67 27 49 31 18 28 92 5 12 13 72 89 51 90 63 75 37 11 61 29 96 77 57 38 20 94 10 98 14 42 43 26 52 48 53 95 81 41 70 17 22 32 1 78 50 82 34 97 9 0 3 39 44 30 73 86 6 24 8 7 23 85 68 56 45 60 88 46 71 4 59 16 36 74 69 58 91 19 79 66
Coste: 23771940

GENERACION: 8
Mejor Solucion:  54 40 84 76 93 87 21 2 33 65 55 80 35 25 62 64 99 47 83 15 67 27 49 31 18 28 92 5 12 13 72 89 51 90 63 75 37 11 61 29 96 77 57 38 20 94 10 98 14 42 43 26 52 48 53 95 81 41 70 17 22 32 1 78 50 82 34 97 9 0 3 39 44 30 73 86 6 24 8 7 23 85 68 56 45 60 88 46 71 4 59 16 36 74 69 58 91 19 79 66
Coste: 23771940

GENERACION: 9
Mejor Solucion:  54 40 84 76 93 87 21 2 33 65 55 80 35 25 62 64 99 47 83 15 67 27 49 31 18 28 92 5 12 13 72 89 51 90 63 75 37 11 61 29 96 77 57 38 20 94 10 98 14 42 43 26 52 48 53 95 81 41 70 17 22 32 1 78 50 82 34 97 9 0 3 39 44 30 73 86 6 24 8 7 23 85 68 56 45 60 88 46 71 4 59 16 36 74 69 58 91 19 79 66
Coste: 23771940

GENERACION: 10
Mejor Solucion:  54 40 84 76 93 87 21 2 33 65 55 80 35 25 62 64 99 47 83 15 67 27 49 31 18 28 92 5 12 13 72 89 51 90 63 75 37 11 61 29 96 77 57 38 20 94 10 98 14 42 43 26 52 48 53 95 81 41 70 17 22 32 1 78 50 82 34 97 9 0 3 39 44 30 73 86 6 24 8 7 23 85 68 56 45 60 88 46 71 4 59 16 36 74 69 58 91 19 79 66
Coste: 23771940

GENERACION: 11
Mejor Solucion:  54 40 84 76 93 87 21 2 33 65 55 80 35 25 62 64 99 47 83 15 67 27 49 31 18 28 92 5 12 13 72 89 51 90 63 75 37 11 61 29 96 77 57 38 20 94 10 98 14 42 43 26 52 48 53 95 81 41 70 17 22 32 1 78 50 82 34 97 9 0 3 39 44 30 73 86 6 24 8 7 23 85 68 56 45 60 88 46 71 4 59 16 36 74 69 58 91 19 79 66
Coste: 23771940

GENERACION: 12
Mejor Solucion:  54 40 84 76 93 87 21 2 33 65 55 80 35 25 62 64 99 47 83 15 67 27 49 31 18 28 92 5 12 13 72 89 51 90 63 75 37 11 61 29 96 77 57 38 20 94 10 98 14 42 43 26 52 48 53 95 81 41 70 17 22 32 1 78 50 82 34 97 9 0 3 39 44 30 73 86 6 24 8 7 23 85 68 56 45 60 88 46 71 4 59 16 36 74 69 58 91 19 79 66
Coste: 23771940

GENERACION: 13
Mejor Solucion:  54 40 84 76 93 87 21 2 33 65 55 80 35 25 62 64 99 47 83 15 67 27 49 31 18 28 92 5 12 13 72 89 51 90 63 75 37 11 61 29 96 77 57 38 20 94 10 98 14 42 43 26 52 48 53 95 81 41 70 17 22 32 1 78 50 82 34 97 9 0 3 39 44 30 73 86 6 24 8 7 23 85 68 56 45 60 88 46 71 4 59 16 36 74 69 58 91 19 79 66
Coste: 23771940

GENERACION: 14
Mejor Solucion:  54 40 84 76 93 87 21 2 33 65 55 80 35 25 62 64 99 47 83 15 67 27 49 31 18 28 92 5 12 13 72 89 51 90 63 75 37 11 61 29 96 77 57 38 20 94 10 98 14 42 43 26 52 48 53 95 81 41 70 17 22 32 1 78 50 82 34 97 9 0 3 39 44 30 73 86 6 24 8 7 23 85 68 56 45 60 88 46 71 4 59 16 36 74 69 58 91 19 79 66
Coste: 23771940

GENERACION: 15
Mejor Solucion:  54 40 84 76 93 87 21 2 33 65 55 80 35 25 62 64 99 47 83 15 67 27 49 31 18 28 92 5 12 13 72 89 51 90 63 75 37 11 61 29 96 77 57 38 20 94 10 98 14 42 43 26 52 48 53 95 81 41 70 17 22 32 1 78 50 82 34 97 9 0 3 39 44 30 73 86 6 24 8 7 23 85 68 56 45 60 88 46 71 4 59 16 36 74 69 58 91 19 79 66
Coste: 23771940

GENERACION: 16
Mejor Solucion:  54 40 84 76 93 87 21 2 33 65 55 80 35 25 62 64 99 47 83 15 67 27 49 31 18 28 92 5 12 13 72 89 51 90 63 75 37 11 61 29 96 77 57 38 20 94 10 98 14 42 43 26 52 48 53 95 81 41 70 17 22 32 1 78 50 82 34 97 9 0 3 39 44 30 73 86 6 24 8 7 23 85 68 56 45 60 88 46 71 4 59 16 36 74 69 58 91 19 79 66
Coste: 23771940

GENERACION: 17
Mejor Solucion:  54 40 84 76 93 87 21 2 33 65 55 80 35 25 62 64 99 47 83 15 67 27 49 31 18 28 92 5 12 13 72 89 51 90 63 75 37 11 61 29 96 77 57 38 20 94 10 98 14 42 43 26 52 48 53 95 81 41 70 17 22 32 1 78 50 82 34 97 9 0 3 39 44 30 73 86 6 24 8 7 23 85 68 56 45 60 88 46 71 4 59 16 36 74 69 58 91 19 79 66
Coste: 23771940

GENERACION: 18
Mejor Solucion:  54 40 84 76 93 87 21 2 33 65 55 80 35 25 62 64 99 47 83 15 67 27 49 31 18 28 92 5 12 13 72 89 51 90 63 75 37 11 61 29 96 77 57 38 20 94 10 98 14 42 43 26 52 48 53 95 81 41 70 17 22 32 1 78 50 82 34 97 9 0 3 39 44 30 73 86 6 24 8 7 23 85 68 56 45 60 88 46 71 4 59 16 36 74 69 58 91 19 79 66
Coste: 23771940

GENERACION: 19
Mejor Solucion:  54 40 84 76 93 87 21 2 33 65 55 80 35 25 62 64 99 47 83 15 67 27 49 31 18 28 92 5 12 13 72 89 51 90 63 75 37 11 61 29 96 77 57 38 20 94 10 98 14 42 43 26 52 48 53 95 81 41 70 17 22 32 1 78 50 82 34 97 9 0 3 39 44 30 73 86 6 24 8 7 23 85 68 56 45 60 88 46 71 4 59 16 36 74 69 58 91 19 79 66
Coste: 23771940

GENERACION: 20
Mejor Solucion:  54 40 84 76 93 87 21 2 33 65 55 80 35 25 62 64 99 47 83 15 67 27 49 31 18 28 92 5 12 13 72 89 51 90 63 75 37 11 61 29 96 77 57 38 20 94 10 98 14 42 43 26 52 48 53 95 81 41 70 17 22 32 1 78 50 82 34 97 9 0 3 39 44 30 73 86 6 24 8 7 23 85 68 56 45 60 88 46 71 4 59 16 36 74 69 58 91 19 79 66
Coste: 23771940

GENERACION: 21
Mejor Solucion:  54 40 84 76 93 87 21 2 33 65 55 80 35 25 62 64 99 47 83 15 67 27 49 31 18 28 92 5 12 13 72 89 51 90 63 75 37 11 61 29 96 77 57 38 20 94 10 98 14 42 43 26 52 48 53 95 81 41 70 17 22 32 1 78 50 82 34 97 9 0 3 39 44 30 73 86 6 24 8 7 23 85 68 56 45 60 88 46 71 4 59 16 36 74 69 58 91 19 79 66
Coste: 23771940

GENERACION: 22
Mejor Solucion:  54 40 84 76 93 87 21 2 33 65 55 80 35 25 62 64 99 47 83 15 67 27 49 31 18 28 92 5 12 13 72 89 51 90 63 75 37 11 61 29 96 77 57 38 20 94 10 98 14 42 43 26 52 48 53 95 81 41 70 17 22 32 1 78 50 82 34 97 9 0 3 39 44 30 73 86 6 24 8 7 23 85 68 56 45 60 88 46 71 4 59 16 36 74 69 58 91 19 79 66
Coste: 23771940

GENERACION: 23
Mejor Solucion:  54 40 84 76 93 87 21 2 33 65 55 80 35 25 62 64 99 47 83 15 67 27 49 31 18 28 92 5 12 13 72 89 51 90 63 75 37 11 61 29 96 77 57 38 20 94 10 98 14 42 43 26 52 48 53 95 81 41 70 17 22 32 1 78 50 82 34 97 9 0 3 39 44 30 73 86 6 24 8 7 23 85 68 56 45 60 88 46 71 4 59 16 36 74 69 58 91 19 79 66
Coste: 23771940

GENERACION: 24
Mejor Solucion:  54 40 84 76 93 87 21 2 33 65 55 80 35 25 62 64 99 47 83 15 67 27 49 31 18 28 92 5 12 13 72 89 51 90 63 75 37 11 61 29 96 77 57 38 20 94 10 98 14 42 43 26 52 48 53 95 81 41 70 17 22 32 1 78 50 82 34 97 9 0 3 39 44 30 73 86 6 24 8 7 23 85 68 56 45 60 88 46 71 4 59 16 36 74 69 58 91 19 79 66
Coste: 23771940

GENERACION: 25
Mejor Solucion:  54 40 84 76 93 87 21 2 33 65 55 80 35 25 62 64 99 47 83 15 67 27 49 31 18 28 92 5 12 13 72 89 51 90 63 75 37 11 61 29 96 77 57 38 20 94 10 98 14 42 43 26 52 48 53 95 81 41 70 17 22 32 1 78 50 82 34 97 9 0 3 39 44 30 73 86 6 24 8 7 23 85 68 56 45 60 88 46 71 4 59 16 36 74 69 58 91 19 79 66
Coste: 23771940

GENERACION: 26
Mejor Solucion:  54 40 84 76 93 87 21 2 33 65 55 80 35 25 62 64 99 47 83 15 67 27 49 31 18 28 92 5 12 13 72 89 51 90 63 75 37 11 61 29 96 77 57 38 20 94 10 98 14 42 43 26 52 48 53 95 81 41 70 17 22 32 1 78 50 82 34 97 9 0 3 39 44 30 73 86 6 24 8 7 23 85 68 56 45 60 88 46 71 4 59 16 36 74 69 58 91 19 79 66
Coste: 23771940

GENERACION: 27
Mejor Solucion:  54 40 84 76 93 87 21 2 33 65 55 80 35 25 62 64 99 47 83 15 67 27 49 31 18 28 92 5 12 13 72 89 51 90 63 75 37 11 61 29 96 77 57 38 20 94 10 98 14 42 43 26 52 48 53 95 81 41 70 17 22 32 1 78 50 82 34 97 9 0 3 39 44 30 73 86 6 24 8 7 23 85 68 56 45 60 88 46 71 4 59 16 36 74 69 58 91 19 79 66
Coste: 23771940

GENERACION: 28
Mejor Solucion:  54 40 84 76 93 87 21 2 33 65 55 80 35 25 62 64 99 47 83 15 67 27 49 31 18 28 92 5 12 13 72 89 51 90 63 75 37 11 61 29 96 77 57 38 20 94 10 98 14 42 43 26 52 48 53 95 81 41 70 17 22 32 1 78 50 82 34 97 9 0 3 39 44 30 73 86 6 24 8 7 23 85 68 56 45 60 88 46 71 4 59 16 36 74 69 58 91 19 79 66
Coste: 23771940

GENERACION: 29
Mejor Solucion:  54 40 84 76 93 87 21 2 33 65 55 80 35 25 62 64 99 47 83 15 67 27 49 31 18 28 92 5 12 13 72 89 51 90 63 75 37 11 61 29 96 77 57 38 20 94 10 98 14 42 43 26 52 48 53 95 81 41 70 17 22 32 1 78 50 82 34 97 9 0 3 39 44 30 73 86 6 24 8 7 23 85 68 56 45 60 88 46 71 4 59 16 36 74 69 58 91 19 79 66
Coste: 23771940

GENERACION: 30
Mejor Solucion:  54 40 84 76 93 87 21 2 33 65 55 80 35 25 62 64 99 47 83 15 67 27 49 31 18 28 92 5 12 13 72 89 51 90 63 75 37 11 61 29 96 77 57 38 20 94 10 98 14 42 43 26 52 48 53 95 81 41 70 17 22 32 1 78 50 82 34 97 9 0 3 39 44 30 73 86 6 24 8 7 23 85 68 56 45 60 88 46 71 4 59 16 36 74 69 58 91 19 79 66
Coste: 23771940

GENERACION: 31
Mejor Solucion:  54 40 84 76 93 87 21 2 33 65 55 80 35 25 62 64 99 47 83 15 67 27 49 31 18 28 92 5 12 13 72 89 51 90 63 75 37 11 61 29 96 77 57 38 20 94 10 98 14 42 43 26 52 48 53 95 81 41 70 17 22 32 1 78 50 82 34 97 9 0 3 39 44 30 73 86 6 24 8 7 23 85 68 56 45 60 88 46 71 4 59 16 36 74 69 58 91 19 79 66
Coste: 23771940

GENERACION: 32
Mejor Solucion:  54 40 84 76 93 87 21 2 33 65 55 80 35 25 62 64 99 47 83 15 67 27 49 31 18 28 92 5 12 13 72 89 51 90 63 75 37 11 61 29 96 77 57 38 20 94 10 98 14 42 43 26 52 48 53 95 81 41 70 17 22 32 1 78 50 82 34 97 9 0 3 39 44 30 73 86 6 24 8 7 23 85 68 56 45 60 88 46 71 4 59 16 36 74 69 58 91 19 79 66
Coste: 23771940

GENERACION: 33
Mejor Solucion:  54 40 84 76 93 87 21 2 33 65 55 80 35 25 62 64 99 47 83 15 67 27 49 31 18 28 92 5 12 13 72 89 51 90 63 75 37 11 61 29 96 77 57 38 20 94 10 98 14 42 43 26 52 48 53 95 81 41 70 17 22 32 1 78 50 82 34 97 9 0 3 39 44 30 73 86 6 24 8 7 23 85 68 56 45 60 88 46 71 4 59 16 36 74 69 58 91 19 79 66
Coste: 23771940

GENERACION: 34
Mejor Solucion:  54 40 84 76 93 87 21 2 33 65 55 80 35 25 62 64 99 47 83 15 67 27 49 31 18 28 92 5 12 13 72 89 51 90 63 75 37 11 61 29 96 77 57 38 20 94 10 98 14 42 43 26 52 48 53 95 81 41 70 17 22 32 1 78 50 82 34 97 9 0 3 39 44 30 73 86 6 24 8 7 23 85 68 56 45 60 88 46 71 4 59 16 36 74 69 58 91 19 79 66
Coste: 23771940

GENERACION: 35
Mejor Solucion:  54 40 84 76 93 87 21 2 33 65 55 80 35 25 62 64 99 47 83 15 67 27 49 31 18 28 92 5 12 13 72 89 51 90 63 75 37 11 61 29 96 77 57 38 20 94 10 98 14 42 43 26 52 48 53 95 81 41 70 17 22 32 1 78 50 82 34 97 9 0 3 39 44 30 73 86 6 24 8 7 23 85 68 56 45 60 88 46 71 4 59 16 36 74 69 58 91 19 79 66
Coste: 23771940

GENERACION: 36
Mejor Solucion:  54 40 84 76 93 87 21 2 33 65 55 80 35 25 62 64 99 47 83 15 67 27 49 31 18 28 92 5 12 13 72 89 51 90 63 75 37 11 61 29 96 77 57 38 20 94 10 98 14 42 43 26 52 48 53 95 81 41 70 17 22 32 1 78 50 82 34 97 9 0 3 39 44 30 73 86 6 24 8 7 23 85 68 56 45 60 88 46 71 4 59 16 36 74 69 58 91 19 79 66
Coste: 23771940

GENERACION: 37
Mejor Solucion:  54 40 84 76 93 87 21 2 33 65 55 80 35 25 62 64 99 47 83 15 67 27 49 31 18 28 92 5 12 13 72 89 51 90 63 75 37 11 61 29 96 77 57 38 20 94 10 98 14 42 43 26 52 48 53 95 81 41 70 17 22 32 1 78 50 82 34 97 9 0 3 39 44 30 73 86 6 24 8 7 23 85 68 56 45 60 88 46 71 4 59 16 36 74 69 58 91 19 79 66
Coste: 23771940

GENERACION: 38
Mejor Solucion:  54 40 84 76 93 87 21 2 33 65 55 80 35 25 62 64 99 47 83 15 67 27 49 31 18 28 92 5 12 13 72 89 51 90 63 75 37 11 61 29 96 77 57 38 20 94 10 98 14 42 43 26 52 48 53 95 81 41 70 17 22 32 1 78 50 82 34 97 9 0 3 39 44 30 73 86 6 24 8 7 23 85 68 56 45 60 88 46 71 4 59 16 36 74 69 58 91 19 79 66
Coste: 23771940

GENERACION: 39
Mejor Solucion:  54 40 84 76 93 87 21 2 33 65 55 80 35 25 62 64 99 47 83 15 67 27 49 31 18 28 92 5 12 13 72 89 51 90 63 75 37 11 61 29 96 77 57 38 20 94 10 98 14 42 43 26 52 48 53 95 81 41 70 17 22 32 1 78 50 82 34 97 9 0 3 39 44 30 73 86 6 24 8 7 23 85 68 56 45 60 88 46 71 4 59 16 36 74 69 58 91 19 79 66
Coste: 23771940

GENERACION: 40
Mejor Solucion:  54 40 84 76 93 87 21 2 33 65 55 80 35 25 62 64 99 47 83 15 67 27 49 31 18 28 92 5 12 13 72 89 51 90 63 75 37 11 61 29 96 77 57 38 20 94 10 98 14 42 43 26 52 48 53 95 81 41 70 17 22 32 1 78 50 82 34 97 9 0 3 39 44 30 73 86 6 24 8 7 23 85 68 56 45 60 88 46 71 4 59 16 36 74 69 58 91 19 79 66
Coste: 23771940

GENERACION: 41
Mejor Solucion:  54 40 84 76 93 87 21 2 33 65 55 80 35 25 62 64 99 47 83 15 67 27 49 31 18 28 92 5 12 13 72 89 51 90 63 75 37 11 61 29 96 77 57 38 20 94 10 98 14 42 43 26 52 48 53 95 81 41 70 17 22 32 1 78 50 82 34 97 9 0 3 39 44 30 73 86 6 24 8 7 23 85 68 56 45 60 88 46 71 4 59 16 36 74 69 58 91 19 79 66
Coste: 23771940

GENERACION: 42
Mejor Solucion:  54 40 84 76 93 87 21 2 33 65 55 80 35 25 62 64 99 47 83 15 67 27 49 31 18 28 92 5 12 13 72 89 51 90 63 75 37 11 61 29 96 77 57 38 20 94 10 98 14 42 43 26 52 48 53 95 81 41 70 17 22 32 1 78 50 82 34 97 9 0 3 39 44 30 73 86 6 24 8 7 23 85 68 56 45 60 88 46 71 4 59 16 36 74 69 58 91 19 79 66
Coste: 23771940

GENERACION: 43
Mejor Solucion:  54 40 84 76 93 87 21 2 33 65 55 80 35 25 62 64 99 47 83 15 67 27 49 31 18 28 92 5 12 13 72 89 51 90 63 75 37 11 61 29 96 77 57 38 20 94 10 98 14 42 43 26 52 48 53 95 81 41 70 17 22 32 1 78 50 82 34 97 9 0 3 39 44 30 73 86 6 24 8 7 23 85 68 56 45 60 88 46 71 4 59 16 36 74 69 58 91 19 79 66
Coste: 23771940

GENERACION: 44
Mejor Solucion:  54 40 84 76 93 87 21 2 33 65 55 80 35 25 62 64 99 47 83 15 67 27 49 31 18 28 92 5 12 13 72 89 51 90 63 75 37 11 61 29 96 77 57 38 20 94 10 98 14 42 43 26 52 48 53 95 81 41 70 17 22 32 1 78 50 82 34 97 9 0 3 39 44 30 73 86 6 24 8 7 23 85 68 56 45 60 88 46 71 4 59 16 36 74 69 58 91 19 79 66
Coste: 23771940

GENERACION: 45
Mejor Solucion:  54 40 84 76 93 87 21 2 33 65 55 80 35 25 62 64 99 47 83 15 67 27 49 31 18 28 92 5 12 13 72 89 51 90 63 75 37 11 61 29 96 77 57 38 20 94 10 98 14 42 43 26 52 48 53 95 81 41 70 17 22 32 1 78 50 82 34 97 9 0 3 39 44 30 73 86 6 24 8 7 23 85 68 56 45 60 88 46 71 4 59 16 36 74 69 58 91 19 79 66
Coste: 23771940

GENERACION: 46
Mejor Solucion:  54 40 84 76 93 87 21 2 33 65 55 80 35 25 62 64 99 47 83 15 67 27 49 31 18 28 92 5 12 13 72 89 51 90 63 75 37 11 61 29 96 77 57 38 20 94 10 98 14 42 43 26 52 48 53 95 81 41 70 17 22 32 1 78 50 82 34 97 9 0 3 39 44 30 73 86 6 24 8 7 23 85 68 56 45 60 88 46 71 4 59 16 36 74 69 58 91 19 79 66
Coste: 23771940

GENERACION: 47
Mejor Solucion:  54 40 84 76 93 87 21 2 33 65 55 80 35 25 62 64 99 47 83 15 67 27 49 31 18 28 92 5 12 13 72 89 51 90 63 75 37 11 61 29 96 77 57 38 20 94 10 98 14 42 43 26 52 48 53 95 81 41 70 17 22 32 1 78 50 82 34 97 9 0 3 39 44 30 73 86 6 24 8 7 23 85 68 56 45 60 88 46 71 4 59 16 36 74 69 58 91 19 79 66
Coste: 23771940

GENERACION: 48
Mejor Solucion:  54 40 84 76 93 87 21 2 33 65 55 80 35 25 62 64 99 47 83 15 67 27 49 31 18 28 92 5 12 13 72 89 51 90 63 75 37 11 61 29 96 77 57 38 20 94 10 98 14 42 43 26 52 48 53 95 81 41 70 17 22 32 1 78 50 82 34 97 9 0 3 39 44 30 73 86 6 24 8 7 23 85 68 56 45 60 88 46 71 4 59 16 36 74 69 58 91 19 79 66
Coste: 23771940

GENERACION: 49
Mejor Solucion:  54 40 84 76 93 87 21 2 33 65 55 80 35 25 62 64 99 47 83 15 67 27 49 31 18 28 92 5 12 13 72 89 51 90 63 75 37 11 61 29 96 77 57 38 20 94 10 98 14 42 43 26 52 48 53 95 81 41 70 17 22 32 1 78 50 82 34 97 9 0 3 39 44 30 73 86 6 24 8 7 23 85 68 56 45 60 88 46 71 4 59 16 36 74 69 58 91 19 79 66
Coste: 23771940

GENERACION: 50
Mejor Solucion:  54 40 84 76 93 87 21 2 33 65 55 80 35 25 62 64 99 47 83 15 67 27 49 31 18 28 92 5 12 13 72 89 51 90 63 75 37 11 61 29 96 77 57 38 20 94 10 98 14 42 43 26 52 48 53 95 81 41 70 17 22 32 1 78 50 82 34 97 9 0 3 39 44 30 73 86 6 24 8 7 23 85 68 56 45 60 88 46 71 4 59 16 36 74 69 58 91 19 79 66
Coste: 23771940

GENERACION: 51
Mejor Solucion:  54 40 84 76 93 87 21 2 33 65 55 80 35 25 62 64 99 47 83 15 67 27 49 31 18 28 92 5 12 13 72 89 51 90 63 75 37 11 61 29 96 77 57 38 20 94 10 98 14 42 43 26 52 48 53 95 81 41 70 17 22 32 1 78 50 82 34 97 9 0 3 39 44 30 73 86 6 24 8 7 23 85 68 56 45 60 88 46 71 4 59 16 36 74 69 58 91 19 79 66
Coste: 23771940

GENERACION: 52
Mejor Solucion:  54 40 84 76 93 87 21 2 33 65 55 80 35 25 62 64 99 47 83 15 67 27 49 31 18 28 92 5 12 13 72 89 51 90 63 75 37 11 61 29 96 77 57 38 20 94 10 98 14 42 43 26 52 48 53 95 81 41 70 17 22 32 1 78 50 82 34 97 9 0 3 39 44 30 73 86 6 24 8 7 23 85 68 56 45 60 88 46 71 4 59 16 36 74 69 58 91 19 79 66
Coste: 23771940

GENERACION: 53
Mejor Solucion:  54 40 84 76 93 87 21 2 33 65 55 80 35 25 62 64 99 47 83 15 67 27 49 31 18 28 92 5 12 13 72 89 51 90 63 75 37 11 61 29 96 77 57 38 20 94 10 98 14 42 43 26 52 48 53 95 81 41 70 17 22 32 1 78 50 82 34 97 9 0 3 39 44 30 73 86 6 24 8 7 23 85 68 56 45 60 88 46 71 4 59 16 36 74 69 58 91 19 79 66
Coste: 23771940

GENERACION: 54
Mejor Solucion:  54 40 84 76 93 87 21 2 33 65 55 80 35 25 62 64 99 47 83 15 67 27 49 31 18 28 92 5 12 13 72 89 51 90 63 75 37 11 61 29 96 77 57 38 20 94 10 98 14 42 43 26 52 48 53 95 81 41 70 17 22 32 1 78 50 82 34 97 9 0 3 39 44 30 73 86 6 24 8 7 23 85 68 56 45 60 88 46 71 4 59 16 36 74 69 58 91 19 79 66
Coste: 23771940

GENERACION: 55
Mejor Solucion:  54 40 84 76 93 87 21 2 33 65 55 80 35 25 62 64 99 47 83 15 67 27 49 31 18 28 92 5 12 13 72 89 51 90 63 75 37 11 61 29 96 77 57 38 20 94 10 98 14 42 43 26 52 48 53 95 81 41 70 17 22 32 1 78 50 82 34 97 9 0 3 39 44 30 73 86 6 24 8 7 23 85 68 56 45 60 88 46 71 4 59 16 36 74 69 58 91 19 79 66
Coste: 23771940

GENERACION: 56
Mejor Solucion:  54 40 84 76 93 87 21 2 33 65 55 80 35 25 62 64 99 47 83 15 67 27 49 31 18 28 92 5 12 13 72 89 51 90 63 75 37 11 61 29 96 77 57 38 20 94 10 98 14 42 43 26 52 48 53 95 81 41 70 17 22 32 1 78 50 82 34 97 9 0 3 39 44 30 73 86 6 24 8 7 23 85 68 56 45 60 88 46 71 4 59 16 36 74 69 58 91 19 79 66
Coste: 23771940

GENERACION: 57
Mejor Solucion:  54 40 84 76 93 87 21 2 33 65 55 80 35 25 62 64 99 47 83 15 67 27 49 31 18 28 92 5 12 13 72 89 51 90 63 75 37 11 61 29 96 77 57 38 20 94 10 98 14 42 43 26 52 48 53 95 81 41 70 17 22 32 1 78 50 82 34 97 9 0 3 39 44 30 73 86 6 24 8 7 23 85 68 56 45 60 88 46 71 4 59 16 36 74 69 58 91 19 79 66
Coste: 23771940

GENERACION: 58
Mejor Solucion:  54 40 84 76 93 87 21 2 33 65 55 80 35 25 62 64 99 47 83 15 67 27 49 31 18 28 92 5 12 13 72 89 51 90 63 75 37 11 61 29 96 77 57 38 20 94 10 98 14 42 43 26 52 48 53 95 81 41 70 17 22 32 1 78 50 82 34 97 9 0 3 39 44 30 73 86 6 24 8 7 23 85 68 56 45 60 88 46 71 4 59 16 36 74 69 58 91 19 79 66
Coste: 23771940

GENERACION: 59
Mejor Solucion:  54 40 84 76 93 87 21 2 33 65 55 80 35 25 62 64 99 47 83 15 67 27 49 31 18 28 92 5 12 13 72 89 51 90 63 75 37 11 61 29 96 77 57 38 20 94 10 98 14 42 43 26 52 48 53 95 81 41 70 17 22 32 1 78 50 82 34 97 9 0 3 39 44 30 73 86 6 24 8 7 23 85 68 56 45 60 88 46 71 4 59 16 36 74 69 58 91 19 79 66
Coste: 23771940

GENERACION: 60
Mejor Solucion:  54 40 84 76 93 87 21 2 33 65 55 80 35 25 62 64 99 47 83 15 67 27 49 31 18 28 92 5 12 13 72 89 51 90 63 75 37 11 61 29 96 77 57 38 20 94 10 98 14 42 43 26 52 48 53 95 81 41 70 17 22 32 1 78 50 82 34 97 9 0 3 39 44 30 73 86 6 24 8 7 23 85 68 56 45 60 88 46 71 4 59 16 36 74 69 58 91 19 79 66
Coste: 23771940

GENERACION: 61
Mejor Solucion:  54 40 84 76 93 87 21 2 33 65 55 80 35 25 62 64 99 47 83 15 67 27 49 31 18 28 92 5 12 13 72 89 51 90 63 75 37 11 61 29 96 77 57 38 20 94 10 98 14 42 43 26 52 48 53 95 81 41 70 17 22 32 1 78 50 82 34 97 9 0 3 39 44 30 73 86 6 24 8 7 23 85 68 56 45 60 88 46 71 4 59 16 36 74 69 58 91 19 79 66
Coste: 23771940

GENERACION: 62
Mejor Solucion:  54 40 84 76 93 87 21 2 33 65 55 80 35 25 62 64 99 47 83 15 67 27 49 31 18 28 92 5 12 13 72 89 51 90 63 75 37 11 61 29 96 77 57 38 20 94 10 98 14 42 43 26 52 48 53 95 81 41 70 17 22 32 1 78 50 82 34 97 9 0 3 39 44 30 73 86 6 24 8 7 23 85 68 56 45 60 88 46 71 4 59 16 36 74 69 58 91 19 79 66
Coste: 23771940

GENERACION: 63
Mejor Solucion:  54 40 84 76 93 87 21 2 33 65 55 80 35 25 62 64 99 47 83 15 67 27 49 31 18 28 92 5 12 13 72 89 51 90 63 75 37 11 61 29 96 77 57 38 20 94 10 98 14 42 43 26 52 48 53 95 81 41 70 17 22 32 1 78 50 82 34 97 9 0 3 39 44 30 73 86 6 24 8 7 23 85 68 56 45 60 88 46 71 4 59 16 36 74 69 58 91 19 79 66
Coste: 23771940

GENERACION: 64
Mejor Solucion:  54 40 84 76 93 87 21 2 33 65 55 80 35 25 62 64 99 47 83 15 67 27 49 31 18 28 92 5 12 13 72 89 51 90 63 75 37 11 61 29 96 77 57 38 20 94 10 98 14 42 43 26 52 48 53 95 81 41 70 17 22 32 1 78 50 82 34 97 9 0 3 39 44 30 73 86 6 24 8 7 23 85 68 56 45 60 88 46 71 4 59 16 36 74 69 58 91 19 79 66
Coste: 23771940

GENERACION: 65
Mejor Solucion:  54 40 84 76 93 87 21 2 33 65 55 80 35 25 62 64 99 47 83 15 67 27 49 31 18 28 92 5 12 13 72 89 51 90 63 75 37 11 61 29 96 77 57 38 20 94 10 98 14 42 43 26 52 48 53 95 81 41 70 17 22 32 1 78 50 82 34 97 9 0 3 39 44 30 73 86 6 24 8 7 23 85 68 56 45 60 88 46 71 4 59 16 36 74 69 58 91 19 79 66
Coste: 23771940

GENERACION: 66
Mejor Solucion:  54 40 84 76 93 87 21 2 33 65 55 80 35 25 62 64 99 47 83 15 67 27 49 31 18 28 92 5 12 13 72 89 51 90 63 75 37 11 61 29 96 77 57 38 20 94 10 98 14 42 43 26 52 48 53 95 81 41 70 17 22 32 1 78 50 82 34 97 9 0 3 39 44 30 73 86 6 24 8 7 23 85 68 56 45 60 88 46 71 4 59 16 36 74 69 58 91 19 79 66
Coste: 23771940

GENERACION: 67
Mejor Solucion:  54 40 84 76 93 87 21 2 33 65 55 80 35 25 62 64 99 47 83 15 67 27 49 31 18 28 92 5 12 13 72 89 51 90 63 75 37 11 61 29 96 77 57 38 20 94 10 98 14 42 43 26 52 48 53 95 81 41 70 17 22 32 1 78 50 82 34 97 9 0 3 39 44 30 73 86 6 24 8 7 23 85 68 56 45 60 88 46 71 4 59 16 36 74 69 58 91 19 79 66
Coste: 23771940

GENERACION: 68
Mejor Solucion:  54 40 84 76 93 87 21 2 33 65 55 80 35 25 62 64 99 47 83 15 67 27 49 31 18 28 92 5 12 13 72 89 51 90 63 75 37 11 61 29 96 77 57 38 20 94 10 98 14 42 43 26 52 48 53 95 81 41 70 17 22 32 1 78 50 82 34 97 9 0 3 39 44 30 73 86 6 24 8 7 23 85 68 56 45 60 88 46 71 4 59 16 36 74 69 58 91 19 79 66
Coste: 23771940

GENERACION: 69
Mejor Solucion:  54 40 84 76 93 87 21 2 33 65 55 80 35 25 62 64 99 47 83 15 67 27 49 31 18 28 92 5 12 13 72 89 51 90 63 75 37 11 61 29 96 77 57 38 20 94 10 98 14 42 43 26 52 48 53 95 81 41 70 17 22 32 1 78 50 82 34 97 9 0 3 39 44 30 73 86 6 24 8 7 23 85 68 56 45 60 88 46 71 4 59 16 36 74 69 58 91 19 79 66
Coste: 23771940

GENERACION: 70
Mejor Solucion:  54 40 84 76 93 87 21 2 33 65 55 80 35 25 62 64 99 47 83 15 67 27 49 31 18 28 92 5 12 13 72 89 51 90 63 75 37 11 61 29 96 77 57 38 20 94 10 98 14 42 43 26 52 48 53 95 81 41 70 17 22 32 1 78 50 82 34 97 9 0 3 39 44 30 73 86 6 24 8 7 23 85 68 56 45 60 88 46 71 4 59 16 36 74 69 58 91 19 79 66
Coste: 23771940

GENERACION: 71
Mejor Solucion:  54 40 84 76 93 87 21 2 33 65 55 80 35 25 62 64 99 47 83 15 67 27 49 31 18 28 92 5 12 13 72 89 51 90 63 75 37 11 61 29 96 77 57 38 20 94 10 98 14 42 43 26 52 48 53 95 81 41 70 17 22 32 1 78 50 82 34 97 9 0 3 39 44 30 73 86 6 24 8 7 23 85 68 56 45 60 88 46 71 4 59 16 36 74 69 58 91 19 79 66
Coste: 23771940

GENERACION: 72
Mejor Solucion:  54 40 84 76 93 87 21 2 33 65 55 80 35 25 62 64 99 47 83 15 67 27 49 31 18 28 92 5 12 13 72 89 51 90 63 75 37 11 61 29 96 77 57 38 20 94 10 98 14 42 43 26 52 48 53 95 81 41 70 17 22 32 1 78 50 82 34 97 9 0 3 39 44 30 73 86 6 24 8 7 23 85 68 56 45 60 88 46 71 4 59 16 36 74 69 58 91 19 79 66
Coste: 23771940

GENERACION: 73
Mejor Solucion:  54 40 84 76 93 87 21 2 33 65 55 80 35 25 62 64 99 47 83 15 67 27 49 31 18 28 92 5 12 13 72 89 51 90 63 75 37 11 61 29 96 77 57 38 20 94 10 98 14 42 43 26 52 48 53 95 81 41 70 17 22 32 1 78 50 82 34 97 9 0 3 39 44 30 73 86 6 24 8 7 23 85 68 56 45 60 88 46 71 4 59 16 36 74 69 58 91 19 79 66
Coste: 23771940

GENERACION: 74
Mejor Solucion:  54 40 84 76 93 87 21 2 33 65 55 80 35 25 62 64 99 47 83 15 67 27 49 31 18 28 92 5 12 13 72 89 51 90 63 75 37 11 61 29 96 77 57 38 20 94 10 98 14 42 43 26 52 48 53 95 81 41 70 17 22 32 1 78 50 82 34 97 9 0 3 39 44 30 73 86 6 24 8 7 23 85 68 56 45 60 88 46 71 4 59 16 36 74 69 58 91 19 79 66
Coste: 23771940

GENERACION: 75
Mejor Solucion:  54 40 84 76 93 87 21 2 33 65 55 80 35 25 62 64 99 47 83 15 67 27 49 31 18 28 92 5 12 13 72 89 51 90 63 75 37 11 61 29 96 77 57 38 20 94 10 98 14 42 43 26 52 48 53 95 81 41 70 17 22 32 1 78 50 82 34 97 9 0 3 39 44 30 73 86 6 24 8 7 23 85 68 56 45 60 88 46 71 4 59 16 36 74 69 58 91 19 79 66
Coste: 23771940

GENERACION: 76
Mejor Solucion:  54 40 84 76 93 87 21 2 33 65 55 80 35 25 62 64 99 47 83 15 67 27 49 31 18 28 92 5 12 13 72 89 51 90 63 75 37 11 61 29 96 77 57 38 20 94 10 98 14 42 43 26 52 48 53 95 81 41 70 17 22 32 1 78 50 82 34 97 9 0 3 39 44 30 73 86 6 24 8 7 23 85 68 56 45 60 88 46 71 4 59 16 36 74 69 58 91 19 79 66
Coste: 23771940

GENERACION: 77
Mejor Solucion:  54 40 84 76 93 87 21 2 33 65 55 80 35 25 62 64 99 47 83 15 67 27 49 31 18 28 92 5 12 13 72 89 51 90 63 75 37 11 61 29 96 77 57 38 20 94 10 98 14 42 43 26 52 48 53 95 81 41 70 17 22 32 1 78 50 82 34 97 9 0 3 39 44 30 73 86 6 24 8 7 23 85 68 56 45 60 88 46 71 4 59 16 36 74 69 58 91 19 79 66
Coste: 23771940

GENERACION: 78
Mejor Solucion:  54 40 84 76 93 87 21 2 33 65 55 80 35 25 62 64 99 47 83 15 67 27 49 31 18 28 92 5 12 13 72 89 51 90 63 75 37 11 61 29 96 77 57 38 20 94 10 98 14 42 43 26 52 48 53 95 81 41 70 17 22 32 1 78 50 82 34 97 9 0 3 39 44 30 73 86 6 24 8 7 23 85 68 56 45 60 88 46 71 4 59 16 36 74 69 58 91 19 79 66
Coste: 23771940

GENERACION: 79
Mejor Solucion:  54 40 84 76 93 87 21 2 33 65 55 80 35 25 62 64 99 47 83 15 67 27 49 31 18 28 92 5 12 13 72 89 51 90 63 75 37 11 61 29 96 77 57 38 20 94 10 98 14 42 43 26 52 48 53 95 81 41 70 17 22 32 1 78 50 82 34 97 9 0 3 39 44 30 73 86 6 24 8 7 23 85 68 56 45 60 88 46 71 4 59 16 36 74 69 58 91 19 79 66
Coste: 23771940

GENERACION: 80
Mejor Solucion:  54 40 84 76 93 87 21 2 33 65 55 80 35 25 62 64 99 47 83 15 67 27 49 31 18 28 92 5 12 13 72 89 51 90 63 75 37 11 61 29 96 77 57 38 20 94 10 98 14 42 43 26 52 48 53 95 81 41 70 17 22 32 1 78 50 82 34 97 9 0 3 39 44 30 73 86 6 24 8 7 23 85 68 56 45 60 88 46 71 4 59 16 36 74 69 58 91 19 79 66
Coste: 23771940

GENERACION: 81
Mejor Solucion:  54 40 84 76 93 87 21 2 33 65 55 80 35 25 62 64 99 47 83 15 67 27 49 31 18 28 92 5 12 13 72 89 51 90 63 75 37 11 61 29 96 77 57 38 20 94 10 98 14 42 43 26 52 48 53 95 81 41 70 17 22 32 1 78 50 82 34 97 9 0 3 39 44 30 73 86 6 24 8 7 23 85 68 56 45 60 88 46 71 4 59 16 36 74 69 58 91 19 79 66
Coste: 23771940

GENERACION: 82
Mejor Solucion:  54 40 84 76 93 87 21 2 33 65 55 80 35 25 62 64 99 47 83 15 67 27 49 31 18 28 92 5 12 13 72 89 51 90 63 75 37 11 61 29 96 77 57 38 20 94 10 98 14 42 43 26 52 48 53 95 81 41 70 17 22 32 1 78 50 82 34 97 9 0 3 39 44 30 73 86 6 24 8 7 23 85 68 56 45 60 88 46 71 4 59 16 36 74 69 58 91 19 79 66
Coste: 23771940

GENERACION: 83
Mejor Solucion:  54 40 84 76 93 87 21 2 33 65 55 80 35 25 62 64 99 47 83 15 67 27 49 31 18 28 92 5 12 13 72 89 51 90 63 75 37 11 61 29 96 77 57 38 20 94 10 98 14 42 43 26 52 48 53 95 81 41 70 17 22 32 1 78 50 82 34 97 9 0 3 39 44 30 73 86 6 24 8 7 23 85 68 56 45 60 88 46 71 4 59 16 36 74 69 58 91 19 79 66
Coste: 23771940

GENERACION: 84
Mejor Solucion:  54 40 84 76 93 87 21 2 33 65 55 80 35 25 62 64 99 47 83 15 67 27 49 31 18 28 92 5 12 13 72 89 51 90 63 75 37 11 61 29 96 77 57 38 20 94 10 98 14 42 43 26 52 48 53 95 81 41 70 17 22 32 1 78 50 82 34 97 9 0 3 39 44 30 73 86 6 24 8 7 23 85 68 56 45 60 88 46 71 4 59 16 36 74 69 58 91 19 79 66
Coste: 23771940

GENERACION: 85
Mejor Solucion:  54 40 84 76 93 87 21 2 33 65 55 80 35 25 62 64 99 47 83 15 67 27 49 31 18 28 92 5 12 13 72 89 51 90 63 75 37 11 61 29 96 77 57 38 20 94 10 98 14 42 43 26 52 48 53 95 81 41 70 17 22 32 1 78 50 82 34 97 9 0 3 39 44 30 73 86 6 24 8 7 23 85 68 56 45 60 88 46 71 4 59 16 36 74 69 58 91 19 79 66
Coste: 23771940

GENERACION: 86
Mejor Solucion:  54 40 84 76 93 87 21 2 33 65 55 80 35 25 62 64 99 47 83 15 67 27 49 31 18 28 92 5 12 13 72 89 51 90 63 75 37 11 61 29 96 77 57 38 20 94 10 98 14 42 43 26 52 48 53 95 81 41 70 17 22 32 1 78 50 82 34 97 9 0 3 39 44 30 73 86 6 24 8 7 23 85 68 56 45 60 88 46 71 4 59 16 36 74 69 58 91 19 79 66
Coste: 23771940

GENERACION: 87
Mejor Solucion:  54 40 84 76 93 87 21 2 33 65 55 80 35 25 62 64 99 47 83 15 67 27 49 31 18 28 92 5 12 13 72 89 51 90 63 75 37 11 61 29 96 77 57 38 20 94 10 98 14 42 43 26 52 48 53 95 81 41 70 17 22 32 1 78 50 82 34 97 9 0 3 39 44 30 73 86 6 24 8 7 23 85 68 56 45 60 88 46 71 4 59 16 36 74 69 58 91 19 79 66
Coste: 23771940

GENERACION: 88
Mejor Solucion:  54 40 84 76 93 87 21 2 33 65 55 80 35 25 62 64 99 47 83 15 67 27 49 31 18 28 92 5 12 13 72 89 51 90 63 75 37 11 61 29 96 77 57 38 20 94 10 98 14 42 43 26 52 48 53 95 81 41 70 17 22 32 1 78 50 82 34 97 9 0 3 39 44 30 73 86 6 24 8 7 23 85 68 56 45 60 88 46 71 4 59 16 36 74 69 58 91 19 79 66
Coste: 23771940

GENERACION: 89
Mejor Solucion:  54 40 84 76 93 87 21 2 33 65 55 80 35 25 62 64 99 47 83 15 67 27 49 31 18 28 92 5 12 13 72 89 51 90 63 75 37 11 61 29 96 77 57 38 20 94 10 98 14 42 43 26 52 48 53 95 81 41 70 17 22 32 1 78 50 82 34 97 9 0 3 39 44 30 73 86 6 24 8 7 23 85 68 56 45 60 88 46 71 4 59 16 36 74 69 58 91 19 79 66
Coste: 23771940

GENERACION: 90
Mejor Solucion:  54 40 84 76 93 87 21 2 33 65 55 80 35 25 62 64 99 47 83 15 67 27 49 31 18 28 92 5 12 13 72 89 51 90 63 75 37 11 61 29 96 77 57 38 20 94 10 98 14 42 43 26 52 48 53 95 81 41 70 17 22 32 1 78 50 82 34 97 9 0 3 39 44 30 73 86 6 24 8 7 23 85 68 56 45 60 88 46 71 4 59 16 36 74 69 58 91 19 79 66
Coste: 23771940

GENERACION: 91
Mejor Solucion:  54 40 84 76 93 87 21 2 33 65 55 80 35 25 62 64 99 47 83 15 67 27 49 31 18 28 92 5 12 13 72 89 51 90 63 75 37 11 61 29 96 77 57 38 20 94 10 98 14 42 43 26 52 48 53 95 81 41 70 17 22 32 1 78 50 82 34 97 9 0 3 39 44 30 73 86 6 24 8 7 23 85 68 56 45 60 88 46 71 4 59 16 36 74 69 58 91 19 79 66
Coste: 23771940

GENERACION: 92
Mejor Solucion:  54 40 84 76 93 87 21 2 33 65 55 80 35 25 62 64 99 47 83 15 67 27 49 31 18 28 92 5 12 13 72 89 51 90 63 75 37 11 61 29 96 77 57 38 20 94 10 98 14 42 43 26 52 48 53 95 81 41 70 17 22 32 1 78 50 82 34 97 9 0 3 39 44 30 73 86 6 24 8 7 23 85 68 56 45 60 88 46 71 4 59 16 36 74 69 58 91 19 79 66
Coste: 23771940

GENERACION: 93
Mejor Solucion:  54 40 84 76 93 87 21 2 33 65 55 80 35 25 62 64 99 47 83 15 67 27 49 31 18 28 92 5 12 13 72 89 51 90 63 75 37 11 61 29 96 77 57 38 20 94 10 98 14 42 43 26 52 48 53 95 81 41 70 17 22 32 1 78 50 82 34 97 9 0 3 39 44 30 73 86 6 24 8 7 23 85 68 56 45 60 88 46 71 4 59 16 36 74 69 58 91 19 79 66
Coste: 23771940

GENERACION: 94
Mejor Solucion:  54 40 84 76 93 87 21 2 33 65 55 80 35 25 62 64 99 47 83 15 67 27 49 31 18 28 92 5 12 13 72 89 51 90 63 75 37 11 61 29 96 77 57 38 20 94 10 98 14 42 43 26 52 48 53 95 81 41 70 17 22 32 1 78 50 82 34 97 9 0 3 39 44 30 73 86 6 24 8 7 23 85 68 56 45 60 88 46 71 4 59 16 36 74 69 58 91 19 79 66
Coste: 23771940

GENERACION: 95
Mejor Solucion:  54 40 84 76 93 87 21 2 33 65 55 80 35 25 62 64 99 47 83 15 67 27 49 31 18 28 92 5 12 13 72 89 51 90 63 75 37 11 61 29 96 77 57 38 20 94 10 98 14 42 43 26 52 48 53 95 81 41 70 17 22 32 1 78 50 82 34 97 9 0 3 39 44 30 73 86 6 24 8 7 23 85 68 56 45 60 88 46 71 4 59 16 36 74 69 58 91 19 79 66
Coste: 23771940

GENERACION: 96
Mejor Solucion:  54 40 84 76 93 87 21 2 33 65 55 80 35 25 62 64 99 47 83 15 67 27 49 31 18 28 92 5 12 13 72 89 51 90 63 75 37 11 61 29 96 77 57 38 20 94 10 98 14 42 43 26 52 48 53 95 81 41 70 17 22 32 1 78 50 82 34 97 9 0 3 39 44 30 73 86 6 24 8 7 23 85 68 56 45 60 88 46 71 4 59 16 36 74 69 58 91 19 79 66
Coste: 23771940

GENERACION: 97
Mejor Solucion:  54 40 84 76 93 87 21 2 33 65 55 80 35 25 62 64 99 47 83 15 67 27 49 31 18 28 92 5 12 13 72 89 51 90 63 75 37 11 61 29 96 77 57 38 20 94 10 98 14 42 43 26 52 48 53 95 81 41 70 17 22 32 1 78 50 82 34 97 9 0 3 39 44 30 73 86 6 24 8 7 23 85 68 56 45 60 88 46 71 4 59 16 36 74 69 58 91 19 79 66
Coste: 23771940

GENERACION: 98
Mejor Solucion:  54 40 84 76 93 87 21 2 33 65 55 80 35 25 62 64 99 47 83 15 67 27 49 31 18 28 92 5 12 13 72 89 51 90 63 75 37 11 61 29 96 77 57 38 20 94 10 98 14 42 43 26 52 48 53 95 81 41 70 17 22 32 1 78 50 82 34 97 9 0 3 39 44 30 73 86 6 24 8 7 23 85 68 56 45 60 88 46 71 4 59 16 36 74 69 58 91 19 79 66
Coste: 23771940

GENERACION: 99
Mejor Solucion:  54 40 84 76 93 87 21 2 33 65 55 80 35 25 62 64 99 47 83 15 67 27 49 31 18 28 92 5 12 13 72 89 51 90 63 75 37 11 61 29 96 77 57 38 20 94 10 98 14 42 43 26 52 48 53 95 81 41 70 17 22 32 1 78 50 82 34 97 9 0 3 39 44 30 73 86 6 24 8 7 23 85 68 56 45 60 88 46 71 4 59 16 36 74 69 58 91 19 79 66
Coste: 23771940

GENERACION: 100
Mejor Solucion:  54 40 84 76 93 87 21 2 33 65 55 80 35 25 62 64 99 47 83 15 67 27 49 31 18 28 92 5 12 13 72 89 51 90 63 75 37 11 61 29 96 77 57 38 20 94 10 98 14 42 43 26 52 48 53 95 81 41 70 17 22 32 1 78 50 82 34 97 9 0 3 39 44 30 73 86 6 24 8 7 23 85 68 56 45 60 88 46 71 4 59 16 36 74 69 58 91 19 79 66
Coste: 23771940

GENERACION: 101
Mejor Solucion:  54 40 84 76 93 87 21 2 33 65 55 80 35 25 62 64 99 47 83 15 67 27 49 31 18 28 92 5 12 13 72 89 51 90 63 75 37 11 61 29 96 77 57 38 20 94 10 98 14 42 43 26 52 48 53 95 81 41 70 17 22 32 1 78 50 82 34 97 9 0 3 39 44 30 73 86 6 24 8 7 23 85 68 56 45 60 88 46 71 4 59 16 36 74 69 58 91 19 79 66
Coste: 23771940

GENERACION: 102
Mejor Solucion:  54 40 84 76 93 87 21 2 33 65 55 80 35 25 62 64 99 47 83 15 67 27 49 31 18 28 92 5 12 13 72 89 51 90 63 75 37 11 61 29 96 77 57 38 20 94 10 98 14 42 43 26 52 48 53 95 81 41 70 17 22 32 1 78 50 82 34 97 9 0 3 39 44 30 73 86 6 24 8 7 23 85 68 56 45 60 88 46 71 4 59 16 36 74 69 58 91 19 79 66
Coste: 23771940

GENERACION: 103
Mejor Solucion:  54 40 84 76 93 87 21 2 33 65 55 80 35 25 62 64 99 47 83 15 67 27 49 31 18 28 92 5 12 13 72 89 51 90 63 75 37 11 61 29 96 77 57 38 20 94 10 98 14 42 43 26 52 48 53 95 81 41 70 17 22 32 1 78 50 82 34 97 9 0 3 39 44 30 73 86 6 24 8 7 23 85 68 56 45 60 88 46 71 4 59 16 36 74 69 58 91 19 79 66
Coste: 23771940

GENERACION: 104
Mejor Solucion:  54 40 84 76 93 87 21 2 33 65 55 80 35 25 62 64 99 47 83 15 67 27 49 31 18 28 92 5 12 13 72 89 51 90 63 75 37 11 61 29 96 77 57 38 20 94 10 98 14 42 43 26 52 48 53 95 81 41 70 17 22 32 1 78 50 82 34 97 9 0 3 39 44 30 73 86 6 24 8 7 23 85 68 56 45 60 88 46 71 4 59 16 36 74 69 58 91 19 79 66
Coste: 23771940

GENERACION: 105
Mejor Solucion:  54 40 84 76 93 87 21 2 33 65 55 80 35 25 62 64 99 47 83 15 67 27 49 31 18 28 92 5 12 13 72 89 51 90 63 75 37 11 61 29 96 77 57 38 20 94 10 98 14 42 43 26 52 48 53 95 81 41 70 17 22 32 1 78 50 82 34 97 9 0 3 39 44 30 73 86 6 24 8 7 23 85 68 56 45 60 88 46 71 4 59 16 36 74 69 58 91 19 79 66
Coste: 23771940

GENERACION: 106
Mejor Solucion:  54 40 84 76 93 87 21 2 33 65 55 80 35 25 62 64 99 47 83 15 67 27 49 31 18 28 92 5 12 13 72 89 51 90 63 75 37 11 61 29 96 77 57 38 20 94 10 98 14 42 43 26 52 48 53 95 81 41 70 17 22 32 1 78 50 82 34 97 9 0 3 39 44 30 73 86 6 24 8 7 23 85 68 56 45 60 88 46 71 4 59 16 36 74 69 58 91 19 79 66
Coste: 23771940

GENERACION: 107
Mejor Solucion:  54 40 84 76 93 87 21 2 33 65 55 80 35 25 62 64 99 47 83 15 67 27 49 31 18 28 92 5 12 13 72 89 51 90 63 75 37 11 61 29 96 77 57 38 20 94 10 98 14 42 43 26 52 48 53 95 81 41 70 17 22 32 1 78 50 82 34 97 9 0 3 39 44 30 73 86 6 24 8 7 23 85 68 56 45 60 88 46 71 4 59 16 36 74 69 58 91 19 79 66
Coste: 23771940

GENERACION: 108
Mejor Solucion:  54 40 84 76 93 87 21 2 33 65 55 80 35 25 62 64 99 47 83 15 67 27 49 31 18 28 92 5 12 13 72 89 51 90 63 75 37 11 61 29 96 77 57 38 20 94 10 98 14 42 43 26 52 48 53 95 81 41 70 17 22 32 1 78 50 82 34 97 9 0 3 39 44 30 73 86 6 24 8 7 23 85 68 56 45 60 88 46 71 4 59 16 36 74 69 58 91 19 79 66
Coste: 23771940

GENERACION: 109
Mejor Solucion:  54 40 84 76 93 87 21 2 33 65 55 80 35 25 62 64 99 47 83 15 67 27 49 31 18 28 92 5 12 13 72 89 51 90 63 75 37 11 61 29 96 77 57 38 20 94 10 98 14 42 43 26 52 48 53 95 81 41 70 17 22 32 1 78 50 82 34 97 9 0 3 39 44 30 73 86 6 24 8 7 23 85 68 56 45 60 88 46 71 4 59 16 36 74 69 58 91 19 79 66
Coste: 23771940

GENERACION: 110
Mejor Solucion:  54 40 84 76 93 87 21 2 33 65 55 80 35 25 62 64 99 47 83 15 67 27 49 31 18 28 92 5 12 13 72 89 51 90 63 75 37 11 61 29 96 77 57 38 20 94 10 98 14 42 43 26 52 48 53 95 81 41 70 17 22 32 1 78 50 82 34 97 9 0 3 39 44 30 73 86 6 24 8 7 23 85 68 56 45 60 88 46 71 4 59 16 36 74 69 58 91 19 79 66
Coste: 23771940

GENERACION: 111
Mejor Solucion:  54 40 84 76 93 87 21 2 33 65 55 80 35 25 62 64 99 47 83 15 67 27 49 31 18 28 92 5 12 13 72 89 51 90 63 75 37 11 61 29 96 77 57 38 20 94 10 98 14 42 43 26 52 48 53 95 81 41 70 17 22 32 1 78 50 82 34 97 9 0 3 39 44 30 73 86 6 24 8 7 23 85 68 56 45 60 88 46 71 4 59 16 36 74 69 58 91 19 79 66
Coste: 23771940

GENERACION: 112
Mejor Solucion:  54 40 84 76 93 87 21 2 33 65 55 80 35 25 62 64 99 47 83 15 67 27 49 31 18 28 92 5 12 13 72 89 51 90 63 75 37 11 61 29 96 77 57 38 20 94 10 98 14 42 43 26 52 48 53 95 81 41 70 17 22 32 1 78 50 82 34 97 9 0 3 39 44 30 73 86 6 24 8 7 23 85 68 56 45 60 88 46 71 4 59 16 36 74 69 58 91 19 79 66
Coste: 23771940

GENERACION: 113
Mejor Solucion:  54 40 84 76 93 87 21 2 33 65 55 80 35 25 62 64 99 47 83 15 67 27 49 31 18 28 92 5 12 13 72 89 51 90 63 75 37 11 61 29 96 77 57 38 20 94 10 98 14 42 43 26 52 48 53 95 81 41 70 17 22 32 1 78 50 82 34 97 9 0 3 39 44 30 73 86 6 24 8 7 23 85 68 56 45 60 88 46 71 4 59 16 36 74 69 58 91 19 79 66
Coste: 23771940

GENERACION: 114
Mejor Solucion:  54 40 84 76 93 87 21 2 33 65 55 80 35 25 62 64 99 47 83 15 67 27 49 31 18 28 92 5 12 13 72 89 51 90 63 75 37 11 61 29 96 77 57 38 20 94 10 98 14 42 43 26 52 48 53 95 81 41 70 17 22 32 1 78 50 82 34 97 9 0 3 39 44 30 73 86 6 24 8 7 23 85 68 56 45 60 88 46 71 4 59 16 36 74 69 58 91 19 79 66
Coste: 23771940

GENERACION: 115
Mejor Solucion:  54 40 84 76 93 87 21 2 33 65 55 80 35 25 62 64 99 47 83 15 67 27 49 31 18 28 92 5 12 13 72 89 51 90 63 75 37 11 61 29 96 77 57 38 20 94 10 98 14 42 43 26 52 48 53 95 81 41 70 17 22 32 1 78 50 82 34 97 9 0 3 39 44 30 73 86 6 24 8 7 23 85 68 56 45 60 88 46 71 4 59 16 36 74 69 58 91 19 79 66
Coste: 23771940

GENERACION: 116
Mejor Solucion:  54 40 84 76 93 87 21 2 33 65 55 80 35 25 62 64 99 47 83 15 67 27 49 31 18 28 92 5 12 13 72 89 51 90 63 75 37 11 61 29 96 77 57 38 20 94 10 98 14 42 43 26 52 48 53 95 81 41 70 17 22 32 1 78 50 82 34 97 9 0 3 39 44 30 73 86 6 24 8 7 23 85 68 56 45 60 88 46 71 4 59 16 36 74 69 58 91 19 79 66
Coste: 23771940

GENERACION: 117
Mejor Solucion:  54 40 84 76 93 87 21 2 33 65 55 80 35 25 62 64 99 47 83 15 67 27 49 31 18 28 92 5 12 13 72 89 51 90 63 75 37 11 61 29 96 77 57 38 20 94 10 98 14 42 43 26 52 48 53 95 81 41 70 17 22 32 1 78 50 82 34 97 9 0 3 39 44 30 73 86 6 24 8 7 23 85 68 56 45 60 88 46 71 4 59 16 36 74 69 58 91 19 79 66
Coste: 23771940

GENERACION: 118
Mejor Solucion:  54 40 84 76 93 87 21 2 33 65 55 80 35 25 62 64 99 47 83 15 67 27 49 31 18 28 92 5 12 13 72 89 51 90 63 75 37 11 61 29 96 77 57 38 20 94 10 98 14 42 43 26 52 48 53 95 81 41 70 17 22 32 1 78 50 82 34 97 9 0 3 39 44 30 73 86 6 24 8 7 23 85 68 56 45 60 88 46 71 4 59 16 36 74 69 58 91 19 79 66
Coste: 23771940

GENERACION: 119
Mejor Solucion:  54 40 84 76 93 87 21 2 33 65 55 80 35 25 62 64 99 47 83 15 67 27 49 31 18 28 92 5 12 13 72 89 51 90 63 75 37 11 61 29 96 77 57 38 20 94 10 98 14 42 43 26 52 48 53 95 81 41 70 17 22 32 1 78 50 82 34 97 9 0 3 39 44 30 73 86 6 24 8 7 23 85 68 56 45 60 88 46 71 4 59 16 36 74 69 58 91 19 79 66
Coste: 23771940

GENERACION: 120
Mejor Solucion:  54 40 84 76 93 87 21 2 33 65 55 80 35 25 62 64 99 47 83 15 67 27 49 31 18 28 92 5 12 13 72 89 51 90 63 75 37 11 61 29 96 77 57 38 20 94 10 98 14 42 43 26 52 48 53 95 81 41 70 17 22 32 1 78 50 82 34 97 9 0 3 39 44 30 73 86 6 24 8 7 23 85 68 56 45 60 88 46 71 4 59 16 36 74 69 58 91 19 79 66
Coste: 23771940

GENERACION: 121
Mejor Solucion:  54 40 84 76 93 87 21 2 33 65 55 80 35 25 62 64 99 47 83 15 67 27 49 31 18 28 92 5 12 13 72 89 51 90 63 75 37 11 61 29 96 77 57 38 20 94 10 98 14 42 43 26 52 48 53 95 81 41 70 17 22 32 1 78 50 82 34 97 9 0 3 39 44 30 73 86 6 24 8 7 23 85 68 56 45 60 88 46 71 4 59 16 36 74 69 58 91 19 79 66
Coste: 23771940

GENERACION: 122
Mejor Solucion:  54 40 84 76 93 87 21 2 33 65 55 80 35 25 62 64 99 47 83 15 67 27 49 31 18 28 92 5 12 13 72 89 51 90 63 75 37 11 61 29 96 77 57 38 20 94 10 98 14 42 43 26 52 48 53 95 81 41 70 17 22 32 1 78 50 82 34 97 9 0 3 39 44 30 73 86 6 24 8 7 23 85 68 56 45 60 88 46 71 4 59 16 36 74 69 58 91 19 79 66
Coste: 23771940

GENERACION: 123
Mejor Solucion:  54 40 84 76 93 87 21 2 33 65 55 80 35 25 62 64 99 47 83 15 67 27 49 31 18 28 92 5 12 13 72 89 51 90 63 75 37 11 61 29 96 77 57 38 20 94 10 98 14 42 43 26 52 48 53 95 81 41 70 17 22 32 1 78 50 82 34 97 9 0 3 39 44 30 73 86 6 24 8 7 23 85 68 56 45 60 88 46 71 4 59 16 36 74 69 58 91 19 79 66
Coste: 23771940

GENERACION: 124
Mejor Solucion:  54 40 84 76 93 87 21 2 33 65 55 80 35 25 62 64 99 47 83 15 67 27 49 31 18 28 92 5 12 13 72 89 51 90 63 75 37 11 61 29 96 77 57 38 20 94 10 98 14 42 43 26 52 48 53 95 81 41 70 17 22 32 1 78 50 82 34 97 9 0 3 39 44 30 73 86 6 24 8 7 23 85 68 56 45 60 88 46 71 4 59 16 36 74 69 58 91 19 79 66
Coste: 23771940

GENERACION: 125
Mejor Solucion:  54 40 84 76 93 87 21 2 33 65 55 80 35 25 62 64 99 47 83 15 67 27 49 31 18 28 92 5 12 13 72 89 51 90 63 75 37 11 61 29 96 77 57 38 20 94 10 98 14 42 43 26 52 48 53 95 81 41 70 17 22 32 1 78 50 82 34 97 9 0 3 39 44 30 73 86 6 24 8 7 23 85 68 56 45 60 88 46 71 4 59 16 36 74 69 58 91 19 79 66
Coste: 23771940

GENERACION: 126
Mejor Solucion:  54 40 84 76 93 87 21 2 33 65 55 80 35 25 62 64 99 47 83 15 67 27 49 31 18 28 92 5 12 13 72 89 51 90 63 75 37 11 61 29 96 77 57 38 20 94 10 98 14 42 43 26 52 48 53 95 81 41 70 17 22 32 1 78 50 82 34 97 9 0 3 39 44 30 73 86 6 24 8 7 23 85 68 56 45 60 88 46 71 4 59 16 36 74 69 58 91 19 79 66
Coste: 23771940

GENERACION: 127
Mejor Solucion:  54 40 84 76 93 87 21 2 33 65 55 80 35 25 62 64 99 47 83 15 67 27 49 31 18 28 92 5 12 13 72 89 51 90 63 75 37 11 61 29 96 77 57 38 20 94 10 98 14 42 43 26 52 48 53 95 81 41 70 17 22 32 1 78 50 82 34 97 9 0 3 39 44 30 73 86 6 24 8 7 23 85 68 56 45 60 88 46 71 4 59 16 36 74 69 58 91 19 79 66
Coste: 23771940

GENERACION: 128
Mejor Solucion:  54 40 84 76 93 87 21 2 33 65 55 80 35 25 62 64 99 47 83 15 67 27 49 31 18 28 92 5 12 13 72 89 51 90 63 75 37 11 61 29 96 77 57 38 20 94 10 98 14 42 43 26 52 48 53 95 81 41 70 17 22 32 1 78 50 82 34 97 9 0 3 39 44 30 73 86 6 24 8 7 23 85 68 56 45 60 88 46 71 4 59 16 36 74 69 58 91 19 79 66
Coste: 23771940

GENERACION: 129
Mejor Solucion:  54 40 84 76 93 87 21 2 33 65 55 80 35 25 62 64 99 47 83 15 67 27 49 31 18 28 92 5 12 13 72 89 51 90 63 75 37 11 61 29 96 77 57 38 20 94 10 98 14 42 43 26 52 48 53 95 81 41 70 17 22 32 1 78 50 82 34 97 9 0 3 39 44 30 73 86 6 24 8 7 23 85 68 56 45 60 88 46 71 4 59 16 36 74 69 58 91 19 79 66
Coste: 23771940

GENERACION: 130
Mejor Solucion:  54 40 84 76 93 87 21 2 33 65 55 80 35 25 62 64 99 47 83 15 67 27 49 31 18 28 92 5 12 13 72 89 51 90 63 75 37 11 61 29 96 77 57 38 20 94 10 98 14 42 43 26 52 48 53 95 81 41 70 17 22 32 1 78 50 82 34 97 9 0 3 39 44 30 73 86 6 24 8 7 23 85 68 56 45 60 88 46 71 4 59 16 36 74 69 58 91 19 79 66
Coste: 23771940

