GENERACION: 1
Mejor Solucion:  118 122 32 83 131 113 90 14 8 17 98 99 141 59 42 55 20 79 66 58 143 53 140 26 7 56 50 61 119 23 18 37 21 4 3 35 108 78 34 46 15 117 85 84 77 64 139 95 63 12 81 44 148 109 45 132 147 5 10 135 16 97 137 149 93 76 124 142 49 110 114 70 65 60 103 92 111 133 105 33 2 121 129 38 72 134 75 104 120 48 68 40 57 27 126 145 62 25 115 144 1 127 80 39 123 73 54 0 87 89 106 19 9 88 125 28 69 71 128 13 11 94 74 96 24 86 52 100 130 29 112 101 138 146 102 116 6 22 82 41 47 31 36 107 136 67 30 43 51 91
Coste: 9657804

GENERACION: 2
Mejor Solucion:  118 122 32 83 131 113 90 14 8 17 98 99 141 59 42 55 20 79 66 58 143 53 140 26 7 56 50 61 119 23 18 37 21 4 3 35 108 78 34 46 15 117 85 84 77 64 139 95 63 12 81 44 148 109 45 132 147 5 10 135 16 97 137 149 93 76 124 142 49 110 114 70 65 60 103 92 111 133 105 33 2 121 129 38 72 134 75 104 120 48 68 40 57 27 126 145 62 25 115 144 1 127 80 39 123 73 54 0 87 89 106 19 9 88 125 28 69 71 128 13 11 94 74 96 24 86 52 100 130 29 112 101 138 146 102 116 6 22 82 41 47 31 36 107 136 67 30 43 51 91
Coste: 9657804

GENERACION: 3
Mejor Solucion:  118 122 32 83 131 113 90 14 8 17 98 99 141 59 42 55 20 79 66 58 143 53 140 26 7 56 50 61 119 23 18 37 21 4 3 35 108 78 34 46 15 117 85 84 77 64 139 95 63 12 81 44 148 109 45 132 147 5 10 135 16 97 137 149 93 76 124 142 49 110 114 70 65 60 103 92 111 133 105 33 2 121 129 38 72 134 75 104 120 48 68 40 57 27 126 145 62 25 115 144 1 127 80 39 123 73 54 0 87 89 106 19 9 88 125 28 69 71 128 13 11 94 74 96 24 86 52 100 130 29 112 101 138 146 102 116 6 22 82 41 47 31 36 107 136 67 30 43 51 91
Coste: 9657804

GENERACION: 4
Mejor Solucion:  23 131 139 14 71 76 78 96 46 117 83 25 106 51 35 121 82 33 64 145 55 22 144 110 100 31 30 13 59 12 72 133 49 1 149 36 65 34 11 128 8 10 126 43 38 37 0 101 2 118 3 102 123 21 57 52 58 54 105 124 79 41 7 19 115 86 66 93 39 53 91 67 75 60 103 42 135 32 20 143 63 16 129 77 18 134 108 104 120 142 68 40 45 26 138 94 17 140 56 147 84 127 80 109 122 73 5 89 74 136 48 81 9 88 125 28 69 148 92 95 114 116 87 15 24 113 132 137 130 29 112 61 85 146 44 99 97 27 62 6 47 90 111 107 98 70 50 4 119 141
Coste: 9650426

GENERACION: 5
Mejor Solucion:  23 131 105 40 3 143 78 17 46 128 83 148 106 51 35 121 82 33 53 56 55 22 144 110 100 31 141 115 59 12 72 133 4 1 149 36 65 34 11 117 136 10 126 43 89 6 0 101 5 118 71 109 123 21 57 52 58 54 139 124 79 114 7 19 13 86 66 93 39 64 91 67 92 60 103 42 135 32 20 76 63 16 129 77 18 134 95 104 120 142 68 14 45 26 138 94 96 2 145 147 84 127 75 102 122 73 140 38 74 37 48 81 9 88 125 28 69 25 80 108 41 116 87 15 24 113 132 137 130 29 112 61 85 146 44 99 97 27 62 119 47 90 111 107 98 70 50 49 8 30
Coste: 9641266

GENERACION: 6
Mejor Solucion:  23 131 105 40 3 143 78 17 46 128 83 148 106 51 35 121 82 33 53 56 55 22 144 110 100 31 141 115 59 12 72 133 4 1 149 36 65 34 11 117 136 10 126 43 89 6 0 101 5 118 71 109 123 21 57 52 58 54 139 124 79 114 7 19 13 86 66 93 39 64 91 67 92 60 103 42 135 32 20 76 63 16 129 77 18 134 95 104 120 142 68 14 45 26 138 94 96 2 145 147 84 127 75 102 122 73 140 38 74 37 48 81 9 88 125 28 69 25 80 108 41 116 87 15 24 113 132 137 130 29 112 61 85 146 44 99 97 27 62 119 47 90 111 107 98 70 50 49 8 30
Coste: 9641266

GENERACION: 7
Mejor Solucion:  23 131 105 40 3 143 78 17 46 128 83 148 106 51 35 121 82 33 53 56 55 22 144 110 100 31 141 115 59 12 72 133 4 1 149 36 65 34 11 117 136 10 126 43 89 6 0 101 5 118 71 109 123 21 57 52 58 54 139 124 79 114 7 19 13 86 66 93 39 64 91 67 92 60 103 42 135 32 20 76 63 16 129 77 18 134 95 104 120 142 68 14 45 26 138 94 96 2 145 147 84 127 75 102 122 73 140 38 74 37 48 81 9 88 125 28 69 25 80 108 41 116 87 15 24 113 132 137 130 29 112 61 85 146 44 99 97 27 62 119 47 90 111 107 98 70 50 49 8 30
Coste: 9641266

GENERACION: 8
Mejor Solucion:  23 131 105 40 3 143 78 17 46 128 83 148 106 51 35 121 82 33 53 56 55 22 144 110 100 31 141 115 59 12 72 133 4 1 149 36 65 34 11 117 136 10 126 43 89 6 0 101 5 118 71 109 123 21 57 52 58 54 139 124 79 114 7 19 13 86 66 93 39 64 91 67 92 60 103 42 135 32 20 76 63 16 129 77 18 134 95 104 120 142 68 14 45 26 138 94 96 2 145 147 84 127 75 102 122 73 140 38 74 37 48 81 9 88 125 28 69 25 80 108 41 116 87 15 24 113 132 137 130 29 112 61 85 146 44 99 97 27 62 119 47 90 111 107 98 70 50 49 8 30
Coste: 9641266

GENERACION: 9
Mejor Solucion:  23 131 105 40 3 143 78 17 46 128 83 148 106 51 35 121 82 33 53 56 55 22 144 110 100 31 141 115 59 12 72 133 4 1 149 36 65 34 11 117 136 10 126 43 89 6 0 101 5 118 71 109 123 21 57 52 58 54 139 124 79 114 7 19 13 86 66 93 39 64 91 67 92 60 103 42 135 32 20 76 63 16 129 77 18 134 95 104 120 142 68 14 45 26 138 94 96 2 145 147 84 127 75 102 122 73 140 38 74 37 48 81 9 88 125 28 69 25 80 108 41 116 87 15 24 113 132 137 130 29 112 61 85 146 44 99 97 27 62 119 47 90 111 107 98 70 50 49 8 30
Coste: 9641266

GENERACION: 10
Mejor Solucion:  23 131 105 40 3 143 78 17 46 128 83 148 106 51 35 121 82 33 53 56 55 22 144 110 100 31 141 115 59 12 72 133 4 1 149 36 65 34 11 117 136 10 126 43 89 6 0 101 5 118 71 109 123 21 57 52 58 54 139 124 79 114 7 19 13 86 66 93 39 64 91 67 92 60 103 42 135 32 20 76 63 16 129 77 18 134 95 104 120 142 68 14 45 26 138 94 96 2 145 147 84 127 75 102 122 73 140 38 74 37 48 81 9 88 125 28 69 25 80 108 41 116 87 15 24 113 132 137 130 29 112 61 85 146 44 99 97 27 62 119 47 90 111 107 98 70 50 49 8 30
Coste: 9641266

GENERACION: 11
Mejor Solucion:  23 131 105 40 3 143 78 17 46 128 83 148 106 51 35 121 82 33 53 56 55 22 144 110 100 31 141 115 59 12 72 133 4 1 149 36 65 34 11 117 136 10 126 43 89 6 0 101 5 118 71 109 123 21 57 52 58 54 139 124 79 114 7 19 13 86 66 93 39 64 91 67 92 60 103 42 135 32 20 76 63 16 129 77 18 134 95 104 120 142 68 14 45 26 138 94 96 2 145 147 84 127 75 102 122 73 140 38 74 37 48 81 9 88 125 28 69 25 80 108 41 116 87 15 24 113 132 137 130 29 112 61 85 146 44 99 97 27 62 119 47 90 111 107 98 70 50 49 8 30
Coste: 9641266

GENERACION: 12
Mejor Solucion:  23 131 105 40 3 143 78 17 46 128 83 148 106 51 35 121 82 33 53 56 55 22 144 110 100 31 141 115 59 12 72 133 4 1 149 36 65 34 11 117 136 10 126 43 89 6 0 101 5 118 71 109 123 21 57 52 58 54 139 124 79 114 7 19 13 86 66 93 39 64 91 67 92 60 103 42 135 32 20 76 63 16 129 77 18 134 95 104 120 142 68 14 45 26 138 94 96 2 145 147 84 127 75 102 122 73 140 38 74 37 48 81 9 88 125 28 69 25 80 108 41 116 87 15 24 113 132 137 130 29 112 61 85 146 44 99 97 27 62 119 47 90 111 107 98 70 50 49 8 30
Coste: 9641266

GENERACION: 13
Mejor Solucion:  23 131 105 40 3 143 78 17 46 128 83 148 106 51 35 121 82 33 53 56 55 22 144 110 100 31 141 115 59 12 72 133 4 1 149 36 65 34 11 117 136 10 126 43 89 6 0 101 5 118 71 109 123 21 57 52 58 54 139 124 79 114 7 19 13 86 66 93 39 64 91 67 92 60 103 42 135 32 20 76 63 16 129 77 18 134 95 104 120 142 68 14 45 26 138 94 96 2 145 147 84 127 75 102 122 73 140 38 74 37 48 81 9 88 125 28 69 25 80 108 41 116 87 15 24 113 132 137 130 29 112 61 85 146 44 99 97 27 62 119 47 90 111 107 98 70 50 49 8 30
Coste: 9641266

GENERACION: 14
Mejor Solucion:  23 131 105 40 3 143 78 17 46 128 83 148 106 51 35 121 82 33 53 56 55 22 144 110 100 31 141 115 59 12 72 133 4 1 149 36 65 34 11 117 136 10 126 43 89 6 0 101 5 118 71 109 123 21 57 52 58 54 139 124 79 114 7 19 13 86 66 93 39 64 91 67 92 60 103 42 135 32 20 76 63 16 129 77 18 134 95 104 120 142 68 14 45 26 138 94 96 2 145 147 84 127 75 102 122 73 140 38 74 37 48 81 9 88 125 28 69 25 80 108 41 116 87 15 24 113 132 137 130 29 112 61 85 146 44 99 97 27 62 119 47 90 111 107 98 70 50 49 8 30
Coste: 9641266

GENERACION: 15
Mejor Solucion:  23 131 105 40 3 143 78 17 46 128 83 148 106 51 35 121 82 33 53 56 55 22 144 110 100 31 141 115 59 12 72 133 4 1 149 36 65 34 11 117 136 10 126 43 89 6 0 101 5 118 71 109 123 21 57 52 58 54 139 124 79 114 7 19 13 86 66 93 39 64 91 67 92 60 103 42 135 32 20 76 63 16 129 77 18 134 95 104 120 142 68 14 45 26 138 94 96 2 145 147 84 127 75 102 122 73 140 38 74 37 48 81 9 88 125 28 69 25 80 108 41 116 87 15 24 113 132 137 130 29 112 61 85 146 44 99 97 27 62 119 47 90 111 107 98 70 50 49 8 30
Coste: 9641266

GENERACION: 16
Mejor Solucion:  23 131 105 40 3 143 78 17 46 128 83 148 106 51 35 121 82 33 53 56 55 22 144 110 100 31 141 115 59 12 72 133 4 1 149 36 65 34 11 117 136 10 126 43 89 6 0 101 5 118 71 109 123 21 57 52 58 54 139 124 79 114 7 19 13 86 66 93 39 64 91 67 92 60 103 42 135 32 20 76 63 16 129 77 18 134 95 104 120 142 68 14 45 26 138 94 96 2 145 147 84 127 75 102 122 73 140 38 74 37 48 81 9 88 125 28 69 25 80 108 41 116 87 15 24 113 132 137 130 29 112 61 85 146 44 99 97 27 62 119 47 90 111 107 98 70 50 49 8 30
Coste: 9641266

GENERACION: 17
Mejor Solucion:  23 131 105 40 3 143 78 17 46 128 83 148 106 51 35 121 82 33 53 56 55 22 144 110 100 31 141 115 59 12 72 133 4 1 149 36 65 34 11 117 136 10 126 43 89 6 0 101 5 118 71 109 123 21 57 52 58 54 139 124 79 114 7 19 13 86 66 93 39 64 91 67 92 60 103 42 135 32 20 76 63 16 129 77 18 134 95 104 120 142 68 14 45 26 138 94 96 2 145 147 84 127 75 102 122 73 140 38 74 37 48 81 9 88 125 28 69 25 80 108 41 116 87 15 24 113 132 137 130 29 112 61 85 146 44 99 97 27 62 119 47 90 111 107 98 70 50 49 8 30
Coste: 9641266

GENERACION: 18
Mejor Solucion:  23 131 105 40 3 143 78 17 46 128 83 148 106 51 35 121 82 33 53 56 55 22 144 110 100 31 141 115 59 12 72 133 4 1 149 36 65 34 11 117 136 10 126 43 89 6 0 101 5 118 71 109 123 21 57 52 58 54 139 124 79 114 7 19 13 86 66 93 39 64 91 67 92 60 103 42 135 32 20 76 63 16 129 77 18 134 95 104 120 142 68 14 45 26 138 94 96 2 145 147 84 127 75 102 122 73 140 38 74 37 48 81 9 88 125 28 69 25 80 108 41 116 87 15 24 113 132 137 130 29 112 61 85 146 44 99 97 27 62 119 47 90 111 107 98 70 50 49 8 30
Coste: 9641266

GENERACION: 19
Mejor Solucion:  23 131 105 40 3 143 78 17 46 128 83 148 106 51 35 121 82 33 53 56 55 22 144 110 100 31 141 115 59 12 72 133 4 1 149 36 65 34 11 117 136 10 126 43 89 6 0 101 5 118 71 109 123 21 57 52 58 54 139 124 79 114 7 19 13 86 66 93 39 64 91 67 92 60 103 42 135 32 20 76 63 16 129 77 18 134 95 104 120 142 68 14 45 26 138 94 96 2 145 147 84 127 75 102 122 73 140 38 74 37 48 81 9 88 125 28 69 25 80 108 41 116 87 15 24 113 132 137 130 29 112 61 85 146 44 99 97 27 62 119 47 90 111 107 98 70 50 49 8 30
Coste: 9641266

GENERACION: 20
Mejor Solucion:  23 131 105 40 3 143 78 17 46 128 83 148 106 51 35 121 82 33 53 56 55 22 144 110 100 31 141 115 59 12 72 133 4 1 149 36 65 34 11 117 136 10 126 43 89 6 0 101 5 118 71 109 123 21 57 52 58 54 139 124 79 114 7 19 13 86 66 93 39 64 91 67 92 60 103 42 135 32 20 76 63 16 129 77 18 134 95 104 120 142 68 14 45 26 138 94 96 2 145 147 84 127 75 102 122 73 140 38 74 37 48 81 9 88 125 28 69 25 80 108 41 116 87 15 24 113 132 137 130 29 112 61 85 146 44 99 97 27 62 119 47 90 111 107 98 70 50 49 8 30
Coste: 9641266

GENERACION: 21
Mejor Solucion:  23 131 105 40 3 143 78 17 46 128 83 148 106 51 35 121 82 33 53 56 55 22 144 110 100 31 141 115 59 12 72 133 4 1 149 36 65 34 11 117 136 10 126 43 89 6 0 101 5 118 71 109 123 21 57 52 58 54 139 124 79 114 7 19 13 86 66 93 39 64 91 67 92 60 103 42 135 32 20 76 63 16 129 77 18 134 95 104 120 142 68 14 45 26 138 94 96 2 145 147 84 127 75 102 122 73 140 38 74 37 48 81 9 88 125 28 69 25 80 108 41 116 87 15 24 113 132 137 130 29 112 61 85 146 44 99 97 27 62 119 47 90 111 107 98 70 50 49 8 30
Coste: 9641266

GENERACION: 22
Mejor Solucion:  23 131 105 40 3 143 78 17 46 128 83 148 106 51 35 121 82 33 53 56 55 22 144 110 100 31 141 115 59 12 72 133 4 1 149 36 65 34 11 117 136 10 126 43 89 6 0 101 5 118 71 109 123 21 57 52 58 54 139 124 79 114 7 19 13 86 66 93 39 64 91 67 92 60 103 42 135 32 20 76 63 16 129 77 18 134 95 104 120 142 68 14 45 26 138 94 96 2 145 147 84 127 75 102 122 73 140 38 74 37 48 81 9 88 125 28 69 25 80 108 41 116 87 15 24 113 132 137 130 29 112 61 85 146 44 99 97 27 62 119 47 90 111 107 98 70 50 49 8 30
Coste: 9641266

GENERACION: 23
Mejor Solucion:  23 131 105 40 3 143 78 17 46 128 83 148 106 51 35 121 82 33 53 56 55 22 144 110 100 31 141 115 59 12 72 133 4 1 149 36 65 34 11 117 136 10 126 43 89 6 0 101 5 118 71 109 123 21 57 52 58 54 139 124 79 114 7 19 13 86 66 93 39 64 91 67 92 60 103 42 135 32 20 76 63 16 129 77 18 134 95 104 120 142 68 14 45 26 138 94 96 2 145 147 84 127 75 102 122 73 140 38 74 37 48 81 9 88 125 28 69 25 80 108 41 116 87 15 24 113 132 137 130 29 112 61 85 146 44 99 97 27 62 119 47 90 111 107 98 70 50 49 8 30
Coste: 9641266

GENERACION: 24
Mejor Solucion:  23 131 105 40 3 143 78 17 46 128 83 148 106 51 35 121 82 33 53 56 55 22 144 110 100 31 141 115 59 12 72 133 4 1 149 36 65 34 11 117 136 10 126 43 89 6 0 101 5 118 71 109 123 21 57 52 58 54 139 124 79 114 7 19 13 86 66 93 39 64 91 67 92 60 103 42 135 32 20 76 63 16 129 77 18 134 95 104 120 142 68 14 45 26 138 94 96 2 145 147 84 127 75 102 122 73 140 38 74 37 48 81 9 88 125 28 69 25 80 108 41 116 87 15 24 113 132 137 130 29 112 61 85 146 44 99 97 27 62 119 47 90 111 107 98 70 50 49 8 30
Coste: 9641266

GENERACION: 25
Mejor Solucion:  23 131 105 40 3 143 78 17 46 128 83 148 106 51 35 121 82 33 53 56 55 22 144 110 100 31 141 115 59 12 72 133 4 1 149 36 65 34 11 117 136 10 126 43 89 6 0 101 5 118 71 109 123 21 57 52 58 54 139 124 79 114 7 19 13 86 66 93 39 64 91 67 92 60 103 42 135 32 20 76 63 16 129 77 18 134 95 104 120 142 68 14 45 26 138 94 96 2 145 147 84 127 75 102 122 73 140 38 74 37 48 81 9 88 125 28 69 25 80 108 41 116 87 15 24 113 132 137 130 29 112 61 85 146 44 99 97 27 62 119 47 90 111 107 98 70 50 49 8 30
Coste: 9641266

GENERACION: 26
Mejor Solucion:  23 131 105 40 3 143 78 17 46 128 83 148 106 51 35 121 82 33 53 56 55 22 144 110 100 31 141 115 59 12 72 133 4 1 149 36 65 34 11 117 136 10 126 43 89 6 0 101 5 118 71 109 123 21 57 52 58 54 139 124 79 114 7 19 13 86 66 93 39 64 91 67 92 60 103 42 135 32 20 76 63 16 129 77 18 134 95 104 120 142 68 14 45 26 138 94 96 2 145 147 84 127 75 102 122 73 140 38 74 37 48 81 9 88 125 28 69 25 80 108 41 116 87 15 24 113 132 137 130 29 112 61 85 146 44 99 97 27 62 119 47 90 111 107 98 70 50 49 8 30
Coste: 9641266

GENERACION: 27
Mejor Solucion:  23 131 105 40 3 143 78 17 46 128 83 148 106 51 35 121 82 33 53 56 55 22 144 110 100 31 141 115 59 12 72 133 4 1 149 36 65 34 11 117 136 10 126 43 89 6 0 101 5 118 71 109 123 21 57 52 58 54 139 124 79 114 7 19 13 86 66 93 39 64 91 67 92 60 103 42 135 32 20 76 63 16 129 77 18 134 95 104 120 142 68 14 45 26 138 94 96 2 145 147 84 127 75 102 122 73 140 38 74 37 48 81 9 88 125 28 69 25 80 108 41 116 87 15 24 113 132 137 130 29 112 61 85 146 44 99 97 27 62 119 47 90 111 107 98 70 50 49 8 30
Coste: 9641266

GENERACION: 28
Mejor Solucion:  23 131 105 40 3 143 78 17 46 128 83 148 106 51 35 121 82 33 53 56 55 22 144 110 100 31 141 115 59 12 72 133 4 1 149 36 65 34 11 117 136 10 126 43 89 6 0 101 5 118 71 109 123 21 57 52 58 54 139 124 79 114 7 19 13 86 66 93 39 64 91 67 92 60 103 42 135 32 20 76 63 16 129 77 18 134 95 104 120 142 68 14 45 26 138 94 96 2 145 147 84 127 75 102 122 73 140 38 74 37 48 81 9 88 125 28 69 25 80 108 41 116 87 15 24 113 132 137 130 29 112 61 85 146 44 99 97 27 62 119 47 90 111 107 98 70 50 49 8 30
Coste: 9641266

GENERACION: 29
Mejor Solucion:  23 131 105 40 3 143 78 17 46 128 83 148 106 51 35 121 82 33 53 56 55 22 144 110 100 31 141 115 59 12 72 133 4 1 149 36 65 34 11 117 136 10 126 43 89 6 0 101 5 118 71 109 123 21 57 52 58 54 139 124 79 114 7 19 13 86 66 93 39 64 91 67 92 60 103 42 135 32 20 76 63 16 129 77 18 134 95 104 120 142 68 14 45 26 138 94 96 2 145 147 84 127 75 102 122 73 140 38 74 37 48 81 9 88 125 28 69 25 80 108 41 116 87 15 24 113 132 137 130 29 112 61 85 146 44 99 97 27 62 119 47 90 111 107 98 70 50 49 8 30
Coste: 9641266

GENERACION: 30
Mejor Solucion:  23 131 105 40 3 143 78 17 46 128 83 148 106 51 35 121 82 33 53 56 55 22 144 110 100 31 141 115 59 12 72 133 4 1 149 36 65 34 11 117 136 10 126 43 89 6 0 101 5 118 71 109 123 21 57 52 58 54 139 124 79 114 7 19 13 86 66 93 39 64 91 67 92 60 103 42 135 32 20 76 63 16 129 77 18 134 95 104 120 142 68 14 45 26 138 94 96 2 145 147 84 127 75 102 122 73 140 38 74 37 48 81 9 88 125 28 69 25 80 108 41 116 87 15 24 113 132 137 130 29 112 61 85 146 44 99 97 27 62 119 47 90 111 107 98 70 50 49 8 30
Coste: 9641266

GENERACION: 31
Mejor Solucion:  23 131 105 40 3 143 78 17 46 128 83 148 106 51 35 121 82 33 53 56 55 22 144 110 100 31 141 115 59 12 72 133 4 1 149 36 65 34 11 117 136 10 126 43 89 6 0 101 5 118 71 109 123 21 57 52 58 54 139 124 79 114 7 19 13 86 66 93 39 64 91 67 92 60 103 42 135 32 20 76 63 16 129 77 18 134 95 104 120 142 68 14 45 26 138 94 96 2 145 147 84 127 75 102 122 73 140 38 74 37 48 81 9 88 125 28 69 25 80 108 41 116 87 15 24 113 132 137 130 29 112 61 85 146 44 99 97 27 62 119 47 90 111 107 98 70 50 49 8 30
Coste: 9641266

GENERACION: 32
Mejor Solucion:  23 131 105 40 3 143 78 17 46 128 83 148 106 51 35 121 82 33 53 56 55 22 144 110 100 31 141 115 59 12 72 133 4 1 149 36 65 34 11 117 136 10 126 43 89 6 0 101 5 118 71 109 123 21 57 52 58 54 139 124 79 114 7 19 13 86 66 93 39 64 91 67 92 60 103 42 135 32 20 76 63 16 129 77 18 134 95 104 120 142 68 14 45 26 138 94 96 2 145 147 84 127 75 102 122 73 140 38 74 37 48 81 9 88 125 28 69 25 80 108 41 116 87 15 24 113 132 137 130 29 112 61 85 146 44 99 97 27 62 119 47 90 111 107 98 70 50 49 8 30
Coste: 9641266

GENERACION: 33
Mejor Solucion:  23 131 105 40 3 143 78 17 46 128 83 148 106 51 35 121 82 33 53 56 55 22 144 110 100 31 141 115 59 12 72 133 4 1 149 36 65 34 11 117 136 10 126 43 89 6 0 101 5 118 71 109 123 21 57 52 58 54 139 124 79 114 7 19 13 86 66 93 39 64 91 67 92 60 103 42 135 32 20 76 63 16 129 77 18 134 95 104 120 142 68 14 45 26 138 94 96 2 145 147 84 127 75 102 122 73 140 38 74 37 48 81 9 88 125 28 69 25 80 108 41 116 87 15 24 113 132 137 130 29 112 61 85 146 44 99 97 27 62 119 47 90 111 107 98 70 50 49 8 30
Coste: 9641266

GENERACION: 34
Mejor Solucion:  23 131 105 40 3 143 78 17 46 128 83 148 106 51 35 121 82 33 53 56 55 22 144 110 100 31 141 115 59 12 72 133 4 1 149 36 65 34 11 117 136 10 126 43 89 6 0 101 5 118 71 109 123 21 57 52 58 54 139 124 79 114 7 19 13 86 66 93 39 64 91 67 92 60 103 42 135 32 20 76 63 16 129 77 18 134 95 104 120 142 68 14 45 26 138 94 96 2 145 147 84 127 75 102 122 73 140 38 74 37 48 81 9 88 125 28 69 25 80 108 41 116 87 15 24 113 132 137 130 29 112 61 85 146 44 99 97 27 62 119 47 90 111 107 98 70 50 49 8 30
Coste: 9641266

GENERACION: 35
Mejor Solucion:  23 131 105 40 3 143 78 17 46 128 83 148 106 51 35 121 82 33 53 56 55 22 144 110 100 31 141 115 59 12 72 133 4 1 149 36 65 34 11 117 136 10 126 43 89 6 0 101 5 118 71 109 123 21 57 52 58 54 139 124 79 114 7 19 13 86 66 93 39 64 91 67 92 60 103 42 135 32 20 76 63 16 129 77 18 134 95 104 120 142 68 14 45 26 138 94 96 2 145 147 84 127 75 102 122 73 140 38 74 37 48 81 9 88 125 28 69 25 80 108 41 116 87 15 24 113 132 137 130 29 112 61 85 146 44 99 97 27 62 119 47 90 111 107 98 70 50 49 8 30
Coste: 9641266

GENERACION: 36
Mejor Solucion:  23 131 105 40 3 143 78 17 46 128 83 148 106 51 35 121 82 33 53 56 55 22 144 110 100 31 141 115 59 12 72 133 4 1 149 36 65 34 11 117 136 10 126 43 89 6 0 101 5 118 71 109 123 21 57 52 58 54 139 124 79 114 7 19 13 86 66 93 39 64 91 67 92 60 103 42 135 32 20 76 63 16 129 77 18 134 95 104 120 142 68 14 45 26 138 94 96 2 145 147 84 127 75 102 122 73 140 38 74 37 48 81 9 88 125 28 69 25 80 108 41 116 87 15 24 113 132 137 130 29 112 61 85 146 44 99 97 27 62 119 47 90 111 107 98 70 50 49 8 30
Coste: 9641266

GENERACION: 37
Mejor Solucion:  23 131 105 40 3 143 78 17 46 128 83 148 106 51 35 121 82 33 53 56 55 22 144 110 100 31 141 115 59 12 72 133 4 1 149 36 65 34 11 117 136 10 126 43 89 6 0 101 5 118 71 109 123 21 57 52 58 54 139 124 79 114 7 19 13 86 66 93 39 64 91 67 92 60 103 42 135 32 20 76 63 16 129 77 18 134 95 104 120 142 68 14 45 26 138 94 96 2 145 147 84 127 75 102 122 73 140 38 74 37 48 81 9 88 125 28 69 25 80 108 41 116 87 15 24 113 132 137 130 29 112 61 85 146 44 99 97 27 62 119 47 90 111 107 98 70 50 49 8 30
Coste: 9641266

GENERACION: 38
Mejor Solucion:  23 131 105 40 3 143 78 17 46 128 83 148 106 51 35 121 82 33 53 56 55 22 144 110 100 31 141 115 59 12 72 133 4 1 149 36 65 34 11 117 136 10 126 43 89 6 0 101 5 118 71 109 123 21 57 52 58 54 139 124 79 114 7 19 13 86 66 93 39 64 91 67 92 60 103 42 135 32 20 76 63 16 129 77 18 134 95 104 120 142 68 14 45 26 138 94 96 2 145 147 84 127 75 102 122 73 140 38 74 37 48 81 9 88 125 28 69 25 80 108 41 116 87 15 24 113 132 137 130 29 112 61 85 146 44 99 97 27 62 119 47 90 111 107 98 70 50 49 8 30
Coste: 9641266

GENERACION: 39
Mejor Solucion:  23 131 105 40 3 143 78 17 46 128 83 148 106 51 35 121 82 33 53 56 55 22 144 110 100 31 141 115 59 12 72 133 4 1 149 36 65 34 11 117 136 10 126 43 89 6 0 101 5 118 71 109 123 21 57 52 58 54 139 124 79 114 7 19 13 86 66 93 39 64 91 67 92 60 103 42 135 32 20 76 63 16 129 77 18 134 95 104 120 142 68 14 45 26 138 94 96 2 145 147 84 127 75 102 122 73 140 38 74 37 48 81 9 88 125 28 69 25 80 108 41 116 87 15 24 113 132 137 130 29 112 61 85 146 44 99 97 27 62 119 47 90 111 107 98 70 50 49 8 30
Coste: 9641266

GENERACION: 40
Mejor Solucion:  23 131 105 40 3 143 78 17 46 128 83 148 106 51 35 121 82 33 53 56 55 22 144 110 100 31 141 115 59 12 72 133 4 1 149 36 65 34 11 117 136 10 126 43 89 6 0 101 5 118 71 109 123 21 57 52 58 54 139 124 79 114 7 19 13 86 66 93 39 64 91 67 92 60 103 42 135 32 20 76 63 16 129 77 18 134 95 104 120 142 68 14 45 26 138 94 96 2 145 147 84 127 75 102 122 73 140 38 74 37 48 81 9 88 125 28 69 25 80 108 41 116 87 15 24 113 132 137 130 29 112 61 85 146 44 99 97 27 62 119 47 90 111 107 98 70 50 49 8 30
Coste: 9641266

GENERACION: 41
Mejor Solucion:  23 131 105 40 3 143 78 17 46 128 83 148 106 51 35 121 82 33 53 56 55 22 144 110 100 31 141 115 59 12 72 133 4 1 149 36 65 34 11 117 136 10 126 43 89 6 0 101 5 118 71 109 123 21 57 52 58 54 139 124 79 114 7 19 13 86 66 93 39 64 91 67 92 60 103 42 135 32 20 76 63 16 129 77 18 134 95 104 120 142 68 14 45 26 138 94 96 2 145 147 84 127 75 102 122 73 140 38 74 37 48 81 9 88 125 28 69 25 80 108 41 116 87 15 24 113 132 137 130 29 112 61 85 146 44 99 97 27 62 119 47 90 111 107 98 70 50 49 8 30
Coste: 9641266

GENERACION: 42
Mejor Solucion:  23 131 105 40 3 143 78 17 46 128 83 148 106 51 35 121 82 33 53 56 55 22 144 110 100 31 141 115 59 12 72 133 4 1 149 36 65 34 11 117 136 10 126 43 89 6 0 101 5 118 71 109 123 21 57 52 58 54 139 124 79 114 7 19 13 86 66 93 39 64 91 67 92 60 103 42 135 32 20 76 63 16 129 77 18 134 95 104 120 142 68 14 45 26 138 94 96 2 145 147 84 127 75 102 122 73 140 38 74 37 48 81 9 88 125 28 69 25 80 108 41 116 87 15 24 113 132 137 130 29 112 61 85 146 44 99 97 27 62 119 47 90 111 107 98 70 50 49 8 30
Coste: 9641266

GENERACION: 43
Mejor Solucion:  23 131 105 40 3 143 78 17 46 128 83 148 106 51 35 121 82 33 53 56 55 22 144 110 100 31 141 115 59 12 72 133 4 1 149 36 65 34 11 117 136 10 126 43 89 6 0 101 5 118 71 109 123 21 57 52 58 54 139 124 79 114 7 19 13 86 66 93 39 64 91 67 92 60 103 42 135 32 20 76 63 16 129 77 18 134 95 104 120 142 68 14 45 26 138 94 96 2 145 147 84 127 75 102 122 73 140 38 74 37 48 81 9 88 125 28 69 25 80 108 41 116 87 15 24 113 132 137 130 29 112 61 85 146 44 99 97 27 62 119 47 90 111 107 98 70 50 49 8 30
Coste: 9641266

GENERACION: 44
Mejor Solucion:  23 131 105 40 3 143 78 17 46 128 83 148 106 51 35 121 82 33 53 56 55 22 144 110 100 31 141 115 59 12 72 133 4 1 149 36 65 34 11 117 136 10 126 43 89 6 0 101 5 118 71 109 123 21 57 52 58 54 139 124 79 114 7 19 13 86 66 93 39 64 91 67 92 60 103 42 135 32 20 76 63 16 129 77 18 134 95 104 120 142 68 14 45 26 138 94 96 2 145 147 84 127 75 102 122 73 140 38 74 37 48 81 9 88 125 28 69 25 80 108 41 116 87 15 24 113 132 137 130 29 112 61 85 146 44 99 97 27 62 119 47 90 111 107 98 70 50 49 8 30
Coste: 9641266

GENERACION: 45
Mejor Solucion:  23 131 105 40 3 143 78 17 46 128 83 148 106 51 35 121 82 33 53 56 55 22 144 110 100 31 141 115 59 12 72 133 4 1 149 36 65 34 11 117 136 10 126 43 89 6 0 101 5 118 71 109 123 21 57 52 58 54 139 124 79 114 7 19 13 86 66 93 39 64 91 67 92 60 103 42 135 32 20 76 63 16 129 77 18 134 95 104 120 142 68 14 45 26 138 94 96 2 145 147 84 127 75 102 122 73 140 38 74 37 48 81 9 88 125 28 69 25 80 108 41 116 87 15 24 113 132 137 130 29 112 61 85 146 44 99 97 27 62 119 47 90 111 107 98 70 50 49 8 30
Coste: 9641266

GENERACION: 46
Mejor Solucion:  23 131 105 40 3 143 78 17 46 128 83 148 106 51 35 121 82 33 53 56 55 22 144 110 100 31 141 115 59 12 72 133 4 1 149 36 65 34 11 117 136 10 126 43 89 6 0 101 5 118 71 109 123 21 57 52 58 54 139 124 79 114 7 19 13 86 66 93 39 64 91 67 92 60 103 42 135 32 20 76 63 16 129 77 18 134 95 104 120 142 68 14 45 26 138 94 96 2 145 147 84 127 75 102 122 73 140 38 74 37 48 81 9 88 125 28 69 25 80 108 41 116 87 15 24 113 132 137 130 29 112 61 85 146 44 99 97 27 62 119 47 90 111 107 98 70 50 49 8 30
Coste: 9641266

GENERACION: 47
Mejor Solucion:  23 131 105 40 3 143 78 17 46 128 83 148 106 51 35 121 82 33 53 56 55 22 144 110 100 31 141 115 59 12 72 133 4 1 149 36 65 34 11 117 136 10 126 43 89 6 0 101 5 118 71 109 123 21 57 52 58 54 139 124 79 114 7 19 13 86 66 93 39 64 91 67 92 60 103 42 135 32 20 76 63 16 129 77 18 134 95 104 120 142 68 14 45 26 138 94 96 2 145 147 84 127 75 102 122 73 140 38 74 37 48 81 9 88 125 28 69 25 80 108 41 116 87 15 24 113 132 137 130 29 112 61 85 146 44 99 97 27 62 119 47 90 111 107 98 70 50 49 8 30
Coste: 9641266

GENERACION: 48
Mejor Solucion:  23 131 105 40 3 143 78 17 46 128 83 148 106 51 35 121 82 33 53 56 55 22 144 110 100 31 141 115 59 12 72 133 4 1 149 36 65 34 11 117 136 10 126 43 89 6 0 101 5 118 71 109 123 21 57 52 58 54 139 124 79 114 7 19 13 86 66 93 39 64 91 67 92 60 103 42 135 32 20 76 63 16 129 77 18 134 95 104 120 142 68 14 45 26 138 94 96 2 145 147 84 127 75 102 122 73 140 38 74 37 48 81 9 88 125 28 69 25 80 108 41 116 87 15 24 113 132 137 130 29 112 61 85 146 44 99 97 27 62 119 47 90 111 107 98 70 50 49 8 30
Coste: 9641266

GENERACION: 49
Mejor Solucion:  23 131 105 40 3 143 78 17 46 128 83 148 106 51 35 121 82 33 53 56 55 22 144 110 100 31 141 115 59 12 72 133 4 1 149 36 65 34 11 117 136 10 126 43 89 6 0 101 5 118 71 109 123 21 57 52 58 54 139 124 79 114 7 19 13 86 66 93 39 64 91 67 92 60 103 42 135 32 20 76 63 16 129 77 18 134 95 104 120 142 68 14 45 26 138 94 96 2 145 147 84 127 75 102 122 73 140 38 74 37 48 81 9 88 125 28 69 25 80 108 41 116 87 15 24 113 132 137 130 29 112 61 85 146 44 99 97 27 62 119 47 90 111 107 98 70 50 49 8 30
Coste: 9641266

GENERACION: 50
Mejor Solucion:  23 131 105 40 3 143 78 17 46 128 83 148 106 51 35 121 82 33 53 56 55 22 144 110 100 31 141 115 59 12 72 133 4 1 149 36 65 34 11 117 136 10 126 43 89 6 0 101 5 118 71 109 123 21 57 52 58 54 139 124 79 114 7 19 13 86 66 93 39 64 91 67 92 60 103 42 135 32 20 76 63 16 129 77 18 134 95 104 120 142 68 14 45 26 138 94 96 2 145 147 84 127 75 102 122 73 140 38 74 37 48 81 9 88 125 28 69 25 80 108 41 116 87 15 24 113 132 137 130 29 112 61 85 146 44 99 97 27 62 119 47 90 111 107 98 70 50 49 8 30
Coste: 9641266

GENERACION: 51
Mejor Solucion:  23 131 105 40 3 143 78 17 46 128 83 148 106 51 35 121 82 33 53 56 55 22 144 110 100 31 141 115 59 12 72 133 4 1 149 36 65 34 11 117 136 10 126 43 89 6 0 101 5 118 71 109 123 21 57 52 58 54 139 124 79 114 7 19 13 86 66 93 39 64 91 67 92 60 103 42 135 32 20 76 63 16 129 77 18 134 95 104 120 142 68 14 45 26 138 94 96 2 145 147 84 127 75 102 122 73 140 38 74 37 48 81 9 88 125 28 69 25 80 108 41 116 87 15 24 113 132 137 130 29 112 61 85 146 44 99 97 27 62 119 47 90 111 107 98 70 50 49 8 30
Coste: 9641266

GENERACION: 52
Mejor Solucion:  23 131 105 40 3 143 78 17 46 128 83 148 106 51 35 121 82 33 53 56 55 22 144 110 100 31 141 115 59 12 72 133 4 1 149 36 65 34 11 117 136 10 126 43 89 6 0 101 5 118 71 109 123 21 57 52 58 54 139 124 79 114 7 19 13 86 66 93 39 64 91 67 92 60 103 42 135 32 20 76 63 16 129 77 18 134 95 104 120 142 68 14 45 26 138 94 96 2 145 147 84 127 75 102 122 73 140 38 74 37 48 81 9 88 125 28 69 25 80 108 41 116 87 15 24 113 132 137 130 29 112 61 85 146 44 99 97 27 62 119 47 90 111 107 98 70 50 49 8 30
Coste: 9641266

GENERACION: 53
Mejor Solucion:  23 131 105 40 3 143 78 17 46 128 83 148 106 51 35 121 82 33 53 56 55 22 144 110 100 31 141 115 59 12 72 133 4 1 149 36 65 34 11 117 136 10 126 43 89 6 0 101 5 118 71 109 123 21 57 52 58 54 139 124 79 114 7 19 13 86 66 93 39 64 91 67 92 60 103 42 135 32 20 76 63 16 129 77 18 134 95 104 120 142 68 14 45 26 138 94 96 2 145 147 84 127 75 102 122 73 140 38 74 37 48 81 9 88 125 28 69 25 80 108 41 116 87 15 24 113 132 137 130 29 112 61 85 146 44 99 97 27 62 119 47 90 111 107 98 70 50 49 8 30
Coste: 9641266

GENERACION: 54
Mejor Solucion:  23 131 105 40 3 143 78 17 46 128 83 148 106 51 35 121 82 33 53 56 55 22 144 110 100 31 141 115 59 12 72 133 4 1 149 36 65 34 11 117 136 10 126 43 89 6 0 101 5 118 71 109 123 21 57 52 58 54 139 124 79 114 7 19 13 86 66 93 39 64 91 67 92 60 103 42 135 32 20 76 63 16 129 77 18 134 95 104 120 142 68 14 45 26 138 94 96 2 145 147 84 127 75 102 122 73 140 38 74 37 48 81 9 88 125 28 69 25 80 108 41 116 87 15 24 113 132 137 130 29 112 61 85 146 44 99 97 27 62 119 47 90 111 107 98 70 50 49 8 30
Coste: 9641266

GENERACION: 55
Mejor Solucion:  23 131 105 40 3 143 78 17 46 128 83 148 106 51 35 121 82 33 53 56 55 22 144 110 100 31 141 115 59 12 72 133 4 1 149 36 65 34 11 117 136 10 126 43 89 6 0 101 5 118 71 109 123 21 57 52 58 54 139 124 79 114 7 19 13 86 66 93 39 64 91 67 92 60 103 42 135 32 20 76 63 16 129 77 18 134 95 104 120 142 68 14 45 26 138 94 96 2 145 147 84 127 75 102 122 73 140 38 74 37 48 81 9 88 125 28 69 25 80 108 41 116 87 15 24 113 132 137 130 29 112 61 85 146 44 99 97 27 62 119 47 90 111 107 98 70 50 49 8 30
Coste: 9641266

GENERACION: 56
Mejor Solucion:  23 131 105 40 3 143 78 17 46 128 83 148 106 51 35 121 82 33 53 56 55 22 144 110 100 31 141 115 59 12 72 133 4 1 149 36 65 34 11 117 136 10 126 43 89 6 0 101 5 118 71 109 123 21 57 52 58 54 139 124 79 114 7 19 13 86 66 93 39 64 91 67 92 60 103 42 135 32 20 76 63 16 129 77 18 134 95 104 120 142 68 14 45 26 138 94 96 2 145 147 84 127 75 102 122 73 140 38 74 37 48 81 9 88 125 28 69 25 80 108 41 116 87 15 24 113 132 137 130 29 112 61 85 146 44 99 97 27 62 119 47 90 111 107 98 70 50 49 8 30
Coste: 9641266

GENERACION: 57
Mejor Solucion:  23 131 105 40 3 143 78 17 46 128 83 148 106 51 35 121 82 33 53 56 55 22 144 110 100 31 141 115 59 12 72 133 4 1 149 36 65 34 11 117 136 10 126 43 89 6 0 101 5 118 71 109 123 21 57 52 58 54 139 124 79 114 7 19 13 86 66 93 39 64 91 67 92 60 103 42 135 32 20 76 63 16 129 77 18 134 95 104 120 142 68 14 45 26 138 94 96 2 145 147 84 127 75 102 122 73 140 38 74 37 48 81 9 88 125 28 69 25 80 108 41 116 87 15 24 113 132 137 130 29 112 61 85 146 44 99 97 27 62 119 47 90 111 107 98 70 50 49 8 30
Coste: 9641266

GENERACION: 58
Mejor Solucion:  23 131 105 40 3 143 78 17 46 128 83 148 106 51 35 121 82 33 53 56 55 22 144 110 100 31 141 115 59 12 72 133 4 1 149 36 65 34 11 117 136 10 126 43 89 6 0 101 5 118 71 109 123 21 57 52 58 54 139 124 79 114 7 19 13 86 66 93 39 64 91 67 92 60 103 42 135 32 20 76 63 16 129 77 18 134 95 104 120 142 68 14 45 26 138 94 96 2 145 147 84 127 75 102 122 73 140 38 74 37 48 81 9 88 125 28 69 25 80 108 41 116 87 15 24 113 132 137 130 29 112 61 85 146 44 99 97 27 62 119 47 90 111 107 98 70 50 49 8 30
Coste: 9641266

