GENERACION: 1
Mejor Solucion:  40 122 109 127 105 108 11 35 78 92 38 5 52 17 55 57 10 95 110 80 87 42 44 124 100 2 112 58 71 64 25 6 36 32 63 61 68 103 23 37 106 34 51 26 89 113 45 39 4 66 20 31 12 90 7 3 65 69 88 77 79 59 94 27 91 86 121 54 50 62 18 84 43 114 125 111 107 97 0 123 104 117 73 118 13 98 8 1 99 67 14 22 126 15 49 19 30 33 41 85 96 28 101 47 56 116 93 115 70 119 24 21 74 72 16 48 53 75 46 9 29 102 60 81 120 83 76 82
Coste: 266

GENERACION: 2
Mejor Solucion:  40 122 109 127 105 108 11 35 78 92 38 5 52 17 55 57 10 95 110 80 87 42 44 124 100 2 112 58 71 64 25 6 36 32 63 61 68 103 23 37 106 34 51 26 89 113 45 39 4 66 20 31 12 90 7 3 65 69 88 77 79 59 94 27 91 86 121 54 50 62 18 84 43 114 125 111 107 97 0 123 104 117 73 118 13 98 8 1 99 67 14 22 126 15 49 19 30 33 41 85 96 28 101 47 56 116 93 115 70 119 24 21 74 72 16 48 53 75 46 9 29 102 60 81 120 83 76 82
Coste: 266

GENERACION: 3
Mejor Solucion:  40 122 109 127 105 108 11 35 78 92 38 5 52 17 55 57 10 95 110 80 87 42 44 124 100 2 112 58 71 64 25 6 36 32 63 61 68 103 23 37 106 34 51 26 89 113 45 39 4 66 20 31 12 90 7 3 65 69 88 77 79 59 94 27 91 86 121 54 50 62 18 84 43 114 125 111 107 97 0 123 104 117 73 118 13 98 8 1 99 67 14 22 126 15 49 19 30 33 41 85 96 28 101 47 56 116 93 115 70 119 24 21 74 72 16 48 53 75 46 9 29 102 60 81 120 83 76 82
Coste: 266

GENERACION: 4
Mejor Solucion:  40 122 109 127 105 108 11 35 78 92 38 5 52 17 55 57 10 95 110 80 87 42 44 124 100 2 112 58 71 64 25 6 36 32 63 61 68 103 23 37 106 34 51 26 89 113 45 39 4 66 20 31 12 90 7 3 65 69 88 77 79 59 94 27 91 86 121 54 50 62 18 84 43 114 125 111 107 97 0 123 104 117 73 118 13 98 8 1 99 67 14 22 126 15 49 19 30 33 41 85 96 28 101 47 56 116 93 115 70 119 24 21 74 72 16 48 53 75 46 9 29 102 60 81 120 83 76 82
Coste: 266

GENERACION: 5
Mejor Solucion:  40 122 109 127 105 108 11 35 78 92 38 5 52 17 55 57 10 95 110 80 87 42 44 124 100 2 112 58 71 64 25 6 36 32 63 61 68 103 23 37 106 34 51 26 89 113 45 39 4 66 20 31 12 90 7 3 65 69 88 77 79 59 94 27 91 86 121 54 50 62 18 84 43 114 125 111 107 97 0 123 104 117 73 118 13 98 8 1 99 67 14 22 126 15 49 19 30 33 41 85 96 28 101 47 56 116 93 115 70 119 24 21 74 72 16 48 53 75 46 9 29 102 60 81 120 83 76 82
Coste: 266

GENERACION: 6
Mejor Solucion:  40 122 109 127 105 108 11 35 78 92 38 5 52 17 55 57 10 95 110 80 87 42 44 124 100 2 112 58 71 64 25 6 36 32 63 61 68 103 23 37 106 34 51 26 89 113 45 39 4 66 20 31 12 90 7 3 65 69 88 77 79 59 94 27 91 86 121 54 50 62 18 84 43 114 125 111 107 97 0 123 104 117 73 118 13 98 8 1 99 67 14 22 126 15 49 19 30 33 41 85 96 28 101 47 56 116 93 115 70 119 24 21 74 72 16 48 53 75 46 9 29 102 60 81 120 83 76 82
Coste: 266

GENERACION: 7
Mejor Solucion:  40 122 109 127 105 108 11 35 78 92 38 5 52 17 55 57 10 95 110 80 87 42 44 124 100 2 112 58 71 64 25 6 36 32 63 61 68 103 23 37 106 34 51 26 89 113 45 39 4 66 20 31 12 90 7 3 65 69 88 77 79 59 94 27 91 86 121 54 50 62 18 84 43 114 125 111 107 97 0 123 104 117 73 118 13 98 8 1 99 67 14 22 126 15 49 19 30 33 41 85 96 28 101 47 56 116 93 115 70 119 24 21 74 72 16 48 53 75 46 9 29 102 60 81 120 83 76 82
Coste: 266

GENERACION: 8
Mejor Solucion:  40 122 109 127 105 108 11 35 78 92 38 5 52 17 55 57 10 95 110 80 87 42 44 124 100 2 112 58 71 64 25 6 36 32 63 61 68 103 23 37 106 34 51 26 89 113 45 39 4 66 20 31 12 90 7 3 65 69 88 77 79 59 94 27 91 86 121 54 50 62 18 84 43 114 125 111 107 97 0 123 104 117 73 118 13 98 8 1 99 67 14 22 126 15 49 19 30 33 41 85 96 28 101 47 56 116 93 115 70 119 24 21 74 72 16 48 53 75 46 9 29 102 60 81 120 83 76 82
Coste: 266

GENERACION: 9
Mejor Solucion:  95 124 109 127 113 108 18 102 86 112 38 122 91 79 55 88 0 66 78 80 6 83 44 4 64 77 73 111 25 63 11 72 45 32 9 61 28 103 50 37 106 36 51 121 89 116 94 39 65 97 20 31 12 90 7 3 15 1 40 68 21 100 98 8 115 67 85 54 23 120 119 48 114 16 125 59 69 33 107 123 43 96 74 57 19 34 13 10 99 47 14 22 126 2 49 117 27 93 41 5 30 52 101 110 56 105 118 62 70 87 24 92 17 60 104 84 53 75 46 81 29 35 71 58 26 42 76 82
Coste: 258

GENERACION: 10
Mejor Solucion:  95 124 109 127 113 108 18 102 86 112 38 122 91 79 55 88 0 66 78 80 6 83 44 4 64 77 73 111 25 63 11 72 45 32 9 61 28 103 50 37 106 36 51 121 89 116 94 39 65 97 20 31 12 90 7 3 15 1 40 68 21 100 98 8 115 67 85 54 23 120 119 48 114 16 125 59 69 33 107 123 43 96 74 57 19 34 13 10 99 47 14 22 126 2 49 117 27 93 41 5 30 52 101 110 56 105 118 62 70 87 24 92 17 60 104 84 53 75 46 81 29 35 71 58 26 42 76 82
Coste: 258

GENERACION: 11
Mejor Solucion:  95 124 109 127 113 108 18 102 86 112 38 122 91 79 55 88 0 66 78 80 6 83 44 4 64 77 73 111 25 63 11 72 45 32 9 61 28 103 50 37 106 36 51 121 89 116 94 39 65 97 20 31 12 90 7 3 15 1 40 68 21 100 98 8 115 67 85 54 23 120 119 48 114 16 125 59 69 33 107 123 43 96 74 57 19 34 13 10 99 47 14 22 126 2 49 117 27 93 41 5 30 52 101 110 56 105 118 62 70 87 24 92 17 60 104 84 53 75 46 81 29 35 71 58 26 42 76 82
Coste: 258

GENERACION: 12
Mejor Solucion:  118 58 79 125 105 108 11 88 85 92 38 65 22 17 55 35 44 95 110 80 18 42 24 124 82 15 112 122 84 64 71 6 36 51 0 3 94 113 50 37 106 77 1 57 89 103 45 121 87 66 74 31 12 90 19 61 104 32 40 69 78 100 98 8 23 67 29 54 115 120 119 39 114 16 127 59 68 33 107 123 43 96 10 91 81 34 28 20 99 47 14 13 126 93 49 117 27 2 41 5 30 52 101 4 56 97 75 26 70 86 63 109 73 72 48 25 53 116 46 9 21 102 60 7 62 83 76 111
Coste: 254

GENERACION: 13
Mejor Solucion:  118 58 79 125 105 108 11 88 85 92 38 65 22 17 55 35 44 95 110 80 18 42 24 124 82 15 112 122 84 64 71 6 36 51 0 3 94 113 50 37 106 77 1 57 89 103 45 121 87 66 74 31 12 90 19 61 104 32 40 69 78 100 98 8 23 67 29 54 115 120 119 39 114 16 127 59 68 33 107 123 43 96 10 91 81 34 28 20 99 47 14 13 126 93 49 117 27 2 41 5 30 52 101 4 56 97 75 26 70 86 63 109 73 72 48 25 53 116 46 9 21 102 60 7 62 83 76 111
Coste: 254

GENERACION: 14
Mejor Solucion:  118 58 79 50 116 108 11 88 85 98 38 65 22 17 55 84 44 95 110 19 21 42 24 124 82 15 30 122 35 64 71 6 36 51 0 3 94 113 125 37 106 101 1 57 89 103 45 121 87 66 74 31 12 90 80 61 104 32 40 69 78 100 92 8 23 67 29 54 115 16 119 120 114 39 127 59 68 33 107 47 43 96 10 91 81 34 28 20 99 123 14 13 25 93 49 117 27 2 41 5 112 52 77 4 56 97 75 26 70 86 63 109 73 72 48 126 53 105 46 9 18 102 60 7 62 83 76 111
Coste: 247

GENERACION: 15
Mejor Solucion:  118 58 79 50 116 108 11 88 85 98 38 65 22 17 55 84 44 95 110 19 21 42 24 124 82 15 30 122 35 64 71 6 36 51 0 3 94 113 125 37 106 101 1 57 89 103 45 121 87 66 74 31 12 90 80 61 104 32 40 69 78 100 92 8 23 67 29 54 115 16 119 120 114 39 127 59 68 33 107 47 43 96 10 91 81 34 28 20 99 123 14 13 25 93 49 117 27 2 41 5 112 52 77 4 56 97 75 26 70 86 63 109 73 72 48 126 53 105 46 9 18 102 60 7 62 83 76 111
Coste: 247

GENERACION: 16
Mejor Solucion:  118 58 79 50 116 108 11 88 85 98 38 65 22 17 55 84 44 95 110 19 21 42 24 124 82 15 30 122 35 64 71 6 36 51 0 3 94 113 125 37 106 101 1 57 89 103 45 121 87 66 74 31 12 90 80 61 104 32 40 69 78 100 92 8 23 67 29 54 115 16 119 120 114 39 127 59 68 33 107 47 43 96 10 91 81 34 28 20 99 123 14 13 25 93 49 117 27 2 41 5 112 52 77 4 56 97 75 26 70 86 63 109 73 72 48 126 53 105 46 9 18 102 60 7 62 83 76 111
Coste: 247

GENERACION: 17
Mejor Solucion:  118 58 79 50 116 108 11 88 85 98 38 65 22 17 55 84 44 95 110 19 21 42 24 124 82 15 30 122 35 64 71 6 36 51 0 3 94 113 125 37 106 101 1 57 89 103 45 121 87 66 74 31 12 90 80 61 104 32 40 69 78 100 92 8 23 67 29 54 115 16 119 120 114 39 127 59 68 33 107 47 43 96 10 91 81 34 28 20 99 123 14 13 25 93 49 117 27 2 41 5 112 52 77 4 56 97 75 26 70 86 63 109 73 72 48 126 53 105 46 9 18 102 60 7 62 83 76 111
Coste: 247

GENERACION: 18
Mejor Solucion:  118 58 79 50 116 108 11 88 85 98 38 65 22 17 55 84 44 95 110 19 21 42 24 124 82 15 30 122 35 64 71 6 36 51 0 3 94 113 125 37 106 101 1 57 89 103 45 121 87 66 74 31 12 90 80 61 104 32 40 69 78 100 92 8 23 67 29 54 115 16 119 120 114 39 127 59 68 33 107 47 43 96 10 91 81 34 28 20 99 123 14 13 25 93 49 117 27 2 41 5 112 52 77 4 56 97 75 26 70 86 63 109 73 72 48 126 53 105 46 9 18 102 60 7 62 83 76 111
Coste: 247

GENERACION: 19
Mejor Solucion:  118 58 79 50 116 108 11 88 85 98 38 65 22 17 55 84 44 95 110 19 21 42 24 124 82 15 30 122 35 64 71 6 36 51 0 3 94 113 125 37 106 101 1 57 89 103 45 121 87 66 74 31 12 90 80 61 104 32 40 69 78 100 92 8 23 67 29 54 115 16 119 120 114 39 127 59 68 33 107 47 43 96 10 91 81 34 28 20 99 123 14 13 25 93 49 117 27 2 41 5 112 52 77 4 56 97 75 26 70 86 63 109 73 72 48 126 53 105 46 9 18 102 60 7 62 83 76 111
Coste: 247

GENERACION: 20
Mejor Solucion:  118 58 79 50 116 108 11 88 85 98 38 65 22 17 55 84 44 95 110 19 21 42 24 124 82 15 30 122 35 64 71 6 36 51 0 3 94 113 125 37 106 101 1 57 89 103 45 121 87 66 74 31 12 90 80 61 104 32 40 69 78 100 92 8 23 67 29 54 115 16 119 120 114 39 127 59 68 33 107 47 43 96 10 91 81 34 28 20 99 123 14 13 25 93 49 117 27 2 41 5 112 52 77 4 56 97 75 26 70 86 63 109 73 72 48 126 53 105 46 9 18 102 60 7 62 83 76 111
Coste: 247

GENERACION: 21
Mejor Solucion:  118 58 79 50 116 108 11 88 85 98 38 65 22 17 55 84 44 95 110 19 21 42 24 124 82 15 30 122 35 64 71 6 36 51 0 3 94 113 125 37 106 101 1 57 89 103 45 121 87 66 74 31 12 90 80 61 104 32 40 69 78 100 92 8 23 67 29 54 115 16 119 120 114 39 127 59 68 33 107 47 43 96 10 91 81 34 28 20 99 123 14 13 25 93 49 117 27 2 41 5 112 52 77 4 56 97 75 26 70 86 63 109 73 72 48 126 53 105 46 9 18 102 60 7 62 83 76 111
Coste: 247

GENERACION: 22
Mejor Solucion:  118 58 79 50 116 108 11 88 85 98 38 65 22 17 55 84 44 95 110 19 21 42 24 124 82 15 30 122 35 64 71 6 36 51 0 3 94 113 125 37 106 101 1 57 89 103 45 121 87 66 74 31 12 90 80 61 104 32 40 69 78 100 92 8 23 67 29 54 115 16 119 120 114 39 127 59 68 33 107 47 43 96 10 91 81 34 28 20 99 123 14 13 25 93 49 117 27 2 41 5 112 52 77 4 56 97 75 26 70 86 63 109 73 72 48 126 53 105 46 9 18 102 60 7 62 83 76 111
Coste: 247

GENERACION: 23
Mejor Solucion:  118 58 79 50 116 108 11 88 85 98 38 65 22 17 55 84 44 95 110 19 21 42 24 124 82 15 30 122 35 64 71 6 36 51 0 3 94 113 125 37 106 101 1 57 89 103 45 121 87 66 74 31 12 90 80 61 104 32 40 69 78 100 92 8 23 67 29 54 115 16 119 120 114 39 127 59 68 33 107 47 43 96 10 91 81 34 28 20 99 123 14 13 25 93 49 117 27 2 41 5 112 52 77 4 56 97 75 26 70 86 63 109 73 72 48 126 53 105 46 9 18 102 60 7 62 83 76 111
Coste: 247

GENERACION: 24
Mejor Solucion:  118 58 79 50 116 108 11 88 85 98 38 65 22 17 55 84 44 95 110 19 21 42 24 124 82 15 30 122 35 64 71 6 36 51 0 3 94 113 125 37 106 101 1 57 89 103 45 121 87 66 74 31 12 90 80 61 104 32 40 69 78 100 92 8 23 67 29 54 115 16 119 120 114 39 127 59 68 33 107 47 43 96 10 91 81 34 28 20 99 123 14 13 25 93 49 117 27 2 41 5 112 52 77 4 56 97 75 26 70 86 63 109 73 72 48 126 53 105 46 9 18 102 60 7 62 83 76 111
Coste: 247

GENERACION: 25
Mejor Solucion:  118 58 79 50 116 108 11 88 85 98 38 65 22 17 55 84 44 95 110 19 21 42 24 124 82 15 30 122 35 64 71 6 36 51 0 3 94 113 125 37 106 101 1 57 89 103 45 121 87 66 74 31 12 90 80 61 104 32 40 69 78 100 92 8 23 67 29 54 115 16 119 120 114 39 127 59 68 33 107 47 43 96 10 91 81 34 28 20 99 123 14 13 25 93 49 117 27 2 41 5 112 52 77 4 56 97 75 26 70 86 63 109 73 72 48 126 53 105 46 9 18 102 60 7 62 83 76 111
Coste: 247

GENERACION: 26
Mejor Solucion:  118 58 79 50 116 108 11 88 85 98 38 65 22 17 55 84 44 95 110 19 21 42 24 124 82 15 30 122 35 64 71 6 36 51 0 3 94 113 125 37 106 101 1 57 89 103 45 121 87 66 74 31 12 90 80 61 104 32 40 69 78 100 92 8 23 67 29 54 115 16 119 120 114 39 127 59 68 33 107 47 43 96 10 91 81 34 28 20 99 123 14 13 25 93 49 117 27 2 41 5 112 52 77 4 56 97 75 26 70 86 63 109 73 72 48 126 53 105 46 9 18 102 60 7 62 83 76 111
Coste: 247

GENERACION: 27
Mejor Solucion:  118 58 79 50 116 108 11 88 85 98 38 65 22 17 55 84 44 95 110 19 21 42 24 124 82 15 30 122 35 64 71 6 36 51 0 3 94 113 125 37 106 101 1 57 89 103 45 121 87 66 74 31 12 90 80 61 104 32 40 69 78 100 92 8 23 67 29 54 115 16 119 120 114 39 127 59 68 33 107 47 43 96 10 91 81 34 28 20 99 123 14 13 25 93 49 117 27 2 41 5 112 52 77 4 56 97 75 26 70 86 63 109 73 72 48 126 53 105 46 9 18 102 60 7 62 83 76 111
Coste: 247

GENERACION: 28
Mejor Solucion:  118 58 79 50 116 108 11 88 85 98 38 65 22 17 55 84 44 95 110 19 21 42 24 124 82 15 30 122 35 64 71 6 36 51 0 3 94 113 125 37 106 101 1 57 89 103 45 121 87 66 74 31 12 90 80 61 104 32 40 69 78 100 92 8 23 67 29 54 115 16 119 120 114 39 127 59 68 33 107 47 43 96 10 91 81 34 28 20 99 123 14 13 25 93 49 117 27 2 41 5 112 52 77 4 56 97 75 26 70 86 63 109 73 72 48 126 53 105 46 9 18 102 60 7 62 83 76 111
Coste: 247

GENERACION: 29
Mejor Solucion:  118 58 79 50 116 108 11 88 85 98 38 65 22 17 55 84 44 95 110 19 21 42 24 124 82 15 30 122 35 64 71 6 36 51 0 3 94 113 125 37 106 101 1 57 89 103 45 121 87 66 74 31 12 90 80 61 104 32 40 69 78 100 92 8 23 67 29 54 115 16 119 120 114 39 127 59 68 33 107 47 43 96 10 91 81 34 28 20 99 123 14 13 25 93 49 117 27 2 41 5 112 52 77 4 56 97 75 26 70 86 63 109 73 72 48 126 53 105 46 9 18 102 60 7 62 83 76 111
Coste: 247

GENERACION: 30
Mejor Solucion:  118 58 79 50 116 108 11 88 85 98 38 65 22 17 55 84 44 95 110 19 21 42 24 124 82 15 30 122 35 64 71 6 36 51 0 3 94 113 125 37 106 101 1 57 89 103 45 121 87 66 74 31 12 90 80 61 104 32 40 69 78 100 92 8 23 67 29 54 115 16 119 120 114 39 127 59 68 33 107 47 43 96 10 91 81 34 28 20 99 123 14 13 25 93 49 117 27 2 41 5 112 52 77 4 56 97 75 26 70 86 63 109 73 72 48 126 53 105 46 9 18 102 60 7 62 83 76 111
Coste: 247

GENERACION: 31
Mejor Solucion:  118 58 79 50 116 108 11 88 85 98 38 65 22 17 55 84 44 95 110 19 21 42 24 124 82 15 30 122 35 64 71 6 36 51 0 3 94 113 125 37 106 101 1 57 89 103 45 121 87 66 74 31 12 90 80 61 104 32 40 69 78 100 92 8 23 67 29 54 115 16 119 120 114 39 127 59 68 33 107 47 43 96 10 91 81 34 28 20 99 123 14 13 25 93 49 117 27 2 41 5 112 52 77 4 56 97 75 26 70 86 63 109 73 72 48 126 53 105 46 9 18 102 60 7 62 83 76 111
Coste: 247

GENERACION: 32
Mejor Solucion:  118 58 79 50 116 108 11 88 85 98 38 65 22 17 55 84 44 95 110 19 21 42 24 124 82 15 30 122 35 64 71 6 36 51 0 3 94 113 125 37 106 101 1 57 89 103 45 121 87 66 74 31 12 90 80 61 104 32 40 69 78 100 92 8 23 67 29 54 115 16 119 120 114 39 127 59 68 33 107 47 43 96 10 91 81 34 28 20 99 123 14 13 25 93 49 117 27 2 41 5 112 52 77 4 56 97 75 26 70 86 63 109 73 72 48 126 53 105 46 9 18 102 60 7 62 83 76 111
Coste: 247

GENERACION: 33
Mejor Solucion:  118 58 79 50 116 108 11 88 85 98 38 65 22 17 55 84 44 95 110 19 21 42 24 124 82 15 30 122 35 64 71 6 36 51 0 3 94 113 125 37 106 101 1 57 89 103 45 121 87 66 74 31 12 90 80 61 104 32 40 69 78 100 92 8 23 67 29 54 115 16 119 120 114 39 127 59 68 33 107 47 43 96 10 91 81 34 28 20 99 123 14 13 25 93 49 117 27 2 41 5 112 52 77 4 56 97 75 26 70 86 63 109 73 72 48 126 53 105 46 9 18 102 60 7 62 83 76 111
Coste: 247

GENERACION: 34
Mejor Solucion:  118 58 79 50 116 108 11 88 85 98 38 65 22 17 55 84 44 95 110 19 21 42 24 124 82 15 30 122 35 64 71 6 36 51 0 3 94 113 125 37 106 101 1 57 89 103 45 121 87 66 74 31 12 90 80 61 104 32 40 69 78 100 92 8 23 67 29 54 115 16 119 120 114 39 127 59 68 33 107 47 43 96 10 91 81 34 28 20 99 123 14 13 25 93 49 117 27 2 41 5 112 52 77 4 56 97 75 26 70 86 63 109 73 72 48 126 53 105 46 9 18 102 60 7 62 83 76 111
Coste: 247

GENERACION: 35
Mejor Solucion:  118 58 79 50 116 108 11 88 85 98 38 65 22 17 55 84 44 95 110 19 21 42 24 124 82 15 30 122 35 64 71 6 36 51 0 3 94 113 125 37 106 101 1 57 89 103 45 121 87 66 74 31 12 90 80 61 104 32 40 69 78 100 92 8 23 67 29 54 115 16 119 120 114 39 127 59 68 33 107 47 43 96 10 91 81 34 28 20 99 123 14 13 25 93 49 117 27 2 41 5 112 52 77 4 56 97 75 26 70 86 63 109 73 72 48 126 53 105 46 9 18 102 60 7 62 83 76 111
Coste: 247

GENERACION: 36
Mejor Solucion:  118 58 79 50 116 108 11 88 85 98 38 65 22 17 55 84 44 95 110 19 21 42 24 124 82 15 30 122 35 64 71 6 36 51 0 3 94 113 125 37 106 101 1 57 89 103 45 121 87 66 74 31 12 90 80 61 104 32 40 69 78 100 92 8 23 67 29 54 115 16 119 120 114 39 127 59 68 33 107 47 43 96 10 91 81 34 28 20 99 123 14 13 25 93 49 117 27 2 41 5 112 52 77 4 56 97 75 26 70 86 63 109 73 72 48 126 53 105 46 9 18 102 60 7 62 83 76 111
Coste: 247

GENERACION: 37
Mejor Solucion:  118 58 79 50 116 108 11 88 85 98 38 65 22 17 55 84 44 95 110 19 21 42 24 124 82 15 30 122 35 64 71 6 36 51 0 3 94 113 125 37 106 101 1 57 89 103 45 121 87 66 74 31 12 90 80 61 104 32 40 69 78 100 92 8 23 67 29 54 115 16 119 120 114 39 127 59 68 33 107 47 43 96 10 91 81 34 28 20 99 123 14 13 25 93 49 117 27 2 41 5 112 52 77 4 56 97 75 26 70 86 63 109 73 72 48 126 53 105 46 9 18 102 60 7 62 83 76 111
Coste: 247

GENERACION: 38
Mejor Solucion:  118 58 79 50 116 108 11 88 85 98 38 65 22 17 55 84 44 95 110 19 21 42 24 124 82 15 30 122 35 64 71 6 36 51 0 3 94 113 125 37 106 101 1 57 89 103 45 121 87 66 74 31 12 90 80 61 104 32 40 69 78 100 92 8 23 67 29 54 115 16 119 120 114 39 127 59 68 33 107 47 43 96 10 91 81 34 28 20 99 123 14 13 25 93 49 117 27 2 41 5 112 52 77 4 56 97 75 26 70 86 63 109 73 72 48 126 53 105 46 9 18 102 60 7 62 83 76 111
Coste: 247

GENERACION: 39
Mejor Solucion:  118 58 79 50 116 108 11 88 85 98 38 65 22 17 55 84 44 95 110 19 21 42 24 124 82 15 30 122 35 64 71 6 36 51 0 3 94 113 125 37 106 101 1 57 89 103 45 121 87 66 74 31 12 90 80 61 104 32 40 69 78 100 92 8 23 67 29 54 115 16 119 120 114 39 127 59 68 33 107 47 43 96 10 91 81 34 28 20 99 123 14 13 25 93 49 117 27 2 41 5 112 52 77 4 56 97 75 26 70 86 63 109 73 72 48 126 53 105 46 9 18 102 60 7 62 83 76 111
Coste: 247

GENERACION: 40
Mejor Solucion:  118 58 79 50 116 108 11 88 85 98 38 65 22 17 55 84 44 95 110 19 21 42 24 124 82 15 30 122 35 64 71 6 36 51 0 3 94 113 125 37 106 101 1 57 89 103 45 121 87 66 74 31 12 90 80 61 104 32 40 69 78 100 92 8 23 67 29 54 115 16 119 120 114 39 127 59 68 33 107 47 43 96 10 91 81 34 28 20 99 123 14 13 25 93 49 117 27 2 41 5 112 52 77 4 56 97 75 26 70 86 63 109 73 72 48 126 53 105 46 9 18 102 60 7 62 83 76 111
Coste: 247

GENERACION: 41
Mejor Solucion:  118 58 79 50 116 108 11 88 85 98 38 65 22 17 55 84 44 95 110 19 21 42 24 124 82 15 30 122 35 64 71 6 36 51 0 3 94 113 125 37 106 101 1 57 89 103 45 121 87 66 74 31 12 90 80 61 104 32 40 69 78 100 92 8 23 67 29 54 115 16 119 120 114 39 127 59 68 33 107 47 43 96 10 91 81 34 28 20 99 123 14 13 25 93 49 117 27 2 41 5 112 52 77 4 56 97 75 26 70 86 63 109 73 72 48 126 53 105 46 9 18 102 60 7 62 83 76 111
Coste: 247

GENERACION: 42
Mejor Solucion:  118 58 79 50 116 108 11 88 85 98 38 65 22 17 55 84 44 95 110 19 21 42 24 124 82 15 30 122 35 64 71 6 36 51 0 3 94 113 125 37 106 101 1 57 89 103 45 121 87 66 74 31 12 90 80 61 104 32 40 69 78 100 92 8 23 67 29 54 115 16 119 120 114 39 127 59 68 33 107 47 43 96 10 91 81 34 28 20 99 123 14 13 25 93 49 117 27 2 41 5 112 52 77 4 56 97 75 26 70 86 63 109 73 72 48 126 53 105 46 9 18 102 60 7 62 83 76 111
Coste: 247

GENERACION: 43
Mejor Solucion:  118 58 79 50 116 108 11 88 85 98 38 65 22 17 55 84 44 95 110 19 21 42 24 124 82 15 30 122 35 64 71 6 36 51 0 3 94 113 125 37 106 101 1 57 89 103 45 121 87 66 74 31 12 90 80 61 104 32 40 69 78 100 92 8 23 67 29 54 115 16 119 120 114 39 127 59 68 33 107 47 43 96 10 91 81 34 28 20 99 123 14 13 25 93 49 117 27 2 41 5 112 52 77 4 56 97 75 26 70 86 63 109 73 72 48 126 53 105 46 9 18 102 60 7 62 83 76 111
Coste: 247

GENERACION: 44
Mejor Solucion:  118 58 79 50 116 108 11 88 85 98 38 65 22 17 55 84 44 95 110 19 21 42 24 124 82 15 30 122 35 64 71 6 36 51 0 3 94 113 125 37 106 101 1 57 89 103 45 121 87 66 74 31 12 90 80 61 104 32 40 69 78 100 92 8 23 67 29 54 115 16 119 120 114 39 127 59 68 33 107 47 43 96 10 91 81 34 28 20 99 123 14 13 25 93 49 117 27 2 41 5 112 52 77 4 56 97 75 26 70 86 63 109 73 72 48 126 53 105 46 9 18 102 60 7 62 83 76 111
Coste: 247

GENERACION: 45
Mejor Solucion:  118 58 79 50 116 108 11 88 85 98 38 65 22 17 55 84 44 95 110 19 21 42 24 124 82 15 30 122 35 64 71 6 36 51 0 3 94 113 125 37 106 101 1 57 89 103 45 121 87 66 74 31 12 90 80 61 104 32 40 69 78 100 92 8 23 67 29 54 115 16 119 120 114 39 127 59 68 33 107 47 43 96 10 91 81 34 28 20 99 123 14 13 25 93 49 117 27 2 41 5 112 52 77 4 56 97 75 26 70 86 63 109 73 72 48 126 53 105 46 9 18 102 60 7 62 83 76 111
Coste: 247

GENERACION: 46
Mejor Solucion:  118 58 79 50 116 108 11 88 85 98 38 65 22 17 55 84 44 95 110 19 21 42 24 124 82 15 30 122 35 64 71 6 36 51 0 3 94 113 125 37 106 101 1 57 89 103 45 121 87 66 74 31 12 90 80 61 104 32 40 69 78 100 92 8 23 67 29 54 115 16 119 120 114 39 127 59 68 33 107 47 43 96 10 91 81 34 28 20 99 123 14 13 25 93 49 117 27 2 41 5 112 52 77 4 56 97 75 26 70 86 63 109 73 72 48 126 53 105 46 9 18 102 60 7 62 83 76 111
Coste: 247

GENERACION: 47
Mejor Solucion:  118 58 79 50 116 108 11 88 85 98 38 65 22 17 55 84 44 95 110 19 21 42 24 124 82 15 30 122 35 64 71 6 36 51 0 3 94 113 125 37 106 101 1 57 89 103 45 121 87 66 74 31 12 90 80 61 104 32 40 69 78 100 92 8 23 67 29 54 115 16 119 120 114 39 127 59 68 33 107 47 43 96 10 91 81 34 28 20 99 123 14 13 25 93 49 117 27 2 41 5 112 52 77 4 56 97 75 26 70 86 63 109 73 72 48 126 53 105 46 9 18 102 60 7 62 83 76 111
Coste: 247

GENERACION: 48
Mejor Solucion:  118 58 79 50 116 108 11 88 85 98 38 65 22 17 55 84 44 95 110 19 21 42 24 124 82 15 30 122 35 64 71 6 36 51 0 3 94 113 125 37 106 101 1 57 89 103 45 121 87 66 74 31 12 90 80 61 104 32 40 69 78 100 92 8 23 67 29 54 115 16 119 120 114 39 127 59 68 33 107 47 43 96 10 91 81 34 28 20 99 123 14 13 25 93 49 117 27 2 41 5 112 52 77 4 56 97 75 26 70 86 63 109 73 72 48 126 53 105 46 9 18 102 60 7 62 83 76 111
Coste: 247

GENERACION: 49
Mejor Solucion:  118 58 79 50 116 108 11 88 85 98 38 65 22 17 55 84 44 95 110 19 21 42 24 124 82 15 30 122 35 64 71 6 36 51 0 3 94 113 125 37 106 101 1 57 89 103 45 121 87 66 74 31 12 90 80 61 104 32 40 69 78 100 92 8 23 67 29 54 115 16 119 120 114 39 127 59 68 33 107 47 43 96 10 91 81 34 28 20 99 123 14 13 25 93 49 117 27 2 41 5 112 52 77 4 56 97 75 26 70 86 63 109 73 72 48 126 53 105 46 9 18 102 60 7 62 83 76 111
Coste: 247

GENERACION: 50
Mejor Solucion:  118 58 79 50 116 108 11 88 85 98 38 65 22 17 55 84 44 95 110 19 21 42 24 124 82 15 30 122 35 64 71 6 36 51 0 3 94 113 125 37 106 101 1 57 89 103 45 121 87 66 74 31 12 90 80 61 104 32 40 69 78 100 92 8 23 67 29 54 115 16 119 120 114 39 127 59 68 33 107 47 43 96 10 91 81 34 28 20 99 123 14 13 25 93 49 117 27 2 41 5 112 52 77 4 56 97 75 26 70 86 63 109 73 72 48 126 53 105 46 9 18 102 60 7 62 83 76 111
Coste: 247

GENERACION: 51
Mejor Solucion:  118 58 79 50 116 108 11 88 85 98 38 65 22 17 55 84 44 95 110 19 21 42 24 124 82 15 30 122 35 64 71 6 36 51 0 3 94 113 125 37 106 101 1 57 89 103 45 121 87 66 74 31 12 90 80 61 104 32 40 69 78 100 92 8 23 67 29 54 115 16 119 120 114 39 127 59 68 33 107 47 43 96 10 91 81 34 28 20 99 123 14 13 25 93 49 117 27 2 41 5 112 52 77 4 56 97 75 26 70 86 63 109 73 72 48 126 53 105 46 9 18 102 60 7 62 83 76 111
Coste: 247

GENERACION: 52
Mejor Solucion:  118 58 79 50 116 108 11 88 85 98 38 65 22 17 55 84 44 95 110 19 21 42 24 124 82 15 30 122 35 64 71 6 36 51 0 3 94 113 125 37 106 101 1 57 89 103 45 121 87 66 74 31 12 90 80 61 104 32 40 69 78 100 92 8 23 67 29 54 115 16 119 120 114 39 127 59 68 33 107 47 43 96 10 91 81 34 28 20 99 123 14 13 25 93 49 117 27 2 41 5 112 52 77 4 56 97 75 26 70 86 63 109 73 72 48 126 53 105 46 9 18 102 60 7 62 83 76 111
Coste: 247

GENERACION: 53
Mejor Solucion:  118 58 79 50 116 108 11 88 85 98 38 65 22 17 55 84 44 95 110 19 21 42 24 124 82 15 30 122 35 64 71 6 36 51 0 3 94 113 125 37 106 101 1 57 89 103 45 121 87 66 74 31 12 90 80 61 104 32 40 69 78 100 92 8 23 67 29 54 115 16 119 120 114 39 127 59 68 33 107 47 43 96 10 91 81 34 28 20 99 123 14 13 25 93 49 117 27 2 41 5 112 52 77 4 56 97 75 26 70 86 63 109 73 72 48 126 53 105 46 9 18 102 60 7 62 83 76 111
Coste: 247

GENERACION: 54
Mejor Solucion:  118 58 79 50 116 108 11 88 85 98 38 65 22 17 55 84 44 95 110 19 21 42 24 124 82 15 30 122 35 64 71 6 36 51 0 3 94 113 125 37 106 101 1 57 89 103 45 121 87 66 74 31 12 90 80 61 104 32 40 69 78 100 92 8 23 67 29 54 115 16 119 120 114 39 127 59 68 33 107 47 43 96 10 91 81 34 28 20 99 123 14 13 25 93 49 117 27 2 41 5 112 52 77 4 56 97 75 26 70 86 63 109 73 72 48 126 53 105 46 9 18 102 60 7 62 83 76 111
Coste: 247

GENERACION: 55
Mejor Solucion:  118 58 79 50 116 108 11 88 85 98 38 65 22 17 55 84 44 95 110 19 21 42 24 124 82 15 30 122 35 64 71 6 36 51 0 3 94 113 125 37 106 101 1 57 89 103 45 121 87 66 74 31 12 90 80 61 104 32 40 69 78 100 92 8 23 67 29 54 115 16 119 120 114 39 127 59 68 33 107 47 43 96 10 91 81 34 28 20 99 123 14 13 25 93 49 117 27 2 41 5 112 52 77 4 56 97 75 26 70 86 63 109 73 72 48 126 53 105 46 9 18 102 60 7 62 83 76 111
Coste: 247

GENERACION: 56
Mejor Solucion:  118 58 79 50 116 108 11 88 85 98 38 65 22 17 55 84 44 95 110 19 21 42 24 124 82 15 30 122 35 64 71 6 36 51 0 3 94 113 125 37 106 101 1 57 89 103 45 121 87 66 74 31 12 90 80 61 104 32 40 69 78 100 92 8 23 67 29 54 115 16 119 120 114 39 127 59 68 33 107 47 43 96 10 91 81 34 28 20 99 123 14 13 25 93 49 117 27 2 41 5 112 52 77 4 56 97 75 26 70 86 63 109 73 72 48 126 53 105 46 9 18 102 60 7 62 83 76 111
Coste: 247

GENERACION: 57
Mejor Solucion:  118 58 79 50 116 108 11 88 85 98 38 65 22 17 55 84 44 95 110 19 21 42 24 124 82 15 30 122 35 64 71 6 36 51 0 3 94 113 125 37 106 101 1 57 89 103 45 121 87 66 74 31 12 90 80 61 104 32 40 69 78 100 92 8 23 67 29 54 115 16 119 120 114 39 127 59 68 33 107 47 43 96 10 91 81 34 28 20 99 123 14 13 25 93 49 117 27 2 41 5 112 52 77 4 56 97 75 26 70 86 63 109 73 72 48 126 53 105 46 9 18 102 60 7 62 83 76 111
Coste: 247

GENERACION: 58
Mejor Solucion:  118 58 79 50 116 108 11 88 85 98 38 65 22 17 55 84 44 95 110 19 21 42 24 124 82 15 30 122 35 64 71 6 36 51 0 3 94 113 125 37 106 101 1 57 89 103 45 121 87 66 74 31 12 90 80 61 104 32 40 69 78 100 92 8 23 67 29 54 115 16 119 120 114 39 127 59 68 33 107 47 43 96 10 91 81 34 28 20 99 123 14 13 25 93 49 117 27 2 41 5 112 52 77 4 56 97 75 26 70 86 63 109 73 72 48 126 53 105 46 9 18 102 60 7 62 83 76 111
Coste: 247

GENERACION: 59
Mejor Solucion:  118 58 79 50 116 108 11 88 85 98 38 65 22 17 55 84 44 95 110 19 21 42 24 124 82 15 30 122 35 64 71 6 36 51 0 3 94 113 125 37 106 101 1 57 89 103 45 121 87 66 74 31 12 90 80 61 104 32 40 69 78 100 92 8 23 67 29 54 115 16 119 120 114 39 127 59 68 33 107 47 43 96 10 91 81 34 28 20 99 123 14 13 25 93 49 117 27 2 41 5 112 52 77 4 56 97 75 26 70 86 63 109 73 72 48 126 53 105 46 9 18 102 60 7 62 83 76 111
Coste: 247

GENERACION: 60
Mejor Solucion:  118 58 79 50 116 108 11 88 85 98 38 65 22 17 55 84 44 95 110 19 21 42 24 124 82 15 30 122 35 64 71 6 36 51 0 3 94 113 125 37 106 101 1 57 89 103 45 121 87 66 74 31 12 90 80 61 104 32 40 69 78 100 92 8 23 67 29 54 115 16 119 120 114 39 127 59 68 33 107 47 43 96 10 91 81 34 28 20 99 123 14 13 25 93 49 117 27 2 41 5 112 52 77 4 56 97 75 26 70 86 63 109 73 72 48 126 53 105 46 9 18 102 60 7 62 83 76 111
Coste: 247

GENERACION: 61
Mejor Solucion:  111 58 2 38 116 108 50 88 85 98 11 18 25 21 55 84 44 5 110 19 123 42 24 124 29 15 30 122 35 64 37 6 41 51 0 3 94 113 125 71 106 101 1 57 39 103 45 121 79 66 68 31 12 90 80 61 104 32 40 69 78 100 92 8 23 67 82 54 115 16 119 120 114 89 127 59 74 33 107 47 43 96 10 91 62 34 28 20 99 72 14 13 22 93 49 117 27 97 109 95 112 52 77 4 70 87 75 26 56 86 65 36 73 17 48 118 53 105 102 9 63 46 60 7 81 83 76 126
Coste: 238

GENERACION: 62
Mejor Solucion:  111 58 2 38 116 108 50 88 85 98 11 18 25 21 55 84 44 5 110 19 123 42 24 124 29 15 30 122 35 64 37 6 41 51 0 3 94 113 125 71 106 101 1 57 39 103 45 121 79 66 68 31 12 90 80 61 104 32 40 69 78 100 92 8 23 67 82 54 115 16 119 120 114 89 127 59 74 33 107 47 43 96 10 91 62 34 28 20 99 72 14 13 22 93 49 117 27 97 109 95 112 52 77 4 70 87 75 26 56 86 65 36 73 17 48 118 53 105 102 9 63 46 60 7 81 83 76 126
Coste: 238

GENERACION: 63
Mejor Solucion:  111 58 2 38 116 108 50 88 85 98 11 18 25 21 55 84 44 5 110 19 123 42 24 124 29 15 30 122 35 64 37 6 41 51 0 3 94 113 125 71 106 101 1 57 39 103 45 121 79 66 68 31 12 90 80 61 104 32 40 69 78 100 92 8 23 67 82 54 115 16 119 120 114 89 127 59 74 33 107 47 43 96 10 91 62 34 28 20 99 72 14 13 22 93 49 117 27 97 109 95 112 52 77 4 70 87 75 26 56 86 65 36 73 17 48 118 53 105 102 9 63 46 60 7 81 83 76 126
Coste: 238

GENERACION: 64
Mejor Solucion:  111 58 2 38 116 108 50 88 85 98 11 18 25 21 55 84 44 5 110 19 123 42 24 124 29 15 30 122 35 64 37 6 41 51 0 3 94 113 125 71 106 101 1 57 39 103 45 121 79 66 68 31 12 90 80 61 104 32 40 69 78 100 92 8 23 67 82 54 115 16 119 120 114 89 127 59 74 33 107 47 43 96 10 91 62 34 28 20 99 72 14 13 22 93 49 117 27 97 109 95 112 52 77 4 70 87 75 26 56 86 65 36 73 17 48 118 53 105 102 9 63 46 60 7 81 83 76 126
Coste: 238

GENERACION: 65
Mejor Solucion:  111 58 2 38 116 108 50 88 85 98 11 18 25 21 55 84 44 5 110 19 123 42 24 124 29 15 30 122 35 64 37 6 41 51 0 3 94 113 125 71 106 101 1 57 39 103 45 121 79 66 68 31 12 90 80 61 104 32 40 69 78 100 92 8 23 67 82 54 115 16 119 120 114 89 127 59 74 33 107 47 43 96 10 91 62 34 28 20 99 72 14 13 22 93 49 117 27 97 109 95 112 52 77 4 70 87 75 26 56 86 65 36 73 17 48 118 53 105 102 9 63 46 60 7 81 83 76 126
Coste: 238

GENERACION: 66
Mejor Solucion:  111 58 79 6 116 108 50 29 85 98 11 18 25 21 55 42 44 70 110 51 35 84 24 124 99 15 30 122 104 64 37 38 41 19 0 3 94 113 125 71 106 101 1 57 109 53 45 121 2 66 68 31 12 90 80 73 127 32 40 69 78 100 92 117 81 67 82 10 115 16 119 120 114 89 123 59 74 33 107 47 43 61 54 91 62 34 65 20 88 72 14 13 22 93 49 8 27 97 39 95 112 52 77 4 5 87 75 36 56 86 28 26 96 17 48 118 103 105 102 9 63 46 60 7 23 83 76 126
Coste: 237

GENERACION: 67
Mejor Solucion:  111 58 79 6 116 108 50 29 85 98 11 18 25 21 55 42 44 70 110 51 35 84 24 124 99 15 30 122 104 64 37 38 41 19 0 3 94 113 125 71 106 101 1 57 109 53 45 121 2 66 68 31 12 90 80 73 127 32 40 69 78 100 92 117 81 67 82 10 115 16 119 120 114 89 123 59 74 33 107 47 43 61 54 91 62 34 65 20 88 72 14 13 22 93 49 8 27 97 39 95 112 52 77 4 5 87 75 36 56 86 28 26 96 17 48 118 103 105 102 9 63 46 60 7 23 83 76 126
Coste: 237

GENERACION: 68
Mejor Solucion:  111 58 79 6 116 108 50 29 85 98 11 18 25 21 55 42 44 70 110 51 35 84 24 124 99 15 30 122 104 64 37 38 41 19 0 3 94 113 125 71 106 101 1 57 109 53 45 121 2 66 68 31 12 90 80 73 127 32 40 69 78 100 92 117 81 67 82 10 115 16 119 120 114 89 123 59 74 33 107 47 43 61 54 91 62 34 65 20 88 72 14 13 22 93 49 8 27 97 39 95 112 52 77 4 5 87 75 36 56 86 28 26 96 17 48 118 103 105 102 9 63 46 60 7 23 83 76 126
Coste: 237

GENERACION: 69
Mejor Solucion:  111 58 79 6 116 108 50 29 85 98 11 18 25 21 55 42 44 70 110 51 35 84 24 124 99 15 30 122 104 64 37 38 41 19 0 3 94 113 125 71 106 101 1 57 109 53 45 121 2 66 68 31 12 90 80 73 127 32 40 69 78 100 92 117 81 67 82 10 115 16 119 120 114 89 123 59 74 33 107 47 43 61 54 91 62 34 65 20 88 72 14 13 22 93 49 8 27 97 39 95 112 52 77 4 5 87 75 36 56 86 28 26 96 17 48 118 103 105 102 9 63 46 60 7 23 83 76 126
Coste: 237

GENERACION: 70
Mejor Solucion:  111 58 79 6 116 108 50 29 85 98 11 18 25 21 55 42 44 70 110 51 35 84 24 124 99 15 30 122 104 64 37 38 41 19 0 3 94 113 125 71 106 101 1 57 109 53 45 121 2 66 68 31 12 90 80 73 127 32 40 69 78 100 92 117 81 67 82 10 115 16 119 120 114 89 123 59 74 33 107 47 43 61 54 91 62 34 65 20 88 72 14 13 22 93 49 8 27 97 39 95 112 52 77 4 5 87 75 36 56 86 28 26 96 17 48 118 103 105 102 9 63 46 60 7 23 83 76 126
Coste: 237

GENERACION: 71
Mejor Solucion:  111 58 79 6 116 108 50 29 85 98 11 18 25 21 55 42 44 70 110 51 35 84 24 124 99 15 30 122 104 64 37 38 41 19 0 3 94 113 125 71 106 101 1 57 109 53 45 121 2 66 68 31 12 90 80 73 127 32 40 69 78 100 92 117 81 67 82 10 115 16 119 120 114 89 123 59 74 33 107 47 43 61 54 91 62 34 65 20 88 72 14 13 22 93 49 8 27 97 39 95 112 52 77 4 5 87 75 36 56 86 28 26 96 17 48 118 103 105 102 9 63 46 60 7 23 83 76 126
Coste: 237

GENERACION: 72
Mejor Solucion:  111 58 79 6 116 108 50 29 85 98 11 18 25 21 55 42 44 70 110 51 35 84 24 124 99 15 30 122 104 64 37 38 41 19 0 3 94 113 125 71 106 101 1 57 109 53 45 121 2 66 68 31 12 90 80 73 127 32 40 69 78 100 92 117 81 67 82 10 115 16 119 120 114 89 123 59 74 33 107 47 43 61 54 91 62 34 65 20 88 72 14 13 22 93 49 8 27 97 39 95 112 52 77 4 5 87 75 36 56 86 28 26 96 17 48 118 103 105 102 9 63 46 60 7 23 83 76 126
Coste: 237

GENERACION: 73
Mejor Solucion:  111 58 79 6 116 108 50 29 85 98 11 18 25 21 55 42 44 70 110 51 35 84 24 124 99 15 30 122 104 64 37 38 41 19 0 3 94 113 125 71 106 101 1 57 109 53 45 121 2 66 68 31 12 90 80 73 127 32 40 69 78 100 92 117 81 67 82 10 115 16 119 120 114 89 123 59 74 33 107 47 43 61 54 91 62 34 65 20 88 72 14 13 22 93 49 8 27 97 39 95 112 52 77 4 5 87 75 36 56 86 28 26 96 17 48 118 103 105 102 9 63 46 60 7 23 83 76 126
Coste: 237

GENERACION: 74
Mejor Solucion:  111 58 79 6 116 108 50 29 85 98 11 18 25 21 55 42 44 70 110 51 35 84 24 124 99 15 30 122 104 64 37 38 41 19 0 3 94 113 125 71 106 101 1 57 109 53 45 121 2 66 68 31 12 90 80 73 127 32 40 69 78 100 92 117 81 67 82 10 115 16 119 120 114 89 123 59 74 33 107 47 43 61 54 91 62 34 65 20 88 72 14 13 22 93 49 8 27 97 39 95 112 52 77 4 5 87 75 36 56 86 28 26 96 17 48 118 103 105 102 9 63 46 60 7 23 83 76 126
Coste: 237

GENERACION: 75
Mejor Solucion:  111 58 79 6 116 108 50 29 85 98 11 18 25 21 55 42 44 70 110 51 35 84 24 124 99 15 30 122 104 64 37 38 41 19 0 3 94 113 125 71 106 101 1 57 109 53 45 121 2 66 68 31 12 90 80 73 127 32 40 69 78 100 92 117 81 67 82 10 115 16 119 120 114 89 123 59 74 33 107 47 43 61 54 91 62 34 65 20 88 72 14 13 22 93 49 8 27 97 39 95 112 52 77 4 5 87 75 36 56 86 28 26 96 17 48 118 103 105 102 9 63 46 60 7 23 83 76 126
Coste: 237

GENERACION: 76
Mejor Solucion:  111 58 79 6 116 108 50 29 85 98 11 18 25 21 55 42 44 70 110 51 35 84 24 124 99 15 30 122 104 64 37 38 41 19 0 3 94 113 125 71 106 101 1 57 109 53 45 121 2 66 68 31 12 90 80 73 127 32 40 69 78 100 92 117 81 67 82 10 115 16 119 120 114 89 123 59 74 33 107 47 43 61 54 91 62 34 65 20 88 72 14 13 22 93 49 8 27 97 39 95 112 52 77 4 5 87 75 36 56 86 28 26 96 17 48 118 103 105 102 9 63 46 60 7 23 83 76 126
Coste: 237

GENERACION: 77
Mejor Solucion:  111 58 79 6 116 108 50 29 85 98 11 18 25 21 55 42 44 70 110 51 35 84 24 124 99 15 30 122 104 64 37 38 41 19 0 3 94 113 125 71 106 101 1 57 109 53 45 121 2 66 68 31 12 90 80 73 127 32 40 69 78 100 92 117 81 67 82 10 115 16 119 120 114 89 123 59 74 33 107 47 43 61 54 91 62 34 65 20 88 72 14 13 22 93 49 8 27 97 39 95 112 52 77 4 5 87 75 36 56 86 28 26 96 17 48 118 103 105 102 9 63 46 60 7 23 83 76 126
Coste: 237

GENERACION: 78
Mejor Solucion:  111 58 79 6 116 108 50 29 85 98 11 18 25 21 55 42 44 70 110 51 35 84 24 124 99 15 30 122 104 64 37 38 41 19 0 3 94 113 125 71 106 101 1 57 109 53 45 121 2 66 68 31 12 90 80 73 127 32 40 69 78 100 92 117 81 67 82 10 115 16 119 120 114 89 123 59 74 33 107 47 43 61 54 91 62 34 65 20 88 72 14 13 22 93 49 8 27 97 39 95 112 52 77 4 5 87 75 36 56 86 28 26 96 17 48 118 103 105 102 9 63 46 60 7 23 83 76 126
Coste: 237

GENERACION: 79
Mejor Solucion:  111 58 79 6 116 108 50 29 85 98 11 18 25 21 55 42 44 70 110 51 35 84 24 124 99 15 30 122 104 64 37 38 41 19 0 3 94 113 125 71 106 101 1 57 109 53 45 121 2 66 68 31 12 90 80 73 127 32 40 69 78 100 92 117 81 67 82 10 115 16 119 120 114 89 123 59 74 33 107 47 43 61 54 91 62 34 65 20 88 72 14 13 22 93 49 8 27 97 39 95 112 52 77 4 5 87 75 36 56 86 28 26 96 17 48 118 103 105 102 9 63 46 60 7 23 83 76 126
Coste: 237

GENERACION: 80
Mejor Solucion:  111 58 79 6 116 108 50 29 85 98 11 18 25 21 55 42 44 70 110 51 35 84 24 124 99 15 30 122 104 64 37 38 41 19 0 3 94 113 125 71 106 101 1 57 109 53 45 121 2 66 68 31 12 90 80 73 127 32 40 69 78 100 92 117 81 67 82 10 115 16 119 120 114 89 123 59 74 33 107 47 43 61 54 91 62 34 65 20 88 72 14 13 22 93 49 8 27 97 39 95 112 52 77 4 5 87 75 36 56 86 28 26 96 17 48 118 103 105 102 9 63 46 60 7 23 83 76 126
Coste: 237

GENERACION: 81
Mejor Solucion:  111 58 79 6 116 108 50 29 85 98 11 18 25 21 55 42 44 70 110 51 35 84 24 124 99 15 30 122 104 64 37 38 41 19 0 3 94 113 125 71 106 101 1 57 109 53 45 121 2 66 68 31 12 90 80 73 127 32 40 69 78 100 92 117 81 67 82 10 115 16 119 120 114 89 123 59 74 33 107 47 43 61 54 91 62 34 65 20 88 72 14 13 22 93 49 8 27 97 39 95 112 52 77 4 5 87 75 36 56 86 28 26 96 17 48 118 103 105 102 9 63 46 60 7 23 83 76 126
Coste: 237

GENERACION: 82
Mejor Solucion:  111 58 79 6 116 108 50 29 85 98 11 18 25 21 55 42 44 70 110 51 35 84 24 124 99 15 30 122 104 64 37 38 41 19 0 3 94 113 125 71 106 101 1 57 109 53 45 121 2 66 68 31 12 90 80 73 127 32 40 69 78 100 92 117 81 67 82 10 115 16 119 120 114 89 123 59 74 33 107 47 43 61 54 91 62 34 65 20 88 72 14 13 22 93 49 8 27 97 39 95 112 52 77 4 5 87 75 36 56 86 28 26 96 17 48 118 103 105 102 9 63 46 60 7 23 83 76 126
Coste: 237

