GENERACION: 1
Mejor Solucion:  45 39 40 32 97 48 66 88 7 55 30 34 75 69 43 22 80 27 93 96 56 6 37 28 13 51 87 74 77 10 26 12 35 21 92 72 67 38 86 71 18 78 4 31 9 53 33 14 99 65 57 2 94 90 64 5 95 68 50 52 81 20 54 79 58 19 25 59 62 82 76 17 98 16 0 63 70 24 49 89 84 1 11 15 46 23 3 61 44 83 29 42 36 85 60 41 91 73 8 47
Coste: 1689197456

GENERACION: 2
Mejor Solucion:  45 39 40 32 97 48 66 88 7 55 30 34 75 69 43 22 80 27 93 96 56 6 37 28 13 51 87 74 77 10 26 12 35 21 92 72 67 38 86 71 18 78 4 31 9 53 33 14 99 65 57 2 94 90 64 5 95 68 50 52 81 20 54 79 58 19 25 59 62 82 76 17 98 16 0 63 70 24 49 89 84 1 11 15 46 23 3 61 44 83 29 42 36 85 60 41 91 73 8 47
Coste: 1689197456

GENERACION: 3
Mejor Solucion:  45 39 40 32 97 48 66 88 7 55 30 34 75 69 43 22 80 27 93 96 56 6 37 28 13 51 87 74 77 10 26 12 35 21 92 72 67 38 86 71 18 78 4 31 9 53 33 14 99 65 57 2 94 90 64 5 95 68 50 52 81 20 54 79 58 19 25 59 62 82 76 17 98 16 0 63 70 24 49 89 84 1 11 15 46 23 3 61 44 83 29 42 36 85 60 41 91 73 8 47
Coste: 1689197456

GENERACION: 4
Mejor Solucion:  45 39 40 32 97 48 66 88 7 55 30 34 75 69 43 22 80 27 93 96 56 6 37 28 13 51 87 74 77 10 26 12 35 21 92 72 67 38 86 71 18 78 4 31 9 53 33 14 99 65 57 2 94 90 64 5 95 68 50 52 81 20 54 79 58 19 25 59 62 82 76 17 98 16 0 63 70 24 49 89 84 1 11 15 46 23 3 61 44 83 29 42 36 85 60 41 91 73 8 47
Coste: 1689197456

GENERACION: 5
Mejor Solucion:  0 22 54 49 20 32 57 64 11 69 76 73 52 78 4 99 83 2 94 88 5 40 38 44 90 65 16 28 93 36 23 12 96 84 27 70 42 43 56 62 15 85 81 39 53 61 30 87 63 24 68 58 45 89 8 35 86 91 33 51 82 48 21 75 26 74 46 19 18 79 71 50 37 14 6 10 25 98 92 77 9 7 67 41 72 31 66 59 97 55 47 17 60 95 29 3 34 1 80 13
Coste: 1687177182

GENERACION: 6
Mejor Solucion:  0 22 54 49 20 32 57 64 11 69 76 73 52 78 4 99 83 2 94 88 5 40 38 44 90 65 16 28 93 36 23 12 96 84 27 70 42 43 56 62 15 85 81 39 53 61 30 87 63 24 68 58 45 89 8 35 86 91 33 51 82 48 21 75 26 74 46 19 18 79 71 50 37 14 6 10 25 98 92 77 9 7 67 41 72 31 66 59 97 55 47 17 60 95 29 3 34 1 80 13
Coste: 1687177182

GENERACION: 7
Mejor Solucion:  0 22 54 49 20 32 57 64 11 69 76 73 52 78 4 99 83 2 94 88 5 40 38 44 90 65 16 28 93 36 23 12 96 84 27 70 42 43 56 62 15 85 81 39 53 61 30 87 63 24 68 58 45 89 8 35 86 91 33 51 82 48 21 75 26 74 46 19 18 79 71 50 37 14 6 10 25 98 92 77 9 7 67 41 72 31 66 59 97 55 47 17 60 95 29 3 34 1 80 13
Coste: 1687177182

GENERACION: 8
Mejor Solucion:  0 22 54 49 20 32 57 64 11 69 76 73 52 78 4 99 83 2 94 88 5 40 38 44 90 65 16 28 93 36 23 12 96 84 27 70 42 43 56 62 15 85 81 39 53 61 30 87 63 24 68 58 45 89 8 35 86 91 33 51 82 48 21 75 26 74 46 19 18 79 71 50 37 14 6 10 25 98 92 77 9 7 67 41 72 31 66 59 97 55 47 17 60 95 29 3 34 1 80 13
Coste: 1687177182

GENERACION: 9
Mejor Solucion:  0 22 54 49 20 32 57 64 11 69 76 73 52 78 4 99 83 2 94 88 5 40 38 44 90 65 16 28 93 36 23 12 96 84 27 70 42 43 56 62 15 85 81 39 53 61 30 87 63 24 68 58 45 89 8 35 86 91 33 51 82 48 21 75 26 74 46 19 18 79 71 50 37 14 6 10 25 98 92 77 9 7 67 41 72 31 66 59 97 55 47 17 60 95 29 3 34 1 80 13
Coste: 1687177182

GENERACION: 10
Mejor Solucion:  0 22 54 49 20 32 57 64 11 69 76 73 52 78 4 99 83 2 94 88 5 40 38 44 90 65 16 28 93 36 23 12 96 84 27 70 42 43 56 62 15 85 81 39 53 61 30 87 63 24 68 58 45 89 8 35 86 91 33 51 82 48 21 75 26 74 46 19 18 79 71 50 37 14 6 10 25 98 92 77 9 7 67 41 72 31 66 59 97 55 47 17 60 95 29 3 34 1 80 13
Coste: 1687177182

GENERACION: 11
Mejor Solucion:  0 22 54 49 20 32 57 64 11 69 76 73 52 78 4 99 83 2 94 88 5 40 38 44 90 65 16 28 93 36 23 12 96 84 27 70 42 43 56 62 15 85 81 39 53 61 30 87 63 24 68 58 45 89 8 35 86 91 33 51 82 48 21 75 26 74 46 19 18 79 71 50 37 14 6 10 25 98 92 77 9 7 67 41 72 31 66 59 97 55 47 17 60 95 29 3 34 1 80 13
Coste: 1687177182

GENERACION: 12
Mejor Solucion:  0 22 54 49 20 32 57 64 11 69 76 73 52 78 4 99 83 2 94 88 5 40 38 44 90 65 16 28 93 36 23 12 96 84 27 70 42 43 56 62 15 85 81 39 53 61 30 87 63 24 68 58 45 89 8 35 86 91 33 51 82 48 21 75 26 74 46 19 18 79 71 50 37 14 6 10 25 98 92 77 9 7 67 41 72 31 66 59 97 55 47 17 60 95 29 3 34 1 80 13
Coste: 1687177182

GENERACION: 13
Mejor Solucion:  0 22 54 49 20 32 57 64 11 69 76 73 52 78 4 99 83 2 94 88 5 40 38 44 90 65 16 28 93 36 23 12 96 84 27 70 42 43 56 62 15 85 81 39 53 61 30 87 63 24 68 58 45 89 8 35 86 91 33 51 82 48 21 75 26 74 46 19 18 79 71 50 37 14 6 10 25 98 92 77 9 7 67 41 72 31 66 59 97 55 47 17 60 95 29 3 34 1 80 13
Coste: 1687177182

GENERACION: 14
Mejor Solucion:  0 22 54 49 20 32 57 64 11 69 76 73 52 78 4 99 83 2 94 88 5 40 38 44 90 65 16 28 93 36 23 12 96 84 27 70 42 43 56 62 15 85 81 39 53 61 30 87 63 24 68 58 45 89 8 35 86 91 33 51 82 48 21 75 26 74 46 19 18 79 71 50 37 14 6 10 25 98 92 77 9 7 67 41 72 31 66 59 97 55 47 17 60 95 29 3 34 1 80 13
Coste: 1687177182

GENERACION: 15
Mejor Solucion:  0 22 54 49 20 32 57 64 11 69 76 73 52 78 4 99 83 2 94 88 5 40 38 44 90 65 16 28 93 36 23 12 96 84 27 70 42 43 56 62 15 85 81 39 53 61 30 87 63 24 68 58 45 89 8 35 86 91 33 51 82 48 21 75 26 74 46 19 18 79 71 50 37 14 6 10 25 98 92 77 9 7 67 41 72 31 66 59 97 55 47 17 60 95 29 3 34 1 80 13
Coste: 1687177182

GENERACION: 16
Mejor Solucion:  0 22 54 49 20 32 57 64 11 69 76 73 52 78 4 99 83 2 94 88 5 40 38 44 90 65 16 28 93 36 23 12 96 84 27 70 42 43 56 62 15 85 81 39 53 61 30 87 63 24 68 58 45 89 8 35 86 91 33 51 82 48 21 75 26 74 46 19 18 79 71 50 37 14 6 10 25 98 92 77 9 7 67 41 72 31 66 59 97 55 47 17 60 95 29 3 34 1 80 13
Coste: 1687177182

GENERACION: 17
Mejor Solucion:  0 22 54 49 20 32 57 64 11 69 76 73 52 78 4 99 83 2 94 88 5 40 38 44 90 65 16 28 93 36 23 12 96 84 27 70 42 43 56 62 15 85 81 39 53 61 30 87 63 24 68 58 45 89 8 35 86 91 33 51 82 48 21 75 26 74 46 19 18 79 71 50 37 14 6 10 25 98 92 77 9 7 67 41 72 31 66 59 97 55 47 17 60 95 29 3 34 1 80 13
Coste: 1687177182

GENERACION: 18
Mejor Solucion:  0 22 54 49 20 32 57 64 11 69 76 73 52 78 4 99 83 2 94 88 5 40 38 44 90 65 16 28 93 36 23 12 96 84 27 70 42 43 56 62 15 85 81 39 53 61 30 87 63 24 68 58 45 89 8 35 86 91 33 51 82 48 21 75 26 74 46 19 18 79 71 50 37 14 6 10 25 98 92 77 9 7 67 41 72 31 66 59 97 55 47 17 60 95 29 3 34 1 80 13
Coste: 1687177182

GENERACION: 19
Mejor Solucion:  0 22 54 49 20 32 57 64 11 69 76 73 52 78 4 99 83 2 94 88 5 40 38 44 90 65 16 28 93 36 23 12 96 84 27 70 42 43 56 62 15 85 81 39 53 61 30 87 63 24 68 58 45 89 8 35 86 91 33 51 82 48 21 75 26 74 46 19 18 79 71 50 37 14 6 10 25 98 92 77 9 7 67 41 72 31 66 59 97 55 47 17 60 95 29 3 34 1 80 13
Coste: 1687177182

GENERACION: 20
Mejor Solucion:  69 5 28 63 9 85 36 88 98 92 2 94 43 55 40 38 27 64 25 16 44 93 57 70 86 61 0 29 19 66 96 84 17 23 42 78 91 35 15 46 75 39 76 89 60 87 50 90 68 13 21 74 8 62 51 53 33 24 14 48 72 73 71 81 37 59 20 18 79 32 41 6 82 56 65 30 83 77 45 3 47 31 97 67 95 7 34 1 80 58 22 54 49 4 26 12 11 10 52 99
Coste: 1656265439

GENERACION: 21
Mejor Solucion:  69 5 28 63 9 85 36 88 98 92 2 94 43 55 40 38 27 64 25 16 44 93 57 70 86 61 0 29 19 66 96 84 17 23 42 78 91 35 15 46 75 39 76 89 60 87 50 90 68 13 21 74 8 62 51 53 33 24 14 48 72 73 71 81 37 59 20 18 79 32 41 6 82 56 65 30 83 77 45 3 47 31 97 67 95 7 34 1 80 58 22 54 49 4 26 12 11 10 52 99
Coste: 1656265439

GENERACION: 22
Mejor Solucion:  69 5 28 63 9 85 36 88 98 92 2 94 43 55 40 38 27 64 25 16 44 93 57 70 86 61 0 29 19 66 96 84 17 23 42 78 91 35 15 46 75 39 76 89 60 87 50 90 68 13 21 74 8 62 51 53 33 24 14 48 72 73 71 81 37 59 20 18 79 32 41 6 82 56 65 30 83 77 45 3 47 31 97 67 95 7 34 1 80 58 22 54 49 4 26 12 11 10 52 99
Coste: 1656265439

GENERACION: 23
Mejor Solucion:  69 5 28 63 9 85 36 88 98 92 2 94 43 55 40 38 27 64 25 16 44 93 57 70 86 61 0 29 19 66 96 84 17 23 42 78 91 35 15 46 75 39 76 89 60 87 50 90 68 13 21 74 8 62 51 53 33 24 14 48 72 73 71 81 37 59 20 18 79 32 41 6 82 56 65 30 83 77 45 3 47 31 97 67 95 7 34 1 80 58 22 54 49 4 26 12 11 10 52 99
Coste: 1656265439

GENERACION: 24
Mejor Solucion:  69 5 28 63 9 85 36 88 98 92 2 94 43 55 40 38 27 64 25 16 44 93 57 70 86 61 0 29 19 66 96 84 17 23 42 78 91 35 15 46 75 39 76 89 60 87 50 90 68 13 21 74 8 62 51 53 33 24 14 48 72 73 71 81 37 59 20 18 79 32 41 6 82 56 65 30 83 77 45 3 47 31 97 67 95 7 34 1 80 58 22 54 49 4 26 12 11 10 52 99
Coste: 1656265439

GENERACION: 25
Mejor Solucion:  69 5 28 63 9 85 36 88 98 92 2 94 43 55 40 38 27 64 25 16 44 93 57 70 86 61 0 29 19 66 96 84 17 23 42 78 91 35 15 46 75 39 76 89 60 87 50 90 68 13 21 74 8 62 51 53 33 24 14 48 72 73 71 81 37 59 20 18 79 32 41 6 82 56 65 30 83 77 45 3 47 31 97 67 95 7 34 1 80 58 22 54 49 4 26 12 11 10 52 99
Coste: 1656265439

GENERACION: 26
Mejor Solucion:  69 5 28 63 9 85 36 88 98 92 2 94 43 55 40 38 27 64 25 16 44 93 57 70 86 61 0 29 19 66 96 84 17 23 42 78 91 35 15 46 75 39 76 89 60 87 50 90 68 13 21 74 8 62 51 53 33 24 14 48 72 73 71 81 37 59 20 18 79 32 41 6 82 56 65 30 83 77 45 3 47 31 97 67 95 7 34 1 80 58 22 54 49 4 26 12 11 10 52 99
Coste: 1656265439

GENERACION: 27
Mejor Solucion:  69 5 28 63 9 85 36 88 98 92 2 94 43 55 40 38 27 64 25 16 44 93 57 70 86 61 0 29 19 66 96 84 17 23 42 78 91 35 15 46 75 39 76 89 60 87 50 90 68 13 21 74 8 62 51 53 33 24 14 48 72 73 71 81 37 59 20 18 79 32 41 6 82 56 65 30 83 77 45 3 47 31 97 67 95 7 34 1 80 58 22 54 49 4 26 12 11 10 52 99
Coste: 1656265439

GENERACION: 28
Mejor Solucion:  69 5 28 63 9 85 36 88 98 92 2 94 43 55 40 38 27 64 25 16 44 93 57 70 86 61 0 29 19 66 96 84 17 23 42 78 91 35 15 46 75 39 76 89 60 87 50 90 68 13 21 74 8 62 51 53 33 24 14 48 72 73 71 81 37 59 20 18 79 32 41 6 82 56 65 30 83 77 45 3 47 31 97 67 95 7 34 1 80 58 22 54 49 4 26 12 11 10 52 99
Coste: 1656265439

GENERACION: 29
Mejor Solucion:  69 5 28 63 9 85 36 88 98 92 2 94 43 55 40 38 27 64 25 16 44 93 57 70 86 61 0 29 19 66 96 84 17 23 42 78 91 35 15 46 75 39 76 89 60 87 50 90 68 13 21 74 8 62 51 53 33 24 14 48 72 73 71 81 37 59 20 18 79 32 41 6 82 56 65 30 83 77 45 3 47 31 97 67 95 7 34 1 80 58 22 54 49 4 26 12 11 10 52 99
Coste: 1656265439

GENERACION: 30
Mejor Solucion:  69 5 28 63 9 85 36 88 98 92 2 94 43 55 40 38 27 64 25 16 44 93 57 70 86 61 0 29 19 66 96 84 17 23 42 78 91 35 15 46 75 39 76 89 60 87 50 90 68 13 21 74 8 62 51 53 33 24 14 48 72 73 71 81 37 59 20 18 79 32 41 6 82 56 65 30 83 77 45 3 47 31 97 67 95 7 34 1 80 58 22 54 49 4 26 12 11 10 52 99
Coste: 1656265439

GENERACION: 31
Mejor Solucion:  69 5 28 63 9 85 36 88 98 92 2 94 43 55 40 38 27 64 25 16 44 93 57 70 86 61 0 29 19 66 96 84 17 23 42 78 91 35 15 46 75 39 76 89 60 87 50 90 68 13 21 74 8 62 51 53 33 24 14 48 72 73 71 81 37 59 20 18 79 32 41 6 82 56 65 30 83 77 45 3 47 31 97 67 95 7 34 1 80 58 22 54 49 4 26 12 11 10 52 99
Coste: 1656265439

GENERACION: 32
Mejor Solucion:  69 5 28 63 9 85 36 88 98 92 2 94 43 55 40 38 27 64 25 16 44 93 57 70 86 61 0 29 19 66 96 84 17 23 42 78 91 35 15 46 75 39 76 89 60 87 50 90 68 13 21 74 8 62 51 53 33 24 14 48 72 73 71 81 37 59 20 18 79 32 41 6 82 56 65 30 83 77 45 3 47 31 97 67 95 7 34 1 80 58 22 54 49 4 26 12 11 10 52 99
Coste: 1656265439

GENERACION: 33
Mejor Solucion:  69 5 28 63 9 85 36 88 98 92 2 94 43 55 40 38 27 64 25 16 44 93 57 70 86 61 0 29 19 66 96 84 17 23 42 78 91 35 15 46 75 39 76 89 60 87 50 90 68 13 21 74 8 62 51 53 33 24 14 48 72 73 71 81 37 59 20 18 79 32 41 6 82 56 65 30 83 77 45 3 47 31 97 67 95 7 34 1 80 58 22 54 49 4 26 12 11 10 52 99
Coste: 1656265439

GENERACION: 34
Mejor Solucion:  69 5 28 63 9 85 36 88 98 92 2 94 43 55 40 38 27 64 25 16 44 93 57 70 86 61 0 29 19 66 96 84 17 23 42 78 91 35 15 46 75 39 76 89 60 87 50 90 68 13 21 74 8 62 51 53 33 24 14 48 72 73 71 81 37 59 20 18 79 32 41 6 82 56 65 30 83 77 45 3 47 31 97 67 95 7 34 1 80 58 22 54 49 4 26 12 11 10 52 99
Coste: 1656265439

GENERACION: 35
Mejor Solucion:  69 5 28 63 9 85 36 88 98 92 2 94 43 55 40 38 27 64 25 16 44 93 57 70 86 61 0 29 19 66 96 84 17 23 42 78 91 35 15 46 75 39 76 89 60 87 50 90 68 13 21 74 8 62 51 53 33 24 14 48 72 73 71 81 37 59 20 18 79 32 41 6 82 56 65 30 83 77 45 3 47 31 97 67 95 7 34 1 80 58 22 54 49 4 26 12 11 10 52 99
Coste: 1656265439

GENERACION: 36
Mejor Solucion:  69 5 28 63 9 85 36 88 98 92 2 94 43 55 40 38 27 64 25 16 44 93 57 70 86 61 0 29 19 66 96 84 17 23 42 78 91 35 15 46 75 39 76 89 60 87 50 90 68 13 21 74 8 62 51 53 33 24 14 48 72 73 71 81 37 59 20 18 79 32 41 6 82 56 65 30 83 77 45 3 47 31 97 67 95 7 34 1 80 58 22 54 49 4 26 12 11 10 52 99
Coste: 1656265439

GENERACION: 37
Mejor Solucion:  69 5 28 63 9 85 36 88 98 92 2 94 43 55 40 38 27 64 25 16 44 93 57 70 86 61 0 29 19 66 96 84 17 23 42 78 91 35 15 46 75 39 76 89 60 87 50 90 68 13 21 74 8 62 51 53 33 24 14 48 72 73 71 81 37 59 20 18 79 32 41 6 82 56 65 30 83 77 45 3 47 31 97 67 95 7 34 1 80 58 22 54 49 4 26 12 11 10 52 99
Coste: 1656265439

GENERACION: 38
Mejor Solucion:  69 5 28 63 9 85 36 88 98 92 2 94 43 55 40 38 27 64 25 16 44 93 57 70 86 61 0 29 19 66 96 84 17 23 42 78 91 35 15 46 75 39 76 89 60 87 50 90 68 13 21 74 8 62 51 53 33 24 14 48 72 73 71 81 37 59 20 18 79 32 41 6 82 56 65 30 83 77 45 3 47 31 97 67 95 7 34 1 80 58 22 54 49 4 26 12 11 10 52 99
Coste: 1656265439

GENERACION: 39
Mejor Solucion:  69 5 28 63 9 85 36 88 98 92 2 94 43 55 40 38 27 64 25 16 44 93 57 70 86 61 0 29 19 66 96 84 17 23 42 78 91 35 15 46 75 39 76 89 60 87 50 90 68 13 21 74 8 62 51 53 33 24 14 48 72 73 71 81 37 59 20 18 79 32 41 6 82 56 65 30 83 77 45 3 47 31 97 67 95 7 34 1 80 58 22 54 49 4 26 12 11 10 52 99
Coste: 1656265439

GENERACION: 40
Mejor Solucion:  69 5 28 63 9 85 36 88 98 92 2 94 43 55 40 38 27 64 25 16 44 93 57 70 86 61 0 29 19 66 96 84 17 23 42 78 91 35 15 46 75 39 76 89 60 87 50 90 68 13 21 74 8 62 51 53 33 24 14 48 72 73 71 81 37 59 20 18 79 32 41 6 82 56 65 30 83 77 45 3 47 31 97 67 95 7 34 1 80 58 22 54 49 4 26 12 11 10 52 99
Coste: 1656265439

GENERACION: 41
Mejor Solucion:  69 5 28 63 9 85 36 88 98 92 2 94 43 55 40 38 27 64 25 16 44 93 57 70 86 61 0 29 19 66 96 84 17 23 42 78 91 35 15 46 75 39 76 89 60 87 50 90 68 13 21 74 8 62 51 53 33 24 14 48 72 73 71 81 37 59 20 18 79 32 41 6 82 56 65 30 83 77 45 3 47 31 97 67 95 7 34 1 80 58 22 54 49 4 26 12 11 10 52 99
Coste: 1656265439

GENERACION: 42
Mejor Solucion:  69 5 28 63 9 85 36 88 98 92 2 94 43 55 40 38 27 64 25 16 44 93 57 70 86 61 0 29 19 66 96 84 17 23 42 78 91 35 15 46 75 39 76 89 60 87 50 90 68 13 21 74 8 62 51 53 33 24 14 48 72 73 71 81 37 59 20 18 79 32 41 6 82 56 65 30 83 77 45 3 47 31 97 67 95 7 34 1 80 58 22 54 49 4 26 12 11 10 52 99
Coste: 1656265439

GENERACION: 43
Mejor Solucion:  69 5 28 63 9 85 36 88 98 92 2 94 43 55 40 38 27 64 25 16 44 93 57 70 86 61 0 29 19 66 96 84 17 23 42 78 91 35 15 46 75 39 76 89 60 87 50 90 68 13 21 74 8 62 51 53 33 24 14 48 72 73 71 81 37 59 20 18 79 32 41 6 82 56 65 30 83 77 45 3 47 31 97 67 95 7 34 1 80 58 22 54 49 4 26 12 11 10 52 99
Coste: 1656265439

GENERACION: 44
Mejor Solucion:  69 5 28 63 9 85 36 88 98 92 2 94 43 55 40 38 27 64 25 16 44 93 57 70 86 61 0 29 19 66 96 84 17 23 42 78 91 35 15 46 75 39 76 89 60 87 50 90 68 13 21 74 8 62 51 53 33 24 14 48 72 73 71 81 37 59 20 18 79 32 41 6 82 56 65 30 83 77 45 3 47 31 97 67 95 7 34 1 80 58 22 54 49 4 26 12 11 10 52 99
Coste: 1656265439

GENERACION: 45
Mejor Solucion:  69 5 28 63 9 85 36 88 98 92 2 94 43 55 40 38 27 64 25 16 44 93 57 70 86 61 0 29 19 66 96 84 17 23 42 78 91 35 15 46 75 39 76 89 60 87 50 90 68 13 21 74 8 62 51 53 33 24 14 48 72 73 71 81 37 59 20 18 79 32 41 6 82 56 65 30 83 77 45 3 47 31 97 67 95 7 34 1 80 58 22 54 49 4 26 12 11 10 52 99
Coste: 1656265439

GENERACION: 46
Mejor Solucion:  69 5 28 63 9 85 36 88 98 92 2 94 43 55 40 38 27 64 25 16 44 93 57 70 86 61 0 29 19 66 96 84 17 23 42 78 91 35 15 46 75 39 76 89 60 87 50 90 68 13 21 74 8 62 51 53 33 24 14 48 72 73 71 81 37 59 20 18 79 32 41 6 82 56 65 30 83 77 45 3 47 31 97 67 95 7 34 1 80 58 22 54 49 4 26 12 11 10 52 99
Coste: 1656265439

GENERACION: 47
Mejor Solucion:  69 5 28 63 9 85 36 88 98 92 2 94 43 55 40 38 27 64 25 16 44 93 57 70 86 61 0 29 19 66 96 84 17 23 42 78 91 35 15 46 75 39 76 89 60 87 50 90 68 13 21 74 8 62 51 53 33 24 14 48 72 73 71 81 37 59 20 18 79 32 41 6 82 56 65 30 83 77 45 3 47 31 97 67 95 7 34 1 80 58 22 54 49 4 26 12 11 10 52 99
Coste: 1656265439

GENERACION: 48
Mejor Solucion:  69 5 28 63 9 85 36 88 98 92 2 94 43 55 40 38 27 64 25 16 44 93 57 70 86 61 0 29 19 66 96 84 17 23 42 78 91 35 15 46 75 39 76 89 60 87 50 90 68 13 21 74 8 62 51 53 33 24 14 48 72 73 71 81 37 59 20 18 79 32 41 6 82 56 65 30 83 77 45 3 47 31 97 67 95 7 34 1 80 58 22 54 49 4 26 12 11 10 52 99
Coste: 1656265439

GENERACION: 49
Mejor Solucion:  69 5 28 63 9 85 36 88 98 92 2 94 43 55 40 38 27 64 25 16 44 93 57 70 86 61 0 29 19 66 96 84 17 23 42 78 91 35 15 46 75 39 76 89 60 87 50 90 68 13 21 74 8 62 51 53 33 24 14 48 72 73 71 81 37 59 20 18 79 32 41 6 82 56 65 30 83 77 45 3 47 31 97 67 95 7 34 1 80 58 22 54 49 4 26 12 11 10 52 99
Coste: 1656265439

GENERACION: 50
Mejor Solucion:  69 5 28 63 9 85 36 88 98 92 2 94 43 55 40 38 27 64 25 16 44 93 57 70 86 61 0 29 19 66 96 84 17 23 42 78 91 35 15 46 75 39 76 89 60 87 50 90 68 13 21 74 8 62 51 53 33 24 14 48 72 73 71 81 37 59 20 18 79 32 41 6 82 56 65 30 83 77 45 3 47 31 97 67 95 7 34 1 80 58 22 54 49 4 26 12 11 10 52 99
Coste: 1656265439

GENERACION: 51
Mejor Solucion:  69 5 28 63 9 85 36 88 98 92 2 94 43 55 40 38 27 64 25 16 44 93 57 70 86 61 0 29 19 66 96 84 17 23 42 78 91 35 15 46 75 39 76 89 60 87 50 90 68 13 21 74 8 62 51 53 33 24 14 48 72 73 71 81 37 59 20 18 79 32 41 6 82 56 65 30 83 77 45 3 47 31 97 67 95 7 34 1 80 58 22 54 49 4 26 12 11 10 52 99
Coste: 1656265439

GENERACION: 52
Mejor Solucion:  69 5 28 63 9 85 36 88 98 92 2 94 43 55 40 38 27 64 25 16 44 93 57 70 86 61 0 29 19 66 96 84 17 23 42 78 91 35 15 46 75 39 76 89 60 87 50 90 68 13 21 74 8 62 51 53 33 24 14 48 72 73 71 81 37 59 20 18 79 32 41 6 82 56 65 30 83 77 45 3 47 31 97 67 95 7 34 1 80 58 22 54 49 4 26 12 11 10 52 99
Coste: 1656265439

GENERACION: 53
Mejor Solucion:  69 5 28 63 9 85 36 88 98 92 2 94 43 55 40 38 27 64 25 16 44 93 57 70 86 61 0 29 19 66 96 84 17 23 42 78 91 35 15 46 75 39 76 89 60 87 50 90 68 13 21 74 8 62 51 53 33 24 14 48 72 73 71 81 37 59 20 18 79 32 41 6 82 56 65 30 83 77 45 3 47 31 97 67 95 7 34 1 80 58 22 54 49 4 26 12 11 10 52 99
Coste: 1656265439

GENERACION: 54
Mejor Solucion:  69 5 28 63 9 85 36 88 98 92 2 94 43 55 40 38 27 64 25 16 44 93 57 70 86 61 0 29 19 66 96 84 17 23 42 78 91 35 15 46 75 39 76 89 60 87 50 90 68 13 21 74 8 62 51 53 33 24 14 48 72 73 71 81 37 59 20 18 79 32 41 6 82 56 65 30 83 77 45 3 47 31 97 67 95 7 34 1 80 58 22 54 49 4 26 12 11 10 52 99
Coste: 1656265439

GENERACION: 55
Mejor Solucion:  69 5 28 63 9 85 36 88 98 92 2 94 43 55 40 38 27 64 25 16 44 93 57 70 86 61 0 29 19 66 96 84 17 23 42 78 91 35 15 46 75 39 76 89 60 87 50 90 68 13 21 74 8 62 51 53 33 24 14 48 72 73 71 81 37 59 20 18 79 32 41 6 82 56 65 30 83 77 45 3 47 31 97 67 95 7 34 1 80 58 22 54 49 4 26 12 11 10 52 99
Coste: 1656265439

GENERACION: 56
Mejor Solucion:  69 5 28 63 9 85 36 88 98 92 2 94 43 55 40 38 27 64 25 16 44 93 57 70 86 61 0 29 19 66 96 84 17 23 42 78 91 35 15 46 75 39 76 89 60 87 50 90 68 13 21 74 8 62 51 53 33 24 14 48 72 73 71 81 37 59 20 18 79 32 41 6 82 56 65 30 83 77 45 3 47 31 97 67 95 7 34 1 80 58 22 54 49 4 26 12 11 10 52 99
Coste: 1656265439

GENERACION: 57
Mejor Solucion:  69 5 28 63 9 85 36 88 98 92 2 94 43 55 40 38 27 64 25 16 44 93 57 70 86 61 0 29 19 66 96 84 17 23 42 78 91 35 15 46 75 39 76 89 60 87 50 90 68 13 21 74 8 62 51 53 33 24 14 48 72 73 71 81 37 59 20 18 79 32 41 6 82 56 65 30 83 77 45 3 47 31 97 67 95 7 34 1 80 58 22 54 49 4 26 12 11 10 52 99
Coste: 1656265439

GENERACION: 58
Mejor Solucion:  69 5 28 63 9 85 36 88 98 92 2 94 43 55 40 38 27 64 25 16 44 93 57 70 86 61 0 29 19 66 96 84 17 23 42 78 91 35 15 46 75 39 76 89 60 87 50 90 68 13 21 74 8 62 51 53 33 24 14 48 72 73 71 81 37 59 20 18 79 32 41 6 82 56 65 30 83 77 45 3 47 31 97 67 95 7 34 1 80 58 22 54 49 4 26 12 11 10 52 99
Coste: 1656265439

GENERACION: 59
Mejor Solucion:  69 5 28 63 9 85 36 88 98 92 2 94 43 55 40 38 27 64 25 16 44 93 57 70 86 61 0 29 19 66 96 84 17 23 42 78 91 35 15 46 75 39 76 89 60 87 50 90 68 13 21 74 8 62 51 53 33 24 14 48 72 73 71 81 37 59 20 18 79 32 41 6 82 56 65 30 83 77 45 3 47 31 97 67 95 7 34 1 80 58 22 54 49 4 26 12 11 10 52 99
Coste: 1656265439

GENERACION: 60
Mejor Solucion:  69 5 28 63 9 85 36 88 98 92 2 94 43 55 40 38 27 64 25 16 44 93 57 70 86 61 0 29 19 66 96 84 17 23 42 78 91 35 15 46 75 39 76 89 60 87 50 90 68 13 21 74 8 62 51 53 33 24 14 48 72 73 71 81 37 59 20 18 79 32 41 6 82 56 65 30 83 77 45 3 47 31 97 67 95 7 34 1 80 58 22 54 49 4 26 12 11 10 52 99
Coste: 1656265439

GENERACION: 61
Mejor Solucion:  69 5 28 63 9 85 36 88 98 92 2 94 43 55 40 38 27 64 25 16 44 93 57 70 86 61 0 29 19 66 96 84 17 23 42 78 91 35 15 46 75 39 76 89 60 87 50 90 68 13 21 74 8 62 51 53 33 24 14 48 72 73 71 81 37 59 20 18 79 32 41 6 82 56 65 30 83 77 45 3 47 31 97 67 95 7 34 1 80 58 22 54 49 4 26 12 11 10 52 99
Coste: 1656265439

GENERACION: 62
Mejor Solucion:  69 5 28 63 9 85 36 88 98 92 2 94 43 55 40 38 27 64 25 16 44 93 57 70 86 61 0 29 19 66 96 84 17 23 42 78 91 35 15 46 75 39 76 89 60 87 50 90 68 13 21 74 8 62 51 53 33 24 14 48 72 73 71 81 37 59 20 18 79 32 41 6 82 56 65 30 83 77 45 3 47 31 97 67 95 7 34 1 80 58 22 54 49 4 26 12 11 10 52 99
Coste: 1656265439

GENERACION: 63
Mejor Solucion:  69 5 28 63 9 85 36 88 98 92 2 94 43 55 40 38 27 64 25 16 44 93 57 70 86 61 0 29 19 66 96 84 17 23 42 78 91 35 15 46 75 39 76 89 60 87 50 90 68 13 21 74 8 62 51 53 33 24 14 48 72 73 71 81 37 59 20 18 79 32 41 6 82 56 65 30 83 77 45 3 47 31 97 67 95 7 34 1 80 58 22 54 49 4 26 12 11 10 52 99
Coste: 1656265439

GENERACION: 64
Mejor Solucion:  69 5 28 63 9 85 36 88 98 92 2 94 43 55 40 38 27 64 25 16 44 93 57 70 86 61 0 29 19 66 96 84 17 23 42 78 91 35 15 46 75 39 76 89 60 87 50 90 68 13 21 74 8 62 51 53 33 24 14 48 72 73 71 81 37 59 20 18 79 32 41 6 82 56 65 30 83 77 45 3 47 31 97 67 95 7 34 1 80 58 22 54 49 4 26 12 11 10 52 99
Coste: 1656265439

GENERACION: 65
Mejor Solucion:  69 5 28 63 9 85 36 88 98 92 2 94 43 55 40 38 27 64 25 16 44 93 57 70 86 61 0 29 19 66 96 84 17 23 42 78 91 35 15 46 75 39 76 89 60 87 50 90 68 13 21 74 8 62 51 53 33 24 14 48 72 73 71 81 37 59 20 18 79 32 41 6 82 56 65 30 83 77 45 3 47 31 97 67 95 7 34 1 80 58 22 54 49 4 26 12 11 10 52 99
Coste: 1656265439

GENERACION: 66
Mejor Solucion:  69 5 28 63 9 85 36 88 98 92 2 94 43 55 40 38 27 64 25 16 44 93 57 70 86 61 0 29 19 66 96 84 17 23 42 78 91 35 15 46 75 39 76 89 60 87 50 90 68 13 21 74 8 62 51 53 33 24 14 48 72 73 71 81 37 59 20 18 79 32 41 6 82 56 65 30 83 77 45 3 47 31 97 67 95 7 34 1 80 58 22 54 49 4 26 12 11 10 52 99
Coste: 1656265439

GENERACION: 67
Mejor Solucion:  69 5 28 63 9 85 36 88 98 92 2 94 43 55 40 38 27 64 25 16 44 93 57 70 86 61 0 29 19 66 96 84 17 23 42 78 91 35 15 46 75 39 76 89 60 87 50 90 68 13 21 74 8 62 51 53 33 24 14 48 72 73 71 81 37 59 20 18 79 32 41 6 82 56 65 30 83 77 45 3 47 31 97 67 95 7 34 1 80 58 22 54 49 4 26 12 11 10 52 99
Coste: 1656265439

GENERACION: 68
Mejor Solucion:  69 5 28 63 9 85 36 88 98 92 2 94 43 55 40 38 27 64 25 16 44 93 57 70 86 61 0 29 19 66 96 84 17 23 42 78 91 35 15 46 75 39 76 89 60 87 50 90 68 13 21 74 8 62 51 53 33 24 14 48 72 73 71 81 37 59 20 18 79 32 41 6 82 56 65 30 83 77 45 3 47 31 97 67 95 7 34 1 80 58 22 54 49 4 26 12 11 10 52 99
Coste: 1656265439

GENERACION: 69
Mejor Solucion:  69 5 28 63 9 85 36 88 98 92 2 94 43 55 40 38 27 64 25 16 44 93 57 70 86 61 0 29 19 66 96 84 17 23 42 78 91 35 15 46 75 39 76 89 60 87 50 90 68 13 21 74 8 62 51 53 33 24 14 48 72 73 71 81 37 59 20 18 79 32 41 6 82 56 65 30 83 77 45 3 47 31 97 67 95 7 34 1 80 58 22 54 49 4 26 12 11 10 52 99
Coste: 1656265439

GENERACION: 70
Mejor Solucion:  69 5 28 63 9 85 36 88 98 92 2 94 43 55 40 38 27 64 25 16 44 93 57 70 86 61 0 29 19 66 96 84 17 23 42 78 91 35 15 46 75 39 76 89 60 87 50 90 68 13 21 74 8 62 51 53 33 24 14 48 72 73 71 81 37 59 20 18 79 32 41 6 82 56 65 30 83 77 45 3 47 31 97 67 95 7 34 1 80 58 22 54 49 4 26 12 11 10 52 99
Coste: 1656265439

GENERACION: 71
Mejor Solucion:  69 5 28 63 9 85 36 88 98 92 2 94 43 55 40 38 27 64 25 16 44 93 57 70 86 61 0 29 19 66 96 84 17 23 42 78 91 35 15 46 75 39 76 89 60 87 50 90 68 13 21 74 8 62 51 53 33 24 14 48 72 73 71 81 37 59 20 18 79 32 41 6 82 56 65 30 83 77 45 3 47 31 97 67 95 7 34 1 80 58 22 54 49 4 26 12 11 10 52 99
Coste: 1656265439

GENERACION: 72
Mejor Solucion:  69 5 28 63 9 85 36 88 98 92 2 94 43 55 40 38 27 64 25 16 44 93 57 70 86 61 0 29 19 66 96 84 17 23 42 78 91 35 15 46 75 39 76 89 60 87 50 90 68 13 21 74 8 62 51 53 33 24 14 48 72 73 71 81 37 59 20 18 79 32 41 6 82 56 65 30 83 77 45 3 47 31 97 67 95 7 34 1 80 58 22 54 49 4 26 12 11 10 52 99
Coste: 1656265439

GENERACION: 73
Mejor Solucion:  69 5 28 63 9 85 36 88 98 92 2 94 43 55 40 38 27 64 25 16 44 93 57 70 86 61 0 29 19 66 96 84 17 23 42 78 91 35 15 46 75 39 76 89 60 87 50 90 68 13 21 74 8 62 51 53 33 24 14 48 72 73 71 81 37 59 20 18 79 32 41 6 82 56 65 30 83 77 45 3 47 31 97 67 95 7 34 1 80 58 22 54 49 4 26 12 11 10 52 99
Coste: 1656265439

GENERACION: 74
Mejor Solucion:  69 5 28 63 9 85 36 88 98 92 2 94 43 55 40 38 27 64 25 16 44 93 57 70 86 61 0 29 19 66 96 84 17 23 42 78 91 35 15 46 75 39 76 89 60 87 50 90 68 13 21 74 8 62 51 53 33 24 14 48 72 73 71 81 37 59 20 18 79 32 41 6 82 56 65 30 83 77 45 3 47 31 97 67 95 7 34 1 80 58 22 54 49 4 26 12 11 10 52 99
Coste: 1656265439

GENERACION: 75
Mejor Solucion:  69 5 28 63 9 85 36 88 98 92 2 94 43 55 40 38 27 64 25 16 44 93 57 70 86 61 0 29 19 66 96 84 17 23 42 78 91 35 15 46 75 39 76 89 60 87 50 90 68 13 21 74 8 62 51 53 33 24 14 48 72 73 71 81 37 59 20 18 79 32 41 6 82 56 65 30 83 77 45 3 47 31 97 67 95 7 34 1 80 58 22 54 49 4 26 12 11 10 52 99
Coste: 1656265439

GENERACION: 76
Mejor Solucion:  69 5 28 63 9 85 36 88 98 92 2 94 43 55 40 38 27 64 25 16 44 93 57 70 86 61 0 29 19 66 96 84 17 23 42 78 91 35 15 46 75 39 76 89 60 87 50 90 68 13 21 74 8 62 51 53 33 24 14 48 72 73 71 81 37 59 20 18 79 32 41 6 82 56 65 30 83 77 45 3 47 31 97 67 95 7 34 1 80 58 22 54 49 4 26 12 11 10 52 99
Coste: 1656265439

GENERACION: 77
Mejor Solucion:  69 5 28 63 9 85 36 88 98 92 2 94 43 55 40 38 27 64 25 16 44 93 57 70 86 61 0 29 19 66 96 84 17 23 42 78 91 35 15 46 75 39 76 89 60 87 50 90 68 13 21 74 8 62 51 53 33 24 14 48 72 73 71 81 37 59 20 18 79 32 41 6 82 56 65 30 83 77 45 3 47 31 97 67 95 7 34 1 80 58 22 54 49 4 26 12 11 10 52 99
Coste: 1656265439

GENERACION: 78
Mejor Solucion:  69 5 28 63 9 85 36 88 98 92 2 94 43 55 40 38 27 64 25 16 44 93 57 70 86 61 0 29 19 66 96 84 17 23 42 78 91 35 15 46 75 39 76 89 60 87 50 90 68 13 21 74 8 62 51 53 33 24 14 48 72 73 71 81 37 59 20 18 79 32 41 6 82 56 65 30 83 77 45 3 47 31 97 67 95 7 34 1 80 58 22 54 49 4 26 12 11 10 52 99
Coste: 1656265439

GENERACION: 79
Mejor Solucion:  69 5 28 63 9 85 36 88 98 92 2 94 43 55 40 38 27 64 25 16 44 93 57 70 86 61 0 29 19 66 96 84 17 23 42 78 91 35 15 46 75 39 76 89 60 87 50 90 68 13 21 74 8 62 51 53 33 24 14 48 72 73 71 81 37 59 20 18 79 32 41 6 82 56 65 30 83 77 45 3 47 31 97 67 95 7 34 1 80 58 22 54 49 4 26 12 11 10 52 99
Coste: 1656265439

GENERACION: 80
Mejor Solucion:  69 5 28 63 9 85 36 88 98 92 2 94 43 55 40 38 27 64 25 16 44 93 57 70 86 61 0 29 19 66 96 84 17 23 42 78 91 35 15 46 75 39 76 89 60 87 50 90 68 13 21 74 8 62 51 53 33 24 14 48 72 73 71 81 37 59 20 18 79 32 41 6 82 56 65 30 83 77 45 3 47 31 97 67 95 7 34 1 80 58 22 54 49 4 26 12 11 10 52 99
Coste: 1656265439

GENERACION: 81
Mejor Solucion:  69 5 28 63 9 85 36 88 98 92 2 94 43 55 40 38 27 64 25 16 44 93 57 70 86 61 0 29 19 66 96 84 17 23 42 78 91 35 15 46 75 39 76 89 60 87 50 90 68 13 21 74 8 62 51 53 33 24 14 48 72 73 71 81 37 59 20 18 79 32 41 6 82 56 65 30 83 77 45 3 47 31 97 67 95 7 34 1 80 58 22 54 49 4 26 12 11 10 52 99
Coste: 1656265439

GENERACION: 82
Mejor Solucion:  69 5 28 63 9 85 36 88 98 92 2 94 43 55 40 38 27 64 25 16 44 93 57 70 86 61 0 29 19 66 96 84 17 23 42 78 91 35 15 46 75 39 76 89 60 87 50 90 68 13 21 74 8 62 51 53 33 24 14 48 72 73 71 81 37 59 20 18 79 32 41 6 82 56 65 30 83 77 45 3 47 31 97 67 95 7 34 1 80 58 22 54 49 4 26 12 11 10 52 99
Coste: 1656265439

GENERACION: 83
Mejor Solucion:  69 5 28 63 9 85 36 88 98 92 2 94 43 55 40 38 27 64 25 16 44 93 57 70 86 61 0 29 19 66 96 84 17 23 42 78 91 35 15 46 75 39 76 89 60 87 50 90 68 13 21 74 8 62 51 53 33 24 14 48 72 73 71 81 37 59 20 18 79 32 41 6 82 56 65 30 83 77 45 3 47 31 97 67 95 7 34 1 80 58 22 54 49 4 26 12 11 10 52 99
Coste: 1656265439

GENERACION: 84
Mejor Solucion:  69 5 28 63 9 85 36 88 98 92 2 94 43 55 40 38 27 64 25 16 44 93 57 70 86 61 0 29 19 66 96 84 17 23 42 78 91 35 15 46 75 39 76 89 60 87 50 90 68 13 21 74 8 62 51 53 33 24 14 48 72 73 71 81 37 59 20 18 79 32 41 6 82 56 65 30 83 77 45 3 47 31 97 67 95 7 34 1 80 58 22 54 49 4 26 12 11 10 52 99
Coste: 1656265439

GENERACION: 85
Mejor Solucion:  69 5 28 63 9 85 36 88 98 92 2 94 43 55 40 38 27 64 25 16 44 93 57 70 86 61 0 29 19 66 96 84 17 23 42 78 91 35 15 46 75 39 76 89 60 87 50 90 68 13 21 74 8 62 51 53 33 24 14 48 72 73 71 81 37 59 20 18 79 32 41 6 82 56 65 30 83 77 45 3 47 31 97 67 95 7 34 1 80 58 22 54 49 4 26 12 11 10 52 99
Coste: 1656265439

GENERACION: 86
Mejor Solucion:  69 5 28 63 9 85 36 88 98 92 2 94 43 55 40 38 27 64 25 16 44 93 57 70 86 61 0 29 19 66 96 84 17 23 42 78 91 35 15 46 75 39 76 89 60 87 50 90 68 13 21 74 8 62 51 53 33 24 14 48 72 73 71 81 37 59 20 18 79 32 41 6 82 56 65 30 83 77 45 3 47 31 97 67 95 7 34 1 80 58 22 54 49 4 26 12 11 10 52 99
Coste: 1656265439

GENERACION: 87
Mejor Solucion:  69 5 28 63 9 85 36 88 98 92 2 94 43 55 40 38 27 64 25 16 44 93 57 70 86 61 0 29 19 66 96 84 17 23 42 78 91 35 15 46 75 39 76 89 60 87 50 90 68 13 21 74 8 62 51 53 33 24 14 48 72 73 71 81 37 59 20 18 79 32 41 6 82 56 65 30 83 77 45 3 47 31 97 67 95 7 34 1 80 58 22 54 49 4 26 12 11 10 52 99
Coste: 1656265439

GENERACION: 88
Mejor Solucion:  69 5 28 63 9 85 36 88 98 92 2 94 43 55 40 38 27 64 25 16 44 93 57 70 86 61 0 29 19 66 96 84 17 23 42 78 91 35 15 46 75 39 76 89 60 87 50 90 68 13 21 74 8 62 51 53 33 24 14 48 72 73 71 81 37 59 20 18 79 32 41 6 82 56 65 30 83 77 45 3 47 31 97 67 95 7 34 1 80 58 22 54 49 4 26 12 11 10 52 99
Coste: 1656265439

GENERACION: 89
Mejor Solucion:  69 5 28 63 9 85 36 88 98 92 2 94 43 55 40 38 27 64 25 16 44 93 57 70 86 61 0 29 19 66 96 84 17 23 42 78 91 35 15 46 75 39 76 89 60 87 50 90 68 13 21 74 8 62 51 53 33 24 14 48 72 73 71 81 37 59 20 18 79 32 41 6 82 56 65 30 83 77 45 3 47 31 97 67 95 7 34 1 80 58 22 54 49 4 26 12 11 10 52 99
Coste: 1656265439

GENERACION: 90
Mejor Solucion:  69 5 28 63 9 85 36 88 98 92 2 94 43 55 40 38 27 64 25 16 44 93 57 70 86 61 0 29 19 66 96 84 17 23 42 78 91 35 15 46 75 39 76 89 60 87 50 90 68 13 21 74 8 62 51 53 33 24 14 48 72 73 71 81 37 59 20 18 79 32 41 6 82 56 65 30 83 77 45 3 47 31 97 67 95 7 34 1 80 58 22 54 49 4 26 12 11 10 52 99
Coste: 1656265439

GENERACION: 91
Mejor Solucion:  69 5 28 63 9 85 36 88 98 92 2 94 43 55 40 38 27 64 25 16 44 93 57 70 86 61 0 29 19 66 96 84 17 23 42 78 91 35 15 46 75 39 76 89 60 87 50 90 68 13 21 74 8 62 51 53 33 24 14 48 72 73 71 81 37 59 20 18 79 32 41 6 82 56 65 30 83 77 45 3 47 31 97 67 95 7 34 1 80 58 22 54 49 4 26 12 11 10 52 99
Coste: 1656265439

GENERACION: 92
Mejor Solucion:  69 5 28 63 9 85 36 88 98 92 2 94 43 55 40 38 27 64 25 16 44 93 57 70 86 61 0 29 19 66 96 84 17 23 42 78 91 35 15 46 75 39 76 89 60 87 50 90 68 13 21 74 8 62 51 53 33 24 14 48 72 73 71 81 37 59 20 18 79 32 41 6 82 56 65 30 83 77 45 3 47 31 97 67 95 7 34 1 80 58 22 54 49 4 26 12 11 10 52 99
Coste: 1656265439

GENERACION: 93
Mejor Solucion:  69 5 28 63 9 85 36 88 98 92 2 94 43 55 40 38 27 64 25 16 44 93 57 70 86 61 0 29 19 66 96 84 17 23 42 78 91 35 15 46 75 39 76 89 60 87 50 90 68 13 21 74 8 62 51 53 33 24 14 48 72 73 71 81 37 59 20 18 79 32 41 6 82 56 65 30 83 77 45 3 47 31 97 67 95 7 34 1 80 58 22 54 49 4 26 12 11 10 52 99
Coste: 1656265439

GENERACION: 94
Mejor Solucion:  69 5 28 63 9 85 36 88 98 92 2 94 43 55 40 38 27 64 25 16 44 93 57 70 86 61 0 29 19 66 96 84 17 23 42 78 91 35 15 46 75 39 76 89 60 87 50 90 68 13 21 74 8 62 51 53 33 24 14 48 72 73 71 81 37 59 20 18 79 32 41 6 82 56 65 30 83 77 45 3 47 31 97 67 95 7 34 1 80 58 22 54 49 4 26 12 11 10 52 99
Coste: 1656265439

GENERACION: 95
Mejor Solucion:  69 5 28 63 9 85 36 88 98 92 2 94 43 55 40 38 27 64 25 16 44 93 57 70 86 61 0 29 19 66 96 84 17 23 42 78 91 35 15 46 75 39 76 89 60 87 50 90 68 13 21 74 8 62 51 53 33 24 14 48 72 73 71 81 37 59 20 18 79 32 41 6 82 56 65 30 83 77 45 3 47 31 97 67 95 7 34 1 80 58 22 54 49 4 26 12 11 10 52 99
Coste: 1656265439

GENERACION: 96
Mejor Solucion:  69 5 28 63 9 85 36 88 98 92 2 94 43 55 40 38 27 64 25 16 44 93 57 70 86 61 0 29 19 66 96 84 17 23 42 78 91 35 15 46 75 39 76 89 60 87 50 90 68 13 21 74 8 62 51 53 33 24 14 48 72 73 71 81 37 59 20 18 79 32 41 6 82 56 65 30 83 77 45 3 47 31 97 67 95 7 34 1 80 58 22 54 49 4 26 12 11 10 52 99
Coste: 1656265439

GENERACION: 97
Mejor Solucion:  9 63 36 88 15 83 99 94 44 27 64 25 74 93 57 70 61 16 55 40 52 86 87 0 43 12 69 46 28 66 96 53 17 23 42 78 91 41 34 29 75 39 76 89 60 4 8 81 77 13 21 7 35 62 51 84 26 72 14 48 71 73 24 90 33 59 20 18 79 32 50 6 82 11 65 30 92 68 56 3 47 31 97 22 95 45 98 80 1 58 67 54 49 37 38 10 2 5 19 85
Coste: 1646438842

GENERACION: 98
Mejor Solucion:  9 63 36 88 15 83 99 94 44 27 64 25 74 93 57 70 61 16 55 40 52 86 87 0 43 12 69 46 28 66 96 53 17 23 42 78 91 41 34 29 75 39 76 89 60 4 8 81 77 13 21 7 35 62 51 84 26 72 14 48 71 73 24 90 33 59 20 18 79 32 50 6 82 11 65 30 92 68 56 3 47 31 97 22 95 45 98 80 1 58 67 54 49 37 38 10 2 5 19 85
Coste: 1646438842

GENERACION: 99
Mejor Solucion:  9 63 36 88 15 83 99 94 44 27 64 25 74 93 57 70 61 16 55 40 52 86 87 0 43 12 69 46 28 66 96 53 17 23 42 78 91 41 34 29 75 39 76 89 60 4 8 81 77 13 21 7 35 62 51 84 26 72 14 48 71 73 24 90 33 59 20 18 79 32 50 6 82 11 65 30 92 68 56 3 47 31 97 22 95 45 98 80 1 58 67 54 49 37 38 10 2 5 19 85
Coste: 1646438842

GENERACION: 100
Mejor Solucion:  9 63 36 88 15 83 99 94 44 27 64 25 74 93 57 70 61 16 55 40 52 86 87 0 43 12 69 46 28 66 96 53 17 23 42 78 91 41 34 29 75 39 76 89 60 4 8 81 77 13 21 7 35 62 51 84 26 72 14 48 71 73 24 90 33 59 20 18 79 32 50 6 82 11 65 30 92 68 56 3 47 31 97 22 95 45 98 80 1 58 67 54 49 37 38 10 2 5 19 85
Coste: 1646438842

GENERACION: 101
Mejor Solucion:  9 63 36 88 15 83 99 94 44 27 64 25 74 93 57 70 61 16 55 40 52 86 87 0 43 12 69 46 28 66 96 53 17 23 42 78 91 41 34 29 75 39 76 89 60 4 8 81 77 13 21 7 35 62 51 84 26 72 14 48 71 73 24 90 33 59 20 18 79 32 50 6 82 11 65 30 92 68 56 3 47 31 97 22 95 45 98 80 1 58 67 54 49 37 38 10 2 5 19 85
Coste: 1646438842

GENERACION: 102
Mejor Solucion:  9 63 36 88 15 83 99 94 44 27 64 25 74 93 57 70 61 16 55 40 52 86 87 0 43 12 69 46 28 66 96 53 17 23 42 78 91 41 34 29 75 39 76 89 60 4 8 81 77 13 21 7 35 62 51 84 26 72 14 48 71 73 24 90 33 59 20 18 79 32 50 6 82 11 65 30 92 68 56 3 47 31 97 22 95 45 98 80 1 58 67 54 49 37 38 10 2 5 19 85
Coste: 1646438842

GENERACION: 103
Mejor Solucion:  9 63 36 88 15 83 99 94 44 27 64 25 74 93 57 70 61 16 55 40 52 86 87 0 43 12 69 46 28 66 96 53 17 23 42 78 91 41 34 29 75 39 76 89 60 4 8 81 77 13 21 7 35 62 51 84 26 72 14 48 71 73 24 90 33 59 20 18 79 32 50 6 82 11 65 30 92 68 56 3 47 31 97 22 95 45 98 80 1 58 67 54 49 37 38 10 2 5 19 85
Coste: 1646438842

GENERACION: 104
Mejor Solucion:  9 63 36 88 15 83 99 94 44 27 64 25 74 93 57 70 61 16 55 40 52 86 87 0 43 12 69 46 28 66 96 53 17 23 42 78 91 41 34 29 75 39 76 89 60 4 8 81 77 13 21 7 35 62 51 84 26 72 14 48 71 73 24 90 33 59 20 18 79 32 50 6 82 11 65 30 92 68 56 3 47 31 97 22 95 45 98 80 1 58 67 54 49 37 38 10 2 5 19 85
Coste: 1646438842

GENERACION: 105
Mejor Solucion:  9 63 36 88 15 83 99 94 44 27 64 25 74 93 57 70 61 16 55 40 52 86 87 0 43 12 69 46 28 66 96 53 17 23 42 78 91 41 34 29 75 39 76 89 60 4 8 81 77 13 21 7 35 62 51 84 26 72 14 48 71 73 24 90 33 59 20 18 79 32 50 6 82 11 65 30 92 68 56 3 47 31 97 22 95 45 98 80 1 58 67 54 49 37 38 10 2 5 19 85
Coste: 1646438842

GENERACION: 106
Mejor Solucion:  9 63 36 88 15 83 99 94 44 27 64 25 74 93 57 70 61 16 55 40 52 86 87 0 43 12 69 46 28 66 96 53 17 23 42 78 91 41 34 29 75 39 76 89 60 4 8 81 77 13 21 7 35 62 51 84 26 72 14 48 71 73 24 90 33 59 20 18 79 32 50 6 82 11 65 30 92 68 56 3 47 31 97 22 95 45 98 80 1 58 67 54 49 37 38 10 2 5 19 85
Coste: 1646438842

GENERACION: 107
Mejor Solucion:  9 63 36 88 15 83 99 94 44 27 64 25 74 93 57 70 61 16 55 40 52 86 87 0 43 12 69 46 28 66 96 53 17 23 42 78 91 41 34 29 75 39 76 89 60 4 8 81 77 13 21 7 35 62 51 84 26 72 14 48 71 73 24 90 33 59 20 18 79 32 50 6 82 11 65 30 92 68 56 3 47 31 97 22 95 45 98 80 1 58 67 54 49 37 38 10 2 5 19 85
Coste: 1646438842

GENERACION: 108
Mejor Solucion:  9 63 36 88 15 83 99 94 44 27 64 25 74 93 57 70 61 16 55 40 52 86 87 0 43 12 69 46 28 66 96 53 17 23 42 78 91 41 34 29 75 39 76 89 60 4 8 81 77 13 21 7 35 62 51 84 26 72 14 48 71 73 24 90 33 59 20 18 79 32 50 6 82 11 65 30 92 68 56 3 47 31 97 22 95 45 98 80 1 58 67 54 49 37 38 10 2 5 19 85
Coste: 1646438842

GENERACION: 109
Mejor Solucion:  9 63 36 88 15 83 99 94 44 27 64 25 74 93 57 70 61 16 55 40 52 86 87 0 43 12 69 46 28 66 96 53 17 23 42 78 91 41 34 29 75 39 76 89 60 4 8 81 77 13 21 7 35 62 51 84 26 72 14 48 71 73 24 90 33 59 20 18 79 32 50 6 82 11 65 30 92 68 56 3 47 31 97 22 95 45 98 80 1 58 67 54 49 37 38 10 2 5 19 85
Coste: 1646438842

GENERACION: 110
Mejor Solucion:  9 63 36 88 15 83 99 94 44 27 64 25 74 93 57 70 61 16 55 40 52 86 87 0 43 12 69 46 28 66 96 53 17 23 42 78 91 41 34 29 75 39 76 89 60 4 8 81 77 13 21 7 35 62 51 84 26 72 14 48 71 73 24 90 33 59 20 18 79 32 50 6 82 11 65 30 92 68 56 3 47 31 97 22 95 45 98 80 1 58 67 54 49 37 38 10 2 5 19 85
Coste: 1646438842

GENERACION: 111
Mejor Solucion:  9 63 36 88 15 83 99 94 44 27 64 25 74 93 57 70 61 16 55 40 52 86 87 0 43 12 69 46 28 66 96 53 17 23 42 78 91 41 34 29 75 39 76 89 60 4 8 81 77 13 21 7 35 62 51 84 26 72 14 48 71 73 24 90 33 59 20 18 79 32 50 6 82 11 65 30 92 68 56 3 47 31 97 22 95 45 98 80 1 58 67 54 49 37 38 10 2 5 19 85
Coste: 1646438842

GENERACION: 112
Mejor Solucion:  9 63 36 88 15 83 99 94 44 27 64 25 74 93 57 70 61 16 55 40 52 86 87 0 43 12 69 46 28 66 96 53 17 23 42 78 91 41 34 29 75 39 76 89 60 4 8 81 77 13 21 7 35 62 51 84 26 72 14 48 71 73 24 90 33 59 20 18 79 32 50 6 82 11 65 30 92 68 56 3 47 31 97 22 95 45 98 80 1 58 67 54 49 37 38 10 2 5 19 85
Coste: 1646438842

GENERACION: 113
Mejor Solucion:  9 63 36 88 15 83 99 94 44 27 64 25 74 93 57 70 61 16 55 40 52 86 87 0 43 12 69 46 28 66 96 53 17 23 42 78 91 41 34 29 75 39 76 89 60 4 8 81 77 13 21 7 35 62 51 84 26 72 14 48 71 73 24 90 33 59 20 18 79 32 50 6 82 11 65 30 92 68 56 3 47 31 97 22 95 45 98 80 1 58 67 54 49 37 38 10 2 5 19 85
Coste: 1646438842

GENERACION: 114
Mejor Solucion:  9 63 36 88 15 83 99 94 44 27 64 25 74 93 57 70 61 16 55 40 52 86 87 0 43 12 69 46 28 66 96 53 17 23 42 78 91 41 34 29 75 39 76 89 60 4 8 81 77 13 21 7 35 62 51 84 26 72 14 48 71 73 24 90 33 59 20 18 79 32 50 6 82 11 65 30 92 68 56 3 47 31 97 22 95 45 98 80 1 58 67 54 49 37 38 10 2 5 19 85
Coste: 1646438842

GENERACION: 115
Mejor Solucion:  9 63 36 88 15 83 99 94 44 27 64 25 74 93 57 70 61 16 55 40 52 86 87 0 43 12 69 46 28 66 96 53 17 23 42 78 91 41 34 29 75 39 76 89 60 4 8 81 77 13 21 7 35 62 51 84 26 72 14 48 71 73 24 90 33 59 20 18 79 32 50 6 82 11 65 30 92 68 56 3 47 31 97 22 95 45 98 80 1 58 67 54 49 37 38 10 2 5 19 85
Coste: 1646438842

GENERACION: 116
Mejor Solucion:  9 63 36 88 15 83 99 94 44 27 64 25 74 93 57 70 61 16 55 40 52 86 87 0 43 12 69 46 28 66 96 53 17 23 42 78 91 41 34 29 75 39 76 89 60 4 8 81 77 13 21 7 35 62 51 84 26 72 14 48 71 73 24 90 33 59 20 18 79 32 50 6 82 11 65 30 92 68 56 3 47 31 97 22 95 45 98 80 1 58 67 54 49 37 38 10 2 5 19 85
Coste: 1646438842

GENERACION: 117
Mejor Solucion:  9 63 36 88 15 83 99 94 44 27 64 25 74 93 57 70 61 16 55 40 52 86 87 0 43 12 69 46 28 66 96 53 17 23 42 78 91 41 34 29 75 39 76 89 60 4 8 81 77 13 21 7 35 62 51 84 26 72 14 48 71 73 24 90 33 59 20 18 79 32 50 6 82 11 65 30 92 68 56 3 47 31 97 22 95 45 98 80 1 58 67 54 49 37 38 10 2 5 19 85
Coste: 1646438842

GENERACION: 118
Mejor Solucion:  9 63 36 88 15 83 99 94 44 27 64 25 74 93 57 70 61 16 55 40 52 86 87 0 43 12 69 46 28 66 96 53 17 23 42 78 91 41 34 29 75 39 76 89 60 4 8 81 77 13 21 7 35 62 51 84 26 72 14 48 71 73 24 90 33 59 20 18 79 32 50 6 82 11 65 30 92 68 56 3 47 31 97 22 95 45 98 80 1 58 67 54 49 37 38 10 2 5 19 85
Coste: 1646438842

GENERACION: 119
Mejor Solucion:  9 63 36 88 15 83 99 94 44 27 64 25 74 93 57 70 61 16 55 40 52 86 87 0 43 12 69 46 28 66 96 53 17 23 42 78 91 41 34 29 75 39 76 89 60 4 8 81 77 13 21 7 35 62 51 84 26 72 14 48 71 73 24 90 33 59 20 18 79 32 50 6 82 11 65 30 92 68 56 3 47 31 97 22 95 45 98 80 1 58 67 54 49 37 38 10 2 5 19 85
Coste: 1646438842

GENERACION: 120
Mejor Solucion:  9 63 36 88 15 83 99 94 44 27 64 25 74 93 57 70 61 16 55 40 52 86 87 0 43 12 69 46 28 66 96 53 17 23 42 78 91 41 34 29 75 39 76 89 60 4 8 81 77 13 21 7 35 62 51 84 26 72 14 48 71 73 24 90 33 59 20 18 79 32 50 6 82 11 65 30 92 68 56 3 47 31 97 22 95 45 98 80 1 58 67 54 49 37 38 10 2 5 19 85
Coste: 1646438842

GENERACION: 121
Mejor Solucion:  9 63 36 88 15 83 99 94 44 27 64 25 74 93 57 70 61 16 55 40 52 86 87 0 43 12 69 46 28 66 96 53 17 23 42 78 91 41 34 29 75 39 76 89 60 4 8 81 77 13 21 7 35 62 51 84 26 72 14 48 71 73 24 90 33 59 20 18 79 32 50 6 82 11 65 30 92 68 56 3 47 31 97 22 95 45 98 80 1 58 67 54 49 37 38 10 2 5 19 85
Coste: 1646438842

GENERACION: 122
Mejor Solucion:  9 63 36 88 15 83 99 94 44 27 64 25 74 93 57 70 61 16 55 40 52 86 87 0 43 12 69 46 28 66 96 53 17 23 42 78 91 41 34 29 75 39 76 89 60 4 8 81 77 13 21 7 35 62 51 84 26 72 14 48 71 73 24 90 33 59 20 18 79 32 50 6 82 11 65 30 92 68 56 3 47 31 97 22 95 45 98 80 1 58 67 54 49 37 38 10 2 5 19 85
Coste: 1646438842

GENERACION: 123
Mejor Solucion:  9 63 36 88 15 83 99 94 44 27 64 25 74 93 57 70 61 16 55 40 52 86 87 0 43 12 69 46 28 66 96 53 17 23 42 78 91 41 34 29 75 39 76 89 60 4 8 81 77 13 21 7 35 62 51 84 26 72 14 48 71 73 24 90 33 59 20 18 79 32 50 6 82 11 65 30 92 68 56 3 47 31 97 22 95 45 98 80 1 58 67 54 49 37 38 10 2 5 19 85
Coste: 1646438842

GENERACION: 124
Mejor Solucion:  9 63 36 88 15 83 99 94 44 27 64 25 74 93 57 70 61 16 55 40 52 86 87 0 43 12 69 46 28 66 96 53 17 23 42 78 91 41 34 29 75 39 76 89 60 4 8 81 77 13 21 7 35 62 51 84 26 72 14 48 71 73 24 90 33 59 20 18 79 32 50 6 82 11 65 30 92 68 56 3 47 31 97 22 95 45 98 80 1 58 67 54 49 37 38 10 2 5 19 85
Coste: 1646438842

GENERACION: 125
Mejor Solucion:  9 63 36 88 15 83 99 94 44 27 64 25 74 93 57 70 61 16 55 40 52 86 87 0 43 12 69 46 28 66 96 53 17 23 42 78 91 41 34 29 75 39 76 89 60 4 8 81 77 13 21 7 35 62 51 84 26 72 14 48 71 73 24 90 33 59 20 18 79 32 50 6 82 11 65 30 92 68 56 3 47 31 97 22 95 45 98 80 1 58 67 54 49 37 38 10 2 5 19 85
Coste: 1646438842

GENERACION: 126
Mejor Solucion:  9 63 36 88 15 83 99 94 44 27 64 25 74 93 57 70 61 16 55 40 52 86 87 0 43 12 69 46 28 66 96 53 17 23 42 78 91 41 34 29 75 39 76 89 60 4 8 81 77 13 21 7 35 62 51 84 26 72 14 48 71 73 24 90 33 59 20 18 79 32 50 6 82 11 65 30 92 68 56 3 47 31 97 22 95 45 98 80 1 58 67 54 49 37 38 10 2 5 19 85
Coste: 1646438842

GENERACION: 127
Mejor Solucion:  9 63 36 88 15 83 99 94 44 27 64 25 74 93 57 70 61 16 55 40 52 86 87 0 43 12 69 46 28 66 96 53 17 23 42 78 91 41 34 29 75 39 76 89 60 4 8 81 77 13 21 7 35 62 51 84 26 72 14 48 71 73 24 90 33 59 20 18 79 32 50 6 82 11 65 30 92 68 56 3 47 31 97 22 95 45 98 80 1 58 67 54 49 37 38 10 2 5 19 85
Coste: 1646438842

GENERACION: 128
Mejor Solucion:  9 63 36 88 15 83 99 94 44 27 64 25 74 93 57 70 61 16 55 40 52 86 87 0 43 12 69 46 28 66 96 53 17 23 42 78 91 41 34 29 75 39 76 89 60 4 8 81 77 13 21 7 35 62 51 84 26 72 14 48 71 73 24 90 33 59 20 18 79 32 50 6 82 11 65 30 92 68 56 3 47 31 97 22 95 45 98 80 1 58 67 54 49 37 38 10 2 5 19 85
Coste: 1646438842

GENERACION: 129
Mejor Solucion:  9 63 36 88 15 83 99 94 44 27 64 25 74 93 57 70 61 16 55 40 52 86 87 0 43 12 69 46 28 66 96 53 17 23 42 78 91 41 34 29 75 39 76 89 60 4 8 81 77 13 21 7 35 62 51 84 26 72 14 48 71 73 24 90 33 59 20 18 79 32 50 6 82 11 65 30 92 68 56 3 47 31 97 22 95 45 98 80 1 58 67 54 49 37 38 10 2 5 19 85
Coste: 1646438842

GENERACION: 130
Mejor Solucion:  9 63 36 88 15 83 99 94 44 27 64 25 74 93 57 70 61 16 55 40 52 86 87 0 43 12 69 46 28 66 96 53 17 23 42 78 91 41 34 29 75 39 76 89 60 4 8 81 77 13 21 7 35 62 51 84 26 72 14 48 71 73 24 90 33 59 20 18 79 32 50 6 82 11 65 30 92 68 56 3 47 31 97 22 95 45 98 80 1 58 67 54 49 37 38 10 2 5 19 85
Coste: 1646438842

GENERACION: 131
Mejor Solucion:  9 63 36 88 15 83 99 94 44 27 64 25 74 93 57 70 61 16 55 40 52 86 87 0 43 12 69 46 28 66 96 53 17 23 42 78 91 41 34 29 75 39 76 89 60 4 8 81 77 13 21 7 35 62 51 84 26 72 14 48 71 73 24 90 33 59 20 18 79 32 50 6 82 11 65 30 92 68 56 3 47 31 97 22 95 45 98 80 1 58 67 54 49 37 38 10 2 5 19 85
Coste: 1646438842

