GENERACION: 1
Mejor Solucion:  90 148 35 119 43 29 33 18 22 1 49 102 105 71 78 51 141 7 145 137 74 81 117 88 73 30 138 86 101 125 54 144 2 27 4 16 128 149 47 146 5 41 103 20 122 114 13 84 55 52 72 82 36 53 63 45 143 62 50 80 3 92 76 39 25 139 91 104 118 79 93 14 59 75 108 9 111 23 116 77 136 8 21 37 65 97 64 40 131 70 96 19 129 100 121 94 124 140 68 123 99 44 67 56 127 61 17 69 142 42 87 132 0 60 26 115 46 130 133 48 147 135 12 126 110 98 83 57 28 10 11 32 106 95 85 6 34 107 15 120 134 58 38 113 112 31 89 24 66 109
Coste: 629411200

GENERACION: 2
Mejor Solucion:  90 148 35 119 43 29 33 18 22 1 49 102 105 71 78 51 141 7 145 137 74 81 117 88 73 30 138 86 101 125 54 144 2 27 4 16 128 149 47 146 5 41 103 20 122 114 13 84 55 52 72 82 36 53 63 45 143 62 50 80 3 92 76 39 25 139 91 104 118 79 93 14 59 75 108 9 111 23 116 77 136 8 21 37 65 97 64 40 131 70 96 19 129 100 121 94 124 140 68 123 99 44 67 56 127 61 17 69 142 42 87 132 0 60 26 115 46 130 133 48 147 135 12 126 110 98 83 57 28 10 11 32 106 95 85 6 34 107 15 120 134 58 38 113 112 31 89 24 66 109
Coste: 629411200

GENERACION: 3
Mejor Solucion:  90 148 35 119 43 29 33 18 22 1 49 102 105 71 78 51 141 7 145 137 74 81 117 88 73 30 138 86 101 125 54 144 2 27 4 16 128 149 47 146 5 41 103 20 122 114 13 84 55 52 72 82 36 53 63 45 143 62 50 80 3 92 76 39 25 139 91 104 118 79 93 14 59 75 108 9 111 23 116 77 136 8 21 37 65 97 64 40 131 70 96 19 129 100 121 94 124 140 68 123 99 44 67 56 127 61 17 69 142 42 87 132 0 60 26 115 46 130 133 48 147 135 12 126 110 98 83 57 28 10 11 32 106 95 85 6 34 107 15 120 134 58 38 113 112 31 89 24 66 109
Coste: 629411200

GENERACION: 4
Mejor Solucion:  90 148 35 119 43 29 33 18 22 1 49 102 105 71 78 51 141 7 145 137 74 81 117 88 73 30 138 86 101 125 54 144 2 27 4 16 128 149 47 146 5 41 103 20 122 114 13 84 55 52 72 82 36 53 63 45 143 62 50 80 3 92 76 39 25 139 91 104 118 79 93 14 59 75 108 9 111 23 116 77 136 8 21 37 65 97 64 40 131 70 96 19 129 100 121 94 124 140 68 123 99 44 67 56 127 61 17 69 142 42 87 132 0 60 26 115 46 130 133 48 147 135 12 126 110 98 83 57 28 10 11 32 106 95 85 6 34 107 15 120 134 58 38 113 112 31 89 24 66 109
Coste: 629411200

GENERACION: 5
Mejor Solucion:  90 148 35 119 43 29 33 18 22 1 49 102 105 71 78 51 141 7 145 137 74 81 117 88 73 30 138 86 101 125 54 144 2 27 4 16 128 149 47 146 5 41 103 20 122 114 13 84 55 52 72 82 36 53 63 45 143 62 50 80 3 92 76 39 25 139 91 104 118 79 93 14 59 75 108 9 111 23 116 77 136 8 21 37 65 97 64 40 131 70 96 19 129 100 121 94 124 140 68 123 99 44 67 56 127 61 17 69 142 42 87 132 0 60 26 115 46 130 133 48 147 135 12 126 110 98 83 57 28 10 11 32 106 95 85 6 34 107 15 120 134 58 38 113 112 31 89 24 66 109
Coste: 629411200

GENERACION: 6
Mejor Solucion:  90 148 35 119 43 29 33 18 22 1 49 102 105 71 78 51 141 7 145 137 74 81 117 88 73 30 138 86 101 125 54 144 2 27 4 16 128 149 47 146 5 41 103 20 122 114 13 84 55 52 72 82 36 53 63 45 143 62 50 80 3 92 76 39 25 139 91 104 118 79 93 14 59 75 108 9 111 23 116 77 136 8 21 37 65 97 64 40 131 70 96 19 129 100 121 94 124 140 68 123 99 44 67 56 127 61 17 69 142 42 87 132 0 60 26 115 46 130 133 48 147 135 12 126 110 98 83 57 28 10 11 32 106 95 85 6 34 107 15 120 134 58 38 113 112 31 89 24 66 109
Coste: 629411200

GENERACION: 7
Mejor Solucion:  90 148 35 119 43 29 33 18 22 1 49 102 105 71 78 51 141 7 145 137 74 81 117 88 73 30 138 86 101 125 54 144 2 27 4 16 128 149 47 146 5 41 103 20 122 114 13 84 55 52 72 82 36 53 63 45 143 62 50 80 3 92 76 39 25 139 91 104 118 79 93 14 59 75 108 9 111 23 116 77 136 8 21 37 65 97 64 40 131 70 96 19 129 100 121 94 124 140 68 123 99 44 67 56 127 61 17 69 142 42 87 132 0 60 26 115 46 130 133 48 147 135 12 126 110 98 83 57 28 10 11 32 106 95 85 6 34 107 15 120 134 58 38 113 112 31 89 24 66 109
Coste: 629411200

GENERACION: 8
Mejor Solucion:  90 148 35 119 43 29 33 18 22 1 49 102 105 71 78 51 141 7 145 137 74 81 117 88 73 30 138 86 101 125 54 144 2 27 4 16 128 149 47 146 5 41 103 20 122 114 13 84 55 52 72 82 36 53 63 45 143 62 50 80 3 92 76 39 25 139 91 104 118 79 93 14 59 75 108 9 111 23 116 77 136 8 21 37 65 97 64 40 131 70 96 19 129 100 121 94 124 140 68 123 99 44 67 56 127 61 17 69 142 42 87 132 0 60 26 115 46 130 133 48 147 135 12 126 110 98 83 57 28 10 11 32 106 95 85 6 34 107 15 120 134 58 38 113 112 31 89 24 66 109
Coste: 629411200

GENERACION: 9
Mejor Solucion:  90 148 35 119 43 29 33 18 22 1 49 102 105 71 78 51 141 7 145 137 74 81 117 88 73 30 138 86 101 125 54 144 2 27 4 16 128 149 47 146 5 41 103 20 122 114 13 84 55 52 72 82 36 53 63 45 143 62 50 80 3 92 76 39 25 139 91 104 118 79 93 14 59 75 108 9 111 23 116 77 136 8 21 37 65 97 64 40 131 70 96 19 129 100 121 94 124 140 68 123 99 44 67 56 127 61 17 69 142 42 87 132 0 60 26 115 46 130 133 48 147 135 12 126 110 98 83 57 28 10 11 32 106 95 85 6 34 107 15 120 134 58 38 113 112 31 89 24 66 109
Coste: 629411200

GENERACION: 10
Mejor Solucion:  90 148 35 119 43 29 33 18 22 1 49 102 105 71 78 51 141 7 145 137 74 81 117 88 73 30 138 86 101 125 54 144 2 27 4 16 128 149 47 146 5 41 103 20 122 114 13 84 55 52 72 82 36 53 63 45 143 62 50 80 3 92 76 39 25 139 91 104 118 79 93 14 59 75 108 9 111 23 116 77 136 8 21 37 65 97 64 40 131 70 96 19 129 100 121 94 124 140 68 123 99 44 67 56 127 61 17 69 142 42 87 132 0 60 26 115 46 130 133 48 147 135 12 126 110 98 83 57 28 10 11 32 106 95 85 6 34 107 15 120 134 58 38 113 112 31 89 24 66 109
Coste: 629411200

GENERACION: 11
Mejor Solucion:  90 148 35 119 43 29 33 18 22 1 49 102 105 71 78 51 141 7 145 137 74 81 117 88 73 30 138 86 101 125 54 144 2 27 4 16 128 149 47 146 5 41 103 20 122 114 13 84 55 52 72 82 36 53 63 45 143 62 50 80 3 92 76 39 25 139 91 104 118 79 93 14 59 75 108 9 111 23 116 77 136 8 21 37 65 97 64 40 131 70 96 19 129 100 121 94 124 140 68 123 99 44 67 56 127 61 17 69 142 42 87 132 0 60 26 115 46 130 133 48 147 135 12 126 110 98 83 57 28 10 11 32 106 95 85 6 34 107 15 120 134 58 38 113 112 31 89 24 66 109
Coste: 629411200

GENERACION: 12
Mejor Solucion:  90 148 35 119 43 29 33 18 22 1 49 102 105 71 78 51 141 7 145 137 74 81 117 88 73 30 138 86 101 125 54 144 2 27 4 16 128 149 47 146 5 41 103 20 122 114 13 84 55 52 72 82 36 53 63 45 143 62 50 80 3 92 76 39 25 139 91 104 118 79 93 14 59 75 108 9 111 23 116 77 136 8 21 37 65 97 64 40 131 70 96 19 129 100 121 94 124 140 68 123 99 44 67 56 127 61 17 69 142 42 87 132 0 60 26 115 46 130 133 48 147 135 12 126 110 98 83 57 28 10 11 32 106 95 85 6 34 107 15 120 134 58 38 113 112 31 89 24 66 109
Coste: 629411200

GENERACION: 13
Mejor Solucion:  90 148 35 119 43 29 33 18 22 1 49 102 105 71 78 51 141 7 145 137 74 81 117 88 73 30 138 86 101 125 54 144 2 27 4 16 128 149 47 146 5 41 103 20 122 114 13 84 55 52 72 82 36 53 63 45 143 62 50 80 3 92 76 39 25 139 91 104 118 79 93 14 59 75 108 9 111 23 116 77 136 8 21 37 65 97 64 40 131 70 96 19 129 100 121 94 124 140 68 123 99 44 67 56 127 61 17 69 142 42 87 132 0 60 26 115 46 130 133 48 147 135 12 126 110 98 83 57 28 10 11 32 106 95 85 6 34 107 15 120 134 58 38 113 112 31 89 24 66 109
Coste: 629411200

GENERACION: 14
Mejor Solucion:  90 148 35 119 43 29 33 18 22 1 49 102 105 71 78 51 141 7 145 137 74 81 117 88 73 30 138 86 101 125 54 144 2 27 4 16 128 149 47 146 5 41 103 20 122 114 13 84 55 52 72 82 36 53 63 45 143 62 50 80 3 92 76 39 25 139 91 104 118 79 93 14 59 75 108 9 111 23 116 77 136 8 21 37 65 97 64 40 131 70 96 19 129 100 121 94 124 140 68 123 99 44 67 56 127 61 17 69 142 42 87 132 0 60 26 115 46 130 133 48 147 135 12 126 110 98 83 57 28 10 11 32 106 95 85 6 34 107 15 120 134 58 38 113 112 31 89 24 66 109
Coste: 629411200

GENERACION: 15
Mejor Solucion:  90 148 35 119 43 29 33 18 22 1 49 102 105 71 78 51 141 7 145 137 74 81 117 88 73 30 138 86 101 125 54 144 2 27 4 16 128 149 47 146 5 41 103 20 122 114 13 84 55 52 72 82 36 53 63 45 143 62 50 80 3 92 76 39 25 139 91 104 118 79 93 14 59 75 108 9 111 23 116 77 136 8 21 37 65 97 64 40 131 70 96 19 129 100 121 94 124 140 68 123 99 44 67 56 127 61 17 69 142 42 87 132 0 60 26 115 46 130 133 48 147 135 12 126 110 98 83 57 28 10 11 32 106 95 85 6 34 107 15 120 134 58 38 113 112 31 89 24 66 109
Coste: 629411200

GENERACION: 16
Mejor Solucion:  90 148 35 119 43 29 33 18 22 1 49 102 105 71 78 51 141 7 145 137 74 81 117 88 73 30 138 86 101 125 54 144 2 27 4 16 128 149 47 146 5 41 103 20 122 114 13 84 55 52 72 82 36 53 63 45 143 62 50 80 3 92 76 39 25 139 91 104 118 79 93 14 59 75 108 9 111 23 116 77 136 8 21 37 65 97 64 40 131 70 96 19 129 100 121 94 124 140 68 123 99 44 67 56 127 61 17 69 142 42 87 132 0 60 26 115 46 130 133 48 147 135 12 126 110 98 83 57 28 10 11 32 106 95 85 6 34 107 15 120 134 58 38 113 112 31 89 24 66 109
Coste: 629411200

GENERACION: 17
Mejor Solucion:  90 148 35 119 43 29 33 18 22 1 49 102 105 71 78 51 141 7 145 137 74 81 117 88 73 30 138 86 101 125 54 144 2 27 4 16 128 149 47 146 5 41 103 20 122 114 13 84 55 52 72 82 36 53 63 45 143 62 50 80 3 92 76 39 25 139 91 104 118 79 93 14 59 75 108 9 111 23 116 77 136 8 21 37 65 97 64 40 131 70 96 19 129 100 121 94 124 140 68 123 99 44 67 56 127 61 17 69 142 42 87 132 0 60 26 115 46 130 133 48 147 135 12 126 110 98 83 57 28 10 11 32 106 95 85 6 34 107 15 120 134 58 38 113 112 31 89 24 66 109
Coste: 629411200

GENERACION: 18
Mejor Solucion:  90 148 35 119 43 29 33 18 22 1 49 102 105 71 78 51 141 7 145 137 74 81 117 88 73 30 138 86 101 125 54 144 2 27 4 16 128 149 47 146 5 41 103 20 122 114 13 84 55 52 72 82 36 53 63 45 143 62 50 80 3 92 76 39 25 139 91 104 118 79 93 14 59 75 108 9 111 23 116 77 136 8 21 37 65 97 64 40 131 70 96 19 129 100 121 94 124 140 68 123 99 44 67 56 127 61 17 69 142 42 87 132 0 60 26 115 46 130 133 48 147 135 12 126 110 98 83 57 28 10 11 32 106 95 85 6 34 107 15 120 134 58 38 113 112 31 89 24 66 109
Coste: 629411200

GENERACION: 19
Mejor Solucion:  90 148 35 119 43 29 33 18 22 1 49 102 105 71 78 51 141 7 145 137 74 81 117 88 73 30 138 86 101 125 54 144 2 27 4 16 128 149 47 146 5 41 103 20 122 114 13 84 55 52 72 82 36 53 63 45 143 62 50 80 3 92 76 39 25 139 91 104 118 79 93 14 59 75 108 9 111 23 116 77 136 8 21 37 65 97 64 40 131 70 96 19 129 100 121 94 124 140 68 123 99 44 67 56 127 61 17 69 142 42 87 132 0 60 26 115 46 130 133 48 147 135 12 126 110 98 83 57 28 10 11 32 106 95 85 6 34 107 15 120 134 58 38 113 112 31 89 24 66 109
Coste: 629411200

GENERACION: 20
Mejor Solucion:  90 148 35 119 43 29 33 18 22 1 49 102 105 71 78 51 141 7 145 137 74 81 117 88 73 30 138 86 101 125 54 144 2 27 4 16 128 149 47 146 5 41 103 20 122 114 13 84 55 52 72 82 36 53 63 45 143 62 50 80 3 92 76 39 25 139 91 104 118 79 93 14 59 75 108 9 111 23 116 77 136 8 21 37 65 97 64 40 131 70 96 19 129 100 121 94 124 140 68 123 99 44 67 56 127 61 17 69 142 42 87 132 0 60 26 115 46 130 133 48 147 135 12 126 110 98 83 57 28 10 11 32 106 95 85 6 34 107 15 120 134 58 38 113 112 31 89 24 66 109
Coste: 629411200

GENERACION: 21
Mejor Solucion:  90 148 35 119 43 29 33 18 22 1 49 102 105 71 78 51 141 7 145 137 74 81 117 88 73 30 138 86 101 125 54 144 2 27 4 16 128 149 47 146 5 41 103 20 122 114 13 84 55 52 72 82 36 53 63 45 143 62 50 80 3 92 76 39 25 139 91 104 118 79 93 14 59 75 108 9 111 23 116 77 136 8 21 37 65 97 64 40 131 70 96 19 129 100 121 94 124 140 68 123 99 44 67 56 127 61 17 69 142 42 87 132 0 60 26 115 46 130 133 48 147 135 12 126 110 98 83 57 28 10 11 32 106 95 85 6 34 107 15 120 134 58 38 113 112 31 89 24 66 109
Coste: 629411200

GENERACION: 22
Mejor Solucion:  90 148 35 119 43 29 33 18 22 1 49 102 105 71 78 51 141 7 145 137 74 81 117 88 73 30 138 86 101 125 54 144 2 27 4 16 128 149 47 146 5 41 103 20 122 114 13 84 55 52 72 82 36 53 63 45 143 62 50 80 3 92 76 39 25 139 91 104 118 79 93 14 59 75 108 9 111 23 116 77 136 8 21 37 65 97 64 40 131 70 96 19 129 100 121 94 124 140 68 123 99 44 67 56 127 61 17 69 142 42 87 132 0 60 26 115 46 130 133 48 147 135 12 126 110 98 83 57 28 10 11 32 106 95 85 6 34 107 15 120 134 58 38 113 112 31 89 24 66 109
Coste: 629411200

GENERACION: 23
Mejor Solucion:  90 148 35 119 43 29 33 18 22 1 49 102 105 71 78 51 141 7 145 137 74 81 117 88 73 30 138 86 101 125 54 144 2 27 4 16 128 149 47 146 5 41 103 20 122 114 13 84 55 52 72 82 36 53 63 45 143 62 50 80 3 92 76 39 25 139 91 104 118 79 93 14 59 75 108 9 111 23 116 77 136 8 21 37 65 97 64 40 131 70 96 19 129 100 121 94 124 140 68 123 99 44 67 56 127 61 17 69 142 42 87 132 0 60 26 115 46 130 133 48 147 135 12 126 110 98 83 57 28 10 11 32 106 95 85 6 34 107 15 120 134 58 38 113 112 31 89 24 66 109
Coste: 629411200

GENERACION: 24
Mejor Solucion:  90 148 35 119 43 29 33 18 22 1 49 102 105 71 78 51 141 7 145 137 74 81 117 88 73 30 138 86 101 125 54 144 2 27 4 16 128 149 47 146 5 41 103 20 122 114 13 84 55 52 72 82 36 53 63 45 143 62 50 80 3 92 76 39 25 139 91 104 118 79 93 14 59 75 108 9 111 23 116 77 136 8 21 37 65 97 64 40 131 70 96 19 129 100 121 94 124 140 68 123 99 44 67 56 127 61 17 69 142 42 87 132 0 60 26 115 46 130 133 48 147 135 12 126 110 98 83 57 28 10 11 32 106 95 85 6 34 107 15 120 134 58 38 113 112 31 89 24 66 109
Coste: 629411200

GENERACION: 25
Mejor Solucion:  90 148 35 119 43 29 33 18 22 1 49 102 105 71 78 51 141 7 145 137 74 81 117 88 73 30 138 86 101 125 54 144 2 27 4 16 128 149 47 146 5 41 103 20 122 114 13 84 55 52 72 82 36 53 63 45 143 62 50 80 3 92 76 39 25 139 91 104 118 79 93 14 59 75 108 9 111 23 116 77 136 8 21 37 65 97 64 40 131 70 96 19 129 100 121 94 124 140 68 123 99 44 67 56 127 61 17 69 142 42 87 132 0 60 26 115 46 130 133 48 147 135 12 126 110 98 83 57 28 10 11 32 106 95 85 6 34 107 15 120 134 58 38 113 112 31 89 24 66 109
Coste: 629411200

GENERACION: 26
Mejor Solucion:  90 148 35 119 43 29 33 18 22 1 49 102 105 71 78 51 141 7 145 137 74 81 117 88 73 30 138 86 101 125 54 144 2 27 4 16 128 149 47 146 5 41 103 20 122 114 13 84 55 52 72 82 36 53 63 45 143 62 50 80 3 92 76 39 25 139 91 104 118 79 93 14 59 75 108 9 111 23 116 77 136 8 21 37 65 97 64 40 131 70 96 19 129 100 121 94 124 140 68 123 99 44 67 56 127 61 17 69 142 42 87 132 0 60 26 115 46 130 133 48 147 135 12 126 110 98 83 57 28 10 11 32 106 95 85 6 34 107 15 120 134 58 38 113 112 31 89 24 66 109
Coste: 629411200

GENERACION: 27
Mejor Solucion:  90 148 35 119 43 29 33 18 22 1 49 102 105 71 78 51 141 7 145 137 74 81 117 88 73 30 138 86 101 125 54 144 2 27 4 16 128 149 47 146 5 41 103 20 122 114 13 84 55 52 72 82 36 53 63 45 143 62 50 80 3 92 76 39 25 139 91 104 118 79 93 14 59 75 108 9 111 23 116 77 136 8 21 37 65 97 64 40 131 70 96 19 129 100 121 94 124 140 68 123 99 44 67 56 127 61 17 69 142 42 87 132 0 60 26 115 46 130 133 48 147 135 12 126 110 98 83 57 28 10 11 32 106 95 85 6 34 107 15 120 134 58 38 113 112 31 89 24 66 109
Coste: 629411200

GENERACION: 28
Mejor Solucion:  90 148 35 119 43 29 33 18 22 1 49 102 105 71 78 51 141 7 145 137 74 81 117 88 73 30 138 86 101 125 54 144 2 27 4 16 128 149 47 146 5 41 103 20 122 114 13 84 55 52 72 82 36 53 63 45 143 62 50 80 3 92 76 39 25 139 91 104 118 79 93 14 59 75 108 9 111 23 116 77 136 8 21 37 65 97 64 40 131 70 96 19 129 100 121 94 124 140 68 123 99 44 67 56 127 61 17 69 142 42 87 132 0 60 26 115 46 130 133 48 147 135 12 126 110 98 83 57 28 10 11 32 106 95 85 6 34 107 15 120 134 58 38 113 112 31 89 24 66 109
Coste: 629411200

GENERACION: 29
Mejor Solucion:  90 148 35 119 43 29 33 18 22 1 49 102 105 71 78 51 141 7 145 137 74 81 117 88 73 30 138 86 101 125 54 144 2 27 4 16 128 149 47 146 5 41 103 20 122 114 13 84 55 52 72 82 36 53 63 45 143 62 50 80 3 92 76 39 25 139 91 104 118 79 93 14 59 75 108 9 111 23 116 77 136 8 21 37 65 97 64 40 131 70 96 19 129 100 121 94 124 140 68 123 99 44 67 56 127 61 17 69 142 42 87 132 0 60 26 115 46 130 133 48 147 135 12 126 110 98 83 57 28 10 11 32 106 95 85 6 34 107 15 120 134 58 38 113 112 31 89 24 66 109
Coste: 629411200

GENERACION: 30
Mejor Solucion:  90 148 35 119 43 29 33 18 22 1 49 102 105 71 78 51 141 7 145 137 74 81 117 88 73 30 138 86 101 125 54 144 2 27 4 16 128 149 47 146 5 41 103 20 122 114 13 84 55 52 72 82 36 53 63 45 143 62 50 80 3 92 76 39 25 139 91 104 118 79 93 14 59 75 108 9 111 23 116 77 136 8 21 37 65 97 64 40 131 70 96 19 129 100 121 94 124 140 68 123 99 44 67 56 127 61 17 69 142 42 87 132 0 60 26 115 46 130 133 48 147 135 12 126 110 98 83 57 28 10 11 32 106 95 85 6 34 107 15 120 134 58 38 113 112 31 89 24 66 109
Coste: 629411200

GENERACION: 31
Mejor Solucion:  90 148 35 119 43 29 33 18 22 1 49 102 105 71 78 51 141 7 145 137 74 81 117 88 73 30 138 86 101 125 54 144 2 27 4 16 128 149 47 146 5 41 103 20 122 114 13 84 55 52 72 82 36 53 63 45 143 62 50 80 3 92 76 39 25 139 91 104 118 79 93 14 59 75 108 9 111 23 116 77 136 8 21 37 65 97 64 40 131 70 96 19 129 100 121 94 124 140 68 123 99 44 67 56 127 61 17 69 142 42 87 132 0 60 26 115 46 130 133 48 147 135 12 126 110 98 83 57 28 10 11 32 106 95 85 6 34 107 15 120 134 58 38 113 112 31 89 24 66 109
Coste: 629411200

GENERACION: 32
Mejor Solucion:  90 148 35 119 43 29 33 18 22 1 49 102 105 71 78 51 141 7 145 137 74 81 117 88 73 30 138 86 101 125 54 144 2 27 4 16 128 149 47 146 5 41 103 20 122 114 13 84 55 52 72 82 36 53 63 45 143 62 50 80 3 92 76 39 25 139 91 104 118 79 93 14 59 75 108 9 111 23 116 77 136 8 21 37 65 97 64 40 131 70 96 19 129 100 121 94 124 140 68 123 99 44 67 56 127 61 17 69 142 42 87 132 0 60 26 115 46 130 133 48 147 135 12 126 110 98 83 57 28 10 11 32 106 95 85 6 34 107 15 120 134 58 38 113 112 31 89 24 66 109
Coste: 629411200

GENERACION: 33
Mejor Solucion:  90 148 35 119 43 29 33 18 22 1 49 102 105 71 78 51 141 7 145 137 74 81 117 88 73 30 138 86 101 125 54 144 2 27 4 16 128 149 47 146 5 41 103 20 122 114 13 84 55 52 72 82 36 53 63 45 143 62 50 80 3 92 76 39 25 139 91 104 118 79 93 14 59 75 108 9 111 23 116 77 136 8 21 37 65 97 64 40 131 70 96 19 129 100 121 94 124 140 68 123 99 44 67 56 127 61 17 69 142 42 87 132 0 60 26 115 46 130 133 48 147 135 12 126 110 98 83 57 28 10 11 32 106 95 85 6 34 107 15 120 134 58 38 113 112 31 89 24 66 109
Coste: 629411200

GENERACION: 34
Mejor Solucion:  90 148 35 119 43 29 33 18 22 1 49 102 105 71 78 51 141 7 145 137 74 81 117 88 73 30 138 86 101 125 54 144 2 27 4 16 128 149 47 146 5 41 103 20 122 114 13 84 55 52 72 82 36 53 63 45 143 62 50 80 3 92 76 39 25 139 91 104 118 79 93 14 59 75 108 9 111 23 116 77 136 8 21 37 65 97 64 40 131 70 96 19 129 100 121 94 124 140 68 123 99 44 67 56 127 61 17 69 142 42 87 132 0 60 26 115 46 130 133 48 147 135 12 126 110 98 83 57 28 10 11 32 106 95 85 6 34 107 15 120 134 58 38 113 112 31 89 24 66 109
Coste: 629411200

GENERACION: 35
Mejor Solucion:  90 148 35 119 43 29 33 18 22 1 49 102 105 71 78 51 141 7 145 137 74 81 117 88 73 30 138 86 101 125 54 144 2 27 4 16 128 149 47 146 5 41 103 20 122 114 13 84 55 52 72 82 36 53 63 45 143 62 50 80 3 92 76 39 25 139 91 104 118 79 93 14 59 75 108 9 111 23 116 77 136 8 21 37 65 97 64 40 131 70 96 19 129 100 121 94 124 140 68 123 99 44 67 56 127 61 17 69 142 42 87 132 0 60 26 115 46 130 133 48 147 135 12 126 110 98 83 57 28 10 11 32 106 95 85 6 34 107 15 120 134 58 38 113 112 31 89 24 66 109
Coste: 629411200

GENERACION: 36
Mejor Solucion:  90 148 35 119 43 29 33 18 22 1 49 102 105 71 78 51 141 7 145 137 74 81 117 88 73 30 138 86 101 125 54 144 2 27 4 16 128 149 47 146 5 41 103 20 122 114 13 84 55 52 72 82 36 53 63 45 143 62 50 80 3 92 76 39 25 139 91 104 118 79 93 14 59 75 108 9 111 23 116 77 136 8 21 37 65 97 64 40 131 70 96 19 129 100 121 94 124 140 68 123 99 44 67 56 127 61 17 69 142 42 87 132 0 60 26 115 46 130 133 48 147 135 12 126 110 98 83 57 28 10 11 32 106 95 85 6 34 107 15 120 134 58 38 113 112 31 89 24 66 109
Coste: 629411200

GENERACION: 37
Mejor Solucion:  90 148 35 119 43 29 33 18 22 1 49 102 105 71 78 51 141 7 145 137 74 81 117 88 73 30 138 86 101 125 54 144 2 27 4 16 128 149 47 146 5 41 103 20 122 114 13 84 55 52 72 82 36 53 63 45 143 62 50 80 3 92 76 39 25 139 91 104 118 79 93 14 59 75 108 9 111 23 116 77 136 8 21 37 65 97 64 40 131 70 96 19 129 100 121 94 124 140 68 123 99 44 67 56 127 61 17 69 142 42 87 132 0 60 26 115 46 130 133 48 147 135 12 126 110 98 83 57 28 10 11 32 106 95 85 6 34 107 15 120 134 58 38 113 112 31 89 24 66 109
Coste: 629411200

GENERACION: 38
Mejor Solucion:  90 148 35 119 43 29 33 18 22 1 49 102 105 71 78 51 141 7 145 137 74 81 117 88 73 30 138 86 101 125 54 144 2 27 4 16 128 149 47 146 5 41 103 20 122 114 13 84 55 52 72 82 36 53 63 45 143 62 50 80 3 92 76 39 25 139 91 104 118 79 93 14 59 75 108 9 111 23 116 77 136 8 21 37 65 97 64 40 131 70 96 19 129 100 121 94 124 140 68 123 99 44 67 56 127 61 17 69 142 42 87 132 0 60 26 115 46 130 133 48 147 135 12 126 110 98 83 57 28 10 11 32 106 95 85 6 34 107 15 120 134 58 38 113 112 31 89 24 66 109
Coste: 629411200

GENERACION: 39
Mejor Solucion:  90 148 35 119 43 29 33 18 22 1 49 102 105 71 78 51 141 7 145 137 74 81 117 88 73 30 138 86 101 125 54 144 2 27 4 16 128 149 47 146 5 41 103 20 122 114 13 84 55 52 72 82 36 53 63 45 143 62 50 80 3 92 76 39 25 139 91 104 118 79 93 14 59 75 108 9 111 23 116 77 136 8 21 37 65 97 64 40 131 70 96 19 129 100 121 94 124 140 68 123 99 44 67 56 127 61 17 69 142 42 87 132 0 60 26 115 46 130 133 48 147 135 12 126 110 98 83 57 28 10 11 32 106 95 85 6 34 107 15 120 134 58 38 113 112 31 89 24 66 109
Coste: 629411200

GENERACION: 40
Mejor Solucion:  90 148 35 119 43 29 33 18 22 1 49 102 105 71 78 51 141 7 145 137 74 81 117 88 73 30 138 86 101 125 54 144 2 27 4 16 128 149 47 146 5 41 103 20 122 114 13 84 55 52 72 82 36 53 63 45 143 62 50 80 3 92 76 39 25 139 91 104 118 79 93 14 59 75 108 9 111 23 116 77 136 8 21 37 65 97 64 40 131 70 96 19 129 100 121 94 124 140 68 123 99 44 67 56 127 61 17 69 142 42 87 132 0 60 26 115 46 130 133 48 147 135 12 126 110 98 83 57 28 10 11 32 106 95 85 6 34 107 15 120 134 58 38 113 112 31 89 24 66 109
Coste: 629411200

GENERACION: 41
Mejor Solucion:  90 148 35 119 43 29 33 18 22 1 49 102 105 71 78 51 141 7 145 137 74 81 117 88 73 30 138 86 101 125 54 144 2 27 4 16 128 149 47 146 5 41 103 20 122 114 13 84 55 52 72 82 36 53 63 45 143 62 50 80 3 92 76 39 25 139 91 104 118 79 93 14 59 75 108 9 111 23 116 77 136 8 21 37 65 97 64 40 131 70 96 19 129 100 121 94 124 140 68 123 99 44 67 56 127 61 17 69 142 42 87 132 0 60 26 115 46 130 133 48 147 135 12 126 110 98 83 57 28 10 11 32 106 95 85 6 34 107 15 120 134 58 38 113 112 31 89 24 66 109
Coste: 629411200

GENERACION: 42
Mejor Solucion:  90 148 35 119 43 29 33 18 22 1 49 102 105 71 78 51 141 7 145 137 74 81 117 88 73 30 138 86 101 125 54 144 2 27 4 16 128 149 47 146 5 41 103 20 122 114 13 84 55 52 72 82 36 53 63 45 143 62 50 80 3 92 76 39 25 139 91 104 118 79 93 14 59 75 108 9 111 23 116 77 136 8 21 37 65 97 64 40 131 70 96 19 129 100 121 94 124 140 68 123 99 44 67 56 127 61 17 69 142 42 87 132 0 60 26 115 46 130 133 48 147 135 12 126 110 98 83 57 28 10 11 32 106 95 85 6 34 107 15 120 134 58 38 113 112 31 89 24 66 109
Coste: 629411200

GENERACION: 43
Mejor Solucion:  90 148 35 119 43 29 33 18 22 1 49 102 105 71 78 51 141 7 145 137 74 81 117 88 73 30 138 86 101 125 54 144 2 27 4 16 128 149 47 146 5 41 103 20 122 114 13 84 55 52 72 82 36 53 63 45 143 62 50 80 3 92 76 39 25 139 91 104 118 79 93 14 59 75 108 9 111 23 116 77 136 8 21 37 65 97 64 40 131 70 96 19 129 100 121 94 124 140 68 123 99 44 67 56 127 61 17 69 142 42 87 132 0 60 26 115 46 130 133 48 147 135 12 126 110 98 83 57 28 10 11 32 106 95 85 6 34 107 15 120 134 58 38 113 112 31 89 24 66 109
Coste: 629411200

GENERACION: 44
Mejor Solucion:  90 148 35 119 43 29 33 18 22 1 49 102 105 71 78 51 141 7 145 137 74 81 117 88 73 30 138 86 101 125 54 144 2 27 4 16 128 149 47 146 5 41 103 20 122 114 13 84 55 52 72 82 36 53 63 45 143 62 50 80 3 92 76 39 25 139 91 104 118 79 93 14 59 75 108 9 111 23 116 77 136 8 21 37 65 97 64 40 131 70 96 19 129 100 121 94 124 140 68 123 99 44 67 56 127 61 17 69 142 42 87 132 0 60 26 115 46 130 133 48 147 135 12 126 110 98 83 57 28 10 11 32 106 95 85 6 34 107 15 120 134 58 38 113 112 31 89 24 66 109
Coste: 629411200

GENERACION: 45
Mejor Solucion:  90 148 35 119 43 29 33 18 22 1 49 102 105 71 78 51 141 7 145 137 74 81 117 88 73 30 138 86 101 125 54 144 2 27 4 16 128 149 47 146 5 41 103 20 122 114 13 84 55 52 72 82 36 53 63 45 143 62 50 80 3 92 76 39 25 139 91 104 118 79 93 14 59 75 108 9 111 23 116 77 136 8 21 37 65 97 64 40 131 70 96 19 129 100 121 94 124 140 68 123 99 44 67 56 127 61 17 69 142 42 87 132 0 60 26 115 46 130 133 48 147 135 12 126 110 98 83 57 28 10 11 32 106 95 85 6 34 107 15 120 134 58 38 113 112 31 89 24 66 109
Coste: 629411200

GENERACION: 46
Mejor Solucion:  90 148 35 119 43 29 33 18 22 1 49 102 105 71 78 51 141 7 145 137 74 81 117 88 73 30 138 86 101 125 54 144 2 27 4 16 128 149 47 146 5 41 103 20 122 114 13 84 55 52 72 82 36 53 63 45 143 62 50 80 3 92 76 39 25 139 91 104 118 79 93 14 59 75 108 9 111 23 116 77 136 8 21 37 65 97 64 40 131 70 96 19 129 100 121 94 124 140 68 123 99 44 67 56 127 61 17 69 142 42 87 132 0 60 26 115 46 130 133 48 147 135 12 126 110 98 83 57 28 10 11 32 106 95 85 6 34 107 15 120 134 58 38 113 112 31 89 24 66 109
Coste: 629411200

GENERACION: 47
Mejor Solucion:  90 148 35 119 43 29 33 18 22 1 49 102 105 71 78 51 141 7 145 137 74 81 117 88 73 30 138 86 101 125 54 144 2 27 4 16 128 149 47 146 5 41 103 20 122 114 13 84 55 52 72 82 36 53 63 45 143 62 50 80 3 92 76 39 25 139 91 104 118 79 93 14 59 75 108 9 111 23 116 77 136 8 21 37 65 97 64 40 131 70 96 19 129 100 121 94 124 140 68 123 99 44 67 56 127 61 17 69 142 42 87 132 0 60 26 115 46 130 133 48 147 135 12 126 110 98 83 57 28 10 11 32 106 95 85 6 34 107 15 120 134 58 38 113 112 31 89 24 66 109
Coste: 629411200

GENERACION: 48
Mejor Solucion:  90 148 35 119 43 29 33 18 22 1 49 102 105 71 78 51 141 7 145 137 74 81 117 88 73 30 138 86 101 125 54 144 2 27 4 16 128 149 47 146 5 41 103 20 122 114 13 84 55 52 72 82 36 53 63 45 143 62 50 80 3 92 76 39 25 139 91 104 118 79 93 14 59 75 108 9 111 23 116 77 136 8 21 37 65 97 64 40 131 70 96 19 129 100 121 94 124 140 68 123 99 44 67 56 127 61 17 69 142 42 87 132 0 60 26 115 46 130 133 48 147 135 12 126 110 98 83 57 28 10 11 32 106 95 85 6 34 107 15 120 134 58 38 113 112 31 89 24 66 109
Coste: 629411200

GENERACION: 49
Mejor Solucion:  90 148 35 119 43 29 33 18 22 1 49 102 105 71 78 51 141 7 145 137 74 81 117 88 73 30 138 86 101 125 54 144 2 27 4 16 128 149 47 146 5 41 103 20 122 114 13 84 55 52 72 82 36 53 63 45 143 62 50 80 3 92 76 39 25 139 91 104 118 79 93 14 59 75 108 9 111 23 116 77 136 8 21 37 65 97 64 40 131 70 96 19 129 100 121 94 124 140 68 123 99 44 67 56 127 61 17 69 142 42 87 132 0 60 26 115 46 130 133 48 147 135 12 126 110 98 83 57 28 10 11 32 106 95 85 6 34 107 15 120 134 58 38 113 112 31 89 24 66 109
Coste: 629411200

GENERACION: 50
Mejor Solucion:  90 148 35 119 43 29 33 18 22 1 49 102 105 71 78 51 141 7 145 137 74 81 117 88 73 30 138 86 101 125 54 144 2 27 4 16 128 149 47 146 5 41 103 20 122 114 13 84 55 52 72 82 36 53 63 45 143 62 50 80 3 92 76 39 25 139 91 104 118 79 93 14 59 75 108 9 111 23 116 77 136 8 21 37 65 97 64 40 131 70 96 19 129 100 121 94 124 140 68 123 99 44 67 56 127 61 17 69 142 42 87 132 0 60 26 115 46 130 133 48 147 135 12 126 110 98 83 57 28 10 11 32 106 95 85 6 34 107 15 120 134 58 38 113 112 31 89 24 66 109
Coste: 629411200

GENERACION: 51
Mejor Solucion:  90 148 35 119 43 29 33 18 22 1 49 102 105 71 78 51 141 7 145 137 74 81 117 88 73 30 138 86 101 125 54 144 2 27 4 16 128 149 47 146 5 41 103 20 122 114 13 84 55 52 72 82 36 53 63 45 143 62 50 80 3 92 76 39 25 139 91 104 118 79 93 14 59 75 108 9 111 23 116 77 136 8 21 37 65 97 64 40 131 70 96 19 129 100 121 94 124 140 68 123 99 44 67 56 127 61 17 69 142 42 87 132 0 60 26 115 46 130 133 48 147 135 12 126 110 98 83 57 28 10 11 32 106 95 85 6 34 107 15 120 134 58 38 113 112 31 89 24 66 109
Coste: 629411200

GENERACION: 52
Mejor Solucion:  90 148 35 119 43 29 33 18 22 1 49 102 105 71 78 51 141 7 145 137 74 81 117 88 73 30 138 86 101 125 54 144 2 27 4 16 128 149 47 146 5 41 103 20 122 114 13 84 55 52 72 82 36 53 63 45 143 62 50 80 3 92 76 39 25 139 91 104 118 79 93 14 59 75 108 9 111 23 116 77 136 8 21 37 65 97 64 40 131 70 96 19 129 100 121 94 124 140 68 123 99 44 67 56 127 61 17 69 142 42 87 132 0 60 26 115 46 130 133 48 147 135 12 126 110 98 83 57 28 10 11 32 106 95 85 6 34 107 15 120 134 58 38 113 112 31 89 24 66 109
Coste: 629411200

GENERACION: 53
Mejor Solucion:  16 51 46 119 25 84 62 88 52 86 40 1 33 93 77 50 27 142 57 132 130 9 0 58 149 56 92 30 115 55 135 54 98 59 127 143 131 80 36 128 14 73 67 109 75 111 2 53 121 146 79 134 96 41 13 69 21 133 4 63 60 82 118 39 123 139 74 12 29 124 148 19 145 47 37 76 18 147 65 7 5 122 23 44 125 81 64 102 141 87 26 28 129 100 31 136 38 140 68 20 99 120 17 49 6 11 108 103 71 144 8 66 48 3 137 34 24 35 15 117 72 107 110 126 104 91 138 42 101 10 22 94 95 114 85 90 43 116 106 105 83 113 70 61 89 97 45 32 78 112
Coste: 626454913

GENERACION: 54
Mejor Solucion:  16 51 46 119 25 84 62 88 52 86 40 1 33 93 77 50 27 142 57 132 130 9 0 58 149 56 92 30 115 55 135 54 98 59 127 143 131 80 36 128 14 73 67 109 75 111 2 53 121 146 79 134 96 41 13 69 21 133 4 63 60 82 118 39 123 139 74 12 29 124 148 19 145 47 37 76 18 147 65 7 5 122 23 44 125 81 64 102 141 87 26 28 129 100 31 136 38 140 68 20 99 120 17 49 6 11 108 103 71 144 8 66 48 3 137 34 24 35 15 117 72 107 110 126 104 91 138 42 101 10 22 94 95 114 85 90 43 116 106 105 83 113 70 61 89 97 45 32 78 112
Coste: 626454913

GENERACION: 55
Mejor Solucion:  16 51 46 119 25 84 62 88 52 86 40 1 33 93 77 50 27 142 57 132 130 9 0 58 149 56 92 30 115 55 135 54 98 59 127 143 131 80 36 128 14 73 67 109 75 111 2 53 121 146 79 134 96 41 13 69 21 133 4 63 60 82 118 39 123 139 74 12 29 124 148 19 145 47 37 76 18 147 65 7 5 122 23 44 125 81 64 102 141 87 26 28 129 100 31 136 38 140 68 20 99 120 17 49 6 11 108 103 71 144 8 66 48 3 137 34 24 35 15 117 72 107 110 126 104 91 138 42 101 10 22 94 95 114 85 90 43 116 106 105 83 113 70 61 89 97 45 32 78 112
Coste: 626454913

GENERACION: 56
Mejor Solucion:  16 51 46 119 25 84 62 88 52 86 40 1 33 93 77 50 27 142 57 132 130 9 0 58 149 56 92 30 115 55 135 54 98 59 127 143 131 80 36 128 14 73 67 109 75 111 2 53 121 146 79 134 96 41 13 69 21 133 4 63 60 82 118 39 123 139 74 12 29 124 148 19 145 47 37 76 18 147 65 7 5 122 23 44 125 81 64 102 141 87 26 28 129 100 31 136 38 140 68 20 99 120 17 49 6 11 108 103 71 144 8 66 48 3 137 34 24 35 15 117 72 107 110 126 104 91 138 42 101 10 22 94 95 114 85 90 43 116 106 105 83 113 70 61 89 97 45 32 78 112
Coste: 626454913

GENERACION: 57
Mejor Solucion:  16 51 46 119 25 84 62 88 52 86 40 1 33 93 77 50 27 142 57 132 130 9 0 58 149 56 92 30 115 55 135 54 98 59 127 143 131 80 36 128 14 73 67 109 75 111 2 53 121 146 79 134 96 41 13 69 21 133 4 63 60 82 118 39 123 139 74 12 29 124 148 19 145 47 37 76 18 147 65 7 5 122 23 44 125 81 64 102 141 87 26 28 129 100 31 136 38 140 68 20 99 120 17 49 6 11 108 103 71 144 8 66 48 3 137 34 24 35 15 117 72 107 110 126 104 91 138 42 101 10 22 94 95 114 85 90 43 116 106 105 83 113 70 61 89 97 45 32 78 112
Coste: 626454913

GENERACION: 58
Mejor Solucion:  16 51 46 119 25 84 62 88 52 86 40 1 33 93 77 50 27 142 57 132 130 9 0 58 149 56 92 30 115 55 135 54 98 59 127 143 131 80 36 128 14 73 67 109 75 111 2 53 121 146 79 134 96 41 13 69 21 133 4 63 60 82 118 39 123 139 74 12 29 124 148 19 145 47 37 76 18 147 65 7 5 122 23 44 125 81 64 102 141 87 26 28 129 100 31 136 38 140 68 20 99 120 17 49 6 11 108 103 71 144 8 66 48 3 137 34 24 35 15 117 72 107 110 126 104 91 138 42 101 10 22 94 95 114 85 90 43 116 106 105 83 113 70 61 89 97 45 32 78 112
Coste: 626454913

GENERACION: 59
Mejor Solucion:  16 51 46 119 25 84 62 88 52 86 40 1 33 93 77 50 27 142 57 132 130 9 0 58 149 56 92 30 115 55 135 54 98 59 127 143 131 80 36 128 14 73 67 109 75 111 2 53 121 146 79 134 96 41 13 69 21 133 4 63 60 82 118 39 123 139 74 12 29 124 148 19 145 47 37 76 18 147 65 7 5 122 23 44 125 81 64 102 141 87 26 28 129 100 31 136 38 140 68 20 99 120 17 49 6 11 108 103 71 144 8 66 48 3 137 34 24 35 15 117 72 107 110 126 104 91 138 42 101 10 22 94 95 114 85 90 43 116 106 105 83 113 70 61 89 97 45 32 78 112
Coste: 626454913

GENERACION: 60
Mejor Solucion:  16 51 46 119 25 84 62 88 52 86 40 1 33 93 77 50 27 142 57 132 130 9 0 58 149 56 92 30 115 55 135 54 98 59 127 143 131 80 36 128 14 73 67 109 75 111 2 53 121 146 79 134 96 41 13 69 21 133 4 63 60 82 118 39 123 139 74 12 29 124 148 19 145 47 37 76 18 147 65 7 5 122 23 44 125 81 64 102 141 87 26 28 129 100 31 136 38 140 68 20 99 120 17 49 6 11 108 103 71 144 8 66 48 3 137 34 24 35 15 117 72 107 110 126 104 91 138 42 101 10 22 94 95 114 85 90 43 116 106 105 83 113 70 61 89 97 45 32 78 112
Coste: 626454913

GENERACION: 61
Mejor Solucion:  16 51 46 119 25 84 62 88 52 86 40 1 33 93 77 50 27 142 57 132 130 9 0 58 149 56 92 30 115 55 135 54 98 59 127 143 131 80 36 128 14 73 67 109 75 111 2 53 121 146 79 134 96 41 13 69 21 133 4 63 60 82 118 39 123 139 74 12 29 124 148 19 145 47 37 76 18 147 65 7 5 122 23 44 125 81 64 102 141 87 26 28 129 100 31 136 38 140 68 20 99 120 17 49 6 11 108 103 71 144 8 66 48 3 137 34 24 35 15 117 72 107 110 126 104 91 138 42 101 10 22 94 95 114 85 90 43 116 106 105 83 113 70 61 89 97 45 32 78 112
Coste: 626454913

