GENERACION: 1
Mejor Solucion:  96 23 95 75 49 50 11 97 76 85 40 80 71 43 25 41 86 35 31 92 10 33 19 68 38 60 79 61 98 13 51 64 18 81 46 7 62 12 34 14 87 36 42 63 53 3 93 84 45 55 72 29 0 24 20 39 4 94 88 67 83 78 1 9 58 56 26 70 30 90 82 2 91 16 27 28 59 48 37 69 74 57 89 6 15 5 44 73 77 52 47 8 65 99 54 21 17 66 22 32
Coste: 1664168241

GENERACION: 2
Mejor Solucion:  96 23 95 75 49 50 11 97 76 85 40 80 71 43 25 41 86 35 31 92 10 33 19 68 38 60 79 61 98 13 51 64 18 81 46 7 62 12 34 14 87 36 42 63 53 3 93 84 45 55 72 29 0 24 20 39 4 94 88 67 83 78 1 9 58 56 26 70 30 90 82 2 91 16 27 28 59 48 37 69 74 57 89 6 15 5 44 73 77 52 47 8 65 99 54 21 17 66 22 32
Coste: 1664168241

GENERACION: 3
Mejor Solucion:  96 23 95 75 49 50 11 97 76 85 40 80 71 43 25 41 86 35 31 92 10 33 19 68 38 60 79 61 98 13 51 64 18 81 46 7 62 12 34 14 87 36 42 63 53 3 93 84 45 55 72 29 0 24 20 39 4 94 88 67 83 78 1 9 58 56 26 70 30 90 82 2 91 16 27 28 59 48 37 69 74 57 89 6 15 5 44 73 77 52 47 8 65 99 54 21 17 66 22 32
Coste: 1664168241

GENERACION: 4
Mejor Solucion:  96 23 95 75 49 50 11 97 76 85 40 80 71 43 25 41 86 35 31 92 10 33 19 68 38 60 79 61 98 13 51 64 18 81 46 7 62 12 34 14 87 36 42 63 53 3 93 84 45 55 72 29 0 24 20 39 4 94 88 67 83 78 1 9 58 56 26 70 30 90 82 2 91 16 27 28 59 48 37 69 74 57 89 6 15 5 44 73 77 52 47 8 65 99 54 21 17 66 22 32
Coste: 1664168241

GENERACION: 5
Mejor Solucion:  96 23 95 75 49 50 11 97 76 85 40 80 71 43 25 41 86 35 31 92 10 33 19 68 38 60 79 61 98 13 51 64 18 81 46 7 62 12 34 14 87 36 42 63 53 3 93 84 45 55 72 29 0 24 20 39 4 94 88 67 83 78 1 9 58 56 26 70 30 90 82 2 91 16 27 28 59 48 37 69 74 57 89 6 15 5 44 73 77 52 47 8 65 99 54 21 17 66 22 32
Coste: 1664168241

GENERACION: 6
Mejor Solucion:  96 23 95 75 49 50 11 97 76 85 40 80 71 43 25 41 86 35 31 92 10 33 19 68 38 60 79 61 98 13 51 64 18 81 46 7 62 12 34 14 87 36 42 63 53 3 93 84 45 55 72 29 0 24 20 39 4 94 88 67 83 78 1 9 58 56 26 70 30 90 82 2 91 16 27 28 59 48 37 69 74 57 89 6 15 5 44 73 77 52 47 8 65 99 54 21 17 66 22 32
Coste: 1664168241

GENERACION: 7
Mejor Solucion:  96 23 95 75 49 50 11 97 76 85 40 80 71 43 25 41 86 35 31 92 10 33 19 68 38 60 79 61 98 13 51 64 18 81 46 7 62 12 34 14 87 36 42 63 53 3 93 84 45 55 72 29 0 24 20 39 4 94 88 67 83 78 1 9 58 56 26 70 30 90 82 2 91 16 27 28 59 48 37 69 74 57 89 6 15 5 44 73 77 52 47 8 65 99 54 21 17 66 22 32
Coste: 1664168241

GENERACION: 8
Mejor Solucion:  96 23 95 75 49 50 11 97 76 85 40 80 71 43 25 41 86 35 31 92 10 33 19 68 38 60 79 61 98 13 51 64 18 81 46 7 62 12 34 14 87 36 42 63 53 3 93 84 45 55 72 29 0 24 20 39 4 94 88 67 83 78 1 9 58 56 26 70 30 90 82 2 91 16 27 28 59 48 37 69 74 57 89 6 15 5 44 73 77 52 47 8 65 99 54 21 17 66 22 32
Coste: 1664168241

GENERACION: 9
Mejor Solucion:  96 23 95 75 49 50 11 97 76 85 40 80 71 43 25 41 86 35 31 92 10 33 19 68 38 60 79 61 98 13 51 64 18 81 46 7 62 12 34 14 87 36 42 63 53 3 93 84 45 55 72 29 0 24 20 39 4 94 88 67 83 78 1 9 58 56 26 70 30 90 82 2 91 16 27 28 59 48 37 69 74 57 89 6 15 5 44 73 77 52 47 8 65 99 54 21 17 66 22 32
Coste: 1664168241

GENERACION: 10
Mejor Solucion:  96 23 95 75 49 50 11 97 76 85 40 80 71 43 25 41 86 35 31 92 10 33 19 68 38 60 79 61 98 13 51 64 18 81 46 7 62 12 34 14 87 36 42 63 53 3 93 84 45 55 72 29 0 24 20 39 4 94 88 67 83 78 1 9 58 56 26 70 30 90 82 2 91 16 27 28 59 48 37 69 74 57 89 6 15 5 44 73 77 52 47 8 65 99 54 21 17 66 22 32
Coste: 1664168241

GENERACION: 11
Mejor Solucion:  96 23 95 75 49 50 11 97 76 85 40 80 71 43 25 41 86 35 31 92 10 33 19 68 38 60 79 61 98 13 51 64 18 81 46 7 62 12 34 14 87 36 42 63 53 3 93 84 45 55 72 29 0 24 20 39 4 94 88 67 83 78 1 9 58 56 26 70 30 90 82 2 91 16 27 28 59 48 37 69 74 57 89 6 15 5 44 73 77 52 47 8 65 99 54 21 17 66 22 32
Coste: 1664168241

GENERACION: 12
Mejor Solucion:  93 95 75 49 50 2 48 76 23 85 40 80 71 43 25 41 86 35 31 8 10 33 19 68 38 60 79 61 98 13 51 64 18 81 46 7 42 12 77 14 87 36 62 63 53 3 96 84 45 55 72 29 0 24 20 39 52 94 88 67 83 78 1 9 74 54 26 70 90 99 82 11 91 16 27 28 59 97 37 89 58 57 69 6 15 5 65 73 34 4 47 92 44 30 56 21 17 66 22 32
Coste: 1656901868

GENERACION: 13
Mejor Solucion:  93 95 75 49 50 2 48 76 23 85 40 80 71 43 25 41 86 35 31 8 10 33 19 68 38 60 79 61 98 13 51 64 18 81 46 7 42 12 77 14 87 36 62 63 53 3 96 84 45 55 72 29 0 24 20 39 52 94 88 67 83 78 1 9 74 54 26 70 90 99 82 11 91 16 27 28 59 97 37 89 58 57 69 6 15 5 65 73 34 4 47 92 44 30 56 21 17 66 22 32
Coste: 1656901868

GENERACION: 14
Mejor Solucion:  93 95 75 49 50 2 48 76 23 85 40 80 71 43 25 41 86 35 31 8 10 33 19 68 38 60 79 61 98 13 51 64 18 81 46 7 42 12 77 14 87 36 62 63 53 3 96 84 45 55 72 29 0 24 20 39 52 94 88 67 83 78 1 9 74 54 26 70 90 99 82 11 91 16 27 28 59 97 37 89 58 57 69 6 15 5 65 73 34 4 47 92 44 30 56 21 17 66 22 32
Coste: 1656901868

GENERACION: 15
Mejor Solucion:  93 95 75 49 50 2 48 76 23 85 40 80 71 43 25 41 86 35 31 8 10 33 19 68 38 60 79 61 98 13 51 64 18 81 46 7 42 12 77 14 87 36 62 63 53 3 96 84 45 55 72 29 0 24 20 39 52 94 88 67 83 78 1 9 74 54 26 70 90 99 82 11 91 16 27 28 59 97 37 89 58 57 69 6 15 5 65 73 34 4 47 92 44 30 56 21 17 66 22 32
Coste: 1656901868

GENERACION: 16
Mejor Solucion:  93 95 75 49 50 2 48 76 23 85 40 80 71 43 25 41 86 35 31 8 10 33 19 68 38 60 79 61 98 13 51 64 18 81 46 7 42 12 77 14 87 36 62 63 53 3 96 84 45 55 72 29 0 24 20 39 52 94 88 67 83 78 1 9 74 54 26 70 90 99 82 11 91 16 27 28 59 97 37 89 58 57 69 6 15 5 65 73 34 4 47 92 44 30 56 21 17 66 22 32
Coste: 1656901868

GENERACION: 17
Mejor Solucion:  93 95 75 49 50 2 48 76 23 85 40 80 71 43 25 41 86 35 31 8 10 33 19 68 38 60 79 61 98 13 51 64 18 81 46 7 42 12 77 14 87 36 62 63 53 3 96 84 45 55 72 29 0 24 20 39 52 94 88 67 83 78 1 9 74 54 26 70 90 99 82 11 91 16 27 28 59 97 37 89 58 57 69 6 15 5 65 73 34 4 47 92 44 30 56 21 17 66 22 32
Coste: 1656901868

GENERACION: 18
Mejor Solucion:  93 95 75 49 50 2 48 76 23 85 40 80 71 43 25 41 86 35 31 8 10 33 19 68 38 60 79 61 98 13 51 64 18 81 46 7 42 12 77 14 87 36 62 63 53 3 96 84 45 55 72 29 0 24 20 39 52 94 88 67 83 78 1 9 74 54 26 70 90 99 82 11 91 16 27 28 59 97 37 89 58 57 69 6 15 5 65 73 34 4 47 92 44 30 56 21 17 66 22 32
Coste: 1656901868

GENERACION: 19
Mejor Solucion:  93 95 75 49 50 2 48 76 23 85 40 80 71 43 25 41 86 35 31 8 10 33 19 68 38 60 79 61 98 13 51 64 18 81 46 7 42 12 77 14 87 36 62 63 53 3 96 84 45 55 72 29 0 24 20 39 52 94 88 67 83 78 1 9 74 54 26 70 90 99 82 11 91 16 27 28 59 97 37 89 58 57 69 6 15 5 65 73 34 4 47 92 44 30 56 21 17 66 22 32
Coste: 1656901868

GENERACION: 20
Mejor Solucion:  93 95 75 49 50 2 48 76 23 85 40 80 71 43 25 41 86 35 31 8 10 33 19 68 38 60 79 61 98 13 51 64 18 81 46 7 42 12 77 14 87 36 62 63 53 3 96 84 45 55 72 29 0 24 20 39 52 94 88 67 83 78 1 9 74 54 26 70 90 99 82 11 91 16 27 28 59 97 37 89 58 57 69 6 15 5 65 73 34 4 47 92 44 30 56 21 17 66 22 32
Coste: 1656901868

GENERACION: 21
Mejor Solucion:  93 95 75 49 50 2 48 76 23 85 40 80 71 43 25 41 86 35 31 8 10 33 19 68 38 60 79 61 98 13 51 64 18 81 46 7 42 12 77 14 87 36 62 63 53 3 96 84 45 55 72 29 0 24 20 39 52 94 88 67 83 78 1 9 74 54 26 70 90 99 82 11 91 16 27 28 59 97 37 89 58 57 69 6 15 5 65 73 34 4 47 92 44 30 56 21 17 66 22 32
Coste: 1656901868

GENERACION: 22
Mejor Solucion:  93 95 75 49 50 2 48 76 23 85 40 80 71 43 25 41 86 35 31 8 10 33 19 68 38 60 79 61 98 13 51 64 18 81 46 7 42 12 77 14 87 36 62 63 53 3 96 84 45 55 72 29 0 24 20 39 52 94 88 67 83 78 1 9 74 54 26 70 90 99 82 11 91 16 27 28 59 97 37 89 58 57 69 6 15 5 65 73 34 4 47 92 44 30 56 21 17 66 22 32
Coste: 1656901868

GENERACION: 23
Mejor Solucion:  93 95 75 49 50 2 48 76 23 85 40 80 71 43 25 41 86 35 31 8 10 33 19 68 38 60 79 61 98 13 51 64 18 81 46 7 42 12 77 14 87 36 62 63 53 3 96 84 45 55 72 29 0 24 20 39 52 94 88 67 83 78 1 9 74 54 26 70 90 99 82 11 91 16 27 28 59 97 37 89 58 57 69 6 15 5 65 73 34 4 47 92 44 30 56 21 17 66 22 32
Coste: 1656901868

GENERACION: 24
Mejor Solucion:  93 95 75 49 50 2 48 76 23 85 40 80 71 43 25 41 86 35 31 8 10 33 19 68 38 60 79 61 98 13 51 64 18 81 46 7 42 12 77 14 87 36 62 63 53 3 96 84 45 55 72 29 0 24 20 39 52 94 88 67 83 78 1 9 74 54 26 70 90 99 82 11 91 16 27 28 59 97 37 89 58 57 69 6 15 5 65 73 34 4 47 92 44 30 56 21 17 66 22 32
Coste: 1656901868

GENERACION: 25
Mejor Solucion:  93 95 75 49 50 2 48 76 23 85 40 80 71 43 25 41 86 35 31 8 10 33 19 68 38 60 79 61 98 13 51 64 18 81 46 7 42 12 77 14 87 36 62 63 53 3 96 84 45 55 72 29 0 24 20 39 52 94 88 67 83 78 1 9 74 54 26 70 90 99 82 11 91 16 27 28 59 97 37 89 58 57 69 6 15 5 65 73 34 4 47 92 44 30 56 21 17 66 22 32
Coste: 1656901868

GENERACION: 26
Mejor Solucion:  93 95 75 49 50 2 48 76 23 85 40 80 71 43 25 41 86 35 31 8 10 33 19 68 38 60 79 61 98 13 51 64 18 81 46 7 42 12 77 14 87 36 62 63 53 3 96 84 45 55 72 29 0 24 20 39 52 94 88 67 83 78 1 9 74 54 26 70 90 99 82 11 91 16 27 28 59 97 37 89 58 57 69 6 15 5 65 73 34 4 47 92 44 30 56 21 17 66 22 32
Coste: 1656901868

GENERACION: 27
Mejor Solucion:  93 95 75 49 50 2 48 76 23 85 40 80 71 43 25 41 86 35 31 8 10 33 19 68 38 60 79 61 98 13 51 64 18 81 46 7 42 12 77 14 87 36 62 63 53 3 96 84 45 55 72 29 0 24 20 39 52 94 88 67 83 78 1 9 74 54 26 70 90 99 82 11 91 16 27 28 59 97 37 89 58 57 69 6 15 5 65 73 34 4 47 92 44 30 56 21 17 66 22 32
Coste: 1656901868

GENERACION: 28
Mejor Solucion:  93 95 75 49 50 2 48 76 23 85 40 80 71 43 25 41 86 35 31 8 10 33 19 68 38 60 79 61 98 13 51 64 18 81 46 7 42 12 77 14 87 36 62 63 53 3 96 84 45 55 72 29 0 24 20 39 52 94 88 67 83 78 1 9 74 54 26 70 90 99 82 11 91 16 27 28 59 97 37 89 58 57 69 6 15 5 65 73 34 4 47 92 44 30 56 21 17 66 22 32
Coste: 1656901868

GENERACION: 29
Mejor Solucion:  93 95 75 49 50 2 48 76 23 85 40 80 71 43 25 41 86 35 31 8 10 33 19 68 38 60 79 61 98 13 51 64 18 81 46 7 42 12 77 14 87 36 62 63 53 3 96 84 45 55 72 29 0 24 20 39 52 94 88 67 83 78 1 9 74 54 26 70 90 99 82 11 91 16 27 28 59 97 37 89 58 57 69 6 15 5 65 73 34 4 47 92 44 30 56 21 17 66 22 32
Coste: 1656901868

GENERACION: 30
Mejor Solucion:  93 95 75 49 50 2 48 76 23 85 40 80 71 43 25 41 86 35 31 8 10 33 19 68 38 60 79 61 98 13 51 64 18 81 46 7 42 12 77 14 87 36 62 63 53 3 96 84 45 55 72 29 0 24 20 39 52 94 88 67 83 78 1 9 74 54 26 70 90 99 82 11 91 16 27 28 59 97 37 89 58 57 69 6 15 5 65 73 34 4 47 92 44 30 56 21 17 66 22 32
Coste: 1656901868

GENERACION: 31
Mejor Solucion:  93 95 75 49 50 2 48 76 23 85 40 80 71 43 25 41 86 35 31 8 10 33 19 68 38 60 79 61 98 13 51 64 18 81 46 7 42 12 77 14 87 36 62 63 53 3 96 84 45 55 72 29 0 24 20 39 52 94 88 67 83 78 1 9 74 54 26 70 90 99 82 11 91 16 27 28 59 97 37 89 58 57 69 6 15 5 65 73 34 4 47 92 44 30 56 21 17 66 22 32
Coste: 1656901868

GENERACION: 32
Mejor Solucion:  93 95 75 49 50 2 48 76 23 85 40 80 71 43 25 41 86 35 31 8 10 33 19 68 38 60 79 61 98 13 51 64 18 81 46 7 42 12 77 14 87 36 62 63 53 3 96 84 45 55 72 29 0 24 20 39 52 94 88 67 83 78 1 9 74 54 26 70 90 99 82 11 91 16 27 28 59 97 37 89 58 57 69 6 15 5 65 73 34 4 47 92 44 30 56 21 17 66 22 32
Coste: 1656901868

GENERACION: 33
Mejor Solucion:  93 95 75 49 50 2 48 76 23 85 40 80 71 43 25 41 86 35 31 8 10 33 19 68 38 60 79 61 98 13 51 64 18 81 46 7 42 12 77 14 87 36 62 63 53 3 96 84 45 55 72 29 0 24 20 39 52 94 88 67 83 78 1 9 74 54 26 70 90 99 82 11 91 16 27 28 59 97 37 89 58 57 69 6 15 5 65 73 34 4 47 92 44 30 56 21 17 66 22 32
Coste: 1656901868

GENERACION: 34
Mejor Solucion:  93 95 75 49 50 2 48 76 23 85 40 80 71 43 25 41 86 35 31 8 10 33 19 68 38 60 79 61 98 13 51 64 18 81 46 7 42 12 77 14 87 36 62 63 53 3 96 84 45 55 72 29 0 24 20 39 52 94 88 67 83 78 1 9 74 54 26 70 90 99 82 11 91 16 27 28 59 97 37 89 58 57 69 6 15 5 65 73 34 4 47 92 44 30 56 21 17 66 22 32
Coste: 1656901868

GENERACION: 35
Mejor Solucion:  93 95 75 49 50 2 48 76 23 85 40 80 71 43 25 41 86 35 31 8 10 33 19 68 38 60 79 61 98 13 51 64 18 81 46 7 42 12 77 14 87 36 62 63 53 3 96 84 45 55 72 29 0 24 20 39 52 94 88 67 83 78 1 9 74 54 26 70 90 99 82 11 91 16 27 28 59 97 37 89 58 57 69 6 15 5 65 73 34 4 47 92 44 30 56 21 17 66 22 32
Coste: 1656901868

GENERACION: 36
Mejor Solucion:  93 95 75 49 50 2 48 76 23 85 40 80 71 43 25 41 86 35 31 8 10 33 19 68 38 60 79 61 98 13 51 64 18 81 46 7 42 12 77 14 87 36 62 63 53 3 96 84 45 55 72 29 0 24 20 39 52 94 88 67 83 78 1 9 74 54 26 70 90 99 82 11 91 16 27 28 59 97 37 89 58 57 69 6 15 5 65 73 34 4 47 92 44 30 56 21 17 66 22 32
Coste: 1656901868

GENERACION: 37
Mejor Solucion:  93 95 75 49 50 2 48 76 23 85 40 80 71 43 25 41 86 35 31 8 10 33 19 68 38 60 79 61 98 13 51 64 18 81 46 7 42 12 77 14 87 36 62 63 53 3 96 84 45 55 72 29 0 24 20 39 52 94 88 67 83 78 1 9 74 54 26 70 90 99 82 11 91 16 27 28 59 97 37 89 58 57 69 6 15 5 65 73 34 4 47 92 44 30 56 21 17 66 22 32
Coste: 1656901868

GENERACION: 38
Mejor Solucion:  93 95 75 49 50 2 48 76 23 85 40 80 71 43 25 41 86 35 31 8 10 33 19 68 38 60 79 61 98 13 51 64 18 81 46 7 42 12 77 14 87 36 62 63 53 3 96 84 45 55 72 29 0 24 20 39 52 94 88 67 83 78 1 9 74 54 26 70 90 99 82 11 91 16 27 28 59 97 37 89 58 57 69 6 15 5 65 73 34 4 47 92 44 30 56 21 17 66 22 32
Coste: 1656901868

GENERACION: 39
Mejor Solucion:  93 95 75 49 50 2 48 76 23 85 40 80 71 43 25 41 86 35 31 8 10 33 19 68 38 60 79 61 98 13 51 64 18 81 46 7 42 12 77 14 87 36 62 63 53 3 96 84 45 55 72 29 0 24 20 39 52 94 88 67 83 78 1 9 74 54 26 70 90 99 82 11 91 16 27 28 59 97 37 89 58 57 69 6 15 5 65 73 34 4 47 92 44 30 56 21 17 66 22 32
Coste: 1656901868

GENERACION: 40
Mejor Solucion:  93 95 75 49 50 2 48 76 23 85 40 80 71 43 25 41 86 35 31 8 10 33 19 68 38 60 79 61 98 13 51 64 18 81 46 7 42 12 77 14 87 36 62 63 53 3 96 84 45 55 72 29 0 24 20 39 52 94 88 67 83 78 1 9 74 54 26 70 90 99 82 11 91 16 27 28 59 97 37 89 58 57 69 6 15 5 65 73 34 4 47 92 44 30 56 21 17 66 22 32
Coste: 1656901868

GENERACION: 41
Mejor Solucion:  93 95 75 49 50 2 48 76 23 85 40 80 71 43 25 41 86 35 31 8 10 33 19 68 38 60 79 61 98 13 51 64 18 81 46 7 42 12 77 14 87 36 62 63 53 3 96 84 45 55 72 29 0 24 20 39 52 94 88 67 83 78 1 9 74 54 26 70 90 99 82 11 91 16 27 28 59 97 37 89 58 57 69 6 15 5 65 73 34 4 47 92 44 30 56 21 17 66 22 32
Coste: 1656901868

GENERACION: 42
Mejor Solucion:  93 95 75 49 50 2 48 76 23 85 40 80 71 43 25 41 86 35 31 8 10 33 19 68 38 60 79 61 98 13 51 64 18 81 46 7 42 12 77 14 87 36 62 63 53 3 96 84 45 55 72 29 0 24 20 39 52 94 88 67 83 78 1 9 74 54 26 70 90 99 82 11 91 16 27 28 59 97 37 89 58 57 69 6 15 5 65 73 34 4 47 92 44 30 56 21 17 66 22 32
Coste: 1656901868

GENERACION: 43
Mejor Solucion:  93 95 75 49 50 2 48 76 23 85 40 80 71 43 25 41 86 35 31 8 10 33 19 68 38 60 79 61 98 13 51 64 18 81 46 7 42 12 77 14 87 36 62 63 53 3 96 84 45 55 72 29 0 24 20 39 52 94 88 67 83 78 1 9 74 54 26 70 90 99 82 11 91 16 27 28 59 97 37 89 58 57 69 6 15 5 65 73 34 4 47 92 44 30 56 21 17 66 22 32
Coste: 1656901868

GENERACION: 44
Mejor Solucion:  93 95 75 49 50 2 48 76 23 85 40 80 71 43 25 41 86 35 31 8 10 33 19 68 38 60 79 61 98 13 51 64 18 81 46 7 42 12 77 14 87 36 62 63 53 3 96 84 45 55 72 29 0 24 20 39 52 94 88 67 83 78 1 9 74 54 26 70 90 99 82 11 91 16 27 28 59 97 37 89 58 57 69 6 15 5 65 73 34 4 47 92 44 30 56 21 17 66 22 32
Coste: 1656901868

GENERACION: 45
Mejor Solucion:  93 95 75 49 50 2 48 76 23 85 40 80 71 43 25 41 86 35 31 8 10 33 19 68 38 60 79 61 98 13 51 64 18 81 46 7 42 12 77 14 87 36 62 63 53 3 96 84 45 55 72 29 0 24 20 39 52 94 88 67 83 78 1 9 74 54 26 70 90 99 82 11 91 16 27 28 59 97 37 89 58 57 69 6 15 5 65 73 34 4 47 92 44 30 56 21 17 66 22 32
Coste: 1656901868

GENERACION: 46
Mejor Solucion:  93 95 75 49 50 2 48 76 23 85 40 80 71 43 25 41 86 35 31 8 10 33 19 68 38 60 79 61 98 13 51 64 18 81 46 7 42 12 77 14 87 36 62 63 53 3 96 84 45 55 72 29 0 24 20 39 52 94 88 67 83 78 1 9 74 54 26 70 90 99 82 11 91 16 27 28 59 97 37 89 58 57 69 6 15 5 65 73 34 4 47 92 44 30 56 21 17 66 22 32
Coste: 1656901868

GENERACION: 47
Mejor Solucion:  93 95 75 49 50 2 48 76 23 85 40 80 71 43 25 41 86 35 31 8 10 33 19 68 38 60 79 61 98 13 51 64 18 81 46 7 42 12 77 14 87 36 62 63 53 3 96 84 45 55 72 29 0 24 20 39 52 94 88 67 83 78 1 9 74 54 26 70 90 99 82 11 91 16 27 28 59 97 37 89 58 57 69 6 15 5 65 73 34 4 47 92 44 30 56 21 17 66 22 32
Coste: 1656901868

GENERACION: 48
Mejor Solucion:  93 95 75 49 50 2 48 76 23 85 40 80 71 43 25 41 86 35 31 8 10 33 19 68 38 60 79 61 98 13 51 64 18 81 46 7 42 12 77 14 87 36 62 63 53 3 96 84 45 55 72 29 0 24 20 39 52 94 88 67 83 78 1 9 74 54 26 70 90 99 82 11 91 16 27 28 59 97 37 89 58 57 69 6 15 5 65 73 34 4 47 92 44 30 56 21 17 66 22 32
Coste: 1656901868

GENERACION: 49
Mejor Solucion:  93 95 75 49 50 2 48 76 23 85 40 80 71 43 25 41 86 35 31 8 10 33 19 68 38 60 79 61 98 13 51 64 18 81 46 7 42 12 77 14 87 36 62 63 53 3 96 84 45 55 72 29 0 24 20 39 52 94 88 67 83 78 1 9 74 54 26 70 90 99 82 11 91 16 27 28 59 97 37 89 58 57 69 6 15 5 65 73 34 4 47 92 44 30 56 21 17 66 22 32
Coste: 1656901868

GENERACION: 50
Mejor Solucion:  93 95 75 49 50 2 48 76 23 85 40 80 71 43 25 41 86 35 31 8 10 33 19 68 38 60 79 61 98 13 51 64 18 81 46 7 42 12 77 14 87 36 62 63 53 3 96 84 45 55 72 29 0 24 20 39 52 94 88 67 83 78 1 9 74 54 26 70 90 99 82 11 91 16 27 28 59 97 37 89 58 57 69 6 15 5 65 73 34 4 47 92 44 30 56 21 17 66 22 32
Coste: 1656901868

GENERACION: 51
Mejor Solucion:  93 95 75 49 50 2 48 76 23 85 40 80 71 43 25 41 86 35 31 8 10 33 19 68 38 60 79 61 98 13 51 64 18 81 46 7 42 12 77 14 87 36 62 63 53 3 96 84 45 55 72 29 0 24 20 39 52 94 88 67 83 78 1 9 74 54 26 70 90 99 82 11 91 16 27 28 59 97 37 89 58 57 69 6 15 5 65 73 34 4 47 92 44 30 56 21 17 66 22 32
Coste: 1656901868

GENERACION: 52
Mejor Solucion:  93 95 75 49 50 2 48 76 23 85 40 80 71 43 25 41 86 35 31 8 10 33 19 68 38 60 79 61 98 13 51 64 18 81 46 7 42 12 77 14 87 36 62 63 53 3 96 84 45 55 72 29 0 24 20 39 52 94 88 67 83 78 1 9 74 54 26 70 90 99 82 11 91 16 27 28 59 97 37 89 58 57 69 6 15 5 65 73 34 4 47 92 44 30 56 21 17 66 22 32
Coste: 1656901868

GENERACION: 53
Mejor Solucion:  93 95 75 49 50 2 48 76 23 85 40 80 71 43 25 41 86 35 31 8 10 33 19 68 38 60 79 61 98 13 51 64 18 81 46 7 42 12 77 14 87 36 62 63 53 3 96 84 45 55 72 29 0 24 20 39 52 94 88 67 83 78 1 9 74 54 26 70 90 99 82 11 91 16 27 28 59 97 37 89 58 57 69 6 15 5 65 73 34 4 47 92 44 30 56 21 17 66 22 32
Coste: 1656901868

GENERACION: 54
Mejor Solucion:  93 95 75 49 50 2 48 76 23 85 40 80 71 43 25 41 86 35 31 8 10 33 19 68 38 60 79 61 98 13 51 64 18 81 46 7 42 12 77 14 87 36 62 63 53 3 96 84 45 55 72 29 0 24 20 39 52 94 88 67 83 78 1 9 74 54 26 70 90 99 82 11 91 16 27 28 59 97 37 89 58 57 69 6 15 5 65 73 34 4 47 92 44 30 56 21 17 66 22 32
Coste: 1656901868

GENERACION: 55
Mejor Solucion:  93 95 75 49 50 2 48 76 23 85 40 80 71 43 25 41 86 35 31 8 10 33 19 68 38 60 79 61 98 13 51 64 18 81 46 7 42 12 77 14 87 36 62 63 53 3 96 84 45 55 72 29 0 24 20 39 52 94 88 67 83 78 1 9 74 54 26 70 90 99 82 11 91 16 27 28 59 97 37 89 58 57 69 6 15 5 65 73 34 4 47 92 44 30 56 21 17 66 22 32
Coste: 1656901868

GENERACION: 56
Mejor Solucion:  93 95 75 49 50 2 48 76 23 85 40 80 71 43 25 41 86 35 31 8 10 33 19 68 38 60 79 61 98 13 51 64 18 81 46 7 42 12 77 14 87 36 62 63 53 3 96 84 45 55 72 29 0 24 20 39 52 94 88 67 83 78 1 9 74 54 26 70 90 99 82 11 91 16 27 28 59 97 37 89 58 57 69 6 15 5 65 73 34 4 47 92 44 30 56 21 17 66 22 32
Coste: 1656901868

GENERACION: 57
Mejor Solucion:  93 95 75 49 50 2 48 76 23 85 40 80 71 43 25 41 86 35 31 8 10 33 19 68 38 60 79 61 98 13 51 64 18 81 46 7 42 12 77 14 87 36 62 63 53 3 96 84 45 55 72 29 0 24 20 39 52 94 88 67 83 78 1 9 74 54 26 70 90 99 82 11 91 16 27 28 59 97 37 89 58 57 69 6 15 5 65 73 34 4 47 92 44 30 56 21 17 66 22 32
Coste: 1656901868

GENERACION: 58
Mejor Solucion:  93 95 75 49 50 2 48 76 23 85 40 80 71 43 25 41 86 35 31 8 10 33 19 68 38 60 79 61 98 13 51 64 18 81 46 7 42 12 77 14 87 36 62 63 53 3 96 84 45 55 72 29 0 24 20 39 52 94 88 67 83 78 1 9 74 54 26 70 90 99 82 11 91 16 27 28 59 97 37 89 58 57 69 6 15 5 65 73 34 4 47 92 44 30 56 21 17 66 22 32
Coste: 1656901868

GENERACION: 59
Mejor Solucion:  93 95 75 49 50 2 48 76 23 85 40 80 71 43 25 41 86 35 31 8 10 33 19 68 38 60 79 61 98 13 51 64 18 81 46 7 42 12 77 14 87 36 62 63 53 3 96 84 45 55 72 29 0 24 20 39 52 94 88 67 83 78 1 9 74 54 26 70 90 99 82 11 91 16 27 28 59 97 37 89 58 57 69 6 15 5 65 73 34 4 47 92 44 30 56 21 17 66 22 32
Coste: 1656901868

GENERACION: 60
Mejor Solucion:  93 95 75 49 50 2 48 76 23 85 40 80 71 43 25 41 86 35 31 8 10 33 19 68 38 60 79 61 98 13 51 64 18 81 46 7 42 12 77 14 87 36 62 63 53 3 96 84 45 55 72 29 0 24 20 39 52 94 88 67 83 78 1 9 74 54 26 70 90 99 82 11 91 16 27 28 59 97 37 89 58 57 69 6 15 5 65 73 34 4 47 92 44 30 56 21 17 66 22 32
Coste: 1656901868

GENERACION: 61
Mejor Solucion:  93 95 75 49 50 2 48 76 23 85 40 80 71 43 25 41 86 35 31 8 10 33 19 68 38 60 79 61 98 13 51 64 18 81 46 7 42 12 77 14 87 36 62 63 53 3 96 84 45 55 72 29 0 24 20 39 52 94 88 67 83 78 1 9 74 54 26 70 90 99 82 11 91 16 27 28 59 97 37 89 58 57 69 6 15 5 65 73 34 4 47 92 44 30 56 21 17 66 22 32
Coste: 1656901868

GENERACION: 62
Mejor Solucion:  93 95 75 49 50 2 48 76 23 85 40 80 71 43 25 41 86 35 31 8 10 33 19 68 38 60 79 61 98 13 51 64 18 81 46 7 42 12 77 14 87 36 62 63 53 3 96 84 45 55 72 29 0 24 20 39 52 94 88 67 83 78 1 9 74 54 26 70 90 99 82 11 91 16 27 28 59 97 37 89 58 57 69 6 15 5 65 73 34 4 47 92 44 30 56 21 17 66 22 32
Coste: 1656901868

GENERACION: 63
Mejor Solucion:  93 95 75 49 50 2 48 76 23 85 40 80 71 43 25 41 86 35 31 8 10 33 19 68 38 60 79 61 98 13 51 64 18 81 46 7 42 12 77 14 87 36 62 63 53 3 96 84 45 55 72 29 0 24 20 39 52 94 88 67 83 78 1 9 74 54 26 70 90 99 82 11 91 16 27 28 59 97 37 89 58 57 69 6 15 5 65 73 34 4 47 92 44 30 56 21 17 66 22 32
Coste: 1656901868

GENERACION: 64
Mejor Solucion:  93 95 75 49 50 2 48 76 23 85 40 80 71 43 25 41 86 35 31 8 10 33 19 68 38 60 79 61 98 13 51 64 18 81 46 7 42 12 77 14 87 36 62 63 53 3 96 84 45 55 72 29 0 24 20 39 52 94 88 67 83 78 1 9 74 54 26 70 90 99 82 11 91 16 27 28 59 97 37 89 58 57 69 6 15 5 65 73 34 4 47 92 44 30 56 21 17 66 22 32
Coste: 1656901868

GENERACION: 65
Mejor Solucion:  93 95 75 49 50 2 48 76 23 85 40 80 71 43 25 41 86 35 31 8 10 33 19 68 38 60 79 61 98 13 51 64 18 81 46 7 42 12 77 14 87 36 62 63 53 3 96 84 45 55 72 29 0 24 20 39 52 94 88 67 83 78 1 9 74 54 26 70 90 99 82 11 91 16 27 28 59 97 37 89 58 57 69 6 15 5 65 73 34 4 47 92 44 30 56 21 17 66 22 32
Coste: 1656901868

GENERACION: 66
Mejor Solucion:  93 95 75 49 50 2 48 76 23 85 40 80 71 43 25 41 86 35 31 8 10 33 19 68 38 60 79 61 98 13 51 64 18 81 46 7 42 12 77 14 87 36 62 63 53 3 96 84 45 55 72 29 0 24 20 39 52 94 88 67 83 78 1 9 74 54 26 70 90 99 82 11 91 16 27 28 59 97 37 89 58 57 69 6 15 5 65 73 34 4 47 92 44 30 56 21 17 66 22 32
Coste: 1656901868

GENERACION: 67
Mejor Solucion:  93 95 75 49 50 2 48 76 23 85 40 80 71 43 25 41 86 35 31 8 10 33 19 68 38 60 79 61 98 13 51 64 18 81 46 7 42 12 77 14 87 36 62 63 53 3 96 84 45 55 72 29 0 24 20 39 52 94 88 67 83 78 1 9 74 54 26 70 90 99 82 11 91 16 27 28 59 97 37 89 58 57 69 6 15 5 65 73 34 4 47 92 44 30 56 21 17 66 22 32
Coste: 1656901868

GENERACION: 68
Mejor Solucion:  93 95 75 49 50 2 48 76 23 85 40 80 71 43 25 41 86 35 31 8 10 33 19 68 38 60 79 61 98 13 51 64 18 81 46 7 42 12 77 14 87 36 62 63 53 3 96 84 45 55 72 29 0 24 20 39 52 94 88 67 83 78 1 9 74 54 26 70 90 99 82 11 91 16 27 28 59 97 37 89 58 57 69 6 15 5 65 73 34 4 47 92 44 30 56 21 17 66 22 32
Coste: 1656901868

GENERACION: 69
Mejor Solucion:  93 95 75 49 50 2 48 76 23 85 40 80 71 43 25 41 86 35 31 8 10 33 19 68 38 60 79 61 98 13 51 64 18 81 46 7 42 12 77 14 87 36 62 63 53 3 96 84 45 55 72 29 0 24 20 39 52 94 88 67 83 78 1 9 74 54 26 70 90 99 82 11 91 16 27 28 59 97 37 89 58 57 69 6 15 5 65 73 34 4 47 92 44 30 56 21 17 66 22 32
Coste: 1656901868

GENERACION: 70
Mejor Solucion:  93 95 75 49 50 2 48 76 23 85 40 80 71 43 25 41 86 35 31 8 10 33 19 68 38 60 79 61 98 13 51 64 18 81 46 7 42 12 77 14 87 36 62 63 53 3 96 84 45 55 72 29 0 24 20 39 52 94 88 67 83 78 1 9 74 54 26 70 90 99 82 11 91 16 27 28 59 97 37 89 58 57 69 6 15 5 65 73 34 4 47 92 44 30 56 21 17 66 22 32
Coste: 1656901868

GENERACION: 71
Mejor Solucion:  93 95 75 49 50 2 48 76 23 85 40 80 71 43 25 41 86 35 31 8 10 33 19 68 38 60 79 61 98 13 51 64 18 81 46 7 42 12 77 14 87 36 62 63 53 3 96 84 45 55 72 29 0 24 20 39 52 94 88 67 83 78 1 9 74 54 26 70 90 99 82 11 91 16 27 28 59 97 37 89 58 57 69 6 15 5 65 73 34 4 47 92 44 30 56 21 17 66 22 32
Coste: 1656901868

GENERACION: 72
Mejor Solucion:  93 95 75 49 50 2 48 76 23 85 40 80 71 43 25 41 86 35 31 8 10 33 19 68 38 60 79 61 98 13 51 64 18 81 46 7 42 12 77 14 87 36 62 63 53 3 96 84 45 55 72 29 0 24 20 39 52 94 88 67 83 78 1 9 74 54 26 70 90 99 82 11 91 16 27 28 59 97 37 89 58 57 69 6 15 5 65 73 34 4 47 92 44 30 56 21 17 66 22 32
Coste: 1656901868

GENERACION: 73
Mejor Solucion:  93 95 75 49 50 2 48 76 23 85 40 80 71 43 25 41 86 35 31 8 10 33 19 68 38 60 79 61 98 13 51 64 18 81 46 7 42 12 77 14 87 36 62 63 53 3 96 84 45 55 72 29 0 24 20 39 52 94 88 67 83 78 1 9 74 54 26 70 90 99 82 11 91 16 27 28 59 97 37 89 58 57 69 6 15 5 65 73 34 4 47 92 44 30 56 21 17 66 22 32
Coste: 1656901868

GENERACION: 74
Mejor Solucion:  93 95 75 49 50 2 48 76 23 85 40 80 71 43 25 41 86 35 31 8 10 33 19 68 38 60 79 61 98 13 51 64 18 81 46 7 42 12 77 14 87 36 62 63 53 3 96 84 45 55 72 29 0 24 20 39 52 94 88 67 83 78 1 9 74 54 26 70 90 99 82 11 91 16 27 28 59 97 37 89 58 57 69 6 15 5 65 73 34 4 47 92 44 30 56 21 17 66 22 32
Coste: 1656901868

GENERACION: 75
Mejor Solucion:  93 95 75 49 50 2 48 76 23 85 40 80 71 43 25 41 86 35 31 8 10 33 19 68 38 60 79 61 98 13 51 64 18 81 46 7 42 12 77 14 87 36 62 63 53 3 96 84 45 55 72 29 0 24 20 39 52 94 88 67 83 78 1 9 74 54 26 70 90 99 82 11 91 16 27 28 59 97 37 89 58 57 69 6 15 5 65 73 34 4 47 92 44 30 56 21 17 66 22 32
Coste: 1656901868

GENERACION: 76
Mejor Solucion:  93 95 75 49 50 2 48 76 23 85 40 80 71 43 25 41 86 35 31 8 10 33 19 68 38 60 79 61 98 13 51 64 18 81 46 7 42 12 77 14 87 36 62 63 53 3 96 84 45 55 72 29 0 24 20 39 52 94 88 67 83 78 1 9 74 54 26 70 90 99 82 11 91 16 27 28 59 97 37 89 58 57 69 6 15 5 65 73 34 4 47 92 44 30 56 21 17 66 22 32
Coste: 1656901868

GENERACION: 77
Mejor Solucion:  93 95 75 49 50 2 48 76 23 85 40 80 71 43 25 41 86 35 31 8 10 33 19 68 38 60 79 61 98 13 51 64 18 81 46 7 42 12 77 14 87 36 62 63 53 3 96 84 45 55 72 29 0 24 20 39 52 94 88 67 83 78 1 9 74 54 26 70 90 99 82 11 91 16 27 28 59 97 37 89 58 57 69 6 15 5 65 73 34 4 47 92 44 30 56 21 17 66 22 32
Coste: 1656901868

GENERACION: 78
Mejor Solucion:  93 95 75 49 50 2 48 76 23 85 40 80 71 43 25 41 86 35 31 8 10 33 19 68 38 60 79 61 98 13 51 64 18 81 46 7 42 12 77 14 87 36 62 63 53 3 96 84 45 55 72 29 0 24 20 39 52 94 88 67 83 78 1 9 74 54 26 70 90 99 82 11 91 16 27 28 59 97 37 89 58 57 69 6 15 5 65 73 34 4 47 92 44 30 56 21 17 66 22 32
Coste: 1656901868

GENERACION: 79
Mejor Solucion:  93 95 75 49 50 2 48 76 23 85 40 80 71 43 25 41 86 35 31 8 10 33 19 68 38 60 79 61 98 13 51 64 18 81 46 7 42 12 77 14 87 36 62 63 53 3 96 84 45 55 72 29 0 24 20 39 52 94 88 67 83 78 1 9 74 54 26 70 90 99 82 11 91 16 27 28 59 97 37 89 58 57 69 6 15 5 65 73 34 4 47 92 44 30 56 21 17 66 22 32
Coste: 1656901868

GENERACION: 80
Mejor Solucion:  93 95 75 49 50 2 48 76 23 85 40 80 71 43 25 41 86 35 31 8 10 33 19 68 38 60 79 61 98 13 51 64 18 81 46 7 42 12 77 14 87 36 62 63 53 3 96 84 45 55 72 29 0 24 20 39 52 94 88 67 83 78 1 9 74 54 26 70 90 99 82 11 91 16 27 28 59 97 37 89 58 57 69 6 15 5 65 73 34 4 47 92 44 30 56 21 17 66 22 32
Coste: 1656901868

GENERACION: 81
Mejor Solucion:  93 95 75 49 50 2 48 76 23 85 40 80 71 43 25 41 86 35 31 8 10 33 19 68 38 60 79 61 98 13 51 64 18 81 46 7 42 12 77 14 87 36 62 63 53 3 96 84 45 55 72 29 0 24 20 39 52 94 88 67 83 78 1 9 74 54 26 70 90 99 82 11 91 16 27 28 59 97 37 89 58 57 69 6 15 5 65 73 34 4 47 92 44 30 56 21 17 66 22 32
Coste: 1656901868

GENERACION: 82
Mejor Solucion:  93 95 75 49 50 2 48 76 23 85 40 80 71 43 25 41 86 35 31 8 10 33 19 68 38 60 79 61 98 13 51 64 18 81 46 7 42 12 77 14 87 36 62 63 53 3 96 84 45 55 72 29 0 24 20 39 52 94 88 67 83 78 1 9 74 54 26 70 90 99 82 11 91 16 27 28 59 97 37 89 58 57 69 6 15 5 65 73 34 4 47 92 44 30 56 21 17 66 22 32
Coste: 1656901868

GENERACION: 83
Mejor Solucion:  93 95 75 49 50 2 48 76 23 85 40 80 71 43 25 41 86 35 31 8 10 33 19 68 38 60 79 61 98 13 51 64 18 81 46 7 42 12 77 14 87 36 62 63 53 3 96 84 45 55 72 29 0 24 20 39 52 94 88 67 83 78 1 9 74 54 26 70 90 99 82 11 91 16 27 28 59 97 37 89 58 57 69 6 15 5 65 73 34 4 47 92 44 30 56 21 17 66 22 32
Coste: 1656901868

GENERACION: 84
Mejor Solucion:  93 95 75 49 50 2 48 76 23 85 40 80 71 43 25 41 86 35 31 8 10 33 19 68 38 60 79 61 98 13 51 64 18 81 46 7 42 12 77 14 87 36 62 63 53 3 96 84 45 55 72 29 0 24 20 39 52 94 88 67 83 78 1 9 74 54 26 70 90 99 82 11 91 16 27 28 59 97 37 89 58 57 69 6 15 5 65 73 34 4 47 92 44 30 56 21 17 66 22 32
Coste: 1656901868

GENERACION: 85
Mejor Solucion:  93 95 75 49 50 2 48 76 23 85 40 80 71 43 25 41 86 35 31 8 10 33 19 68 38 60 79 61 98 13 51 64 18 81 46 7 42 12 77 14 87 36 62 63 53 3 96 84 45 55 72 29 0 24 20 39 52 94 88 67 83 78 1 9 74 54 26 70 90 99 82 11 91 16 27 28 59 97 37 89 58 57 69 6 15 5 65 73 34 4 47 92 44 30 56 21 17 66 22 32
Coste: 1656901868

GENERACION: 86
Mejor Solucion:  93 95 75 49 50 2 48 76 23 85 40 80 71 43 25 41 86 35 31 8 10 33 19 68 38 60 79 61 98 13 51 64 18 81 46 7 42 12 77 14 87 36 62 63 53 3 96 84 45 55 72 29 0 24 20 39 52 94 88 67 83 78 1 9 74 54 26 70 90 99 82 11 91 16 27 28 59 97 37 89 58 57 69 6 15 5 65 73 34 4 47 92 44 30 56 21 17 66 22 32
Coste: 1656901868

GENERACION: 87
Mejor Solucion:  93 95 75 49 50 2 48 76 23 85 40 80 71 43 25 41 86 35 31 8 10 33 19 68 38 60 79 61 98 13 51 64 18 81 46 7 42 12 77 14 87 36 62 63 53 3 96 84 45 55 72 29 0 24 20 39 52 94 88 67 83 78 1 9 74 54 26 70 90 99 82 11 91 16 27 28 59 97 37 89 58 57 69 6 15 5 65 73 34 4 47 92 44 30 56 21 17 66 22 32
Coste: 1656901868

GENERACION: 88
Mejor Solucion:  93 95 75 49 50 2 48 76 23 85 40 80 71 43 25 41 86 35 31 8 10 33 19 68 38 60 79 61 98 13 51 64 18 81 46 7 42 12 77 14 87 36 62 63 53 3 96 84 45 55 72 29 0 24 20 39 52 94 88 67 83 78 1 9 74 54 26 70 90 99 82 11 91 16 27 28 59 97 37 89 58 57 69 6 15 5 65 73 34 4 47 92 44 30 56 21 17 66 22 32
Coste: 1656901868

GENERACION: 89
Mejor Solucion:  93 95 75 49 50 2 48 76 23 85 40 80 71 43 25 41 86 35 31 8 10 33 19 68 38 60 79 61 98 13 51 64 18 81 46 7 42 12 77 14 87 36 62 63 53 3 96 84 45 55 72 29 0 24 20 39 52 94 88 67 83 78 1 9 74 54 26 70 90 99 82 11 91 16 27 28 59 97 37 89 58 57 69 6 15 5 65 73 34 4 47 92 44 30 56 21 17 66 22 32
Coste: 1656901868

GENERACION: 90
Mejor Solucion:  93 95 75 49 50 2 48 76 23 85 40 80 71 43 25 41 86 35 31 8 10 33 19 68 38 60 79 61 98 13 51 64 18 81 46 7 42 12 77 14 87 36 62 63 53 3 96 84 45 55 72 29 0 24 20 39 52 94 88 67 83 78 1 9 74 54 26 70 90 99 82 11 91 16 27 28 59 97 37 89 58 57 69 6 15 5 65 73 34 4 47 92 44 30 56 21 17 66 22 32
Coste: 1656901868

GENERACION: 91
Mejor Solucion:  93 95 75 49 50 2 48 76 23 85 40 80 71 43 25 41 86 35 31 8 10 33 19 68 38 60 79 61 98 13 51 64 18 81 46 7 42 12 77 14 87 36 62 63 53 3 96 84 45 55 72 29 0 24 20 39 52 94 88 67 83 78 1 9 74 54 26 70 90 99 82 11 91 16 27 28 59 97 37 89 58 57 69 6 15 5 65 73 34 4 47 92 44 30 56 21 17 66 22 32
Coste: 1656901868

GENERACION: 92
Mejor Solucion:  93 95 75 49 50 2 48 76 23 85 40 80 71 43 25 41 86 35 31 8 10 33 19 68 38 60 79 61 98 13 51 64 18 81 46 7 42 12 77 14 87 36 62 63 53 3 96 84 45 55 72 29 0 24 20 39 52 94 88 67 83 78 1 9 74 54 26 70 90 99 82 11 91 16 27 28 59 97 37 89 58 57 69 6 15 5 65 73 34 4 47 92 44 30 56 21 17 66 22 32
Coste: 1656901868

GENERACION: 93
Mejor Solucion:  93 95 75 49 50 2 48 76 23 85 40 80 71 43 25 41 86 35 31 8 10 33 19 68 38 60 79 61 98 13 51 64 18 81 46 7 42 12 77 14 87 36 62 63 53 3 96 84 45 55 72 29 0 24 20 39 52 94 88 67 83 78 1 9 74 54 26 70 90 99 82 11 91 16 27 28 59 97 37 89 58 57 69 6 15 5 65 73 34 4 47 92 44 30 56 21 17 66 22 32
Coste: 1656901868

GENERACION: 94
Mejor Solucion:  93 95 75 49 50 2 48 76 23 85 40 80 71 43 25 41 86 35 31 8 10 33 19 68 38 60 79 61 98 13 51 64 18 81 46 7 42 12 77 14 87 36 62 63 53 3 96 84 45 55 72 29 0 24 20 39 52 94 88 67 83 78 1 9 74 54 26 70 90 99 82 11 91 16 27 28 59 97 37 89 58 57 69 6 15 5 65 73 34 4 47 92 44 30 56 21 17 66 22 32
Coste: 1656901868

GENERACION: 95
Mejor Solucion:  93 95 75 49 50 2 48 76 23 85 40 80 71 43 25 41 86 35 31 8 10 33 19 68 38 60 79 61 98 13 51 64 18 81 46 7 42 12 77 14 87 36 62 63 53 3 96 84 45 55 72 29 0 24 20 39 52 94 88 67 83 78 1 9 74 54 26 70 90 99 82 11 91 16 27 28 59 97 37 89 58 57 69 6 15 5 65 73 34 4 47 92 44 30 56 21 17 66 22 32
Coste: 1656901868

GENERACION: 96
Mejor Solucion:  93 95 75 49 50 2 48 76 23 85 40 80 71 43 25 41 86 35 31 8 10 33 19 68 38 60 79 61 98 13 51 64 18 81 46 7 42 12 77 14 87 36 62 63 53 3 96 84 45 55 72 29 0 24 20 39 52 94 88 67 83 78 1 9 74 54 26 70 90 99 82 11 91 16 27 28 59 97 37 89 58 57 69 6 15 5 65 73 34 4 47 92 44 30 56 21 17 66 22 32
Coste: 1656901868

GENERACION: 97
Mejor Solucion:  93 95 75 49 50 2 48 76 23 85 40 80 71 43 25 41 86 35 31 8 10 33 19 68 38 60 79 61 98 13 51 64 18 81 46 7 42 12 77 14 87 36 62 63 53 3 96 84 45 55 72 29 0 24 20 39 52 94 88 67 83 78 1 9 74 54 26 70 90 99 82 11 91 16 27 28 59 97 37 89 58 57 69 6 15 5 65 73 34 4 47 92 44 30 56 21 17 66 22 32
Coste: 1656901868

GENERACION: 98
Mejor Solucion:  93 95 75 49 50 2 48 76 23 85 40 80 71 43 25 41 86 35 31 8 10 33 19 68 38 60 79 61 98 13 51 64 18 81 46 7 42 12 77 14 87 36 62 63 53 3 96 84 45 55 72 29 0 24 20 39 52 94 88 67 83 78 1 9 74 54 26 70 90 99 82 11 91 16 27 28 59 97 37 89 58 57 69 6 15 5 65 73 34 4 47 92 44 30 56 21 17 66 22 32
Coste: 1656901868

GENERACION: 99
Mejor Solucion:  93 95 75 49 50 2 48 76 23 85 40 80 71 43 25 41 86 35 31 8 10 33 19 68 38 60 79 61 98 13 51 64 18 81 46 7 42 12 77 14 87 36 62 63 53 3 96 84 45 55 72 29 0 24 20 39 52 94 88 67 83 78 1 9 74 54 26 70 90 99 82 11 91 16 27 28 59 97 37 89 58 57 69 6 15 5 65 73 34 4 47 92 44 30 56 21 17 66 22 32
Coste: 1656901868

GENERACION: 100
Mejor Solucion:  93 95 75 49 50 2 48 76 23 85 40 80 71 43 25 41 86 35 31 8 10 33 19 68 38 60 79 61 98 13 51 64 18 81 46 7 42 12 77 14 87 36 62 63 53 3 96 84 45 55 72 29 0 24 20 39 52 94 88 67 83 78 1 9 74 54 26 70 90 99 82 11 91 16 27 28 59 97 37 89 58 57 69 6 15 5 65 73 34 4 47 92 44 30 56 21 17 66 22 32
Coste: 1656901868

GENERACION: 101
Mejor Solucion:  93 95 75 49 50 2 48 76 23 85 40 80 71 43 25 41 86 35 31 8 10 33 19 68 38 60 79 61 98 13 51 64 18 81 46 7 42 12 77 14 87 36 62 63 53 3 96 84 45 55 72 29 0 24 20 39 52 94 88 67 83 78 1 9 74 54 26 70 90 99 82 11 91 16 27 28 59 97 37 89 58 57 69 6 15 5 65 73 34 4 47 92 44 30 56 21 17 66 22 32
Coste: 1656901868

GENERACION: 102
Mejor Solucion:  93 95 75 49 50 2 48 76 23 85 40 80 71 43 25 41 86 35 31 8 10 33 19 68 38 60 79 61 98 13 51 64 18 81 46 7 42 12 77 14 87 36 62 63 53 3 96 84 45 55 72 29 0 24 20 39 52 94 88 67 83 78 1 9 74 54 26 70 90 99 82 11 91 16 27 28 59 97 37 89 58 57 69 6 15 5 65 73 34 4 47 92 44 30 56 21 17 66 22 32
Coste: 1656901868

GENERACION: 103
Mejor Solucion:  93 95 75 49 50 2 48 76 23 85 40 80 71 43 25 41 86 35 31 8 10 33 19 68 38 60 79 61 98 13 51 64 18 81 46 7 42 12 77 14 87 36 62 63 53 3 96 84 45 55 72 29 0 24 20 39 52 94 88 67 83 78 1 9 74 54 26 70 90 99 82 11 91 16 27 28 59 97 37 89 58 57 69 6 15 5 65 73 34 4 47 92 44 30 56 21 17 66 22 32
Coste: 1656901868

GENERACION: 104
Mejor Solucion:  93 95 75 49 50 2 48 76 23 85 40 80 71 43 25 41 86 35 31 8 10 33 19 68 38 60 79 61 98 13 51 64 18 81 46 7 42 12 77 14 87 36 62 63 53 3 96 84 45 55 72 29 0 24 20 39 52 94 88 67 83 78 1 9 74 54 26 70 90 99 82 11 91 16 27 28 59 97 37 89 58 57 69 6 15 5 65 73 34 4 47 92 44 30 56 21 17 66 22 32
Coste: 1656901868

GENERACION: 105
Mejor Solucion:  93 95 75 49 50 2 48 76 23 85 40 80 71 43 25 41 86 35 31 8 10 33 19 68 38 60 79 61 98 13 51 64 18 81 46 7 42 12 77 14 87 36 62 63 53 3 96 84 45 55 72 29 0 24 20 39 52 94 88 67 83 78 1 9 74 54 26 70 90 99 82 11 91 16 27 28 59 97 37 89 58 57 69 6 15 5 65 73 34 4 47 92 44 30 56 21 17 66 22 32
Coste: 1656901868

GENERACION: 106
Mejor Solucion:  93 95 75 49 50 2 48 76 23 85 40 80 71 43 25 41 86 35 31 8 10 33 19 68 38 60 79 61 98 13 51 64 18 81 46 7 42 12 77 14 87 36 62 63 53 3 96 84 45 55 72 29 0 24 20 39 52 94 88 67 83 78 1 9 74 54 26 70 90 99 82 11 91 16 27 28 59 97 37 89 58 57 69 6 15 5 65 73 34 4 47 92 44 30 56 21 17 66 22 32
Coste: 1656901868

GENERACION: 107
Mejor Solucion:  93 95 75 49 50 2 48 76 23 85 40 80 71 43 25 41 86 35 31 8 10 33 19 68 38 60 79 61 98 13 51 64 18 81 46 7 42 12 77 14 87 36 62 63 53 3 96 84 45 55 72 29 0 24 20 39 52 94 88 67 83 78 1 9 74 54 26 70 90 99 82 11 91 16 27 28 59 97 37 89 58 57 69 6 15 5 65 73 34 4 47 92 44 30 56 21 17 66 22 32
Coste: 1656901868

GENERACION: 108
Mejor Solucion:  93 95 75 49 50 2 48 76 23 85 40 80 71 43 25 41 86 35 31 8 10 33 19 68 38 60 79 61 98 13 51 64 18 81 46 7 42 12 77 14 87 36 62 63 53 3 96 84 45 55 72 29 0 24 20 39 52 94 88 67 83 78 1 9 74 54 26 70 90 99 82 11 91 16 27 28 59 97 37 89 58 57 69 6 15 5 65 73 34 4 47 92 44 30 56 21 17 66 22 32
Coste: 1656901868

GENERACION: 109
Mejor Solucion:  93 95 75 49 50 2 48 76 23 85 40 80 71 43 25 41 86 35 31 8 10 33 19 68 38 60 79 61 98 13 51 64 18 81 46 7 42 12 77 14 87 36 62 63 53 3 96 84 45 55 72 29 0 24 20 39 52 94 88 67 83 78 1 9 74 54 26 70 90 99 82 11 91 16 27 28 59 97 37 89 58 57 69 6 15 5 65 73 34 4 47 92 44 30 56 21 17 66 22 32
Coste: 1656901868

GENERACION: 110
Mejor Solucion:  93 95 75 49 50 2 48 76 23 85 40 80 71 43 25 41 86 35 31 8 10 33 19 68 38 60 79 61 98 13 51 64 18 81 46 7 42 12 77 14 87 36 62 63 53 3 96 84 45 55 72 29 0 24 20 39 52 94 88 67 83 78 1 9 74 54 26 70 90 99 82 11 91 16 27 28 59 97 37 89 58 57 69 6 15 5 65 73 34 4 47 92 44 30 56 21 17 66 22 32
Coste: 1656901868

GENERACION: 111
Mejor Solucion:  93 95 75 49 50 2 48 76 23 85 40 80 71 43 25 41 86 35 31 8 10 33 19 68 38 60 79 61 98 13 51 64 18 81 46 7 42 12 77 14 87 36 62 63 53 3 96 84 45 55 72 29 0 24 20 39 52 94 88 67 83 78 1 9 74 54 26 70 90 99 82 11 91 16 27 28 59 97 37 89 58 57 69 6 15 5 65 73 34 4 47 92 44 30 56 21 17 66 22 32
Coste: 1656901868

GENERACION: 112
Mejor Solucion:  93 95 75 49 50 2 48 76 23 85 40 80 71 43 25 41 86 35 31 8 10 33 19 68 38 60 79 61 98 13 51 64 18 81 46 7 42 12 77 14 87 36 62 63 53 3 96 84 45 55 72 29 0 24 20 39 52 94 88 67 83 78 1 9 74 54 26 70 90 99 82 11 91 16 27 28 59 97 37 89 58 57 69 6 15 5 65 73 34 4 47 92 44 30 56 21 17 66 22 32
Coste: 1656901868

GENERACION: 113
Mejor Solucion:  93 95 75 49 50 2 48 76 23 85 40 80 71 43 25 41 86 35 31 8 10 33 19 68 38 60 79 61 98 13 51 64 18 81 46 7 42 12 77 14 87 36 62 63 53 3 96 84 45 55 72 29 0 24 20 39 52 94 88 67 83 78 1 9 74 54 26 70 90 99 82 11 91 16 27 28 59 97 37 89 58 57 69 6 15 5 65 73 34 4 47 92 44 30 56 21 17 66 22 32
Coste: 1656901868

GENERACION: 114
Mejor Solucion:  93 95 75 49 50 2 48 76 23 85 40 80 71 43 25 41 86 35 31 8 10 33 19 68 38 60 79 61 98 13 51 64 18 81 46 7 42 12 77 14 87 36 62 63 53 3 96 84 45 55 72 29 0 24 20 39 52 94 88 67 83 78 1 9 74 54 26 70 90 99 82 11 91 16 27 28 59 97 37 89 58 57 69 6 15 5 65 73 34 4 47 92 44 30 56 21 17 66 22 32
Coste: 1656901868

GENERACION: 115
Mejor Solucion:  93 95 75 49 50 2 48 76 23 85 40 80 71 43 25 41 86 35 31 8 10 33 19 68 38 60 79 61 98 13 51 64 18 81 46 7 42 12 77 14 87 36 62 63 53 3 96 84 45 55 72 29 0 24 20 39 52 94 88 67 83 78 1 9 74 54 26 70 90 99 82 11 91 16 27 28 59 97 37 89 58 57 69 6 15 5 65 73 34 4 47 92 44 30 56 21 17 66 22 32
Coste: 1656901868

GENERACION: 116
Mejor Solucion:  93 95 75 49 50 2 48 76 23 85 40 80 71 43 25 41 86 35 31 8 10 33 19 68 38 60 79 61 98 13 51 64 18 81 46 7 42 12 77 14 87 36 62 63 53 3 96 84 45 55 72 29 0 24 20 39 52 94 88 67 83 78 1 9 74 54 26 70 90 99 82 11 91 16 27 28 59 97 37 89 58 57 69 6 15 5 65 73 34 4 47 92 44 30 56 21 17 66 22 32
Coste: 1656901868

GENERACION: 117
Mejor Solucion:  93 95 75 49 50 2 48 76 23 85 40 80 71 43 25 41 86 35 31 8 10 33 19 68 38 60 79 61 98 13 51 64 18 81 46 7 42 12 77 14 87 36 62 63 53 3 96 84 45 55 72 29 0 24 20 39 52 94 88 67 83 78 1 9 74 54 26 70 90 99 82 11 91 16 27 28 59 97 37 89 58 57 69 6 15 5 65 73 34 4 47 92 44 30 56 21 17 66 22 32
Coste: 1656901868

GENERACION: 118
Mejor Solucion:  93 95 75 49 50 2 48 76 23 85 40 80 71 43 25 41 86 35 31 8 10 33 19 68 38 60 79 61 98 13 51 64 18 81 46 7 42 12 77 14 87 36 62 63 53 3 96 84 45 55 72 29 0 24 20 39 52 94 88 67 83 78 1 9 74 54 26 70 90 99 82 11 91 16 27 28 59 97 37 89 58 57 69 6 15 5 65 73 34 4 47 92 44 30 56 21 17 66 22 32
Coste: 1656901868

GENERACION: 119
Mejor Solucion:  93 95 75 49 50 2 48 76 23 85 40 80 71 43 25 41 86 35 31 8 10 33 19 68 38 60 79 61 98 13 51 64 18 81 46 7 42 12 77 14 87 36 62 63 53 3 96 84 45 55 72 29 0 24 20 39 52 94 88 67 83 78 1 9 74 54 26 70 90 99 82 11 91 16 27 28 59 97 37 89 58 57 69 6 15 5 65 73 34 4 47 92 44 30 56 21 17 66 22 32
Coste: 1656901868

GENERACION: 120
Mejor Solucion:  93 95 75 49 50 2 48 76 23 85 40 80 71 43 25 41 86 35 31 8 10 33 19 68 38 60 79 61 98 13 51 64 18 81 46 7 42 12 77 14 87 36 62 63 53 3 96 84 45 55 72 29 0 24 20 39 52 94 88 67 83 78 1 9 74 54 26 70 90 99 82 11 91 16 27 28 59 97 37 89 58 57 69 6 15 5 65 73 34 4 47 92 44 30 56 21 17 66 22 32
Coste: 1656901868

GENERACION: 121
Mejor Solucion:  93 95 75 49 50 2 48 76 23 85 40 80 71 43 25 41 86 35 31 8 10 33 19 68 38 60 79 61 98 13 51 64 18 81 46 7 42 12 77 14 87 36 62 63 53 3 96 84 45 55 72 29 0 24 20 39 52 94 88 67 83 78 1 9 74 54 26 70 90 99 82 11 91 16 27 28 59 97 37 89 58 57 69 6 15 5 65 73 34 4 47 92 44 30 56 21 17 66 22 32
Coste: 1656901868

GENERACION: 122
Mejor Solucion:  93 95 75 49 50 2 48 76 23 85 40 80 71 43 25 41 86 35 31 8 10 33 19 68 38 60 79 61 98 13 51 64 18 81 46 7 42 12 77 14 87 36 62 63 53 3 96 84 45 55 72 29 0 24 20 39 52 94 88 67 83 78 1 9 74 54 26 70 90 99 82 11 91 16 27 28 59 97 37 89 58 57 69 6 15 5 65 73 34 4 47 92 44 30 56 21 17 66 22 32
Coste: 1656901868

GENERACION: 123
Mejor Solucion:  93 95 75 49 50 2 48 76 23 85 40 80 71 43 25 41 86 35 31 8 10 33 19 68 38 60 79 61 98 13 51 64 18 81 46 7 42 12 77 14 87 36 62 63 53 3 96 84 45 55 72 29 0 24 20 39 52 94 88 67 83 78 1 9 74 54 26 70 90 99 82 11 91 16 27 28 59 97 37 89 58 57 69 6 15 5 65 73 34 4 47 92 44 30 56 21 17 66 22 32
Coste: 1656901868

GENERACION: 124
Mejor Solucion:  93 95 75 49 50 2 48 76 23 85 40 80 71 43 25 41 86 35 31 8 10 33 19 68 38 60 79 61 98 13 51 64 18 81 46 7 42 12 77 14 87 36 62 63 53 3 96 84 45 55 72 29 0 24 20 39 52 94 88 67 83 78 1 9 74 54 26 70 90 99 82 11 91 16 27 28 59 97 37 89 58 57 69 6 15 5 65 73 34 4 47 92 44 30 56 21 17 66 22 32
Coste: 1656901868

GENERACION: 125
Mejor Solucion:  93 95 75 49 50 2 48 76 23 85 40 80 71 43 25 41 86 35 31 8 10 33 19 68 38 60 79 61 98 13 51 64 18 81 46 7 42 12 77 14 87 36 62 63 53 3 96 84 45 55 72 29 0 24 20 39 52 94 88 67 83 78 1 9 74 54 26 70 90 99 82 11 91 16 27 28 59 97 37 89 58 57 69 6 15 5 65 73 34 4 47 92 44 30 56 21 17 66 22 32
Coste: 1656901868

GENERACION: 126
Mejor Solucion:  93 95 75 49 50 2 48 76 23 85 40 80 71 43 25 41 86 35 31 8 10 33 19 68 38 60 79 61 98 13 51 64 18 81 46 7 42 12 77 14 87 36 62 63 53 3 96 84 45 55 72 29 0 24 20 39 52 94 88 67 83 78 1 9 74 54 26 70 90 99 82 11 91 16 27 28 59 97 37 89 58 57 69 6 15 5 65 73 34 4 47 92 44 30 56 21 17 66 22 32
Coste: 1656901868

GENERACION: 127
Mejor Solucion:  93 95 75 49 50 2 48 76 23 85 40 80 71 43 25 41 86 35 31 8 10 33 19 68 38 60 79 61 98 13 51 64 18 81 46 7 42 12 77 14 87 36 62 63 53 3 96 84 45 55 72 29 0 24 20 39 52 94 88 67 83 78 1 9 74 54 26 70 90 99 82 11 91 16 27 28 59 97 37 89 58 57 69 6 15 5 65 73 34 4 47 92 44 30 56 21 17 66 22 32
Coste: 1656901868

GENERACION: 128
Mejor Solucion:  93 95 75 49 50 2 48 76 23 85 40 80 71 43 25 41 86 35 31 8 10 33 19 68 38 60 79 61 98 13 51 64 18 81 46 7 42 12 77 14 87 36 62 63 53 3 96 84 45 55 72 29 0 24 20 39 52 94 88 67 83 78 1 9 74 54 26 70 90 99 82 11 91 16 27 28 59 97 37 89 58 57 69 6 15 5 65 73 34 4 47 92 44 30 56 21 17 66 22 32
Coste: 1656901868

GENERACION: 129
Mejor Solucion:  93 95 75 49 50 2 48 76 23 85 40 80 71 43 25 41 86 35 31 8 10 33 19 68 38 60 79 61 98 13 51 64 18 81 46 7 42 12 77 14 87 36 62 63 53 3 96 84 45 55 72 29 0 24 20 39 52 94 88 67 83 78 1 9 74 54 26 70 90 99 82 11 91 16 27 28 59 97 37 89 58 57 69 6 15 5 65 73 34 4 47 92 44 30 56 21 17 66 22 32
Coste: 1656901868

GENERACION: 130
Mejor Solucion:  93 95 75 49 50 2 48 76 23 85 40 80 71 43 25 41 86 35 31 8 10 33 19 68 38 60 79 61 98 13 51 64 18 81 46 7 42 12 77 14 87 36 62 63 53 3 96 84 45 55 72 29 0 24 20 39 52 94 88 67 83 78 1 9 74 54 26 70 90 99 82 11 91 16 27 28 59 97 37 89 58 57 69 6 15 5 65 73 34 4 47 92 44 30 56 21 17 66 22 32
Coste: 1656901868

GENERACION: 131
Mejor Solucion:  93 95 75 49 50 2 48 76 23 85 40 80 71 43 25 41 86 35 31 8 10 33 19 68 38 60 79 61 98 13 51 64 18 81 46 7 42 12 77 14 87 36 62 63 53 3 96 84 45 55 72 29 0 24 20 39 52 94 88 67 83 78 1 9 74 54 26 70 90 99 82 11 91 16 27 28 59 97 37 89 58 57 69 6 15 5 65 73 34 4 47 92 44 30 56 21 17 66 22 32
Coste: 1656901868

GENERACION: 132
Mejor Solucion:  93 95 75 49 50 2 48 76 23 85 40 80 71 43 25 41 86 35 31 8 10 33 19 68 38 60 79 61 98 13 51 64 18 81 46 7 42 12 77 14 87 36 62 63 53 3 96 84 45 55 72 29 0 24 20 39 52 94 88 67 83 78 1 9 74 54 26 70 90 99 82 11 91 16 27 28 59 97 37 89 58 57 69 6 15 5 65 73 34 4 47 92 44 30 56 21 17 66 22 32
Coste: 1656901868

