GENERACION: 1
Mejor Solucion:  11 28 39 37 12 46 70 42 40 50 0 3 34 89 83 97 24 16 87 8 18 88 19 7 9 56 41 81 67 23 58 91 77 15 59 75 25 93 29 10 21 52 31 79 63 13 96 78 53 35 62 73 48 86 22 54 60 30 68 69 20 4 45 57 2 95 44 5 47 74 1 33 43 85 92 99 66 76 65 61 82 32 80 51 6 27 26 55 94 49 84 90 98 64 71 38 17 36 14 72
Coste: 23930244

GENERACION: 2
Mejor Solucion:  0 51 38 61 39 66 24 80 10 14 71 43 84 23 13 27 40 99 95 12 69 58 30 97 64 55 33 93 9 56 45 4 44 18 21 75 96 81 68 15 36 7 79 87 73 88 3 85 6 34 82 25 50 78 77 94 48 90 74 52 60 29 62 49 35 70 53 63 22 83 42 89 2 46 16 5 31 92 11 59 72 26 57 37 65 1 98 8 54 67 41 28 19 76 86 32 47 20 17 91
Coste: 23912105

GENERACION: 3
Mejor Solucion:  0 51 38 61 39 66 24 80 10 14 71 43 84 23 13 27 40 99 95 12 69 58 30 97 64 55 33 93 9 56 45 4 44 18 21 75 96 81 68 15 36 7 79 87 73 88 3 85 6 34 82 25 50 78 77 94 48 90 74 52 60 29 62 49 35 70 53 63 22 83 42 89 2 46 16 5 31 92 11 59 72 26 57 37 65 1 98 8 54 67 41 28 19 76 86 32 47 20 17 91
Coste: 23912105

GENERACION: 4
Mejor Solucion:  0 51 38 61 39 66 24 80 10 14 71 43 84 23 13 27 40 99 95 12 69 58 30 97 64 55 33 93 9 56 45 4 44 18 21 75 96 81 68 15 36 7 79 87 73 88 3 85 6 34 82 25 50 78 77 94 48 90 74 52 60 29 62 49 35 70 53 63 22 83 42 89 2 46 16 5 31 92 11 59 72 26 57 37 65 1 98 8 54 67 41 28 19 76 86 32 47 20 17 91
Coste: 23912105

GENERACION: 5
Mejor Solucion:  97 14 7 71 56 57 66 8 47 73 54 38 2 5 74 4 9 67 27 94 49 48 82 78 87 88 83 12 24 23 58 6 81 34 53 28 40 72 31 30 19 22 42 26 32 39 43 11 96 76 13 0 61 36 46 60 62 92 70 75 37 79 98 45 84 59 1 99 65 51 52 17 10 90 80 25 15 44 21 93 89 68 63 20 85 86 3 50 95 18 77 69 55 16 29 91 64 41 35 33
Coste: 23894439

GENERACION: 6
Mejor Solucion:  97 14 7 71 69 57 66 8 13 95 54 38 2 89 87 88 36 67 27 94 49 48 82 78 74 4 83 12 24 23 58 6 81 47 53 92 40 72 37 30 19 22 42 26 32 39 43 29 96 76 34 0 61 9 46 60 62 28 70 75 31 79 98 45 84 59 1 99 65 51 52 17 10 90 80 73 15 44 21 93 5 68 63 20 85 86 3 50 25 18 77 56 55 16 11 91 64 41 35 33
Coste: 23826278

GENERACION: 7
Mejor Solucion:  97 14 7 71 58 57 60 8 47 73 54 32 2 5 74 4 9 67 27 94 49 48 82 78 87 88 83 12 24 23 56 6 81 34 53 28 40 72 30 31 19 22 42 26 38 39 43 11 96 76 13 0 16 36 46 66 62 92 70 75 37 79 98 45 84 59 61 99 65 51 52 17 10 90 80 25 15 44 21 93 89 68 63 20 85 86 3 64 95 18 77 69 55 1 29 91 50 41 35 33
Coste: 23795833

GENERACION: 8
Mejor Solucion:  97 14 7 71 58 57 60 8 47 73 54 32 2 5 74 4 9 67 27 94 49 48 82 78 87 88 83 12 24 23 56 6 81 34 53 28 40 72 30 31 19 22 42 26 38 39 43 11 96 76 13 0 16 36 46 66 62 92 70 75 37 79 98 45 84 59 61 99 65 51 52 17 10 90 80 25 15 44 21 93 89 68 63 20 85 86 3 64 95 18 77 69 55 1 29 91 50 41 35 33
Coste: 23795833

GENERACION: 9
Mejor Solucion:  97 14 7 71 58 57 60 8 47 73 54 32 2 5 74 4 9 67 27 94 49 48 82 78 87 88 83 12 24 23 56 6 81 34 53 28 40 72 30 31 19 22 42 26 38 39 43 11 96 76 13 0 16 36 46 66 62 92 70 75 37 79 98 45 84 59 61 99 65 51 52 17 10 90 80 25 15 44 21 93 89 68 63 20 85 86 3 64 95 18 77 69 55 1 29 91 50 41 35 33
Coste: 23795833

GENERACION: 10
Mejor Solucion:  97 14 7 71 58 57 60 8 47 73 54 32 2 5 74 4 9 67 27 94 49 48 82 78 87 88 83 12 24 23 56 6 81 34 53 28 40 72 30 31 19 22 42 26 38 39 43 11 96 76 13 0 16 36 46 66 62 92 70 75 37 79 98 45 84 59 61 99 65 51 52 17 10 90 80 25 15 44 21 93 89 68 63 20 85 86 3 64 95 18 77 69 55 1 29 91 50 41 35 33
Coste: 23795833

GENERACION: 11
Mejor Solucion:  7 71 69 57 8 95 54 2 89 87 88 67 27 94 49 48 82 78 74 4 83 12 24 20 58 6 81 47 53 40 72 30 68 22 42 32 29 34 36 60 28 31 1 26 38 39 43 3 96 76 13 0 63 9 46 66 62 92 70 75 37 79 98 45 84 59 61 99 65 51 52 17 10 90 80 73 15 44 21 93 5 19 16 23 85 86 11 50 25 77 18 56 55 91 64 41 35 33 97 14
Coste: 23743213

GENERACION: 12
Mejor Solucion:  7 71 69 57 8 95 54 2 89 87 88 67 27 94 49 48 82 78 74 4 83 12 24 20 58 6 81 47 53 40 72 30 68 22 42 32 29 34 36 60 28 31 1 26 38 39 43 3 96 76 13 0 63 9 46 66 62 92 70 75 37 79 98 45 84 59 61 99 65 51 52 17 10 90 80 73 15 44 21 93 5 19 16 23 85 86 11 50 25 77 18 56 55 91 64 41 35 33 97 14
Coste: 23743213

GENERACION: 13
Mejor Solucion:  7 71 69 57 8 95 54 2 89 87 88 67 27 94 49 48 82 78 74 4 83 12 24 20 58 6 81 47 53 40 72 30 68 22 42 32 29 34 36 60 28 31 1 26 38 39 43 3 96 76 13 0 63 9 46 66 62 92 70 75 37 79 98 45 84 59 61 99 65 51 52 17 10 90 80 73 15 44 21 93 5 19 16 23 85 86 11 50 25 77 18 56 55 91 64 41 35 33 97 14
Coste: 23743213

GENERACION: 14
Mejor Solucion:  7 71 69 57 8 95 54 2 89 87 88 67 27 94 49 48 82 78 74 4 83 12 24 20 58 6 81 47 53 40 72 30 68 22 42 32 29 34 36 60 28 31 1 26 38 39 43 3 96 76 13 0 63 9 46 66 62 92 70 75 37 79 98 45 84 59 61 99 65 51 52 17 10 90 80 73 15 44 21 93 5 19 16 23 85 86 11 50 25 77 18 56 55 91 64 41 35 33 97 14
Coste: 23743213

GENERACION: 15
Mejor Solucion:  7 71 69 57 8 95 54 2 89 87 88 67 27 94 49 48 82 78 74 4 83 12 24 20 58 6 81 47 53 40 72 30 68 22 42 32 29 34 36 60 28 31 1 26 38 39 43 3 96 76 13 0 63 9 46 66 62 92 70 75 37 79 98 45 84 59 61 99 65 51 52 17 10 90 80 73 15 44 21 93 5 19 16 23 85 86 11 50 25 77 18 56 55 91 64 41 35 33 97 14
Coste: 23743213

GENERACION: 16
Mejor Solucion:  7 71 69 57 8 95 54 2 89 87 88 67 27 94 49 48 82 78 74 4 83 12 24 20 58 6 81 47 53 40 72 30 68 22 42 32 29 34 36 60 28 31 1 26 38 39 43 3 96 76 13 0 63 9 46 66 62 92 70 75 37 79 98 45 84 59 61 99 65 51 52 17 10 90 80 73 15 44 21 93 5 19 16 23 85 86 11 50 25 77 18 56 55 91 64 41 35 33 97 14
Coste: 23743213

GENERACION: 17
Mejor Solucion:  7 71 69 57 8 95 54 2 89 87 88 67 27 94 49 48 82 78 74 4 83 12 24 20 58 6 81 47 53 40 72 30 68 22 42 32 29 34 36 60 28 31 1 26 38 39 43 3 96 76 13 0 63 9 46 66 62 92 70 75 37 79 98 45 84 59 61 99 65 51 52 17 10 90 80 73 15 44 21 93 5 19 16 23 85 86 11 50 25 77 18 56 55 91 64 41 35 33 97 14
Coste: 23743213

GENERACION: 18
Mejor Solucion:  7 71 69 57 8 95 54 2 89 87 88 67 27 94 49 48 82 78 74 4 83 12 24 20 58 6 81 47 53 40 72 30 68 22 42 32 29 34 36 60 28 31 1 26 38 39 43 3 96 76 13 0 63 9 46 66 62 92 70 75 37 79 98 45 84 59 61 99 65 51 52 17 10 90 80 73 15 44 21 93 5 19 16 23 85 86 11 50 25 77 18 56 55 91 64 41 35 33 97 14
Coste: 23743213

GENERACION: 19
Mejor Solucion:  7 71 69 57 8 95 54 2 89 87 88 67 27 94 49 48 82 78 74 4 83 12 24 20 58 6 81 47 53 40 72 30 68 22 42 32 29 34 36 60 28 31 1 26 38 39 43 3 96 76 13 0 63 9 46 66 62 92 70 75 37 79 98 45 84 59 61 99 65 51 52 17 10 90 80 73 15 44 21 93 5 19 16 23 85 86 11 50 25 77 18 56 55 91 64 41 35 33 97 14
Coste: 23743213

GENERACION: 20
Mejor Solucion:  7 71 69 57 8 95 54 2 89 87 88 67 27 94 49 48 82 78 74 4 83 12 24 20 58 6 81 47 53 40 72 30 68 22 42 32 29 34 36 60 28 31 1 26 38 39 43 3 96 76 13 0 63 9 46 66 62 92 70 75 37 79 98 45 84 59 61 99 65 51 52 17 10 90 80 73 15 44 21 93 5 19 16 23 85 86 11 50 25 77 18 56 55 91 64 41 35 33 97 14
Coste: 23743213

GENERACION: 21
Mejor Solucion:  7 71 69 57 8 95 54 2 89 87 88 67 27 94 49 48 82 78 74 4 83 12 24 20 58 6 81 47 53 40 72 30 68 22 42 32 29 34 36 60 28 31 1 26 38 39 43 3 96 76 13 0 63 9 46 66 62 92 70 75 37 79 98 45 84 59 61 99 65 51 52 17 10 90 80 73 15 44 21 93 5 19 16 23 85 86 11 50 25 77 18 56 55 91 64 41 35 33 97 14
Coste: 23743213

GENERACION: 22
Mejor Solucion:  7 71 69 57 8 95 54 2 89 87 88 67 27 94 49 48 82 78 74 4 83 12 24 20 58 6 81 47 53 40 72 30 68 22 42 32 29 34 36 60 28 31 1 26 38 39 43 3 96 76 13 0 63 9 46 66 62 92 70 75 37 79 98 45 84 59 61 99 65 51 52 17 10 90 80 73 15 44 21 93 5 19 16 23 85 86 11 50 25 77 18 56 55 91 64 41 35 33 97 14
Coste: 23743213

GENERACION: 23
Mejor Solucion:  7 71 69 57 8 95 54 2 89 87 88 67 27 94 49 48 82 78 74 4 83 12 24 20 58 6 81 47 53 40 72 30 68 22 42 32 29 34 36 60 28 31 1 26 38 39 43 3 96 76 13 0 63 9 46 66 62 92 70 75 37 79 98 45 84 59 61 99 65 51 52 17 10 90 80 73 15 44 21 93 5 19 16 23 85 86 11 50 25 77 18 56 55 91 64 41 35 33 97 14
Coste: 23743213

GENERACION: 24
Mejor Solucion:  7 71 69 57 8 95 54 2 89 87 88 67 27 94 49 48 82 78 74 4 83 12 24 20 58 6 81 47 53 40 72 30 68 22 42 32 29 34 36 60 28 31 1 26 38 39 43 3 96 76 13 0 63 9 46 66 62 92 70 75 37 79 98 45 84 59 61 99 65 51 52 17 10 90 80 73 15 44 21 93 5 19 16 23 85 86 11 50 25 77 18 56 55 91 64 41 35 33 97 14
Coste: 23743213

GENERACION: 25
Mejor Solucion:  7 71 69 57 8 95 54 2 89 87 88 67 27 94 49 48 82 78 74 4 83 12 24 20 58 6 81 47 53 40 72 30 68 22 42 32 29 34 36 60 28 31 1 26 38 39 43 3 96 76 13 0 63 9 46 66 62 92 70 75 37 79 98 45 84 59 61 99 65 51 52 17 10 90 80 73 15 44 21 93 5 19 16 23 85 86 11 50 25 77 18 56 55 91 64 41 35 33 97 14
Coste: 23743213

GENERACION: 26
Mejor Solucion:  7 71 69 57 8 95 54 2 89 87 88 67 27 94 49 48 82 78 74 4 83 12 24 20 58 6 81 47 53 40 72 30 68 22 42 32 29 34 36 60 28 31 1 26 38 39 43 3 96 76 13 0 63 9 46 66 62 92 70 75 37 79 98 45 84 59 61 99 65 51 52 17 10 90 80 73 15 44 21 93 5 19 16 23 85 86 11 50 25 77 18 56 55 91 64 41 35 33 97 14
Coste: 23743213

GENERACION: 27
Mejor Solucion:  7 71 69 57 8 95 54 2 89 87 88 67 27 94 49 48 82 78 74 4 83 12 24 20 58 6 81 47 53 40 72 30 68 22 42 32 29 34 36 60 28 31 1 26 38 39 43 3 96 76 13 0 63 9 46 66 62 92 70 75 37 79 98 45 84 59 61 99 65 51 52 17 10 90 80 73 15 44 21 93 5 19 16 23 85 86 11 50 25 77 18 56 55 91 64 41 35 33 97 14
Coste: 23743213

GENERACION: 28
Mejor Solucion:  7 71 69 57 8 95 54 2 89 87 88 67 27 94 49 48 82 78 74 4 83 12 24 20 58 6 81 47 53 40 72 30 68 22 42 32 29 34 36 60 28 31 1 26 38 39 43 3 96 76 13 0 63 9 46 66 62 92 70 75 37 79 98 45 84 59 61 99 65 51 52 17 10 90 80 73 15 44 21 93 5 19 16 23 85 86 11 50 25 77 18 56 55 91 64 41 35 33 97 14
Coste: 23743213

GENERACION: 29
Mejor Solucion:  7 71 69 57 8 95 54 2 89 87 88 67 27 94 49 48 82 78 74 4 83 12 24 20 58 6 81 47 53 40 72 30 68 22 42 32 29 34 36 60 28 31 1 26 38 39 43 3 96 76 13 0 63 9 46 66 62 92 70 75 37 79 98 45 84 59 61 99 65 51 52 17 10 90 80 73 15 44 21 93 5 19 16 23 85 86 11 50 25 77 18 56 55 91 64 41 35 33 97 14
Coste: 23743213

GENERACION: 30
Mejor Solucion:  7 71 69 57 8 95 54 2 89 87 88 67 27 94 49 48 82 78 74 4 83 12 24 20 58 6 81 47 53 40 72 30 68 22 42 32 29 34 36 60 28 31 1 26 38 39 43 3 96 76 13 0 63 9 46 66 62 92 70 75 37 79 98 45 84 59 61 99 65 51 52 17 10 90 80 73 15 44 21 93 5 19 16 23 85 86 11 50 25 77 18 56 55 91 64 41 35 33 97 14
Coste: 23743213

GENERACION: 31
Mejor Solucion:  7 71 69 57 8 95 54 2 89 87 88 67 27 94 49 48 82 78 74 4 83 12 24 20 58 6 81 47 53 40 72 30 68 22 42 32 29 34 36 60 28 31 1 26 38 39 43 3 96 76 13 0 63 9 46 66 62 92 70 75 37 79 98 45 84 59 61 99 65 51 52 17 10 90 80 73 15 44 21 93 5 19 16 23 85 86 11 50 25 77 18 56 55 91 64 41 35 33 97 14
Coste: 23743213

GENERACION: 32
Mejor Solucion:  7 71 69 57 8 95 54 2 89 87 88 67 27 94 49 48 82 78 74 4 83 12 24 20 58 6 81 47 53 40 72 30 68 22 42 32 29 34 36 60 28 31 1 26 38 39 43 3 96 76 13 0 63 9 46 66 62 92 70 75 37 79 98 45 84 59 61 99 65 51 52 17 10 90 80 73 15 44 21 93 5 19 16 23 85 86 11 50 25 77 18 56 55 91 64 41 35 33 97 14
Coste: 23743213

GENERACION: 33
Mejor Solucion:  7 71 69 57 8 95 54 2 89 87 88 67 27 94 49 48 82 78 74 4 83 12 24 20 58 6 81 47 53 40 72 30 68 22 42 32 29 34 36 60 28 31 1 26 38 39 43 3 96 76 13 0 63 9 46 66 62 92 70 75 37 79 98 45 84 59 61 99 65 51 52 17 10 90 80 73 15 44 21 93 5 19 16 23 85 86 11 50 25 77 18 56 55 91 64 41 35 33 97 14
Coste: 23743213

GENERACION: 34
Mejor Solucion:  7 71 69 57 8 95 54 2 89 87 88 67 27 94 49 48 82 78 74 4 83 12 24 20 58 6 81 47 53 40 72 30 68 22 42 32 29 34 36 60 28 31 1 26 38 39 43 3 96 76 13 0 63 9 46 66 62 92 70 75 37 79 98 45 84 59 61 99 65 51 52 17 10 90 80 73 15 44 21 93 5 19 16 23 85 86 11 50 25 77 18 56 55 91 64 41 35 33 97 14
Coste: 23743213

GENERACION: 35
Mejor Solucion:  7 71 69 57 8 95 54 2 89 87 88 67 27 94 49 48 82 78 74 4 83 12 24 20 58 6 81 47 53 40 72 30 68 22 42 32 29 34 36 60 28 31 1 26 38 39 43 3 96 76 13 0 63 9 46 66 62 92 70 75 37 79 98 45 84 59 61 99 65 51 52 17 10 90 80 73 15 44 21 93 5 19 16 23 85 86 11 50 25 77 18 56 55 91 64 41 35 33 97 14
Coste: 23743213

GENERACION: 36
Mejor Solucion:  7 71 69 57 8 95 54 2 89 87 88 67 27 94 49 48 82 78 74 4 83 12 24 20 58 6 81 47 53 40 72 30 68 22 42 32 29 34 36 60 28 31 1 26 38 39 43 3 96 76 13 0 63 9 46 66 62 92 70 75 37 79 98 45 84 59 61 99 65 51 52 17 10 90 80 73 15 44 21 93 5 19 16 23 85 86 11 50 25 77 18 56 55 91 64 41 35 33 97 14
Coste: 23743213

GENERACION: 37
Mejor Solucion:  7 71 69 57 8 95 54 2 89 87 88 67 27 94 49 48 82 78 74 4 83 12 24 20 58 6 81 47 53 40 72 30 68 22 42 32 29 34 36 60 28 31 1 26 38 39 43 3 96 76 13 0 63 9 46 66 62 92 70 75 37 79 98 45 84 59 61 99 65 51 52 17 10 90 80 73 15 44 21 93 5 19 16 23 85 86 11 50 25 77 18 56 55 91 64 41 35 33 97 14
Coste: 23743213

GENERACION: 38
Mejor Solucion:  7 71 69 57 8 95 54 2 89 87 88 67 27 94 49 48 82 78 74 4 83 12 24 20 58 6 81 47 53 40 72 30 68 22 42 32 29 34 36 60 28 31 1 26 38 39 43 3 96 76 13 0 63 9 46 66 62 92 70 75 37 79 98 45 84 59 61 99 65 51 52 17 10 90 80 73 15 44 21 93 5 19 16 23 85 86 11 50 25 77 18 56 55 91 64 41 35 33 97 14
Coste: 23743213

GENERACION: 39
Mejor Solucion:  7 71 69 57 8 95 54 2 89 87 88 67 27 94 49 48 82 78 74 4 83 12 24 20 58 6 81 47 53 40 72 30 68 22 42 32 29 34 36 60 28 31 1 26 38 39 43 3 96 76 13 0 63 9 46 66 62 92 70 75 37 79 98 45 84 59 61 99 65 51 52 17 10 90 80 73 15 44 21 93 5 19 16 23 85 86 11 50 25 77 18 56 55 91 64 41 35 33 97 14
Coste: 23743213

GENERACION: 40
Mejor Solucion:  7 71 69 57 8 95 54 2 89 87 88 67 27 94 49 48 82 78 74 4 83 12 24 20 58 6 81 47 53 40 72 30 68 22 42 32 29 34 36 60 28 31 1 26 38 39 43 3 96 76 13 0 63 9 46 66 62 92 70 75 37 79 98 45 84 59 61 99 65 51 52 17 10 90 80 73 15 44 21 93 5 19 16 23 85 86 11 50 25 77 18 56 55 91 64 41 35 33 97 14
Coste: 23743213

GENERACION: 41
Mejor Solucion:  7 71 69 57 8 95 54 2 89 87 88 67 27 94 49 48 82 78 74 4 83 12 24 20 58 6 81 47 53 40 72 30 68 22 42 32 29 34 36 60 28 31 1 26 38 39 43 3 96 76 13 0 63 9 46 66 62 92 70 75 37 79 98 45 84 59 61 99 65 51 52 17 10 90 80 73 15 44 21 93 5 19 16 23 85 86 11 50 25 77 18 56 55 91 64 41 35 33 97 14
Coste: 23743213

GENERACION: 42
Mejor Solucion:  7 71 69 57 8 95 54 2 89 87 88 67 27 94 49 48 82 78 74 4 83 12 24 20 58 6 81 47 53 40 72 30 68 22 42 32 29 34 36 60 28 31 1 26 38 39 43 3 96 76 13 0 63 9 46 66 62 92 70 75 37 79 98 45 84 59 61 99 65 51 52 17 10 90 80 73 15 44 21 93 5 19 16 23 85 86 11 50 25 77 18 56 55 91 64 41 35 33 97 14
Coste: 23743213

GENERACION: 43
Mejor Solucion:  7 71 69 57 8 95 54 2 89 87 88 67 27 94 49 48 82 78 74 4 83 12 24 20 58 6 81 47 53 40 72 30 68 22 42 32 29 34 36 60 28 31 1 26 38 39 43 3 96 76 13 0 63 9 46 66 62 92 70 75 37 79 98 45 84 59 61 99 65 51 52 17 10 90 80 73 15 44 21 93 5 19 16 23 85 86 11 50 25 77 18 56 55 91 64 41 35 33 97 14
Coste: 23743213

GENERACION: 44
Mejor Solucion:  7 71 69 57 8 95 54 2 89 87 88 67 27 94 49 48 82 78 74 4 83 12 24 20 58 6 81 47 53 40 72 30 68 22 42 32 29 34 36 60 28 31 1 26 38 39 43 3 96 76 13 0 63 9 46 66 62 92 70 75 37 79 98 45 84 59 61 99 65 51 52 17 10 90 80 73 15 44 21 93 5 19 16 23 85 86 11 50 25 77 18 56 55 91 64 41 35 33 97 14
Coste: 23743213

GENERACION: 45
Mejor Solucion:  7 71 69 57 8 95 54 2 89 87 88 67 27 94 49 48 82 78 74 4 83 12 24 20 58 6 81 47 53 40 72 30 68 22 42 32 29 34 36 60 28 31 1 26 38 39 43 3 96 76 13 0 63 9 46 66 62 92 70 75 37 79 98 45 84 59 61 99 65 51 52 17 10 90 80 73 15 44 21 93 5 19 16 23 85 86 11 50 25 77 18 56 55 91 64 41 35 33 97 14
Coste: 23743213

GENERACION: 46
Mejor Solucion:  7 71 69 57 8 95 54 2 89 87 88 67 27 94 49 48 82 78 74 4 83 12 24 20 58 6 81 47 53 40 72 30 68 22 42 32 29 34 36 60 28 31 1 26 38 39 43 3 96 76 13 0 63 9 46 66 62 92 70 75 37 79 98 45 84 59 61 99 65 51 52 17 10 90 80 73 15 44 21 93 5 19 16 23 85 86 11 50 25 77 18 56 55 91 64 41 35 33 97 14
Coste: 23743213

GENERACION: 47
Mejor Solucion:  7 71 69 57 8 95 54 2 89 87 88 67 27 94 49 48 82 78 74 4 83 12 24 20 58 6 81 47 53 40 72 30 68 22 42 32 29 34 36 60 28 31 1 26 38 39 43 3 96 76 13 0 63 9 46 66 62 92 70 75 37 79 98 45 84 59 61 99 65 51 52 17 10 90 80 73 15 44 21 93 5 19 16 23 85 86 11 50 25 77 18 56 55 91 64 41 35 33 97 14
Coste: 23743213

GENERACION: 48
Mejor Solucion:  7 71 69 57 8 95 54 2 89 87 88 67 27 94 49 48 82 78 74 4 83 12 24 20 58 6 81 47 53 40 72 30 68 22 42 32 29 34 36 60 28 31 1 26 38 39 43 3 96 76 13 0 63 9 46 66 62 92 70 75 37 79 98 45 84 59 61 99 65 51 52 17 10 90 80 73 15 44 21 93 5 19 16 23 85 86 11 50 25 77 18 56 55 91 64 41 35 33 97 14
Coste: 23743213

GENERACION: 49
Mejor Solucion:  7 71 69 57 8 95 54 2 89 87 88 67 27 94 49 48 82 78 74 4 83 12 24 20 58 6 81 47 53 40 72 30 68 22 42 32 29 34 36 60 28 31 1 26 38 39 43 3 96 76 13 0 63 9 46 66 62 92 70 75 37 79 98 45 84 59 61 99 65 51 52 17 10 90 80 73 15 44 21 93 5 19 16 23 85 86 11 50 25 77 18 56 55 91 64 41 35 33 97 14
Coste: 23743213

GENERACION: 50
Mejor Solucion:  7 71 69 57 8 95 54 2 89 87 88 67 27 94 49 48 82 78 74 4 83 12 24 20 58 6 81 47 53 40 72 30 68 22 42 32 29 34 36 60 28 31 1 26 38 39 43 3 96 76 13 0 63 9 46 66 62 92 70 75 37 79 98 45 84 59 61 99 65 51 52 17 10 90 80 73 15 44 21 93 5 19 16 23 85 86 11 50 25 77 18 56 55 91 64 41 35 33 97 14
Coste: 23743213

GENERACION: 51
Mejor Solucion:  7 71 69 57 8 95 54 2 89 87 88 67 27 94 49 48 82 78 74 4 83 12 24 20 58 6 81 47 53 40 72 30 68 22 42 32 29 34 36 60 28 31 1 26 38 39 43 3 96 76 13 0 63 9 46 66 62 92 70 75 37 79 98 45 84 59 61 99 65 51 52 17 10 90 80 73 15 44 21 93 5 19 16 23 85 86 11 50 25 77 18 56 55 91 64 41 35 33 97 14
Coste: 23743213

GENERACION: 52
Mejor Solucion:  7 71 69 57 8 95 54 2 89 87 88 67 27 94 49 48 82 78 74 4 83 12 24 20 58 6 81 47 53 40 72 30 68 22 42 32 29 34 36 60 28 31 1 26 38 39 43 3 96 76 13 0 63 9 46 66 62 92 70 75 37 79 98 45 84 59 61 99 65 51 52 17 10 90 80 73 15 44 21 93 5 19 16 23 85 86 11 50 25 77 18 56 55 91 64 41 35 33 97 14
Coste: 23743213

GENERACION: 53
Mejor Solucion:  7 71 69 57 8 95 54 2 89 87 88 67 27 94 49 48 82 78 74 4 83 12 24 20 58 6 81 47 53 40 72 30 68 22 42 32 29 34 36 60 28 31 1 26 38 39 43 3 96 76 13 0 63 9 46 66 62 92 70 75 37 79 98 45 84 59 61 99 65 51 52 17 10 90 80 73 15 44 21 93 5 19 16 23 85 86 11 50 25 77 18 56 55 91 64 41 35 33 97 14
Coste: 23743213

GENERACION: 54
Mejor Solucion:  7 71 69 57 8 95 54 2 89 87 88 67 27 94 49 48 82 78 74 4 83 12 24 20 58 6 81 47 53 40 72 30 68 22 42 32 29 34 36 60 28 31 1 26 38 39 43 3 96 76 13 0 63 9 46 66 62 92 70 75 37 79 98 45 84 59 61 99 65 51 52 17 10 90 80 73 15 44 21 93 5 19 16 23 85 86 11 50 25 77 18 56 55 91 64 41 35 33 97 14
Coste: 23743213

GENERACION: 55
Mejor Solucion:  7 71 69 57 8 95 54 2 89 87 88 67 27 94 49 48 82 78 74 4 83 12 24 20 58 6 81 47 53 40 72 30 68 22 42 32 29 34 36 60 28 31 1 26 38 39 43 3 96 76 13 0 63 9 46 66 62 92 70 75 37 79 98 45 84 59 61 99 65 51 52 17 10 90 80 73 15 44 21 93 5 19 16 23 85 86 11 50 25 77 18 56 55 91 64 41 35 33 97 14
Coste: 23743213

GENERACION: 56
Mejor Solucion:  7 71 69 57 8 95 54 2 89 87 88 67 27 94 49 48 82 78 74 4 83 12 24 20 58 6 81 47 53 40 72 30 68 22 42 32 29 34 36 60 28 31 1 26 38 39 43 3 96 76 13 0 63 9 46 66 62 92 70 75 37 79 98 45 84 59 61 99 65 51 52 17 10 90 80 73 15 44 21 93 5 19 16 23 85 86 11 50 25 77 18 56 55 91 64 41 35 33 97 14
Coste: 23743213

GENERACION: 57
Mejor Solucion:  7 71 69 57 8 95 54 2 89 87 88 67 27 94 49 48 82 78 74 4 83 12 24 20 58 6 81 47 53 40 72 30 68 22 42 32 29 34 36 60 28 31 1 26 38 39 43 3 96 76 13 0 63 9 46 66 62 92 70 75 37 79 98 45 84 59 61 99 65 51 52 17 10 90 80 73 15 44 21 93 5 19 16 23 85 86 11 50 25 77 18 56 55 91 64 41 35 33 97 14
Coste: 23743213

GENERACION: 58
Mejor Solucion:  7 71 69 57 8 95 54 2 89 87 88 67 27 94 49 48 82 78 74 4 83 12 24 20 58 6 81 47 53 40 72 30 68 22 42 32 29 34 36 60 28 31 1 26 38 39 43 3 96 76 13 0 63 9 46 66 62 92 70 75 37 79 98 45 84 59 61 99 65 51 52 17 10 90 80 73 15 44 21 93 5 19 16 23 85 86 11 50 25 77 18 56 55 91 64 41 35 33 97 14
Coste: 23743213

GENERACION: 59
Mejor Solucion:  7 71 69 57 8 95 54 2 89 87 88 67 27 94 49 48 82 78 74 4 83 12 24 20 58 6 81 47 53 40 72 30 68 22 42 32 29 34 36 60 28 31 1 26 38 39 43 3 96 76 13 0 63 9 46 66 62 92 70 75 37 79 98 45 84 59 61 99 65 51 52 17 10 90 80 73 15 44 21 93 5 19 16 23 85 86 11 50 25 77 18 56 55 91 64 41 35 33 97 14
Coste: 23743213

GENERACION: 60
Mejor Solucion:  7 71 69 57 8 95 54 2 89 87 88 67 27 94 49 48 82 78 74 4 83 12 24 20 58 6 81 47 53 40 72 30 68 22 42 32 29 34 36 60 28 31 1 26 38 39 43 3 96 76 13 0 63 9 46 66 62 92 70 75 37 79 98 45 84 59 61 99 65 51 52 17 10 90 80 73 15 44 21 93 5 19 16 23 85 86 11 50 25 77 18 56 55 91 64 41 35 33 97 14
Coste: 23743213

GENERACION: 61
Mejor Solucion:  7 71 69 57 8 95 54 2 89 87 88 67 27 94 49 48 82 78 74 4 83 12 24 20 58 6 81 47 53 40 72 30 68 22 42 32 29 34 36 60 28 31 1 26 38 39 43 3 96 76 13 0 63 9 46 66 62 92 70 75 37 79 98 45 84 59 61 99 65 51 52 17 10 90 80 73 15 44 21 93 5 19 16 23 85 86 11 50 25 77 18 56 55 91 64 41 35 33 97 14
Coste: 23743213

GENERACION: 62
Mejor Solucion:  7 71 69 57 8 95 54 2 89 87 88 67 27 94 49 48 82 78 74 4 83 12 24 20 58 6 81 47 53 40 72 30 68 22 42 32 29 34 36 60 28 31 1 26 38 39 43 3 96 76 13 0 63 9 46 66 62 92 70 75 37 79 98 45 84 59 61 99 65 51 52 17 10 90 80 73 15 44 21 93 5 19 16 23 85 86 11 50 25 77 18 56 55 91 64 41 35 33 97 14
Coste: 23743213

GENERACION: 63
Mejor Solucion:  7 71 69 57 8 95 54 2 89 87 88 67 27 94 49 48 82 78 74 4 83 12 24 20 58 6 81 47 53 40 72 30 68 22 42 32 29 34 36 60 28 31 1 26 38 39 43 3 96 76 13 0 63 9 46 66 62 92 70 75 37 79 98 45 84 59 61 99 65 51 52 17 10 90 80 73 15 44 21 93 5 19 16 23 85 86 11 50 25 77 18 56 55 91 64 41 35 33 97 14
Coste: 23743213

GENERACION: 64
Mejor Solucion:  7 71 69 57 8 95 54 2 89 87 88 67 27 94 49 48 82 78 74 4 83 12 24 20 58 6 81 47 53 40 72 30 68 22 42 32 29 34 36 60 28 31 1 26 38 39 43 3 96 76 13 0 63 9 46 66 62 92 70 75 37 79 98 45 84 59 61 99 65 51 52 17 10 90 80 73 15 44 21 93 5 19 16 23 85 86 11 50 25 77 18 56 55 91 64 41 35 33 97 14
Coste: 23743213

GENERACION: 65
Mejor Solucion:  7 71 69 57 8 95 54 2 89 87 88 67 27 94 49 48 82 78 74 4 83 12 24 20 58 6 81 47 53 40 72 30 68 22 42 32 29 34 36 60 28 31 1 26 38 39 43 3 96 76 13 0 63 9 46 66 62 92 70 75 37 79 98 45 84 59 61 99 65 51 52 17 10 90 80 73 15 44 21 93 5 19 16 23 85 86 11 50 25 77 18 56 55 91 64 41 35 33 97 14
Coste: 23743213

GENERACION: 66
Mejor Solucion:  7 71 69 57 8 95 54 2 89 87 88 67 27 94 49 48 82 78 74 4 83 12 24 20 58 6 81 47 53 40 72 30 68 22 42 32 29 34 36 60 28 31 1 26 38 39 43 3 96 76 13 0 63 9 46 66 62 92 70 75 37 79 98 45 84 59 61 99 65 51 52 17 10 90 80 73 15 44 21 93 5 19 16 23 85 86 11 50 25 77 18 56 55 91 64 41 35 33 97 14
Coste: 23743213

GENERACION: 67
Mejor Solucion:  7 71 69 57 8 95 54 2 89 87 88 67 27 94 49 48 82 78 74 4 83 12 24 20 58 6 81 47 53 40 72 30 68 22 42 32 29 34 36 60 28 31 1 26 38 39 43 3 96 76 13 0 63 9 46 66 62 92 70 75 37 79 98 45 84 59 61 99 65 51 52 17 10 90 80 73 15 44 21 93 5 19 16 23 85 86 11 50 25 77 18 56 55 91 64 41 35 33 97 14
Coste: 23743213

GENERACION: 68
Mejor Solucion:  7 71 69 57 8 95 54 2 89 87 88 67 27 94 49 48 82 78 74 4 83 12 24 20 58 6 81 47 53 40 72 30 68 22 42 32 29 34 36 60 28 31 1 26 38 39 43 3 96 76 13 0 63 9 46 66 62 92 70 75 37 79 98 45 84 59 61 99 65 51 52 17 10 90 80 73 15 44 21 93 5 19 16 23 85 86 11 50 25 77 18 56 55 91 64 41 35 33 97 14
Coste: 23743213

GENERACION: 69
Mejor Solucion:  7 71 69 57 8 95 54 2 89 87 88 67 27 94 49 48 82 78 74 4 83 12 24 20 58 6 81 47 53 40 72 30 68 22 42 32 29 34 36 60 28 31 1 26 38 39 43 3 96 76 13 0 63 9 46 66 62 92 70 75 37 79 98 45 84 59 61 99 65 51 52 17 10 90 80 73 15 44 21 93 5 19 16 23 85 86 11 50 25 77 18 56 55 91 64 41 35 33 97 14
Coste: 23743213

GENERACION: 70
Mejor Solucion:  7 71 69 57 8 95 54 2 89 87 88 67 27 94 49 48 82 78 74 4 83 12 24 20 58 6 81 47 53 40 72 30 68 22 42 32 29 34 36 60 28 31 1 26 38 39 43 3 96 76 13 0 63 9 46 66 62 92 70 75 37 79 98 45 84 59 61 99 65 51 52 17 10 90 80 73 15 44 21 93 5 19 16 23 85 86 11 50 25 77 18 56 55 91 64 41 35 33 97 14
Coste: 23743213

GENERACION: 71
Mejor Solucion:  7 71 69 57 8 95 54 2 89 87 88 67 27 94 49 48 82 78 74 4 83 12 24 20 58 6 81 47 53 40 72 30 68 22 42 32 29 34 36 60 28 31 1 26 38 39 43 3 96 76 13 0 63 9 46 66 62 92 70 75 37 79 98 45 84 59 61 99 65 51 52 17 10 90 80 73 15 44 21 93 5 19 16 23 85 86 11 50 25 77 18 56 55 91 64 41 35 33 97 14
Coste: 23743213

GENERACION: 72
Mejor Solucion:  7 71 69 57 8 95 54 2 89 87 88 67 27 94 49 48 82 78 74 4 83 12 24 20 58 6 81 47 53 40 72 30 68 22 42 32 29 34 36 60 28 31 1 26 38 39 43 3 96 76 13 0 63 9 46 66 62 92 70 75 37 79 98 45 84 59 61 99 65 51 52 17 10 90 80 73 15 44 21 93 5 19 16 23 85 86 11 50 25 77 18 56 55 91 64 41 35 33 97 14
Coste: 23743213

GENERACION: 73
Mejor Solucion:  7 71 69 57 8 95 54 2 89 87 88 67 27 94 49 48 82 78 74 4 83 12 24 20 58 6 81 47 53 40 72 30 68 22 42 32 29 34 36 60 28 31 1 26 38 39 43 3 96 76 13 0 63 9 46 66 62 92 70 75 37 79 98 45 84 59 61 99 65 51 52 17 10 90 80 73 15 44 21 93 5 19 16 23 85 86 11 50 25 77 18 56 55 91 64 41 35 33 97 14
Coste: 23743213

GENERACION: 74
Mejor Solucion:  7 71 69 57 8 95 54 2 89 87 88 67 27 94 49 48 82 78 74 4 83 12 24 20 58 6 81 47 53 40 72 30 68 22 42 32 29 34 36 60 28 31 1 26 38 39 43 3 96 76 13 0 63 9 46 66 62 92 70 75 37 79 98 45 84 59 61 99 65 51 52 17 10 90 80 73 15 44 21 93 5 19 16 23 85 86 11 50 25 77 18 56 55 91 64 41 35 33 97 14
Coste: 23743213

GENERACION: 75
Mejor Solucion:  7 71 69 57 8 95 54 2 89 87 88 67 27 94 49 48 82 78 74 4 83 12 24 20 58 6 81 47 53 40 72 30 68 22 42 32 29 34 36 60 28 31 1 26 38 39 43 3 96 76 13 0 63 9 46 66 62 92 70 75 37 79 98 45 84 59 61 99 65 51 52 17 10 90 80 73 15 44 21 93 5 19 16 23 85 86 11 50 25 77 18 56 55 91 64 41 35 33 97 14
Coste: 23743213

GENERACION: 76
Mejor Solucion:  7 71 69 57 8 95 54 2 89 87 88 67 27 94 49 48 82 78 74 4 83 12 24 20 58 6 81 47 53 40 72 30 68 22 42 32 29 34 36 60 28 31 1 26 38 39 43 3 96 76 13 0 63 9 46 66 62 92 70 75 37 79 98 45 84 59 61 99 65 51 52 17 10 90 80 73 15 44 21 93 5 19 16 23 85 86 11 50 25 77 18 56 55 91 64 41 35 33 97 14
Coste: 23743213

GENERACION: 77
Mejor Solucion:  7 71 69 57 8 95 54 2 89 87 88 67 27 94 49 48 82 78 74 4 83 12 24 20 58 6 81 47 53 40 72 30 68 22 42 32 29 34 36 60 28 31 1 26 38 39 43 3 96 76 13 0 63 9 46 66 62 92 70 75 37 79 98 45 84 59 61 99 65 51 52 17 10 90 80 73 15 44 21 93 5 19 16 23 85 86 11 50 25 77 18 56 55 91 64 41 35 33 97 14
Coste: 23743213

GENERACION: 78
Mejor Solucion:  7 71 69 57 8 95 54 2 89 87 88 67 27 94 49 48 82 78 74 4 83 12 24 20 58 6 81 47 53 40 72 30 68 22 42 32 29 34 36 60 28 31 1 26 38 39 43 3 96 76 13 0 63 9 46 66 62 92 70 75 37 79 98 45 84 59 61 99 65 51 52 17 10 90 80 73 15 44 21 93 5 19 16 23 85 86 11 50 25 77 18 56 55 91 64 41 35 33 97 14
Coste: 23743213

GENERACION: 79
Mejor Solucion:  7 71 69 57 8 95 54 2 89 87 88 67 27 94 49 48 82 78 74 4 83 12 24 20 58 6 81 47 53 40 72 30 68 22 42 32 29 34 36 60 28 31 1 26 38 39 43 3 96 76 13 0 63 9 46 66 62 92 70 75 37 79 98 45 84 59 61 99 65 51 52 17 10 90 80 73 15 44 21 93 5 19 16 23 85 86 11 50 25 77 18 56 55 91 64 41 35 33 97 14
Coste: 23743213

GENERACION: 80
Mejor Solucion:  20 44 94 41 98 87 19 51 9 83 52 4 58 57 77 21 6 81 47 37 25 48 38 53 0 99 92 32 2 45 72 14 68 22 43 13 29 34 36 60 91 31 64 39 59 28 96 5 73 40 11 33 23 8 26 80 30 93 56 85 90 78 86 79 35 88 97 62 12 3 55 61 18 7 50 69 75 42 95 89 17 27 66 49 82 16 65 54 24 71 10 1 46 76 84 74 67 15 63 70
Coste: 23740846

GENERACION: 81
Mejor Solucion:  20 44 94 41 98 87 19 51 9 83 52 4 58 57 77 21 6 81 47 37 25 48 38 53 0 99 92 32 2 45 72 14 68 22 43 13 29 34 36 60 91 31 64 39 59 28 96 5 73 40 11 33 23 8 26 80 30 93 56 85 90 78 86 79 35 88 97 62 12 3 55 61 18 7 50 69 75 42 95 89 17 27 66 49 82 16 65 54 24 71 10 1 46 76 84 74 67 15 63 70
Coste: 23740846

GENERACION: 82
Mejor Solucion:  20 44 94 41 98 87 19 51 9 83 52 4 58 57 77 21 6 81 47 37 25 48 38 53 0 99 92 32 2 45 72 14 68 22 43 13 29 34 36 60 91 31 64 39 59 28 96 5 73 40 11 33 23 8 26 80 30 93 56 85 90 78 86 79 35 88 97 62 12 3 55 61 18 7 50 69 75 42 95 89 17 27 66 49 82 16 65 54 24 71 10 1 46 76 84 74 67 15 63 70
Coste: 23740846

GENERACION: 83
Mejor Solucion:  20 44 94 41 98 87 19 51 9 83 52 4 58 57 77 21 6 81 47 37 25 48 38 53 0 99 92 32 2 45 72 14 68 22 43 13 29 34 36 60 91 31 64 39 59 28 96 5 73 40 11 33 23 8 26 80 30 93 56 85 90 78 86 79 35 88 97 62 12 3 55 61 18 7 50 69 75 42 95 89 17 27 66 49 82 16 65 54 24 71 10 1 46 76 84 74 67 15 63 70
Coste: 23740846

GENERACION: 84
Mejor Solucion:  20 44 94 41 98 87 19 51 9 83 52 4 58 57 77 21 6 81 47 37 25 48 38 53 0 99 92 32 2 45 72 14 68 22 43 13 29 34 36 60 91 31 64 39 59 28 96 5 73 40 11 33 23 8 26 80 30 93 56 85 90 78 86 79 35 88 97 62 12 3 55 61 18 7 50 69 75 42 95 89 17 27 66 49 82 16 65 54 24 71 10 1 46 76 84 74 67 15 63 70
Coste: 23740846

GENERACION: 85
Mejor Solucion:  20 44 94 41 98 87 19 51 9 83 52 4 58 57 77 21 6 81 47 37 25 48 38 53 0 99 92 32 2 45 72 14 68 22 43 13 29 34 36 60 91 31 64 39 59 28 96 5 73 40 11 33 23 8 26 80 30 93 56 85 90 78 86 79 35 88 97 62 12 3 55 61 18 7 50 69 75 42 95 89 17 27 66 49 82 16 65 54 24 71 10 1 46 76 84 74 67 15 63 70
Coste: 23740846

GENERACION: 86
Mejor Solucion:  20 44 94 41 98 87 19 51 9 83 52 4 58 57 77 21 6 81 47 37 25 48 38 53 0 99 92 32 2 45 72 14 68 22 43 13 29 34 36 60 91 31 64 39 59 28 96 5 73 40 11 33 23 8 26 80 30 93 56 85 90 78 86 79 35 88 97 62 12 3 55 61 18 7 50 69 75 42 95 89 17 27 66 49 82 16 65 54 24 71 10 1 46 76 84 74 67 15 63 70
Coste: 23740846

GENERACION: 87
Mejor Solucion:  20 44 94 41 98 87 19 51 9 83 52 4 58 57 77 21 6 81 47 37 25 48 38 53 0 99 92 32 2 45 72 14 68 22 43 13 29 34 36 60 91 31 64 39 59 28 96 5 73 40 11 33 23 8 26 80 30 93 56 85 90 78 86 79 35 88 97 62 12 3 55 61 18 7 50 69 75 42 95 89 17 27 66 49 82 16 65 54 24 71 10 1 46 76 84 74 67 15 63 70
Coste: 23740846

GENERACION: 88
Mejor Solucion:  20 44 94 41 98 87 19 51 9 83 52 4 58 57 77 21 6 81 47 37 25 48 38 53 0 99 92 32 2 45 72 14 68 22 43 13 29 34 36 60 91 31 64 39 59 28 96 5 73 40 11 33 23 8 26 80 30 93 56 85 90 78 86 79 35 88 97 62 12 3 55 61 18 7 50 69 75 42 95 89 17 27 66 49 82 16 65 54 24 71 10 1 46 76 84 74 67 15 63 70
Coste: 23740846

GENERACION: 89
Mejor Solucion:  20 44 94 41 98 87 19 51 9 83 52 4 58 57 77 21 6 81 47 37 25 48 38 53 0 99 92 32 2 45 72 14 68 22 43 13 29 34 36 60 91 31 64 39 59 28 96 5 73 40 11 33 23 8 26 80 30 93 56 85 90 78 86 79 35 88 97 62 12 3 55 61 18 7 50 69 75 42 95 89 17 27 66 49 82 16 65 54 24 71 10 1 46 76 84 74 67 15 63 70
Coste: 23740846

GENERACION: 90
Mejor Solucion:  20 44 94 41 98 87 19 51 9 83 52 4 58 57 77 21 6 81 47 37 25 48 38 53 0 99 92 32 2 45 72 14 68 22 43 13 29 34 36 60 91 31 64 39 59 28 96 5 73 40 11 33 23 8 26 80 30 93 56 85 90 78 86 79 35 88 97 62 12 3 55 61 18 7 50 69 75 42 95 89 17 27 66 49 82 16 65 54 24 71 10 1 46 76 84 74 67 15 63 70
Coste: 23740846

GENERACION: 91
Mejor Solucion:  20 44 94 41 98 87 19 51 9 83 52 4 58 57 77 21 6 81 47 37 25 48 38 53 0 99 92 32 2 45 72 14 68 22 43 13 29 34 36 60 91 31 64 39 59 28 96 5 73 40 11 33 23 8 26 80 30 93 56 85 90 78 86 79 35 88 97 62 12 3 55 61 18 7 50 69 75 42 95 89 17 27 66 49 82 16 65 54 24 71 10 1 46 76 84 74 67 15 63 70
Coste: 23740846

GENERACION: 92
Mejor Solucion:  20 44 94 41 98 87 19 51 9 83 52 4 58 57 77 21 6 81 47 37 25 48 38 53 0 99 92 32 2 45 72 14 68 22 43 13 29 34 36 60 91 31 64 39 59 28 96 5 73 40 11 33 23 8 26 80 30 93 56 85 90 78 86 79 35 88 97 62 12 3 55 61 18 7 50 69 75 42 95 89 17 27 66 49 82 16 65 54 24 71 10 1 46 76 84 74 67 15 63 70
Coste: 23740846

GENERACION: 93
Mejor Solucion:  20 44 94 41 98 87 19 51 9 83 52 4 58 57 77 21 6 81 47 37 25 48 38 53 0 99 92 32 2 45 72 14 68 22 43 13 29 34 36 60 91 31 64 39 59 28 96 5 73 40 11 33 23 8 26 80 30 93 56 85 90 78 86 79 35 88 97 62 12 3 55 61 18 7 50 69 75 42 95 89 17 27 66 49 82 16 65 54 24 71 10 1 46 76 84 74 67 15 63 70
Coste: 23740846

GENERACION: 94
Mejor Solucion:  20 44 94 41 98 87 19 51 9 83 52 4 58 57 77 21 6 81 47 37 25 48 38 53 0 99 92 32 2 45 72 14 68 22 43 13 29 34 36 60 91 31 64 39 59 28 96 5 73 40 11 33 23 8 26 80 30 93 56 85 90 78 86 79 35 88 97 62 12 3 55 61 18 7 50 69 75 42 95 89 17 27 66 49 82 16 65 54 24 71 10 1 46 76 84 74 67 15 63 70
Coste: 23740846

GENERACION: 95
Mejor Solucion:  20 44 94 41 98 87 19 51 9 83 52 4 58 57 77 21 6 81 47 37 25 48 38 53 0 99 92 32 2 45 72 14 68 22 43 13 29 34 36 60 91 31 64 39 59 28 96 5 73 40 11 33 23 8 26 80 30 93 56 85 90 78 86 79 35 88 97 62 12 3 55 61 18 7 50 69 75 42 95 89 17 27 66 49 82 16 65 54 24 71 10 1 46 76 84 74 67 15 63 70
Coste: 23740846

GENERACION: 96
Mejor Solucion:  20 44 94 41 98 87 19 51 9 83 52 4 58 57 77 21 6 81 47 37 25 48 38 53 0 99 92 32 2 45 72 14 68 22 43 13 29 34 36 60 91 31 64 39 59 28 96 5 73 40 11 33 23 8 26 80 30 93 56 85 90 78 86 79 35 88 97 62 12 3 55 61 18 7 50 69 75 42 95 89 17 27 66 49 82 16 65 54 24 71 10 1 46 76 84 74 67 15 63 70
Coste: 23740846

GENERACION: 97
Mejor Solucion:  20 44 94 41 98 87 19 51 9 83 52 4 58 57 77 21 6 81 47 37 25 48 38 53 0 99 92 32 2 45 72 14 68 22 43 13 29 34 36 60 91 31 64 39 59 28 96 5 73 40 11 33 23 8 26 80 30 93 56 85 90 78 86 79 35 88 97 62 12 3 55 61 18 7 50 69 75 42 95 89 17 27 66 49 82 16 65 54 24 71 10 1 46 76 84 74 67 15 63 70
Coste: 23740846

GENERACION: 98
Mejor Solucion:  20 44 94 41 98 87 19 51 9 83 52 4 58 57 77 21 6 81 47 37 25 48 38 53 0 99 92 32 2 45 72 14 68 22 43 13 29 34 36 60 91 31 64 39 59 28 96 5 73 40 11 33 23 8 26 80 30 93 56 85 90 78 86 79 35 88 97 62 12 3 55 61 18 7 50 69 75 42 95 89 17 27 66 49 82 16 65 54 24 71 10 1 46 76 84 74 67 15 63 70
Coste: 23740846

GENERACION: 99
Mejor Solucion:  20 44 94 41 98 87 19 51 9 83 52 4 58 57 77 21 6 81 47 37 25 48 38 53 0 99 92 32 2 45 72 14 68 22 43 13 29 34 36 60 91 31 64 39 59 28 96 5 73 40 11 33 23 8 26 80 30 93 56 85 90 78 86 79 35 88 97 62 12 3 55 61 18 7 50 69 75 42 95 89 17 27 66 49 82 16 65 54 24 71 10 1 46 76 84 74 67 15 63 70
Coste: 23740846

GENERACION: 100
Mejor Solucion:  20 44 94 41 98 87 19 51 9 83 52 4 58 57 77 21 6 81 47 37 25 48 38 53 0 99 92 32 2 45 72 14 68 22 43 13 29 34 36 60 91 31 64 39 59 28 96 5 73 40 11 33 23 8 26 80 30 93 56 85 90 78 86 79 35 88 97 62 12 3 55 61 18 7 50 69 75 42 95 89 17 27 66 49 82 16 65 54 24 71 10 1 46 76 84 74 67 15 63 70
Coste: 23740846

GENERACION: 101
Mejor Solucion:  20 44 94 41 98 87 19 51 9 83 52 4 58 57 77 21 6 81 47 37 25 48 38 53 0 99 92 32 2 45 72 14 68 22 43 13 29 34 36 60 91 31 64 39 59 28 96 5 73 40 11 33 23 8 26 80 30 93 56 85 90 78 86 79 35 88 97 62 12 3 55 61 18 7 50 69 75 42 95 89 17 27 66 49 82 16 65 54 24 71 10 1 46 76 84 74 67 15 63 70
Coste: 23740846

GENERACION: 102
Mejor Solucion:  20 44 94 41 98 87 19 51 9 83 52 4 58 57 77 21 6 81 47 37 25 48 38 53 0 99 92 32 2 45 72 14 68 22 43 13 29 34 36 60 91 31 64 39 59 28 96 5 73 40 11 33 23 8 26 80 30 93 56 85 90 78 86 79 35 88 97 62 12 3 55 61 18 7 50 69 75 42 95 89 17 27 66 49 82 16 65 54 24 71 10 1 46 76 84 74 67 15 63 70
Coste: 23740846

GENERACION: 103
Mejor Solucion:  20 44 94 41 98 87 19 51 9 83 52 4 58 57 77 21 6 81 47 37 25 48 38 53 0 99 92 32 2 45 72 14 68 22 43 13 29 34 36 60 91 31 64 39 59 28 96 5 73 40 11 33 23 8 26 80 30 93 56 85 90 78 86 79 35 88 97 62 12 3 55 61 18 7 50 69 75 42 95 89 17 27 66 49 82 16 65 54 24 71 10 1 46 76 84 74 67 15 63 70
Coste: 23740846

GENERACION: 104
Mejor Solucion:  20 44 94 41 98 87 19 51 9 83 52 4 58 57 77 21 6 81 47 37 25 48 38 53 0 99 92 32 2 45 72 14 68 22 43 13 29 34 36 60 91 31 64 39 59 28 96 5 73 40 11 33 23 8 26 80 30 93 56 85 90 78 86 79 35 88 97 62 12 3 55 61 18 7 50 69 75 42 95 89 17 27 66 49 82 16 65 54 24 71 10 1 46 76 84 74 67 15 63 70
Coste: 23740846

GENERACION: 105
Mejor Solucion:  20 44 94 41 98 87 19 51 9 83 52 4 58 57 77 21 6 81 47 37 25 48 38 53 0 99 92 32 2 45 72 14 68 22 43 13 29 34 36 60 91 31 64 39 59 28 96 5 73 40 11 33 23 8 26 80 30 93 56 85 90 78 86 79 35 88 97 62 12 3 55 61 18 7 50 69 75 42 95 89 17 27 66 49 82 16 65 54 24 71 10 1 46 76 84 74 67 15 63 70
Coste: 23740846

GENERACION: 106
Mejor Solucion:  20 44 94 41 98 87 19 51 9 83 52 4 58 57 77 21 6 81 47 37 25 48 38 53 0 99 92 32 2 45 72 14 68 22 43 13 29 34 36 60 91 31 64 39 59 28 96 5 73 40 11 33 23 8 26 80 30 93 56 85 90 78 86 79 35 88 97 62 12 3 55 61 18 7 50 69 75 42 95 89 17 27 66 49 82 16 65 54 24 71 10 1 46 76 84 74 67 15 63 70
Coste: 23740846

GENERACION: 107
Mejor Solucion:  20 44 94 41 98 87 19 51 9 83 52 4 58 57 77 21 6 81 47 37 25 48 38 53 0 99 92 32 2 45 72 14 68 22 43 13 29 34 36 60 91 31 64 39 59 28 96 5 73 40 11 33 23 8 26 80 30 93 56 85 90 78 86 79 35 88 97 62 12 3 55 61 18 7 50 69 75 42 95 89 17 27 66 49 82 16 65 54 24 71 10 1 46 76 84 74 67 15 63 70
Coste: 23740846

GENERACION: 108
Mejor Solucion:  20 44 94 41 98 87 19 51 9 83 52 4 58 57 77 21 6 81 47 37 25 48 38 53 0 99 92 32 2 45 72 14 68 22 43 13 29 34 36 60 91 31 64 39 59 28 96 5 73 40 11 33 23 8 26 80 30 93 56 85 90 78 86 79 35 88 97 62 12 3 55 61 18 7 50 69 75 42 95 89 17 27 66 49 82 16 65 54 24 71 10 1 46 76 84 74 67 15 63 70
Coste: 23740846

GENERACION: 109
Mejor Solucion:  20 44 94 41 98 87 19 51 9 83 52 4 58 57 77 21 6 81 47 37 25 48 38 53 0 99 92 32 2 45 72 14 68 22 43 13 29 34 36 60 91 31 64 39 59 28 96 5 73 40 11 33 23 8 26 80 30 93 56 85 90 78 86 79 35 88 97 62 12 3 55 61 18 7 50 69 75 42 95 89 17 27 66 49 82 16 65 54 24 71 10 1 46 76 84 74 67 15 63 70
Coste: 23740846

GENERACION: 110
Mejor Solucion:  20 44 94 41 98 87 19 51 9 83 52 4 58 57 77 21 6 81 47 37 25 48 38 53 0 99 92 32 2 45 72 14 68 22 43 13 29 34 36 60 91 31 64 39 59 28 96 5 73 40 11 33 23 8 26 80 30 93 56 85 90 78 86 79 35 88 97 62 12 3 55 61 18 7 50 69 75 42 95 89 17 27 66 49 82 16 65 54 24 71 10 1 46 76 84 74 67 15 63 70
Coste: 23740846

GENERACION: 111
Mejor Solucion:  20 44 94 41 98 87 19 51 9 83 52 4 58 57 77 21 6 81 47 37 25 48 38 53 0 99 92 32 2 45 72 14 68 22 43 13 29 34 36 60 91 31 64 39 59 28 96 5 73 40 11 33 23 8 26 80 30 93 56 85 90 78 86 79 35 88 97 62 12 3 55 61 18 7 50 69 75 42 95 89 17 27 66 49 82 16 65 54 24 71 10 1 46 76 84 74 67 15 63 70
Coste: 23740846

GENERACION: 112
Mejor Solucion:  20 44 94 41 98 87 19 51 9 83 52 4 58 57 77 21 6 81 47 37 25 48 38 53 0 99 92 32 2 45 72 14 68 22 43 13 29 34 36 60 91 31 64 39 59 28 96 5 73 40 11 33 23 8 26 80 30 93 56 85 90 78 86 79 35 88 97 62 12 3 55 61 18 7 50 69 75 42 95 89 17 27 66 49 82 16 65 54 24 71 10 1 46 76 84 74 67 15 63 70
Coste: 23740846

GENERACION: 113
Mejor Solucion:  20 44 94 41 98 87 19 51 9 83 52 4 58 57 77 21 6 81 47 37 25 48 38 53 0 99 92 32 2 45 72 14 68 22 43 13 29 34 36 60 91 31 64 39 59 28 96 5 73 40 11 33 23 8 26 80 30 93 56 85 90 78 86 79 35 88 97 62 12 3 55 61 18 7 50 69 75 42 95 89 17 27 66 49 82 16 65 54 24 71 10 1 46 76 84 74 67 15 63 70
Coste: 23740846

GENERACION: 114
Mejor Solucion:  20 44 94 41 98 87 19 51 9 83 52 4 58 57 77 21 6 81 47 37 25 48 38 53 0 99 92 32 2 45 72 14 68 22 43 13 29 34 36 60 91 31 64 39 59 28 96 5 73 40 11 33 23 8 26 80 30 93 56 85 90 78 86 79 35 88 97 62 12 3 55 61 18 7 50 69 75 42 95 89 17 27 66 49 82 16 65 54 24 71 10 1 46 76 84 74 67 15 63 70
Coste: 23740846

GENERACION: 115
Mejor Solucion:  20 44 94 41 98 87 19 51 9 83 52 4 58 57 77 21 6 81 47 37 25 48 38 53 0 99 92 32 2 45 72 14 68 22 43 13 29 34 36 60 91 31 64 39 59 28 96 5 73 40 11 33 23 8 26 80 30 93 56 85 90 78 86 79 35 88 97 62 12 3 55 61 18 7 50 69 75 42 95 89 17 27 66 49 82 16 65 54 24 71 10 1 46 76 84 74 67 15 63 70
Coste: 23740846

GENERACION: 116
Mejor Solucion:  20 44 94 41 98 87 19 51 9 83 52 4 58 57 77 21 6 81 47 37 25 48 38 53 0 99 92 32 2 45 72 14 68 22 43 13 29 34 36 60 91 31 64 39 59 28 96 5 73 40 11 33 23 8 26 80 30 93 56 85 90 78 86 79 35 88 97 62 12 3 55 61 18 7 50 69 75 42 95 89 17 27 66 49 82 16 65 54 24 71 10 1 46 76 84 74 67 15 63 70
Coste: 23740846

GENERACION: 117
Mejor Solucion:  20 44 94 41 98 87 19 51 9 83 52 4 58 57 77 21 6 81 47 37 25 48 38 53 0 99 92 32 2 45 72 14 68 22 43 13 29 34 36 60 91 31 64 39 59 28 96 5 73 40 11 33 23 8 26 80 30 93 56 85 90 78 86 79 35 88 97 62 12 3 55 61 18 7 50 69 75 42 95 89 17 27 66 49 82 16 65 54 24 71 10 1 46 76 84 74 67 15 63 70
Coste: 23740846

GENERACION: 118
Mejor Solucion:  20 44 94 41 98 87 19 51 9 83 52 4 58 57 77 21 6 81 47 37 25 48 38 53 0 99 92 32 2 45 72 14 68 22 43 13 29 34 36 60 91 31 64 39 59 28 96 5 73 40 11 33 23 8 26 80 30 93 56 85 90 78 86 79 35 88 97 62 12 3 55 61 18 7 50 69 75 42 95 89 17 27 66 49 82 16 65 54 24 71 10 1 46 76 84 74 67 15 63 70
Coste: 23740846

GENERACION: 119
Mejor Solucion:  20 44 94 41 98 87 19 51 9 83 52 4 58 57 77 21 6 81 47 37 25 48 38 53 0 99 92 32 2 45 72 14 68 22 43 13 29 34 36 60 91 31 64 39 59 28 96 5 73 40 11 33 23 8 26 80 30 93 56 85 90 78 86 79 35 88 97 62 12 3 55 61 18 7 50 69 75 42 95 89 17 27 66 49 82 16 65 54 24 71 10 1 46 76 84 74 67 15 63 70
Coste: 23740846

GENERACION: 120
Mejor Solucion:  20 44 94 41 98 87 19 51 9 83 52 4 58 57 77 21 6 81 47 37 25 48 38 53 0 99 92 32 2 45 72 14 68 22 43 13 29 34 36 60 91 31 64 39 59 28 96 5 73 40 11 33 23 8 26 80 30 93 56 85 90 78 86 79 35 88 97 62 12 3 55 61 18 7 50 69 75 42 95 89 17 27 66 49 82 16 65 54 24 71 10 1 46 76 84 74 67 15 63 70
Coste: 23740846

GENERACION: 121
Mejor Solucion:  20 44 94 41 98 87 19 51 9 83 52 4 58 57 77 21 6 81 47 37 25 48 38 53 0 99 92 32 2 45 72 14 68 22 43 13 29 34 36 60 91 31 64 39 59 28 96 5 73 40 11 33 23 8 26 80 30 93 56 85 90 78 86 79 35 88 97 62 12 3 55 61 18 7 50 69 75 42 95 89 17 27 66 49 82 16 65 54 24 71 10 1 46 76 84 74 67 15 63 70
Coste: 23740846

GENERACION: 122
Mejor Solucion:  20 44 94 41 98 87 19 51 9 83 52 4 58 57 77 21 6 81 47 37 25 48 38 53 0 99 92 32 2 45 72 14 68 22 43 13 29 34 36 60 91 31 64 39 59 28 96 5 73 40 11 33 23 8 26 80 30 93 56 85 90 78 86 79 35 88 97 62 12 3 55 61 18 7 50 69 75 42 95 89 17 27 66 49 82 16 65 54 24 71 10 1 46 76 84 74 67 15 63 70
Coste: 23740846

GENERACION: 123
Mejor Solucion:  20 44 94 41 98 87 19 51 9 83 52 4 58 57 77 21 6 81 47 37 25 48 38 53 0 99 92 32 2 45 72 14 68 22 43 13 29 34 36 60 91 31 64 39 59 28 96 5 73 40 11 33 23 8 26 80 30 93 56 85 90 78 86 79 35 88 97 62 12 3 55 61 18 7 50 69 75 42 95 89 17 27 66 49 82 16 65 54 24 71 10 1 46 76 84 74 67 15 63 70
Coste: 23740846

GENERACION: 124
Mejor Solucion:  20 44 94 41 98 87 19 51 9 83 52 4 58 57 77 21 6 81 47 37 25 48 38 53 0 99 92 32 2 45 72 14 68 22 43 13 29 34 36 60 91 31 64 39 59 28 96 5 73 40 11 33 23 8 26 80 30 93 56 85 90 78 86 79 35 88 97 62 12 3 55 61 18 7 50 69 75 42 95 89 17 27 66 49 82 16 65 54 24 71 10 1 46 76 84 74 67 15 63 70
Coste: 23740846

GENERACION: 125
Mejor Solucion:  20 44 94 41 98 87 19 51 9 83 52 4 58 57 77 21 6 81 47 37 25 48 38 53 0 99 92 32 2 45 72 14 68 22 43 13 29 34 36 60 91 31 64 39 59 28 96 5 73 40 11 33 23 8 26 80 30 93 56 85 90 78 86 79 35 88 97 62 12 3 55 61 18 7 50 69 75 42 95 89 17 27 66 49 82 16 65 54 24 71 10 1 46 76 84 74 67 15 63 70
Coste: 23740846

GENERACION: 126
Mejor Solucion:  20 44 94 41 98 87 19 51 9 83 52 4 58 57 77 21 6 81 47 37 25 48 38 53 0 99 92 32 2 45 72 14 68 22 43 13 29 34 36 60 91 31 64 39 59 28 96 5 73 40 11 33 23 8 26 80 30 93 56 85 90 78 86 79 35 88 97 62 12 3 55 61 18 7 50 69 75 42 95 89 17 27 66 49 82 16 65 54 24 71 10 1 46 76 84 74 67 15 63 70
Coste: 23740846

GENERACION: 127
Mejor Solucion:  20 44 94 41 98 87 19 51 9 83 52 4 58 57 77 21 6 81 47 37 25 48 38 53 0 99 92 32 2 45 72 14 68 22 43 13 29 34 36 60 91 31 64 39 59 28 96 5 73 40 11 33 23 8 26 80 30 93 56 85 90 78 86 79 35 88 97 62 12 3 55 61 18 7 50 69 75 42 95 89 17 27 66 49 82 16 65 54 24 71 10 1 46 76 84 74 67 15 63 70
Coste: 23740846

GENERACION: 128
Mejor Solucion:  20 44 94 41 98 87 19 51 9 83 52 4 58 57 77 21 6 81 47 37 25 48 38 53 0 99 92 32 2 45 72 14 68 22 43 13 29 34 36 60 91 31 64 39 59 28 96 5 73 40 11 33 23 8 26 80 30 93 56 85 90 78 86 79 35 88 97 62 12 3 55 61 18 7 50 69 75 42 95 89 17 27 66 49 82 16 65 54 24 71 10 1 46 76 84 74 67 15 63 70
Coste: 23740846

GENERACION: 129
Mejor Solucion:  20 44 94 41 98 87 19 51 9 83 52 4 58 57 77 21 6 81 47 37 25 48 38 53 0 99 92 32 2 45 72 14 68 22 43 13 29 34 36 60 91 31 64 39 59 28 96 5 73 40 11 33 23 8 26 80 30 93 56 85 90 78 86 79 35 88 97 62 12 3 55 61 18 7 50 69 75 42 95 89 17 27 66 49 82 16 65 54 24 71 10 1 46 76 84 74 67 15 63 70
Coste: 23740846

GENERACION: 130
Mejor Solucion:  20 44 94 41 98 87 19 51 9 83 52 4 58 57 77 21 6 81 47 37 25 48 38 53 0 99 92 32 2 45 72 14 68 22 43 13 29 34 36 60 91 31 64 39 59 28 96 5 73 40 11 33 23 8 26 80 30 93 56 85 90 78 86 79 35 88 97 62 12 3 55 61 18 7 50 69 75 42 95 89 17 27 66 49 82 16 65 54 24 71 10 1 46 76 84 74 67 15 63 70
Coste: 23740846

GENERACION: 131
Mejor Solucion:  20 44 94 41 98 87 19 51 9 83 52 4 58 57 77 21 6 81 47 37 25 48 38 53 0 99 92 32 2 45 72 14 68 22 43 13 29 34 36 60 91 31 64 39 59 28 96 5 73 40 11 33 23 8 26 80 30 93 56 85 90 78 86 79 35 88 97 62 12 3 55 61 18 7 50 69 75 42 95 89 17 27 66 49 82 16 65 54 24 71 10 1 46 76 84 74 67 15 63 70
Coste: 23740846

GENERACION: 132
Mejor Solucion:  20 44 94 41 98 87 19 51 9 83 52 4 58 57 77 21 6 81 47 37 25 48 38 53 0 99 92 32 2 45 72 14 68 22 43 13 29 34 36 60 91 31 64 39 59 28 96 5 73 40 11 33 23 8 26 80 30 93 56 85 90 78 86 79 35 88 97 62 12 3 55 61 18 7 50 69 75 42 95 89 17 27 66 49 82 16 65 54 24 71 10 1 46 76 84 74 67 15 63 70
Coste: 23740846

