GENERACION: 1
Mejor Solucion:  10 23 2 46 15 3 37 36 5 12 26 31 48 41 33 30 16 32 0 9 6 18 47 45 13 28 20 40 38 19 17 24 22 42 14 4 35 49 25 44 11 39 8 1 43 7 21 29 27 34
Coste: 53976

GENERACION: 2
Mejor Solucion:  10 23 2 46 15 3 37 36 5 12 26 31 48 41 33 30 16 32 0 9 6 18 47 45 13 28 20 40 38 19 17 24 22 42 14 4 35 49 25 44 11 39 8 1 43 7 21 29 27 34
Coste: 53976

GENERACION: 3
Mejor Solucion:  10 23 2 46 15 3 37 36 5 12 26 31 48 41 33 30 16 32 0 9 6 18 47 45 13 28 20 40 38 19 17 24 22 42 14 4 35 49 25 44 11 39 8 1 43 7 21 29 27 34
Coste: 53976

GENERACION: 4
Mejor Solucion:  10 23 2 46 15 3 37 36 5 12 26 31 48 41 33 30 16 32 0 9 6 18 47 45 13 28 20 40 38 19 17 24 22 42 14 4 35 49 25 44 11 39 8 1 43 7 21 29 27 34
Coste: 53976

GENERACION: 5
Mejor Solucion:  10 23 2 46 15 3 37 36 5 12 26 31 48 41 33 30 16 32 0 9 6 18 47 45 13 28 20 40 38 19 17 24 22 42 14 4 35 49 25 44 11 39 8 1 43 7 21 29 27 34
Coste: 53976

GENERACION: 6
Mejor Solucion:  10 23 2 46 15 3 37 36 5 12 26 31 48 41 33 30 16 32 0 9 6 18 47 45 13 28 20 40 38 19 17 24 22 42 14 4 35 49 25 44 11 39 8 1 43 7 21 29 27 34
Coste: 53976

GENERACION: 7
Mejor Solucion:  10 23 2 46 15 3 37 36 5 12 26 31 48 41 33 30 16 32 0 9 6 18 47 45 13 28 20 40 38 19 17 24 22 42 14 4 35 49 25 44 11 39 8 1 43 7 21 29 27 34
Coste: 53976

GENERACION: 8
Mejor Solucion:  10 23 2 46 15 3 37 36 5 12 26 31 48 41 33 30 16 32 0 9 6 18 47 45 13 28 20 40 38 19 17 24 22 42 14 4 35 49 25 44 11 39 8 1 43 7 21 29 27 34
Coste: 53976

GENERACION: 9
Mejor Solucion:  10 23 2 46 15 3 37 36 5 12 26 31 48 41 33 30 16 32 0 9 6 18 47 45 13 28 20 40 38 19 17 24 22 42 14 4 35 49 25 44 11 39 8 1 43 7 21 29 27 34
Coste: 53976

GENERACION: 10
Mejor Solucion:  10 23 2 46 15 3 37 36 5 12 26 31 48 41 33 30 16 32 0 9 6 18 47 45 13 28 20 40 38 19 17 24 22 42 14 4 35 49 25 44 11 39 8 1 43 7 21 29 27 34
Coste: 53976

GENERACION: 11
Mejor Solucion:  10 23 2 46 15 3 37 36 5 12 26 31 48 41 33 30 16 32 0 9 6 18 47 45 13 28 20 40 38 19 17 24 22 42 14 4 35 49 25 44 11 39 8 1 43 7 21 29 27 34
Coste: 53976

GENERACION: 12
Mejor Solucion:  10 23 2 46 15 3 37 36 5 12 26 31 48 41 33 30 16 32 0 9 6 18 47 45 13 28 20 40 38 19 17 24 22 42 14 4 35 49 25 44 11 39 8 1 43 7 21 29 27 34
Coste: 53976

GENERACION: 13
Mejor Solucion:  10 23 2 46 15 3 37 36 5 12 26 31 48 41 33 30 16 32 0 9 6 18 47 45 13 28 20 40 38 19 17 24 22 42 14 4 35 49 25 44 11 39 8 1 43 7 21 29 27 34
Coste: 53976

GENERACION: 14
Mejor Solucion:  10 23 2 46 15 3 37 36 5 12 26 31 48 41 33 30 16 32 0 9 6 18 47 45 13 28 20 40 38 19 17 24 22 42 14 4 35 49 25 44 11 39 8 1 43 7 21 29 27 34
Coste: 53976

GENERACION: 15
Mejor Solucion:  10 23 2 46 15 3 37 36 5 12 26 31 48 41 33 30 16 32 0 9 6 18 47 45 13 28 20 40 38 19 17 24 22 42 14 4 35 49 25 44 11 39 8 1 43 7 21 29 27 34
Coste: 53976

GENERACION: 16
Mejor Solucion:  10 23 2 46 15 3 37 36 5 12 26 31 48 41 33 30 16 32 0 9 6 18 47 45 13 28 20 40 38 19 17 24 22 42 14 4 35 49 25 44 11 39 8 1 43 7 21 29 27 34
Coste: 53976

GENERACION: 17
Mejor Solucion:  10 23 2 46 15 3 37 36 5 12 26 31 48 41 33 30 16 32 0 9 6 18 47 45 13 28 20 40 38 19 17 24 22 42 14 4 35 49 25 44 11 39 8 1 43 7 21 29 27 34
Coste: 53976

GENERACION: 18
Mejor Solucion:  10 23 2 46 15 3 37 36 5 12 26 31 48 41 33 30 16 32 0 9 6 18 47 45 13 28 20 40 38 19 17 24 22 42 14 4 35 49 25 44 11 39 8 1 43 7 21 29 27 34
Coste: 53976

GENERACION: 19
Mejor Solucion:  10 23 2 46 15 3 37 36 5 12 26 31 48 41 33 30 16 32 0 9 6 18 47 45 13 28 20 40 38 19 17 24 22 42 14 4 35 49 25 44 11 39 8 1 43 7 21 29 27 34
Coste: 53976

GENERACION: 20
Mejor Solucion:  10 23 2 46 15 3 37 36 5 12 26 31 48 41 33 30 16 32 0 9 6 18 47 45 13 28 20 40 38 19 17 24 22 42 14 4 35 49 25 44 11 39 8 1 43 7 21 29 27 34
Coste: 53976

GENERACION: 21
Mejor Solucion:  10 23 2 46 15 3 37 36 5 12 26 31 48 41 33 30 16 32 0 9 6 18 47 45 13 28 20 40 38 19 17 24 22 42 14 4 35 49 25 44 11 39 8 1 43 7 21 29 27 34
Coste: 53976

GENERACION: 22
Mejor Solucion:  10 23 2 46 15 3 37 36 5 12 26 31 48 41 33 30 16 32 0 9 6 18 47 45 13 28 20 40 38 19 17 24 22 42 14 4 35 49 25 44 11 39 8 1 43 7 21 29 27 34
Coste: 53976

GENERACION: 23
Mejor Solucion:  10 23 2 46 15 3 37 36 5 12 26 31 48 41 33 30 16 32 0 9 6 18 47 45 13 28 20 40 38 19 17 24 22 42 14 4 35 49 25 44 11 39 8 1 43 7 21 29 27 34
Coste: 53976

GENERACION: 24
Mejor Solucion:  10 23 2 46 15 3 37 36 5 12 26 31 48 41 33 30 16 32 0 9 6 18 47 45 13 28 20 40 38 19 17 24 22 42 14 4 35 49 25 44 11 39 8 1 43 7 21 29 27 34
Coste: 53976

GENERACION: 25
Mejor Solucion:  10 23 2 46 15 3 37 36 5 12 26 31 48 41 33 30 16 32 0 9 6 18 47 45 13 28 20 40 38 19 17 24 22 42 14 4 35 49 25 44 11 39 8 1 43 7 21 29 27 34
Coste: 53976

GENERACION: 26
Mejor Solucion:  10 23 2 46 15 3 37 36 5 12 26 31 48 41 33 30 16 32 0 9 6 18 47 45 13 28 20 40 38 19 17 24 22 42 14 4 35 49 25 44 11 39 8 1 43 7 21 29 27 34
Coste: 53976

GENERACION: 27
Mejor Solucion:  10 23 2 46 15 3 37 36 5 12 26 31 48 41 33 30 16 32 0 9 6 18 47 45 13 28 20 40 38 19 17 24 22 42 14 4 35 49 25 44 11 39 8 1 43 7 21 29 27 34
Coste: 53976

GENERACION: 28
Mejor Solucion:  10 23 2 46 15 3 37 36 5 12 26 31 48 41 33 30 16 32 0 9 6 18 47 45 13 28 20 40 38 19 17 24 22 42 14 4 35 49 25 44 11 39 8 1 43 7 21 29 27 34
Coste: 53976

GENERACION: 29
Mejor Solucion:  10 23 2 46 15 3 37 36 5 12 26 31 48 41 33 30 16 32 0 9 6 18 47 45 13 28 20 40 38 19 17 24 22 42 14 4 35 49 25 44 11 39 8 1 43 7 21 29 27 34
Coste: 53976

GENERACION: 30
Mejor Solucion:  10 23 2 46 15 3 37 36 5 12 26 31 48 41 33 30 16 32 0 9 6 18 47 45 13 28 20 40 38 19 17 24 22 42 14 4 35 49 25 44 11 39 8 1 43 7 21 29 27 34
Coste: 53976

GENERACION: 31
Mejor Solucion:  10 23 2 46 15 3 37 36 5 12 26 31 48 41 33 30 16 32 0 9 6 18 47 45 13 28 20 40 38 19 17 24 22 42 14 4 35 49 25 44 11 39 8 1 43 7 21 29 27 34
Coste: 53976

GENERACION: 32
Mejor Solucion:  10 23 2 46 15 3 37 36 5 12 26 31 48 41 33 30 16 32 0 9 6 18 47 45 13 28 20 40 38 19 17 24 22 42 14 4 35 49 25 44 11 39 8 1 43 7 21 29 27 34
Coste: 53976

GENERACION: 33
Mejor Solucion:  10 23 2 46 15 3 37 36 5 12 26 31 48 41 33 30 16 32 0 9 6 18 47 45 13 28 20 40 38 19 17 24 22 42 14 4 35 49 25 44 11 39 8 1 43 7 21 29 27 34
Coste: 53976

GENERACION: 34
Mejor Solucion:  10 23 2 46 15 3 37 36 5 12 26 31 48 41 33 30 16 32 0 9 6 18 47 45 13 28 20 40 38 19 17 24 22 42 14 4 35 49 25 44 11 39 8 1 43 7 21 29 27 34
Coste: 53976

GENERACION: 35
Mejor Solucion:  10 23 2 46 15 3 37 36 5 12 26 31 48 41 33 30 16 32 0 9 6 18 47 45 13 28 20 40 38 19 17 24 22 42 14 4 35 49 25 44 11 39 8 1 43 7 21 29 27 34
Coste: 53976

GENERACION: 36
Mejor Solucion:  10 23 2 46 15 3 37 36 5 12 26 31 48 41 33 30 16 32 21 9 6 18 47 45 13 28 20 40 38 19 17 24 22 42 14 4 35 49 25 44 11 39 8 1 43 7 0 29 27 34
Coste: 53929

GENERACION: 37
Mejor Solucion:  10 23 2 46 15 3 37 36 5 12 26 31 48 41 33 30 16 32 21 9 6 18 47 45 13 28 20 40 38 19 17 24 22 42 14 4 35 49 25 44 11 39 8 1 43 7 0 29 27 34
Coste: 53929

GENERACION: 38
Mejor Solucion:  10 23 2 46 15 3 37 36 5 12 26 31 48 41 33 30 16 32 21 9 6 18 47 45 13 28 20 40 38 19 17 24 22 42 14 4 35 49 25 44 11 39 8 1 43 7 0 29 27 34
Coste: 53929

GENERACION: 39
Mejor Solucion:  10 23 2 46 15 3 37 36 5 12 26 31 48 41 33 30 16 32 21 9 6 18 47 45 13 28 20 40 38 19 17 24 22 42 14 4 35 49 25 44 11 39 8 1 43 7 0 29 27 34
Coste: 53929

GENERACION: 40
Mejor Solucion:  10 23 2 46 15 3 37 36 5 12 26 31 48 41 33 30 16 32 21 9 6 18 47 45 13 28 20 40 38 19 17 24 22 42 14 4 35 49 25 44 11 39 8 1 43 7 0 29 27 34
Coste: 53929

GENERACION: 41
Mejor Solucion:  10 23 2 46 15 3 37 36 5 12 26 31 48 41 33 30 16 32 21 9 6 18 47 45 13 28 20 40 38 19 17 24 22 42 14 4 35 49 25 44 11 39 8 1 43 7 0 29 27 34
Coste: 53929

GENERACION: 42
Mejor Solucion:  10 23 2 46 15 3 37 36 5 12 26 31 48 41 33 30 16 32 21 9 6 18 47 45 13 19 20 40 38 28 17 24 22 42 14 4 35 49 25 44 11 39 8 1 43 7 34 29 27 0
Coste: 53852

GENERACION: 43
Mejor Solucion:  10 23 2 46 15 3 37 36 5 12 26 31 48 41 33 30 16 32 21 9 6 18 47 45 13 19 20 40 38 28 17 24 22 42 14 4 35 49 25 44 11 39 8 1 43 7 34 29 27 0
Coste: 53852

GENERACION: 44
Mejor Solucion:  10 23 2 46 15 3 37 36 5 12 26 31 48 41 33 30 16 32 21 9 6 18 47 45 13 19 20 40 38 28 17 24 22 42 14 4 35 49 25 44 11 39 8 1 43 7 34 29 27 0
Coste: 53852

GENERACION: 45
Mejor Solucion:  10 23 2 46 15 3 37 36 5 12 26 31 48 41 33 30 16 32 21 9 6 18 47 45 13 19 20 40 38 28 17 24 22 42 14 4 35 49 25 44 11 39 8 1 43 7 34 29 27 0
Coste: 53852

GENERACION: 46
Mejor Solucion:  10 23 2 46 15 3 37 36 5 12 26 31 48 41 33 30 16 32 21 9 6 18 47 45 13 19 20 40 38 28 17 24 22 42 14 4 35 49 25 44 11 39 8 1 43 7 34 29 27 0
Coste: 53852

GENERACION: 47
Mejor Solucion:  10 23 2 46 15 3 37 36 5 12 26 31 48 41 33 30 16 32 21 9 6 18 47 45 13 19 20 40 38 28 17 24 22 42 14 4 35 49 25 44 11 39 8 1 43 7 34 29 27 0
Coste: 53852

GENERACION: 48
Mejor Solucion:  10 23 2 46 15 3 37 36 5 12 26 31 48 41 33 30 16 32 21 9 6 18 47 45 13 19 20 40 38 28 17 24 22 42 14 4 35 49 25 44 11 39 8 1 43 7 34 29 27 0
Coste: 53852

GENERACION: 49
Mejor Solucion:  10 23 2 46 15 3 37 36 5 12 26 31 48 41 33 30 16 32 21 9 6 18 47 45 13 19 20 40 38 28 17 24 22 42 14 4 35 49 25 44 11 39 8 1 43 7 34 29 27 0
Coste: 53852

GENERACION: 50
Mejor Solucion:  10 23 2 46 15 3 37 36 5 12 26 31 48 41 33 30 16 32 21 9 6 18 47 45 13 19 20 40 38 28 17 24 22 42 14 4 35 49 25 44 11 39 8 1 43 7 34 29 27 0
Coste: 53852

GENERACION: 51
Mejor Solucion:  10 23 2 46 15 3 37 36 5 12 26 31 48 41 33 30 16 32 21 9 6 18 47 45 13 19 20 40 38 28 17 24 22 42 14 4 35 49 25 44 11 39 8 1 43 7 34 29 27 0
Coste: 53852

GENERACION: 52
Mejor Solucion:  10 23 2 46 15 3 37 36 5 12 26 31 48 41 33 30 16 32 21 9 6 18 47 45 13 19 20 40 38 28 17 24 22 42 14 4 35 49 25 44 11 39 8 1 43 7 34 29 27 0
Coste: 53852

GENERACION: 53
Mejor Solucion:  10 23 2 46 15 3 37 36 5 12 26 31 48 41 33 30 16 32 21 9 6 18 47 45 13 19 20 40 38 28 17 24 22 42 14 4 35 49 25 44 11 39 8 1 43 7 34 29 27 0
Coste: 53852

GENERACION: 54
Mejor Solucion:  10 23 2 46 15 3 37 36 5 12 26 31 48 41 33 30 16 32 21 9 6 18 47 45 13 19 20 40 38 28 17 24 22 42 14 4 35 49 25 44 11 39 8 1 43 7 34 29 27 0
Coste: 53852

GENERACION: 55
Mejor Solucion:  10 23 2 46 15 3 37 36 5 12 26 31 48 41 33 30 16 32 21 9 6 18 47 45 13 19 20 40 38 28 17 24 22 42 14 4 35 49 25 44 11 39 8 1 43 7 34 29 27 0
Coste: 53852

GENERACION: 56
Mejor Solucion:  10 23 2 46 15 3 37 36 5 12 26 31 48 41 33 30 16 32 21 9 6 18 47 45 13 19 20 40 38 28 17 24 22 42 14 4 35 49 25 44 11 39 8 1 43 7 34 29 27 0
Coste: 53852

GENERACION: 57
Mejor Solucion:  10 23 2 46 15 3 37 36 5 12 26 31 48 41 33 30 16 32 21 9 6 18 47 45 13 19 20 40 38 28 17 24 22 42 14 4 35 49 25 44 11 39 8 1 43 7 34 29 27 0
Coste: 53852

GENERACION: 58
Mejor Solucion:  10 23 2 46 15 3 37 36 5 12 26 31 48 41 33 30 16 32 21 9 6 18 47 45 13 19 20 40 38 28 17 24 22 42 14 4 35 49 25 44 11 39 8 1 43 7 34 29 27 0
Coste: 53852

GENERACION: 59
Mejor Solucion:  10 23 2 46 15 3 37 36 5 12 26 31 48 41 33 30 16 32 21 9 6 18 47 45 13 19 20 40 38 28 17 24 22 42 14 4 35 49 25 44 11 39 8 1 43 7 34 29 27 0
Coste: 53852

GENERACION: 60
Mejor Solucion:  10 23 2 46 15 3 37 36 5 12 26 31 48 41 33 30 16 32 21 9 6 18 47 45 13 19 20 40 38 28 17 24 22 42 14 4 35 49 25 44 11 39 8 1 43 7 34 29 27 0
Coste: 53852

GENERACION: 61
Mejor Solucion:  10 23 2 46 15 3 37 36 5 12 26 31 48 41 33 30 16 32 21 9 6 18 47 45 13 19 20 40 38 28 17 24 22 42 14 4 35 49 25 44 11 39 8 1 43 7 34 29 27 0
Coste: 53852

GENERACION: 62
Mejor Solucion:  10 23 2 46 15 3 37 36 5 12 26 31 48 41 33 30 16 32 21 9 6 18 47 45 13 19 20 40 38 28 17 24 22 42 14 4 35 49 25 44 11 39 8 1 43 7 34 29 27 0
Coste: 53852

GENERACION: 63
Mejor Solucion:  10 23 2 46 15 3 37 36 5 12 26 31 48 41 33 30 16 32 21 9 6 18 47 45 13 19 20 40 38 28 17 24 22 42 14 4 35 49 25 44 11 39 8 1 43 7 34 29 27 0
Coste: 53852

GENERACION: 64
Mejor Solucion:  10 23 2 46 15 3 37 36 5 12 26 31 48 41 33 30 16 32 21 9 6 18 47 45 13 19 20 40 38 28 17 24 22 42 14 4 35 49 25 44 11 39 8 1 43 7 34 29 27 0
Coste: 53852

GENERACION: 65
Mejor Solucion:  10 23 2 46 15 3 37 36 5 12 26 31 48 41 33 30 16 32 21 9 6 18 47 45 13 19 20 40 38 28 17 24 22 42 14 4 35 49 25 44 11 39 8 1 43 7 34 29 27 0
Coste: 53852

GENERACION: 66
Mejor Solucion:  10 23 2 46 15 3 37 36 5 12 26 31 48 41 33 30 16 32 21 9 6 18 47 45 13 19 20 40 38 28 17 24 22 42 14 4 35 49 25 44 11 39 8 1 43 7 34 29 27 0
Coste: 53852

GENERACION: 67
Mejor Solucion:  10 23 2 46 15 3 37 36 5 12 26 31 48 41 33 30 16 32 21 9 6 18 47 45 13 19 20 40 38 28 17 24 22 42 14 4 35 49 25 44 11 39 8 1 43 7 34 29 27 0
Coste: 53852

GENERACION: 68
Mejor Solucion:  10 30 40 46 15 49 5 36 37 12 26 31 48 41 33 23 16 32 21 9 6 18 47 45 13 19 20 2 38 44 17 24 22 42 14 4 35 3 29 28 11 39 8 1 27 7 34 25 43 0
Coste: 53794

GENERACION: 69
Mejor Solucion:  10 30 40 46 15 49 5 36 37 12 26 31 48 41 33 23 16 32 21 9 6 18 47 45 13 19 29 2 38 44 17 24 22 42 14 4 35 3 20 28 11 39 8 1 27 7 34 25 43 0
Coste: 53687

GENERACION: 70
Mejor Solucion:  10 30 40 46 15 49 5 36 37 12 26 31 48 41 33 23 16 32 21 9 6 18 47 45 13 19 29 2 38 44 17 24 22 42 14 4 35 3 20 28 11 39 8 1 27 7 34 25 43 0
Coste: 53687

GENERACION: 71
Mejor Solucion:  10 30 40 46 15 49 5 36 37 12 26 31 48 41 33 23 16 32 21 9 6 18 47 45 13 19 29 2 38 44 17 24 22 42 14 4 35 3 20 28 11 39 8 1 27 7 34 25 43 0
Coste: 53687

GENERACION: 72
Mejor Solucion:  10 30 40 46 15 49 5 36 37 12 26 31 48 41 33 23 16 32 21 9 6 18 47 45 13 19 29 2 38 44 17 24 22 42 14 4 35 3 20 28 11 39 8 1 27 7 34 25 43 0
Coste: 53687

GENERACION: 73
Mejor Solucion:  10 30 40 46 15 49 5 36 37 12 26 31 48 41 33 23 16 32 21 9 6 18 47 45 13 19 29 2 38 44 17 24 22 42 14 4 35 3 20 28 11 39 8 1 27 7 34 25 43 0
Coste: 53687

GENERACION: 74
Mejor Solucion:  10 30 40 46 15 49 5 36 37 12 26 31 48 41 33 23 16 32 21 9 6 18 47 45 13 19 29 2 38 44 17 24 22 42 14 4 35 3 20 28 11 39 8 1 27 7 34 25 43 0
Coste: 53687

GENERACION: 75
Mejor Solucion:  10 30 40 46 15 49 5 36 37 12 26 31 48 41 33 23 16 32 21 9 6 18 47 45 13 19 29 2 38 44 17 24 22 42 14 4 35 3 20 28 11 39 8 1 27 7 34 25 43 0
Coste: 53687

GENERACION: 76
Mejor Solucion:  10 30 40 46 15 49 5 36 37 12 26 31 48 41 33 23 16 32 21 9 6 18 47 45 13 19 29 2 38 44 17 24 22 42 14 4 35 3 20 28 11 39 8 1 27 7 34 25 43 0
Coste: 53687

GENERACION: 77
Mejor Solucion:  10 30 40 46 15 49 5 36 37 12 26 31 48 41 33 23 16 32 21 9 6 18 47 45 13 19 29 2 38 44 17 24 22 42 14 4 35 3 20 28 11 39 8 1 27 7 34 25 43 0
Coste: 53687

GENERACION: 78
Mejor Solucion:  10 30 40 46 15 49 5 36 37 12 26 31 48 41 33 23 16 32 21 9 6 18 47 45 13 19 29 2 38 44 17 24 22 42 14 4 35 3 20 28 11 39 8 1 27 7 34 25 43 0
Coste: 53687

GENERACION: 79
Mejor Solucion:  10 30 40 46 15 49 5 36 37 12 26 31 48 41 33 23 16 32 21 9 6 18 47 45 13 19 29 2 38 44 17 24 22 42 14 4 35 3 20 28 11 39 8 1 27 7 34 25 43 0
Coste: 53687

GENERACION: 80
Mejor Solucion:  10 30 40 46 15 49 5 36 37 12 26 31 48 41 33 23 16 32 21 9 6 18 47 45 13 19 29 2 38 44 17 24 22 42 14 4 35 3 20 28 11 39 8 1 27 7 34 25 43 0
Coste: 53687

GENERACION: 81
Mejor Solucion:  10 30 40 46 15 49 5 36 37 12 26 31 48 41 33 23 16 32 21 9 6 18 47 45 13 19 29 2 38 44 17 24 22 42 14 4 35 3 20 28 11 39 8 1 27 7 34 25 43 0
Coste: 53687

GENERACION: 82
Mejor Solucion:  10 30 40 46 15 49 5 36 37 12 26 31 48 41 33 23 16 32 21 9 6 18 47 45 13 19 29 2 38 44 17 24 22 42 14 4 35 3 20 28 11 39 8 1 27 7 34 25 43 0
Coste: 53687

GENERACION: 83
Mejor Solucion:  10 30 40 46 15 49 5 36 37 12 26 31 48 41 33 23 16 32 21 9 6 18 47 45 13 19 29 2 38 44 17 24 22 42 14 4 35 3 20 28 11 39 8 1 27 7 34 25 43 0
Coste: 53687

GENERACION: 84
Mejor Solucion:  10 30 40 46 15 49 5 36 37 12 26 31 48 41 33 23 16 32 21 9 6 18 47 45 13 19 29 2 38 44 17 24 22 42 14 4 35 3 20 28 11 39 8 1 27 7 34 25 43 0
Coste: 53687

GENERACION: 85
Mejor Solucion:  10 30 40 46 15 49 5 36 37 12 26 31 48 41 33 23 16 32 21 9 6 18 47 45 13 19 29 2 38 44 17 24 22 42 14 4 35 3 20 28 11 39 8 1 27 7 34 25 43 0
Coste: 53687

GENERACION: 86
Mejor Solucion:  10 30 40 46 15 49 5 36 37 12 26 31 48 41 33 23 16 32 21 9 6 18 47 45 13 19 29 2 38 44 17 24 22 42 14 4 35 3 20 28 11 39 8 1 27 7 34 25 43 0
Coste: 53687

GENERACION: 87
Mejor Solucion:  10 30 40 46 15 49 5 36 37 12 26 31 48 41 33 23 16 32 21 9 6 18 47 45 13 19 29 2 38 44 17 24 22 42 14 4 35 3 20 28 11 39 8 1 27 7 34 25 43 0
Coste: 53687

GENERACION: 88
Mejor Solucion:  10 30 40 46 15 49 5 36 37 12 26 31 48 41 33 23 16 32 21 9 6 18 47 45 13 19 29 2 38 44 17 24 22 42 14 4 35 3 20 28 11 39 8 1 27 7 34 25 43 0
Coste: 53687

GENERACION: 89
Mejor Solucion:  10 30 40 46 15 49 5 36 37 12 26 31 48 41 33 23 16 32 21 9 6 18 47 45 13 19 29 2 38 44 17 24 22 42 14 4 35 3 20 28 11 39 8 1 27 7 34 25 43 0
Coste: 53687

GENERACION: 90
Mejor Solucion:  10 30 40 46 15 49 5 36 37 12 26 31 48 41 33 23 16 32 21 9 6 18 47 45 13 19 29 2 38 44 17 24 22 42 14 4 35 3 20 28 11 39 8 1 27 7 34 25 43 0
Coste: 53687

GENERACION: 91
Mejor Solucion:  10 29 40 46 15 49 5 36 20 12 26 31 48 41 33 23 16 32 21 9 6 18 47 45 14 8 30 2 38 44 17 24 28 42 13 4 35 3 37 22 11 39 19 27 1 7 34 25 43 0
Coste: 53541

GENERACION: 92
Mejor Solucion:  10 29 40 46 15 49 5 36 20 12 26 31 48 41 33 23 16 32 21 9 6 18 47 45 14 8 30 2 38 44 17 24 28 42 13 4 35 3 37 22 11 39 19 27 1 7 34 25 43 0
Coste: 53541

GENERACION: 93
Mejor Solucion:  10 29 40 46 15 49 5 36 20 12 26 31 48 41 33 23 16 32 21 9 6 18 47 45 14 8 30 2 38 44 17 24 28 42 13 4 35 3 37 22 11 39 19 27 1 7 34 25 43 0
Coste: 53541

GENERACION: 94
Mejor Solucion:  10 29 40 46 15 49 5 36 20 12 26 31 48 41 33 23 16 32 21 9 6 18 47 45 14 8 30 2 38 44 17 24 28 42 13 4 35 3 37 22 11 39 19 27 1 7 34 25 43 0
Coste: 53541

GENERACION: 95
Mejor Solucion:  10 29 40 46 15 49 5 36 20 12 26 31 48 41 33 23 16 32 21 9 6 18 47 45 14 8 30 2 38 44 17 24 28 42 13 4 35 3 37 22 11 39 19 27 1 7 34 25 43 0
Coste: 53541

GENERACION: 96
Mejor Solucion:  10 29 40 46 15 49 5 36 20 12 26 31 48 41 33 23 16 32 21 9 6 18 47 45 14 8 30 2 38 44 17 24 28 42 13 4 35 3 37 22 11 39 19 27 1 7 34 25 43 0
Coste: 53541

GENERACION: 97
Mejor Solucion:  10 29 40 46 15 49 5 36 20 12 26 31 48 41 33 23 16 32 21 9 6 18 47 45 14 8 30 2 38 44 17 24 28 42 13 4 35 3 37 22 11 39 19 27 1 7 34 25 43 0
Coste: 53541

GENERACION: 98
Mejor Solucion:  10 29 40 46 15 49 5 36 20 12 26 31 48 41 33 23 16 32 21 9 6 18 47 45 14 8 30 2 38 44 17 24 28 42 13 4 35 3 37 22 11 39 19 27 1 7 34 25 43 0
Coste: 53541

GENERACION: 99
Mejor Solucion:  10 29 40 46 15 49 5 36 20 12 26 31 48 41 33 23 16 32 21 9 6 18 47 45 14 8 30 2 38 44 17 24 28 42 13 4 35 3 37 22 11 39 19 27 1 7 34 25 43 0
Coste: 53541

GENERACION: 100
Mejor Solucion:  10 29 40 46 15 49 5 36 20 12 26 31 48 41 33 23 16 32 21 9 6 18 47 45 14 8 30 2 38 44 17 24 28 42 13 4 35 3 37 22 11 39 19 27 1 7 34 25 43 0
Coste: 53541

GENERACION: 101
Mejor Solucion:  10 29 40 46 15 49 5 36 20 12 26 31 48 41 33 23 16 32 21 9 6 18 47 45 14 8 30 2 38 44 17 24 28 42 13 4 35 3 37 22 11 39 19 27 1 7 34 25 43 0
Coste: 53541

GENERACION: 102
Mejor Solucion:  10 29 40 46 15 49 5 36 20 12 26 31 48 41 33 23 16 32 21 9 6 18 47 45 14 8 30 2 38 44 17 24 28 42 13 4 35 3 37 22 11 39 19 27 1 7 34 25 43 0
Coste: 53541

GENERACION: 103
Mejor Solucion:  10 29 40 46 15 49 5 36 20 12 26 31 48 41 33 23 16 32 21 9 6 18 47 45 14 8 30 2 38 44 17 24 28 42 13 4 35 3 37 22 11 39 19 27 1 7 34 25 43 0
Coste: 53541

GENERACION: 104
Mejor Solucion:  10 29 40 46 15 49 5 36 20 12 26 31 48 41 33 23 16 32 21 9 6 18 47 45 14 8 30 2 38 44 17 24 28 42 13 4 35 3 37 22 11 39 19 27 1 7 34 25 43 0
Coste: 53541

GENERACION: 105
Mejor Solucion:  10 29 40 46 15 49 5 36 20 12 26 31 48 41 33 23 16 32 21 9 6 18 47 45 14 8 30 2 38 44 17 24 28 42 13 4 35 3 37 22 11 39 19 27 1 7 34 25 43 0
Coste: 53541

GENERACION: 106
Mejor Solucion:  10 29 40 46 15 49 5 36 20 12 26 31 48 41 33 23 16 32 21 9 6 18 47 45 14 8 30 2 38 44 17 24 28 42 13 4 35 3 37 22 11 39 19 27 1 7 34 25 43 0
Coste: 53541

GENERACION: 107
Mejor Solucion:  10 29 40 46 15 49 5 36 20 12 26 31 48 41 33 23 16 32 21 9 6 18 47 45 14 8 30 2 38 44 17 24 28 42 13 4 35 3 37 22 11 39 19 27 1 7 34 25 43 0
Coste: 53541

GENERACION: 108
Mejor Solucion:  10 29 40 46 15 49 5 36 20 12 26 31 48 41 33 23 16 32 21 9 6 18 47 45 14 8 30 2 38 44 17 24 28 42 13 4 35 3 37 22 11 39 19 27 1 7 34 25 43 0
Coste: 53541

GENERACION: 109
Mejor Solucion:  10 29 40 46 15 49 5 36 20 12 26 31 48 41 33 23 16 32 21 9 6 18 47 45 14 8 30 2 38 44 17 24 28 42 13 4 35 3 37 22 11 39 19 27 1 7 34 25 43 0
Coste: 53541

GENERACION: 110
Mejor Solucion:  10 29 40 46 15 49 5 36 20 12 26 31 48 41 33 23 16 32 21 9 6 18 47 45 14 8 30 2 38 44 17 24 28 42 13 4 35 3 37 22 11 39 19 27 1 7 34 25 43 0
Coste: 53541

GENERACION: 111
Mejor Solucion:  10 29 40 46 15 49 5 36 20 12 26 31 48 41 33 23 16 32 21 9 6 18 47 45 14 8 30 2 38 44 17 24 28 42 13 4 35 3 37 22 11 39 19 27 1 7 34 25 43 0
Coste: 53541

GENERACION: 112
Mejor Solucion:  10 29 40 46 15 49 5 36 20 12 26 31 48 41 33 23 16 32 21 9 6 18 47 45 14 8 30 2 38 44 17 24 28 42 13 4 35 3 37 22 11 39 19 27 1 7 34 25 43 0
Coste: 53541

GENERACION: 113
Mejor Solucion:  10 29 40 46 15 49 5 36 20 12 26 31 48 41 33 23 16 32 21 9 6 18 47 45 14 8 30 2 38 44 17 24 28 42 13 4 35 3 37 22 11 39 19 27 1 7 34 25 43 0
Coste: 53541

GENERACION: 114
Mejor Solucion:  10 29 40 46 15 49 5 36 20 12 26 31 48 41 33 23 16 32 21 9 6 18 47 45 14 8 30 2 38 44 17 24 28 42 13 4 35 3 37 22 11 39 19 27 1 7 34 25 43 0
Coste: 53541

GENERACION: 115
Mejor Solucion:  10 29 40 46 15 49 5 36 20 12 26 31 48 41 33 23 16 32 21 9 6 18 47 45 14 8 30 2 38 44 17 24 28 42 13 4 35 3 37 22 11 39 19 27 1 7 34 25 43 0
Coste: 53541

GENERACION: 116
Mejor Solucion:  10 29 40 46 15 49 5 36 20 12 26 31 48 41 33 23 16 32 21 9 6 18 47 45 14 8 30 2 38 44 17 24 28 42 13 4 35 3 37 22 11 39 19 27 1 7 34 25 43 0
Coste: 53541

GENERACION: 117
Mejor Solucion:  10 29 40 46 15 49 5 36 20 12 26 31 48 41 33 23 16 32 21 9 6 18 47 45 14 8 30 2 38 44 17 24 28 42 13 4 35 3 37 22 11 39 19 27 1 7 34 25 43 0
Coste: 53541

GENERACION: 118
Mejor Solucion:  10 29 40 46 15 49 5 36 20 12 26 31 48 41 33 23 16 32 21 9 6 18 47 45 14 8 30 2 38 44 17 24 28 42 13 4 35 3 37 22 11 39 19 27 1 7 34 25 43 0
Coste: 53541

GENERACION: 119
Mejor Solucion:  10 29 40 46 15 49 5 36 20 12 26 31 48 41 33 23 16 32 21 9 6 18 47 45 14 8 30 2 38 44 17 24 28 42 13 4 35 3 37 22 11 39 19 27 1 7 34 25 43 0
Coste: 53541

GENERACION: 120
Mejor Solucion:  10 29 40 46 15 49 5 36 20 12 26 31 48 41 33 23 16 32 21 9 6 18 47 45 14 8 30 2 38 44 17 24 28 42 13 4 35 3 37 22 11 39 19 27 1 7 34 25 43 0
Coste: 53541

GENERACION: 121
Mejor Solucion:  10 29 40 46 15 49 5 36 20 12 26 31 48 41 33 23 16 32 21 9 6 18 47 45 14 8 30 2 38 44 17 24 28 42 13 4 35 3 37 22 11 39 19 27 1 7 34 25 43 0
Coste: 53541

GENERACION: 122
Mejor Solucion:  10 29 40 39 15 49 5 36 20 12 26 31 48 41 33 23 16 32 21 9 6 18 47 45 14 8 30 2 38 44 17 24 28 42 13 4 35 3 37 22 11 46 19 27 1 7 34 25 43 0
Coste: 53518

GENERACION: 123
Mejor Solucion:  10 29 40 39 15 49 5 36 20 12 26 31 48 41 33 23 16 32 21 9 6 18 47 45 14 8 30 2 38 44 17 24 28 42 13 4 35 3 37 22 11 46 19 27 1 7 34 25 43 0
Coste: 53518

GENERACION: 124
Mejor Solucion:  10 29 40 39 15 49 5 36 20 12 26 31 48 41 33 23 16 32 21 9 6 18 47 45 14 8 30 2 38 44 17 24 28 42 13 4 35 3 37 22 11 46 19 27 1 7 34 25 43 0
Coste: 53518

GENERACION: 125
Mejor Solucion:  10 29 40 39 15 49 5 36 20 12 26 31 48 41 33 23 16 32 21 9 6 18 47 45 14 8 30 2 38 44 17 24 28 42 13 4 35 3 37 22 11 46 19 27 1 7 34 25 43 0
Coste: 53518

GENERACION: 126
Mejor Solucion:  10 29 40 39 15 49 5 36 20 12 26 31 48 41 33 23 16 32 21 9 6 18 47 45 14 8 30 2 38 44 17 24 28 42 13 4 35 3 37 22 11 46 19 27 1 7 34 25 43 0
Coste: 53518

GENERACION: 127
Mejor Solucion:  10 29 40 39 15 49 5 36 20 12 26 31 48 41 33 23 16 32 21 9 6 18 47 45 14 8 30 2 38 44 17 24 28 42 13 4 35 3 37 22 11 46 19 27 1 7 34 25 43 0
Coste: 53518

GENERACION: 128
Mejor Solucion:  10 29 40 39 15 49 5 36 20 12 26 31 48 41 33 23 16 32 21 9 6 18 47 45 14 8 30 2 38 44 17 24 28 42 13 4 35 3 37 22 11 46 19 27 1 7 34 25 43 0
Coste: 53518

GENERACION: 129
Mejor Solucion:  10 29 40 39 15 49 5 36 20 12 26 31 48 41 33 23 16 32 21 9 6 18 47 45 14 8 30 2 38 44 17 24 28 42 13 4 35 3 37 22 11 46 19 27 1 7 34 25 43 0
Coste: 53518

GENERACION: 130
Mejor Solucion:  10 29 40 39 15 49 5 36 20 12 26 31 48 41 33 23 16 32 21 9 6 18 47 45 14 8 30 2 38 44 17 24 28 42 13 4 35 3 37 22 11 46 19 27 1 7 34 25 43 0
Coste: 53518

GENERACION: 131
Mejor Solucion:  10 29 40 39 15 49 5 36 20 12 26 31 48 41 33 23 16 32 21 9 6 18 47 45 14 8 30 2 38 44 17 24 28 42 13 4 35 3 37 22 11 46 19 27 1 7 34 25 43 0
Coste: 53518

GENERACION: 132
Mejor Solucion:  10 29 40 39 15 49 5 36 20 12 26 31 48 41 33 23 16 32 21 9 6 18 47 45 14 8 30 2 38 44 17 24 28 42 13 4 35 3 37 22 11 46 19 27 1 7 34 25 43 0
Coste: 53518

GENERACION: 133
Mejor Solucion:  10 29 40 39 15 49 5 36 20 12 26 31 48 41 33 23 16 32 21 9 6 18 47 45 14 8 30 2 38 44 17 24 28 42 13 4 35 3 37 22 11 46 19 27 1 7 34 25 43 0
Coste: 53518

GENERACION: 134
Mejor Solucion:  10 29 40 39 15 49 5 36 20 12 26 31 48 41 33 23 16 32 21 9 6 18 47 45 14 8 30 2 38 44 17 24 28 42 13 4 35 3 37 22 11 46 19 27 1 7 34 25 43 0
Coste: 53518

GENERACION: 135
Mejor Solucion:  10 29 40 39 15 49 5 36 20 12 26 31 48 41 33 23 16 32 21 9 6 18 47 45 14 8 30 2 38 44 17 24 28 42 13 4 35 3 37 22 11 46 19 27 1 7 34 25 43 0
Coste: 53518

GENERACION: 136
Mejor Solucion:  10 29 40 39 15 49 5 36 20 12 26 31 48 41 33 23 16 32 21 9 6 18 47 45 14 8 30 2 38 44 17 24 28 42 13 4 35 3 37 22 11 46 19 27 1 7 34 25 43 0
Coste: 53518

GENERACION: 137
Mejor Solucion:  10 29 40 39 15 49 5 36 20 12 26 31 48 41 33 23 16 32 21 9 6 18 47 45 14 8 30 2 38 44 17 24 28 42 13 4 35 3 37 22 11 46 19 27 1 7 34 25 43 0
Coste: 53518

GENERACION: 138
Mejor Solucion:  10 29 40 39 15 49 5 36 20 12 26 31 48 41 33 23 16 32 21 9 6 18 47 45 14 8 30 2 38 44 17 24 28 42 13 4 35 3 37 22 11 46 19 27 1 7 34 25 43 0
Coste: 53518

GENERACION: 139
Mejor Solucion:  10 29 40 39 15 49 5 36 20 12 26 31 48 41 33 23 16 32 21 9 6 18 47 45 14 8 30 2 38 44 17 24 28 42 13 4 35 3 37 22 11 46 19 27 1 7 34 25 43 0
Coste: 53518

GENERACION: 140
Mejor Solucion:  10 29 40 39 15 49 5 36 20 12 26 31 48 41 33 23 16 32 21 9 6 18 47 45 14 8 30 2 38 44 17 24 28 42 13 4 35 3 37 22 11 46 19 27 1 7 34 25 43 0
Coste: 53518

GENERACION: 141
Mejor Solucion:  10 29 40 39 15 49 5 36 20 12 26 31 48 41 33 23 16 32 21 9 6 18 47 45 14 8 30 2 38 44 17 24 28 42 13 4 35 3 37 22 11 46 19 27 1 7 34 25 43 0
Coste: 53518

GENERACION: 142
Mejor Solucion:  10 29 40 39 15 49 5 36 20 12 26 31 48 41 33 23 16 32 21 9 6 18 47 45 14 8 30 2 38 44 17 24 28 42 13 4 35 3 37 22 11 46 19 27 1 7 34 25 43 0
Coste: 53518

GENERACION: 143
Mejor Solucion:  10 29 40 39 15 49 5 36 20 12 26 31 48 41 33 23 16 32 21 9 6 18 47 45 14 8 30 2 38 44 17 24 28 42 13 4 35 3 37 22 11 46 19 27 1 7 34 25 43 0
Coste: 53518

GENERACION: 144
Mejor Solucion:  10 29 40 39 15 49 5 36 20 12 26 31 48 41 33 23 16 32 21 9 6 18 47 45 14 8 30 2 38 44 17 24 28 42 13 4 35 3 37 22 11 46 19 27 1 7 34 25 43 0
Coste: 53518

GENERACION: 145
Mejor Solucion:  10 29 40 39 15 49 5 36 20 12 26 31 48 41 33 23 16 32 21 9 6 18 47 45 14 8 30 2 38 44 17 24 28 42 13 4 35 3 37 22 11 46 19 27 1 7 34 25 43 0
Coste: 53518

GENERACION: 146
Mejor Solucion:  10 29 40 39 15 49 5 36 20 12 26 31 48 41 33 23 16 32 21 9 6 18 47 45 14 8 30 2 38 44 17 24 28 42 13 4 35 3 37 22 11 46 19 27 1 7 34 25 43 0
Coste: 53518

GENERACION: 147
Mejor Solucion:  10 29 40 39 15 49 5 36 20 12 26 31 48 41 33 23 16 32 21 9 6 18 47 45 14 8 30 2 38 44 17 24 28 42 13 4 35 3 37 22 11 46 19 27 1 7 34 25 43 0
Coste: 53518

GENERACION: 148
Mejor Solucion:  10 29 40 39 15 49 5 36 20 12 26 31 48 41 33 23 16 32 21 9 6 18 47 45 14 8 30 2 38 44 17 24 28 42 13 4 35 3 37 22 11 46 19 27 1 7 34 25 43 0
Coste: 53518

GENERACION: 149
Mejor Solucion:  10 29 40 39 15 49 5 36 20 12 26 31 48 41 33 23 16 32 21 9 6 18 47 45 14 8 30 2 38 44 17 24 28 42 13 4 35 3 37 22 11 46 19 27 1 7 34 25 43 0
Coste: 53518

GENERACION: 150
Mejor Solucion:  10 29 40 39 15 49 5 36 20 12 26 31 48 41 33 23 16 32 21 9 6 18 47 45 14 8 30 2 38 44 17 24 28 42 13 4 35 3 37 22 11 46 19 27 1 7 34 25 43 0
Coste: 53518

GENERACION: 151
Mejor Solucion:  10 29 40 39 15 49 5 36 20 12 26 31 48 41 33 23 16 32 21 9 6 18 47 45 14 8 30 2 38 44 17 24 28 42 13 4 35 3 37 22 11 46 19 27 1 7 34 25 43 0
Coste: 53518

GENERACION: 152
Mejor Solucion:  10 29 40 39 15 49 5 36 20 12 26 31 48 41 33 23 16 32 21 9 6 18 47 45 14 8 30 2 38 44 17 24 28 42 13 4 35 3 37 22 11 46 19 27 1 7 34 25 43 0
Coste: 53518

GENERACION: 153
Mejor Solucion:  10 29 40 39 15 49 5 36 20 12 26 31 48 41 33 23 16 32 21 9 6 18 47 45 14 8 30 2 38 44 17 24 28 42 13 4 35 3 37 22 11 46 19 27 1 7 34 25 43 0
Coste: 53518

GENERACION: 154
Mejor Solucion:  10 29 40 39 15 49 5 36 20 12 26 31 48 41 33 23 16 32 21 9 6 18 47 45 14 8 30 2 38 44 17 24 28 42 13 4 35 3 37 22 11 46 19 27 1 7 34 25 43 0
Coste: 53518

GENERACION: 155
Mejor Solucion:  10 29 40 39 15 49 5 36 20 12 26 31 48 41 33 23 16 32 21 9 6 18 47 45 14 8 30 2 38 44 17 24 28 42 13 4 35 3 37 22 11 46 19 27 1 7 34 25 43 0
Coste: 53518

GENERACION: 156
Mejor Solucion:  10 29 40 39 15 49 5 36 20 12 26 31 48 41 33 23 16 32 21 9 6 18 47 45 14 8 30 2 38 44 17 24 28 42 13 4 35 3 37 22 11 46 19 27 1 7 34 25 43 0
Coste: 53518

GENERACION: 157
Mejor Solucion:  10 29 40 39 15 49 5 36 20 12 26 31 48 41 33 23 16 32 21 9 6 18 47 45 14 8 30 2 38 44 17 24 28 42 13 4 35 3 37 22 11 46 19 27 1 7 34 25 43 0
Coste: 53518

GENERACION: 158
Mejor Solucion:  10 29 40 39 15 49 5 36 20 12 26 31 48 41 33 23 16 32 21 9 6 18 47 45 14 8 30 2 38 44 17 24 28 42 13 4 35 3 37 22 11 46 19 27 1 7 34 25 43 0
Coste: 53518

GENERACION: 159
Mejor Solucion:  10 29 40 39 15 49 5 36 20 12 26 31 48 41 33 23 16 32 21 9 6 18 47 45 14 8 30 2 38 44 17 24 28 42 13 4 35 3 37 22 11 46 19 27 1 7 34 25 43 0
Coste: 53518

GENERACION: 160
Mejor Solucion:  10 29 40 39 15 49 5 36 20 12 26 31 48 41 33 23 16 32 21 9 6 18 47 45 14 8 30 2 38 44 17 24 28 42 13 4 35 3 37 22 11 46 19 27 1 7 34 25 43 0
Coste: 53518

GENERACION: 161
Mejor Solucion:  10 29 40 39 15 49 5 36 20 12 26 31 48 41 33 23 16 32 21 9 6 18 47 45 14 8 30 2 38 44 17 24 28 42 13 4 35 3 37 22 11 46 19 27 1 7 34 25 43 0
Coste: 53518

GENERACION: 162
Mejor Solucion:  10 29 40 39 15 49 5 36 20 12 26 31 48 41 33 23 16 32 21 9 6 18 47 45 14 8 30 2 38 44 17 24 28 42 13 4 35 3 37 22 11 46 19 27 1 7 34 25 43 0
Coste: 53518

GENERACION: 163
Mejor Solucion:  10 29 40 39 15 49 5 36 20 12 26 31 48 41 33 23 16 32 21 9 6 18 47 45 14 8 30 2 38 44 17 24 28 42 13 4 35 3 37 22 11 46 19 27 1 7 34 25 43 0
Coste: 53518

GENERACION: 164
Mejor Solucion:  10 29 40 39 15 49 5 36 20 12 26 31 48 41 33 23 16 32 21 9 6 18 47 45 14 8 30 2 38 44 17 24 28 42 13 4 35 3 37 22 11 46 19 27 1 7 34 25 43 0
Coste: 53518

GENERACION: 165
Mejor Solucion:  10 29 40 39 15 49 5 36 20 12 26 31 48 41 33 23 16 32 21 9 6 18 47 45 14 8 30 2 38 44 17 24 28 42 13 4 35 3 37 22 11 46 19 27 1 7 34 25 43 0
Coste: 53518

GENERACION: 166
Mejor Solucion:  10 29 40 39 15 49 5 36 20 12 26 31 48 41 33 23 16 32 21 9 6 18 47 45 14 8 30 2 38 44 17 24 28 42 13 4 35 3 37 22 11 46 19 27 1 7 34 25 43 0
Coste: 53518

GENERACION: 167
Mejor Solucion:  10 29 40 39 15 49 5 36 20 12 26 31 48 41 33 23 16 32 21 9 6 18 47 45 14 8 30 2 38 44 17 24 28 42 13 4 35 3 37 22 11 46 19 27 1 7 34 25 43 0
Coste: 53518

GENERACION: 168
Mejor Solucion:  10 29 40 39 15 49 5 36 20 12 26 31 48 41 33 23 16 32 21 9 6 18 47 45 14 8 30 2 38 44 17 24 28 42 13 4 35 3 37 22 11 46 19 27 1 7 34 25 43 0
Coste: 53518

GENERACION: 169
Mejor Solucion:  10 29 40 39 15 49 5 36 20 12 26 31 48 41 33 23 16 32 21 9 6 18 47 45 14 8 30 2 38 44 17 24 28 42 13 4 35 3 37 22 11 46 19 27 1 7 34 25 43 0
Coste: 53518

GENERACION: 170
Mejor Solucion:  10 29 40 39 15 49 5 36 20 12 26 31 48 41 33 23 16 32 21 9 6 18 47 45 14 8 30 2 38 44 17 24 28 42 13 4 35 3 37 22 11 46 19 27 1 7 34 25 43 0
Coste: 53518

GENERACION: 171
Mejor Solucion:  10 29 40 39 15 49 5 36 20 12 26 31 48 41 33 23 16 32 21 9 6 18 47 45 14 8 30 2 38 44 17 24 28 42 13 4 35 3 37 22 11 46 19 27 1 7 34 25 43 0
Coste: 53518

GENERACION: 172
Mejor Solucion:  10 29 40 39 15 49 5 36 20 12 26 31 48 41 33 23 16 32 21 9 6 18 47 45 14 8 30 2 38 44 17 24 28 42 13 4 35 3 37 22 11 46 19 27 1 7 34 25 43 0
Coste: 53518

GENERACION: 173
Mejor Solucion:  10 29 40 39 15 49 5 36 20 12 26 31 48 41 33 23 16 32 21 9 6 18 47 45 14 8 30 2 38 44 17 24 28 42 13 4 35 3 37 22 11 46 19 27 1 7 34 25 43 0
Coste: 53518

GENERACION: 174
Mejor Solucion:  10 29 40 39 15 49 5 36 20 12 26 31 48 41 33 23 16 32 21 9 6 18 47 45 14 8 30 2 38 44 17 24 28 42 13 4 35 3 37 22 11 46 19 27 1 7 34 25 43 0
Coste: 53518

GENERACION: 175
Mejor Solucion:  10 29 40 39 15 49 5 36 20 12 26 31 48 41 33 23 16 32 21 9 6 18 47 45 14 8 30 2 38 44 17 24 28 42 13 4 35 3 37 22 11 46 19 27 1 7 34 25 43 0
Coste: 53518

GENERACION: 176
Mejor Solucion:  10 29 40 39 15 49 5 36 20 12 26 31 48 41 33 23 16 32 21 9 6 18 47 45 14 8 30 2 38 44 17 24 28 42 13 4 35 3 37 22 11 46 19 27 1 7 34 25 43 0
Coste: 53518

GENERACION: 177
Mejor Solucion:  10 29 40 39 15 49 5 36 20 12 26 31 48 41 33 23 16 32 21 9 6 18 47 45 14 8 30 2 38 44 17 24 28 42 13 4 35 3 37 22 11 46 19 27 1 7 34 25 43 0
Coste: 53518

GENERACION: 178
Mejor Solucion:  10 29 40 39 15 49 5 36 20 12 26 31 48 41 33 23 16 32 21 9 6 18 47 45 14 8 30 2 38 44 17 24 28 42 13 4 35 3 37 22 11 46 19 27 1 7 34 25 43 0
Coste: 53518

GENERACION: 179
Mejor Solucion:  10 29 40 39 15 49 5 36 20 12 26 31 48 41 33 23 16 32 21 9 6 18 47 45 14 8 30 2 38 44 17 24 28 42 13 4 35 3 37 22 11 46 19 27 1 7 34 25 43 0
Coste: 53518

GENERACION: 180
Mejor Solucion:  10 29 40 39 15 49 5 36 20 12 26 31 48 41 33 23 16 32 21 9 6 18 47 45 14 8 30 2 38 44 17 24 28 42 13 4 35 3 37 22 11 46 19 27 1 7 34 25 43 0
Coste: 53518

GENERACION: 181
Mejor Solucion:  10 29 40 39 15 49 5 36 20 12 26 31 48 41 33 23 16 32 21 9 6 18 47 45 14 8 30 2 38 44 17 24 28 42 13 4 35 3 37 22 11 46 19 27 1 7 34 25 43 0
Coste: 53518

GENERACION: 182
Mejor Solucion:  10 29 40 39 15 49 5 36 20 12 26 31 48 41 33 23 16 32 21 9 6 18 47 45 14 8 30 2 38 44 17 24 28 42 13 4 35 3 37 22 11 46 19 27 1 7 34 25 43 0
Coste: 53518

GENERACION: 183
Mejor Solucion:  10 29 40 39 15 49 5 36 20 12 26 31 48 41 33 23 16 32 21 9 6 18 47 45 14 8 30 2 38 44 17 24 28 42 13 4 35 3 37 22 11 46 19 27 1 7 34 25 43 0
Coste: 53518

GENERACION: 184
Mejor Solucion:  10 29 40 39 15 49 5 36 20 12 26 31 48 41 33 23 16 32 21 9 6 18 47 45 14 8 30 2 38 44 17 24 28 42 13 4 35 3 37 22 11 46 19 27 1 7 34 25 43 0
Coste: 53518

GENERACION: 185
Mejor Solucion:  10 29 40 39 15 49 5 36 20 12 26 31 48 41 33 23 16 32 21 9 6 18 47 45 14 8 30 2 38 44 17 24 28 42 13 4 35 3 37 22 11 46 19 27 1 7 34 25 43 0
Coste: 53518

GENERACION: 186
Mejor Solucion:  10 29 40 39 15 49 5 36 20 12 26 31 48 41 33 23 16 32 21 9 6 18 47 45 14 8 30 2 38 44 17 24 28 42 13 4 35 3 37 22 11 46 19 27 1 7 34 25 43 0
Coste: 53518

GENERACION: 187
Mejor Solucion:  10 29 40 39 15 49 5 36 20 12 26 31 48 41 33 23 16 32 21 9 6 18 47 45 14 8 30 2 38 44 17 24 28 42 13 4 35 3 37 22 11 46 19 27 1 7 34 25 43 0
Coste: 53518

GENERACION: 188
Mejor Solucion:  10 29 40 39 15 49 5 36 20 12 26 31 48 41 33 23 16 32 21 9 6 18 47 45 14 8 30 2 38 44 17 24 28 42 13 4 35 3 37 22 11 46 19 27 1 7 34 25 43 0
Coste: 53518

GENERACION: 189
Mejor Solucion:  10 29 40 39 15 49 5 36 20 12 26 31 48 41 33 23 16 32 21 9 6 18 47 45 14 8 30 2 38 44 17 24 28 42 13 4 35 3 37 22 11 46 19 27 1 7 34 25 43 0
Coste: 53518

GENERACION: 190
Mejor Solucion:  10 29 40 39 15 49 5 36 20 12 26 31 48 41 33 23 16 32 21 9 6 18 47 45 14 8 30 2 38 44 17 24 28 42 13 4 35 3 37 22 11 46 19 27 1 7 34 25 43 0
Coste: 53518

GENERACION: 191
Mejor Solucion:  10 29 40 39 15 49 5 36 20 12 26 31 48 41 33 23 16 32 21 9 6 18 47 45 14 8 30 2 38 44 17 24 28 42 13 4 35 3 37 22 11 46 19 27 1 7 34 25 43 0
Coste: 53518

GENERACION: 192
Mejor Solucion:  10 29 40 39 15 49 5 36 20 12 26 31 48 41 33 23 16 32 21 9 6 18 47 45 14 8 30 2 38 44 17 24 28 42 13 4 35 3 37 22 11 46 19 27 1 7 34 25 43 0
Coste: 53518

GENERACION: 193
Mejor Solucion:  10 29 40 39 15 49 5 36 20 12 26 31 48 41 33 23 16 32 21 9 6 18 47 45 14 8 30 2 38 44 17 24 28 42 13 4 35 3 37 22 11 46 19 27 1 7 34 25 43 0
Coste: 53518

GENERACION: 194
Mejor Solucion:  10 29 40 39 15 49 5 36 20 12 26 31 48 41 33 23 16 32 21 9 6 18 47 45 14 8 30 2 38 44 17 24 28 42 13 4 35 3 37 22 11 46 19 27 1 7 34 25 43 0
Coste: 53518

GENERACION: 195
Mejor Solucion:  10 29 40 39 15 49 5 36 20 12 26 31 48 41 33 23 16 32 21 9 6 18 47 45 14 8 30 2 38 44 17 24 28 42 13 4 35 3 37 22 11 46 19 27 1 7 34 25 43 0
Coste: 53518

GENERACION: 196
Mejor Solucion:  10 29 40 39 15 49 5 36 20 12 26 31 48 41 33 23 16 32 21 9 6 18 47 45 14 8 30 2 38 44 17 24 28 42 13 4 35 3 37 22 11 46 19 27 1 7 34 25 43 0
Coste: 53518

GENERACION: 197
Mejor Solucion:  10 29 40 39 15 49 5 36 20 12 26 31 48 41 33 23 16 32 21 9 6 18 47 45 14 8 30 2 38 44 17 24 28 42 13 4 35 3 37 22 11 46 19 27 1 7 34 25 43 0
Coste: 53518

GENERACION: 198
Mejor Solucion:  10 29 40 39 15 49 5 36 20 12 26 31 48 41 33 23 16 32 21 9 6 18 47 45 14 8 30 2 38 44 17 24 28 42 13 4 35 3 37 22 11 46 19 27 1 7 34 25 43 0
Coste: 53518

GENERACION: 199
Mejor Solucion:  10 29 40 39 15 49 5 36 20 12 26 31 48 41 33 23 16 32 21 9 6 18 47 45 14 8 30 2 38 44 17 24 28 42 13 4 35 3 37 22 11 46 19 27 1 7 34 25 43 0
Coste: 53518

GENERACION: 200
Mejor Solucion:  10 29 40 39 15 49 5 36 20 12 26 31 48 41 33 23 16 32 21 9 6 18 47 45 14 8 30 2 38 44 17 24 28 42 13 4 35 3 37 22 11 46 19 27 1 7 34 25 43 0
Coste: 53518

GENERACION: 201
Mejor Solucion:  10 29 40 39 15 49 5 36 20 12 26 31 48 41 33 23 16 32 21 9 6 18 47 45 14 8 30 2 38 44 17 24 28 42 13 4 35 3 37 22 11 46 19 27 1 7 34 25 43 0
Coste: 53518

GENERACION: 202
Mejor Solucion:  10 29 40 39 15 49 5 36 20 12 26 31 48 41 33 23 16 32 21 9 6 18 47 45 14 8 30 2 38 44 17 24 28 42 13 4 35 3 37 22 11 46 19 27 1 7 34 25 43 0
Coste: 53518

GENERACION: 203
Mejor Solucion:  10 29 40 39 15 49 5 36 20 12 26 31 48 41 33 23 16 32 21 9 6 18 47 45 14 8 30 2 38 44 17 24 28 42 13 4 35 3 37 22 11 46 19 27 1 7 34 25 43 0
Coste: 53518

GENERACION: 204
Mejor Solucion:  10 29 40 39 15 49 5 36 20 12 26 31 48 41 33 23 16 32 21 9 6 18 47 45 14 8 30 2 38 44 17 24 28 42 13 4 35 3 37 22 11 46 19 27 1 7 34 25 43 0
Coste: 53518

GENERACION: 205
Mejor Solucion:  10 29 40 39 15 49 5 36 20 12 26 31 48 41 33 23 16 32 21 9 6 18 47 45 14 8 30 2 38 44 17 24 28 42 13 4 35 3 37 22 11 46 19 27 1 7 34 25 43 0
Coste: 53518

GENERACION: 206
Mejor Solucion:  10 29 40 39 15 49 5 36 20 12 26 31 48 41 33 23 16 32 21 9 6 18 47 45 14 8 30 2 38 44 17 24 28 42 13 4 35 3 37 22 11 46 19 27 1 7 34 25 43 0
Coste: 53518

GENERACION: 207
Mejor Solucion:  10 29 40 39 15 49 5 36 20 12 26 31 48 41 33 23 16 32 21 9 6 18 47 45 14 8 30 2 38 44 17 24 28 42 13 4 35 3 37 22 11 46 19 27 1 7 34 25 43 0
Coste: 53518

GENERACION: 208
Mejor Solucion:  10 29 40 39 15 49 5 36 20 12 26 31 48 41 33 23 16 32 21 9 6 18 47 45 14 8 30 2 38 44 17 24 28 42 13 4 35 3 37 22 11 46 19 27 1 7 34 25 43 0
Coste: 53518

GENERACION: 209
Mejor Solucion:  10 29 40 39 15 49 5 36 20 12 26 31 48 41 33 23 16 32 21 9 6 18 47 45 14 8 30 2 38 44 17 24 28 42 13 4 35 3 37 22 11 46 19 27 1 7 34 25 43 0
Coste: 53518

GENERACION: 210
Mejor Solucion:  10 29 40 39 15 49 5 36 20 12 26 31 48 41 33 23 16 32 21 9 6 18 47 45 14 8 30 2 38 44 17 24 28 42 13 4 35 3 37 22 11 46 19 27 1 7 34 25 43 0
Coste: 53518

GENERACION: 211
Mejor Solucion:  10 29 40 39 15 49 5 36 20 12 26 31 48 41 33 23 16 32 21 9 6 18 47 45 14 8 30 2 38 44 17 24 28 42 13 4 35 3 37 22 11 46 19 27 1 7 34 25 43 0
Coste: 53518

GENERACION: 212
Mejor Solucion:  10 29 40 39 15 49 5 36 20 12 26 31 48 41 33 23 16 32 21 9 6 18 47 45 14 8 30 2 38 44 17 24 28 42 13 4 35 3 37 22 11 46 19 27 1 7 34 25 43 0
Coste: 53518

GENERACION: 213
Mejor Solucion:  10 29 40 39 15 49 5 36 20 12 26 31 48 41 33 23 16 32 21 9 6 18 47 45 14 8 30 2 38 44 17 24 28 42 13 4 35 3 37 22 11 46 19 27 1 7 34 25 43 0
Coste: 53518

GENERACION: 214
Mejor Solucion:  10 29 40 39 15 49 5 36 20 12 26 31 11 41 33 23 16 32 21 45 6 18 47 9 14 8 30 2 38 0 17 24 28 42 13 4 35 3 37 22 48 46 19 27 34 7 44 25 43 1
Coste: 53313

GENERACION: 215
Mejor Solucion:  10 29 40 39 15 49 5 36 20 12 26 31 11 23 33 41 16 32 21 45 6 18 47 9 14 8 30 2 38 0 17 24 28 42 13 4 35 3 37 22 48 46 19 27 34 7 44 25 43 1
Coste: 53286

GENERACION: 216
Mejor Solucion:  10 29 40 39 15 49 5 36 20 12 26 31 11 23 33 41 16 32 21 45 6 18 47 9 14 8 30 2 38 0 17 24 28 42 13 4 35 3 37 22 48 46 19 27 34 7 44 25 43 1
Coste: 53286

GENERACION: 217
Mejor Solucion:  10 29 40 39 15 49 5 36 20 12 26 31 11 23 33 41 16 32 21 45 6 18 47 9 14 8 30 2 38 0 17 24 28 42 13 4 35 3 37 22 48 46 19 27 34 7 44 25 43 1
Coste: 53286

GENERACION: 218
Mejor Solucion:  10 29 40 39 15 49 5 36 20 12 26 31 11 23 33 41 16 32 21 45 6 18 47 9 14 8 30 2 38 0 17 24 28 42 13 4 35 3 37 22 48 46 19 27 34 7 44 25 43 1
Coste: 53286

GENERACION: 219
Mejor Solucion:  10 29 40 39 15 49 5 36 20 12 26 31 11 23 33 41 16 32 21 45 6 18 47 9 14 8 30 2 38 0 17 24 28 42 13 4 35 3 37 22 48 46 19 27 34 7 44 25 43 1
Coste: 53286

GENERACION: 220
Mejor Solucion:  10 29 30 39 15 49 7 36 20 37 26 8 11 41 33 23 16 32 21 45 6 18 47 9 14 31 40 2 38 0 42 24 28 17 13 4 35 3 12 5 48 46 19 27 34 22 44 25 43 1
Coste: 53254

GENERACION: 221
Mejor Solucion:  10 29 30 42 15 49 7 36 20 37 26 8 11 41 33 23 16 32 21 45 6 18 47 9 14 31 22 2 38 0 39 24 28 17 13 4 35 3 12 5 48 46 19 27 34 40 44 25 43 1
Coste: 53151

GENERACION: 222
Mejor Solucion:  10 29 30 42 15 49 7 36 20 37 26 8 11 41 33 23 16 32 21 45 6 18 47 9 14 31 22 2 38 0 39 24 28 17 13 4 35 3 12 5 48 46 19 27 34 40 44 25 43 1
Coste: 53151

GENERACION: 223
Mejor Solucion:  10 29 30 42 15 49 7 36 20 37 26 8 11 41 33 23 16 32 21 45 6 18 47 9 14 31 22 2 38 0 39 24 28 17 13 4 35 3 12 5 48 46 19 27 34 40 44 25 43 1
Coste: 53151

GENERACION: 224
Mejor Solucion:  10 29 30 42 15 49 7 36 20 37 26 8 11 41 33 23 16 32 21 45 6 18 47 9 14 31 22 2 38 0 39 24 28 17 13 4 35 3 12 5 48 46 19 27 34 40 44 25 43 1
Coste: 53151

GENERACION: 225
Mejor Solucion:  10 29 30 42 15 49 7 36 20 37 26 8 11 41 33 23 16 32 21 45 6 18 47 9 14 31 22 2 38 0 39 24 28 17 13 4 35 3 12 5 48 46 19 27 34 40 44 25 43 1
Coste: 53151

GENERACION: 226
Mejor Solucion:  10 29 30 42 15 49 7 36 20 37 26 8 11 41 33 23 16 32 21 45 6 18 47 9 14 31 22 2 38 0 39 24 28 17 13 4 35 3 12 5 48 46 19 27 34 40 44 25 43 1
Coste: 53151

GENERACION: 227
Mejor Solucion:  10 29 30 42 15 49 7 36 20 37 26 8 11 41 33 23 16 32 21 45 6 18 47 9 14 31 22 2 38 0 39 24 28 17 13 4 35 3 12 5 48 46 19 27 34 40 44 25 43 1
Coste: 53151

GENERACION: 228
Mejor Solucion:  10 29 30 42 15 49 7 36 20 37 26 8 11 41 33 23 16 32 21 45 6 18 47 9 14 31 22 2 38 0 39 24 28 17 13 4 35 3 12 5 48 46 19 27 34 40 44 25 43 1
Coste: 53151

GENERACION: 229
Mejor Solucion:  10 29 30 42 15 49 7 36 20 37 26 8 11 41 33 23 16 32 21 45 6 18 47 9 14 31 22 2 38 0 39 24 28 17 13 4 35 3 12 5 48 46 19 27 34 40 44 25 43 1
Coste: 53151

GENERACION: 230
Mejor Solucion:  10 29 30 42 15 49 7 36 20 37 26 8 11 41 33 23 16 32 21 45 6 18 47 9 14 31 22 2 38 0 39 24 28 17 13 4 35 3 12 5 48 46 19 27 34 40 44 25 43 1
Coste: 53151

GENERACION: 231
Mejor Solucion:  10 29 30 42 15 49 7 36 20 37 26 8 11 41 33 23 16 32 21 45 6 18 47 9 14 31 22 2 38 0 39 24 28 17 13 4 35 3 12 5 48 46 19 27 34 40 44 25 43 1
Coste: 53151

GENERACION: 232
Mejor Solucion:  10 29 30 42 15 49 7 36 20 37 26 8 11 41 33 23 16 32 21 45 6 18 47 9 14 31 22 2 38 0 39 24 28 17 13 4 35 3 12 5 48 46 19 27 34 40 44 25 43 1
Coste: 53151

GENERACION: 233
Mejor Solucion:  10 29 30 42 15 49 7 36 20 37 26 8 11 41 33 23 16 32 21 45 6 18 47 9 14 31 22 2 38 0 39 24 28 17 13 4 35 3 12 5 48 46 19 27 34 40 44 25 43 1
Coste: 53151

GENERACION: 234
Mejor Solucion:  10 29 30 42 15 49 7 36 20 37 26 8 11 41 33 23 16 32 21 45 6 18 47 9 14 31 22 2 38 0 39 24 28 17 13 4 35 3 12 5 48 46 19 27 34 40 44 25 43 1
Coste: 53151

GENERACION: 235
Mejor Solucion:  10 29 30 42 15 49 7 36 20 37 26 8 11 41 33 23 16 32 21 45 6 18 47 9 14 31 22 2 38 0 39 24 28 17 13 4 35 3 12 5 48 46 19 27 34 40 44 25 43 1
Coste: 53151

GENERACION: 236
Mejor Solucion:  10 29 30 42 15 49 7 36 20 37 26 8 11 41 33 23 16 32 21 45 6 18 47 9 14 31 22 2 38 0 39 24 28 17 13 4 35 3 12 5 48 46 19 27 34 40 44 25 43 1
Coste: 53151

GENERACION: 237
Mejor Solucion:  10 29 30 42 15 49 7 36 20 37 26 8 11 41 33 23 16 32 21 45 6 18 47 9 14 31 22 2 38 0 39 24 28 17 13 4 35 3 12 5 48 46 19 27 34 40 44 25 43 1
Coste: 53151

GENERACION: 238
Mejor Solucion:  47 29 30 42 15 49 39 36 20 21 26 8 11 31 33 23 4 32 37 45 6 18 10 9 14 41 22 2 38 0 7 24 28 17 13 16 35 3 12 5 48 46 19 27 34 40 44 25 43 1
Coste: 53078

GENERACION: 239
Mejor Solucion:  47 29 30 42 15 49 39 36 20 21 26 8 11 31 33 23 4 32 37 45 6 18 10 9 14 41 22 2 38 0 7 24 28 17 13 16 35 3 12 5 48 46 19 27 34 40 44 25 43 1
Coste: 53078

GENERACION: 240
Mejor Solucion:  47 29 30 42 15 49 39 36 20 21 26 8 11 31 33 23 4 32 37 45 6 18 10 9 14 41 22 2 38 0 7 24 28 17 13 16 35 3 12 5 48 46 19 27 34 40 44 25 43 1
Coste: 52976

GENERACION: 241
Mejor Solucion:  47 29 30 42 15 49 39 36 20 21 26 8 11 31 33 23 4 32 37 45 6 18 10 9 14 41 22 2 38 0 7 24 28 17 13 16 35 3 12 5 48 46 19 27 34 40 44 25 43 1
Coste: 52976

GENERACION: 242
Mejor Solucion:  47 29 30 42 15 49 39 36 20 21 26 8 11 31 33 23 4 32 37 45 6 18 10 9 14 41 22 2 38 0 7 24 28 17 13 16 35 3 12 5 48 46 19 27 34 40 44 25 43 1
Coste: 52976

GENERACION: 243
Mejor Solucion:  47 29 30 42 15 49 39 36 20 21 26 8 11 31 33 23 4 32 37 45 6 18 10 9 14 41 22 2 38 0 7 24 28 17 13 16 35 3 12 5 48 46 19 27 34 40 44 25 43 1
Coste: 52976

GENERACION: 244
Mejor Solucion:  47 29 30 42 15 49 39 36 20 21 26 8 11 31 33 23 4 32 37 45 6 18 10 9 14 41 22 2 38 0 7 24 28 17 13 16 35 3 12 5 48 46 19 27 34 40 44 25 43 1
Coste: 52976

GENERACION: 245
Mejor Solucion:  47 29 30 42 15 49 39 36 20 21 26 8 11 31 33 23 4 32 37 45 6 18 10 9 14 41 22 2 38 0 7 24 28 17 13 16 35 3 12 5 48 46 19 27 34 40 44 25 43 1
Coste: 52976

GENERACION: 246
Mejor Solucion:  47 29 30 42 15 49 39 36 20 21 26 8 11 31 33 23 4 32 37 45 6 18 10 9 14 41 22 2 38 0 7 24 28 17 13 16 35 3 12 5 48 46 19 27 34 40 44 25 43 1
Coste: 52976

GENERACION: 247
Mejor Solucion:  47 29 30 42 15 49 39 36 20 21 26 8 11 31 33 23 4 32 37 45 6 18 10 9 14 41 22 2 38 0 7 24 28 17 13 16 35 3 12 5 48 46 19 27 34 40 44 25 43 1
Coste: 52976

GENERACION: 248
Mejor Solucion:  47 29 30 42 15 49 39 36 20 21 26 8 11 31 33 23 4 32 37 45 6 18 10 9 14 41 22 2 38 0 7 24 28 17 13 16 35 3 12 5 48 46 19 27 34 40 44 25 43 1
Coste: 52976

GENERACION: 249
Mejor Solucion:  47 29 30 42 15 49 39 36 20 21 26 8 11 31 33 23 4 32 37 45 6 18 10 9 14 41 22 2 38 0 7 24 28 17 13 16 35 3 12 5 48 46 19 27 34 40 44 25 43 1
Coste: 52976

GENERACION: 250
Mejor Solucion:  47 29 30 42 15 49 39 36 20 21 26 8 11 31 33 23 4 32 37 45 6 18 10 9 14 41 22 2 38 0 7 24 28 17 13 16 35 3 12 5 48 46 19 27 34 40 44 25 43 1
Coste: 52976

GENERACION: 251
Mejor Solucion:  47 29 30 42 15 49 39 36 20 21 26 8 11 31 33 23 4 32 37 45 6 18 10 9 14 41 22 2 38 0 7 24 28 17 13 16 35 3 12 5 48 46 19 27 34 40 44 25 43 1
Coste: 52976

GENERACION: 252
Mejor Solucion:  47 29 30 42 15 49 39 36 20 21 26 8 11 31 33 23 4 32 37 45 6 18 10 9 14 41 22 2 38 0 7 24 28 17 13 16 35 3 12 5 48 46 19 27 34 40 44 25 43 1
Coste: 52976

GENERACION: 253
Mejor Solucion:  47 29 30 42 15 49 39 36 20 21 26 8 11 31 33 23 4 32 37 45 6 18 10 9 14 41 22 2 38 0 7 24 28 17 13 16 35 3 12 5 48 46 19 27 34 40 44 25 43 1
Coste: 52976

GENERACION: 254
Mejor Solucion:  47 29 30 42 15 49 39 36 20 21 26 8 11 31 33 23 4 32 37 45 6 18 10 9 14 41 22 2 38 0 7 24 28 17 13 16 35 3 12 5 48 46 19 27 34 40 44 25 43 1
Coste: 52976

GENERACION: 255
Mejor Solucion:  47 29 30 42 15 49 39 36 20 21 26 8 11 31 33 23 4 32 37 45 6 18 10 9 14 41 22 2 38 0 7 24 28 17 13 16 35 3 12 5 48 46 19 27 34 40 44 25 43 1
Coste: 52976

GENERACION: 256
Mejor Solucion:  47 29 30 42 15 49 39 36 20 21 26 8 11 31 33 23 4 32 37 45 6 18 10 9 14 41 22 2 38 0 7 24 28 17 13 16 35 3 12 5 48 46 19 27 34 40 44 25 43 1
Coste: 52976

GENERACION: 257
Mejor Solucion:  47 29 30 42 15 49 39 36 20 21 26 8 11 31 33 23 4 32 37 45 6 18 10 9 14 41 22 2 38 0 7 24 28 17 13 16 35 3 12 5 48 46 19 27 34 40 44 25 43 1
Coste: 52976

GENERACION: 258
Mejor Solucion:  47 29 30 42 15 49 39 36 20 21 26 8 11 31 33 23 4 32 37 45 6 18 10 9 14 41 22 2 38 0 7 24 28 17 13 16 35 3 12 5 48 46 19 27 34 40 44 25 43 1
Coste: 52976

GENERACION: 259
Mejor Solucion:  47 29 30 42 15 49 39 36 20 21 26 8 11 31 33 23 4 32 37 45 6 18 10 9 14 41 22 2 38 0 7 24 28 17 13 16 35 3 12 5 48 46 19 27 34 40 44 25 43 1
Coste: 52976

GENERACION: 260
Mejor Solucion:  47 29 30 42 15 49 39 36 20 21 26 8 11 31 33 23 4 32 37 45 6 18 10 9 14 41 22 2 38 0 7 24 28 17 13 16 35 3 12 5 48 46 19 27 34 40 44 25 43 1
Coste: 52976

GENERACION: 261
Mejor Solucion:  47 29 30 42 15 49 39 36 20 21 26 8 11 31 33 23 4 32 37 45 6 18 10 9 14 41 22 2 38 0 7 24 28 17 13 16 35 3 12 5 48 46 19 27 34 40 44 25 43 1
Coste: 52976

GENERACION: 262
Mejor Solucion:  47 29 30 42 15 49 39 36 20 21 26 8 11 31 33 23 4 32 37 45 6 18 10 9 14 41 22 2 38 0 7 24 28 17 13 16 35 3 12 5 48 46 19 27 34 40 44 25 43 1
Coste: 52976

GENERACION: 263
Mejor Solucion:  47 29 30 42 15 49 39 36 20 21 26 8 11 31 33 23 4 32 37 45 6 18 10 9 14 41 22 2 38 0 7 24 28 17 13 16 35 3 12 5 48 46 19 27 34 40 44 25 43 1
Coste: 52976

GENERACION: 264
Mejor Solucion:  47 29 30 42 15 49 39 36 20 21 26 8 11 31 33 23 4 32 37 45 6 18 10 9 14 41 22 2 38 0 7 24 28 17 13 16 35 3 12 5 48 46 19 27 34 40 44 25 43 1
Coste: 52976

GENERACION: 265
Mejor Solucion:  47 29 30 42 15 49 39 36 20 21 26 8 11 31 33 23 4 32 37 45 6 18 10 9 14 41 22 2 38 0 7 24 28 17 13 16 35 3 12 5 48 46 19 27 34 40 44 25 43 1
Coste: 52976

GENERACION: 266
Mejor Solucion:  47 29 30 42 15 49 39 36 20 21 26 8 11 31 33 23 4 32 37 45 6 18 10 9 14 41 22 2 38 0 7 24 28 17 13 16 35 3 12 5 48 46 19 27 34 40 44 25 43 1
Coste: 52976

GENERACION: 267
Mejor Solucion:  47 29 30 42 15 49 39 36 20 21 26 8 11 31 33 23 4 32 37 45 6 18 10 9 14 41 22 2 38 0 7 24 28 17 13 16 35 3 12 5 48 46 19 27 34 40 44 25 43 1
Coste: 52976

GENERACION: 268
Mejor Solucion:  47 29 30 42 15 49 39 36 20 21 26 8 11 31 33 23 4 32 37 45 6 18 10 9 14 41 22 2 38 0 7 24 28 17 13 16 35 3 12 5 48 46 19 27 34 40 44 25 43 1
Coste: 52976

GENERACION: 269
Mejor Solucion:  47 29 30 42 15 49 39 36 20 21 26 8 11 31 33 23 4 32 37 45 6 18 10 9 14 41 22 2 38 0 7 24 28 17 13 16 35 3 12 5 48 46 19 27 34 40 44 25 43 1
Coste: 52976

GENERACION: 270
Mejor Solucion:  47 29 30 42 15 49 39 36 20 21 26 8 11 31 33 23 4 32 37 45 6 18 10 9 14 41 22 2 38 0 7 24 28 17 13 16 35 3 12 5 48 46 19 27 34 40 44 25 43 1
Coste: 52976

GENERACION: 271
Mejor Solucion:  47 29 30 42 15 49 39 36 20 21 26 8 11 31 33 23 4 32 37 45 6 18 10 9 14 41 22 2 38 0 7 24 28 17 13 16 35 3 12 5 48 46 19 27 34 40 44 25 43 1
Coste: 52976

GENERACION: 272
Mejor Solucion:  47 29 30 42 15 49 39 36 20 21 26 8 11 31 33 23 4 32 37 45 6 18 10 9 14 41 22 2 38 0 7 24 28 17 13 16 35 3 12 5 48 46 19 27 34 40 44 25 43 1
Coste: 52976

GENERACION: 273
Mejor Solucion:  47 29 30 42 15 49 39 36 20 21 26 8 11 31 33 23 4 32 37 45 6 18 10 9 14 41 22 2 38 0 7 24 28 17 13 16 35 3 12 5 48 46 19 27 34 40 44 25 43 1
Coste: 52976

GENERACION: 274
Mejor Solucion:  47 29 30 42 15 49 39 36 20 21 26 8 11 31 33 23 4 32 37 45 6 18 10 9 14 41 22 2 38 0 7 24 28 17 13 16 35 3 12 5 48 46 19 27 34 40 44 25 43 1
Coste: 52976

GENERACION: 275
Mejor Solucion:  47 29 30 42 15 49 39 36 20 21 26 8 11 31 33 23 4 32 37 45 6 18 10 9 14 41 22 2 38 0 7 24 28 17 13 16 35 3 12 5 48 46 19 27 34 40 44 25 43 1
Coste: 52976

GENERACION: 276
Mejor Solucion:  47 29 30 42 15 49 39 36 20 21 26 8 11 31 33 23 4 32 37 45 6 18 10 9 14 41 22 2 38 0 7 24 28 17 13 16 35 3 12 5 48 46 19 27 34 40 44 25 43 1
Coste: 52976

GENERACION: 277
Mejor Solucion:  47 29 30 42 15 49 39 36 20 21 26 8 11 31 33 23 4 32 37 45 6 18 10 9 14 41 22 2 38 0 7 24 28 17 13 16 35 3 12 5 48 46 19 27 34 40 44 25 43 1
Coste: 52976

GENERACION: 278
Mejor Solucion:  47 29 30 42 15 49 39 36 20 21 26 8 11 31 33 23 4 32 37 45 6 18 10 9 14 41 22 2 38 0 7 24 28 17 13 16 35 3 12 5 48 46 19 27 34 40 44 25 43 1
Coste: 52976

GENERACION: 279
Mejor Solucion:  47 29 30 42 15 49 39 36 20 21 26 8 11 31 33 23 4 32 37 45 6 18 10 9 14 41 22 2 38 0 7 24 28 17 13 16 35 3 12 5 48 46 19 27 34 40 44 25 43 1
Coste: 52976

GENERACION: 280
Mejor Solucion:  47 29 30 42 15 49 39 36 20 21 26 8 11 31 33 23 4 32 37 45 6 18 10 9 14 41 22 2 38 0 7 24 28 17 13 16 35 3 12 5 48 46 19 27 34 40 44 25 43 1
Coste: 52976

GENERACION: 281
Mejor Solucion:  47 29 30 42 15 49 39 36 20 21 26 8 11 31 33 23 4 32 37 45 6 18 10 9 14 41 22 2 38 0 7 24 28 17 13 16 35 3 12 5 48 46 19 27 34 40 44 25 43 1
Coste: 52976

GENERACION: 282
Mejor Solucion:  47 29 30 42 15 49 39 36 20 21 26 8 11 31 33 23 4 32 37 45 6 18 10 9 14 41 22 2 38 0 7 24 28 17 13 16 35 3 12 5 48 46 19 27 34 40 44 25 43 1
Coste: 52976

GENERACION: 283
Mejor Solucion:  47 29 30 42 15 49 39 36 20 21 26 8 11 31 33 23 4 32 37 45 6 18 10 9 14 41 22 2 38 0 7 24 28 17 13 16 35 3 12 5 48 46 19 27 34 40 44 25 43 1
Coste: 52976

GENERACION: 284
Mejor Solucion:  47 29 30 42 15 49 39 36 20 21 26 8 11 31 33 23 4 32 37 45 6 18 10 9 14 41 22 2 38 0 7 24 28 17 13 16 35 3 12 5 48 46 19 27 34 40 44 25 43 1
Coste: 52976

GENERACION: 285
Mejor Solucion:  47 29 30 42 15 49 39 36 20 21 26 8 11 31 33 23 4 32 37 45 6 18 10 9 14 41 22 2 38 0 7 24 28 17 13 16 35 3 12 5 48 46 19 27 34 40 44 25 43 1
Coste: 52976

GENERACION: 286
Mejor Solucion:  47 29 30 42 15 49 39 36 20 21 26 8 11 31 33 23 4 32 37 45 6 18 10 9 14 41 22 2 38 0 7 24 28 17 13 16 35 3 12 5 48 46 19 27 34 40 44 25 43 1
Coste: 52976

GENERACION: 287
Mejor Solucion:  47 29 30 42 15 49 39 36 20 21 26 8 11 31 33 23 4 32 37 45 6 18 10 9 14 41 22 2 38 0 7 24 28 17 13 16 35 3 12 5 48 46 19 27 34 40 44 25 43 1
Coste: 52976

GENERACION: 288
Mejor Solucion:  47 29 30 42 15 49 39 36 20 21 26 8 11 31 33 23 4 32 37 45 6 18 10 9 14 41 22 2 38 0 7 24 28 17 13 16 35 3 12 5 48 46 19 27 34 40 44 25 43 1
Coste: 52976

GENERACION: 289
Mejor Solucion:  47 29 30 42 15 49 39 36 20 21 26 8 11 31 33 23 4 32 37 45 6 18 10 9 14 41 22 2 38 0 7 24 28 17 13 16 35 3 12 5 48 46 19 27 34 40 44 25 43 1
Coste: 52976

GENERACION: 290
Mejor Solucion:  47 29 30 42 15 49 39 36 20 21 26 8 11 31 33 23 4 32 37 45 6 18 10 9 14 41 22 2 38 0 7 24 28 17 13 16 35 3 12 5 48 46 19 27 34 40 44 25 43 1
Coste: 52976

GENERACION: 291
Mejor Solucion:  47 29 30 42 15 49 39 36 20 21 26 8 11 31 33 23 4 32 37 45 6 18 10 9 14 41 22 2 38 0 7 24 28 17 13 16 35 3 12 5 48 46 19 27 34 40 44 25 43 1
Coste: 52976

GENERACION: 292
Mejor Solucion:  47 29 30 42 15 49 39 36 20 21 26 8 11 31 33 23 4 32 37 45 6 18 10 9 14 41 22 2 38 0 7 24 28 17 13 16 35 3 12 5 48 46 19 27 34 40 44 25 43 1
Coste: 52976

GENERACION: 293
Mejor Solucion:  47 29 30 42 15 49 39 36 20 21 26 8 11 31 33 23 4 32 37 45 6 18 10 9 14 41 22 2 38 0 7 24 28 17 13 16 35 3 12 5 48 46 19 27 34 40 44 25 43 1
Coste: 52976

GENERACION: 294
Mejor Solucion:  47 29 30 42 15 49 39 36 20 21 26 8 11 31 33 23 4 32 37 45 6 18 10 9 14 41 22 2 38 0 7 24 28 17 13 16 35 3 12 5 48 46 19 27 34 40 44 25 43 1
Coste: 52976

GENERACION: 295
Mejor Solucion:  47 29 30 42 15 49 39 36 20 21 26 8 11 31 33 23 4 32 37 45 6 18 10 9 14 41 22 2 38 0 7 24 28 17 13 16 35 3 12 5 48 46 19 27 34 40 44 25 43 1
Coste: 52976

GENERACION: 296
Mejor Solucion:  47 29 30 42 15 49 39 36 20 21 26 8 11 31 33 23 4 32 37 45 6 18 10 9 14 41 22 2 38 0 7 24 28 17 13 16 35 3 12 5 48 46 19 27 34 40 44 25 43 1
Coste: 52976

GENERACION: 297
Mejor Solucion:  47 29 30 42 15 49 39 36 20 21 26 8 11 31 33 23 4 32 37 45 6 18 10 9 14 41 22 2 38 0 7 24 28 17 13 16 35 3 12 5 48 46 19 27 34 40 44 25 43 1
Coste: 52976

GENERACION: 298
Mejor Solucion:  47 29 30 42 15 49 39 36 20 21 26 8 11 31 33 23 4 32 37 45 6 18 10 9 14 41 22 2 38 0 7 24 28 17 13 16 35 3 12 5 48 46 19 27 34 40 44 25 43 1
Coste: 52976

GENERACION: 299
Mejor Solucion:  47 29 30 42 15 49 39 36 20 21 26 8 11 31 33 23 4 32 37 45 6 18 10 9 14 41 22 2 38 0 7 24 28 17 13 16 35 3 12 5 48 46 19 27 34 40 44 25 43 1
Coste: 52976

GENERACION: 300
Mejor Solucion:  47 29 30 42 15 49 39 36 20 21 26 8 11 31 33 23 4 32 37 45 6 18 10 9 14 41 22 2 38 0 7 24 28 17 13 16 35 3 12 5 48 46 19 27 34 40 44 25 43 1
Coste: 52976

GENERACION: 301
Mejor Solucion:  47 29 30 42 15 49 39 36 20 21 26 8 11 31 33 23 4 32 37 45 6 18 10 9 14 41 22 2 38 0 7 24 28 17 13 16 35 3 12 5 48 46 19 27 34 40 44 25 43 1
Coste: 52976

GENERACION: 302
Mejor Solucion:  47 29 30 42 15 49 39 36 20 21 26 8 11 31 33 23 4 32 37 45 6 18 10 9 14 41 22 2 38 0 7 24 28 17 13 16 35 3 12 5 48 46 19 27 34 40 44 25 43 1
Coste: 52976

GENERACION: 303
Mejor Solucion:  47 10 29 42 16 30 39 36 22 13 26 8 11 9 14 23 4 32 37 46 6 18 31 49 33 41 20 2 15 0 7 24 28 17 21 38 35 3 12 5 48 45 19 27 34 40 44 25 43 1
Coste: 52926

GENERACION: 304
Mejor Solucion:  47 10 29 42 16 30 39 36 22 13 26 8 11 9 14 23 4 32 37 46 6 18 31 49 33 41 20 2 15 0 7 24 28 17 21 38 35 3 12 5 48 45 19 27 34 40 44 25 43 1
Coste: 52926

GENERACION: 305
Mejor Solucion:  47 10 29 42 16 30 39 36 22 13 26 8 11 9 14 23 4 32 37 46 6 18 31 49 33 41 20 2 15 0 7 24 28 17 21 38 35 3 12 5 48 45 19 27 34 40 44 25 43 1
Coste: 52926

GENERACION: 306
Mejor Solucion:  47 10 29 42 16 30 39 36 22 13 26 8 11 9 14 23 4 32 37 46 6 18 31 49 33 41 20 2 15 0 7 24 28 17 21 38 35 3 12 5 48 45 19 27 34 40 44 25 43 1
Coste: 52926

GENERACION: 307
Mejor Solucion:  47 10 29 42 16 30 39 36 22 13 26 8 11 9 14 23 4 32 37 46 6 18 31 49 33 41 20 2 15 0 7 24 28 17 21 38 35 3 12 5 48 45 19 27 34 40 44 25 43 1
Coste: 52926

GENERACION: 308
Mejor Solucion:  47 10 29 42 16 30 39 36 22 13 26 8 11 9 14 23 4 32 37 46 6 18 31 49 33 41 20 2 15 0 7 24 28 17 21 38 35 3 12 5 48 45 19 27 34 40 44 25 43 1
Coste: 52926

GENERACION: 309
Mejor Solucion:  47 10 29 42 16 30 39 36 22 13 26 8 11 9 14 23 4 32 37 46 6 18 31 49 33 41 20 2 15 0 7 24 28 17 21 38 35 3 12 5 48 45 19 27 34 40 44 25 43 1
Coste: 52926

GENERACION: 310
Mejor Solucion:  47 10 29 42 16 30 39 36 22 13 26 8 11 9 14 23 4 32 37 46 6 18 31 49 33 41 20 2 15 0 7 24 28 17 21 38 35 3 12 5 48 45 19 27 34 40 44 25 43 1
Coste: 52926

GENERACION: 311
Mejor Solucion:  47 10 29 42 16 30 39 36 22 13 26 8 11 9 14 23 4 32 37 46 6 18 31 49 33 41 20 2 15 0 7 24 28 17 21 38 35 3 12 5 48 45 19 27 34 40 44 25 43 1
Coste: 52926

GENERACION: 312
Mejor Solucion:  47 10 29 42 16 30 39 36 22 13 26 8 11 9 14 23 4 32 37 46 6 18 31 49 33 41 20 2 15 0 7 24 28 17 21 38 35 3 12 5 48 45 19 27 34 40 44 25 43 1
Coste: 52926

GENERACION: 313
Mejor Solucion:  47 10 29 42 16 30 39 36 22 13 26 8 11 9 14 23 4 32 37 46 6 18 31 49 33 41 20 2 15 0 7 24 28 17 21 38 35 3 12 5 48 45 19 27 34 40 44 25 43 1
Coste: 52926

GENERACION: 314
Mejor Solucion:  47 10 29 42 16 30 39 36 22 13 26 8 11 9 14 23 4 32 37 46 6 18 31 49 33 41 20 2 15 0 7 24 28 17 21 38 35 3 12 5 48 45 19 27 34 40 44 25 43 1
Coste: 52926

GENERACION: 315
Mejor Solucion:  47 10 29 42 16 30 39 36 22 13 26 8 11 9 14 23 4 32 37 46 6 18 31 49 33 41 20 2 15 0 7 24 28 17 21 38 35 3 12 5 48 45 19 27 34 40 44 25 43 1
Coste: 52926

GENERACION: 316
Mejor Solucion:  47 10 29 42 16 30 39 36 22 13 26 8 11 9 14 23 4 32 37 46 6 18 31 49 33 41 20 2 15 0 7 24 28 17 21 38 35 3 12 5 48 45 19 27 34 40 44 25 43 1
Coste: 52926

GENERACION: 317
Mejor Solucion:  47 10 29 42 16 30 39 36 22 13 26 8 11 9 14 23 4 32 37 46 6 18 31 49 33 41 20 2 15 0 7 24 28 17 21 38 35 3 12 5 48 45 19 27 34 40 44 25 43 1
Coste: 52926

GENERACION: 318
Mejor Solucion:  47 10 29 42 16 30 39 36 22 13 26 8 11 9 14 23 4 32 37 46 6 18 31 49 33 41 20 2 15 0 7 24 28 17 21 38 35 3 12 5 48 45 19 27 34 40 44 25 43 1
Coste: 52926

GENERACION: 319
Mejor Solucion:  47 10 29 42 16 30 39 36 22 13 26 8 11 9 14 23 4 32 37 46 6 18 31 49 33 41 20 2 15 0 7 24 28 17 21 38 35 3 12 5 48 45 19 27 34 40 44 25 43 1
Coste: 52926

GENERACION: 320
Mejor Solucion:  47 10 29 42 16 30 39 36 22 13 26 8 11 9 14 23 4 32 37 46 6 18 31 49 33 41 20 2 15 0 7 24 28 17 21 38 35 3 12 5 48 45 19 27 34 40 44 25 43 1
Coste: 52926

GENERACION: 321
Mejor Solucion:  47 10 29 42 16 30 39 36 22 13 26 8 11 9 14 23 4 32 37 46 6 18 31 49 33 41 20 2 15 0 7 24 28 17 21 38 35 3 12 5 48 45 19 27 34 40 44 25 43 1
Coste: 52926

GENERACION: 322
Mejor Solucion:  47 10 29 42 16 30 39 36 22 13 26 8 11 9 14 23 4 32 37 46 6 18 31 49 33 41 20 2 15 0 7 24 28 17 21 38 35 3 12 5 48 45 19 27 34 40 44 25 43 1
Coste: 52926

GENERACION: 323
Mejor Solucion:  47 10 29 42 16 30 39 36 22 13 26 8 11 9 14 23 4 32 37 46 6 18 31 49 33 41 20 2 15 0 7 24 28 17 21 38 35 3 12 5 48 45 19 27 34 40 44 25 43 1
Coste: 52926

GENERACION: 324
Mejor Solucion:  47 10 29 42 16 30 39 36 22 13 26 8 11 9 14 23 4 32 37 46 6 18 31 49 33 41 20 2 15 0 7 24 28 17 21 38 35 3 12 5 48 45 19 27 34 40 44 25 43 1
Coste: 52926

GENERACION: 325
Mejor Solucion:  47 10 29 42 16 30 39 36 22 13 26 8 11 9 14 23 4 32 37 46 6 18 31 49 33 41 20 2 15 0 7 24 28 17 21 38 35 3 12 5 48 45 19 27 34 40 44 25 43 1
Coste: 52926

GENERACION: 326
Mejor Solucion:  47 10 29 42 16 30 39 36 22 13 26 8 11 9 14 23 4 32 37 46 6 18 31 49 33 41 20 2 15 0 7 24 28 17 21 38 35 3 12 5 48 45 19 27 34 40 44 25 43 1
Coste: 52926

GENERACION: 327
Mejor Solucion:  47 10 29 42 16 30 39 36 22 13 26 8 11 9 14 23 4 32 37 46 6 18 31 49 33 41 20 2 15 0 7 24 28 17 21 38 35 3 12 5 48 45 19 27 34 40 44 25 43 1
Coste: 52926

GENERACION: 328
Mejor Solucion:  47 10 29 42 16 30 39 36 22 13 26 8 11 9 14 23 4 32 37 46 6 18 31 49 33 41 20 2 15 0 7 24 28 17 21 38 35 3 12 5 48 45 19 27 34 40 44 25 43 1
Coste: 52926

GENERACION: 329
Mejor Solucion:  47 10 29 42 16 30 39 36 22 13 26 8 11 9 14 23 4 32 37 46 6 18 31 49 33 41 20 2 15 0 7 24 28 17 21 38 35 3 12 5 48 45 19 27 34 40 44 25 43 1
Coste: 52926

GENERACION: 330
Mejor Solucion:  47 10 29 42 16 30 39 36 22 13 26 8 11 9 14 23 4 32 37 46 6 18 31 49 33 41 20 2 15 0 7 24 28 17 21 38 35 3 12 5 48 45 19 27 34 40 44 25 43 1
Coste: 52926

GENERACION: 331
Mejor Solucion:  47 10 29 42 16 30 39 36 22 13 26 8 11 9 14 23 4 32 37 46 6 18 31 49 33 41 20 2 15 0 7 24 28 17 21 38 35 3 12 5 48 45 19 27 34 40 44 25 43 1
Coste: 52926

GENERACION: 332
Mejor Solucion:  47 10 29 42 16 30 39 36 22 13 26 8 11 9 14 23 4 32 37 46 6 18 31 49 33 41 20 2 15 0 7 24 28 17 21 38 35 3 12 5 48 45 19 27 34 40 44 25 43 1
Coste: 52926

GENERACION: 333
Mejor Solucion:  47 10 29 42 16 30 39 36 22 13 26 8 11 9 14 23 4 32 37 46 6 18 31 49 33 41 20 2 15 0 7 24 28 17 21 38 35 3 12 5 48 45 19 27 34 40 44 25 43 1
Coste: 52926

GENERACION: 334
Mejor Solucion:  47 10 29 42 16 30 39 36 22 13 26 8 11 9 14 23 4 32 37 46 6 18 31 49 33 41 20 2 15 0 7 24 28 17 21 38 35 3 12 5 48 45 19 27 34 40 44 25 43 1
Coste: 52926

GENERACION: 335
Mejor Solucion:  47 10 29 42 16 30 39 36 22 13 26 8 11 9 14 23 4 32 37 46 6 18 31 49 33 41 20 2 15 0 7 24 28 17 21 38 35 3 12 5 48 45 19 27 34 40 44 25 43 1
Coste: 52926

GENERACION: 336
Mejor Solucion:  47 10 29 42 16 30 39 36 22 13 26 8 11 9 14 23 4 32 37 46 6 18 31 49 33 41 20 2 15 0 7 24 28 17 21 38 35 3 12 5 48 45 19 27 34 40 44 25 43 1
Coste: 52926

GENERACION: 337
Mejor Solucion:  47 10 29 42 16 30 39 36 22 13 26 8 11 9 14 23 4 32 37 46 6 18 31 49 33 41 20 2 15 0 7 24 28 17 21 38 35 3 12 5 48 45 19 27 34 40 44 25 43 1
Coste: 52926

GENERACION: 338
Mejor Solucion:  47 10 29 42 16 30 39 36 22 13 26 8 11 9 14 23 4 32 37 46 6 18 31 49 33 41 20 2 15 0 7 24 28 17 21 38 35 3 12 5 48 45 19 27 34 40 44 25 43 1
Coste: 52926

GENERACION: 339
Mejor Solucion:  47 10 29 42 16 30 39 36 22 13 26 8 11 9 14 23 4 32 37 46 6 18 31 49 33 41 20 2 15 0 7 24 28 17 21 38 35 3 12 5 48 45 19 27 34 40 44 25 43 1
Coste: 52926

GENERACION: 340
Mejor Solucion:  47 10 29 42 16 30 39 36 22 13 26 8 11 9 14 23 4 32 37 46 6 18 31 49 33 41 20 2 15 0 7 24 28 17 21 38 35 3 12 5 48 45 19 27 34 40 44 25 43 1
Coste: 52926

GENERACION: 341
Mejor Solucion:  47 10 29 42 16 30 39 36 22 13 26 8 11 9 14 23 4 32 37 46 6 18 31 49 33 41 20 2 15 0 7 24 28 17 21 38 35 3 12 5 48 45 19 27 34 40 44 25 43 1
Coste: 52926

GENERACION: 342
Mejor Solucion:  47 10 29 42 16 30 39 36 22 13 26 8 11 9 14 23 4 32 37 46 6 18 31 49 33 41 20 2 15 0 7 24 28 17 21 38 35 3 12 5 48 45 19 27 34 40 44 25 43 1
Coste: 52926

GENERACION: 343
Mejor Solucion:  47 10 29 42 16 30 39 36 22 13 26 8 11 9 14 23 4 32 37 46 6 18 31 49 33 41 20 2 15 0 7 24 28 17 21 38 35 3 12 5 48 45 19 27 34 40 44 25 43 1
Coste: 52926

GENERACION: 344
Mejor Solucion:  47 10 29 42 16 30 39 36 22 13 26 8 11 9 14 23 4 32 37 46 6 18 31 49 33 41 20 2 15 0 7 24 28 17 21 38 35 3 12 5 48 45 19 27 34 40 44 25 43 1
Coste: 52926

GENERACION: 345
Mejor Solucion:  47 10 29 42 16 30 39 36 22 13 26 8 11 9 14 23 4 32 37 46 6 18 31 49 33 41 20 2 15 0 7 24 28 17 21 38 35 3 12 5 48 45 19 27 34 40 44 25 43 1
Coste: 52926

GENERACION: 346
Mejor Solucion:  47 10 29 42 16 30 39 36 22 13 26 8 11 9 14 23 4 32 37 46 6 18 31 49 33 41 20 2 15 0 7 24 28 17 21 38 35 3 12 5 48 45 19 27 34 40 44 25 43 1
Coste: 52926

GENERACION: 347
Mejor Solucion:  47 10 29 42 16 30 39 36 22 13 26 8 11 9 14 23 4 32 37 46 6 18 31 49 33 41 20 2 15 0 7 24 28 17 21 38 35 3 12 5 48 45 19 27 34 40 44 25 43 1
Coste: 52926

GENERACION: 348
Mejor Solucion:  47 10 29 42 16 30 39 36 22 13 26 8 11 9 14 23 4 32 37 46 6 18 31 49 33 41 20 2 15 0 7 24 28 17 21 38 35 3 12 5 48 45 19 27 34 40 44 25 43 1
Coste: 52926

GENERACION: 349
Mejor Solucion:  47 10 29 42 16 30 39 36 22 13 26 8 11 9 14 23 4 32 37 46 6 18 31 49 33 41 20 2 15 0 7 24 28 17 21 38 35 3 12 5 48 45 19 27 34 40 44 25 43 1
Coste: 52926

GENERACION: 350
Mejor Solucion:  47 10 29 42 16 30 39 36 22 13 26 8 11 9 14 23 4 32 37 46 6 18 31 49 33 41 20 2 15 0 7 24 28 17 21 38 35 3 12 5 48 45 19 27 34 40 44 25 43 1
Coste: 52926

GENERACION: 351
Mejor Solucion:  47 10 29 42 16 30 39 36 22 13 26 8 11 9 14 23 4 32 37 46 6 18 31 49 33 41 20 2 15 0 7 24 28 17 21 38 35 3 12 5 48 45 19 27 34 40 44 25 43 1
Coste: 52926

GENERACION: 352
Mejor Solucion:  47 10 29 42 16 30 39 36 22 13 26 8 11 9 14 23 4 32 37 46 6 18 31 49 33 41 20 2 15 0 7 24 28 17 21 38 35 3 12 5 48 45 19 27 34 40 44 25 43 1
Coste: 52926

GENERACION: 353
Mejor Solucion:  47 10 29 42 16 30 39 36 22 13 26 8 11 9 14 23 4 32 37 46 6 18 31 49 33 41 20 2 15 0 7 24 28 17 21 38 35 3 12 5 48 45 19 27 34 40 44 25 43 1
Coste: 52926

GENERACION: 354
Mejor Solucion:  47 10 29 42 16 30 39 36 22 13 26 8 11 9 14 23 4 32 37 46 6 18 31 49 33 41 20 2 15 0 7 24 28 17 21 38 35 3 12 5 48 45 19 27 34 40 44 25 43 1
Coste: 52926

GENERACION: 355
Mejor Solucion:  47 10 29 42 16 30 39 36 22 13 26 8 11 9 14 23 4 32 37 46 6 18 31 49 33 41 20 2 15 0 7 24 28 17 21 38 35 3 12 5 48 45 19 27 34 40 44 25 43 1
Coste: 52926

GENERACION: 356
Mejor Solucion:  47 10 29 42 16 30 39 36 22 13 26 8 11 9 14 23 4 32 37 46 6 18 31 49 33 41 20 2 15 0 7 24 28 17 21 38 35 3 12 5 48 45 19 27 34 40 44 25 43 1
Coste: 52926

GENERACION: 357
Mejor Solucion:  47 10 29 42 16 30 39 36 22 13 26 8 11 9 14 23 4 32 37 46 6 18 31 49 33 41 20 2 15 0 7 24 28 17 21 38 35 3 12 5 48 45 19 27 34 40 44 25 43 1
Coste: 52926

GENERACION: 358
Mejor Solucion:  47 10 29 42 16 30 39 36 22 13 26 8 11 9 14 23 4 32 37 46 6 18 31 49 33 41 20 2 15 0 7 24 28 17 21 38 35 3 12 5 48 45 19 27 34 40 44 25 43 1
Coste: 52926

GENERACION: 359
Mejor Solucion:  47 10 29 42 16 30 39 36 22 13 26 8 11 9 14 23 4 32 37 46 6 18 31 49 33 41 20 2 15 0 7 24 28 17 21 38 35 3 12 5 48 45 19 27 34 40 44 25 43 1
Coste: 52926

GENERACION: 360
Mejor Solucion:  47 10 29 42 16 30 39 36 22 13 26 8 11 9 14 23 4 32 37 46 6 18 31 49 33 41 20 2 15 0 7 24 28 17 21 38 35 3 12 5 48 45 19 27 34 40 44 25 43 1
Coste: 52926

GENERACION: 361
Mejor Solucion:  47 10 29 42 16 30 39 36 22 13 26 8 11 9 14 23 4 32 37 46 6 18 31 49 33 41 20 2 15 0 7 24 28 17 21 38 35 3 12 5 48 45 19 27 34 40 44 25 43 1
Coste: 52926

GENERACION: 362
Mejor Solucion:  47 10 29 42 16 30 39 36 22 13 26 8 11 9 14 23 4 32 37 46 6 18 31 49 33 41 20 2 15 0 7 24 28 17 21 38 35 3 12 5 48 45 19 27 34 40 44 25 43 1
Coste: 52926

GENERACION: 363
Mejor Solucion:  47 10 29 42 16 30 39 36 22 13 26 8 11 9 14 23 4 32 37 46 6 18 31 49 33 41 20 2 15 0 7 24 28 17 21 38 35 3 12 5 48 45 19 27 34 40 44 25 43 1
Coste: 52926

GENERACION: 364
Mejor Solucion:  47 10 29 42 16 30 39 36 22 13 26 8 11 9 14 23 4 32 37 46 6 18 31 49 33 41 20 2 15 0 7 24 28 17 21 38 35 3 12 5 48 45 19 27 34 40 44 25 43 1
Coste: 52926

GENERACION: 365
Mejor Solucion:  47 10 29 42 16 30 39 36 22 13 26 8 11 9 14 23 4 32 37 46 6 18 31 49 33 41 20 2 15 0 7 24 28 17 21 38 35 3 12 5 48 45 19 27 34 40 44 25 43 1
Coste: 52926

GENERACION: 366
Mejor Solucion:  47 10 29 42 16 30 39 36 22 13 26 8 11 9 14 23 4 32 37 46 6 18 31 49 33 41 20 2 15 0 7 24 28 17 21 38 35 3 12 5 48 45 19 27 34 40 44 25 43 1
Coste: 52926

GENERACION: 367
Mejor Solucion:  47 10 29 42 16 30 39 36 22 13 26 8 11 9 14 23 4 32 37 46 6 18 31 49 33 41 20 2 15 0 7 24 28 17 21 38 35 3 12 5 48 45 19 27 34 40 44 25 43 1
Coste: 52926

GENERACION: 368
Mejor Solucion:  47 10 29 42 16 30 39 36 22 13 26 8 11 9 14 23 4 32 37 46 6 18 31 49 33 41 20 2 15 0 7 24 28 17 21 38 35 3 12 5 48 45 19 27 34 40 44 25 43 1
Coste: 52926

GENERACION: 369
Mejor Solucion:  47 10 29 42 16 30 39 36 22 13 26 8 11 9 14 23 4 32 37 46 6 18 31 49 33 41 20 2 15 0 7 24 28 17 21 38 35 3 12 5 48 45 19 27 34 40 44 25 43 1
Coste: 52926

GENERACION: 370
Mejor Solucion:  47 10 29 42 16 30 39 36 22 13 26 8 11 9 14 23 4 32 37 46 6 18 31 49 33 41 20 2 15 0 7 24 28 17 21 38 35 3 12 5 48 45 19 27 34 40 44 25 43 1
Coste: 52926

GENERACION: 371
Mejor Solucion:  47 10 29 42 16 30 39 36 22 13 26 8 11 9 14 23 4 32 37 46 6 18 31 49 33 41 20 2 15 0 7 24 28 17 21 38 35 3 12 5 48 45 19 27 34 40 44 25 43 1
Coste: 52926

GENERACION: 372
Mejor Solucion:  47 10 29 42 16 30 39 36 22 13 26 8 11 9 14 23 4 32 37 46 6 18 31 49 33 41 20 2 15 0 7 24 28 17 21 38 35 3 12 5 48 45 19 27 34 40 44 25 43 1
Coste: 52926

GENERACION: 373
Mejor Solucion:  47 10 29 42 16 30 39 36 22 13 26 8 11 9 14 23 4 32 37 46 6 18 31 49 33 41 20 2 15 0 7 24 28 17 21 38 35 3 12 5 48 45 19 27 34 40 44 25 43 1
Coste: 52926

GENERACION: 374
Mejor Solucion:  47 10 29 42 16 30 39 36 22 13 26 8 11 9 14 23 4 32 37 46 6 18 31 49 33 41 20 2 15 0 7 24 28 17 21 38 35 3 12 5 48 45 19 27 34 40 44 25 43 1
Coste: 52926

GENERACION: 375
Mejor Solucion:  47 10 29 42 16 30 39 36 22 13 26 8 11 9 14 23 4 32 37 46 6 18 31 49 33 41 20 2 15 0 7 24 28 17 21 38 35 3 12 5 48 45 19 27 34 40 44 25 43 1
Coste: 52926

GENERACION: 376
Mejor Solucion:  47 10 29 42 16 30 39 36 22 13 26 8 11 9 14 23 4 32 37 46 6 18 31 49 33 41 20 2 15 0 7 24 28 17 21 38 35 3 12 5 48 45 19 27 34 40 44 25 43 1
Coste: 52926

GENERACION: 377
Mejor Solucion:  47 10 29 42 16 30 39 36 22 13 26 8 11 9 14 23 4 32 37 46 6 18 31 49 33 41 20 2 15 0 7 24 28 17 21 38 35 3 12 5 48 45 19 27 34 40 44 25 43 1
Coste: 52926

GENERACION: 378
Mejor Solucion:  47 10 29 42 16 30 39 36 22 13 26 8 11 9 14 23 4 32 37 46 6 18 31 49 33 41 20 2 15 0 7 24 28 17 21 38 35 3 12 5 48 45 19 27 34 40 44 25 43 1
Coste: 52926

GENERACION: 379
Mejor Solucion:  47 10 29 42 16 30 39 36 22 13 26 8 11 9 14 23 4 32 37 46 6 18 31 49 33 41 20 2 15 0 7 24 28 17 21 38 35 3 12 5 48 45 19 27 34 40 44 25 43 1
Coste: 52926

GENERACION: 380
Mejor Solucion:  47 10 29 42 16 30 39 36 22 13 26 8 11 9 14 23 4 32 37 46 6 18 31 49 33 41 20 2 15 0 7 24 28 17 21 38 35 3 12 5 48 45 19 27 34 40 44 25 43 1
Coste: 52926

GENERACION: 381
Mejor Solucion:  47 10 29 42 16 30 39 36 22 13 26 8 11 9 14 23 4 32 37 46 6 18 31 49 33 41 20 2 15 0 7 24 28 17 21 38 35 3 12 5 48 45 19 27 34 40 44 25 43 1
Coste: 52926

GENERACION: 382
Mejor Solucion:  47 10 29 42 16 30 39 36 22 13 26 8 11 9 14 23 4 32 37 46 6 18 31 49 33 41 20 2 15 0 7 24 28 17 21 38 35 3 12 5 48 45 19 27 34 40 44 25 43 1
Coste: 52926

GENERACION: 383
Mejor Solucion:  47 10 29 42 16 30 39 36 22 13 26 8 11 9 14 23 4 32 37 46 6 18 31 49 33 41 20 2 15 0 7 24 28 17 21 38 35 3 12 5 48 45 19 27 34 40 44 25 43 1
Coste: 52926

GENERACION: 384
Mejor Solucion:  47 10 29 42 16 30 39 36 22 13 26 8 11 9 14 23 4 32 37 46 6 18 31 49 33 41 20 2 15 0 7 24 28 17 21 38 35 3 12 5 48 45 19 27 34 40 44 25 43 1
Coste: 52926

GENERACION: 385
Mejor Solucion:  47 10 29 42 16 30 39 36 22 13 26 8 11 9 14 23 4 32 37 46 6 18 31 49 33 41 20 2 15 0 7 24 28 17 21 38 35 3 12 5 48 45 19 27 34 40 44 25 43 1
Coste: 52926

GENERACION: 386
Mejor Solucion:  47 10 29 42 16 30 39 36 22 13 26 8 11 9 14 23 4 32 37 46 6 18 31 49 33 41 20 2 15 0 7 24 28 17 21 38 35 3 12 5 48 45 19 27 34 40 44 25 43 1
Coste: 52926

GENERACION: 387
Mejor Solucion:  47 10 29 42 16 30 39 36 22 13 26 8 11 9 14 23 4 32 37 46 6 18 31 49 33 41 20 2 15 0 7 24 28 17 21 38 35 3 12 5 48 45 19 27 34 40 44 25 43 1
Coste: 52926

GENERACION: 388
Mejor Solucion:  47 10 29 42 16 30 39 36 22 13 26 8 11 9 14 23 4 32 37 46 6 18 31 49 33 41 20 2 15 0 7 24 28 17 21 38 35 3 12 5 48 45 19 27 34 40 44 25 43 1
Coste: 52926

GENERACION: 389
Mejor Solucion:  47 10 29 42 16 30 39 36 22 13 26 8 11 9 14 23 4 32 37 46 6 18 31 49 33 41 20 2 15 0 7 24 28 17 21 38 35 3 12 5 48 45 19 27 34 40 44 25 43 1
Coste: 52926

GENERACION: 390
Mejor Solucion:  47 10 29 42 16 30 39 36 22 13 26 8 11 9 14 23 4 32 37 46 6 18 31 49 33 41 20 2 15 0 7 24 28 17 21 38 35 3 12 5 48 45 19 27 34 40 44 25 43 1
Coste: 52926

GENERACION: 391
Mejor Solucion:  47 10 29 42 16 30 39 36 22 13 26 8 11 9 14 23 4 32 37 46 6 18 31 49 33 41 20 2 15 0 7 24 28 17 21 38 35 3 12 5 48 45 19 27 34 40 44 25 43 1
Coste: 52926

GENERACION: 392
Mejor Solucion:  47 10 29 42 16 30 39 36 22 13 26 8 11 9 14 23 4 32 37 46 6 18 31 49 33 41 20 2 15 0 7 24 28 17 21 38 35 3 12 5 48 45 19 27 34 40 44 25 43 1
Coste: 52926

GENERACION: 393
Mejor Solucion:  47 10 29 42 16 30 39 36 22 13 26 8 11 9 14 23 4 32 37 46 6 18 31 49 33 41 20 2 15 0 7 24 28 17 21 38 35 3 12 5 48 45 19 27 34 40 44 25 43 1
Coste: 52926

GENERACION: 394
Mejor Solucion:  47 10 29 42 16 30 39 36 22 13 26 8 11 9 14 23 4 32 37 46 6 18 31 49 33 41 20 2 15 0 7 24 28 17 21 38 35 3 12 5 48 45 19 27 34 40 44 25 43 1
Coste: 52926

GENERACION: 395
Mejor Solucion:  47 10 29 42 16 30 39 36 22 13 26 8 11 9 14 23 4 32 37 46 6 18 31 49 33 41 20 2 15 0 7 24 28 17 21 38 35 3 12 5 48 45 19 27 34 40 44 25 43 1
Coste: 52926

GENERACION: 396
Mejor Solucion:  47 10 29 42 16 30 39 36 22 13 26 8 11 9 14 23 4 32 37 46 6 18 31 49 33 41 20 2 15 0 7 24 28 17 21 38 35 3 12 5 48 45 19 27 34 40 44 25 43 1
Coste: 52926

GENERACION: 397
Mejor Solucion:  47 10 29 42 16 30 39 36 22 13 26 8 11 9 14 23 4 32 37 46 6 18 31 49 33 41 20 2 15 0 7 24 28 17 21 38 35 3 12 5 48 45 19 27 34 40 44 25 43 1
Coste: 52926

GENERACION: 398
Mejor Solucion:  47 10 29 42 16 30 39 36 22 13 26 8 11 9 14 23 4 32 37 46 6 18 31 49 33 41 20 2 15 0 7 24 28 17 21 38 35 3 12 5 48 45 19 27 34 40 44 25 43 1
Coste: 52926

GENERACION: 399
Mejor Solucion:  47 10 29 42 16 30 39 36 22 13 26 8 11 9 14 23 4 32 37 46 6 18 31 49 33 41 20 2 15 0 7 24 28 17 21 38 35 3 12 5 48 45 19 27 34 40 44 25 43 1
Coste: 52926

GENERACION: 400
Mejor Solucion:  47 10 29 42 16 30 39 36 22 13 26 8 11 9 14 23 4 32 37 46 6 18 31 49 33 41 20 2 15 0 7 24 28 17 21 38 35 3 12 5 48 45 19 27 34 40 44 25 43 1
Coste: 52926

GENERACION: 401
Mejor Solucion:  47 10 29 42 16 30 39 36 22 13 26 8 11 9 14 23 4 32 37 46 6 18 31 49 33 41 20 2 15 0 7 24 28 17 21 38 35 3 12 5 48 45 19 27 34 40 44 25 43 1
Coste: 52926

GENERACION: 402
Mejor Solucion:  47 10 29 42 16 30 39 36 22 13 26 8 11 9 14 23 4 32 37 46 6 18 31 49 33 41 20 2 15 0 7 24 28 17 21 38 35 3 12 5 48 45 19 27 34 40 44 25 43 1
Coste: 52926

GENERACION: 403
Mejor Solucion:  47 10 29 42 16 30 39 36 22 13 26 8 11 9 14 23 4 32 37 46 6 18 31 49 33 41 20 2 15 0 7 24 28 17 21 38 35 3 12 5 48 45 19 27 34 40 44 25 43 1
Coste: 52926

GENERACION: 404
Mejor Solucion:  47 10 29 42 16 30 39 36 22 13 26 8 11 9 14 23 4 32 37 46 6 18 31 49 33 41 20 2 15 0 7 24 28 17 21 38 35 3 12 5 48 45 19 27 34 40 44 25 43 1
Coste: 52926

GENERACION: 405
Mejor Solucion:  47 10 29 42 16 30 39 36 22 13 26 8 11 9 14 23 4 32 37 46 6 18 31 49 33 41 20 2 15 0 7 24 28 17 21 38 35 3 12 5 48 45 19 27 34 40 44 25 43 1
Coste: 52926

GENERACION: 406
Mejor Solucion:  47 10 29 42 16 30 39 36 22 13 26 8 11 9 14 23 4 32 37 46 6 18 31 49 33 41 20 2 15 0 7 24 28 17 21 38 35 3 12 5 48 45 19 27 34 40 44 25 43 1
Coste: 52926

GENERACION: 407
Mejor Solucion:  47 10 29 42 16 30 39 36 22 13 26 8 11 9 14 23 4 32 37 46 6 18 31 49 33 41 20 2 15 0 7 24 28 17 21 38 35 3 12 5 48 45 19 27 34 40 44 25 43 1
Coste: 52926

GENERACION: 408
Mejor Solucion:  47 10 29 42 16 30 39 36 22 13 26 8 11 9 14 23 4 32 37 46 6 18 31 49 33 41 20 2 15 0 7 24 28 17 21 38 35 3 12 5 48 45 19 27 34 40 44 25 43 1
Coste: 52926

GENERACION: 409
Mejor Solucion:  47 10 29 42 16 30 39 36 22 13 26 8 11 9 14 23 4 32 37 46 6 18 31 49 33 41 20 2 15 0 7 24 28 17 21 38 35 3 12 5 48 45 19 27 34 40 44 25 43 1
Coste: 52926

