GENERACION: 1
Mejor Solucion:  107 93 1 126 106 83 120 81 111 116 65 39 67 73 33 94 87 3 43 34 32 54 99 84 24 74 108 72 109 44 63 121 13 105 40 125 71 117 48 11 23 28 102 114 115 53 88 38 79 69 47 45 76 62 89 17 113 124 5 2 35 31 75 21 80 118 8 42 91 25 122 97 98 123 95 15 85 66 127 86 101 49 110 19 77 9 82 6 50 70 0 60 26 4 36 112 41 52 96 30 46 51 7 92 64 59 119 27 16 29 10 68 78 14 58 56 103 22 12 57 55 18 20 61 37 100 104 90
Coste: 258

GENERACION: 2
Mejor Solucion:  107 93 1 126 106 83 120 81 111 116 65 39 67 73 33 94 87 3 43 34 32 54 99 84 24 74 108 72 109 44 63 121 13 105 40 125 71 117 48 11 23 28 102 114 115 53 88 38 79 69 47 45 76 62 89 17 113 124 5 2 35 31 75 21 80 118 8 42 91 25 122 97 98 123 95 15 85 66 127 86 101 49 110 19 77 9 82 6 50 70 0 60 26 4 36 112 41 52 96 30 46 51 7 92 64 59 119 27 16 29 10 68 78 14 58 56 103 22 12 57 55 18 20 61 37 100 104 90
Coste: 258

GENERACION: 3
Mejor Solucion:  107 93 1 126 106 83 120 81 111 116 65 39 67 73 33 94 87 3 43 34 32 54 99 84 24 74 108 72 109 44 63 121 13 105 40 125 71 117 48 11 23 28 102 114 115 53 88 38 79 69 47 45 76 62 89 17 113 124 5 2 35 31 75 21 80 118 8 42 91 25 122 97 98 123 95 15 85 66 127 86 101 49 110 19 77 9 82 6 50 70 0 60 26 4 36 112 41 52 96 30 46 51 7 92 64 59 119 27 16 29 10 68 78 14 58 56 103 22 12 57 55 18 20 61 37 100 104 90
Coste: 258

GENERACION: 4
Mejor Solucion:  107 93 1 126 106 83 120 81 111 116 65 39 67 73 33 94 87 3 43 34 32 54 99 84 24 74 108 72 109 44 63 121 13 105 40 125 71 117 48 11 23 28 102 114 115 53 88 38 79 69 47 45 76 62 89 17 113 124 5 2 35 31 75 21 80 118 8 42 91 25 122 97 98 123 95 15 85 66 127 86 101 49 110 19 77 9 82 6 50 70 0 60 26 4 36 112 41 52 96 30 46 51 7 92 64 59 119 27 16 29 10 68 78 14 58 56 103 22 12 57 55 18 20 61 37 100 104 90
Coste: 258

GENERACION: 5
Mejor Solucion:  107 93 1 126 106 83 120 81 111 116 65 39 67 73 33 94 87 3 43 34 32 54 99 84 24 74 108 72 109 44 63 121 13 105 40 125 71 117 48 11 23 28 102 114 115 53 88 38 79 69 47 45 76 62 89 17 113 124 5 2 35 31 75 21 80 118 8 42 91 25 122 97 98 123 95 15 85 66 127 86 101 49 110 19 77 9 82 6 50 70 0 60 26 4 36 112 41 52 96 30 46 51 7 92 64 59 119 27 16 29 10 68 78 14 58 56 103 22 12 57 55 18 20 61 37 100 104 90
Coste: 258

GENERACION: 6
Mejor Solucion:  107 93 1 126 106 83 120 81 111 116 65 39 67 73 33 94 87 3 43 34 32 54 99 84 24 74 108 72 109 44 63 121 13 105 40 125 71 117 48 11 23 28 102 114 115 53 88 38 79 69 47 45 76 62 89 17 113 124 5 2 35 31 75 21 80 118 8 42 91 25 122 97 98 123 95 15 85 66 127 86 101 49 110 19 77 9 82 6 50 70 0 60 26 4 36 112 41 52 96 30 46 51 7 92 64 59 119 27 16 29 10 68 78 14 58 56 103 22 12 57 55 18 20 61 37 100 104 90
Coste: 258

GENERACION: 7
Mejor Solucion:  107 93 1 126 106 83 120 81 111 116 65 39 67 73 33 94 87 3 43 34 32 54 99 84 24 74 108 72 109 44 63 121 13 105 40 125 71 117 48 11 23 28 102 114 115 53 88 38 79 69 47 45 76 62 89 17 113 124 5 2 35 31 75 21 80 118 8 42 91 25 122 97 98 123 95 15 85 66 127 86 101 49 110 19 77 9 82 6 50 70 0 60 26 4 36 112 41 52 96 30 46 51 7 92 64 59 119 27 16 29 10 68 78 14 58 56 103 22 12 57 55 18 20 61 37 100 104 90
Coste: 258

GENERACION: 8
Mejor Solucion:  107 93 1 126 106 83 120 81 111 116 65 39 67 73 33 94 87 3 43 34 32 54 99 84 24 74 108 72 109 44 63 121 13 105 40 125 71 117 48 11 23 28 102 114 115 53 88 38 79 69 47 45 76 62 89 17 113 124 5 2 35 31 75 21 80 118 8 42 91 25 122 97 98 123 95 15 85 66 127 86 101 49 110 19 77 9 82 6 50 70 0 60 26 4 36 112 41 52 96 30 46 51 7 92 64 59 119 27 16 29 10 68 78 14 58 56 103 22 12 57 55 18 20 61 37 100 104 90
Coste: 258

GENERACION: 9
Mejor Solucion:  107 93 1 126 106 83 120 81 111 116 65 39 67 73 33 94 87 3 43 34 32 54 99 84 24 74 108 72 109 44 63 121 13 105 40 125 71 117 48 11 23 28 102 114 115 53 88 38 79 69 47 45 76 62 89 17 113 124 5 2 35 31 75 21 80 118 8 42 91 25 122 97 98 123 95 15 85 66 127 86 101 49 110 19 77 9 82 6 50 70 0 60 26 4 36 112 41 52 96 30 46 51 7 92 64 59 119 27 16 29 10 68 78 14 58 56 103 22 12 57 55 18 20 61 37 100 104 90
Coste: 258

GENERACION: 10
Mejor Solucion:  107 93 1 126 106 83 120 81 111 116 65 39 67 73 33 94 87 3 43 34 32 54 99 84 24 74 108 72 109 44 63 121 13 105 40 125 71 117 48 11 23 28 102 114 115 53 88 38 79 69 47 45 76 62 89 17 113 124 5 2 35 31 75 21 80 118 8 42 91 25 122 97 98 123 95 15 85 66 127 86 101 49 110 19 77 9 82 6 50 70 0 60 26 4 36 112 41 52 96 30 46 51 7 92 64 59 119 27 16 29 10 68 78 14 58 56 103 22 12 57 55 18 20 61 37 100 104 90
Coste: 258

GENERACION: 11
Mejor Solucion:  107 93 1 126 106 83 120 81 111 116 65 39 67 73 33 94 87 3 43 34 32 54 99 84 24 74 108 72 109 44 63 121 13 105 40 125 71 117 48 11 23 28 102 114 115 53 88 38 79 69 47 45 76 62 89 17 113 124 5 2 35 31 75 21 80 118 8 42 91 25 122 97 98 123 95 15 85 66 127 86 101 49 110 19 77 9 82 6 50 70 0 60 26 4 36 112 41 52 96 30 46 51 7 92 64 59 119 27 16 29 10 68 78 14 58 56 103 22 12 57 55 18 20 61 37 100 104 90
Coste: 258

GENERACION: 12
Mejor Solucion:  107 93 1 126 106 83 120 81 111 116 65 39 67 73 33 94 87 3 43 34 32 54 99 84 24 74 108 72 109 44 63 121 13 105 40 125 71 117 48 11 23 28 102 114 115 53 88 38 79 69 47 45 76 62 89 17 113 124 5 2 35 31 75 21 80 118 8 42 91 25 122 97 98 123 95 15 85 66 127 86 101 49 110 19 77 9 82 6 50 70 0 60 26 4 36 112 41 52 96 30 46 51 7 92 64 59 119 27 16 29 10 68 78 14 58 56 103 22 12 57 55 18 20 61 37 100 104 90
Coste: 258

GENERACION: 13
Mejor Solucion:  107 93 1 126 106 83 120 81 111 116 65 39 67 73 33 94 87 3 43 34 32 54 99 84 24 74 108 72 109 44 63 121 13 105 40 125 71 117 48 11 23 28 102 114 115 53 88 38 79 69 47 45 76 62 89 17 113 124 5 2 35 31 75 21 80 118 8 42 91 25 122 97 98 123 95 15 85 66 127 86 101 49 110 19 77 9 82 6 50 70 0 60 26 4 36 112 41 52 96 30 46 51 7 92 64 59 119 27 16 29 10 68 78 14 58 56 103 22 12 57 55 18 20 61 37 100 104 90
Coste: 258

GENERACION: 14
Mejor Solucion:  107 93 1 126 106 83 120 81 111 116 65 39 67 73 33 94 87 3 43 34 32 54 99 84 24 74 108 72 109 44 63 121 13 105 40 125 71 117 48 11 23 28 102 114 115 53 88 38 79 69 47 45 76 62 89 17 113 124 5 2 35 31 75 21 80 118 8 42 91 25 122 97 98 123 95 15 85 66 127 86 101 49 110 19 77 9 82 6 50 70 0 60 26 4 36 112 41 52 96 30 46 51 7 92 64 59 119 27 16 29 10 68 78 14 58 56 103 22 12 57 55 18 20 61 37 100 104 90
Coste: 258

GENERACION: 15
Mejor Solucion:  107 93 1 126 106 83 120 81 111 116 65 39 67 73 33 94 87 3 43 34 32 54 99 84 24 74 108 72 109 44 63 121 13 105 40 125 71 117 48 11 23 28 102 114 115 53 88 38 79 69 47 45 76 62 89 17 113 124 5 2 35 31 75 21 80 118 8 42 91 25 122 97 98 123 95 15 85 66 127 86 101 49 110 19 77 9 82 6 50 70 0 60 26 4 36 112 41 52 96 30 46 51 7 92 64 59 119 27 16 29 10 68 78 14 58 56 103 22 12 57 55 18 20 61 37 100 104 90
Coste: 258

GENERACION: 16
Mejor Solucion:  107 93 1 126 106 83 120 81 111 116 65 39 67 73 33 94 87 3 43 34 32 54 99 84 24 74 108 72 109 44 63 121 13 105 40 125 71 117 48 11 23 28 102 114 115 53 88 38 79 69 47 45 76 62 89 17 113 124 5 2 35 31 75 21 80 118 8 42 91 25 122 97 98 123 95 15 85 66 127 86 101 49 110 19 77 9 82 6 50 70 0 60 26 4 36 112 41 52 96 30 46 51 7 92 64 59 119 27 16 29 10 68 78 14 58 56 103 22 12 57 55 18 20 61 37 100 104 90
Coste: 258

GENERACION: 17
Mejor Solucion:  107 93 1 126 106 83 120 81 111 116 65 39 67 73 33 94 87 3 43 34 32 54 99 84 24 74 108 72 109 44 63 121 13 105 40 125 71 117 48 11 23 28 102 114 115 53 88 38 79 69 47 45 76 62 89 17 113 124 5 2 35 31 75 21 80 118 8 42 91 25 122 97 98 123 95 15 85 66 127 86 101 49 110 19 77 9 82 6 50 70 0 60 26 4 36 112 41 52 96 30 46 51 7 92 64 59 119 27 16 29 10 68 78 14 58 56 103 22 12 57 55 18 20 61 37 100 104 90
Coste: 258

GENERACION: 18
Mejor Solucion:  107 93 1 126 106 83 120 81 111 116 65 39 67 73 33 94 87 3 43 34 32 54 99 84 24 74 108 72 109 44 63 121 13 105 40 125 71 117 48 11 23 28 102 114 115 53 88 38 79 69 47 45 76 62 89 17 113 124 5 2 35 31 75 21 80 118 8 42 91 25 122 97 98 123 95 15 85 66 127 86 101 49 110 19 77 9 82 6 50 70 0 60 26 4 36 112 41 52 96 30 46 51 7 92 64 59 119 27 16 29 10 68 78 14 58 56 103 22 12 57 55 18 20 61 37 100 104 90
Coste: 258

GENERACION: 19
Mejor Solucion:  107 93 1 126 106 83 120 81 111 116 65 39 67 73 33 94 87 3 43 34 32 54 99 84 24 74 108 72 109 44 63 121 13 105 40 125 71 117 48 11 23 28 102 114 115 53 88 38 79 69 47 45 76 62 89 17 113 124 5 2 35 31 75 21 80 118 8 42 91 25 122 97 98 123 95 15 85 66 127 86 101 49 110 19 77 9 82 6 50 70 0 60 26 4 36 112 41 52 96 30 46 51 7 92 64 59 119 27 16 29 10 68 78 14 58 56 103 22 12 57 55 18 20 61 37 100 104 90
Coste: 258

GENERACION: 20
Mejor Solucion:  107 93 1 126 106 83 120 81 111 116 65 39 67 73 33 94 87 3 43 34 32 54 99 84 24 74 108 72 109 44 63 121 13 105 40 125 71 117 48 11 23 28 102 114 115 53 88 38 79 69 47 45 76 62 89 17 113 124 5 2 35 31 75 21 80 118 8 42 91 25 122 97 98 123 95 15 85 66 127 86 101 49 110 19 77 9 82 6 50 70 0 60 26 4 36 112 41 52 96 30 46 51 7 92 64 59 119 27 16 29 10 68 78 14 58 56 103 22 12 57 55 18 20 61 37 100 104 90
Coste: 258

GENERACION: 21
Mejor Solucion:  107 93 1 126 106 83 120 81 111 116 65 39 67 73 33 94 87 3 43 34 32 54 99 84 24 74 108 72 109 44 63 121 13 105 40 125 71 117 48 11 23 28 102 114 115 53 88 38 79 69 47 45 76 62 89 17 113 124 5 2 35 31 75 21 80 118 8 42 91 25 122 97 98 123 95 15 85 66 127 86 101 49 110 19 77 9 82 6 50 70 0 60 26 4 36 112 41 52 96 30 46 51 7 92 64 59 119 27 16 29 10 68 78 14 58 56 103 22 12 57 55 18 20 61 37 100 104 90
Coste: 258

GENERACION: 22
Mejor Solucion:  107 93 1 126 106 83 120 81 111 116 65 39 67 73 33 94 87 3 43 34 32 54 99 84 24 74 108 72 109 44 63 121 13 105 40 125 71 117 48 11 23 28 102 114 115 53 88 38 79 69 47 45 76 62 89 17 113 124 5 2 35 31 75 21 80 118 8 42 91 25 122 97 98 123 95 15 85 66 127 86 101 49 110 19 77 9 82 6 50 70 0 60 26 4 36 112 41 52 96 30 46 51 7 92 64 59 119 27 16 29 10 68 78 14 58 56 103 22 12 57 55 18 20 61 37 100 104 90
Coste: 258

GENERACION: 23
Mejor Solucion:  107 93 1 126 106 83 120 81 111 116 65 39 67 73 33 94 87 3 43 34 32 54 99 84 24 74 108 72 109 44 63 121 13 105 40 125 71 117 48 11 23 28 102 114 115 53 88 38 79 69 47 45 76 62 89 17 113 124 5 2 35 31 75 21 80 118 8 42 91 25 122 97 98 123 95 15 85 66 127 86 101 49 110 19 77 9 82 6 50 70 0 60 26 4 36 112 41 52 96 30 46 51 7 92 64 59 119 27 16 29 10 68 78 14 58 56 103 22 12 57 55 18 20 61 37 100 104 90
Coste: 258

GENERACION: 24
Mejor Solucion:  107 93 1 126 106 83 120 81 111 116 65 39 67 73 33 94 87 3 43 34 32 54 99 84 24 74 108 72 109 44 63 121 13 105 40 125 71 117 48 11 23 28 102 114 115 53 88 38 79 69 47 45 76 62 89 17 113 124 5 2 35 31 75 21 80 118 8 42 91 25 122 97 98 123 95 15 85 66 127 86 101 49 110 19 77 9 82 6 50 70 0 60 26 4 36 112 41 52 96 30 46 51 7 92 64 59 119 27 16 29 10 68 78 14 58 56 103 22 12 57 55 18 20 61 37 100 104 90
Coste: 258

GENERACION: 25
Mejor Solucion:  107 93 1 126 106 83 120 81 111 116 65 39 67 73 33 94 87 3 43 34 32 54 99 84 24 74 108 72 109 44 63 121 13 105 40 125 71 117 48 11 23 28 102 114 115 53 88 38 79 69 47 45 76 62 89 17 113 124 5 2 35 31 75 21 80 118 8 42 91 25 122 97 98 123 95 15 85 66 127 86 101 49 110 19 77 9 82 6 50 70 0 60 26 4 36 112 41 52 96 30 46 51 7 92 64 59 119 27 16 29 10 68 78 14 58 56 103 22 12 57 55 18 20 61 37 100 104 90
Coste: 258

GENERACION: 26
Mejor Solucion:  107 93 1 126 106 83 120 81 111 116 65 39 67 73 33 94 87 3 43 34 32 54 99 84 24 74 108 72 109 44 63 121 13 105 40 125 71 117 48 11 23 28 102 114 115 53 88 38 79 69 47 45 76 62 89 17 113 124 5 2 35 31 75 21 80 118 8 42 91 25 122 97 98 123 95 15 85 66 127 86 101 49 110 19 77 9 82 6 50 70 0 60 26 4 36 112 41 52 96 30 46 51 7 92 64 59 119 27 16 29 10 68 78 14 58 56 103 22 12 57 55 18 20 61 37 100 104 90
Coste: 258

GENERACION: 27
Mejor Solucion:  107 93 1 126 106 83 120 81 111 116 65 39 67 73 33 94 87 3 43 34 32 54 99 84 24 74 108 72 109 44 63 121 13 105 40 125 71 117 48 11 23 28 102 114 115 53 88 38 79 69 47 45 76 62 89 17 113 124 5 2 35 31 75 21 80 118 8 42 91 25 122 97 98 123 95 15 85 66 127 86 101 49 110 19 77 9 82 6 50 70 0 60 26 4 36 112 41 52 96 30 46 51 7 92 64 59 119 27 16 29 10 68 78 14 58 56 103 22 12 57 55 18 20 61 37 100 104 90
Coste: 258

GENERACION: 28
Mejor Solucion:  107 93 1 126 106 83 120 81 111 116 65 39 67 73 33 94 87 3 43 34 32 54 99 84 24 74 108 72 109 44 63 121 13 105 40 125 71 117 48 11 23 28 102 114 115 53 88 38 79 69 47 45 76 62 89 17 113 124 5 2 35 31 75 21 80 118 8 42 91 25 122 97 98 123 95 15 85 66 127 86 101 49 110 19 77 9 82 6 50 70 0 60 26 4 36 112 41 52 96 30 46 51 7 92 64 59 119 27 16 29 10 68 78 14 58 56 103 22 12 57 55 18 20 61 37 100 104 90
Coste: 258

GENERACION: 29
Mejor Solucion:  107 93 1 126 106 83 120 81 111 116 65 39 67 73 33 94 87 3 43 34 32 54 99 84 24 74 108 72 109 44 63 121 13 105 40 125 71 117 48 11 23 28 102 114 115 53 88 38 79 69 47 45 76 62 89 17 113 124 5 2 35 31 75 21 80 118 8 42 91 25 122 97 98 123 95 15 85 66 127 86 101 49 110 19 77 9 82 6 50 70 0 60 26 4 36 112 41 52 96 30 46 51 7 92 64 59 119 27 16 29 10 68 78 14 58 56 103 22 12 57 55 18 20 61 37 100 104 90
Coste: 258

GENERACION: 30
Mejor Solucion:  107 93 1 126 106 83 120 81 111 116 65 39 67 73 33 94 87 3 43 34 32 54 99 84 24 74 108 72 109 44 63 121 13 105 40 125 71 117 48 11 23 28 102 114 115 53 88 38 79 69 47 45 76 62 89 17 113 124 5 2 35 31 75 21 80 118 8 42 91 25 122 97 98 123 95 15 85 66 127 86 101 49 110 19 77 9 82 6 50 70 0 60 26 4 36 112 41 52 96 30 46 51 7 92 64 59 119 27 16 29 10 68 78 14 58 56 103 22 12 57 55 18 20 61 37 100 104 90
Coste: 258

GENERACION: 31
Mejor Solucion:  107 93 1 126 106 83 120 81 111 116 65 39 67 73 33 94 87 3 43 34 32 54 99 84 24 74 108 72 109 44 63 121 13 105 40 125 71 117 48 11 23 28 102 114 115 53 88 38 79 69 47 45 76 62 89 17 113 124 5 2 35 31 75 21 80 118 8 42 91 25 122 97 98 123 95 15 85 66 127 86 101 49 110 19 77 9 82 6 50 70 0 60 26 4 36 112 41 52 96 30 46 51 7 92 64 59 119 27 16 29 10 68 78 14 58 56 103 22 12 57 55 18 20 61 37 100 104 90
Coste: 258

GENERACION: 32
Mejor Solucion:  107 93 1 126 106 83 120 81 111 116 65 39 67 73 33 94 87 3 43 34 32 54 99 84 24 74 108 72 109 44 63 121 13 105 40 125 71 117 48 11 23 28 102 114 115 53 88 38 79 69 47 45 76 62 89 17 113 124 5 2 35 31 75 21 80 118 8 42 91 25 122 97 98 123 95 15 85 66 127 86 101 49 110 19 77 9 82 6 50 70 0 60 26 4 36 112 41 52 96 30 46 51 7 92 64 59 119 27 16 29 10 68 78 14 58 56 103 22 12 57 55 18 20 61 37 100 104 90
Coste: 258

GENERACION: 33
Mejor Solucion:  107 93 1 126 106 83 120 81 111 116 65 39 67 73 33 94 87 3 43 34 32 54 99 84 24 74 108 72 109 44 63 121 13 105 40 125 71 117 48 11 23 28 102 114 115 53 88 38 79 69 47 45 76 62 89 17 113 124 5 2 35 31 75 21 80 118 8 42 91 25 122 97 98 123 95 15 85 66 127 86 101 49 110 19 77 9 82 6 50 70 0 60 26 4 36 112 41 52 96 30 46 51 7 92 64 59 119 27 16 29 10 68 78 14 58 56 103 22 12 57 55 18 20 61 37 100 104 90
Coste: 258

GENERACION: 34
Mejor Solucion:  107 93 1 126 106 83 120 81 111 116 65 39 67 73 33 94 87 3 43 34 32 54 99 84 24 74 108 72 109 44 63 121 13 105 40 125 71 117 48 11 23 28 102 114 115 53 88 38 79 69 47 45 76 62 89 17 113 124 5 2 35 31 75 21 80 118 8 42 91 25 122 97 98 123 95 15 85 66 127 86 101 49 110 19 77 9 82 6 50 70 0 60 26 4 36 112 41 52 96 30 46 51 7 92 64 59 119 27 16 29 10 68 78 14 58 56 103 22 12 57 55 18 20 61 37 100 104 90
Coste: 258

GENERACION: 35
Mejor Solucion:  107 93 1 126 106 83 120 81 111 116 65 39 67 73 33 94 87 3 43 34 32 54 99 84 24 74 108 72 109 44 63 121 13 105 40 125 71 117 48 11 23 28 102 114 115 53 88 38 79 69 47 45 76 62 89 17 113 124 5 2 35 31 75 21 80 118 8 42 91 25 122 97 98 123 95 15 85 66 127 86 101 49 110 19 77 9 82 6 50 70 0 60 26 4 36 112 41 52 96 30 46 51 7 92 64 59 119 27 16 29 10 68 78 14 58 56 103 22 12 57 55 18 20 61 37 100 104 90
Coste: 258

GENERACION: 36
Mejor Solucion:  107 93 1 126 106 83 120 81 111 116 65 39 67 73 33 94 87 3 43 34 32 54 99 84 24 74 108 72 109 44 63 121 13 105 40 125 71 117 48 11 23 28 102 114 115 53 88 38 79 69 47 45 76 62 89 17 113 124 5 2 35 31 75 21 80 118 8 42 91 25 122 97 98 123 95 15 85 66 127 86 101 49 110 19 77 9 82 6 50 70 0 60 26 4 36 112 41 52 96 30 46 51 7 92 64 59 119 27 16 29 10 68 78 14 58 56 103 22 12 57 55 18 20 61 37 100 104 90
Coste: 258

GENERACION: 37
Mejor Solucion:  107 93 1 126 106 83 120 81 111 116 65 39 67 73 33 94 87 3 43 34 32 54 99 84 24 74 108 72 109 44 63 121 13 105 40 125 71 117 48 11 23 28 102 114 115 53 88 38 79 69 47 45 76 62 89 17 113 124 5 2 35 31 75 21 80 118 8 42 91 25 122 97 98 123 95 15 85 66 127 86 101 49 110 19 77 9 82 6 50 70 0 60 26 4 36 112 41 52 96 30 46 51 7 92 64 59 119 27 16 29 10 68 78 14 58 56 103 22 12 57 55 18 20 61 37 100 104 90
Coste: 258

GENERACION: 38
Mejor Solucion:  107 93 1 126 106 83 120 81 111 116 65 39 67 73 33 94 87 3 43 34 32 54 99 84 24 74 108 72 109 44 63 121 13 105 40 125 71 117 48 11 23 28 102 114 115 53 88 38 79 69 47 45 76 62 89 17 113 124 5 2 35 31 75 21 80 118 8 42 91 25 122 97 98 123 95 15 85 66 127 86 101 49 110 19 77 9 82 6 50 70 0 60 26 4 36 112 41 52 96 30 46 51 7 92 64 59 119 27 16 29 10 68 78 14 58 56 103 22 12 57 55 18 20 61 37 100 104 90
Coste: 258

GENERACION: 39
Mejor Solucion:  107 93 1 126 106 83 120 81 111 116 65 39 67 73 33 94 87 3 43 34 32 54 99 84 24 74 108 72 109 44 63 121 13 105 40 125 71 117 48 11 23 28 102 114 115 53 88 38 79 69 47 45 76 62 89 17 113 124 5 2 35 31 75 21 80 118 8 42 91 25 122 97 98 123 95 15 85 66 127 86 101 49 110 19 77 9 82 6 50 70 0 60 26 4 36 112 41 52 96 30 46 51 7 92 64 59 119 27 16 29 10 68 78 14 58 56 103 22 12 57 55 18 20 61 37 100 104 90
Coste: 258

GENERACION: 40
Mejor Solucion:  107 93 1 126 106 83 120 81 111 116 65 39 67 73 33 94 87 3 43 34 32 54 99 84 24 74 108 72 109 44 63 121 13 105 40 125 71 117 48 11 23 28 102 114 115 53 88 38 79 69 47 45 76 62 89 17 113 124 5 2 35 31 75 21 80 118 8 42 91 25 122 97 98 123 95 15 85 66 127 86 101 49 110 19 77 9 82 6 50 70 0 60 26 4 36 112 41 52 96 30 46 51 7 92 64 59 119 27 16 29 10 68 78 14 58 56 103 22 12 57 55 18 20 61 37 100 104 90
Coste: 258

GENERACION: 41
Mejor Solucion:  107 93 1 126 106 83 120 81 111 116 65 39 67 73 33 94 87 3 43 34 32 54 99 84 24 74 108 72 109 44 63 121 13 105 40 125 71 117 48 11 23 28 102 114 115 53 88 38 79 69 47 45 76 62 89 17 113 124 5 2 35 31 75 21 80 118 8 42 91 25 122 97 98 123 95 15 85 66 127 86 101 49 110 19 77 9 82 6 50 70 0 60 26 4 36 112 41 52 96 30 46 51 7 92 64 59 119 27 16 29 10 68 78 14 58 56 103 22 12 57 55 18 20 61 37 100 104 90
Coste: 258

GENERACION: 42
Mejor Solucion:  107 93 1 126 106 83 120 81 111 116 65 39 67 73 33 94 87 3 43 34 32 54 99 84 24 74 108 72 109 44 63 121 13 105 40 125 71 117 48 11 23 28 102 114 115 53 88 38 79 69 47 45 76 62 89 17 113 124 5 2 35 31 75 21 80 118 8 42 91 25 122 97 98 123 95 15 85 66 127 86 101 49 110 19 77 9 82 6 50 70 0 60 26 4 36 112 41 52 96 30 46 51 7 92 64 59 119 27 16 29 10 68 78 14 58 56 103 22 12 57 55 18 20 61 37 100 104 90
Coste: 258

GENERACION: 43
Mejor Solucion:  107 93 1 126 106 83 120 81 111 116 65 39 67 73 33 94 87 3 43 34 32 54 99 84 24 74 108 72 109 44 63 121 13 105 40 125 71 117 48 11 23 28 102 114 115 53 88 38 79 69 47 45 76 62 89 17 113 124 5 2 35 31 75 21 80 118 8 42 91 25 122 97 98 123 95 15 85 66 127 86 101 49 110 19 77 9 82 6 50 70 0 60 26 4 36 112 41 52 96 30 46 51 7 92 64 59 119 27 16 29 10 68 78 14 58 56 103 22 12 57 55 18 20 61 37 100 104 90
Coste: 258

GENERACION: 44
Mejor Solucion:  107 93 1 126 106 83 120 81 111 116 65 39 67 73 33 94 87 3 43 34 32 54 99 84 24 74 108 72 109 44 63 121 13 105 40 125 71 117 48 11 23 28 102 114 115 53 88 38 79 69 47 45 76 62 89 17 113 124 5 2 35 31 75 21 80 118 8 42 91 25 122 97 98 123 95 15 85 66 127 86 101 49 110 19 77 9 82 6 50 70 0 60 26 4 36 112 41 52 96 30 46 51 7 92 64 59 119 27 16 29 10 68 78 14 58 56 103 22 12 57 55 18 20 61 37 100 104 90
Coste: 258

GENERACION: 45
Mejor Solucion:  107 93 1 126 106 83 120 81 111 116 65 39 67 73 33 94 87 3 43 34 32 54 99 84 24 74 108 72 109 44 63 121 13 105 40 125 71 117 48 11 23 28 102 114 115 53 88 38 79 69 47 45 76 62 89 17 113 124 5 2 35 31 75 21 80 118 8 42 91 25 122 97 98 123 95 15 85 66 127 86 101 49 110 19 77 9 82 6 50 70 0 60 26 4 36 112 41 52 96 30 46 51 7 92 64 59 119 27 16 29 10 68 78 14 58 56 103 22 12 57 55 18 20 61 37 100 104 90
Coste: 258

GENERACION: 46
Mejor Solucion:  107 93 1 126 106 83 120 81 111 116 65 39 67 73 33 94 87 3 43 34 32 54 99 84 24 74 108 72 109 44 63 121 13 105 40 125 71 117 48 11 23 28 102 114 115 53 88 38 79 69 47 45 76 62 89 17 113 124 5 2 35 31 75 21 80 118 8 42 91 25 122 97 98 123 95 15 85 66 127 86 101 49 110 19 77 9 82 6 50 70 0 60 26 4 36 112 41 52 96 30 46 51 7 92 64 59 119 27 16 29 10 68 78 14 58 56 103 22 12 57 55 18 20 61 37 100 104 90
Coste: 258

GENERACION: 47
Mejor Solucion:  107 93 1 126 106 83 120 81 111 116 65 39 67 73 33 94 87 3 43 34 32 54 99 84 24 74 108 72 109 44 63 121 13 105 40 125 71 117 48 11 23 28 102 114 115 53 88 38 79 69 47 45 76 62 89 17 113 124 5 2 35 31 75 21 80 118 8 42 91 25 122 97 98 123 95 15 85 66 127 86 101 49 110 19 77 9 82 6 50 70 0 60 26 4 36 112 41 52 96 30 46 51 7 92 64 59 119 27 16 29 10 68 78 14 58 56 103 22 12 57 55 18 20 61 37 100 104 90
Coste: 258

GENERACION: 48
Mejor Solucion:  107 93 1 126 106 83 120 81 111 116 65 39 67 73 33 94 87 3 43 34 32 54 99 84 24 74 108 72 109 44 63 121 13 105 40 125 71 117 48 11 23 28 102 114 115 53 88 38 79 69 47 45 76 62 89 17 113 124 5 2 35 31 75 21 80 118 8 42 91 25 122 97 98 123 95 15 85 66 127 86 101 49 110 19 77 9 82 6 50 70 0 60 26 4 36 112 41 52 96 30 46 51 7 92 64 59 119 27 16 29 10 68 78 14 58 56 103 22 12 57 55 18 20 61 37 100 104 90
Coste: 258

GENERACION: 49
Mejor Solucion:  107 93 1 126 106 83 120 81 111 116 65 39 67 73 33 94 87 3 43 34 32 54 99 84 24 74 108 72 109 44 63 121 13 105 40 125 71 117 48 11 23 28 102 114 115 53 88 38 79 69 47 45 76 62 89 17 113 124 5 2 35 31 75 21 80 118 8 42 91 25 122 97 98 123 95 15 85 66 127 86 101 49 110 19 77 9 82 6 50 70 0 60 26 4 36 112 41 52 96 30 46 51 7 92 64 59 119 27 16 29 10 68 78 14 58 56 103 22 12 57 55 18 20 61 37 100 104 90
Coste: 258

GENERACION: 50
Mejor Solucion:  107 93 1 126 106 83 120 81 111 116 65 39 67 73 33 94 87 3 43 34 32 54 99 84 24 74 108 72 109 44 63 121 13 105 40 125 71 117 48 11 23 28 102 114 115 53 88 38 79 69 47 45 76 62 89 17 113 124 5 2 35 31 75 21 80 118 8 42 91 25 122 97 98 123 95 15 85 66 127 86 101 49 110 19 77 9 82 6 50 70 0 60 26 4 36 112 41 52 96 30 46 51 7 92 64 59 119 27 16 29 10 68 78 14 58 56 103 22 12 57 55 18 20 61 37 100 104 90
Coste: 258

GENERACION: 51
Mejor Solucion:  107 93 1 126 106 83 120 81 111 116 65 39 67 73 33 94 87 3 43 34 32 54 99 84 24 74 108 72 109 44 63 121 13 105 40 125 71 117 48 11 23 28 102 114 115 53 88 38 79 69 47 45 76 62 89 17 113 124 5 2 35 31 75 21 80 118 8 42 91 25 122 97 98 123 95 15 85 66 127 86 101 49 110 19 77 9 82 6 50 70 0 60 26 4 36 112 41 52 96 30 46 51 7 92 64 59 119 27 16 29 10 68 78 14 58 56 103 22 12 57 55 18 20 61 37 100 104 90
Coste: 258

GENERACION: 52
Mejor Solucion:  107 93 1 126 106 83 120 81 111 116 65 39 67 73 33 94 87 3 43 34 32 54 99 84 24 74 108 72 109 44 63 121 13 105 40 125 71 117 48 11 23 28 102 114 115 53 88 38 79 69 47 45 76 62 89 17 113 124 5 2 35 31 75 21 80 118 8 42 91 25 122 97 98 123 95 15 85 66 127 86 101 49 110 19 77 9 82 6 50 70 0 60 26 4 36 112 41 52 96 30 46 51 7 92 64 59 119 27 16 29 10 68 78 14 58 56 103 22 12 57 55 18 20 61 37 100 104 90
Coste: 258

GENERACION: 53
Mejor Solucion:  107 93 1 126 106 83 120 81 111 116 65 39 67 73 33 94 87 3 43 34 32 54 99 84 24 74 108 72 109 44 63 121 13 105 40 125 71 117 48 11 23 28 102 114 115 53 88 38 79 69 47 45 76 62 89 17 113 124 5 2 35 31 75 21 80 118 8 42 91 25 122 97 98 123 95 15 85 66 127 86 101 49 110 19 77 9 82 6 50 70 0 60 26 4 36 112 41 52 96 30 46 51 7 92 64 59 119 27 16 29 10 68 78 14 58 56 103 22 12 57 55 18 20 61 37 100 104 90
Coste: 258

GENERACION: 54
Mejor Solucion:  107 93 1 126 106 83 120 81 111 116 65 39 67 73 33 94 87 3 43 34 32 54 99 84 24 74 108 72 109 44 63 121 13 105 40 125 71 117 48 11 23 28 102 114 115 53 88 38 79 69 47 45 76 62 89 17 113 124 5 2 35 31 75 21 80 118 8 42 91 25 122 97 98 123 95 15 85 66 127 86 101 49 110 19 77 9 82 6 50 70 0 60 26 4 36 112 41 52 96 30 46 51 7 92 64 59 119 27 16 29 10 68 78 14 58 56 103 22 12 57 55 18 20 61 37 100 104 90
Coste: 258

GENERACION: 55
Mejor Solucion:  107 93 1 126 106 83 120 81 111 116 65 39 67 73 33 94 87 3 43 34 32 54 99 84 24 74 108 72 109 44 63 121 13 105 40 125 71 117 48 11 23 28 102 114 115 53 88 38 79 69 47 45 76 62 89 17 113 124 5 2 35 31 75 21 80 118 8 42 91 25 122 97 98 123 95 15 85 66 127 86 101 49 110 19 77 9 82 6 50 70 0 60 26 4 36 112 41 52 96 30 46 51 7 92 64 59 119 27 16 29 10 68 78 14 58 56 103 22 12 57 55 18 20 61 37 100 104 90
Coste: 258

GENERACION: 56
Mejor Solucion:  107 93 1 126 106 83 120 81 111 116 65 39 67 73 33 94 87 3 43 34 32 54 99 84 24 74 108 72 109 44 63 121 13 105 40 125 71 117 48 11 23 28 102 114 115 53 88 38 79 69 47 45 76 62 89 17 113 124 5 2 35 31 75 21 80 118 8 42 91 25 122 97 98 123 95 15 85 66 127 86 101 49 110 19 77 9 82 6 50 70 0 60 26 4 36 112 41 52 96 30 46 51 7 92 64 59 119 27 16 29 10 68 78 14 58 56 103 22 12 57 55 18 20 61 37 100 104 90
Coste: 258

GENERACION: 57
Mejor Solucion:  107 93 1 126 106 83 120 81 111 116 65 39 67 73 33 94 87 3 43 34 32 54 99 84 24 74 108 72 109 44 63 121 13 105 40 125 71 117 48 11 23 28 102 114 115 53 88 38 79 69 47 45 76 62 89 17 113 124 5 2 35 31 75 21 80 118 8 42 91 25 122 97 98 123 95 15 85 66 127 86 101 49 110 19 77 9 82 6 50 70 0 60 26 4 36 112 41 52 96 30 46 51 7 92 64 59 119 27 16 29 10 68 78 14 58 56 103 22 12 57 55 18 20 61 37 100 104 90
Coste: 258

GENERACION: 58
Mejor Solucion:  107 93 1 126 106 83 120 81 111 116 65 39 67 73 33 94 87 3 43 34 32 54 99 84 24 74 108 72 109 44 63 121 13 105 40 125 71 117 48 11 23 28 102 114 115 53 88 38 79 69 47 45 76 62 89 17 113 124 5 2 35 31 75 21 80 118 8 42 91 25 122 97 98 123 95 15 85 66 127 86 101 49 110 19 77 9 82 6 50 70 0 60 26 4 36 112 41 52 96 30 46 51 7 92 64 59 119 27 16 29 10 68 78 14 58 56 103 22 12 57 55 18 20 61 37 100 104 90
Coste: 258

GENERACION: 59
Mejor Solucion:  107 93 1 126 106 83 120 81 111 116 65 39 67 73 33 94 87 3 43 34 32 54 99 84 24 74 108 72 109 44 63 121 13 105 40 125 71 117 48 11 23 28 102 114 115 53 88 38 79 69 47 45 76 62 89 17 113 124 5 2 35 31 75 21 80 118 8 42 91 25 122 97 98 123 95 15 85 66 127 86 101 49 110 19 77 9 82 6 50 70 0 60 26 4 36 112 41 52 96 30 46 51 7 92 64 59 119 27 16 29 10 68 78 14 58 56 103 22 12 57 55 18 20 61 37 100 104 90
Coste: 258

GENERACION: 60
Mejor Solucion:  107 93 1 126 106 83 120 81 111 116 65 39 67 73 33 94 87 3 43 34 32 54 99 84 24 74 108 72 109 44 63 121 13 105 40 125 71 117 48 11 23 28 102 114 115 53 88 38 79 69 47 45 76 62 89 17 113 124 5 2 35 31 75 21 80 118 8 42 91 25 122 97 98 123 95 15 85 66 127 86 101 49 110 19 77 9 82 6 50 70 0 60 26 4 36 112 41 52 96 30 46 51 7 92 64 59 119 27 16 29 10 68 78 14 58 56 103 22 12 57 55 18 20 61 37 100 104 90
Coste: 258

GENERACION: 61
Mejor Solucion:  107 93 1 126 106 83 120 81 111 116 65 39 67 73 33 94 87 3 43 34 32 54 99 84 24 74 108 72 109 44 63 121 13 105 40 125 71 117 48 11 23 28 102 114 115 53 88 38 79 69 47 45 76 62 89 17 113 124 5 2 35 31 75 21 80 118 8 42 91 25 122 97 98 123 95 15 85 66 127 86 101 49 110 19 77 9 82 6 50 70 0 60 26 4 36 112 41 52 96 30 46 51 7 92 64 59 119 27 16 29 10 68 78 14 58 56 103 22 12 57 55 18 20 61 37 100 104 90
Coste: 258

GENERACION: 62
Mejor Solucion:  107 93 1 126 106 83 120 81 111 116 65 39 67 73 33 94 87 3 43 34 32 54 99 84 24 74 108 72 109 44 63 121 13 105 40 125 71 117 48 11 23 28 102 114 115 53 88 38 79 69 47 45 76 62 89 17 113 124 5 2 35 31 75 21 80 118 8 42 91 25 122 97 98 123 95 15 85 66 127 86 101 49 110 19 77 9 82 6 50 70 0 60 26 4 36 112 41 52 96 30 46 51 7 92 64 59 119 27 16 29 10 68 78 14 58 56 103 22 12 57 55 18 20 61 37 100 104 90
Coste: 258

GENERACION: 63
Mejor Solucion:  107 93 1 126 106 83 120 81 111 116 65 39 67 73 33 94 87 3 43 34 32 54 99 84 24 74 108 72 109 44 63 121 13 105 40 125 71 117 48 11 23 28 102 114 115 53 88 38 79 69 47 45 76 62 89 17 113 124 5 2 35 31 75 21 80 118 8 42 91 25 122 97 98 123 95 15 85 66 127 86 101 49 110 19 77 9 82 6 50 70 0 60 26 4 36 112 41 52 96 30 46 51 7 92 64 59 119 27 16 29 10 68 78 14 58 56 103 22 12 57 55 18 20 61 37 100 104 90
Coste: 258

GENERACION: 64
Mejor Solucion:  107 93 1 126 106 83 120 81 111 116 65 39 67 73 33 94 87 3 43 34 32 54 99 84 24 74 108 72 109 44 63 121 13 105 40 125 71 117 48 11 23 28 102 114 115 53 88 38 79 69 47 45 76 62 89 17 113 124 5 2 35 31 75 21 80 118 8 42 91 25 122 97 98 123 95 15 85 66 127 86 101 49 110 19 77 9 82 6 50 70 0 60 26 4 36 112 41 52 96 30 46 51 7 92 64 59 119 27 16 29 10 68 78 14 58 56 103 22 12 57 55 18 20 61 37 100 104 90
Coste: 258

GENERACION: 65
Mejor Solucion:  107 93 1 126 106 83 120 81 111 116 65 39 67 73 33 94 87 3 43 34 32 54 99 84 24 74 108 72 109 44 63 121 13 105 40 125 71 117 48 11 23 28 102 114 115 53 88 38 79 69 47 45 76 62 89 17 113 124 5 2 35 31 75 21 80 118 8 42 91 25 122 97 98 123 95 15 85 66 127 86 101 49 110 19 77 9 82 6 50 70 0 60 26 4 36 112 41 52 96 30 46 51 7 92 64 59 119 27 16 29 10 68 78 14 58 56 103 22 12 57 55 18 20 61 37 100 104 90
Coste: 258

GENERACION: 66
Mejor Solucion:  107 93 1 126 106 83 120 81 111 116 65 39 67 73 33 94 87 3 43 34 32 54 99 84 24 74 108 72 109 44 63 121 13 105 40 125 71 117 48 11 23 28 102 114 115 53 88 38 79 69 47 45 76 62 89 17 113 124 5 2 35 31 75 21 80 118 8 42 91 25 122 97 98 123 95 15 85 66 127 86 101 49 110 19 77 9 82 6 50 70 0 60 26 4 36 112 41 52 96 30 46 51 7 92 64 59 119 27 16 29 10 68 78 14 58 56 103 22 12 57 55 18 20 61 37 100 104 90
Coste: 258

GENERACION: 67
Mejor Solucion:  107 93 1 126 106 83 120 81 111 116 65 39 67 73 33 94 87 3 43 34 32 54 99 84 24 74 108 72 109 44 63 121 13 105 40 125 71 117 48 11 23 28 102 114 115 53 88 38 79 69 47 45 76 62 89 17 113 124 5 2 35 31 75 21 80 118 8 42 91 25 122 97 98 123 95 15 85 66 127 86 101 49 110 19 77 9 82 6 50 70 0 60 26 4 36 112 41 52 96 30 46 51 7 92 64 59 119 27 16 29 10 68 78 14 58 56 103 22 12 57 55 18 20 61 37 100 104 90
Coste: 258

GENERACION: 68
Mejor Solucion:  107 93 1 126 106 83 120 81 111 116 65 39 67 73 33 94 87 3 43 34 32 54 99 84 24 74 108 72 109 44 63 121 13 105 40 125 71 117 48 11 23 28 102 114 115 53 88 38 79 69 47 45 76 62 89 17 113 124 5 2 35 31 75 21 80 118 8 42 91 25 122 97 98 123 95 15 85 66 127 86 101 49 110 19 77 9 82 6 50 70 0 60 26 4 36 112 41 52 96 30 46 51 7 92 64 59 119 27 16 29 10 68 78 14 58 56 103 22 12 57 55 18 20 61 37 100 104 90
Coste: 258

GENERACION: 69
Mejor Solucion:  107 93 1 126 106 83 120 81 111 116 65 39 67 73 33 94 87 3 43 34 32 54 99 84 24 74 108 72 109 44 63 121 13 105 40 125 71 117 48 11 23 28 102 114 115 53 88 38 79 69 47 45 76 62 89 17 113 124 5 2 35 31 75 21 80 118 8 42 91 25 122 97 98 123 95 15 85 66 127 86 101 49 110 19 77 9 82 6 50 70 0 60 26 4 36 112 41 52 96 30 46 51 7 92 64 59 119 27 16 29 10 68 78 14 58 56 103 22 12 57 55 18 20 61 37 100 104 90
Coste: 258

GENERACION: 70
Mejor Solucion:  107 93 1 126 106 83 120 81 111 116 65 39 67 73 33 94 87 3 43 34 32 54 99 84 24 74 108 72 109 44 63 121 13 105 40 125 71 117 48 11 23 28 102 114 115 53 88 38 79 69 47 45 76 62 89 17 113 124 5 2 35 31 75 21 80 118 8 42 91 25 122 97 98 123 95 15 85 66 127 86 101 49 110 19 77 9 82 6 50 70 0 60 26 4 36 112 41 52 96 30 46 51 7 92 64 59 119 27 16 29 10 68 78 14 58 56 103 22 12 57 55 18 20 61 37 100 104 90
Coste: 258

GENERACION: 71
Mejor Solucion:  107 93 1 126 106 83 120 81 111 116 65 39 67 73 33 94 87 3 43 34 32 54 99 84 24 74 108 72 109 44 63 121 13 105 40 125 71 117 48 11 23 28 102 114 115 53 88 38 79 69 47 45 76 62 89 17 113 124 5 2 35 31 75 21 80 118 8 42 91 25 122 97 98 123 95 15 85 66 127 86 101 49 110 19 77 9 82 6 50 70 0 60 26 4 36 112 41 52 96 30 46 51 7 92 64 59 119 27 16 29 10 68 78 14 58 56 103 22 12 57 55 18 20 61 37 100 104 90
Coste: 258

GENERACION: 72
Mejor Solucion:  107 93 1 126 106 83 120 81 111 116 65 39 67 73 33 94 87 3 43 34 32 54 99 84 24 74 108 72 109 44 63 121 13 105 40 125 71 117 48 11 23 28 102 114 115 53 88 38 79 69 47 45 76 62 89 17 113 124 5 2 35 31 75 21 80 118 8 42 91 25 122 97 98 123 95 15 85 66 127 86 101 49 110 19 77 9 82 6 50 70 0 60 26 4 36 112 41 52 96 30 46 51 7 92 64 59 119 27 16 29 10 68 78 14 58 56 103 22 12 57 55 18 20 61 37 100 104 90
Coste: 258

GENERACION: 73
Mejor Solucion:  107 93 1 126 106 83 120 81 111 116 65 39 67 73 33 94 87 3 43 34 32 54 99 84 24 74 108 72 109 44 63 121 13 105 40 125 71 117 48 11 23 28 102 114 115 53 88 38 79 69 47 45 76 62 89 17 113 124 5 2 35 31 75 21 80 118 8 42 91 25 122 97 98 123 95 15 85 66 127 86 101 49 110 19 77 9 82 6 50 70 0 60 26 4 36 112 41 52 96 30 46 51 7 92 64 59 119 27 16 29 10 68 78 14 58 56 103 22 12 57 55 18 20 61 37 100 104 90
Coste: 258

GENERACION: 74
Mejor Solucion:  107 93 1 126 106 83 120 81 111 116 65 39 67 73 33 94 87 3 43 34 32 54 99 84 24 74 108 72 109 44 63 121 13 105 40 125 71 117 48 11 23 28 102 114 115 53 88 38 79 69 47 45 76 62 89 17 113 124 5 2 35 31 75 21 80 118 8 42 91 25 122 97 98 123 95 15 85 66 127 86 101 49 110 19 77 9 82 6 50 70 0 60 26 4 36 112 41 52 96 30 46 51 7 92 64 59 119 27 16 29 10 68 78 14 58 56 103 22 12 57 55 18 20 61 37 100 104 90
Coste: 258

GENERACION: 75
Mejor Solucion:  92 38 47 56 124 29 104 106 116 65 39 67 73 33 94 17 3 43 101 32 54 99 84 24 74 108 8 40 7 18 121 13 105 60 109 125 49 117 82 11 23 72 102 114 115 77 88 14 79 69 20 45 5 62 66 98 122 71 76 2 35 31 75 34 80 120 28 42 112 25 113 58 87 123 95 15 85 83 127 86 21 103 110 19 53 55 48 6 27 70 78 26 4 36 91 41 52 96 30 46 51 44 64 59 119 50 16 10 0 22 12 57 9 68 61 100 97 90 107 37 93 1 126 111 89 118 81 63
Coste: 253

GENERACION: 76
Mejor Solucion:  92 38 47 56 124 29 104 106 116 65 39 67 73 33 94 17 3 43 101 32 54 99 84 24 74 108 8 40 7 18 121 13 105 60 109 125 49 117 82 11 23 72 102 114 115 77 88 14 79 69 20 45 5 62 66 98 122 71 76 2 35 31 75 34 80 120 28 42 112 25 113 58 87 123 95 15 85 83 127 86 21 103 110 19 53 55 48 6 27 70 78 26 4 36 91 41 52 96 30 46 51 44 64 59 119 50 16 10 0 22 12 57 9 68 61 100 97 90 107 37 93 1 126 111 89 118 81 63
Coste: 253

GENERACION: 77
Mejor Solucion:  92 38 47 56 124 29 104 106 116 65 39 67 73 33 94 17 3 43 101 32 54 99 84 24 74 108 8 40 7 18 121 13 105 60 109 125 49 117 82 11 23 72 102 114 115 77 88 14 79 69 20 45 5 62 66 98 122 71 76 2 35 31 75 34 80 120 28 42 112 25 113 58 87 123 95 15 85 83 127 86 21 103 110 19 53 55 48 6 27 70 78 26 4 36 91 41 52 96 30 46 51 44 64 59 119 50 16 10 0 22 12 57 9 68 61 100 97 90 107 37 93 1 126 111 89 118 81 63
Coste: 253

GENERACION: 78
Mejor Solucion:  92 38 47 56 124 29 104 106 116 65 39 67 73 33 94 17 3 43 101 32 54 99 84 24 74 108 8 40 7 18 121 13 105 60 109 125 49 117 82 11 23 72 102 114 115 77 88 14 79 69 20 45 5 62 66 98 122 71 76 2 35 31 75 34 80 120 28 42 112 25 113 58 87 123 95 15 85 83 127 86 21 103 110 19 53 55 48 6 27 70 78 26 4 36 91 41 52 96 30 46 51 44 64 59 119 50 16 10 0 22 12 57 9 68 61 100 97 90 107 37 93 1 126 111 89 118 81 63
Coste: 253

GENERACION: 79
Mejor Solucion:  92 38 47 56 124 29 104 106 116 65 39 67 73 33 94 17 3 43 101 32 54 99 84 24 74 108 8 40 7 18 121 13 105 60 109 125 49 117 82 11 23 72 102 114 115 77 88 14 79 69 20 45 5 62 66 98 122 71 76 2 35 31 75 34 80 120 28 42 112 25 113 58 87 123 95 15 85 83 127 86 21 103 110 19 53 55 48 6 27 70 78 26 4 36 91 41 52 96 30 46 51 44 64 59 119 50 16 10 0 22 12 57 9 68 61 100 97 90 107 37 93 1 126 111 89 118 81 63
Coste: 253

GENERACION: 80
Mejor Solucion:  92 38 47 56 124 29 104 106 116 65 39 67 73 33 94 17 3 43 101 32 54 99 84 24 74 108 8 40 7 18 121 13 105 60 109 125 49 117 82 11 23 72 102 114 115 77 88 14 79 69 20 45 5 62 66 98 122 71 76 2 35 31 75 34 80 120 28 42 112 25 113 58 87 123 95 15 85 83 127 86 21 103 110 19 53 55 48 6 27 70 78 26 4 36 91 41 52 96 30 46 51 44 64 59 119 50 16 10 0 22 12 57 9 68 61 100 97 90 107 37 93 1 126 111 89 118 81 63
Coste: 253

GENERACION: 81
Mejor Solucion:  92 38 47 56 124 29 104 106 116 65 39 67 73 33 94 17 3 43 101 32 54 99 84 24 74 108 8 40 7 18 121 13 105 60 109 125 49 117 82 11 23 72 102 114 115 77 88 14 79 69 20 45 5 62 66 98 122 71 76 2 35 31 75 34 80 120 28 42 112 25 113 58 87 123 95 15 85 83 127 86 21 103 110 19 53 55 48 6 27 70 78 26 4 36 91 41 52 96 30 46 51 44 64 59 119 50 16 10 0 22 12 57 9 68 61 100 97 90 107 37 93 1 126 111 89 118 81 63
Coste: 253

GENERACION: 82
Mejor Solucion:  92 38 47 56 124 29 104 106 116 65 39 67 73 33 94 17 3 43 101 32 54 99 84 24 74 108 8 40 7 18 121 13 105 60 109 125 49 117 82 11 23 72 102 114 115 77 88 14 79 69 20 45 5 62 66 98 122 71 76 2 35 31 75 34 80 120 28 42 112 25 113 58 87 123 95 15 85 83 127 86 21 103 110 19 53 55 48 6 27 70 78 26 4 36 91 41 52 96 30 46 51 44 64 59 119 50 16 10 0 22 12 57 9 68 61 100 97 90 107 37 93 1 126 111 89 118 81 63
Coste: 253

GENERACION: 83
Mejor Solucion:  92 38 47 56 124 29 104 106 116 65 39 67 73 33 94 17 3 43 101 32 54 99 84 24 74 108 8 40 7 18 121 13 105 60 109 125 49 117 82 11 23 72 102 114 115 77 88 14 79 69 20 45 5 62 66 98 122 71 76 2 35 31 75 34 80 120 28 42 112 25 113 58 87 123 95 15 85 83 127 86 21 103 110 19 53 55 48 6 27 70 78 26 4 36 91 41 52 96 30 46 51 44 64 59 119 50 16 10 0 22 12 57 9 68 61 100 97 90 107 37 93 1 126 111 89 118 81 63
Coste: 253

GENERACION: 84
Mejor Solucion:  92 38 47 56 124 29 104 106 116 65 39 67 73 33 94 17 3 43 101 32 54 99 84 24 74 108 8 40 7 18 121 13 105 60 109 125 49 117 82 11 23 72 102 114 115 77 88 14 79 69 20 45 5 62 66 98 122 71 76 2 35 31 75 34 80 120 28 42 112 25 113 58 87 123 95 15 85 83 127 86 21 103 110 19 53 55 48 6 27 70 78 26 4 36 91 41 52 96 30 46 51 44 64 59 119 50 16 10 0 22 12 57 9 68 61 100 97 90 107 37 93 1 126 111 89 118 81 63
Coste: 253

