GENERACION: 1
Mejor Solucion:  30 131 25 69 63 67 117 65 55 76 148 34 38 89 39 0 72 110 11 136 19 98 45 51 106 124 114 84 42 112 77 137 13 144 23 127 130 50 95 142 83 149 12 56 5 129 78 119 125 62 92 96 32 135 81 128 29 68 33 101 109 121 122 31 87 35 90 8 134 22 10 47 41 75 52 102 70 133 147 123 66 103 93 53 139 57 4 27 146 28 64 17 73 16 113 46 88 44 143 54 48 74 107 118 14 26 59 145 1 2 105 15 126 85 86 116 111 49 97 108 91 7 20 60 141 120 132 36 71 24 9 58 82 37 6 100 43 80 140 18 3 79 94 61 21 40 138 104 99 115
Coste: 9694010

GENERACION: 2
Mejor Solucion:  30 131 25 69 63 67 117 65 55 76 148 34 38 89 39 0 72 110 11 136 19 98 45 51 106 124 114 84 42 112 77 137 13 144 23 127 130 50 95 142 83 149 12 56 5 129 78 119 125 62 92 96 32 135 81 128 29 68 33 101 109 121 122 31 87 35 90 8 134 22 10 47 41 75 52 102 70 133 147 123 66 103 93 53 139 57 4 27 146 28 64 17 73 16 113 46 88 44 143 54 48 74 107 118 14 26 59 145 1 2 105 15 126 85 86 116 111 49 97 108 91 7 20 60 141 120 132 36 71 24 9 58 82 37 6 100 43 80 140 18 3 79 94 61 21 40 138 104 99 115
Coste: 9694010

GENERACION: 3
Mejor Solucion:  30 131 25 69 63 67 117 65 55 76 148 34 38 89 39 0 72 110 11 136 19 98 45 51 106 124 114 84 42 112 77 137 13 144 23 127 130 50 95 142 83 149 12 56 5 129 78 119 125 62 92 96 32 135 81 128 29 68 33 101 109 121 122 31 87 35 90 8 134 22 10 47 41 75 52 102 70 133 147 123 66 103 93 53 139 57 4 27 146 28 64 17 73 16 113 46 88 44 143 54 48 74 107 118 14 26 59 145 1 2 105 15 126 85 86 116 111 49 97 108 91 7 20 60 141 120 132 36 71 24 9 58 82 37 6 100 43 80 140 18 3 79 94 61 21 40 138 104 99 115
Coste: 9694010

GENERACION: 4
Mejor Solucion:  30 131 25 69 63 67 117 65 55 76 148 34 38 89 39 0 72 110 11 136 19 98 45 51 106 124 114 84 42 112 77 137 13 144 23 127 130 50 95 142 83 149 12 56 5 129 78 119 125 62 92 96 32 135 81 128 29 68 33 101 109 121 122 31 87 35 90 8 134 22 10 47 41 75 52 102 70 133 147 123 66 103 93 53 139 57 4 27 146 28 64 17 73 16 113 46 88 44 143 54 48 74 107 118 14 26 59 145 1 2 105 15 126 85 86 116 111 49 97 108 91 7 20 60 141 120 132 36 71 24 9 58 82 37 6 100 43 80 140 18 3 79 94 61 21 40 138 104 99 115
Coste: 9694010

GENERACION: 5
Mejor Solucion:  143 131 25 114 60 67 117 24 55 76 40 36 38 89 100 83 12 54 110 120 3 90 45 51 106 4 69 37 42 112 136 49 14 144 10 142 44 64 140 15 0 88 46 56 5 147 78 119 86 50 113 127 91 26 81 128 29 68 33 101 134 121 94 31 87 35 98 122 109 9 23 125 41 75 52 102 70 133 129 123 71 103 93 130 13 57 139 27 99 28 65 63 124 22 1 72 149 53 30 92 21 107 105 8 148 145 97 135 146 48 82 85 137 96 47 116 111 126 95 108 32 7 20 17 141 77 132 34 66 62 16 58 74 84 6 39 79 2 59 18 19 43 118 61 80 73 138 104 11 115
Coste: 9654944

GENERACION: 6
Mejor Solucion:  77 131 82 114 60 67 117 24 55 76 40 36 140 139 62 83 12 54 110 120 3 90 111 5 106 4 69 37 42 91 136 73 14 144 10 89 44 64 38 15 0 88 46 123 51 147 149 119 86 50 113 127 112 26 81 128 29 68 33 57 134 121 94 31 87 20 98 122 109 9 23 125 41 75 52 102 70 133 72 56 71 103 93 130 13 101 142 27 99 28 65 63 124 22 84 129 78 53 30 92 21 107 79 8 6 145 97 135 146 48 25 85 137 96 47 116 45 126 95 108 32 7 35 17 143 141 74 34 66 100 16 58 132 1 148 39 105 2 59 18 19 43 115 61 80 49 138 104 11 118
Coste: 9639217

GENERACION: 7
Mejor Solucion:  77 131 82 114 60 67 117 24 55 76 40 36 140 139 62 83 12 54 110 120 3 90 111 5 106 4 69 37 42 91 136 73 14 144 10 89 44 64 38 15 0 88 46 123 51 147 149 119 86 50 113 127 112 26 81 128 29 68 33 57 134 121 94 31 87 20 98 122 109 9 23 125 41 75 52 102 70 133 72 56 71 103 93 130 13 101 142 27 99 28 65 63 124 22 84 129 78 53 30 92 21 107 79 8 6 145 97 135 146 48 25 85 137 96 47 116 45 126 95 108 32 7 35 17 143 141 74 34 66 100 16 58 132 1 148 39 105 2 59 18 19 43 115 61 80 49 138 104 11 118
Coste: 9639217

GENERACION: 8
Mejor Solucion:  77 131 82 114 60 67 117 24 55 76 40 36 140 139 62 83 12 54 110 120 3 90 111 5 106 4 69 37 42 91 136 73 14 144 10 89 44 64 38 15 0 88 46 123 51 147 149 119 86 50 113 127 112 26 81 128 29 68 33 57 134 121 94 31 87 20 98 122 109 9 23 125 41 75 52 102 70 133 72 56 71 103 93 130 13 101 142 27 99 28 65 63 124 22 84 129 78 53 30 92 21 107 79 8 6 145 97 135 146 48 25 85 137 96 47 116 45 126 95 108 32 7 35 17 143 141 74 34 66 100 16 58 132 1 148 39 105 2 59 18 19 43 115 61 80 49 138 104 11 118
Coste: 9639217

GENERACION: 9
Mejor Solucion:  77 131 82 114 60 67 117 24 55 76 40 36 140 139 62 83 12 54 110 120 3 90 111 5 106 4 69 37 42 91 136 73 14 144 10 89 44 64 38 15 0 88 46 123 51 147 149 119 86 50 113 127 112 26 81 128 29 68 33 57 134 121 94 31 87 20 98 122 109 9 23 125 41 75 52 102 70 133 72 56 71 103 93 130 13 101 142 27 99 28 65 63 124 22 84 129 78 53 30 92 21 107 79 8 6 145 97 135 146 48 25 85 137 96 47 116 45 126 95 108 32 7 35 17 143 141 74 34 66 100 16 58 132 1 148 39 105 2 59 18 19 43 115 61 80 49 138 104 11 118
Coste: 9639217

GENERACION: 10
Mejor Solucion:  77 131 82 114 60 67 117 24 55 76 40 36 140 139 62 83 12 54 110 120 3 90 111 5 106 4 69 37 42 91 136 73 14 144 10 89 44 64 38 15 0 88 46 123 51 147 149 119 86 50 113 127 112 26 81 128 29 68 33 57 134 121 94 31 87 20 98 122 109 9 23 125 41 75 52 102 70 133 72 56 71 103 93 130 13 101 142 27 99 28 65 63 124 22 84 129 78 53 30 92 21 107 79 8 6 145 97 135 146 48 25 85 137 96 47 116 45 126 95 108 32 7 35 17 143 141 74 34 66 100 16 58 132 1 148 39 105 2 59 18 19 43 115 61 80 49 138 104 11 118
Coste: 9639217

GENERACION: 11
Mejor Solucion:  77 131 82 114 60 67 117 24 55 76 40 36 140 139 62 83 12 54 110 120 3 90 111 5 106 4 69 37 42 91 136 73 14 144 10 89 44 64 38 15 0 88 46 123 51 147 149 119 86 50 113 127 112 26 81 128 29 68 33 57 134 121 94 31 87 20 98 122 109 9 23 125 41 75 52 102 70 133 72 56 71 103 93 130 13 101 142 27 99 28 65 63 124 22 84 129 78 53 30 92 21 107 79 8 6 145 97 135 146 48 25 85 137 96 47 116 45 126 95 108 32 7 35 17 143 141 74 34 66 100 16 58 132 1 148 39 105 2 59 18 19 43 115 61 80 49 138 104 11 118
Coste: 9639217

GENERACION: 12
Mejor Solucion:  77 131 82 114 60 67 117 24 55 76 40 36 140 139 62 83 12 54 110 120 3 90 111 5 106 4 69 37 42 91 136 73 14 144 10 89 44 64 38 15 0 88 46 123 51 147 149 119 86 50 113 127 112 26 81 128 29 68 33 57 134 121 94 31 87 20 98 122 109 9 23 125 41 75 52 102 70 133 72 56 71 103 93 130 13 101 142 27 99 28 65 63 124 22 84 129 78 53 30 92 21 107 79 8 6 145 97 135 146 48 25 85 137 96 47 116 45 126 95 108 32 7 35 17 143 141 74 34 66 100 16 58 132 1 148 39 105 2 59 18 19 43 115 61 80 49 138 104 11 118
Coste: 9639217

GENERACION: 13
Mejor Solucion:  77 131 82 114 60 67 117 24 55 76 40 36 140 139 62 83 12 54 110 120 3 90 111 5 106 4 69 37 42 91 136 73 14 144 10 89 44 64 38 15 0 88 46 123 51 147 149 119 86 50 113 127 112 26 81 128 29 68 33 57 134 121 94 31 87 20 98 122 109 9 23 125 41 75 52 102 70 133 72 56 71 103 93 130 13 101 142 27 99 28 65 63 124 22 84 129 78 53 30 92 21 107 79 8 6 145 97 135 146 48 25 85 137 96 47 116 45 126 95 108 32 7 35 17 143 141 74 34 66 100 16 58 132 1 148 39 105 2 59 18 19 43 115 61 80 49 138 104 11 118
Coste: 9639217

GENERACION: 14
Mejor Solucion:  77 131 82 114 60 67 117 24 55 76 40 36 140 139 62 83 12 54 110 120 3 90 111 5 106 4 69 37 42 91 136 73 14 144 10 89 44 64 38 15 0 88 46 123 51 147 149 119 86 50 113 127 112 26 81 128 29 68 33 57 134 121 94 31 87 20 98 122 109 9 23 125 41 75 52 102 70 133 72 56 71 103 93 130 13 101 142 27 99 28 65 63 124 22 84 129 78 53 30 92 21 107 79 8 6 145 97 135 146 48 25 85 137 96 47 116 45 126 95 108 32 7 35 17 143 141 74 34 66 100 16 58 132 1 148 39 105 2 59 18 19 43 115 61 80 49 138 104 11 118
Coste: 9639217

GENERACION: 15
Mejor Solucion:  77 131 82 114 60 67 117 24 55 76 40 36 140 139 62 83 12 54 110 120 3 90 111 5 106 4 69 37 42 91 136 73 14 144 10 89 44 64 38 15 0 88 46 123 51 147 149 119 86 50 113 127 112 26 81 128 29 68 33 57 134 121 94 31 87 20 98 122 109 9 23 125 41 75 52 102 70 133 72 56 71 103 93 130 13 101 142 27 99 28 65 63 124 22 84 129 78 53 30 92 21 107 79 8 6 145 97 135 146 48 25 85 137 96 47 116 45 126 95 108 32 7 35 17 143 141 74 34 66 100 16 58 132 1 148 39 105 2 59 18 19 43 115 61 80 49 138 104 11 118
Coste: 9639217

GENERACION: 16
Mejor Solucion:  77 131 82 114 60 67 117 24 55 76 40 36 140 139 62 83 12 54 110 120 3 90 111 5 106 4 69 37 42 91 136 73 14 144 10 89 44 64 38 15 0 88 46 123 51 147 149 119 86 50 113 127 112 26 81 128 29 68 33 57 134 121 94 31 87 20 98 122 109 9 23 125 41 75 52 102 70 133 72 56 71 103 93 130 13 101 142 27 99 28 65 63 124 22 84 129 78 53 30 92 21 107 79 8 6 145 97 135 146 48 25 85 137 96 47 116 45 126 95 108 32 7 35 17 143 141 74 34 66 100 16 58 132 1 148 39 105 2 59 18 19 43 115 61 80 49 138 104 11 118
Coste: 9639217

GENERACION: 17
Mejor Solucion:  77 131 82 114 60 67 117 24 55 76 40 36 140 139 62 83 12 54 110 120 3 90 111 5 106 4 69 37 42 91 136 73 14 144 10 89 44 64 38 15 0 88 46 123 51 147 149 119 86 50 113 127 112 26 81 128 29 68 33 57 134 121 94 31 87 20 98 122 109 9 23 125 41 75 52 102 70 133 72 56 71 103 93 130 13 101 142 27 99 28 65 63 124 22 84 129 78 53 30 92 21 107 79 8 6 145 97 135 146 48 25 85 137 96 47 116 45 126 95 108 32 7 35 17 143 141 74 34 66 100 16 58 132 1 148 39 105 2 59 18 19 43 115 61 80 49 138 104 11 118
Coste: 9639217

GENERACION: 18
Mejor Solucion:  77 131 82 114 60 67 117 24 55 76 40 36 140 139 62 83 12 54 110 120 3 90 111 5 106 4 69 37 42 91 136 73 14 144 10 89 44 64 38 15 0 88 46 123 51 147 149 119 86 50 113 127 112 26 81 128 29 68 33 57 134 121 94 31 87 20 98 122 109 9 23 125 41 75 52 102 70 133 72 56 71 103 93 130 13 101 142 27 99 28 65 63 124 22 84 129 78 53 30 92 21 107 79 8 6 145 97 135 146 48 25 85 137 96 47 116 45 126 95 108 32 7 35 17 143 141 74 34 66 100 16 58 132 1 148 39 105 2 59 18 19 43 115 61 80 49 138 104 11 118
Coste: 9639217

GENERACION: 19
Mejor Solucion:  77 131 82 114 60 67 117 24 55 76 40 36 140 139 62 83 12 54 110 120 3 90 111 5 106 4 69 37 42 91 136 73 14 144 10 89 44 64 38 15 0 88 46 123 51 147 149 119 86 50 113 127 112 26 81 128 29 68 33 57 134 121 94 31 87 20 98 122 109 9 23 125 41 75 52 102 70 133 72 56 71 103 93 130 13 101 142 27 99 28 65 63 124 22 84 129 78 53 30 92 21 107 79 8 6 145 97 135 146 48 25 85 137 96 47 116 45 126 95 108 32 7 35 17 143 141 74 34 66 100 16 58 132 1 148 39 105 2 59 18 19 43 115 61 80 49 138 104 11 118
Coste: 9639217

GENERACION: 20
Mejor Solucion:  77 131 82 114 60 67 117 24 55 76 40 36 140 139 62 83 12 54 110 120 3 90 111 5 106 4 69 37 42 91 136 73 14 144 10 89 44 64 38 15 0 88 46 123 51 147 149 119 86 50 113 127 112 26 81 128 29 68 33 57 134 121 94 31 87 20 98 122 109 9 23 125 41 75 52 102 70 133 72 56 71 103 93 130 13 101 142 27 99 28 65 63 124 22 84 129 78 53 30 92 21 107 79 8 6 145 97 135 146 48 25 85 137 96 47 116 45 126 95 108 32 7 35 17 143 141 74 34 66 100 16 58 132 1 148 39 105 2 59 18 19 43 115 61 80 49 138 104 11 118
Coste: 9639217

GENERACION: 21
Mejor Solucion:  77 131 82 114 60 67 117 24 55 76 40 36 140 139 62 83 12 54 110 120 3 90 111 5 106 4 69 37 42 91 136 73 14 144 10 89 44 64 38 15 0 88 46 123 51 147 149 119 86 50 113 127 112 26 81 128 29 68 33 57 134 121 94 31 87 20 98 122 109 9 23 125 41 75 52 102 70 133 72 56 71 103 93 130 13 101 142 27 99 28 65 63 124 22 84 129 78 53 30 92 21 107 79 8 6 145 97 135 146 48 25 85 137 96 47 116 45 126 95 108 32 7 35 17 143 141 74 34 66 100 16 58 132 1 148 39 105 2 59 18 19 43 115 61 80 49 138 104 11 118
Coste: 9639217

GENERACION: 22
Mejor Solucion:  77 131 82 114 60 67 117 24 55 76 40 36 140 139 62 83 12 54 110 120 3 90 111 5 106 4 69 37 42 91 136 73 14 144 10 89 44 64 38 15 0 88 46 123 51 147 149 119 86 50 113 127 112 26 81 128 29 68 33 57 134 121 94 31 87 20 98 122 109 9 23 125 41 75 52 102 70 133 72 56 71 103 93 130 13 101 142 27 99 28 65 63 124 22 84 129 78 53 30 92 21 107 79 8 6 145 97 135 146 48 25 85 137 96 47 116 45 126 95 108 32 7 35 17 143 141 74 34 66 100 16 58 132 1 148 39 105 2 59 18 19 43 115 61 80 49 138 104 11 118
Coste: 9639217

GENERACION: 23
Mejor Solucion:  77 131 82 114 60 67 117 24 55 76 40 36 140 139 62 83 12 54 110 120 3 90 111 5 106 4 69 37 42 91 136 73 14 144 10 89 44 64 38 15 0 88 46 123 51 147 149 119 86 50 113 127 112 26 81 128 29 68 33 57 134 121 94 31 87 20 98 122 109 9 23 125 41 75 52 102 70 133 72 56 71 103 93 130 13 101 142 27 99 28 65 63 124 22 84 129 78 53 30 92 21 107 79 8 6 145 97 135 146 48 25 85 137 96 47 116 45 126 95 108 32 7 35 17 143 141 74 34 66 100 16 58 132 1 148 39 105 2 59 18 19 43 115 61 80 49 138 104 11 118
Coste: 9639217

GENERACION: 24
Mejor Solucion:  77 131 82 114 60 67 117 24 55 76 40 36 140 139 62 83 12 54 110 120 3 90 111 5 106 4 69 37 42 91 136 73 14 144 10 89 44 64 38 15 0 88 46 123 51 147 149 119 86 50 113 127 112 26 81 128 29 68 33 57 134 121 94 31 87 20 98 122 109 9 23 125 41 75 52 102 70 133 72 56 71 103 93 130 13 101 142 27 99 28 65 63 124 22 84 129 78 53 30 92 21 107 79 8 6 145 97 135 146 48 25 85 137 96 47 116 45 126 95 108 32 7 35 17 143 141 74 34 66 100 16 58 132 1 148 39 105 2 59 18 19 43 115 61 80 49 138 104 11 118
Coste: 9639217

GENERACION: 25
Mejor Solucion:  77 131 82 114 60 67 117 24 55 76 40 36 140 139 62 83 12 54 110 120 3 90 111 5 106 4 69 37 42 91 136 73 14 144 10 89 44 64 38 15 0 88 46 123 51 147 149 119 86 50 113 127 112 26 81 128 29 68 33 57 134 121 94 31 87 20 98 122 109 9 23 125 41 75 52 102 70 133 72 56 71 103 93 130 13 101 142 27 99 28 65 63 124 22 84 129 78 53 30 92 21 107 79 8 6 145 97 135 146 48 25 85 137 96 47 116 45 126 95 108 32 7 35 17 143 141 74 34 66 100 16 58 132 1 148 39 105 2 59 18 19 43 115 61 80 49 138 104 11 118
Coste: 9639217

GENERACION: 26
Mejor Solucion:  77 131 82 114 60 67 117 24 55 76 40 36 140 139 62 83 12 54 110 120 3 90 111 5 106 4 69 37 42 91 136 73 14 144 10 89 44 64 38 15 0 88 46 123 51 147 149 119 86 50 113 127 112 26 81 128 29 68 33 57 134 121 94 31 87 20 98 122 109 9 23 125 41 75 52 102 70 133 72 56 71 103 93 130 13 101 142 27 99 28 65 63 124 22 84 129 78 53 30 92 21 107 79 8 6 145 97 135 146 48 25 85 137 96 47 116 45 126 95 108 32 7 35 17 143 141 74 34 66 100 16 58 132 1 148 39 105 2 59 18 19 43 115 61 80 49 138 104 11 118
Coste: 9639217

GENERACION: 27
Mejor Solucion:  77 131 82 114 60 67 117 24 55 76 40 36 140 139 62 83 12 54 110 120 3 90 111 5 106 4 69 37 42 91 136 73 14 144 10 89 44 64 38 15 0 88 46 123 51 147 149 119 86 50 113 127 112 26 81 128 29 68 33 57 134 121 94 31 87 20 98 122 109 9 23 125 41 75 52 102 70 133 72 56 71 103 93 130 13 101 142 27 99 28 65 63 124 22 84 129 78 53 30 92 21 107 79 8 6 145 97 135 146 48 25 85 137 96 47 116 45 126 95 108 32 7 35 17 143 141 74 34 66 100 16 58 132 1 148 39 105 2 59 18 19 43 115 61 80 49 138 104 11 118
Coste: 9639217

GENERACION: 28
Mejor Solucion:  77 131 82 114 60 67 117 24 55 76 40 36 140 139 62 83 12 54 110 120 3 90 111 5 106 4 69 37 42 91 136 73 14 144 10 89 44 64 38 15 0 88 46 123 51 147 149 119 86 50 113 127 112 26 81 128 29 68 33 57 134 121 94 31 87 20 98 122 109 9 23 125 41 75 52 102 70 133 72 56 71 103 93 130 13 101 142 27 99 28 65 63 124 22 84 129 78 53 30 92 21 107 79 8 6 145 97 135 146 48 25 85 137 96 47 116 45 126 95 108 32 7 35 17 143 141 74 34 66 100 16 58 132 1 148 39 105 2 59 18 19 43 115 61 80 49 138 104 11 118
Coste: 9639217

GENERACION: 29
Mejor Solucion:  77 131 82 114 60 67 117 24 55 76 40 36 140 139 62 83 12 54 110 120 3 90 111 5 106 4 69 37 42 91 136 73 14 144 10 89 44 64 38 15 0 88 46 123 51 147 149 119 86 50 113 127 112 26 81 128 29 68 33 57 134 121 94 31 87 20 98 122 109 9 23 125 41 75 52 102 70 133 72 56 71 103 93 130 13 101 142 27 99 28 65 63 124 22 84 129 78 53 30 92 21 107 79 8 6 145 97 135 146 48 25 85 137 96 47 116 45 126 95 108 32 7 35 17 143 141 74 34 66 100 16 58 132 1 148 39 105 2 59 18 19 43 115 61 80 49 138 104 11 118
Coste: 9639217

GENERACION: 30
Mejor Solucion:  77 131 82 114 60 67 117 24 55 76 40 36 140 139 62 83 12 54 110 120 3 90 111 5 106 4 69 37 42 91 136 73 14 144 10 89 44 64 38 15 0 88 46 123 51 147 149 119 86 50 113 127 112 26 81 128 29 68 33 57 134 121 94 31 87 20 98 122 109 9 23 125 41 75 52 102 70 133 72 56 71 103 93 130 13 101 142 27 99 28 65 63 124 22 84 129 78 53 30 92 21 107 79 8 6 145 97 135 146 48 25 85 137 96 47 116 45 126 95 108 32 7 35 17 143 141 74 34 66 100 16 58 132 1 148 39 105 2 59 18 19 43 115 61 80 49 138 104 11 118
Coste: 9639217

GENERACION: 31
Mejor Solucion:  77 131 82 114 60 67 117 24 55 76 40 36 140 139 62 83 12 54 110 120 3 90 111 5 106 4 69 37 42 91 136 73 14 144 10 89 44 64 38 15 0 88 46 123 51 147 149 119 86 50 113 127 112 26 81 128 29 68 33 57 134 121 94 31 87 20 98 122 109 9 23 125 41 75 52 102 70 133 72 56 71 103 93 130 13 101 142 27 99 28 65 63 124 22 84 129 78 53 30 92 21 107 79 8 6 145 97 135 146 48 25 85 137 96 47 116 45 126 95 108 32 7 35 17 143 141 74 34 66 100 16 58 132 1 148 39 105 2 59 18 19 43 115 61 80 49 138 104 11 118
Coste: 9639217

GENERACION: 32
Mejor Solucion:  77 131 82 114 60 67 117 24 55 76 40 36 140 139 62 83 12 54 110 120 3 90 111 5 106 4 69 37 42 91 136 73 14 144 10 89 44 64 38 15 0 88 46 123 51 147 149 119 86 50 113 127 112 26 81 128 29 68 33 57 134 121 94 31 87 20 98 122 109 9 23 125 41 75 52 102 70 133 72 56 71 103 93 130 13 101 142 27 99 28 65 63 124 22 84 129 78 53 30 92 21 107 79 8 6 145 97 135 146 48 25 85 137 96 47 116 45 126 95 108 32 7 35 17 143 141 74 34 66 100 16 58 132 1 148 39 105 2 59 18 19 43 115 61 80 49 138 104 11 118
Coste: 9639217

GENERACION: 33
Mejor Solucion:  77 131 82 114 60 67 117 24 55 76 40 36 140 139 62 83 12 54 110 120 3 90 111 5 106 4 69 37 42 91 136 73 14 144 10 89 44 64 38 15 0 88 46 123 51 147 149 119 86 50 113 127 112 26 81 128 29 68 33 57 134 121 94 31 87 20 98 122 109 9 23 125 41 75 52 102 70 133 72 56 71 103 93 130 13 101 142 27 99 28 65 63 124 22 84 129 78 53 30 92 21 107 79 8 6 145 97 135 146 48 25 85 137 96 47 116 45 126 95 108 32 7 35 17 143 141 74 34 66 100 16 58 132 1 148 39 105 2 59 18 19 43 115 61 80 49 138 104 11 118
Coste: 9639217

GENERACION: 34
Mejor Solucion:  77 131 82 114 60 67 117 24 55 76 40 36 140 139 62 83 12 54 110 120 3 90 111 5 106 4 69 37 42 91 136 73 14 144 10 89 44 64 38 15 0 88 46 123 51 147 149 119 86 50 113 127 112 26 81 128 29 68 33 57 134 121 94 31 87 20 98 122 109 9 23 125 41 75 52 102 70 133 72 56 71 103 93 130 13 101 142 27 99 28 65 63 124 22 84 129 78 53 30 92 21 107 79 8 6 145 97 135 146 48 25 85 137 96 47 116 45 126 95 108 32 7 35 17 143 141 74 34 66 100 16 58 132 1 148 39 105 2 59 18 19 43 115 61 80 49 138 104 11 118
Coste: 9639217

GENERACION: 35
Mejor Solucion:  77 131 82 114 60 67 117 24 55 76 40 36 140 139 62 83 12 54 110 120 3 90 111 5 106 4 69 37 42 91 136 73 14 144 10 89 44 64 38 15 0 88 46 123 51 147 149 119 86 50 113 127 112 26 81 128 29 68 33 57 134 121 94 31 87 20 98 122 109 9 23 125 41 75 52 102 70 133 72 56 71 103 93 130 13 101 142 27 99 28 65 63 124 22 84 129 78 53 30 92 21 107 79 8 6 145 97 135 146 48 25 85 137 96 47 116 45 126 95 108 32 7 35 17 143 141 74 34 66 100 16 58 132 1 148 39 105 2 59 18 19 43 115 61 80 49 138 104 11 118
Coste: 9639217

GENERACION: 36
Mejor Solucion:  77 131 82 114 60 67 117 24 55 76 40 36 140 139 62 83 12 54 110 120 3 90 111 5 106 4 69 37 42 91 136 73 14 144 10 89 44 64 38 15 0 88 46 123 51 147 149 119 86 50 113 127 112 26 81 128 29 68 33 57 134 121 94 31 87 20 98 122 109 9 23 125 41 75 52 102 70 133 72 56 71 103 93 130 13 101 142 27 99 28 65 63 124 22 84 129 78 53 30 92 21 107 79 8 6 145 97 135 146 48 25 85 137 96 47 116 45 126 95 108 32 7 35 17 143 141 74 34 66 100 16 58 132 1 148 39 105 2 59 18 19 43 115 61 80 49 138 104 11 118
Coste: 9639217

GENERACION: 37
Mejor Solucion:  77 131 82 114 60 67 117 24 55 76 40 36 140 139 62 83 12 54 110 120 3 90 111 5 106 4 69 37 42 91 136 73 14 144 10 89 44 64 38 15 0 88 46 123 51 147 149 119 86 50 113 127 112 26 81 128 29 68 33 57 134 121 94 31 87 20 98 122 109 9 23 125 41 75 52 102 70 133 72 56 71 103 93 130 13 101 142 27 99 28 65 63 124 22 84 129 78 53 30 92 21 107 79 8 6 145 97 135 146 48 25 85 137 96 47 116 45 126 95 108 32 7 35 17 143 141 74 34 66 100 16 58 132 1 148 39 105 2 59 18 19 43 115 61 80 49 138 104 11 118
Coste: 9639217

GENERACION: 38
Mejor Solucion:  77 131 82 114 60 67 117 24 55 76 40 36 140 139 62 83 12 54 110 120 3 90 111 5 106 4 69 37 42 91 136 73 14 144 10 89 44 64 38 15 0 88 46 123 51 147 149 119 86 50 113 127 112 26 81 128 29 68 33 57 134 121 94 31 87 20 98 122 109 9 23 125 41 75 52 102 70 133 72 56 71 103 93 130 13 101 142 27 99 28 65 63 124 22 84 129 78 53 30 92 21 107 79 8 6 145 97 135 146 48 25 85 137 96 47 116 45 126 95 108 32 7 35 17 143 141 74 34 66 100 16 58 132 1 148 39 105 2 59 18 19 43 115 61 80 49 138 104 11 118
Coste: 9639217

GENERACION: 39
Mejor Solucion:  77 131 82 114 60 67 117 24 55 76 40 36 140 139 62 83 12 54 110 120 3 90 111 5 106 4 69 37 42 91 136 73 14 144 10 89 44 64 38 15 0 88 46 123 51 147 149 119 86 50 113 127 112 26 81 128 29 68 33 57 134 121 94 31 87 20 98 122 109 9 23 125 41 75 52 102 70 133 72 56 71 103 93 130 13 101 142 27 99 28 65 63 124 22 84 129 78 53 30 92 21 107 79 8 6 145 97 135 146 48 25 85 137 96 47 116 45 126 95 108 32 7 35 17 143 141 74 34 66 100 16 58 132 1 148 39 105 2 59 18 19 43 115 61 80 49 138 104 11 118
Coste: 9639217

GENERACION: 40
Mejor Solucion:  43 107 67 57 122 18 12 61 56 41 95 120 46 14 130 22 114 29 54 51 3 149 111 11 106 19 1 9 5 91 136 73 85 144 94 89 44 64 62 88 116 115 121 101 92 13 102 47 86 50 113 99 49 118 81 82 6 68 7 8 134 39 145 28 45 20 34 84 109 129 143 108 32 90 52 33 65 133 72 137 53 126 80 110 147 123 48 78 0 37 4 69 17 97 31 40 27 127 66 140 79 138 148 42 24 25 77 135 75 142 103 23 63 74 36 2 100 87 112 21 117 26 10 30 58 141 96 139 98 131 16 119 132 15 59 71 76 124 83 70 38 60 35 128 146 125 104 105 55 93
Coste: 9610158

GENERACION: 41
Mejor Solucion:  43 107 67 57 122 18 12 61 56 41 95 120 46 14 130 22 114 29 54 51 3 149 111 11 106 19 1 9 5 91 136 73 85 144 94 89 44 64 62 88 116 115 121 101 92 13 102 47 86 50 113 99 49 118 81 82 6 68 7 8 134 39 145 28 45 20 34 84 109 129 143 108 32 90 52 33 65 133 72 137 53 126 80 110 147 123 48 78 0 37 4 69 17 97 31 40 27 127 66 140 79 138 148 42 24 25 77 135 75 142 103 23 63 74 36 2 100 87 112 21 117 26 10 30 58 141 96 139 98 131 16 119 132 15 59 71 76 124 83 70 38 60 35 128 146 125 104 105 55 93
Coste: 9610158

GENERACION: 42
Mejor Solucion:  43 107 67 57 122 18 12 61 56 41 95 120 46 14 130 22 114 29 54 51 3 149 111 11 106 19 1 9 5 91 136 73 85 144 94 89 44 64 62 88 116 115 121 101 92 13 102 47 86 50 113 99 49 118 81 82 6 68 7 8 134 39 145 28 45 20 34 84 109 129 143 108 32 90 52 33 65 133 72 137 53 126 80 110 147 123 48 78 0 37 4 69 17 97 31 40 27 127 66 140 79 138 148 42 24 25 77 135 75 142 103 23 63 74 36 2 100 87 112 21 117 26 10 30 58 141 96 139 98 131 16 119 132 15 59 71 76 124 83 70 38 60 35 128 146 125 104 105 55 93
Coste: 9610158

GENERACION: 43
Mejor Solucion:  43 107 67 57 122 18 12 61 56 41 95 120 46 14 130 22 114 29 54 51 3 149 111 11 106 19 1 9 5 91 136 73 85 144 94 89 44 64 62 88 116 115 121 101 92 13 102 47 86 50 113 99 49 118 81 82 6 68 7 8 134 39 145 28 45 20 34 84 109 129 143 108 32 90 52 33 65 133 72 137 53 126 80 110 147 123 48 78 0 37 4 69 17 97 31 40 27 127 66 140 79 138 148 42 24 25 77 135 75 142 103 23 63 74 36 2 100 87 112 21 117 26 10 30 58 141 96 139 98 131 16 119 132 15 59 71 76 124 83 70 38 60 35 128 146 125 104 105 55 93
Coste: 9610158

GENERACION: 44
Mejor Solucion:  43 107 67 57 122 18 12 61 56 41 95 120 46 14 130 22 114 29 54 51 3 149 111 11 106 19 1 9 5 91 136 73 85 144 94 89 44 64 62 88 116 115 121 101 92 13 102 47 86 50 113 99 49 118 81 82 6 68 7 8 134 39 145 28 45 20 34 84 109 129 143 108 32 90 52 33 65 133 72 137 53 126 80 110 147 123 48 78 0 37 4 69 17 97 31 40 27 127 66 140 79 138 148 42 24 25 77 135 75 142 103 23 63 74 36 2 100 87 112 21 117 26 10 30 58 141 96 139 98 131 16 119 132 15 59 71 76 124 83 70 38 60 35 128 146 125 104 105 55 93
Coste: 9610158

GENERACION: 45
Mejor Solucion:  43 107 67 57 122 18 12 61 56 41 95 120 46 14 130 22 114 29 54 51 3 149 111 11 106 19 1 9 5 91 136 73 85 144 94 89 44 64 62 88 116 115 121 101 92 13 102 47 86 50 113 99 49 118 81 82 6 68 7 8 134 39 145 28 45 20 34 84 109 129 143 108 32 90 52 33 65 133 72 137 53 126 80 110 147 123 48 78 0 37 4 69 17 97 31 40 27 127 66 140 79 138 148 42 24 25 77 135 75 142 103 23 63 74 36 2 100 87 112 21 117 26 10 30 58 141 96 139 98 131 16 119 132 15 59 71 76 124 83 70 38 60 35 128 146 125 104 105 55 93
Coste: 9610158

GENERACION: 46
Mejor Solucion:  43 107 67 57 122 18 12 61 56 41 95 120 46 14 130 22 114 29 54 51 3 149 111 11 106 19 1 9 5 91 136 73 85 144 94 89 44 64 62 88 116 115 121 101 92 13 102 47 86 50 113 99 49 118 81 82 6 68 7 8 134 39 145 28 45 20 34 84 109 129 143 108 32 90 52 33 65 133 72 137 53 126 80 110 147 123 48 78 0 37 4 69 17 97 31 40 27 127 66 140 79 138 148 42 24 25 77 135 75 142 103 23 63 74 36 2 100 87 112 21 117 26 10 30 58 141 96 139 98 131 16 119 132 15 59 71 76 124 83 70 38 60 35 128 146 125 104 105 55 93
Coste: 9610158

GENERACION: 47
Mejor Solucion:  43 107 67 57 122 18 12 61 56 41 95 120 46 14 130 22 114 29 54 51 3 149 111 11 106 19 1 9 5 91 136 73 85 144 94 89 44 64 62 88 116 115 121 101 92 13 102 47 86 50 113 99 49 118 81 82 6 68 7 8 134 39 145 28 45 20 34 84 109 129 143 108 32 90 52 33 65 133 72 137 53 126 80 110 147 123 48 78 0 37 4 69 17 97 31 40 27 127 66 140 79 138 148 42 24 25 77 135 75 142 103 23 63 74 36 2 100 87 112 21 117 26 10 30 58 141 96 139 98 131 16 119 132 15 59 71 76 124 83 70 38 60 35 128 146 125 104 105 55 93
Coste: 9610158

GENERACION: 48
Mejor Solucion:  43 107 67 57 122 18 12 61 56 41 95 120 46 14 130 22 114 29 54 51 3 149 111 11 106 19 1 9 5 91 136 73 85 144 94 89 44 64 62 88 116 115 121 101 92 13 102 47 86 50 113 99 49 118 81 82 6 68 7 8 134 39 145 28 45 20 34 84 109 129 143 108 32 90 52 33 65 133 72 137 53 126 80 110 147 123 48 78 0 37 4 69 17 97 31 40 27 127 66 140 79 138 148 42 24 25 77 135 75 142 103 23 63 74 36 2 100 87 112 21 117 26 10 30 58 141 96 139 98 131 16 119 132 15 59 71 76 124 83 70 38 60 35 128 146 125 104 105 55 93
Coste: 9610158

GENERACION: 49
Mejor Solucion:  43 107 67 57 122 18 12 61 56 41 95 120 46 14 130 22 114 29 54 51 3 149 111 11 106 19 1 9 5 91 136 73 85 144 94 89 44 64 62 88 116 115 121 101 92 13 102 47 86 50 113 99 49 118 81 82 6 68 7 8 134 39 145 28 45 20 34 84 109 129 143 108 32 90 52 33 65 133 72 137 53 126 80 110 147 123 48 78 0 37 4 69 17 97 31 40 27 127 66 140 79 138 148 42 24 25 77 135 75 142 103 23 63 74 36 2 100 87 112 21 117 26 10 30 58 141 96 139 98 131 16 119 132 15 59 71 76 124 83 70 38 60 35 128 146 125 104 105 55 93
Coste: 9610158

GENERACION: 50
Mejor Solucion:  43 107 67 57 122 18 12 61 56 41 95 120 46 14 130 22 114 29 54 51 3 149 111 11 106 19 1 9 5 91 136 73 85 144 94 89 44 64 62 88 116 115 121 101 92 13 102 47 86 50 113 99 49 118 81 82 6 68 7 8 134 39 145 28 45 20 34 84 109 129 143 108 32 90 52 33 65 133 72 137 53 126 80 110 147 123 48 78 0 37 4 69 17 97 31 40 27 127 66 140 79 138 148 42 24 25 77 135 75 142 103 23 63 74 36 2 100 87 112 21 117 26 10 30 58 141 96 139 98 131 16 119 132 15 59 71 76 124 83 70 38 60 35 128 146 125 104 105 55 93
Coste: 9610158

GENERACION: 51
Mejor Solucion:  43 107 67 57 122 18 12 61 56 41 95 120 46 14 130 22 114 29 54 51 3 149 111 11 106 19 1 9 5 91 136 73 85 144 94 89 44 64 62 88 116 115 121 101 92 13 102 47 86 50 113 99 49 118 81 82 6 68 7 8 134 39 145 28 45 20 34 84 109 129 143 108 32 90 52 33 65 133 72 137 53 126 80 110 147 123 48 78 0 37 4 69 17 97 31 40 27 127 66 140 79 138 148 42 24 25 77 135 75 142 103 23 63 74 36 2 100 87 112 21 117 26 10 30 58 141 96 139 98 131 16 119 132 15 59 71 76 124 83 70 38 60 35 128 146 125 104 105 55 93
Coste: 9610158

GENERACION: 52
Mejor Solucion:  43 107 67 57 122 18 12 61 56 41 95 120 46 14 130 22 114 29 54 51 3 149 111 11 106 19 1 9 5 91 136 73 85 144 94 89 44 64 62 88 116 115 121 101 92 13 102 47 86 50 113 99 49 118 81 82 6 68 7 8 134 39 145 28 45 20 34 84 109 129 143 108 32 90 52 33 65 133 72 137 53 126 80 110 147 123 48 78 0 37 4 69 17 97 31 40 27 127 66 140 79 138 148 42 24 25 77 135 75 142 103 23 63 74 36 2 100 87 112 21 117 26 10 30 58 141 96 139 98 131 16 119 132 15 59 71 76 124 83 70 38 60 35 128 146 125 104 105 55 93
Coste: 9610158

GENERACION: 53
Mejor Solucion:  43 107 67 57 122 18 12 61 56 41 95 120 46 14 130 22 114 29 54 51 3 149 111 11 106 19 1 9 5 91 136 73 85 144 94 89 44 64 62 88 116 115 121 101 92 13 102 47 86 50 113 99 49 118 81 82 6 68 7 8 134 39 145 28 45 20 34 84 109 129 143 108 32 90 52 33 65 133 72 137 53 126 80 110 147 123 48 78 0 37 4 69 17 97 31 40 27 127 66 140 79 138 148 42 24 25 77 135 75 142 103 23 63 74 36 2 100 87 112 21 117 26 10 30 58 141 96 139 98 131 16 119 132 15 59 71 76 124 83 70 38 60 35 128 146 125 104 105 55 93
Coste: 9610158

GENERACION: 54
Mejor Solucion:  43 107 67 57 122 18 12 61 56 41 95 120 46 14 130 22 114 29 54 51 3 149 111 11 106 19 1 9 5 91 136 73 85 144 94 89 44 64 62 88 116 115 121 101 92 13 102 47 86 50 113 99 49 118 81 82 6 68 7 8 134 39 145 28 45 20 34 84 109 129 143 108 32 90 52 33 65 133 72 137 53 126 80 110 147 123 48 78 0 37 4 69 17 97 31 40 27 127 66 140 79 138 148 42 24 25 77 135 75 142 103 23 63 74 36 2 100 87 112 21 117 26 10 30 58 141 96 139 98 131 16 119 132 15 59 71 76 124 83 70 38 60 35 128 146 125 104 105 55 93
Coste: 9610158

GENERACION: 55
Mejor Solucion:  43 107 67 57 122 18 12 61 56 41 95 120 46 14 130 22 114 29 54 51 3 149 111 11 106 19 1 9 5 91 136 73 85 144 94 89 44 64 62 88 116 115 121 101 92 13 102 47 86 50 113 99 49 118 81 82 6 68 7 8 134 39 145 28 45 20 34 84 109 129 143 108 32 90 52 33 65 133 72 137 53 126 80 110 147 123 48 78 0 37 4 69 17 97 31 40 27 127 66 140 79 138 148 42 24 25 77 135 75 142 103 23 63 74 36 2 100 87 112 21 117 26 10 30 58 141 96 139 98 131 16 119 132 15 59 71 76 124 83 70 38 60 35 128 146 125 104 105 55 93
Coste: 9610158

GENERACION: 56
Mejor Solucion:  43 107 67 57 122 18 12 61 56 41 95 120 46 14 130 22 114 29 54 51 3 149 111 11 106 19 1 9 5 91 136 73 85 144 94 89 44 64 62 88 116 115 121 101 92 13 102 47 86 50 113 99 49 118 81 82 6 68 7 8 134 39 145 28 45 20 34 84 109 129 143 108 32 90 52 33 65 133 72 137 53 126 80 110 147 123 48 78 0 37 4 69 17 97 31 40 27 127 66 140 79 138 148 42 24 25 77 135 75 142 103 23 63 74 36 2 100 87 112 21 117 26 10 30 58 141 96 139 98 131 16 119 132 15 59 71 76 124 83 70 38 60 35 128 146 125 104 105 55 93
Coste: 9610158

GENERACION: 57
Mejor Solucion:  43 107 67 57 122 18 12 61 56 41 95 120 46 14 130 22 114 29 54 51 3 149 111 11 106 19 1 9 5 91 136 73 85 144 94 89 44 64 62 88 116 115 121 101 92 13 102 47 86 50 113 99 49 118 81 82 6 68 7 8 134 39 145 28 45 20 34 84 109 129 143 108 32 90 52 33 65 133 72 137 53 126 80 110 147 123 48 78 0 37 4 69 17 97 31 40 27 127 66 140 79 138 148 42 24 25 77 135 75 142 103 23 63 74 36 2 100 87 112 21 117 26 10 30 58 141 96 139 98 131 16 119 132 15 59 71 76 124 83 70 38 60 35 128 146 125 104 105 55 93
Coste: 9610158

GENERACION: 58
Mejor Solucion:  43 107 67 57 122 18 12 61 56 41 95 120 46 14 130 22 114 29 54 51 3 149 111 11 106 19 1 9 5 91 136 73 85 144 94 89 44 64 62 88 116 115 121 101 92 13 102 47 86 50 113 99 49 118 81 82 6 68 7 8 134 39 145 28 45 20 34 84 109 129 143 108 32 90 52 33 65 133 72 137 53 126 80 110 147 123 48 78 0 37 4 69 17 97 31 40 27 127 66 140 79 138 148 42 24 25 77 135 75 142 103 23 63 74 36 2 100 87 112 21 117 26 10 30 58 141 96 139 98 131 16 119 132 15 59 71 76 124 83 70 38 60 35 128 146 125 104 105 55 93
Coste: 9610158

GENERACION: 59
Mejor Solucion:  43 107 67 57 122 18 12 61 56 41 95 120 46 14 130 22 114 29 54 51 3 149 111 11 106 19 1 9 5 91 136 73 85 144 94 89 44 64 62 88 116 115 121 101 92 13 102 47 86 50 113 99 49 118 81 82 6 68 7 8 134 39 145 28 45 20 34 84 109 129 143 108 32 90 52 33 65 133 72 137 53 126 80 110 147 123 48 78 0 37 4 69 17 97 31 40 27 127 66 140 79 138 148 42 24 25 77 135 75 142 103 23 63 74 36 2 100 87 112 21 117 26 10 30 58 141 96 139 98 131 16 119 132 15 59 71 76 124 83 70 38 60 35 128 146 125 104 105 55 93
Coste: 9610158

GENERACION: 60
Mejor Solucion:  43 107 67 57 122 18 12 61 56 41 95 120 46 14 130 22 114 29 54 51 3 149 111 11 106 19 1 9 5 91 136 73 85 144 94 89 44 64 62 88 116 115 121 101 92 13 102 47 86 50 113 99 49 118 81 82 6 68 7 8 134 39 145 28 45 20 34 84 109 129 143 108 32 90 52 33 65 133 72 137 53 126 80 110 147 123 48 78 0 37 4 69 17 97 31 40 27 127 66 140 79 138 148 42 24 25 77 135 75 142 103 23 63 74 36 2 100 87 112 21 117 26 10 30 58 141 96 139 98 131 16 119 132 15 59 71 76 124 83 70 38 60 35 128 146 125 104 105 55 93
Coste: 9610158

