GENERACION: 1
Mejor Solucion:  107 53 148 11 43 72 136 93 129 13 22 91 67 15 19 118 95 12 81 30 1 23 125 55 59 77 71 60 133 94 47 113 6 5 135 8 79 132 110 16 29 46 39 40 21 115 124 96 98 64 65 119 44 88 62 130 100 50 35 138 48 137 10 45 36 102 56 32 38 3 7 111 33 145 26 134 139 106 85 90 86 14 20 84 18 140 127 73 126 82 123 78 37 128 49 61 27 41 54 117 74 109 69 4 34 83 52 114 116 28 42 51 99 89 131 87 146 2 105 144 58 75 68 108 63 103 122 31 112 66 0 104 143 149 121 101 141 80 142 92 147 9 120 25 24 97 57 76 17 70
Coste: 9715542

GENERACION: 2
Mejor Solucion:  107 53 148 11 43 72 136 93 129 13 22 91 67 15 19 118 95 12 81 30 1 23 125 55 59 77 71 60 133 94 47 113 6 5 135 8 79 132 110 16 29 46 39 40 21 115 124 96 98 64 65 119 44 88 62 130 100 50 35 138 48 137 10 45 36 102 56 32 38 3 7 111 33 145 26 134 139 106 85 90 86 14 20 84 18 140 127 73 126 82 123 78 37 128 49 61 27 41 54 117 74 109 69 4 34 83 52 114 116 28 42 51 99 89 131 87 146 2 105 144 58 75 68 108 63 103 122 31 112 66 0 104 143 149 121 101 141 80 142 92 147 9 120 25 24 97 57 76 17 70
Coste: 9715542

GENERACION: 3
Mejor Solucion:  107 53 148 11 43 72 136 93 129 13 22 91 67 15 19 118 95 12 81 30 1 23 125 55 59 77 71 60 133 94 47 113 6 5 135 8 79 132 110 16 29 46 39 40 21 115 124 96 98 64 65 119 44 88 62 130 100 50 35 138 48 137 10 45 36 102 56 32 38 3 7 111 33 145 26 134 139 106 85 90 86 14 20 84 18 140 127 73 126 82 123 78 37 128 49 61 27 41 54 117 74 109 69 4 34 83 52 114 116 28 42 51 99 89 131 87 146 2 105 144 58 75 68 108 63 103 122 31 112 66 0 104 143 149 121 101 141 80 142 92 147 9 120 25 24 97 57 76 17 70
Coste: 9715542

GENERACION: 4
Mejor Solucion:  107 53 148 11 43 72 136 93 129 13 22 91 67 15 19 118 95 12 81 30 1 23 125 55 59 77 71 60 133 94 47 113 6 5 135 8 79 132 110 16 29 46 39 40 21 115 124 96 98 64 65 119 44 88 62 130 100 50 35 138 48 137 10 45 36 102 56 32 38 3 7 111 33 145 26 134 139 106 85 90 86 14 20 84 18 140 127 73 126 82 123 78 37 128 49 61 27 41 54 117 74 109 69 4 34 83 52 114 116 28 42 51 99 89 131 87 146 2 105 144 58 75 68 108 63 103 122 31 112 66 0 104 143 149 121 101 141 80 142 92 147 9 120 25 24 97 57 76 17 70
Coste: 9715542

GENERACION: 5
Mejor Solucion:  107 53 148 11 43 72 136 93 129 13 22 91 67 15 19 118 95 12 81 30 1 23 125 55 59 77 71 60 133 94 47 113 6 5 135 8 79 132 110 16 29 46 39 40 21 115 124 96 98 64 65 119 44 88 62 130 100 50 35 138 48 137 10 45 36 102 56 32 38 3 7 111 33 145 26 134 139 106 85 90 86 14 20 84 18 140 127 73 126 82 123 78 37 128 49 61 27 41 54 117 74 109 69 4 34 83 52 114 116 28 42 51 99 89 131 87 146 2 105 144 58 75 68 108 63 103 122 31 112 66 0 104 143 149 121 101 141 80 142 92 147 9 120 25 24 97 57 76 17 70
Coste: 9715542

GENERACION: 6
Mejor Solucion:  107 53 148 11 43 72 136 93 129 13 22 91 67 15 19 118 95 12 81 30 1 23 125 55 59 77 71 60 133 94 47 113 6 5 135 8 79 132 110 16 29 46 39 40 21 115 124 96 98 64 65 119 44 88 62 130 100 50 35 138 48 137 10 45 36 102 56 32 38 3 7 111 33 145 26 134 139 106 85 90 86 14 20 84 18 140 127 73 126 82 123 78 37 128 49 61 27 41 54 117 74 109 69 4 34 83 52 114 116 28 42 51 99 89 131 87 146 2 105 144 58 75 68 108 63 103 122 31 112 66 0 104 143 149 121 101 141 80 142 92 147 9 120 25 24 97 57 76 17 70
Coste: 9715542

GENERACION: 7
Mejor Solucion:  107 53 148 11 43 72 136 93 129 13 22 91 67 15 19 118 95 12 81 30 1 23 125 55 59 77 71 60 133 94 47 113 6 5 135 8 79 132 110 16 29 46 39 40 21 115 124 96 98 64 65 119 44 88 62 130 100 50 35 138 48 137 10 45 36 102 56 32 38 3 7 111 33 145 26 134 139 106 85 90 86 14 20 84 18 140 127 73 126 82 123 78 37 128 49 61 27 41 54 117 74 109 69 4 34 83 52 114 116 28 42 51 99 89 131 87 146 2 105 144 58 75 68 108 63 103 122 31 112 66 0 104 143 149 121 101 141 80 142 92 147 9 120 25 24 97 57 76 17 70
Coste: 9715542

GENERACION: 8
Mejor Solucion:  107 53 148 11 43 72 136 93 129 13 22 91 67 15 19 118 95 12 81 30 1 23 125 55 59 77 71 60 133 94 47 113 6 5 135 8 79 132 110 16 29 46 39 40 21 115 124 96 98 64 65 119 44 88 62 130 100 50 35 138 48 137 10 45 36 102 56 32 38 3 7 111 33 145 26 134 139 106 85 90 86 14 20 84 18 140 127 73 126 82 123 78 37 128 49 61 27 41 54 117 74 109 69 4 34 83 52 114 116 28 42 51 99 89 131 87 146 2 105 144 58 75 68 108 63 103 122 31 112 66 0 104 143 149 121 101 141 80 142 92 147 9 120 25 24 97 57 76 17 70
Coste: 9715542

GENERACION: 9
Mejor Solucion:  107 53 148 11 43 72 136 93 129 13 22 91 67 15 19 118 95 12 81 30 1 23 125 55 59 77 71 60 133 94 47 113 6 5 135 8 79 132 110 16 29 46 39 40 21 115 124 96 98 64 65 119 44 88 62 130 100 50 35 138 48 137 10 45 36 102 56 32 38 3 7 111 33 145 26 134 139 106 85 90 86 14 20 84 18 140 127 73 126 82 123 78 37 128 49 61 27 41 54 117 74 109 69 4 34 83 52 114 116 28 42 51 99 89 131 87 146 2 105 144 58 75 68 108 63 103 122 31 112 66 0 104 143 149 121 101 141 80 142 92 147 9 120 25 24 97 57 76 17 70
Coste: 9715542

GENERACION: 10
Mejor Solucion:  107 53 148 11 43 103 136 109 128 13 22 91 67 15 19 118 95 12 23 14 1 131 114 55 25 77 71 60 34 102 57 113 6 116 135 8 79 132 110 16 29 46 39 52 21 115 124 96 73 64 61 42 44 88 62 130 100 89 133 138 48 137 10 45 36 69 56 17 38 3 54 111 33 145 26 134 139 106 85 99 5 30 20 84 18 140 127 126 98 87 93 78 37 129 40 65 125 94 7 50 47 41 123 76 35 63 49 27 86 28 51 119 90 117 74 4 146 2 105 144 58 75 59 108 83 72 122 31 112 66 0 104 143 149 121 101 141 80 142 92 147 9 120 68 24 97 81 82 32 70
Coste: 9696926

GENERACION: 11
Mejor Solucion:  107 53 148 11 43 103 136 109 128 13 22 91 67 15 19 118 95 12 23 14 1 131 114 55 25 77 71 60 34 102 57 113 6 116 135 8 79 132 110 16 29 46 39 52 21 115 124 96 73 64 61 42 44 88 62 130 100 89 133 138 48 137 10 45 36 69 56 17 38 3 54 111 33 145 26 134 139 106 85 99 5 30 20 84 18 140 127 126 98 87 93 78 37 129 40 65 125 94 7 50 47 41 123 76 35 63 49 27 86 28 51 119 90 117 74 4 146 2 105 144 58 75 59 108 83 72 122 31 112 66 0 104 143 149 121 101 141 80 142 92 147 9 120 68 24 97 81 82 32 70
Coste: 9696926

GENERACION: 12
Mejor Solucion:  107 53 148 11 43 103 136 109 128 13 22 91 67 15 19 118 95 12 23 14 1 131 114 55 25 77 71 60 34 102 57 113 6 116 135 8 79 132 110 16 29 46 39 52 21 115 124 96 73 64 61 42 44 88 62 130 100 89 133 138 48 137 10 45 36 69 56 17 38 3 54 111 33 145 26 134 139 106 85 99 5 30 20 84 18 140 127 126 98 87 93 78 37 129 40 65 125 94 7 50 47 41 123 76 35 63 49 27 86 28 51 119 90 117 74 4 146 2 105 144 58 75 59 108 83 72 122 31 112 66 0 104 143 149 121 101 141 80 142 92 147 9 120 68 24 97 81 82 32 70
Coste: 9696926

GENERACION: 13
Mejor Solucion:  107 53 148 11 43 103 136 109 128 13 22 91 67 15 19 118 95 12 23 14 1 131 114 55 25 77 71 60 34 102 57 113 6 116 135 8 79 132 110 16 29 46 39 52 21 115 124 96 73 64 61 42 44 88 62 130 100 89 133 138 48 137 10 45 36 69 56 17 38 3 54 111 33 145 26 134 139 106 85 99 5 30 20 84 18 140 127 126 98 87 93 78 37 129 40 65 125 94 7 50 47 41 123 76 35 63 49 27 86 28 51 119 90 117 74 4 146 2 105 144 58 75 59 108 83 72 122 31 112 66 0 104 143 149 121 101 141 80 142 92 147 9 120 68 24 97 81 82 32 70
Coste: 9696926

GENERACION: 14
Mejor Solucion:  107 53 131 11 75 103 68 89 95 135 10 41 123 15 105 38 43 83 77 149 59 37 58 124 60 33 142 104 0 109 70 3 88 101 139 94 6 50 78 118 91 99 112 130 148 48 97 20 144 143 125 122 80 21 69 129 55 86 16 134 82 24 132 133 56 67 64 18 34 65 44 115 111 121 98 116 110 61 14 108 19 31 13 81 137 62 47 126 138 32 93 100 42 52 40 87 71 8 46 141 127 23 140 54 35 63 49 27 12 28 51 119 4 39 90 25 17 2 29 73 5 1 146 7 145 79 106 30 117 66 96 57 120 85 102 114 76 136 26 92 147 9 72 45 74 36 128 84 113 22
Coste: 9683330

GENERACION: 15
Mejor Solucion:  107 53 131 11 75 103 68 89 95 135 10 41 123 15 105 38 43 83 77 149 59 37 58 124 60 33 142 104 0 109 70 3 88 101 139 94 6 50 78 118 91 99 112 130 148 48 97 20 144 143 125 122 80 21 69 129 55 86 16 134 82 24 132 133 56 67 64 18 34 65 44 115 111 121 98 116 110 61 14 108 19 31 13 81 137 62 47 126 138 32 93 100 42 52 40 87 71 8 46 141 127 23 140 54 35 63 49 27 12 28 51 119 4 39 90 25 17 2 29 73 5 1 146 7 145 79 106 30 117 66 96 57 120 85 102 114 76 136 26 92 147 9 72 45 74 36 128 84 113 22
Coste: 9683330

GENERACION: 16
Mejor Solucion:  107 53 131 11 75 103 68 89 95 135 10 41 123 15 105 38 43 83 77 149 59 37 58 124 60 33 142 104 0 109 70 3 88 101 139 94 6 50 78 118 91 99 112 130 148 48 97 20 144 143 125 122 80 21 69 129 55 86 16 134 82 24 132 133 56 67 64 18 34 65 44 115 111 121 98 116 110 61 14 108 19 31 13 81 137 62 47 126 138 32 93 100 42 52 40 87 71 8 46 141 127 23 140 54 35 63 49 27 12 28 51 119 4 39 90 25 17 2 29 73 5 1 146 7 145 79 106 30 117 66 96 57 120 85 102 114 76 136 26 92 147 9 72 45 74 36 128 84 113 22
Coste: 9683330

GENERACION: 17
Mejor Solucion:  107 53 131 11 75 103 68 89 95 135 10 41 123 15 105 38 43 83 77 149 59 37 58 124 60 33 142 104 0 109 70 3 88 101 139 94 6 50 78 118 91 99 112 130 148 48 97 20 144 143 125 122 80 21 69 129 55 86 16 134 82 24 132 133 56 67 64 18 34 65 44 115 111 121 98 116 110 61 14 108 19 31 13 81 137 62 47 126 138 32 93 100 42 52 40 87 71 8 46 141 127 23 140 54 35 63 49 27 12 28 51 119 4 39 90 25 17 2 29 73 5 1 146 7 145 79 106 30 117 66 96 57 120 85 102 114 76 136 26 92 147 9 72 45 74 36 128 84 113 22
Coste: 9683330

GENERACION: 18
Mejor Solucion:  107 53 131 11 75 103 68 89 95 135 10 41 123 15 105 38 43 83 77 149 59 37 58 124 60 33 142 104 0 109 70 3 88 101 139 94 6 50 78 118 91 99 112 130 148 48 97 20 144 143 125 122 80 21 69 129 55 86 16 134 82 24 132 133 56 67 64 18 34 65 44 115 111 121 98 116 110 61 14 108 19 31 13 81 137 62 47 126 138 32 93 100 42 52 40 87 71 8 46 141 127 23 140 54 35 63 49 27 12 28 51 119 4 39 90 25 17 2 29 73 5 1 146 7 145 79 106 30 117 66 96 57 120 85 102 114 76 136 26 92 147 9 72 45 74 36 128 84 113 22
Coste: 9683330

GENERACION: 19
Mejor Solucion:  107 53 131 11 75 103 68 89 95 135 10 41 123 15 105 38 43 83 77 149 59 37 58 124 60 33 142 104 0 109 70 3 88 101 139 94 6 50 78 118 91 99 112 130 148 48 97 20 144 143 125 122 80 21 69 129 55 86 16 134 82 24 132 133 56 67 64 18 34 65 44 115 111 121 98 116 110 61 14 108 19 31 13 81 137 62 47 126 138 32 93 100 42 52 40 87 71 8 46 141 127 23 140 54 35 63 49 27 12 28 51 119 4 39 90 25 17 2 29 73 5 1 146 7 145 79 106 30 117 66 96 57 120 85 102 114 76 136 26 92 147 9 72 45 74 36 128 84 113 22
Coste: 9683330

GENERACION: 20
Mejor Solucion:  107 53 131 11 75 103 68 89 95 135 10 41 123 15 105 38 43 83 77 149 59 37 58 124 60 33 142 104 0 109 70 3 88 101 139 94 6 50 78 118 91 99 112 130 148 48 97 20 144 143 125 122 80 21 69 129 55 86 16 134 82 24 132 133 56 67 64 18 34 65 44 115 111 121 98 116 110 61 14 108 19 31 13 81 137 62 47 126 138 32 93 100 42 52 40 87 71 8 46 141 127 23 140 54 35 63 49 27 12 28 51 119 4 39 90 25 17 2 29 73 5 1 146 7 145 79 106 30 117 66 96 57 120 85 102 114 76 136 26 92 147 9 72 45 74 36 128 84 113 22
Coste: 9683330

GENERACION: 21
Mejor Solucion:  107 53 131 11 75 103 68 89 95 135 10 41 123 15 105 38 43 83 77 149 59 37 58 124 60 33 142 104 0 109 70 3 88 101 139 94 6 50 78 118 91 99 112 130 148 48 97 20 144 143 125 122 80 21 69 129 55 86 16 134 82 24 132 133 56 67 64 18 34 65 44 115 111 121 98 116 110 61 14 108 19 31 13 81 137 62 47 126 138 32 93 100 42 52 40 87 71 8 46 141 127 23 140 54 35 63 49 27 12 28 51 119 4 39 90 25 17 2 29 73 5 1 146 7 145 79 106 30 117 66 96 57 120 85 102 114 76 136 26 92 147 9 72 45 74 36 128 84 113 22
Coste: 9683330

GENERACION: 22
Mejor Solucion:  107 53 131 11 75 103 68 89 95 135 10 41 123 15 105 38 43 83 77 149 59 37 58 124 60 33 142 104 0 109 70 3 88 101 139 94 6 50 78 118 91 99 112 130 148 48 97 20 144 143 125 122 80 21 69 129 55 86 16 134 82 24 132 133 56 67 64 18 34 65 44 115 111 121 98 116 110 61 14 108 19 31 13 81 137 62 47 126 138 32 93 100 42 52 40 87 71 8 46 141 127 23 140 54 35 63 49 27 12 28 51 119 4 39 90 25 17 2 29 73 5 1 146 7 145 79 106 30 117 66 96 57 120 85 102 114 76 136 26 92 147 9 72 45 74 36 128 84 113 22
Coste: 9683330

GENERACION: 23
Mejor Solucion:  107 53 131 11 75 103 68 89 95 135 10 41 123 15 105 38 43 83 77 149 59 37 58 124 60 33 142 104 0 109 70 3 88 101 139 94 6 50 78 118 91 99 112 130 148 48 97 20 144 143 125 122 80 21 69 129 55 86 16 134 82 24 132 133 56 67 64 18 34 65 44 115 111 121 98 116 110 61 14 108 19 31 13 81 137 62 47 126 138 32 93 100 42 52 40 87 71 8 46 141 127 23 140 54 35 63 49 27 12 28 51 119 4 39 90 25 17 2 29 73 5 1 146 7 145 79 106 30 117 66 96 57 120 85 102 114 76 136 26 92 147 9 72 45 74 36 128 84 113 22
Coste: 9683330

GENERACION: 24
Mejor Solucion:  107 53 131 11 75 103 68 89 95 135 10 41 123 15 105 38 43 83 77 149 59 37 58 124 60 33 142 104 0 109 70 3 88 101 139 94 6 50 78 118 91 99 112 130 148 48 97 20 144 143 125 122 80 21 69 129 55 86 16 134 82 24 132 133 56 67 64 18 34 65 44 115 111 121 98 116 110 61 14 108 19 31 13 81 137 62 47 126 138 32 93 100 42 52 40 87 71 8 46 141 127 23 140 54 35 63 49 27 12 28 51 119 4 39 90 25 17 2 29 73 5 1 146 7 145 79 106 30 117 66 96 57 120 85 102 114 76 136 26 92 147 9 72 45 74 36 128 84 113 22
Coste: 9683330

GENERACION: 25
Mejor Solucion:  107 53 131 11 75 103 68 89 95 135 10 41 123 15 105 38 43 83 77 149 59 37 58 124 60 33 142 104 0 109 70 3 88 101 139 94 6 50 78 118 91 99 112 130 148 48 97 20 144 143 125 122 80 21 69 129 55 86 16 134 82 24 132 133 56 67 64 18 34 65 44 115 111 121 98 116 110 61 14 108 19 31 13 81 137 62 47 126 138 32 93 100 42 52 40 87 71 8 46 141 127 23 140 54 35 63 49 27 12 28 51 119 4 39 90 25 17 2 29 73 5 1 146 7 145 79 106 30 117 66 96 57 120 85 102 114 76 136 26 92 147 9 72 45 74 36 128 84 113 22
Coste: 9683330

GENERACION: 26
Mejor Solucion:  107 53 131 11 75 103 68 89 95 135 10 41 123 15 105 38 43 83 77 149 59 37 58 124 60 33 142 104 0 109 70 3 88 101 139 94 6 50 78 118 91 99 112 130 148 48 97 20 144 143 125 122 80 21 69 129 55 86 16 134 82 24 132 133 56 67 64 18 34 65 44 115 111 121 98 116 110 61 14 108 19 31 13 81 137 62 47 126 138 32 93 100 42 52 40 87 71 8 46 141 127 23 140 54 35 63 49 27 12 28 51 119 4 39 90 25 17 2 29 73 5 1 146 7 145 79 106 30 117 66 96 57 120 85 102 114 76 136 26 92 147 9 72 45 74 36 128 84 113 22
Coste: 9683330

GENERACION: 27
Mejor Solucion:  107 53 131 11 75 103 68 89 95 135 10 41 123 15 105 38 43 83 77 149 59 37 58 124 60 33 142 104 0 109 70 3 88 101 139 94 6 50 78 118 91 99 112 130 148 48 97 20 144 143 125 122 80 21 69 129 55 86 16 134 82 24 132 133 56 67 64 18 34 65 44 115 111 121 98 116 110 61 14 108 19 31 13 81 137 62 47 126 138 32 93 100 42 52 40 87 71 8 46 141 127 23 140 54 35 63 49 27 12 28 51 119 4 39 90 25 17 2 29 73 5 1 146 7 145 79 106 30 117 66 96 57 120 85 102 114 76 136 26 92 147 9 72 45 74 36 128 84 113 22
Coste: 9683330

GENERACION: 28
Mejor Solucion:  107 53 131 11 75 103 68 89 95 135 10 41 123 15 105 38 43 83 77 149 59 37 58 124 60 33 142 104 0 109 70 3 88 101 139 94 6 50 78 118 91 99 112 130 148 48 97 20 144 143 125 122 80 21 69 129 55 86 16 134 82 24 132 133 56 67 64 18 34 65 44 115 111 121 98 116 110 61 14 108 19 31 13 81 137 62 47 126 138 32 93 100 42 52 40 87 71 8 46 141 127 23 140 54 35 63 49 27 12 28 51 119 4 39 90 25 17 2 29 73 5 1 146 7 145 79 106 30 117 66 96 57 120 85 102 114 76 136 26 92 147 9 72 45 74 36 128 84 113 22
Coste: 9683330

GENERACION: 29
Mejor Solucion:  107 53 131 11 75 103 68 89 95 135 10 41 123 15 105 38 43 83 77 149 59 37 58 124 60 33 142 104 0 109 70 3 88 101 139 94 6 50 78 118 91 99 112 130 148 48 97 20 144 143 125 122 80 21 69 129 55 86 16 134 82 24 132 133 56 67 64 18 34 65 44 115 111 121 98 116 110 61 14 108 19 31 13 81 137 62 47 126 138 32 93 100 42 52 40 87 71 8 46 141 127 23 140 54 35 63 49 27 12 28 51 119 4 39 90 25 17 2 29 73 5 1 146 7 145 79 106 30 117 66 96 57 120 85 102 114 76 136 26 92 147 9 72 45 74 36 128 84 113 22
Coste: 9683330

GENERACION: 30
Mejor Solucion:  107 53 131 11 75 103 68 89 95 135 10 41 123 15 105 38 43 83 77 149 59 37 58 124 60 33 142 104 0 109 70 3 88 101 139 94 6 50 78 118 91 99 112 130 148 48 97 20 144 143 125 122 80 21 69 129 55 86 16 134 82 24 132 133 56 67 64 18 34 65 44 115 111 121 98 116 110 61 14 108 19 31 13 81 137 62 47 126 138 32 93 100 42 52 40 87 71 8 46 141 127 23 140 54 35 63 49 27 12 28 51 119 4 39 90 25 17 2 29 73 5 1 146 7 145 79 106 30 117 66 96 57 120 85 102 114 76 136 26 92 147 9 72 45 74 36 128 84 113 22
Coste: 9683330

GENERACION: 31
Mejor Solucion:  107 53 131 11 75 103 68 89 95 135 10 41 123 15 105 38 43 83 77 149 59 37 58 124 60 33 142 104 0 109 70 3 88 101 139 94 6 50 78 118 91 99 112 130 148 48 97 20 144 143 125 122 80 21 69 129 55 86 16 134 82 24 132 133 56 67 64 18 34 65 44 115 111 121 98 116 110 61 14 108 19 31 13 81 137 62 47 126 138 32 93 100 42 52 40 87 71 8 46 141 127 23 140 54 35 63 49 27 12 28 51 119 4 39 90 25 17 2 29 73 5 1 146 7 145 79 106 30 117 66 96 57 120 85 102 114 76 136 26 92 147 9 72 45 74 36 128 84 113 22
Coste: 9683330

GENERACION: 32
Mejor Solucion:  107 53 131 11 75 103 68 89 95 135 10 41 123 15 105 38 43 83 77 149 59 37 58 124 60 33 142 104 0 109 70 3 88 101 139 94 6 50 78 118 91 99 112 130 148 48 97 20 144 143 125 122 80 21 69 129 55 86 16 134 82 24 132 133 56 67 64 18 34 65 44 115 111 121 98 116 110 61 14 108 19 31 13 81 137 62 47 126 138 32 93 100 42 52 40 87 71 8 46 141 127 23 140 54 35 63 49 27 12 28 51 119 4 39 90 25 17 2 29 73 5 1 146 7 145 79 106 30 117 66 96 57 120 85 102 114 76 136 26 92 147 9 72 45 74 36 128 84 113 22
Coste: 9683330

GENERACION: 33
Mejor Solucion:  107 53 131 11 75 103 68 89 95 135 10 41 123 15 105 38 43 83 77 149 59 37 58 124 60 33 142 104 0 109 70 3 88 101 139 94 6 50 78 118 91 99 112 130 148 48 97 20 144 143 125 122 80 21 69 129 55 86 16 134 82 24 132 133 56 67 64 18 34 65 44 115 111 121 98 116 110 61 14 108 19 31 13 81 137 62 47 126 138 32 93 100 42 52 40 87 71 8 46 141 127 23 140 54 35 63 49 27 12 28 51 119 4 39 90 25 17 2 29 73 5 1 146 7 145 79 106 30 117 66 96 57 120 85 102 114 76 136 26 92 147 9 72 45 74 36 128 84 113 22
Coste: 9683330

GENERACION: 34
Mejor Solucion:  107 53 131 11 75 103 68 89 95 135 10 41 123 15 105 38 43 83 77 149 59 37 58 124 60 33 142 104 0 109 70 3 88 101 139 94 6 50 78 118 91 99 112 130 148 48 97 20 144 143 125 122 80 21 69 129 55 86 16 134 82 24 132 133 56 67 64 18 34 65 44 115 111 121 98 116 110 61 14 108 19 31 13 81 137 62 47 126 138 32 93 100 42 52 40 87 71 8 46 141 127 23 140 54 35 63 49 27 12 28 51 119 4 39 90 25 17 2 29 73 5 1 146 7 145 79 106 30 117 66 96 57 120 85 102 114 76 136 26 92 147 9 72 45 74 36 128 84 113 22
Coste: 9683330

GENERACION: 35
Mejor Solucion:  107 53 131 11 75 103 68 89 95 135 10 41 123 15 105 38 43 83 77 149 59 37 58 124 60 33 142 104 0 109 70 3 88 101 139 94 6 50 78 118 91 99 112 130 148 48 97 20 144 143 125 122 80 21 69 129 55 86 16 134 82 24 132 133 56 67 64 18 34 65 44 115 111 121 98 116 110 61 14 108 19 31 13 81 137 62 47 126 138 32 93 100 42 52 40 87 71 8 46 141 127 23 140 54 35 63 49 27 12 28 51 119 4 39 90 25 17 2 29 73 5 1 146 7 145 79 106 30 117 66 96 57 120 85 102 114 76 136 26 92 147 9 72 45 74 36 128 84 113 22
Coste: 9683330

GENERACION: 36
Mejor Solucion:  107 53 131 11 75 103 68 89 95 135 10 41 123 15 105 38 43 83 77 149 59 37 58 124 60 33 142 104 0 109 70 3 88 101 139 94 6 50 78 118 91 99 112 130 148 48 97 20 144 143 125 122 80 21 69 129 55 86 16 134 82 24 132 133 56 67 64 18 34 65 44 115 111 121 98 116 110 61 14 108 19 31 13 81 137 62 47 126 138 32 93 100 42 52 40 87 71 8 46 141 127 23 140 54 35 63 49 27 12 28 51 119 4 39 90 25 17 2 29 73 5 1 146 7 145 79 106 30 117 66 96 57 120 85 102 114 76 136 26 92 147 9 72 45 74 36 128 84 113 22
Coste: 9683330

GENERACION: 37
Mejor Solucion:  107 53 131 11 75 103 68 89 95 135 10 41 123 15 105 38 43 83 77 149 59 37 58 124 60 33 142 104 0 109 70 3 88 101 139 94 6 50 78 118 91 99 112 130 148 48 97 20 144 143 125 122 80 21 69 129 55 86 16 134 82 24 132 133 56 67 64 18 34 65 44 115 111 121 98 116 110 61 14 108 19 31 13 81 137 62 47 126 138 32 93 100 42 52 40 87 71 8 46 141 127 23 140 54 35 63 49 27 12 28 51 119 4 39 90 25 17 2 29 73 5 1 146 7 145 79 106 30 117 66 96 57 120 85 102 114 76 136 26 92 147 9 72 45 74 36 128 84 113 22
Coste: 9683330

GENERACION: 38
Mejor Solucion:  107 53 131 11 75 103 68 89 95 135 10 41 123 15 105 38 43 83 77 149 59 37 58 124 60 33 142 104 0 109 70 3 88 101 139 94 6 50 78 118 91 99 112 130 148 48 97 20 144 143 125 122 80 21 69 129 55 86 16 134 82 24 132 133 56 67 64 18 34 65 44 115 111 121 98 116 110 61 14 108 19 31 13 81 137 62 47 126 138 32 93 100 42 52 40 87 71 8 46 141 127 23 140 54 35 63 49 27 12 28 51 119 4 39 90 25 17 2 29 73 5 1 146 7 145 79 106 30 117 66 96 57 120 85 102 114 76 136 26 92 147 9 72 45 74 36 128 84 113 22
Coste: 9683330

GENERACION: 39
Mejor Solucion:  107 53 83 92 75 148 24 19 46 135 10 101 123 15 105 149 40 56 77 38 59 37 58 124 60 33 106 104 30 109 17 3 80 41 139 94 6 50 78 118 76 20 112 130 100 48 97 99 144 143 2 122 88 21 69 11 55 86 16 134 82 66 132 133 129 67 64 18 34 146 44 115 111 121 98 137 110 61 91 108 89 31 13 8 116 62 47 126 138 32 74 103 42 52 28 65 71 27 95 141 127 23 85 54 35 63 49 81 12 43 51 119 4 39 90 25 0 7 29 73 5 1 87 125 145 102 142 70 117 140 9 57 120 68 79 114 14 136 26 131 147 96 72 45 93 36 128 84 113 22
Coste: 9671814

GENERACION: 40
Mejor Solucion:  107 53 83 92 75 148 24 19 46 135 10 101 123 15 105 149 40 56 77 38 59 37 58 124 60 33 106 104 30 109 17 3 80 41 139 94 6 50 78 118 76 20 112 130 100 48 97 99 144 143 2 122 88 21 69 11 55 86 16 134 82 66 132 133 129 67 64 18 34 146 44 115 111 121 98 137 110 61 91 108 89 31 13 8 116 62 47 126 138 32 74 103 42 52 28 65 71 27 95 141 127 23 85 54 35 63 49 81 12 43 51 119 4 39 90 25 0 7 29 73 5 1 87 125 145 102 142 70 117 140 9 57 120 68 79 114 14 136 26 131 147 96 72 45 93 36 128 84 113 22
Coste: 9671814

GENERACION: 41
Mejor Solucion:  107 53 83 92 75 148 24 19 46 135 10 101 123 15 105 149 40 56 77 38 59 37 58 124 60 33 106 104 30 109 17 3 80 41 139 94 6 50 78 118 76 20 112 130 100 48 97 99 144 143 2 122 88 21 69 11 55 86 16 134 82 66 132 133 129 67 64 18 34 146 44 115 111 121 98 137 110 61 91 108 89 31 13 8 116 62 47 126 138 32 74 103 42 52 28 65 71 27 95 141 127 23 85 54 35 63 49 81 12 43 51 119 4 39 90 25 0 7 29 73 5 1 87 125 145 102 142 70 117 140 9 57 120 68 79 114 14 136 26 131 147 96 72 45 93 36 128 84 113 22
Coste: 9671814

GENERACION: 42
Mejor Solucion:  107 53 28 92 75 148 24 19 46 135 10 101 123 15 105 149 8 56 77 38 59 37 58 124 60 33 106 104 30 120 99 3 93 41 139 94 111 50 78 118 76 142 112 130 100 67 97 17 144 143 2 122 88 21 49 11 55 86 16 134 82 66 132 133 70 48 68 18 34 146 44 115 6 121 63 137 110 61 26 108 89 31 13 64 116 62 47 126 138 32 87 103 42 52 83 65 71 27 95 141 127 23 85 54 114 98 69 81 12 43 51 119 4 39 90 25 0 7 29 73 5 1 74 125 145 102 20 129 117 140 9 57 109 40 79 35 14 136 91 131 147 96 72 45 80 36 128 84 113 22
Coste: 9661190

GENERACION: 43
Mejor Solucion:  107 53 28 92 75 148 24 19 46 135 10 101 123 15 105 149 8 56 77 38 59 37 58 124 60 33 106 104 30 120 99 3 93 41 139 94 111 50 78 118 76 142 112 130 100 67 97 17 144 143 2 122 88 21 49 11 55 86 16 134 82 66 132 133 70 48 68 18 34 146 44 115 6 121 63 137 110 61 26 108 89 31 13 64 116 62 47 126 138 32 87 103 42 52 83 65 71 27 95 141 127 23 85 54 114 98 69 81 12 43 51 119 4 39 90 25 0 7 29 73 5 1 74 125 145 102 20 129 117 140 9 57 109 40 79 35 14 136 91 131 147 96 72 45 80 36 128 84 113 22
Coste: 9661190

GENERACION: 44
Mejor Solucion:  107 53 28 92 75 148 24 19 46 135 10 101 123 15 105 149 8 56 77 38 59 37 58 124 60 33 106 104 30 120 99 3 93 41 139 94 111 50 78 118 76 142 112 130 100 67 97 17 144 143 2 122 88 21 49 11 55 86 16 134 82 66 132 133 70 48 68 18 34 146 44 115 6 121 63 137 110 61 26 108 89 31 13 64 116 62 47 126 138 32 87 103 42 52 83 65 71 27 95 141 127 23 85 54 114 98 69 81 12 43 51 119 4 39 90 25 0 7 29 73 5 1 74 125 145 102 20 129 117 140 9 57 109 40 79 35 14 136 91 131 147 96 72 45 80 36 128 84 113 22
Coste: 9661190

GENERACION: 45
Mejor Solucion:  107 53 28 92 75 148 24 19 46 135 10 101 123 15 105 149 8 56 77 38 59 37 58 124 60 33 106 104 30 120 99 3 93 41 139 94 111 50 78 118 76 142 112 130 100 67 97 17 144 143 2 122 88 21 49 11 55 86 16 134 82 66 132 133 70 48 68 18 34 146 44 115 6 121 63 137 110 61 26 108 89 31 13 64 116 62 47 126 138 32 87 103 42 52 83 65 71 27 95 141 127 23 85 54 114 98 69 81 12 43 51 119 4 39 90 25 0 7 29 73 5 1 74 125 145 102 20 129 117 140 9 57 109 40 79 35 14 136 91 131 147 96 72 45 80 36 128 84 113 22
Coste: 9661190

GENERACION: 46
Mejor Solucion:  107 53 28 92 75 148 24 19 46 135 10 101 123 15 105 149 8 56 77 38 59 37 58 124 60 33 106 104 30 120 99 3 93 41 139 94 111 50 78 118 76 142 112 130 100 67 97 17 144 143 2 122 88 21 49 11 55 86 16 134 82 66 132 133 70 48 68 18 34 146 44 115 6 121 63 137 110 61 26 108 89 31 13 64 116 62 47 126 138 32 87 103 42 52 83 65 71 27 95 141 127 23 85 54 114 98 69 81 12 43 51 119 4 39 90 25 0 7 29 73 5 1 74 125 145 102 20 129 117 140 9 57 109 40 79 35 14 136 91 131 147 96 72 45 80 36 128 84 113 22
Coste: 9661190

GENERACION: 47
Mejor Solucion:  107 53 28 92 75 148 24 19 46 135 10 101 123 15 105 149 8 56 77 38 59 37 58 124 60 33 106 104 30 120 99 3 93 41 139 94 111 50 78 118 76 142 112 130 100 67 97 17 144 143 2 122 88 21 49 11 55 86 16 134 82 66 132 133 70 48 68 18 34 146 44 115 6 121 63 137 110 61 26 108 89 31 13 64 116 62 47 126 138 32 87 103 42 52 83 65 71 27 95 141 127 23 85 54 114 98 69 81 12 43 51 119 4 39 90 25 0 7 29 73 5 1 74 125 145 102 20 129 117 140 9 57 109 40 79 35 14 136 91 131 147 96 72 45 80 36 128 84 113 22
Coste: 9661190

GENERACION: 48
Mejor Solucion:  107 53 28 92 75 148 24 19 46 135 10 101 123 15 105 149 8 56 77 38 59 37 58 124 60 33 106 104 30 120 99 3 93 41 139 94 111 50 78 118 76 142 112 130 100 67 97 17 144 143 2 122 88 21 49 11 55 86 16 134 82 66 132 133 70 48 68 18 34 146 44 115 6 121 63 137 110 61 26 108 89 31 13 64 116 62 47 126 138 32 87 103 42 52 83 65 71 27 95 141 127 23 85 54 114 98 69 81 12 43 51 119 4 39 90 25 0 7 29 73 5 1 74 125 145 102 20 129 117 140 9 57 109 40 79 35 14 136 91 131 147 96 72 45 80 36 128 84 113 22
Coste: 9661190

GENERACION: 49
Mejor Solucion:  107 53 28 92 75 148 24 19 46 135 10 101 123 15 105 149 8 56 77 38 59 37 58 124 60 33 106 104 30 120 99 3 93 41 139 94 111 50 78 118 76 142 112 130 100 67 97 17 144 143 2 122 88 21 49 11 55 86 16 134 82 66 132 133 70 48 68 18 34 146 44 115 6 121 63 137 110 61 26 108 89 31 13 64 116 62 47 126 138 32 87 103 42 52 83 65 71 27 95 141 127 23 85 54 114 98 69 81 12 43 51 119 4 39 90 25 0 7 29 73 5 1 74 125 145 102 20 129 117 140 9 57 109 40 79 35 14 136 91 131 147 96 72 45 80 36 128 84 113 22
Coste: 9661190

GENERACION: 50
Mejor Solucion:  139 53 83 92 75 149 24 19 46 117 109 39 123 30 105 135 40 56 77 38 59 37 11 124 60 33 106 104 15 9 99 3 93 41 107 94 111 50 44 118 76 142 69 130 100 67 0 17 144 71 2 122 88 21 147 58 55 86 16 134 82 141 132 133 31 48 68 18 4 79 66 63 6 121 115 137 110 61 26 108 89 70 13 64 116 62 47 126 138 32 36 103 42 52 28 65 143 27 95 78 91 23 85 54 8 98 112 81 1 72 51 145 34 80 90 25 7 97 29 128 5 129 87 43 119 102 20 12 148 140 120 57 10 35 146 114 14 136 74 131 49 96 125 45 101 127 73 84 113 22
Coste: 9632904

GENERACION: 51
Mejor Solucion:  139 53 83 92 75 149 24 19 46 117 109 39 123 30 105 135 40 56 77 38 59 37 11 124 60 33 106 104 15 9 99 3 93 41 107 94 111 50 44 118 76 142 69 130 100 67 0 17 144 71 2 122 88 21 147 58 55 86 16 134 82 141 132 133 31 48 68 18 4 79 66 63 6 121 115 137 110 61 26 108 89 70 13 64 116 62 47 126 138 32 36 103 42 52 28 65 143 27 95 78 91 23 85 54 8 98 112 81 1 72 51 145 34 80 90 25 7 97 29 128 5 129 87 43 119 102 20 12 148 140 120 57 10 35 146 114 14 136 74 131 49 96 125 45 101 127 73 84 113 22
Coste: 9632904

GENERACION: 52
Mejor Solucion:  139 53 83 92 75 149 24 19 46 117 109 39 123 30 105 135 40 56 77 38 59 37 11 124 60 33 106 104 15 9 99 3 93 41 107 94 111 50 44 118 76 142 69 130 100 67 0 17 144 71 2 122 88 21 147 58 55 86 16 134 82 141 132 133 31 48 68 18 4 79 66 63 6 121 115 137 110 61 26 108 89 70 13 64 116 62 47 126 138 32 36 103 42 52 28 65 143 27 95 78 91 23 85 54 8 98 112 81 1 72 51 145 34 80 90 25 7 97 29 128 5 129 87 43 119 102 20 12 148 140 120 57 10 35 146 114 14 136 74 131 49 96 125 45 101 127 73 84 113 22
Coste: 9632904

GENERACION: 53
Mejor Solucion:  139 53 83 92 75 149 24 19 46 117 109 39 123 30 105 135 40 56 77 38 59 37 11 124 60 33 106 104 15 9 99 3 93 41 107 94 111 50 44 118 76 142 69 130 100 67 0 17 144 71 2 122 88 21 147 58 55 86 16 134 82 141 132 133 31 48 68 18 4 79 66 63 6 121 115 137 110 61 26 108 89 70 13 64 116 62 47 126 138 32 36 103 42 52 28 65 143 27 95 78 91 23 85 54 8 98 112 81 1 72 51 145 34 80 90 25 7 97 29 128 5 129 87 43 119 102 20 12 148 140 120 57 10 35 146 114 14 136 74 131 49 96 125 45 101 127 73 84 113 22
Coste: 9632904

GENERACION: 54
Mejor Solucion:  139 53 83 92 75 149 24 19 46 117 109 39 123 30 105 135 40 56 77 38 59 37 11 124 60 33 106 104 15 9 99 3 93 41 107 94 111 50 44 118 76 142 69 130 100 67 0 17 144 71 2 122 88 21 147 58 55 86 16 134 82 141 132 133 31 48 68 18 4 79 66 63 6 121 115 137 110 61 26 108 89 70 13 64 116 62 47 126 138 32 36 103 42 52 28 65 143 27 95 78 91 23 85 54 8 98 112 81 1 72 51 145 34 80 90 25 7 97 29 128 5 129 87 43 119 102 20 12 148 140 120 57 10 35 146 114 14 136 74 131 49 96 125 45 101 127 73 84 113 22
Coste: 9632904

GENERACION: 55
Mejor Solucion:  139 53 83 92 75 149 24 19 46 117 109 39 123 30 105 135 40 56 77 38 59 37 11 124 60 33 106 104 15 9 99 3 93 41 107 94 111 50 44 118 76 142 69 130 100 67 0 17 144 71 2 122 88 21 147 58 55 86 16 134 82 141 132 133 31 48 68 18 4 79 66 63 6 121 115 137 110 61 26 108 89 70 13 64 116 62 47 126 138 32 36 103 42 52 28 65 143 27 95 78 91 23 85 54 8 98 112 81 1 72 51 145 34 80 90 25 7 97 29 128 5 129 87 43 119 102 20 12 148 140 120 57 10 35 146 114 14 136 74 131 49 96 125 45 101 127 73 84 113 22
Coste: 9632904

GENERACION: 56
Mejor Solucion:  139 53 83 92 75 149 24 19 46 117 109 39 123 30 105 135 40 56 77 38 59 37 11 124 60 33 106 104 15 9 99 3 93 41 107 94 111 50 44 118 76 142 69 130 100 67 0 17 144 71 2 122 88 21 147 58 55 86 16 134 82 141 132 133 31 48 68 18 4 79 66 63 6 121 115 137 110 61 26 108 89 70 13 64 116 62 47 126 138 32 36 103 42 52 28 65 143 27 95 78 91 23 85 54 8 98 112 81 1 72 51 145 34 80 90 25 7 97 29 128 5 129 87 43 119 102 20 12 148 140 120 57 10 35 146 114 14 136 74 131 49 96 125 45 101 127 73 84 113 22
Coste: 9632904

GENERACION: 57
Mejor Solucion:  139 53 83 92 75 149 24 19 46 117 109 39 123 30 105 135 40 56 77 38 59 37 11 124 60 33 106 104 15 9 99 3 93 41 107 94 111 50 44 118 76 142 69 130 100 67 0 17 144 71 2 122 88 21 147 58 55 86 16 134 82 141 132 133 31 48 68 18 4 79 66 63 6 121 115 137 110 61 26 108 89 70 13 64 116 62 47 126 138 32 36 103 42 52 28 65 143 27 95 78 91 23 85 54 8 98 112 81 1 72 51 145 34 80 90 25 7 97 29 128 5 129 87 43 119 102 20 12 148 140 120 57 10 35 146 114 14 136 74 131 49 96 125 45 101 127 73 84 113 22
Coste: 9632904

GENERACION: 58
Mejor Solucion:  139 53 83 92 75 149 24 19 46 117 109 39 123 30 105 135 40 56 77 38 59 37 11 124 60 33 106 104 15 9 99 3 93 41 107 94 111 50 44 118 76 142 69 130 100 67 0 17 144 71 2 122 88 21 147 58 55 86 16 134 82 141 132 133 31 48 68 18 4 79 66 63 6 121 115 137 110 61 26 108 89 70 13 64 116 62 47 126 138 32 36 103 42 52 28 65 143 27 95 78 91 23 85 54 8 98 112 81 1 72 51 145 34 80 90 25 7 97 29 128 5 129 87 43 119 102 20 12 148 140 120 57 10 35 146 114 14 136 74 131 49 96 125 45 101 127 73 84 113 22
Coste: 9632904

GENERACION: 59
Mejor Solucion:  139 53 83 92 75 149 24 19 46 117 109 39 123 30 105 135 40 56 77 38 59 37 11 124 60 33 106 104 15 9 99 3 93 41 107 94 111 50 44 118 76 142 69 130 100 67 0 17 144 71 2 122 88 21 147 58 55 86 16 134 82 141 132 133 31 48 68 18 4 79 66 63 6 121 115 137 110 61 26 108 89 70 13 64 116 62 47 126 138 32 36 103 42 52 28 65 143 27 95 78 91 23 85 54 8 98 112 81 1 72 51 145 34 80 90 25 7 97 29 128 5 129 87 43 119 102 20 12 148 140 120 57 10 35 146 114 14 136 74 131 49 96 125 45 101 127 73 84 113 22
Coste: 9632904

GENERACION: 60
Mejor Solucion:  139 53 83 92 75 149 24 19 46 117 109 39 123 30 105 135 40 56 77 38 59 37 11 124 60 33 106 104 15 9 99 3 93 41 107 94 111 50 44 118 76 142 69 130 100 67 0 17 144 71 2 122 88 21 147 58 55 86 16 134 82 141 132 133 31 48 68 18 4 79 66 63 6 121 115 137 110 61 26 108 89 70 13 64 116 62 47 126 138 32 36 103 42 52 28 65 143 27 95 78 91 23 85 54 8 98 112 81 1 72 51 145 34 80 90 25 7 97 29 128 5 129 87 43 119 102 20 12 148 140 120 57 10 35 146 114 14 136 74 131 49 96 125 45 101 127 73 84 113 22
Coste: 9632904

GENERACION: 61
Mejor Solucion:  139 53 83 92 75 149 24 19 46 117 109 39 123 30 105 135 40 56 77 38 59 37 11 124 60 33 106 104 15 9 99 3 93 41 107 94 111 50 44 118 76 142 69 130 100 67 0 17 144 71 2 122 88 21 147 58 55 86 16 134 82 141 132 133 31 48 68 18 4 79 66 63 6 121 115 137 110 61 26 108 89 70 13 64 116 62 47 126 138 32 36 103 42 52 28 65 143 27 95 78 91 23 85 54 8 98 112 81 1 72 51 145 34 80 90 25 7 97 29 128 5 129 87 43 119 102 20 12 148 140 120 57 10 35 146 114 14 136 74 131 49 96 125 45 101 127 73 84 113 22
Coste: 9632904

