GENERACION: 1
Mejor Solucion:  107 93 1 126 106 83 120 81 111 116 65 39 67 73 33 94 87 3 43 34 32 54 99 84 24 74 108 72 109 44 63 121 13 105 40 125 71 117 48 11 23 28 102 114 115 53 88 38 79 69 47 45 76 62 89 17 113 124 5 2 35 31 75 21 80 118 8 42 91 25 122 97 98 123 95 15 85 66 127 86 101 49 110 19 77 9 82 6 50 70 0 60 26 4 36 112 41 52 96 30 46 51 7 92 64 59 119 27 16 29 10 68 78 14 58 56 103 22 12 57 55 18 20 61 37 100 104 90
Coste: 258

GENERACION: 2
Mejor Solucion:  34 36 100 26 90 115 75 29 38 81 31 70 106 88 84 77 23 68 11 58 122 41 2 105 67 46 24 89 120 12 6 126 32 104 7 4 44 74 50 91 119 79 71 96 21 121 102 57 73 15 117 47 87 108 37 86 61 62 107 39 59 18 92 43 101 116 103 0 14 30 63 3 52 27 127 19 98 110 20 54 95 33 93 56 55 69 78 22 25 85 51 28 112 118 66 17 48 10 83 8 5 109 114 1 40 94 42 113 64 80 16 125 111 72 45 60 35 76 124 9 97 53 65 49 13 99 82 123
Coste: 243

GENERACION: 3
Mejor Solucion:  34 36 100 26 90 115 75 29 38 81 31 70 106 88 84 77 23 68 11 58 122 41 2 105 67 46 24 89 120 12 6 126 32 104 7 4 44 74 50 91 119 79 71 96 21 121 102 57 73 15 117 47 87 108 37 86 61 62 107 39 59 18 92 43 101 116 103 0 14 30 63 3 52 27 127 19 98 110 20 54 95 33 93 56 55 69 78 22 25 85 51 28 112 118 66 17 48 10 83 8 5 109 114 1 40 94 42 113 64 80 16 125 111 72 45 60 35 76 124 9 97 53 65 49 13 99 82 123
Coste: 243

GENERACION: 4
Mejor Solucion:  34 36 100 26 90 115 75 29 38 81 31 70 106 88 84 77 23 68 11 58 122 41 2 105 67 46 24 89 120 12 6 126 32 104 7 4 44 74 50 91 119 79 71 96 21 121 102 57 73 15 117 47 87 108 37 86 61 62 107 39 59 18 92 43 101 116 103 0 14 30 63 3 52 27 127 19 98 110 20 54 95 33 93 56 55 69 78 22 25 85 51 28 112 118 66 17 48 10 83 8 5 109 114 1 40 94 42 113 64 80 16 125 111 72 45 60 35 76 124 9 97 53 65 49 13 99 82 123
Coste: 243

GENERACION: 5
Mejor Solucion:  34 36 100 26 90 115 75 29 38 81 31 70 106 88 84 77 23 68 11 58 122 41 2 105 67 46 24 89 120 12 6 126 32 104 7 4 44 74 50 91 119 79 71 96 21 121 102 57 73 15 117 47 87 108 37 86 61 62 107 39 59 18 92 43 101 116 103 0 14 30 63 3 52 27 127 19 98 110 20 54 95 33 93 56 55 69 78 22 25 85 51 28 112 118 66 17 48 10 83 8 5 109 114 1 40 94 42 113 64 80 16 125 111 72 45 60 35 76 124 9 97 53 65 49 13 99 82 123
Coste: 243

GENERACION: 6
Mejor Solucion:  34 36 100 26 90 115 75 29 38 81 31 70 106 88 84 77 23 68 11 58 122 41 2 105 67 46 24 89 120 12 6 126 32 104 7 4 44 74 50 91 119 79 71 96 21 121 102 57 73 15 117 47 87 108 37 86 61 62 107 39 59 18 92 43 101 116 103 0 14 30 63 3 52 27 127 19 98 110 20 54 95 33 93 56 55 69 78 22 25 85 51 28 112 118 66 17 48 10 83 8 5 109 114 1 40 94 42 113 64 80 16 125 111 72 45 60 35 76 124 9 97 53 65 49 13 99 82 123
Coste: 243

GENERACION: 7
Mejor Solucion:  34 36 100 26 90 115 75 29 38 81 31 70 106 88 84 77 23 68 11 58 122 41 2 105 67 46 24 89 120 12 6 126 32 104 7 4 44 74 50 91 119 79 71 96 21 121 102 57 73 15 117 47 87 108 37 86 61 62 107 39 59 18 92 43 101 116 103 0 14 30 63 3 52 27 127 19 98 110 20 54 95 33 93 56 55 69 78 22 25 85 51 28 112 118 66 17 48 10 83 8 5 109 114 1 40 94 42 113 64 80 16 125 111 72 45 60 35 76 124 9 97 53 65 49 13 99 82 123
Coste: 243

GENERACION: 8
Mejor Solucion:  34 36 100 26 90 115 75 29 38 81 31 70 106 88 84 77 23 68 11 58 122 41 2 105 67 46 24 89 120 12 6 126 32 104 7 4 44 74 50 91 119 79 71 96 21 121 102 57 73 15 117 47 87 108 37 86 61 62 107 39 59 18 92 43 101 116 103 0 14 30 63 3 52 27 127 19 98 110 20 54 95 33 93 56 55 69 78 22 25 85 51 28 112 118 66 17 48 10 83 8 5 109 114 1 40 94 42 113 64 80 16 125 111 72 45 60 35 76 124 9 97 53 65 49 13 99 82 123
Coste: 243

GENERACION: 9
Mejor Solucion:  34 36 100 26 90 115 75 29 38 81 31 70 106 88 84 77 23 68 11 58 122 41 2 105 67 46 24 89 120 12 6 126 32 104 7 4 44 74 50 91 119 79 71 96 21 121 102 57 73 15 117 47 87 108 37 86 61 62 107 39 59 18 92 43 101 116 103 0 14 30 63 3 52 27 127 19 98 110 20 54 95 33 93 56 55 69 78 22 25 85 51 28 112 118 66 17 48 10 83 8 5 109 114 1 40 94 42 113 64 80 16 125 111 72 45 60 35 76 124 9 97 53 65 49 13 99 82 123
Coste: 243

GENERACION: 10
Mejor Solucion:  34 36 100 26 90 115 75 29 38 81 31 70 106 88 84 77 23 68 11 58 122 41 2 105 67 46 24 89 120 12 6 126 32 104 7 4 44 74 50 91 119 79 71 96 21 121 102 57 73 15 117 47 87 108 37 86 61 62 107 39 59 18 92 43 101 116 103 0 14 30 63 3 52 27 127 19 98 110 20 54 95 33 93 56 55 69 78 22 25 85 51 28 112 118 66 17 48 10 83 8 5 109 114 1 40 94 42 113 64 80 16 125 111 72 45 60 35 76 124 9 97 53 65 49 13 99 82 123
Coste: 243

GENERACION: 11
Mejor Solucion:  34 36 100 26 90 115 75 29 38 81 31 70 106 88 84 77 23 68 11 58 122 41 2 105 67 46 24 89 120 12 6 126 32 104 7 4 44 74 50 91 119 79 71 96 21 121 102 57 73 15 117 47 87 108 37 86 61 62 107 39 59 18 92 43 101 116 103 0 14 30 63 3 52 27 127 19 98 110 20 54 95 33 93 56 55 69 78 22 25 85 51 28 112 118 66 17 48 10 83 8 5 109 114 1 40 94 42 113 64 80 16 125 111 72 45 60 35 76 124 9 97 53 65 49 13 99 82 123
Coste: 243

GENERACION: 12
Mejor Solucion:  34 36 100 26 90 115 75 29 38 81 31 70 106 88 84 77 23 68 11 58 122 41 2 105 67 46 24 89 120 12 6 126 32 104 7 4 44 74 50 91 119 79 71 96 21 121 102 57 73 15 117 47 87 108 37 86 61 62 107 39 59 18 92 43 101 116 103 0 14 30 63 3 52 27 127 19 98 110 20 54 95 33 93 56 55 69 78 22 25 85 51 28 112 118 66 17 48 10 83 8 5 109 114 1 40 94 42 113 64 80 16 125 111 72 45 60 35 76 124 9 97 53 65 49 13 99 82 123
Coste: 243

GENERACION: 13
Mejor Solucion:  34 36 100 26 90 115 75 29 38 81 31 70 106 88 84 77 23 68 11 58 122 41 2 105 67 46 24 89 120 12 6 126 32 104 7 4 44 74 50 91 119 79 71 96 21 121 102 57 73 15 117 47 87 108 37 86 61 62 107 39 59 18 92 43 101 116 103 0 14 30 63 3 52 27 127 19 98 110 20 54 95 33 93 56 55 69 78 22 25 85 51 28 112 118 66 17 48 10 83 8 5 109 114 1 40 94 42 113 64 80 16 125 111 72 45 60 35 76 124 9 97 53 65 49 13 99 82 123
Coste: 243

GENERACION: 14
Mejor Solucion:  34 36 100 26 90 115 75 29 38 81 31 70 106 88 84 77 23 68 11 58 122 41 2 105 67 46 24 89 120 12 6 126 32 104 7 4 44 74 50 91 119 79 71 96 21 121 102 57 73 15 117 47 87 108 37 86 61 62 107 39 59 18 92 43 101 116 103 0 14 30 63 3 52 27 127 19 98 110 20 54 95 33 93 56 55 69 78 22 25 85 51 28 112 118 66 17 48 10 83 8 5 109 114 1 40 94 42 113 64 80 16 125 111 72 45 60 35 76 124 9 97 53 65 49 13 99 82 123
Coste: 243

GENERACION: 15
Mejor Solucion:  34 36 100 26 90 115 75 29 38 81 31 70 106 88 84 77 23 68 11 58 122 41 2 105 67 46 24 89 120 12 6 126 32 104 7 4 44 74 50 91 119 79 71 96 21 121 102 57 73 15 117 47 87 108 37 86 61 62 107 39 59 18 92 43 101 116 103 0 14 30 63 3 52 27 127 19 98 110 20 54 95 33 93 56 55 69 78 22 25 85 51 28 112 118 66 17 48 10 83 8 5 109 114 1 40 94 42 113 64 80 16 125 111 72 45 60 35 76 124 9 97 53 65 49 13 99 82 123
Coste: 243

GENERACION: 16
Mejor Solucion:  34 36 100 26 90 115 75 29 38 81 31 70 106 88 84 77 23 68 11 58 122 41 2 105 67 46 24 89 120 12 6 126 32 104 7 4 44 74 50 91 119 79 71 96 21 121 102 57 73 15 117 47 87 108 37 86 61 62 107 39 59 18 92 43 101 116 103 0 14 30 63 3 52 27 127 19 98 110 20 54 95 33 93 56 55 69 78 22 25 85 51 28 112 118 66 17 48 10 83 8 5 109 114 1 40 94 42 113 64 80 16 125 111 72 45 60 35 76 124 9 97 53 65 49 13 99 82 123
Coste: 243

GENERACION: 17
Mejor Solucion:  34 36 100 26 90 115 75 29 38 81 31 70 106 88 84 77 23 68 11 58 122 41 2 105 67 46 24 89 120 12 6 126 32 104 7 4 44 74 50 91 119 79 71 96 21 121 102 57 73 15 117 47 87 108 37 86 61 62 107 39 59 18 92 43 101 116 103 0 14 30 63 3 52 27 127 19 98 110 20 54 95 33 93 56 55 69 78 22 25 85 51 28 112 118 66 17 48 10 83 8 5 109 114 1 40 94 42 113 64 80 16 125 111 72 45 60 35 76 124 9 97 53 65 49 13 99 82 123
Coste: 243

GENERACION: 18
Mejor Solucion:  34 36 100 26 90 115 75 29 38 81 31 70 106 88 84 77 23 68 11 58 122 41 2 105 67 46 24 89 120 12 6 126 32 104 7 4 44 74 50 91 119 79 71 96 21 121 102 57 73 15 117 47 87 108 37 86 61 62 107 39 59 18 92 43 101 116 103 0 14 30 63 3 52 27 127 19 98 110 20 54 95 33 93 56 55 69 78 22 25 85 51 28 112 118 66 17 48 10 83 8 5 109 114 1 40 94 42 113 64 80 16 125 111 72 45 60 35 76 124 9 97 53 65 49 13 99 82 123
Coste: 243

GENERACION: 19
Mejor Solucion:  34 36 100 26 90 115 75 29 38 81 31 70 106 88 84 77 23 68 11 58 122 41 2 105 67 46 24 89 120 12 6 126 32 104 7 4 44 74 50 91 119 79 71 96 21 121 102 57 73 15 117 47 87 108 37 86 61 62 107 39 59 18 92 43 101 116 103 0 14 30 63 3 52 27 127 19 98 110 20 54 95 33 93 56 55 69 78 22 25 85 51 28 112 118 66 17 48 10 83 8 5 109 114 1 40 94 42 113 64 80 16 125 111 72 45 60 35 76 124 9 97 53 65 49 13 99 82 123
Coste: 243

GENERACION: 20
Mejor Solucion:  34 36 100 26 90 115 75 29 38 81 31 70 106 88 84 77 23 68 11 58 122 41 2 105 67 46 24 89 120 12 6 126 32 104 7 4 44 74 50 91 119 79 71 96 21 121 102 57 73 15 117 47 87 108 37 86 61 62 107 39 59 18 92 43 101 116 103 0 14 30 63 3 52 27 127 19 98 110 20 54 95 33 93 56 55 69 78 22 25 85 51 28 112 118 66 17 48 10 83 8 5 109 114 1 40 94 42 113 64 80 16 125 111 72 45 60 35 76 124 9 97 53 65 49 13 99 82 123
Coste: 243

GENERACION: 21
Mejor Solucion:  34 36 100 26 90 115 75 29 38 81 31 70 106 88 84 77 23 68 11 58 122 41 2 105 67 46 24 89 120 12 6 126 32 104 7 4 44 74 50 91 119 79 71 96 21 121 102 57 73 15 117 47 87 108 37 86 61 62 107 39 59 18 92 43 101 116 103 0 14 30 63 3 52 27 127 19 98 110 20 54 95 33 93 56 55 69 78 22 25 85 51 28 112 118 66 17 48 10 83 8 5 109 114 1 40 94 42 113 64 80 16 125 111 72 45 60 35 76 124 9 97 53 65 49 13 99 82 123
Coste: 243

GENERACION: 22
Mejor Solucion:  34 105 29 31 99 115 82 100 89 88 16 70 30 36 26 23 86 67 11 41 76 122 65 68 38 46 24 2 120 12 6 126 32 104 7 4 44 74 50 91 119 79 27 96 21 121 71 57 73 15 117 61 87 108 37 9 98 62 107 92 59 18 22 43 66 10 103 0 14 13 63 3 52 102 8 19 47 95 20 54 110 33 93 56 55 69 78 39 25 51 85 28 112 118 101 17 48 116 83 111 5 109 114 1 40 64 58 113 94 42 77 125 127 72 45 60 35 75 106 80 97 53 124 90 123 81 49 84
Coste: 239

GENERACION: 23
Mejor Solucion:  34 105 29 31 99 115 82 100 89 88 16 70 30 36 26 23 86 67 11 41 76 122 65 68 38 46 24 2 120 12 6 126 32 104 7 4 44 74 50 91 119 79 27 96 21 121 71 57 73 15 117 61 87 108 37 9 98 62 107 92 59 18 22 43 66 10 103 0 14 13 63 3 52 102 8 19 47 95 20 54 110 33 93 56 55 69 78 39 25 51 85 28 112 118 101 17 48 116 83 111 5 109 114 1 40 64 58 113 94 42 77 125 127 72 45 60 35 75 106 80 97 53 124 90 123 81 49 84
Coste: 239

GENERACION: 24
Mejor Solucion:  34 105 29 31 99 115 82 100 89 88 16 70 30 36 26 23 86 67 11 41 76 122 65 68 38 46 24 2 120 12 6 126 32 104 7 4 44 74 50 91 119 79 27 96 21 121 71 57 73 15 117 61 87 108 37 9 98 62 107 92 59 18 22 43 66 10 103 0 14 13 63 3 52 102 8 19 47 95 20 54 110 33 93 56 55 69 78 39 25 51 85 28 112 118 101 17 48 116 83 111 5 109 114 1 40 64 58 113 94 42 77 125 127 72 45 60 35 75 106 80 97 53 124 90 123 81 49 84
Coste: 239

GENERACION: 25
Mejor Solucion:  34 105 29 31 99 115 82 100 89 88 16 70 30 36 26 23 86 67 11 41 76 122 65 68 38 46 24 2 120 12 6 126 32 104 7 4 44 74 50 91 119 79 27 96 21 121 71 57 73 15 117 61 87 108 37 9 98 62 107 92 59 18 22 43 66 10 103 0 14 13 63 3 52 102 8 19 47 95 20 54 110 33 93 56 55 69 78 39 25 51 85 28 112 118 101 17 48 116 83 111 5 109 114 1 40 64 58 113 94 42 77 125 127 72 45 60 35 75 106 80 97 53 124 90 123 81 49 84
Coste: 239

GENERACION: 26
Mejor Solucion:  34 105 29 31 99 115 82 100 89 88 16 70 30 36 26 23 86 67 11 41 76 122 65 68 38 46 24 2 120 12 6 126 32 104 7 4 44 74 50 91 119 79 27 96 21 121 71 57 73 15 117 61 87 108 37 9 98 62 107 92 59 18 22 43 66 10 103 0 14 13 63 3 52 102 8 19 47 95 20 54 110 33 93 56 55 69 78 39 25 51 85 28 112 118 101 17 48 116 83 111 5 109 114 1 40 64 58 113 94 42 77 125 127 72 45 60 35 75 106 80 97 53 124 90 123 81 49 84
Coste: 239

GENERACION: 27
Mejor Solucion:  34 105 29 31 99 115 82 100 89 88 16 70 30 36 26 23 86 67 11 41 76 122 65 68 38 46 24 2 120 12 6 126 32 104 7 4 44 74 50 91 119 79 27 96 21 121 71 57 73 15 117 61 87 108 37 9 98 62 107 92 59 18 22 43 66 10 103 0 14 13 63 3 52 102 8 19 47 95 20 54 110 33 93 56 55 69 78 39 25 51 85 28 112 118 101 17 48 116 83 111 5 109 114 1 40 64 58 113 94 42 77 125 127 72 45 60 35 75 106 80 97 53 124 90 123 81 49 84
Coste: 239

GENERACION: 28
Mejor Solucion:  34 105 29 31 99 115 82 100 89 88 16 70 30 36 26 23 86 67 11 41 76 122 65 68 38 46 24 2 120 12 6 126 32 104 7 4 44 74 50 91 119 79 27 96 21 121 71 57 73 15 117 61 87 108 37 9 98 62 107 92 59 18 22 43 66 10 103 0 14 13 63 3 52 102 8 19 47 95 20 54 110 33 93 56 55 69 78 39 25 51 85 28 112 118 101 17 48 116 83 111 5 109 114 1 40 64 58 113 94 42 77 125 127 72 45 60 35 75 106 80 97 53 124 90 123 81 49 84
Coste: 239

GENERACION: 29
Mejor Solucion:  34 105 29 31 99 115 82 100 89 88 16 70 30 36 26 23 86 67 11 41 76 122 65 68 38 46 24 2 120 12 6 126 32 104 7 4 44 74 50 91 119 79 27 96 21 121 71 57 73 15 117 61 87 108 37 9 98 62 107 92 59 18 22 43 66 10 103 0 14 13 63 3 52 102 8 19 47 95 20 54 110 33 93 56 55 69 78 39 25 51 85 28 112 118 101 17 48 116 83 111 5 109 114 1 40 64 58 113 94 42 77 125 127 72 45 60 35 75 106 80 97 53 124 90 123 81 49 84
Coste: 239

GENERACION: 30
Mejor Solucion:  34 105 29 31 99 115 82 100 89 88 16 70 30 36 26 23 86 67 11 41 76 122 65 68 38 46 24 2 120 12 6 126 32 104 7 4 44 74 50 91 119 79 27 96 21 121 71 57 73 15 117 61 87 108 37 9 98 62 107 92 59 18 22 43 66 10 103 0 14 13 63 3 52 102 8 19 47 95 20 54 110 33 93 56 55 69 78 39 25 51 85 28 112 118 101 17 48 116 83 111 5 109 114 1 40 64 58 113 94 42 77 125 127 72 45 60 35 75 106 80 97 53 124 90 123 81 49 84
Coste: 239

GENERACION: 31
Mejor Solucion:  34 105 29 31 99 115 82 100 89 88 16 70 30 36 26 23 86 67 11 41 76 122 65 68 38 46 24 2 120 12 6 126 32 104 7 4 44 74 50 91 119 79 27 96 21 121 71 57 73 15 117 61 87 108 37 9 98 62 107 92 59 18 22 43 66 10 103 0 14 13 63 3 52 102 8 19 47 95 20 54 110 33 93 56 55 69 78 39 25 51 85 28 112 118 101 17 48 116 83 111 5 109 114 1 40 64 58 113 94 42 77 125 127 72 45 60 35 75 106 80 97 53 124 90 123 81 49 84
Coste: 239

GENERACION: 32
Mejor Solucion:  34 105 29 31 99 115 82 100 89 88 16 70 30 36 26 23 86 67 11 41 76 122 65 68 38 46 24 2 120 12 6 126 32 104 7 4 44 74 50 91 119 79 27 96 21 121 71 57 73 15 117 61 87 108 37 9 98 62 107 92 59 18 22 43 66 10 103 0 14 13 63 3 52 102 8 19 47 95 20 54 110 33 93 56 55 69 78 39 25 51 85 28 112 118 101 17 48 116 83 111 5 109 114 1 40 64 58 113 94 42 77 125 127 72 45 60 35 75 106 80 97 53 124 90 123 81 49 84
Coste: 239

GENERACION: 33
Mejor Solucion:  34 105 29 31 99 115 82 100 89 88 16 70 30 36 26 23 86 67 11 41 76 122 65 68 38 46 24 2 120 12 6 126 32 104 7 4 44 74 50 91 119 79 27 96 21 121 71 57 73 15 117 61 87 108 37 9 98 62 107 92 59 18 22 43 66 10 103 0 14 13 63 3 52 102 8 19 47 95 20 54 110 33 93 56 55 69 78 39 25 51 85 28 112 118 101 17 48 116 83 111 5 109 114 1 40 64 58 113 94 42 77 125 127 72 45 60 35 75 106 80 97 53 124 90 123 81 49 84
Coste: 239

GENERACION: 34
Mejor Solucion:  34 105 29 31 99 115 82 100 89 88 16 70 30 36 26 23 86 67 11 41 76 122 65 68 38 46 24 2 120 12 6 126 32 104 7 4 44 74 50 91 119 79 27 96 21 121 71 57 73 15 117 61 87 108 37 9 98 62 107 92 59 18 22 43 66 10 103 0 14 13 63 3 52 102 8 19 47 95 20 54 110 33 93 56 55 69 78 39 25 51 85 28 112 118 101 17 48 116 83 111 5 109 114 1 40 64 58 113 94 42 77 125 127 72 45 60 35 75 106 80 97 53 124 90 123 81 49 84
Coste: 239

GENERACION: 35
Mejor Solucion:  34 105 29 31 99 115 82 100 89 88 16 70 30 36 26 23 86 67 11 41 76 122 65 68 38 46 24 2 120 12 6 126 32 104 7 4 44 74 50 91 119 79 27 96 21 121 71 57 73 15 117 61 87 108 37 9 98 62 107 92 59 18 22 43 66 10 103 0 14 13 63 3 52 102 8 19 47 95 20 54 110 33 93 56 55 69 78 39 25 51 85 28 112 118 101 17 48 116 83 111 5 109 114 1 40 64 58 113 94 42 77 125 127 72 45 60 35 75 106 80 97 53 124 90 123 81 49 84
Coste: 239

GENERACION: 36
Mejor Solucion:  34 105 29 31 99 115 82 100 89 88 16 70 30 36 26 23 86 67 11 41 76 122 65 68 38 46 24 2 120 12 6 126 32 104 7 4 44 74 50 91 119 79 27 96 21 121 71 57 73 15 117 61 87 108 37 9 98 62 107 92 59 18 22 43 66 10 103 0 14 13 63 3 52 102 8 19 47 95 20 54 110 33 93 56 55 69 78 39 25 51 85 28 112 118 101 17 48 116 83 111 5 109 114 1 40 64 58 113 94 42 77 125 127 72 45 60 35 75 106 80 97 53 124 90 123 81 49 84
Coste: 239

GENERACION: 37
Mejor Solucion:  34 105 29 31 99 115 82 100 89 88 16 70 30 36 26 23 86 67 11 41 76 122 65 68 38 46 24 2 120 12 6 126 32 104 7 4 44 74 50 91 119 79 27 96 21 121 71 57 73 15 117 61 87 108 37 9 98 62 107 92 59 18 22 43 66 10 103 0 14 13 63 3 52 102 8 19 47 95 20 54 110 33 93 56 55 69 78 39 25 51 85 28 112 118 101 17 48 116 83 111 5 109 114 1 40 64 58 113 94 42 77 125 127 72 45 60 35 75 106 80 97 53 124 90 123 81 49 84
Coste: 239

GENERACION: 38
Mejor Solucion:  34 105 29 31 99 115 82 100 89 88 16 70 30 36 26 23 86 67 11 41 76 122 65 68 38 46 24 2 120 12 6 126 32 104 7 4 44 74 50 91 119 79 27 96 21 121 71 57 73 15 117 61 87 108 37 9 98 62 107 92 59 18 22 43 66 10 103 0 14 13 63 3 52 102 8 19 47 95 20 54 110 33 93 56 55 69 78 39 25 51 85 28 112 118 101 17 48 116 83 111 5 109 114 1 40 64 58 113 94 42 77 125 127 72 45 60 35 75 106 80 97 53 124 90 123 81 49 84
Coste: 239

GENERACION: 39
Mejor Solucion:  34 105 29 31 99 115 82 100 89 88 16 70 30 36 26 23 86 67 11 41 76 122 65 68 38 46 24 2 120 12 6 126 32 104 7 4 44 74 50 91 119 79 27 96 21 121 71 57 73 15 117 61 87 108 37 9 98 62 107 92 59 18 22 43 66 10 103 0 14 13 63 3 52 102 8 19 47 95 20 54 110 33 93 56 55 69 78 39 25 51 85 28 112 118 101 17 48 116 83 111 5 109 114 1 40 64 58 113 94 42 77 125 127 72 45 60 35 75 106 80 97 53 124 90 123 81 49 84
Coste: 239

GENERACION: 40
Mejor Solucion:  34 105 29 31 99 115 82 100 89 88 16 70 30 36 26 23 86 67 11 41 76 122 65 68 38 46 24 2 120 12 6 126 32 104 7 4 44 74 50 91 119 79 27 96 21 121 71 57 73 15 117 61 87 108 37 9 98 62 107 92 59 18 22 43 66 10 103 0 14 13 63 3 52 102 8 19 47 95 20 54 110 33 93 56 55 69 78 39 25 51 85 28 112 118 101 17 48 116 83 111 5 109 114 1 40 64 58 113 94 42 77 125 127 72 45 60 35 75 106 80 97 53 124 90 123 81 49 84
Coste: 239

GENERACION: 41
Mejor Solucion:  34 105 29 31 99 115 82 100 89 88 16 70 30 36 26 23 86 67 11 41 76 122 65 68 38 46 24 2 120 12 6 126 32 104 7 4 44 74 50 91 119 79 27 96 21 121 71 57 73 15 117 61 87 108 37 9 98 62 107 92 59 18 22 43 66 10 103 0 14 13 63 3 52 102 8 19 47 95 20 54 110 33 93 56 55 69 78 39 25 51 85 28 112 118 101 17 48 116 83 111 5 109 114 1 40 64 58 113 94 42 77 125 127 72 45 60 35 75 106 80 97 53 124 90 123 81 49 84
Coste: 239

GENERACION: 42
Mejor Solucion:  34 105 29 31 99 115 82 100 89 88 16 70 30 36 26 23 86 67 11 41 76 122 65 68 38 46 24 2 120 12 6 126 32 104 7 4 44 74 50 91 119 79 27 96 21 121 71 57 73 15 117 61 87 108 37 9 98 62 107 92 59 18 22 43 66 10 103 0 14 13 63 3 52 102 8 19 47 95 20 54 110 33 93 56 55 69 78 39 25 51 85 28 112 118 101 17 48 116 83 111 5 109 114 1 40 64 58 113 94 42 77 125 127 72 45 60 35 75 106 80 97 53 124 90 123 81 49 84
Coste: 239

GENERACION: 43
Mejor Solucion:  34 105 29 31 99 115 82 100 89 88 16 70 30 36 26 23 86 67 11 41 76 122 65 68 38 46 24 2 120 12 6 126 32 104 7 4 44 74 50 91 119 79 27 96 21 121 71 57 73 15 117 61 87 108 37 9 98 62 107 92 59 18 22 43 66 10 103 0 14 13 63 3 52 102 8 19 47 95 20 54 110 33 93 56 55 69 78 39 25 51 85 28 112 118 101 17 48 116 83 111 5 109 114 1 40 64 58 113 94 42 77 125 127 72 45 60 35 75 106 80 97 53 124 90 123 81 49 84
Coste: 239

GENERACION: 44
Mejor Solucion:  34 105 29 31 99 115 82 100 89 88 16 70 30 36 26 23 86 67 11 41 76 122 65 68 38 46 24 2 120 12 6 126 32 104 7 4 44 74 50 91 119 79 27 96 21 121 71 57 73 15 117 61 87 108 37 9 98 62 107 92 59 18 22 43 66 10 103 0 14 13 63 3 52 102 8 19 47 95 20 54 110 33 93 56 55 69 78 39 25 51 85 28 112 118 101 17 48 116 83 111 5 109 114 1 40 64 58 113 94 42 77 125 127 72 45 60 35 75 106 80 97 53 124 90 123 81 49 84
Coste: 239

GENERACION: 45
Mejor Solucion:  34 105 29 31 99 115 82 100 89 88 16 70 30 36 26 23 86 67 11 41 76 122 65 68 38 46 24 2 120 12 6 126 32 104 7 4 44 74 50 91 119 79 27 96 21 121 71 57 73 15 117 61 87 108 37 9 98 62 107 92 59 18 22 43 66 10 103 0 14 13 63 3 52 102 8 19 47 95 20 54 110 33 93 56 55 69 78 39 25 51 85 28 112 118 101 17 48 116 83 111 5 109 114 1 40 64 58 113 94 42 77 125 127 72 45 60 35 75 106 80 97 53 124 90 123 81 49 84
Coste: 239

GENERACION: 46
Mejor Solucion:  34 105 29 31 99 115 82 100 89 88 16 70 30 36 26 23 86 67 11 41 76 122 65 68 38 46 24 2 120 12 6 126 32 104 7 4 44 74 50 91 119 79 27 96 21 121 71 57 73 15 117 61 87 108 37 9 98 62 107 92 59 18 22 43 66 10 103 0 14 13 63 3 52 102 8 19 47 95 20 54 110 33 93 56 55 69 78 39 25 51 85 28 112 118 101 17 48 116 83 111 5 109 114 1 40 64 58 113 94 42 77 125 127 72 45 60 35 75 106 80 97 53 124 90 123 81 49 84
Coste: 239

GENERACION: 47
Mejor Solucion:  34 105 29 31 99 115 82 100 89 88 16 70 30 36 26 23 86 67 11 41 76 122 65 68 38 46 24 2 120 12 6 126 32 104 7 4 44 74 50 91 119 79 27 96 21 121 71 57 73 15 117 61 87 108 37 9 98 62 107 92 59 18 22 43 66 10 103 0 14 13 63 3 52 102 8 19 47 95 20 54 110 33 93 56 55 69 78 39 25 51 85 28 112 118 101 17 48 116 83 111 5 109 114 1 40 64 58 113 94 42 77 125 127 72 45 60 35 75 106 80 97 53 124 90 123 81 49 84
Coste: 239

GENERACION: 48
Mejor Solucion:  34 105 29 31 99 115 82 100 89 88 16 70 30 36 26 23 86 67 11 41 76 122 65 68 38 46 24 2 120 12 6 126 32 104 7 4 44 74 50 91 119 79 27 96 21 121 71 57 73 15 117 61 87 108 37 9 98 62 107 92 59 18 22 43 66 10 103 0 14 13 63 3 52 102 8 19 47 95 20 54 110 33 93 56 55 69 78 39 25 51 85 28 112 118 101 17 48 116 83 111 5 109 114 1 40 64 58 113 94 42 77 125 127 72 45 60 35 75 106 80 97 53 124 90 123 81 49 84
Coste: 239

GENERACION: 49
Mejor Solucion:  34 105 29 31 99 115 82 100 89 88 16 70 30 36 26 23 86 67 11 41 76 122 65 68 38 46 24 2 120 12 6 126 32 104 7 4 44 74 50 91 119 79 27 96 21 121 71 57 73 15 117 61 87 108 37 9 98 62 107 92 59 18 22 43 66 10 103 0 14 13 63 3 52 102 8 19 47 95 20 54 110 33 93 56 55 69 78 39 25 51 85 28 112 118 101 17 48 116 83 111 5 109 114 1 40 64 58 113 94 42 77 125 127 72 45 60 35 75 106 80 97 53 124 90 123 81 49 84
Coste: 239

GENERACION: 50
Mejor Solucion:  34 105 29 31 99 115 82 100 89 88 16 70 30 36 26 23 86 67 11 41 76 122 65 68 38 46 24 2 120 12 6 126 32 104 7 4 44 74 50 91 119 79 27 96 21 121 71 57 73 15 117 61 87 108 37 9 98 62 107 92 59 18 22 43 66 10 103 0 14 13 63 3 52 102 8 19 47 95 20 54 110 33 93 56 55 69 78 39 25 51 85 28 112 118 101 17 48 116 83 111 5 109 114 1 40 64 58 113 94 42 77 125 127 72 45 60 35 75 106 80 97 53 124 90 123 81 49 84
Coste: 239

GENERACION: 51
Mejor Solucion:  34 105 29 31 99 115 82 100 89 88 16 70 30 36 26 23 86 67 11 41 76 122 65 68 38 46 24 2 120 12 6 126 32 104 7 4 44 74 50 91 119 79 27 96 21 121 71 57 73 15 117 61 87 108 37 9 98 62 107 92 59 18 22 43 66 10 103 0 14 13 63 3 52 102 8 19 47 95 20 54 110 33 93 56 55 69 78 39 25 51 85 28 112 118 101 17 48 116 83 111 5 109 114 1 40 64 58 113 94 42 77 125 127 72 45 60 35 75 106 80 97 53 124 90 123 81 49 84
Coste: 239

GENERACION: 52
Mejor Solucion:  34 105 29 31 99 115 82 100 89 88 16 70 30 36 26 23 86 67 11 41 76 122 65 68 38 46 24 2 120 12 6 126 32 104 7 4 44 74 50 91 119 79 27 96 21 121 71 57 73 15 117 61 87 108 37 9 98 62 107 92 59 18 22 43 66 10 103 0 14 13 63 3 52 102 8 19 47 95 20 54 110 33 93 56 55 69 78 39 25 51 85 28 112 118 101 17 48 116 83 111 5 109 114 1 40 64 58 113 94 42 77 125 127 72 45 60 35 75 106 80 97 53 124 90 123 81 49 84
Coste: 239

GENERACION: 53
Mejor Solucion:  34 105 29 31 99 115 82 100 89 88 16 70 30 36 26 23 86 67 11 41 76 122 65 68 38 46 24 2 120 12 6 126 32 104 7 4 44 74 50 91 119 79 27 96 21 121 71 57 73 15 117 61 87 108 37 9 98 62 107 92 59 18 22 43 66 10 103 0 14 13 63 3 52 102 8 19 47 95 20 54 110 33 93 56 55 69 78 39 25 51 85 28 112 118 101 17 48 116 83 111 5 109 114 1 40 64 58 113 94 42 77 125 127 72 45 60 35 75 106 80 97 53 124 90 123 81 49 84
Coste: 239

GENERACION: 54
Mejor Solucion:  34 105 29 31 99 115 82 100 89 88 16 70 30 36 26 23 86 67 11 41 76 122 65 68 38 46 24 2 120 12 6 126 32 104 7 4 44 74 50 91 119 79 27 96 21 121 71 57 73 15 117 61 87 108 37 9 98 62 107 92 59 18 22 43 66 10 103 0 14 13 63 3 52 102 8 19 47 95 20 54 110 33 93 56 55 69 78 39 25 51 85 28 112 118 101 17 48 116 83 111 5 109 114 1 40 64 58 113 94 42 77 125 127 72 45 60 35 75 106 80 97 53 124 90 123 81 49 84
Coste: 239

GENERACION: 55
Mejor Solucion:  34 105 29 31 99 115 82 100 89 88 16 70 30 36 26 23 86 67 11 41 76 122 65 68 38 46 24 2 120 12 6 126 32 104 7 4 44 74 50 91 119 79 27 96 21 121 71 57 73 15 117 61 87 108 37 9 98 62 107 92 59 18 22 43 66 10 103 0 14 13 63 3 52 102 8 19 47 95 20 54 110 33 93 56 55 69 78 39 25 51 85 28 112 118 101 17 48 116 83 111 5 109 114 1 40 64 58 113 94 42 77 125 127 72 45 60 35 75 106 80 97 53 124 90 123 81 49 84
Coste: 239

GENERACION: 56
Mejor Solucion:  34 105 29 31 99 115 82 100 89 88 16 70 30 36 26 23 86 67 11 41 76 122 65 68 38 46 24 2 120 12 6 126 32 104 7 4 44 74 50 91 119 79 27 96 21 121 71 57 73 15 117 61 87 108 37 9 98 62 107 92 59 18 22 43 66 10 103 0 14 13 63 3 52 102 8 19 47 95 20 54 110 33 93 56 55 69 78 39 25 51 85 28 112 118 101 17 48 116 83 111 5 109 114 1 40 64 58 113 94 42 77 125 127 72 45 60 35 75 106 80 97 53 124 90 123 81 49 84
Coste: 239

GENERACION: 57
Mejor Solucion:  34 105 29 31 99 115 82 100 89 88 16 70 30 36 26 23 86 67 11 41 76 122 65 68 38 46 24 2 120 12 6 126 32 104 7 4 44 74 50 91 119 79 27 96 21 121 71 57 73 15 117 61 87 108 37 9 98 62 107 92 59 18 22 43 66 10 103 0 14 13 63 3 52 102 8 19 47 95 20 54 110 33 93 56 55 69 78 39 25 51 85 28 112 118 101 17 48 116 83 111 5 109 114 1 40 64 58 113 94 42 77 125 127 72 45 60 35 75 106 80 97 53 124 90 123 81 49 84
Coste: 239

GENERACION: 58
Mejor Solucion:  34 105 29 31 99 115 82 100 89 88 16 70 30 36 26 23 86 67 11 41 76 122 65 68 38 46 24 2 120 12 6 126 32 104 7 4 44 74 50 91 119 79 27 96 21 121 71 57 73 15 117 61 87 108 37 9 98 62 107 92 59 18 22 43 66 10 103 0 14 13 63 3 52 102 8 19 47 95 20 54 110 33 93 56 55 69 78 39 25 51 85 28 112 118 101 17 48 116 83 111 5 109 114 1 40 64 58 113 94 42 77 125 127 72 45 60 35 75 106 80 97 53 124 90 123 81 49 84
Coste: 239

GENERACION: 59
Mejor Solucion:  34 105 29 31 99 115 82 100 89 88 16 70 30 36 26 23 86 67 11 41 76 122 65 68 38 46 24 2 120 12 6 126 32 104 7 4 44 74 50 91 119 79 27 96 21 121 71 57 73 15 117 61 87 108 37 9 98 62 107 92 59 18 22 43 66 10 103 0 14 13 63 3 52 102 8 19 47 95 20 54 110 33 93 56 55 69 78 39 25 51 85 28 112 118 101 17 48 116 83 111 5 109 114 1 40 64 58 113 94 42 77 125 127 72 45 60 35 75 106 80 97 53 124 90 123 81 49 84
Coste: 239

GENERACION: 60
Mejor Solucion:  34 105 29 31 99 115 82 100 89 88 16 70 30 36 26 23 86 67 11 41 76 122 65 68 38 46 24 2 120 12 6 126 32 104 7 4 44 74 50 91 119 79 27 96 21 121 71 57 73 15 117 61 87 108 37 9 98 62 107 92 59 18 22 43 66 10 103 0 14 13 63 3 52 102 8 19 47 95 20 54 110 33 93 56 55 69 78 39 25 51 85 28 112 118 101 17 48 116 83 111 5 109 114 1 40 64 58 113 94 42 77 125 127 72 45 60 35 75 106 80 97 53 124 90 123 81 49 84
Coste: 239

GENERACION: 61
Mejor Solucion:  34 105 29 31 99 115 82 100 89 88 16 70 30 36 26 23 86 67 11 41 76 122 65 68 38 46 24 2 120 12 6 126 32 104 7 4 44 74 50 91 119 79 27 96 21 121 71 57 73 15 117 61 87 108 37 9 98 62 107 92 59 18 22 43 66 10 103 0 14 13 63 3 52 102 8 19 47 95 20 54 110 33 93 56 55 69 78 39 25 51 85 28 112 118 101 17 48 116 83 111 5 109 114 1 40 64 58 113 94 42 77 125 127 72 45 60 35 75 106 80 97 53 124 90 123 81 49 84
Coste: 239

GENERACION: 62
Mejor Solucion:  34 105 29 31 99 115 82 100 89 88 16 70 30 36 26 23 86 67 11 41 76 122 65 68 38 46 24 2 120 12 6 126 32 104 7 4 44 74 50 91 119 79 27 96 21 121 71 57 73 15 117 61 87 108 37 9 98 62 107 92 59 18 22 43 66 10 103 0 14 13 63 3 52 102 8 19 47 95 20 54 110 33 93 56 55 69 78 39 25 51 85 28 112 118 101 17 48 116 83 111 5 109 114 1 40 64 58 113 94 42 77 125 127 72 45 60 35 75 106 80 97 53 124 90 123 81 49 84
Coste: 239

GENERACION: 63
Mejor Solucion:  34 105 29 31 99 115 82 100 89 88 16 70 30 36 26 23 86 67 11 41 76 122 65 68 38 46 24 2 120 12 6 126 32 104 7 4 44 74 50 91 119 79 27 96 21 121 71 57 73 15 117 61 87 108 37 9 98 62 107 92 59 18 22 43 66 10 103 0 14 13 63 3 52 102 8 19 47 95 20 54 110 33 93 56 55 69 78 39 25 51 85 28 112 118 101 17 48 116 83 111 5 109 114 1 40 64 58 113 94 42 77 125 127 72 45 60 35 75 106 80 97 53 124 90 123 81 49 84
Coste: 239

GENERACION: 64
Mejor Solucion:  34 105 29 31 99 115 82 100 89 88 16 70 30 36 26 23 86 67 11 41 76 122 65 68 38 46 24 2 120 12 6 126 32 104 7 4 44 74 50 91 119 79 27 96 21 121 71 57 73 15 117 61 87 108 37 9 98 62 107 92 59 18 22 43 66 10 103 0 14 13 63 3 52 102 8 19 47 95 20 54 110 33 93 56 55 69 78 39 25 51 85 28 112 118 101 17 48 116 83 111 5 109 114 1 40 64 58 113 94 42 77 125 127 72 45 60 35 75 106 80 97 53 124 90 123 81 49 84
Coste: 239

GENERACION: 65
Mejor Solucion:  34 105 29 31 99 115 82 100 89 88 16 70 30 36 26 23 86 67 11 41 76 122 65 68 38 46 24 2 120 12 6 126 32 104 7 4 44 74 50 91 119 79 27 96 21 121 71 57 73 15 117 61 87 108 37 9 98 62 107 92 59 18 22 43 66 10 103 0 14 13 63 3 52 102 8 19 47 95 20 54 110 33 93 56 55 69 78 39 25 51 85 28 112 118 101 17 48 116 83 111 5 109 114 1 40 64 58 113 94 42 77 125 127 72 45 60 35 75 106 80 97 53 124 90 123 81 49 84
Coste: 239

GENERACION: 66
Mejor Solucion:  34 105 29 31 99 115 82 100 89 88 16 70 30 36 26 23 86 67 11 41 76 122 65 68 38 46 24 2 120 12 6 126 32 104 7 4 44 74 50 91 119 79 27 96 21 121 71 57 73 15 117 61 87 108 37 9 98 62 107 92 59 18 22 43 66 10 103 0 14 13 63 3 52 102 8 19 47 95 20 54 110 33 93 56 55 69 78 39 25 51 85 28 112 118 101 17 48 116 83 111 5 109 114 1 40 64 58 113 94 42 77 125 127 72 45 60 35 75 106 80 97 53 124 90 123 81 49 84
Coste: 239

GENERACION: 67
Mejor Solucion:  34 105 29 31 99 115 82 100 89 88 16 70 30 36 26 23 86 67 11 41 76 122 65 68 38 46 24 2 120 12 6 126 32 104 7 4 44 74 50 91 119 79 27 96 21 121 71 57 73 15 117 61 87 108 37 9 98 62 107 92 59 18 22 43 66 10 103 0 14 13 63 3 52 102 8 19 47 95 20 54 110 33 93 56 55 69 78 39 25 51 85 28 112 118 101 17 48 116 83 111 5 109 114 1 40 64 58 113 94 42 77 125 127 72 45 60 35 75 106 80 97 53 124 90 123 81 49 84
Coste: 239

GENERACION: 68
Mejor Solucion:  34 105 29 31 99 115 82 100 89 88 16 70 30 36 26 23 86 67 11 41 76 122 65 68 38 46 24 2 120 12 6 126 32 104 7 4 44 74 50 91 119 79 27 96 21 121 71 57 73 15 117 61 87 108 37 9 98 62 107 92 59 18 22 43 66 10 103 0 14 13 63 3 52 102 8 19 47 95 20 54 110 33 93 56 55 69 78 39 25 51 85 28 112 118 101 17 48 116 83 111 5 109 114 1 40 64 58 113 94 42 77 125 127 72 45 60 35 75 106 80 97 53 124 90 123 81 49 84
Coste: 239

GENERACION: 69
Mejor Solucion:  34 105 29 31 99 115 82 100 89 88 16 70 30 36 26 23 86 67 11 41 76 122 65 68 38 46 24 2 120 12 6 126 32 104 7 4 44 74 50 91 119 79 27 96 21 121 71 57 73 15 117 61 87 108 37 9 98 62 107 92 59 18 22 43 66 10 103 0 14 13 63 3 52 102 8 19 47 95 20 54 110 33 93 56 55 69 78 39 25 51 85 28 112 118 101 17 48 116 83 111 5 109 114 1 40 64 58 113 94 42 77 125 127 72 45 60 35 75 106 80 97 53 124 90 123 81 49 84
Coste: 239

GENERACION: 70
Mejor Solucion:  34 105 29 31 99 115 82 100 89 88 16 70 30 36 26 23 86 67 11 41 76 122 65 68 38 46 24 2 120 12 6 126 32 104 7 4 44 74 50 91 119 79 27 96 21 121 71 57 73 15 117 61 87 108 37 9 98 62 107 92 59 18 22 43 66 10 103 0 14 13 63 3 52 102 8 19 47 95 20 54 110 33 93 56 55 69 78 39 25 51 85 28 112 118 101 17 48 116 83 111 5 109 114 1 40 64 58 113 94 42 77 125 127 72 45 60 35 75 106 80 97 53 124 90 123 81 49 84
Coste: 239

GENERACION: 71
Mejor Solucion:  34 105 29 31 99 115 82 100 89 88 16 70 30 36 26 23 86 67 11 41 76 122 65 68 38 46 24 2 120 12 6 126 32 104 7 4 44 74 50 91 119 79 27 96 21 121 71 57 73 15 117 61 87 108 37 9 98 62 107 92 59 18 22 43 66 10 103 0 14 13 63 3 52 102 8 19 47 95 20 54 110 33 93 56 55 69 78 39 25 51 85 28 112 118 101 17 48 116 83 111 5 109 114 1 40 64 58 113 94 42 77 125 127 72 45 60 35 75 106 80 97 53 124 90 123 81 49 84
Coste: 239

GENERACION: 72
Mejor Solucion:  34 105 29 31 99 115 82 100 89 88 16 70 30 36 26 23 86 67 11 41 76 122 65 68 38 46 24 2 120 12 6 126 32 104 7 4 44 74 50 91 119 79 27 96 21 121 71 57 73 15 117 61 87 108 37 9 98 62 107 92 59 18 22 43 66 10 103 0 14 13 63 3 52 102 8 19 47 95 20 54 110 33 93 56 55 69 78 39 25 51 85 28 112 118 101 17 48 116 83 111 5 109 114 1 40 64 58 113 94 42 77 125 127 72 45 60 35 75 106 80 97 53 124 90 123 81 49 84
Coste: 239

GENERACION: 73
Mejor Solucion:  34 105 29 31 99 115 82 100 89 88 16 70 30 36 26 23 86 67 11 41 76 122 65 68 38 46 24 2 120 12 6 126 32 104 7 4 44 74 50 91 119 79 27 96 21 121 71 57 73 15 117 61 87 108 37 9 98 62 107 92 59 18 22 43 66 10 103 0 14 13 63 3 52 102 8 19 47 95 20 54 110 33 93 56 55 69 78 39 25 51 85 28 112 118 101 17 48 116 83 111 5 109 114 1 40 64 58 113 94 42 77 125 127 72 45 60 35 75 106 80 97 53 124 90 123 81 49 84
Coste: 239

GENERACION: 74
Mejor Solucion:  34 105 29 31 99 115 82 100 89 88 16 70 30 36 26 23 86 67 11 41 76 122 65 68 38 46 24 2 120 12 6 126 32 104 7 4 44 74 50 91 119 79 27 96 21 121 71 57 73 15 117 61 87 108 37 9 98 62 107 92 59 18 22 43 66 10 103 0 14 13 63 3 52 102 8 19 47 95 20 54 110 33 93 56 55 69 78 39 25 51 85 28 112 118 101 17 48 116 83 111 5 109 114 1 40 64 58 113 94 42 77 125 127 72 45 60 35 75 106 80 97 53 124 90 123 81 49 84
Coste: 239

GENERACION: 75
Mejor Solucion:  34 105 29 31 99 115 82 100 89 88 16 70 30 36 26 23 86 67 11 41 76 122 65 68 38 46 24 2 120 12 6 126 32 104 7 4 44 74 50 91 119 79 27 96 21 121 71 57 73 15 117 61 87 108 37 9 98 62 107 92 59 18 22 43 66 10 103 0 14 13 63 3 52 102 8 19 47 95 20 54 110 33 93 56 55 69 78 39 25 51 85 28 112 118 101 17 48 116 83 111 5 109 114 1 40 64 58 113 94 42 77 125 127 72 45 60 35 75 106 80 97 53 124 90 123 81 49 84
Coste: 239

GENERACION: 76
Mejor Solucion:  34 105 29 31 99 115 82 100 89 88 16 70 30 36 26 23 86 67 11 41 76 122 65 68 38 46 24 2 120 12 6 126 32 104 7 4 44 74 50 91 119 79 27 96 21 121 71 57 73 15 117 61 87 108 37 9 98 62 107 92 59 18 22 43 66 10 103 0 14 13 63 3 52 102 8 19 47 95 20 54 110 33 93 56 55 69 78 39 25 51 85 28 112 118 101 17 48 116 83 111 5 109 114 1 40 64 58 113 94 42 77 125 127 72 45 60 35 75 106 80 97 53 124 90 123 81 49 84
Coste: 239

GENERACION: 77
Mejor Solucion:  34 105 29 31 99 115 82 100 89 88 16 70 30 36 26 23 86 67 11 41 76 122 65 68 38 46 24 2 120 12 6 126 32 104 7 4 44 74 50 91 119 79 27 96 21 121 71 57 73 15 117 61 87 108 37 9 98 62 107 92 59 18 22 43 66 10 103 0 14 13 63 3 52 102 8 19 47 95 20 54 110 33 93 56 55 69 78 39 25 51 85 28 112 118 101 17 48 116 83 111 5 109 114 1 40 64 58 113 94 42 77 125 127 72 45 60 35 75 106 80 97 53 124 90 123 81 49 84
Coste: 239

GENERACION: 78
Mejor Solucion:  34 105 29 31 99 115 82 100 89 88 16 70 30 36 26 23 86 67 11 41 76 122 65 68 38 46 24 2 120 12 6 126 32 104 7 4 44 74 50 91 119 79 27 96 21 121 71 57 73 15 117 61 87 108 37 9 98 62 107 92 59 18 22 43 66 10 103 0 14 13 63 3 52 102 8 19 47 95 20 54 110 33 93 56 55 69 78 39 25 51 85 28 112 118 101 17 48 116 83 111 5 109 114 1 40 64 58 113 94 42 77 125 127 72 45 60 35 75 106 80 97 53 124 90 123 81 49 84
Coste: 239

GENERACION: 79
Mejor Solucion:  34 105 29 31 99 115 82 100 89 88 16 70 30 36 26 23 86 67 11 41 76 122 65 68 38 46 24 2 120 12 6 126 32 104 7 4 44 74 50 91 119 79 27 96 21 121 71 57 73 15 117 61 87 108 37 9 98 62 107 92 59 18 22 43 66 10 103 0 14 13 63 3 52 102 8 19 47 95 20 54 110 33 93 56 55 69 78 39 25 51 85 28 112 118 101 17 48 116 83 111 5 109 114 1 40 64 58 113 94 42 77 125 127 72 45 60 35 75 106 80 97 53 124 90 123 81 49 84
Coste: 239

GENERACION: 80
Mejor Solucion:  34 105 29 31 99 115 82 100 89 88 16 70 30 36 26 23 86 67 11 41 76 122 65 68 38 46 24 2 120 12 6 126 32 104 7 4 44 74 50 91 119 79 27 96 21 121 71 57 73 15 117 61 87 108 37 9 98 62 107 92 59 18 22 43 66 10 103 0 14 13 63 3 52 102 8 19 47 95 20 54 110 33 93 56 55 69 78 39 25 51 85 28 112 118 101 17 48 116 83 111 5 109 114 1 40 64 58 113 94 42 77 125 127 72 45 60 35 75 106 80 97 53 124 90 123 81 49 84
Coste: 239

GENERACION: 81
Mejor Solucion:  34 105 29 31 99 115 82 100 89 88 16 70 30 36 26 23 86 67 11 41 76 122 65 68 38 46 24 2 120 12 6 126 32 104 7 4 44 74 50 91 119 79 27 96 21 121 71 57 73 15 117 61 87 108 37 9 98 62 107 92 59 18 22 43 66 10 103 0 14 13 63 3 52 102 8 19 47 95 20 54 110 33 93 56 55 69 78 39 25 51 85 28 112 118 101 17 48 116 83 111 5 109 114 1 40 64 58 113 94 42 77 125 127 72 45 60 35 75 106 80 97 53 124 90 123 81 49 84
Coste: 239

GENERACION: 82
Mejor Solucion:  34 105 29 31 99 115 82 100 89 88 16 70 30 36 26 23 86 67 11 41 76 122 65 68 38 46 24 2 120 12 6 126 32 104 7 4 44 74 50 91 119 79 27 96 21 121 71 57 73 15 117 61 87 108 37 9 98 62 107 92 59 18 22 43 66 10 103 0 14 13 63 3 52 102 8 19 47 95 20 54 110 33 93 56 55 69 78 39 25 51 85 28 112 118 101 17 48 116 83 111 5 109 114 1 40 64 58 113 94 42 77 125 127 72 45 60 35 75 106 80 97 53 124 90 123 81 49 84
Coste: 239

GENERACION: 83
Mejor Solucion:  34 105 29 31 99 115 82 100 89 88 16 70 30 36 26 23 86 67 11 41 76 122 65 68 38 46 24 2 120 12 6 126 32 104 7 4 44 74 50 91 119 79 27 96 21 121 71 57 73 15 117 61 87 108 37 9 98 62 107 92 59 18 22 43 66 10 103 0 14 13 63 3 52 102 8 19 47 95 20 54 110 33 93 56 55 69 78 39 25 51 85 28 112 118 101 17 48 116 83 111 5 109 114 1 40 64 58 113 94 42 77 125 127 72 45 60 35 75 106 80 97 53 124 90 123 81 49 84
Coste: 239

GENERACION: 84
Mejor Solucion:  34 105 29 31 99 115 82 100 89 88 16 70 30 36 26 23 86 67 11 41 76 122 65 68 38 46 24 2 120 12 6 126 32 104 7 4 44 74 50 91 119 79 27 96 21 121 71 57 73 15 117 61 87 108 37 9 98 62 107 92 59 18 22 43 66 10 103 0 14 13 63 3 52 102 8 19 47 95 20 54 110 33 93 56 55 69 78 39 25 51 85 28 112 118 101 17 48 116 83 111 5 109 114 1 40 64 58 113 94 42 77 125 127 72 45 60 35 75 106 80 97 53 124 90 123 81 49 84
Coste: 239

