GENERACION: 1
Mejor Solucion:  55 87 125 3 42 43 75 117 25 65 22 1 16 21 85 116 27 99 20 111 95 52 38 89 5 28 50 120 60 107 92 88 48 82 4 80 49 105 66 64 46 90 112 51 84 15 76 72 91 32 68 110 74 47 81 78 59 44 6 124 30 37 71 121 45 108 119 109 26 93 39 61 102 23 57 86 36 98 97 118 96 83 0 31 113 126 11 100 73 101 62 123 122 40 2 115 34 56 41 106 10 19 53 13 58 63 29 79 14 24 69 127 104 17 67 77 35 94 9 54 8 103 7 33 18 70 12 114
Coste: 274

GENERACION: 2
Mejor Solucion:  55 87 125 3 42 43 75 117 25 65 22 1 16 21 85 116 27 99 20 111 95 52 38 89 5 28 50 120 60 107 92 88 48 82 4 80 49 105 66 64 46 90 112 51 84 15 76 72 91 32 68 110 74 47 81 78 59 44 6 124 30 37 71 121 45 108 119 109 26 93 39 61 102 23 57 86 36 98 97 118 96 83 0 31 113 126 11 100 73 101 62 123 122 40 2 115 34 56 41 106 10 19 53 13 58 63 29 79 14 24 69 127 104 17 67 77 35 94 9 54 8 103 7 33 18 70 12 114
Coste: 274

GENERACION: 3
Mejor Solucion:  55 87 125 3 42 43 75 117 25 65 22 1 16 21 85 116 27 99 20 111 95 52 38 89 5 28 50 120 60 107 92 88 48 82 4 80 49 105 66 64 46 90 112 51 84 15 76 72 91 32 68 110 74 47 81 78 59 44 6 124 30 37 71 121 45 108 119 109 26 93 39 61 102 23 57 86 36 98 97 118 96 83 0 31 113 126 11 100 73 101 62 123 122 40 2 115 34 56 41 106 10 19 53 13 58 63 29 79 14 24 69 127 104 17 67 77 35 94 9 54 8 103 7 33 18 70 12 114
Coste: 274

GENERACION: 4
Mejor Solucion:  55 87 125 3 42 43 75 117 25 65 22 1 16 21 85 116 27 99 20 111 95 52 38 89 5 28 50 120 60 107 92 88 48 82 4 80 49 105 66 64 46 90 112 51 84 15 76 72 91 32 68 110 74 47 81 78 59 44 6 124 30 37 71 121 45 108 119 109 26 93 39 61 102 23 57 86 36 98 97 118 96 83 0 31 113 126 11 100 73 101 62 123 122 40 2 115 34 56 41 106 10 19 53 13 58 63 29 79 14 24 69 127 104 17 67 77 35 94 9 54 8 103 7 33 18 70 12 114
Coste: 274

GENERACION: 5
Mejor Solucion:  55 87 125 3 42 43 75 117 25 65 22 1 16 21 85 116 27 99 20 111 95 52 38 89 5 28 50 120 60 107 92 88 48 82 4 80 49 105 66 64 46 90 112 51 84 15 76 72 91 32 68 110 74 47 81 78 59 44 6 124 30 37 71 121 45 108 119 109 26 93 39 61 102 23 57 86 36 98 97 118 96 83 0 31 113 126 11 100 73 101 62 123 122 40 2 115 34 56 41 106 10 19 53 13 58 63 29 79 14 24 69 127 104 17 67 77 35 94 9 54 8 103 7 33 18 70 12 114
Coste: 274

GENERACION: 6
Mejor Solucion:  55 87 125 3 42 43 75 117 25 65 22 1 16 21 85 116 27 99 20 111 95 52 38 89 5 28 50 120 60 107 92 88 48 82 4 80 49 105 66 64 46 90 112 51 84 15 76 72 91 32 68 110 74 47 81 78 59 44 6 124 30 37 71 121 45 108 119 109 26 93 39 61 102 23 57 86 36 98 97 118 96 83 0 31 113 126 11 100 73 101 62 123 122 40 2 115 34 56 41 106 10 19 53 13 58 63 29 79 14 24 69 127 104 17 67 77 35 94 9 54 8 103 7 33 18 70 12 114
Coste: 274

GENERACION: 7
Mejor Solucion:  124 74 12 50 21 36 6 69 92 11 47 126 117 51 35 119 46 48 20 121 79 28 111 55 14 105 112 8 96 34 75 7 64 30 0 88 15 22 1 116 113 44 77 58 32 123 18 29 60 49 68 110 23 125 81 108 31 76 40 114 54 37 71 90 100 78 66 109 26 93 80 61 86 33 19 41 9 27 52 16 97 53 103 99 56 63 82 17 85 87 62 127 43 67 2 115 3 4 104 106 70 45 107 13 120 24 89 98 10 102 94 25 122 84 91 101 65 118 83 57 5 73 39 59 95 72 42 38
Coste: 267

GENERACION: 8
Mejor Solucion:  124 74 12 50 21 36 6 69 92 11 47 126 117 51 35 119 46 48 20 121 79 28 111 55 14 105 112 8 96 34 75 7 64 30 0 88 15 22 1 116 113 44 77 58 32 123 18 29 60 49 68 110 23 125 81 108 31 76 40 114 54 37 71 90 100 78 66 109 26 93 80 61 86 33 19 41 9 27 52 16 97 53 103 99 56 63 82 17 85 87 62 127 43 67 2 115 3 4 104 106 70 45 107 13 120 24 89 98 10 102 94 25 122 84 91 101 65 118 83 57 5 73 39 59 95 72 42 38
Coste: 267

GENERACION: 9
Mejor Solucion:  124 74 12 50 21 36 6 69 92 11 47 126 117 51 35 119 46 48 20 121 79 28 111 55 14 105 112 8 96 34 75 7 64 30 0 88 15 22 1 116 113 44 77 58 32 123 18 29 60 49 68 110 23 125 81 108 31 76 40 114 54 37 71 90 100 78 66 109 26 93 80 61 86 33 19 41 9 27 52 16 97 53 103 99 56 63 82 17 85 87 62 127 43 67 2 115 3 4 104 106 70 45 107 13 120 24 89 98 10 102 94 25 122 84 91 101 65 118 83 57 5 73 39 59 95 72 42 38
Coste: 267

GENERACION: 10
Mejor Solucion:  124 74 12 50 21 36 6 69 92 11 47 126 117 51 35 119 46 48 20 121 79 28 111 55 14 105 112 8 96 34 75 7 64 30 0 88 15 22 1 116 113 44 77 58 32 123 18 29 60 49 68 110 23 125 81 108 31 76 40 114 54 37 71 90 100 78 66 109 26 93 80 61 86 33 19 41 9 27 52 16 97 53 103 99 56 63 82 17 85 87 62 127 43 67 2 115 3 4 104 106 70 45 107 13 120 24 89 98 10 102 94 25 122 84 91 101 65 118 83 57 5 73 39 59 95 72 42 38
Coste: 267

GENERACION: 11
Mejor Solucion:  124 74 12 50 21 36 6 69 92 11 47 126 117 51 35 119 46 48 20 121 79 28 111 55 14 105 112 8 96 34 75 7 64 30 0 88 15 22 1 116 113 44 77 58 32 123 18 29 60 49 68 110 23 125 81 108 31 76 40 114 54 37 71 90 100 78 66 109 26 93 80 61 86 33 19 41 9 27 52 16 97 53 103 99 56 63 82 17 85 87 62 127 43 67 2 115 3 4 104 106 70 45 107 13 120 24 89 98 10 102 94 25 122 84 91 101 65 118 83 57 5 73 39 59 95 72 42 38
Coste: 267

GENERACION: 12
Mejor Solucion:  124 74 12 50 21 36 6 69 92 11 47 126 117 51 35 119 46 48 20 121 79 28 111 55 14 105 112 8 96 34 75 7 64 30 0 88 15 22 1 116 113 44 77 58 32 123 18 29 60 49 68 110 23 125 81 108 31 76 40 114 54 37 71 90 100 78 66 109 26 93 80 61 86 33 19 41 9 27 52 16 97 53 103 99 56 63 82 17 85 87 62 127 43 67 2 115 3 4 104 106 70 45 107 13 120 24 89 98 10 102 94 25 122 84 91 101 65 118 83 57 5 73 39 59 95 72 42 38
Coste: 267

GENERACION: 13
Mejor Solucion:  124 74 12 50 21 36 6 69 92 11 47 126 117 51 35 119 46 48 20 121 79 28 111 55 14 105 112 8 96 34 75 7 64 30 0 88 15 22 1 116 113 44 77 58 32 123 18 29 60 49 68 110 23 125 81 108 31 76 40 114 54 37 71 90 100 78 66 109 26 93 80 61 86 33 19 41 9 27 52 16 97 53 103 99 56 63 82 17 85 87 62 127 43 67 2 115 3 4 104 106 70 45 107 13 120 24 89 98 10 102 94 25 122 84 91 101 65 118 83 57 5 73 39 59 95 72 42 38
Coste: 267

GENERACION: 14
Mejor Solucion:  124 74 12 50 21 36 6 69 92 11 47 126 117 51 35 119 46 48 20 121 79 28 111 55 14 105 112 8 96 34 75 7 64 30 0 88 15 22 1 116 113 44 77 58 32 123 18 29 60 49 68 110 23 125 81 108 31 76 40 114 54 37 71 90 100 78 66 109 26 93 80 61 86 33 19 41 9 27 52 16 97 53 103 99 56 63 82 17 85 87 62 127 43 67 2 115 3 4 104 106 70 45 107 13 120 24 89 98 10 102 94 25 122 84 91 101 65 118 83 57 5 73 39 59 95 72 42 38
Coste: 267

GENERACION: 15
Mejor Solucion:  124 74 12 50 21 36 6 69 92 11 47 126 117 51 35 119 46 48 20 121 79 28 111 55 14 105 112 8 96 34 75 7 64 30 0 88 15 22 1 116 113 44 77 58 32 123 18 29 60 49 68 110 23 125 81 108 31 76 40 114 54 37 71 90 100 78 66 109 26 93 80 61 86 33 19 41 9 27 52 16 97 53 103 99 56 63 82 17 85 87 62 127 43 67 2 115 3 4 104 106 70 45 107 13 120 24 89 98 10 102 94 25 122 84 91 101 65 118 83 57 5 73 39 59 95 72 42 38
Coste: 267

GENERACION: 16
Mejor Solucion:  124 74 12 50 21 36 6 69 92 11 47 126 117 51 35 119 46 48 20 121 79 28 111 55 14 105 112 8 96 34 75 7 64 30 0 88 15 22 1 116 113 44 77 58 32 123 18 29 60 49 68 110 23 125 81 108 31 76 40 114 54 37 71 90 100 78 66 109 26 93 80 61 86 33 19 41 9 27 52 16 97 53 103 99 56 63 82 17 85 87 62 127 43 67 2 115 3 4 104 106 70 45 107 13 120 24 89 98 10 102 94 25 122 84 91 101 65 118 83 57 5 73 39 59 95 72 42 38
Coste: 267

GENERACION: 17
Mejor Solucion:  124 74 12 50 21 36 6 69 92 11 47 126 117 51 35 119 46 48 20 121 79 28 111 55 14 105 112 8 96 34 75 7 64 30 0 88 15 22 1 116 113 44 77 58 32 123 18 29 60 49 68 110 23 125 81 108 31 76 40 114 54 37 71 90 100 78 66 109 26 93 80 61 86 33 19 41 9 27 52 16 97 53 103 99 56 63 82 17 85 87 62 127 43 67 2 115 3 4 104 106 70 45 107 13 120 24 89 98 10 102 94 25 122 84 91 101 65 118 83 57 5 73 39 59 95 72 42 38
Coste: 267

GENERACION: 18
Mejor Solucion:  124 25 12 123 21 16 38 112 72 40 63 45 117 41 107 87 46 68 119 36 79 28 126 6 29 105 43 27 96 11 89 7 64 74 65 88 15 102 1 81 113 9 77 2 32 50 18 86 60 75 71 110 22 0 99 108 111 13 109 114 127 47 67 103 104 66 80 34 10 95 48 5 14 49 56 30 51 94 52 26 97 98 39 19 83 37 69 17 44 20 8 53 82 54 58 115 93 62 57 23 70 100 35 78 120 24 116 3 125 122 118 33 76 92 91 101 106 31 85 59 61 73 90 4 121 55 42 84
Coste: 260

GENERACION: 19
Mejor Solucion:  124 25 12 123 21 16 38 112 72 40 63 45 117 41 107 87 46 68 119 36 79 28 126 6 29 105 43 27 96 11 89 7 64 74 65 88 15 102 1 81 113 9 77 2 32 50 18 86 60 75 71 110 22 0 99 108 111 13 109 114 127 47 67 103 104 66 80 34 10 95 48 5 14 49 56 30 51 94 52 26 97 98 39 19 83 37 69 17 44 20 8 53 82 54 58 115 93 62 57 23 70 100 35 78 120 24 116 3 125 122 118 33 76 92 91 101 106 31 85 59 61 73 90 4 121 55 42 84
Coste: 260

GENERACION: 20
Mejor Solucion:  124 25 12 123 21 16 38 112 72 40 63 45 117 41 107 87 46 68 119 36 79 28 126 6 29 105 43 27 96 11 89 7 64 74 65 88 15 102 1 81 113 9 77 2 32 50 18 86 60 75 71 110 22 0 99 108 111 13 109 114 127 47 67 103 104 66 80 34 10 95 48 5 14 49 56 30 51 94 52 26 97 98 39 19 83 37 69 17 44 20 8 53 82 54 58 115 93 62 57 23 70 100 35 78 120 24 116 3 125 122 118 33 76 92 91 101 106 31 85 59 61 73 90 4 121 55 42 84
Coste: 260

GENERACION: 21
Mejor Solucion:  124 25 12 123 21 16 38 112 72 40 63 45 117 41 107 87 46 68 119 36 79 28 126 6 29 105 43 27 96 11 89 7 64 74 65 88 15 102 1 81 113 9 77 2 32 50 18 86 60 75 71 110 22 0 99 108 111 13 109 114 127 47 67 103 104 66 80 34 10 95 48 5 14 49 56 30 51 94 52 26 97 98 39 19 83 37 69 17 44 20 8 53 82 54 58 115 93 62 57 23 70 100 35 78 120 24 116 3 125 122 118 33 76 92 91 101 106 31 85 59 61 73 90 4 121 55 42 84
Coste: 260

GENERACION: 22
Mejor Solucion:  124 25 12 123 21 16 38 112 72 40 63 45 117 41 107 87 46 68 119 36 79 28 126 6 29 105 43 27 96 11 89 7 64 74 65 88 15 102 1 81 113 9 77 2 32 50 18 86 60 75 71 110 22 0 99 108 111 13 109 114 127 47 67 103 104 66 80 34 10 95 48 5 14 49 56 30 51 94 52 26 97 98 39 19 83 37 69 17 44 20 8 53 82 54 58 115 93 62 57 23 70 100 35 78 120 24 116 3 125 122 118 33 76 92 91 101 106 31 85 59 61 73 90 4 121 55 42 84
Coste: 260

GENERACION: 23
Mejor Solucion:  124 25 12 123 21 16 38 112 72 40 63 45 117 41 107 87 46 68 119 36 79 28 126 6 29 105 43 27 96 11 89 7 64 74 65 88 15 102 1 81 113 9 77 2 32 50 18 86 60 75 71 110 22 0 99 108 111 13 109 114 127 47 67 103 104 66 80 34 10 95 48 5 14 49 56 30 51 94 52 26 97 98 39 19 83 37 69 17 44 20 8 53 82 54 58 115 93 62 57 23 70 100 35 78 120 24 116 3 125 122 118 33 76 92 91 101 106 31 85 59 61 73 90 4 121 55 42 84
Coste: 260

GENERACION: 24
Mejor Solucion:  124 25 12 123 21 16 38 112 72 40 63 45 117 41 107 87 46 68 119 36 79 28 126 6 29 105 43 27 96 11 89 7 64 74 65 88 15 102 1 81 113 9 77 2 32 50 18 86 60 75 71 110 22 0 99 108 111 13 109 114 127 47 67 103 104 66 80 34 10 95 48 5 14 49 56 30 51 94 52 26 97 98 39 19 83 37 69 17 44 20 8 53 82 54 58 115 93 62 57 23 70 100 35 78 120 24 116 3 125 122 118 33 76 92 91 101 106 31 85 59 61 73 90 4 121 55 42 84
Coste: 260

GENERACION: 25
Mejor Solucion:  124 25 12 123 21 16 38 112 72 40 63 45 117 41 107 87 46 68 119 36 79 28 126 6 29 105 43 27 96 11 89 7 64 74 65 88 15 102 1 81 113 9 77 2 32 50 18 86 60 75 71 110 22 0 99 108 111 13 109 114 127 47 67 103 104 66 80 34 10 95 48 5 14 49 56 30 51 94 52 26 97 98 39 19 83 37 69 17 44 20 8 53 82 54 58 115 93 62 57 23 70 100 35 78 120 24 116 3 125 122 118 33 76 92 91 101 106 31 85 59 61 73 90 4 121 55 42 84
Coste: 260

GENERACION: 26
Mejor Solucion:  124 25 12 123 21 16 38 112 72 40 63 45 117 41 107 87 46 68 119 36 79 28 126 6 29 105 43 27 96 11 89 7 64 74 65 88 15 102 1 81 113 9 77 2 32 50 18 86 60 75 71 110 22 0 99 108 111 13 109 114 127 47 67 103 104 66 80 34 10 95 48 5 14 49 56 30 51 94 52 26 97 98 39 19 83 37 69 17 44 20 8 53 82 54 58 115 93 62 57 23 70 100 35 78 120 24 116 3 125 122 118 33 76 92 91 101 106 31 85 59 61 73 90 4 121 55 42 84
Coste: 260

GENERACION: 27
Mejor Solucion:  124 25 12 123 21 16 38 112 72 40 63 45 117 41 107 87 46 68 119 36 79 28 126 6 29 105 43 27 96 11 89 7 64 74 65 88 15 102 1 81 113 9 77 2 32 50 18 86 60 75 71 110 22 0 99 108 111 13 109 114 127 47 67 103 104 66 80 34 10 95 48 5 14 49 56 30 51 94 52 26 97 98 39 19 83 37 69 17 44 20 8 53 82 54 58 115 93 62 57 23 70 100 35 78 120 24 116 3 125 122 118 33 76 92 91 101 106 31 85 59 61 73 90 4 121 55 42 84
Coste: 260

GENERACION: 28
Mejor Solucion:  124 25 12 123 21 16 38 112 72 40 63 45 117 41 107 87 46 68 119 36 79 28 126 6 29 105 43 27 96 11 89 7 64 74 65 88 15 102 1 81 113 9 77 2 32 50 18 86 60 75 71 110 22 0 99 108 111 13 109 114 127 47 67 103 104 66 80 34 10 95 48 5 14 49 56 30 51 94 52 26 97 98 39 19 83 37 69 17 44 20 8 53 82 54 58 115 93 62 57 23 70 100 35 78 120 24 116 3 125 122 118 33 76 92 91 101 106 31 85 59 61 73 90 4 121 55 42 84
Coste: 260

GENERACION: 29
Mejor Solucion:  124 25 12 123 21 16 38 112 72 40 63 45 117 41 107 87 46 68 119 36 79 28 126 6 29 105 43 27 96 11 89 7 64 74 65 88 15 102 1 81 113 9 77 2 32 50 18 86 60 75 71 110 22 0 99 108 111 13 109 114 127 47 67 103 104 66 80 34 10 95 48 5 14 49 56 30 51 94 52 26 97 98 39 19 83 37 69 17 44 20 8 53 82 54 58 115 93 62 57 23 70 100 35 78 120 24 116 3 125 122 118 33 76 92 91 101 106 31 85 59 61 73 90 4 121 55 42 84
Coste: 260

GENERACION: 30
Mejor Solucion:  124 25 12 123 21 16 38 112 72 40 63 45 117 41 107 87 46 68 119 36 79 28 126 6 29 105 43 27 96 11 89 7 64 74 65 88 15 102 1 81 113 9 77 2 32 50 18 86 60 75 71 110 22 0 99 108 111 13 109 114 127 47 67 103 104 66 80 34 10 95 48 5 14 49 56 30 51 94 52 26 97 98 39 19 83 37 69 17 44 20 8 53 82 54 58 115 93 62 57 23 70 100 35 78 120 24 116 3 125 122 118 33 76 92 91 101 106 31 85 59 61 73 90 4 121 55 42 84
Coste: 260

GENERACION: 31
Mejor Solucion:  124 25 12 123 21 16 38 112 72 40 63 45 117 41 107 87 46 68 119 36 79 28 126 6 29 105 43 27 96 11 89 7 64 74 65 88 15 102 1 81 113 9 77 2 32 50 18 86 60 75 71 110 22 0 99 108 111 13 109 114 127 47 67 103 104 66 80 34 10 95 48 5 14 49 56 30 51 94 52 26 97 98 39 19 83 37 69 17 44 20 8 53 82 54 58 115 93 62 57 23 70 100 35 78 120 24 116 3 125 122 118 33 76 92 91 101 106 31 85 59 61 73 90 4 121 55 42 84
Coste: 260

GENERACION: 32
Mejor Solucion:  124 25 12 123 21 16 38 112 72 40 63 45 117 41 107 87 46 68 119 36 79 28 126 6 29 105 43 27 96 11 89 7 64 74 65 88 15 102 1 81 113 9 77 2 32 50 18 86 60 75 71 110 22 0 99 108 111 13 109 114 127 47 67 103 104 66 80 34 10 95 48 5 14 49 56 30 51 94 52 26 97 98 39 19 83 37 69 17 44 20 8 53 82 54 58 115 93 62 57 23 70 100 35 78 120 24 116 3 125 122 118 33 76 92 91 101 106 31 85 59 61 73 90 4 121 55 42 84
Coste: 260

GENERACION: 33
Mejor Solucion:  124 25 12 123 21 16 38 112 72 40 63 127 117 89 107 87 46 77 119 36 41 28 126 6 29 105 43 3 82 11 79 7 64 74 65 104 15 102 1 84 113 76 68 2 32 50 18 86 60 75 71 110 22 8 99 108 83 33 109 114 45 47 67 103 73 66 80 34 10 95 48 5 14 49 56 30 51 94 52 26 97 98 39 19 111 37 69 17 44 20 0 53 96 54 58 115 93 62 57 23 70 24 35 78 61 100 116 27 125 122 118 13 9 92 91 101 106 42 85 59 120 88 90 4 121 55 31 81
Coste: 257

GENERACION: 34
Mejor Solucion:  124 25 12 123 21 16 38 112 72 40 63 127 117 89 107 87 46 77 119 36 41 28 126 6 29 105 43 3 82 11 79 7 64 74 65 104 15 102 1 84 113 76 68 2 32 50 18 86 60 75 71 110 22 8 99 108 83 33 109 114 45 47 67 103 73 66 80 34 10 95 48 5 14 49 56 30 51 94 52 26 97 98 39 19 111 37 69 17 44 20 0 53 96 54 58 115 93 62 57 23 70 24 35 78 61 100 116 27 125 122 118 13 9 92 91 101 106 42 85 59 120 88 90 4 121 55 31 81
Coste: 257

GENERACION: 35
Mejor Solucion:  124 25 12 123 21 16 38 112 72 40 63 127 117 89 107 87 46 77 119 36 41 28 126 6 29 105 43 3 82 11 79 7 64 74 65 104 15 102 1 84 113 76 68 2 32 50 18 86 60 75 71 110 22 8 99 108 83 33 109 114 45 47 67 103 73 66 80 34 10 95 48 5 14 49 56 30 51 94 52 26 97 98 39 19 111 37 69 17 44 20 0 53 96 54 58 115 93 62 57 23 70 24 35 78 61 100 116 27 125 122 118 13 9 92 91 101 106 42 85 59 120 88 90 4 121 55 31 81
Coste: 257

GENERACION: 36
Mejor Solucion:  124 25 12 123 21 16 38 112 72 40 63 127 117 89 107 87 46 77 119 36 41 28 126 6 29 105 43 3 82 11 79 7 64 74 65 104 15 102 1 84 113 76 68 2 32 50 18 86 60 75 71 110 22 8 99 108 83 33 109 114 45 47 67 103 73 66 80 34 10 95 48 5 14 49 56 30 51 94 52 26 97 98 39 19 111 37 69 17 44 20 0 53 96 54 58 115 93 62 57 23 70 24 35 78 61 100 116 27 125 122 118 13 9 92 91 101 106 42 85 59 120 88 90 4 121 55 31 81
Coste: 257

GENERACION: 37
Mejor Solucion:  124 25 12 123 21 16 38 112 72 40 63 127 117 89 107 87 46 77 119 36 41 28 126 6 29 105 43 3 82 11 79 7 64 74 65 104 15 102 1 84 113 76 68 2 32 50 18 86 60 75 71 110 22 8 99 108 83 33 109 114 45 47 67 103 73 66 80 34 10 95 48 5 14 49 56 30 51 94 52 26 97 98 39 19 111 37 69 17 44 20 0 53 96 54 58 115 93 62 57 23 70 24 35 78 61 100 116 27 125 122 118 13 9 92 91 101 106 42 85 59 120 88 90 4 121 55 31 81
Coste: 257

GENERACION: 38
Mejor Solucion:  124 25 12 123 21 16 38 112 72 40 63 127 117 89 107 87 46 77 119 36 41 28 126 6 29 105 43 3 82 11 79 7 64 74 65 104 15 102 1 84 113 76 68 2 32 50 18 86 60 75 71 110 22 8 99 108 83 33 109 114 45 47 67 103 73 66 80 34 10 95 48 5 14 49 56 30 51 94 52 26 97 98 39 19 111 37 69 17 44 20 0 53 96 54 58 115 93 62 57 23 70 24 35 78 61 100 116 27 125 122 118 13 9 92 91 101 106 42 85 59 120 88 90 4 121 55 31 81
Coste: 257

GENERACION: 39
Mejor Solucion:  124 25 12 123 21 16 38 112 72 40 63 127 117 89 107 87 46 77 119 36 41 28 126 6 29 105 43 3 82 11 79 7 64 74 65 104 15 102 1 84 113 76 68 2 32 50 18 86 60 75 71 110 22 8 99 108 83 33 109 114 45 47 67 103 73 66 80 34 10 95 48 5 14 49 56 30 51 94 52 26 97 98 39 19 111 37 69 17 44 20 0 53 96 54 58 115 93 62 57 23 70 24 35 78 61 100 116 27 125 122 118 13 9 92 91 101 106 42 85 59 120 88 90 4 121 55 31 81
Coste: 257

GENERACION: 40
Mejor Solucion:  116 123 25 77 21 112 38 121 88 15 107 127 41 7 66 87 46 3 119 36 90 65 126 43 118 63 6 117 100 11 28 101 79 1 55 91 120 102 74 104 113 76 105 85 9 58 18 86 60 75 71 110 22 8 124 108 83 72 109 114 45 47 67 103 111 16 80 34 10 95 35 5 14 49 56 30 51 94 52 26 97 98 39 69 73 37 19 17 44 20 0 53 96 54 50 115 93 62 57 23 70 27 31 78 61 12 122 24 13 99 40 125 32 92 4 82 106 42 2 59 29 33 68 84 89 64 48 81
Coste: 244

GENERACION: 41
Mejor Solucion:  116 123 25 77 21 112 38 121 88 15 107 127 41 7 66 87 46 3 119 36 90 65 126 43 118 63 6 117 100 11 28 101 79 1 55 91 120 102 74 104 113 76 105 85 9 58 18 86 60 75 71 110 22 8 124 108 83 72 109 114 45 47 67 103 111 16 80 34 10 95 35 5 14 49 56 30 51 94 52 26 97 98 39 69 73 37 19 17 44 20 0 53 96 54 50 115 93 62 57 23 70 27 31 78 61 12 122 24 13 99 40 125 32 92 4 82 106 42 2 59 29 33 68 84 89 64 48 81
Coste: 244

GENERACION: 42
Mejor Solucion:  116 123 25 77 21 112 38 121 88 15 107 127 41 7 66 87 46 3 119 36 90 65 126 43 118 63 6 117 100 11 28 101 79 1 55 91 120 102 74 104 113 76 105 85 9 58 18 86 60 75 71 110 22 8 124 108 83 72 109 114 45 47 67 103 111 16 80 34 10 95 35 5 14 49 56 30 51 94 52 26 97 98 39 69 73 37 19 17 44 20 0 53 96 54 50 115 93 62 57 23 70 27 31 78 61 12 122 24 13 99 40 125 32 92 4 82 106 42 2 59 29 33 68 84 89 64 48 81
Coste: 244

GENERACION: 43
Mejor Solucion:  116 123 25 77 21 112 38 121 88 15 107 127 41 7 66 87 46 3 119 36 90 65 126 43 118 63 6 117 100 11 28 101 79 1 55 91 120 102 74 104 113 76 105 85 9 58 18 86 60 75 71 110 22 8 124 108 83 72 109 114 45 47 67 103 111 16 80 34 10 95 35 5 14 49 56 30 51 94 52 26 97 98 39 69 73 37 19 17 44 20 0 53 96 54 50 115 93 62 57 23 70 27 31 78 61 12 122 24 13 99 40 125 32 92 4 82 106 42 2 59 29 33 68 84 89 64 48 81
Coste: 244

GENERACION: 44
Mejor Solucion:  116 123 25 77 21 112 38 121 88 15 107 127 41 7 66 87 46 3 119 36 90 65 126 43 118 63 6 117 100 11 28 101 79 1 55 91 120 102 74 104 113 76 105 85 9 58 18 86 60 75 71 110 22 8 124 108 83 72 109 114 45 47 67 103 111 16 80 34 10 95 35 5 14 49 56 30 51 94 52 26 97 98 39 69 73 37 19 17 44 20 0 53 96 54 50 115 93 62 57 23 70 27 31 78 61 12 122 24 13 99 40 125 32 92 4 82 106 42 2 59 29 33 68 84 89 64 48 81
Coste: 244

GENERACION: 45
Mejor Solucion:  116 123 25 77 21 112 38 121 88 15 107 127 41 7 66 87 46 3 119 36 90 65 126 43 118 63 6 117 100 11 28 101 79 1 55 91 120 102 74 104 113 76 105 85 9 58 18 86 60 75 71 110 22 8 124 108 83 72 109 114 45 47 67 103 111 16 80 34 10 95 35 5 14 49 56 30 51 94 52 26 97 98 39 69 73 37 19 17 44 20 0 53 96 54 50 115 93 62 57 23 70 27 31 78 61 12 122 24 13 99 40 125 32 92 4 82 106 42 2 59 29 33 68 84 89 64 48 81
Coste: 244

GENERACION: 46
Mejor Solucion:  116 123 25 77 21 112 38 121 88 15 107 127 41 7 66 87 46 3 119 36 90 65 126 43 118 63 6 117 100 11 28 101 79 1 55 91 120 102 74 104 113 76 105 85 9 58 18 86 60 75 71 110 22 8 124 108 83 72 109 114 45 47 67 103 111 16 80 34 10 95 35 5 14 49 56 30 51 94 52 26 97 98 39 69 73 37 19 17 44 20 0 53 96 54 50 115 93 62 57 23 70 27 31 78 61 12 122 24 13 99 40 125 32 92 4 82 106 42 2 59 29 33 68 84 89 64 48 81
Coste: 244

GENERACION: 47
Mejor Solucion:  116 123 25 77 21 112 38 121 88 15 107 127 41 7 66 87 46 3 119 36 90 65 126 43 118 63 6 117 100 11 28 101 79 1 55 91 120 102 74 104 113 76 105 85 9 58 18 86 60 75 71 110 22 8 124 108 83 72 109 114 45 47 67 103 111 16 80 34 10 95 35 5 14 49 56 30 51 94 52 26 97 98 39 69 73 37 19 17 44 20 0 53 96 54 50 115 93 62 57 23 70 27 31 78 61 12 122 24 13 99 40 125 32 92 4 82 106 42 2 59 29 33 68 84 89 64 48 81
Coste: 244

GENERACION: 48
Mejor Solucion:  116 123 25 77 21 112 38 121 88 15 107 127 41 7 66 87 46 3 119 36 90 65 126 43 118 63 6 117 100 11 28 101 79 1 55 91 120 102 74 104 113 76 105 85 9 58 18 86 60 75 71 110 22 8 124 108 83 72 109 114 45 47 67 103 111 16 80 34 10 95 35 5 14 49 56 30 51 94 52 26 97 98 39 69 73 37 19 17 44 20 0 53 96 54 50 115 93 62 57 23 70 27 31 78 61 12 122 24 13 99 40 125 32 92 4 82 106 42 2 59 29 33 68 84 89 64 48 81
Coste: 244

GENERACION: 49
Mejor Solucion:  116 123 25 77 21 112 38 121 88 15 107 127 41 7 66 87 46 3 119 36 90 65 126 43 118 63 6 117 100 11 28 101 79 1 55 91 120 102 74 104 113 76 105 85 9 58 18 86 60 75 71 110 22 8 124 108 83 72 109 114 45 47 67 103 111 16 80 34 10 95 35 5 14 49 56 30 51 94 52 26 97 98 39 69 73 37 19 17 44 20 0 53 96 54 50 115 93 62 57 23 70 27 31 78 61 12 122 24 13 99 40 125 32 92 4 82 106 42 2 59 29 33 68 84 89 64 48 81
Coste: 244

GENERACION: 50
Mejor Solucion:  116 123 25 77 21 112 38 121 88 15 107 127 41 7 66 87 46 3 119 36 90 65 126 43 118 63 6 117 100 11 28 101 79 1 55 91 120 102 74 104 113 76 105 85 9 58 18 86 60 75 71 110 22 8 124 108 83 72 109 114 45 47 67 103 111 16 80 34 10 95 35 5 14 49 56 30 51 94 52 26 97 98 39 69 73 37 19 17 44 20 0 53 96 54 50 115 93 62 57 23 70 27 31 78 61 12 122 24 13 99 40 125 32 92 4 82 106 42 2 59 29 33 68 84 89 64 48 81
Coste: 244

GENERACION: 51
Mejor Solucion:  116 123 25 77 21 112 38 121 88 15 107 127 41 7 66 87 46 3 119 36 90 65 126 43 118 63 6 117 100 11 28 101 79 1 55 91 120 102 74 104 113 76 105 85 9 58 18 86 60 75 71 110 22 8 124 108 83 72 109 114 45 47 67 103 111 16 80 34 10 95 35 5 14 49 56 30 51 94 52 26 97 98 39 69 73 37 19 17 44 20 0 53 96 54 50 115 93 62 57 23 70 27 31 78 61 12 122 24 13 99 40 125 32 92 4 82 106 42 2 59 29 33 68 84 89 64 48 81
Coste: 244

GENERACION: 52
Mejor Solucion:  116 123 25 77 21 112 38 121 88 15 107 127 41 7 66 87 46 3 119 36 90 65 126 43 118 63 6 117 100 11 28 101 79 1 55 91 120 102 74 104 113 76 105 85 9 58 18 86 60 75 71 110 22 8 124 108 83 72 109 114 45 47 67 103 111 16 80 34 10 95 35 5 14 49 56 30 51 94 52 26 97 98 39 69 73 37 19 17 44 20 0 53 96 54 50 115 93 62 57 23 70 27 31 78 61 12 122 24 13 99 40 125 32 92 4 82 106 42 2 59 29 33 68 84 89 64 48 81
Coste: 244

GENERACION: 53
Mejor Solucion:  116 123 25 77 21 112 38 121 88 15 107 127 41 7 66 87 46 3 119 36 90 65 126 43 118 63 6 117 100 11 28 101 79 1 55 91 120 102 74 104 113 76 105 85 9 58 18 86 60 75 71 110 22 8 124 108 83 72 109 114 45 47 67 103 111 16 80 34 10 95 35 5 14 49 56 30 51 94 52 26 97 98 39 69 73 37 19 17 44 20 0 53 96 54 50 115 93 62 57 23 70 27 31 78 61 12 122 24 13 99 40 125 32 92 4 82 106 42 2 59 29 33 68 84 89 64 48 81
Coste: 244

GENERACION: 54
Mejor Solucion:  116 123 25 77 21 112 38 121 88 15 107 127 41 7 66 87 46 3 119 36 90 65 126 43 118 63 6 117 100 11 28 101 79 1 55 91 120 102 74 104 113 76 105 85 9 58 18 86 60 75 71 110 22 8 124 108 83 72 109 114 45 47 67 103 111 16 80 34 10 95 35 5 14 49 56 30 51 94 52 26 97 98 39 69 73 37 19 17 44 20 0 53 96 54 50 115 93 62 57 23 70 27 31 78 61 12 122 24 13 99 40 125 32 92 4 82 106 42 2 59 29 33 68 84 89 64 48 81
Coste: 244

GENERACION: 55
Mejor Solucion:  116 123 25 77 21 112 38 121 88 15 107 127 41 7 66 87 46 3 119 36 90 65 126 43 118 63 6 117 100 11 28 101 79 1 55 91 120 102 74 104 113 76 105 85 9 58 18 86 60 75 71 110 22 8 124 108 83 72 109 114 45 47 67 103 111 16 80 34 10 95 35 5 14 49 56 30 51 94 52 26 97 98 39 69 73 37 19 17 44 20 0 53 96 54 50 115 93 62 57 23 70 27 31 78 61 12 122 24 13 99 40 125 32 92 4 82 106 42 2 59 29 33 68 84 89 64 48 81
Coste: 244

GENERACION: 56
Mejor Solucion:  116 123 25 77 21 112 38 121 88 15 107 127 41 7 66 87 46 3 119 36 90 65 126 43 118 63 6 117 100 11 28 101 79 1 55 91 120 102 74 104 113 76 105 85 9 58 18 86 60 75 71 110 22 8 124 108 83 72 109 114 45 47 67 103 111 16 80 34 10 95 35 5 14 49 56 30 51 94 52 26 97 98 39 69 73 37 19 17 44 20 0 53 96 54 50 115 93 62 57 23 70 27 31 78 61 12 122 24 13 99 40 125 32 92 4 82 106 42 2 59 29 33 68 84 89 64 48 81
Coste: 244

GENERACION: 57
Mejor Solucion:  116 123 25 77 21 112 38 121 88 15 107 127 41 7 66 87 46 3 119 36 90 65 126 43 118 63 6 117 100 11 28 101 79 1 55 91 120 102 74 104 113 76 105 85 9 58 18 86 60 75 71 110 22 8 124 108 83 72 109 114 45 47 67 103 111 16 80 34 10 95 35 5 14 49 56 30 51 94 52 26 97 98 39 69 73 37 19 17 44 20 0 53 96 54 50 115 93 62 57 23 70 27 31 78 61 12 122 24 13 99 40 125 32 92 4 82 106 42 2 59 29 33 68 84 89 64 48 81
Coste: 244

GENERACION: 58
Mejor Solucion:  116 123 25 77 21 112 38 121 88 15 107 127 41 7 66 87 46 3 119 36 90 65 126 43 118 63 6 117 100 11 28 101 79 1 55 91 120 102 74 104 113 76 105 85 9 58 18 86 60 75 71 110 22 8 124 108 83 72 109 114 45 47 67 103 111 16 80 34 10 95 35 5 14 49 56 30 51 94 52 26 97 98 39 69 73 37 19 17 44 20 0 53 96 54 50 115 93 62 57 23 70 27 31 78 61 12 122 24 13 99 40 125 32 92 4 82 106 42 2 59 29 33 68 84 89 64 48 81
Coste: 244

GENERACION: 59
Mejor Solucion:  116 123 25 77 21 112 38 121 88 15 107 127 41 7 66 87 46 3 119 36 90 65 126 43 118 63 6 117 100 11 28 101 79 1 55 91 120 102 74 104 113 76 105 85 9 58 18 86 60 75 71 110 22 8 124 108 83 72 109 114 45 47 67 103 111 16 80 34 10 95 35 5 14 49 56 30 51 94 52 26 97 98 39 69 73 37 19 17 44 20 0 53 96 54 50 115 93 62 57 23 70 27 31 78 61 12 122 24 13 99 40 125 32 92 4 82 106 42 2 59 29 33 68 84 89 64 48 81
Coste: 244

GENERACION: 60
Mejor Solucion:  116 123 25 77 21 112 38 121 88 15 107 127 41 7 66 87 46 3 119 36 90 65 126 43 118 63 6 117 100 11 28 101 79 1 55 91 120 102 74 104 113 76 105 85 9 58 18 86 60 75 71 110 22 8 124 108 83 72 109 114 45 47 67 103 111 16 80 34 10 95 35 5 14 49 56 30 51 94 52 26 97 98 39 69 73 37 19 17 44 20 0 53 96 54 50 115 93 62 57 23 70 27 31 78 61 12 122 24 13 99 40 125 32 92 4 82 106 42 2 59 29 33 68 84 89 64 48 81
Coste: 244

GENERACION: 61
Mejor Solucion:  116 123 25 77 21 112 38 121 88 15 107 127 41 7 66 87 46 3 119 36 90 65 126 43 118 63 6 117 100 11 28 101 79 1 55 91 120 102 74 104 113 76 105 85 9 58 18 86 60 75 71 110 22 8 124 108 83 72 109 114 45 47 67 103 111 16 80 34 10 95 35 5 14 49 56 30 51 94 52 26 97 98 39 69 73 37 19 17 44 20 0 53 96 54 50 115 93 62 57 23 70 27 31 78 61 12 122 24 13 99 40 125 32 92 4 82 106 42 2 59 29 33 68 84 89 64 48 81
Coste: 244

GENERACION: 62
Mejor Solucion:  116 123 25 77 21 112 38 121 88 15 107 127 41 7 66 87 46 3 119 36 90 65 126 43 118 63 6 117 100 11 28 101 79 1 55 91 120 102 74 104 113 76 105 85 9 58 18 86 60 75 71 110 22 8 124 108 83 72 109 114 45 47 67 103 111 16 80 34 10 95 35 5 14 49 56 30 51 94 52 26 97 98 39 69 73 37 19 17 44 20 0 53 96 54 50 115 93 62 57 23 70 27 31 78 61 12 122 24 13 99 40 125 32 92 4 82 106 42 2 59 29 33 68 84 89 64 48 81
Coste: 244

GENERACION: 63
Mejor Solucion:  116 123 25 77 21 112 38 121 88 15 107 127 41 7 66 87 46 3 119 36 90 65 126 43 118 63 6 117 100 11 28 101 79 1 55 91 120 102 74 104 113 76 105 85 9 58 18 86 60 75 71 110 22 8 124 108 83 72 109 114 45 47 67 103 111 16 80 34 10 95 35 5 14 49 56 30 51 94 52 26 97 98 39 69 73 37 19 17 44 20 0 53 96 54 50 115 93 62 57 23 70 27 31 78 61 12 122 24 13 99 40 125 32 92 4 82 106 42 2 59 29 33 68 84 89 64 48 81
Coste: 244

GENERACION: 64
Mejor Solucion:  116 123 25 77 21 112 38 121 88 15 107 127 41 7 66 87 46 3 119 36 90 65 126 43 118 63 6 117 100 11 28 101 79 1 55 91 120 102 74 104 113 76 105 85 9 58 18 86 60 75 71 110 22 8 124 108 83 72 109 114 45 47 67 103 111 16 80 34 10 95 35 5 14 49 56 30 51 94 52 26 97 98 39 69 73 37 19 17 44 20 0 53 96 54 50 115 93 62 57 23 70 27 31 78 61 12 122 24 13 99 40 125 32 92 4 82 106 42 2 59 29 33 68 84 89 64 48 81
Coste: 244

GENERACION: 65
Mejor Solucion:  116 123 25 77 21 112 38 121 88 15 107 127 41 7 66 87 46 3 119 36 90 65 126 43 118 63 6 117 100 11 28 101 79 1 55 91 120 102 74 104 113 76 105 85 9 58 18 86 60 75 71 110 22 8 124 108 83 72 109 114 45 47 67 103 111 16 80 34 10 95 35 5 14 49 56 30 51 94 52 26 97 98 39 69 73 37 19 17 44 20 0 53 96 54 50 115 93 62 57 23 70 27 31 78 61 12 122 24 13 99 40 125 32 92 4 82 106 42 2 59 29 33 68 84 89 64 48 81
Coste: 244

GENERACION: 66
Mejor Solucion:  116 123 25 77 21 112 38 121 88 15 107 127 41 7 66 87 46 3 119 36 90 65 126 43 118 63 6 117 100 11 28 101 79 1 55 91 120 102 74 104 113 76 105 85 9 58 18 86 60 75 71 110 22 8 124 108 83 72 109 114 45 47 67 103 111 16 80 34 10 95 35 5 14 49 56 30 51 94 52 26 97 98 39 69 73 37 19 17 44 20 0 53 96 54 50 115 93 62 57 23 70 27 31 78 61 12 122 24 13 99 40 125 32 92 4 82 106 42 2 59 29 33 68 84 89 64 48 81
Coste: 244

GENERACION: 67
Mejor Solucion:  116 123 25 77 21 112 38 121 88 15 107 127 41 7 66 87 46 3 119 36 90 65 126 43 118 63 6 117 100 11 28 101 79 1 55 91 120 102 74 104 113 76 105 85 9 58 18 86 60 75 71 110 22 8 124 108 83 72 109 114 45 47 67 103 111 16 80 34 10 95 35 5 14 49 56 30 51 94 52 26 97 98 39 69 73 37 19 17 44 20 0 53 96 54 50 115 93 62 57 23 70 27 31 78 61 12 122 24 13 99 40 125 32 92 4 82 106 42 2 59 29 33 68 84 89 64 48 81
Coste: 244

GENERACION: 68
Mejor Solucion:  116 123 25 77 21 112 38 121 88 15 107 127 41 7 66 87 46 3 119 36 90 65 126 43 118 63 6 117 100 11 28 101 79 1 55 91 120 102 74 104 113 76 105 85 9 58 18 86 60 75 71 110 22 8 124 108 83 72 109 114 45 47 67 103 111 16 80 34 10 95 35 5 14 49 56 30 51 94 52 26 97 98 39 69 73 37 19 17 44 20 0 53 96 54 50 115 93 62 57 23 70 27 31 78 61 12 122 24 13 99 40 125 32 92 4 82 106 42 2 59 29 33 68 84 89 64 48 81
Coste: 244

GENERACION: 69
Mejor Solucion:  116 123 25 77 21 112 38 121 88 15 107 127 41 7 66 87 46 3 119 36 90 65 126 43 118 63 6 117 100 11 28 101 79 1 55 91 120 102 74 104 113 76 105 85 9 58 18 86 60 75 71 110 22 8 124 108 83 72 109 114 45 47 67 103 111 16 80 34 10 95 35 5 14 49 56 30 51 94 52 26 97 98 39 69 73 37 19 17 44 20 0 53 96 54 50 115 93 62 57 23 70 27 31 78 61 12 122 24 13 99 40 125 32 92 4 82 106 42 2 59 29 33 68 84 89 64 48 81
Coste: 244

GENERACION: 70
Mejor Solucion:  116 123 25 77 21 112 38 121 88 15 107 127 41 7 66 87 46 3 119 36 90 65 126 43 118 63 6 117 100 11 28 101 79 1 55 91 120 102 74 104 113 76 105 85 9 58 18 86 60 75 71 110 22 8 124 108 83 72 109 114 45 47 67 103 111 16 80 34 10 95 35 5 14 49 56 30 51 94 52 26 97 98 39 69 73 37 19 17 44 20 0 53 96 54 50 115 93 62 57 23 70 27 31 78 61 12 122 24 13 99 40 125 32 92 4 82 106 42 2 59 29 33 68 84 89 64 48 81
Coste: 244

GENERACION: 71
Mejor Solucion:  116 123 25 77 21 112 38 121 88 15 107 127 41 7 66 87 46 3 119 36 90 65 126 43 118 63 6 117 100 11 28 101 79 1 55 91 120 102 74 104 113 76 105 85 9 58 18 86 60 75 71 110 22 8 124 108 83 72 109 114 45 47 67 103 111 16 80 34 10 95 35 5 14 49 56 30 51 94 52 26 97 98 39 69 73 37 19 17 44 20 0 53 96 54 50 115 93 62 57 23 70 27 31 78 61 12 122 24 13 99 40 125 32 92 4 82 106 42 2 59 29 33 68 84 89 64 48 81
Coste: 244

GENERACION: 72
Mejor Solucion:  116 123 25 77 21 112 38 121 88 15 107 127 41 7 66 87 46 3 119 36 90 65 126 43 118 63 6 117 100 11 28 101 79 1 55 91 120 102 74 104 113 76 105 85 9 58 18 86 60 75 71 110 22 8 124 108 83 72 109 114 45 47 67 103 111 16 80 34 10 95 35 5 14 49 56 30 51 94 52 26 97 98 39 69 73 37 19 17 44 20 0 53 96 54 50 115 93 62 57 23 70 27 31 78 61 12 122 24 13 99 40 125 32 92 4 82 106 42 2 59 29 33 68 84 89 64 48 81
Coste: 244

GENERACION: 73
Mejor Solucion:  116 123 25 77 21 112 38 121 88 15 107 127 41 7 66 87 46 3 119 36 90 65 126 43 118 63 6 117 100 11 28 101 79 1 55 91 120 102 74 104 113 76 105 85 9 58 18 86 60 75 71 110 22 8 124 108 83 72 109 114 45 47 67 103 111 16 80 34 10 95 35 5 14 49 56 30 51 94 52 26 97 98 39 69 73 37 19 17 44 20 0 53 96 54 50 115 93 62 57 23 70 27 31 78 61 12 122 24 13 99 40 125 32 92 4 82 106 42 2 59 29 33 68 84 89 64 48 81
Coste: 244

GENERACION: 74
Mejor Solucion:  116 123 25 77 21 112 38 121 88 15 107 127 41 7 66 87 46 3 119 36 90 65 126 43 118 63 6 117 100 11 28 101 79 1 55 91 120 102 74 104 113 76 105 85 9 58 18 86 60 75 71 110 22 8 124 108 83 72 109 114 45 47 67 103 111 16 80 34 10 95 35 5 14 49 56 30 51 94 52 26 97 98 39 69 73 37 19 17 44 20 0 53 96 54 50 115 93 62 57 23 70 27 31 78 61 12 122 24 13 99 40 125 32 92 4 82 106 42 2 59 29 33 68 84 89 64 48 81
Coste: 244

GENERACION: 75
Mejor Solucion:  116 123 25 77 21 112 38 121 88 15 107 127 41 7 66 87 46 3 119 36 90 65 126 43 118 63 6 117 100 11 28 101 79 1 55 91 120 102 74 104 113 76 105 85 9 58 18 86 60 75 71 110 22 8 124 108 83 72 109 114 45 47 67 103 111 16 80 34 10 95 35 5 14 49 56 30 51 94 52 26 97 98 39 69 73 37 19 17 44 20 0 53 96 54 50 115 93 62 57 23 70 27 31 78 61 12 122 24 13 99 40 125 32 92 4 82 106 42 2 59 29 33 68 84 89 64 48 81
Coste: 244

GENERACION: 76
Mejor Solucion:  116 123 25 77 21 112 38 121 88 15 107 127 41 7 66 87 46 3 119 36 90 65 126 43 118 63 6 117 100 11 28 101 79 1 55 91 120 102 74 104 113 76 105 85 9 58 18 86 60 75 71 110 22 8 124 108 83 72 109 114 45 47 67 103 111 16 80 34 10 95 35 5 14 49 56 30 51 94 52 26 97 98 39 69 73 37 19 17 44 20 0 53 96 54 50 115 93 62 57 23 70 27 31 78 61 12 122 24 13 99 40 125 32 92 4 82 106 42 2 59 29 33 68 84 89 64 48 81
Coste: 244

GENERACION: 77
Mejor Solucion:  116 123 25 77 21 112 38 121 88 15 107 127 41 7 66 87 46 3 119 36 90 65 126 43 118 63 6 117 100 11 28 101 79 1 55 91 120 102 74 104 113 76 105 85 9 58 18 86 60 75 71 110 22 8 124 108 83 72 109 114 45 47 67 103 111 16 80 34 10 95 35 5 14 49 56 30 51 94 52 26 97 98 39 69 73 37 19 17 44 20 0 53 96 54 50 115 93 62 57 23 70 27 31 78 61 12 122 24 13 99 40 125 32 92 4 82 106 42 2 59 29 33 68 84 89 64 48 81
Coste: 244

GENERACION: 78
Mejor Solucion:  116 123 25 77 21 112 38 121 88 15 107 127 41 7 66 87 46 3 119 36 90 65 126 43 118 63 6 117 100 11 28 101 79 1 55 91 120 102 74 104 113 76 105 85 9 58 18 86 60 75 71 110 22 8 124 108 83 72 109 114 45 47 67 103 111 16 80 34 10 95 35 5 14 49 56 30 51 94 52 26 97 98 39 69 73 37 19 17 44 20 0 53 96 54 50 115 93 62 57 23 70 27 31 78 61 12 122 24 13 99 40 125 32 92 4 82 106 42 2 59 29 33 68 84 89 64 48 81
Coste: 244

GENERACION: 79
Mejor Solucion:  116 123 25 77 21 112 38 121 88 15 107 127 41 7 66 87 46 3 119 36 90 65 126 43 118 63 6 117 100 11 28 101 79 1 55 91 120 102 74 104 113 76 105 85 9 58 18 86 60 75 71 110 22 8 124 108 83 72 109 114 45 47 67 103 111 16 80 34 10 95 35 5 14 49 56 30 51 94 52 26 97 98 39 69 73 37 19 17 44 20 0 53 96 54 50 115 93 62 57 23 70 27 31 78 61 12 122 24 13 99 40 125 32 92 4 82 106 42 2 59 29 33 68 84 89 64 48 81
Coste: 244

GENERACION: 80
Mejor Solucion:  116 123 25 77 21 112 38 121 88 15 107 127 41 7 66 87 46 3 119 36 90 65 126 43 118 63 6 117 100 11 28 101 79 1 55 91 120 102 74 104 113 76 105 85 9 58 18 86 60 75 71 110 22 8 124 108 83 72 109 114 45 47 67 103 111 16 80 34 10 95 35 5 14 49 56 30 51 94 52 26 97 98 39 69 73 37 19 17 44 20 0 53 96 54 50 115 93 62 57 23 70 27 31 78 61 12 122 24 13 99 40 125 32 92 4 82 106 42 2 59 29 33 68 84 89 64 48 81
Coste: 244

GENERACION: 81
Mejor Solucion:  116 7 25 77 21 112 49 121 29 15 79 67 41 106 38 87 46 90 19 105 52 81 28 43 118 68 31 117 100 11 62 71 107 1 55 91 120 97 74 104 113 76 75 85 9 58 18 86 60 36 30 12 22 8 124 108 83 72 109 114 92 47 127 103 111 45 80 35 10 95 34 5 14 66 56 101 51 94 3 26 102 98 39 69 73 37 119 17 44 20 0 53 96 54 50 115 93 126 57 23 70 27 6 78 61 110 122 24 13 99 40 125 32 16 4 82 123 42 2 59 88 33 63 84 89 64 48 65
Coste: 236

