GENERACION: 1
Mejor Solucion:  83 45 8 48 39 13 85 15 35 6 74 80 14 24 69 37 3 2 110 46 23 144 28 38 93 127 68 142 32 44 79 84 106 94 54 17 61 91 125 57 47 90 134 103 78 133 102 117 11 4 75 50 112 89 18 141 136 10 111 101 30 119 20 22 56 19 140 9 53 7 49 26 107 87 146 58 108 96 67 92 128 123 70 25 138 120 114 76 113 77 33 143 104 99 86 135 65 147 55 64 52 34 31 82 12 59 51 124 131 139 60 21 81 1 88 72 129 5 41 137 149 66 16 95 98 71 132 105 43 109 126 148 145 118 0 121 100 27 97 130 62 115 63 40 122 29 36 73 116 42
Coste: 636799766

GENERACION: 2
Mejor Solucion:  83 45 8 48 39 13 85 15 35 6 74 80 14 24 69 37 3 2 110 46 23 144 28 38 93 127 68 142 32 44 79 84 106 94 54 17 61 91 125 57 47 90 134 103 78 133 102 117 11 4 75 50 112 89 18 141 136 10 111 101 30 119 20 22 56 19 140 9 53 7 49 26 107 87 146 58 108 96 67 92 128 123 70 25 138 120 114 76 113 77 33 143 104 99 86 135 65 147 55 64 52 34 31 82 12 59 51 124 131 139 60 21 81 1 88 72 129 5 41 137 149 66 16 95 98 71 132 105 43 109 126 148 145 118 0 121 100 27 97 130 62 115 63 40 122 29 36 73 116 42
Coste: 636799766

GENERACION: 3
Mejor Solucion:  83 45 8 48 39 13 85 15 35 6 74 80 14 24 69 37 3 2 110 46 23 144 28 38 93 127 68 142 32 44 79 84 106 94 54 17 61 91 125 57 47 90 134 103 78 133 102 117 11 4 75 50 112 89 18 141 136 10 111 101 30 119 20 22 56 19 140 9 53 7 49 26 107 87 146 58 108 96 67 92 128 123 70 25 138 120 114 76 113 77 33 143 104 99 86 135 65 147 55 64 52 34 31 82 12 59 51 124 131 139 60 21 81 1 88 72 129 5 41 137 149 66 16 95 98 71 132 105 43 109 126 148 145 118 0 121 100 27 97 130 62 115 63 40 122 29 36 73 116 42
Coste: 636799766

GENERACION: 4
Mejor Solucion:  83 45 8 48 39 13 85 15 35 6 74 80 14 24 69 37 3 2 110 46 23 144 28 38 93 127 68 142 32 44 79 84 106 94 54 17 61 91 125 57 47 90 134 103 78 133 102 117 11 4 75 50 112 89 18 141 136 10 111 101 30 119 20 22 56 19 140 9 53 7 49 26 107 87 146 58 108 96 67 92 128 123 70 25 138 120 114 76 113 77 33 143 104 99 86 135 65 147 55 64 52 34 31 82 12 59 51 124 131 139 60 21 81 1 88 72 129 5 41 137 149 66 16 95 98 71 132 105 43 109 126 148 145 118 0 121 100 27 97 130 62 115 63 40 122 29 36 73 116 42
Coste: 636799766

GENERACION: 5
Mejor Solucion:  147 83 91 113 59 51 25 89 135 73 39 125 43 70 31 56 29 66 115 28 141 67 34 114 146 47 58 112 98 84 41 11 148 138 10 107 129 32 14 12 3 94 5 103 22 18 137 19 108 50 139 145 38 109 80 117 75 8 72 124 60 111 33 35 6 142 36 81 93 1 131 57 134 121 126 52 140 128 61 62 13 96 133 4 87 64 30 105 40 123 54 16 110 44 101 45 71 77 97 63 48 65 136 99 102 88 17 42 92 143 120 144 116 53 106 104 130 95 0 46 55 21 127 79 23 49 74 24 68 69 100 149 132 9 26 20 118 2 76 85 15 90 37 7 119 86 27 78 82 122
Coste: 632143913

GENERACION: 6
Mejor Solucion:  147 83 91 113 59 51 25 89 135 73 39 125 43 70 31 56 29 66 115 28 141 67 34 114 146 47 58 112 98 84 41 11 148 138 10 107 129 32 14 12 3 94 5 103 22 18 137 19 108 50 139 145 38 109 80 117 75 8 72 124 60 111 33 35 6 142 36 81 93 1 131 57 134 121 126 52 140 128 61 62 13 96 133 4 87 64 30 105 40 123 54 16 110 44 101 45 71 77 97 63 48 65 136 99 102 88 17 42 92 143 120 144 116 53 106 104 130 95 0 46 55 21 127 79 23 49 74 24 68 69 100 149 132 9 26 20 118 2 76 85 15 90 37 7 119 86 27 78 82 122
Coste: 632143913

GENERACION: 7
Mejor Solucion:  147 83 91 113 59 51 25 89 135 73 39 125 43 70 31 56 29 66 115 28 141 67 34 114 146 47 58 112 98 84 41 11 148 138 10 107 129 32 14 12 3 94 5 103 22 18 137 19 108 50 139 145 38 109 80 117 75 8 72 124 60 111 33 35 6 142 36 81 93 1 131 57 134 121 126 52 140 128 61 62 13 96 133 4 87 64 30 105 40 123 54 16 110 44 101 45 71 77 97 63 48 65 136 99 102 88 17 42 92 143 120 144 116 53 106 104 130 95 0 46 55 21 127 79 23 49 74 24 68 69 100 149 132 9 26 20 118 2 76 85 15 90 37 7 119 86 27 78 82 122
Coste: 632143913

GENERACION: 8
Mejor Solucion:  147 83 91 113 59 51 25 89 135 73 39 125 43 70 31 56 29 66 115 28 141 67 34 114 146 47 58 112 98 84 41 11 148 138 10 107 129 32 14 12 3 94 5 103 22 18 137 19 108 50 139 145 38 109 80 117 75 8 72 124 60 111 33 35 6 142 36 81 93 1 131 57 134 121 126 52 140 128 61 62 13 96 133 4 87 64 30 105 40 123 54 16 110 44 101 45 71 77 97 63 48 65 136 99 102 88 17 42 92 143 120 144 116 53 106 104 130 95 0 46 55 21 127 79 23 49 74 24 68 69 100 149 132 9 26 20 118 2 76 85 15 90 37 7 119 86 27 78 82 122
Coste: 632143913

GENERACION: 9
Mejor Solucion:  147 83 91 113 59 51 25 89 135 73 39 125 43 70 31 56 29 66 115 28 141 67 34 114 146 47 58 112 98 84 41 11 148 138 10 107 129 32 14 12 3 94 5 103 22 18 137 19 108 50 139 145 38 109 80 117 75 8 72 124 60 111 33 35 6 142 36 81 93 1 131 57 134 121 126 52 140 128 61 62 13 96 133 4 87 64 30 105 40 123 54 16 110 44 101 45 71 77 97 63 48 65 136 99 102 88 17 42 92 143 120 144 116 53 106 104 130 95 0 46 55 21 127 79 23 49 74 24 68 69 100 149 132 9 26 20 118 2 76 85 15 90 37 7 119 86 27 78 82 122
Coste: 632143913

GENERACION: 10
Mejor Solucion:  147 83 91 113 59 51 25 89 135 73 39 125 43 70 31 56 29 66 115 28 141 67 34 114 146 47 58 112 98 84 41 11 148 138 10 107 129 32 14 12 3 94 5 103 22 18 137 19 108 50 139 145 38 109 80 117 75 8 72 124 60 111 33 35 6 142 36 81 93 1 131 57 134 121 126 52 140 128 61 62 13 96 133 4 87 64 30 105 40 123 54 16 110 44 101 45 71 77 97 63 48 65 136 99 102 88 17 42 92 143 120 144 116 53 106 104 130 95 0 46 55 21 127 79 23 49 74 24 68 69 100 149 132 9 26 20 118 2 76 85 15 90 37 7 119 86 27 78 82 122
Coste: 632143913

GENERACION: 11
Mejor Solucion:  147 83 91 113 59 51 25 89 135 73 39 125 43 70 31 56 29 66 115 28 141 67 34 114 146 47 58 112 98 84 41 11 148 138 10 107 129 32 14 12 3 94 5 103 22 18 137 19 108 50 139 145 38 109 80 117 75 8 72 124 60 111 33 35 6 142 36 81 93 1 131 57 134 121 126 52 140 128 61 62 13 96 133 4 87 64 30 105 40 123 54 16 110 44 101 45 71 77 97 63 48 65 136 99 102 88 17 42 92 143 120 144 116 53 106 104 130 95 0 46 55 21 127 79 23 49 74 24 68 69 100 149 132 9 26 20 118 2 76 85 15 90 37 7 119 86 27 78 82 122
Coste: 632143913

GENERACION: 12
Mejor Solucion:  147 83 91 113 59 51 25 89 135 73 39 125 43 70 31 56 29 66 115 28 141 67 34 114 146 47 58 112 98 84 41 11 148 138 10 107 129 32 14 12 3 94 5 103 22 18 137 19 108 50 139 145 38 109 80 117 75 8 72 124 60 111 33 35 6 142 36 81 93 1 131 57 134 121 126 52 140 128 61 62 13 96 133 4 87 64 30 105 40 123 54 16 110 44 101 45 71 77 97 63 48 65 136 99 102 88 17 42 92 143 120 144 116 53 106 104 130 95 0 46 55 21 127 79 23 49 74 24 68 69 100 149 132 9 26 20 118 2 76 85 15 90 37 7 119 86 27 78 82 122
Coste: 632143913

GENERACION: 13
Mejor Solucion:  63 36 16 18 30 129 123 147 24 146 103 33 47 91 41 60 51 141 19 49 57 10 132 149 43 136 50 40 38 84 119 80 115 138 116 137 97 66 148 26 3 94 5 13 22 105 2 67 20 113 122 29 27 102 75 72 8 39 100 124 112 81 17 120 68 142 139 85 93 92 131 15 76 73 98 52 95 128 61 62 127 96 86 56 87 64 125 11 143 70 54 6 21 7 101 45 134 77 114 25 133 117 135 126 88 140 89 107 74 42 4 144 48 53 106 104 130 109 0 46 55 32 58 79 23 12 35 108 28 118 1 69 34 9 111 31 44 78 37 110 65 90 14 121 71 145 59 83 82 99
Coste: 630987252

GENERACION: 14
Mejor Solucion:  63 36 16 18 30 129 123 147 24 146 103 33 47 91 41 60 51 141 19 49 57 10 132 149 43 136 50 40 38 84 119 80 115 138 116 137 97 66 148 26 3 94 5 13 22 105 2 67 20 113 122 29 27 102 75 72 8 39 100 124 112 81 17 120 68 142 139 85 93 92 131 15 76 73 98 52 95 128 61 62 127 96 86 56 87 64 125 11 143 70 54 6 21 7 101 45 134 77 114 25 133 117 135 126 88 140 89 107 74 42 4 144 48 53 106 104 130 109 0 46 55 32 58 79 23 12 35 108 28 118 1 69 34 9 111 31 44 78 37 110 65 90 14 121 71 145 59 83 82 99
Coste: 630987252

GENERACION: 15
Mejor Solucion:  63 36 16 18 30 129 123 147 24 146 103 33 47 91 41 60 51 141 19 49 57 10 132 149 43 136 50 40 38 84 119 80 115 138 116 137 97 66 148 26 3 94 5 13 22 105 2 67 20 113 122 29 27 102 75 72 8 39 100 124 112 81 17 120 68 142 139 85 93 92 131 15 76 73 98 52 95 128 61 62 127 96 86 56 87 64 125 11 143 70 54 6 21 7 101 45 134 77 114 25 133 117 135 126 88 140 89 107 74 42 4 144 48 53 106 104 130 109 0 46 55 32 58 79 23 12 35 108 28 118 1 69 34 9 111 31 44 78 37 110 65 90 14 121 71 145 59 83 82 99
Coste: 630987252

GENERACION: 16
Mejor Solucion:  63 36 16 18 30 129 123 147 24 146 103 33 47 91 41 60 51 141 19 49 57 10 132 149 43 136 50 40 38 84 119 80 115 138 116 137 97 66 148 26 3 94 5 13 22 105 2 67 20 113 122 29 27 102 75 72 8 39 100 124 112 81 17 120 68 142 139 85 93 92 131 15 76 73 98 52 95 128 61 62 127 96 86 56 87 64 125 11 143 70 54 6 21 7 101 45 134 77 114 25 133 117 135 126 88 140 89 107 74 42 4 144 48 53 106 104 130 109 0 46 55 32 58 79 23 12 35 108 28 118 1 69 34 9 111 31 44 78 37 110 65 90 14 121 71 145 59 83 82 99
Coste: 630987252

GENERACION: 17
Mejor Solucion:  63 36 16 18 30 129 123 147 24 146 103 33 47 91 41 60 51 141 19 49 57 10 132 149 43 136 50 40 38 84 119 80 115 138 116 137 97 66 148 26 3 94 5 13 22 105 2 67 20 113 122 29 27 102 75 72 8 39 100 124 112 81 17 120 68 142 139 85 93 92 131 15 76 73 98 52 95 128 61 62 127 96 86 56 87 64 125 11 143 70 54 6 21 7 101 45 134 77 114 25 133 117 135 126 88 140 89 107 74 42 4 144 48 53 106 104 130 109 0 46 55 32 58 79 23 12 35 108 28 118 1 69 34 9 111 31 44 78 37 110 65 90 14 121 71 145 59 83 82 99
Coste: 630987252

GENERACION: 18
Mejor Solucion:  63 36 16 18 30 129 123 147 24 146 103 33 47 91 41 60 51 141 19 49 57 10 132 149 43 136 50 40 38 84 119 80 115 138 116 137 97 66 148 26 3 94 5 13 22 105 2 67 20 113 122 29 27 102 75 72 8 39 100 124 112 81 17 120 68 142 139 85 93 92 131 15 76 73 98 52 95 128 61 62 127 96 86 56 87 64 125 11 143 70 54 6 21 7 101 45 134 77 114 25 133 117 135 126 88 140 89 107 74 42 4 144 48 53 106 104 130 109 0 46 55 32 58 79 23 12 35 108 28 118 1 69 34 9 111 31 44 78 37 110 65 90 14 121 71 145 59 83 82 99
Coste: 630987252

GENERACION: 19
Mejor Solucion:  63 36 16 18 30 129 123 147 24 146 103 33 47 91 41 60 51 141 19 49 57 10 132 149 43 136 50 40 38 84 119 80 115 138 116 137 97 66 148 26 3 94 5 13 22 105 2 67 20 113 122 29 27 102 75 72 8 39 100 124 112 81 17 120 68 142 139 85 93 92 131 15 76 73 98 52 95 128 61 62 127 96 86 56 87 64 125 11 143 70 54 6 21 7 101 45 134 77 114 25 133 117 135 126 88 140 89 107 74 42 4 144 48 53 106 104 130 109 0 46 55 32 58 79 23 12 35 108 28 118 1 69 34 9 111 31 44 78 37 110 65 90 14 121 71 145 59 83 82 99
Coste: 630987252

GENERACION: 20
Mejor Solucion:  63 36 16 18 30 129 123 147 24 146 103 33 47 91 41 60 51 141 19 49 57 10 132 149 43 136 50 40 38 84 119 80 115 138 116 137 97 66 148 26 3 94 5 13 22 105 2 67 20 113 122 29 27 102 75 72 8 39 100 124 112 81 17 120 68 142 139 85 93 92 131 15 76 73 98 52 95 128 61 62 127 96 86 56 87 64 125 11 143 70 54 6 21 7 101 45 134 77 114 25 133 117 135 126 88 140 89 107 74 42 4 144 48 53 106 104 130 109 0 46 55 32 58 79 23 12 35 108 28 118 1 69 34 9 111 31 44 78 37 110 65 90 14 121 71 145 59 83 82 99
Coste: 630987252

GENERACION: 21
Mejor Solucion:  63 36 16 18 30 129 123 147 24 146 103 33 47 91 41 60 51 141 19 49 57 10 132 149 43 136 50 40 38 84 119 80 115 138 116 137 97 66 148 26 3 94 5 13 22 105 2 67 20 113 122 29 27 102 75 72 8 39 100 124 112 81 17 120 68 142 139 85 93 92 131 15 76 73 98 52 95 128 61 62 127 96 86 56 87 64 125 11 143 70 54 6 21 7 101 45 134 77 114 25 133 117 135 126 88 140 89 107 74 42 4 144 48 53 106 104 130 109 0 46 55 32 58 79 23 12 35 108 28 118 1 69 34 9 111 31 44 78 37 110 65 90 14 121 71 145 59 83 82 99
Coste: 630987252

GENERACION: 22
Mejor Solucion:  63 36 16 18 30 129 123 147 24 146 103 33 47 91 41 60 51 141 19 49 57 10 132 149 43 136 50 40 38 84 119 80 115 138 116 137 97 66 148 26 3 94 5 13 22 105 2 67 20 113 122 29 27 102 75 72 8 39 100 124 112 81 17 120 68 142 139 85 93 92 131 15 76 73 98 52 95 128 61 62 127 96 86 56 87 64 125 11 143 70 54 6 21 7 101 45 134 77 114 25 133 117 135 126 88 140 89 107 74 42 4 144 48 53 106 104 130 109 0 46 55 32 58 79 23 12 35 108 28 118 1 69 34 9 111 31 44 78 37 110 65 90 14 121 71 145 59 83 82 99
Coste: 630987252

GENERACION: 23
Mejor Solucion:  63 36 16 18 30 129 123 147 24 146 103 33 47 91 41 60 51 141 19 49 57 10 132 149 43 136 50 40 38 84 119 80 115 138 116 137 97 66 148 26 3 94 5 13 22 105 2 67 20 113 122 29 27 102 75 72 8 39 100 124 112 81 17 120 68 142 139 85 93 92 131 15 76 73 98 52 95 128 61 62 127 96 86 56 87 64 125 11 143 70 54 6 21 7 101 45 134 77 114 25 133 117 135 126 88 140 89 107 74 42 4 144 48 53 106 104 130 109 0 46 55 32 58 79 23 12 35 108 28 118 1 69 34 9 111 31 44 78 37 110 65 90 14 121 71 145 59 83 82 99
Coste: 630987252

GENERACION: 24
Mejor Solucion:  63 36 16 18 30 129 123 147 24 146 103 33 47 91 41 60 51 141 19 49 57 10 132 149 43 136 50 40 38 84 119 80 115 138 116 137 97 66 148 26 3 94 5 13 22 105 2 67 20 113 122 29 27 102 75 72 8 39 100 124 112 81 17 120 68 142 139 85 93 92 131 15 76 73 98 52 95 128 61 62 127 96 86 56 87 64 125 11 143 70 54 6 21 7 101 45 134 77 114 25 133 117 135 126 88 140 89 107 74 42 4 144 48 53 106 104 130 109 0 46 55 32 58 79 23 12 35 108 28 118 1 69 34 9 111 31 44 78 37 110 65 90 14 121 71 145 59 83 82 99
Coste: 630987252

GENERACION: 25
Mejor Solucion:  63 36 16 18 30 129 123 147 24 146 103 33 47 91 41 60 51 141 19 49 57 10 132 149 43 136 50 40 38 84 119 80 115 138 116 137 97 66 148 26 3 94 5 13 22 105 2 67 20 113 122 29 27 102 75 72 8 39 100 124 112 81 17 120 68 142 139 85 93 92 131 15 76 73 98 52 95 128 61 62 127 96 86 56 87 64 125 11 143 70 54 6 21 7 101 45 134 77 114 25 133 117 135 126 88 140 89 107 74 42 4 144 48 53 106 104 130 109 0 46 55 32 58 79 23 12 35 108 28 118 1 69 34 9 111 31 44 78 37 110 65 90 14 121 71 145 59 83 82 99
Coste: 630987252

GENERACION: 26
Mejor Solucion:  63 36 16 18 30 129 123 147 24 146 103 33 47 91 41 60 51 141 19 49 57 10 132 149 43 136 50 40 38 84 119 80 115 138 116 137 97 66 148 26 3 94 5 13 22 105 2 67 20 113 122 29 27 102 75 72 8 39 100 124 112 81 17 120 68 142 139 85 93 92 131 15 76 73 98 52 95 128 61 62 127 96 86 56 87 64 125 11 143 70 54 6 21 7 101 45 134 77 114 25 133 117 135 126 88 140 89 107 74 42 4 144 48 53 106 104 130 109 0 46 55 32 58 79 23 12 35 108 28 118 1 69 34 9 111 31 44 78 37 110 65 90 14 121 71 145 59 83 82 99
Coste: 630987252

GENERACION: 27
Mejor Solucion:  63 36 16 18 30 129 123 147 24 146 103 33 47 91 41 60 51 141 19 49 57 10 132 149 43 136 50 40 38 84 119 80 115 138 116 137 97 66 148 26 3 94 5 13 22 105 2 67 20 113 122 29 27 102 75 72 8 39 100 124 112 81 17 120 68 142 139 85 93 92 131 15 76 73 98 52 95 128 61 62 127 96 86 56 87 64 125 11 143 70 54 6 21 7 101 45 134 77 114 25 133 117 135 126 88 140 89 107 74 42 4 144 48 53 106 104 130 109 0 46 55 32 58 79 23 12 35 108 28 118 1 69 34 9 111 31 44 78 37 110 65 90 14 121 71 145 59 83 82 99
Coste: 630987252

GENERACION: 28
Mejor Solucion:  63 36 16 18 30 129 123 147 24 146 103 33 47 91 41 60 51 141 19 49 57 10 132 149 43 136 50 40 38 84 119 80 115 138 116 137 97 66 148 26 3 94 5 13 22 105 2 67 20 113 122 29 27 102 75 72 8 39 100 124 112 81 17 120 68 142 139 85 93 92 131 15 76 73 98 52 95 128 61 62 127 96 86 56 87 64 125 11 143 70 54 6 21 7 101 45 134 77 114 25 133 117 135 126 88 140 89 107 74 42 4 144 48 53 106 104 130 109 0 46 55 32 58 79 23 12 35 108 28 118 1 69 34 9 111 31 44 78 37 110 65 90 14 121 71 145 59 83 82 99
Coste: 630987252

GENERACION: 29
Mejor Solucion:  63 36 16 18 30 129 123 147 24 146 103 33 47 91 41 60 51 141 19 49 57 10 132 149 43 136 50 40 38 84 119 80 115 138 116 137 97 66 148 26 3 94 5 13 22 105 2 67 20 113 122 29 27 102 75 72 8 39 100 124 112 81 17 120 68 142 139 85 93 92 131 15 76 73 98 52 95 128 61 62 127 96 86 56 87 64 125 11 143 70 54 6 21 7 101 45 134 77 114 25 133 117 135 126 88 140 89 107 74 42 4 144 48 53 106 104 130 109 0 46 55 32 58 79 23 12 35 108 28 118 1 69 34 9 111 31 44 78 37 110 65 90 14 121 71 145 59 83 82 99
Coste: 630987252

GENERACION: 30
Mejor Solucion:  116 62 130 10 24 78 26 121 57 122 13 27 55 91 34 77 132 149 89 49 39 86 65 111 66 96 51 93 79 12 28 114 32 80 15 29 119 46 19 8 3 110 127 106 67 100 105 118 18 113 90 98 63 37 75 136 87 22 148 141 138 131 17 20 103 124 38 102 88 92 43 35 76 134 70 73 11 84 44 74 16 137 147 33 60 52 140 59 64 123 54 45 21 97 117 6 95 139 82 83 143 133 94 68 40 125 101 7 107 71 4 81 0 53 120 104 146 109 144 42 23 1 145 36 142 112 129 108 9 48 99 69 61 41 5 126 72 58 47 14 128 50 135 31 115 30 85 25 2 56
Coste: 630263863

GENERACION: 31
Mejor Solucion:  116 62 130 10 24 78 26 121 57 122 13 27 55 91 34 77 132 149 89 49 39 86 65 111 66 96 51 93 79 12 28 114 32 80 15 29 119 46 19 8 3 110 127 106 67 100 105 118 18 113 90 98 63 37 75 136 87 22 148 141 138 131 17 20 103 124 38 102 88 92 43 35 76 134 70 73 11 84 44 74 16 137 147 33 60 52 140 59 64 123 54 45 21 97 117 6 95 139 82 83 143 133 94 68 40 125 101 7 107 71 4 81 0 53 120 104 146 109 144 42 23 1 145 36 142 112 129 108 9 48 99 69 61 41 5 126 72 58 47 14 128 50 135 31 115 30 85 25 2 56
Coste: 630263863

GENERACION: 32
Mejor Solucion:  116 62 130 10 24 78 26 121 57 122 13 27 55 91 34 77 132 149 89 49 39 86 65 111 66 96 51 93 79 12 28 114 32 80 15 29 119 46 19 8 3 110 127 106 67 100 105 118 18 113 90 98 63 37 75 136 87 22 148 141 138 131 17 20 103 124 38 102 88 92 43 35 76 134 70 73 11 84 44 74 16 137 147 33 60 52 140 59 64 123 54 45 21 97 117 6 95 139 82 83 143 133 94 68 40 125 101 7 107 71 4 81 0 53 120 104 146 109 144 42 23 1 145 36 142 112 129 108 9 48 99 69 61 41 5 126 72 58 47 14 128 50 135 31 115 30 85 25 2 56
Coste: 630263863

GENERACION: 33
Mejor Solucion:  116 62 130 10 24 78 26 121 57 122 13 27 55 91 34 77 132 149 89 49 39 86 65 111 66 96 51 93 79 12 28 114 32 80 15 29 119 46 19 8 3 110 127 106 67 100 105 118 18 113 90 98 63 37 75 136 87 22 148 141 138 131 17 20 103 124 38 102 88 92 43 35 76 134 70 73 11 84 44 74 16 137 147 33 60 52 140 59 64 123 54 45 21 97 117 6 95 139 82 83 143 133 94 68 40 125 101 7 107 71 4 81 0 53 120 104 146 109 144 42 23 1 145 36 142 112 129 108 9 48 99 69 61 41 5 126 72 58 47 14 128 50 135 31 115 30 85 25 2 56
Coste: 630263863

GENERACION: 34
Mejor Solucion:  116 62 130 10 24 78 26 121 57 122 13 27 55 91 34 77 132 149 89 49 39 86 65 111 66 96 51 93 79 12 28 114 32 80 15 29 119 46 19 8 3 110 127 106 67 100 105 118 18 113 90 98 63 37 75 136 87 22 148 141 138 131 17 20 103 124 38 102 88 92 43 35 76 134 70 73 11 84 44 74 16 137 147 33 60 52 140 59 64 123 54 45 21 97 117 6 95 139 82 83 143 133 94 68 40 125 101 7 107 71 4 81 0 53 120 104 146 109 144 42 23 1 145 36 142 112 129 108 9 48 99 69 61 41 5 126 72 58 47 14 128 50 135 31 115 30 85 25 2 56
Coste: 630263863

GENERACION: 35
Mejor Solucion:  116 62 130 10 24 78 26 121 57 122 13 27 55 91 34 77 132 149 89 49 39 86 65 111 66 96 51 93 79 12 28 114 32 80 15 29 119 46 19 8 3 110 127 106 67 100 105 118 18 113 90 98 63 37 75 136 87 22 148 141 138 131 17 20 103 124 38 102 88 92 43 35 76 134 70 73 11 84 44 74 16 137 147 33 60 52 140 59 64 123 54 45 21 97 117 6 95 139 82 83 143 133 94 68 40 125 101 7 107 71 4 81 0 53 120 104 146 109 144 42 23 1 145 36 142 112 129 108 9 48 99 69 61 41 5 126 72 58 47 14 128 50 135 31 115 30 85 25 2 56
Coste: 630263863

GENERACION: 36
Mejor Solucion:  116 62 130 10 24 78 26 121 57 122 13 27 55 91 34 77 132 149 89 49 39 86 65 111 66 96 51 93 79 12 28 114 32 80 15 29 119 46 19 8 3 110 127 106 67 100 105 118 18 113 90 98 63 37 75 136 87 22 148 141 138 131 17 20 103 124 38 102 88 92 43 35 76 134 70 73 11 84 44 74 16 137 147 33 60 52 140 59 64 123 54 45 21 97 117 6 95 139 82 83 143 133 94 68 40 125 101 7 107 71 4 81 0 53 120 104 146 109 144 42 23 1 145 36 142 112 129 108 9 48 99 69 61 41 5 126 72 58 47 14 128 50 135 31 115 30 85 25 2 56
Coste: 630263863

GENERACION: 37
Mejor Solucion:  116 62 130 10 24 78 26 121 57 122 13 27 55 91 34 77 132 149 89 49 39 86 65 111 66 96 51 93 79 12 28 114 32 80 15 29 119 46 19 8 3 110 127 106 67 100 105 118 18 113 90 98 63 37 75 136 87 22 148 141 138 131 17 20 103 124 38 102 88 92 43 35 76 134 70 73 11 84 44 74 16 137 147 33 60 52 140 59 64 123 54 45 21 97 117 6 95 139 82 83 143 133 94 68 40 125 101 7 107 71 4 81 0 53 120 104 146 109 144 42 23 1 145 36 142 112 129 108 9 48 99 69 61 41 5 126 72 58 47 14 128 50 135 31 115 30 85 25 2 56
Coste: 630263863

GENERACION: 38
Mejor Solucion:  116 62 130 10 24 78 26 121 57 122 13 27 55 91 34 77 132 149 89 49 39 86 65 111 66 96 51 93 79 12 28 114 32 80 15 29 119 46 19 8 3 110 127 106 67 100 105 118 18 113 90 98 63 37 75 136 87 22 148 141 138 131 17 20 103 124 38 102 88 92 43 35 76 134 70 73 11 84 44 74 16 137 147 33 60 52 140 59 64 123 54 45 21 97 117 6 95 139 82 83 143 133 94 68 40 125 101 7 107 71 4 81 0 53 120 104 146 109 144 42 23 1 145 36 142 112 129 108 9 48 99 69 61 41 5 126 72 58 47 14 128 50 135 31 115 30 85 25 2 56
Coste: 630263863

GENERACION: 39
Mejor Solucion:  116 62 130 10 24 78 26 121 57 122 13 27 55 91 34 77 132 149 89 49 39 86 65 111 66 96 51 93 79 12 28 114 32 80 15 29 119 46 19 8 3 110 127 106 67 100 105 118 18 113 90 98 63 37 75 136 87 22 148 141 138 131 17 20 103 124 38 102 88 92 43 35 76 134 70 73 11 84 44 74 16 137 147 33 60 52 140 59 64 123 54 45 21 97 117 6 95 139 82 83 143 133 94 68 40 125 101 7 107 71 4 81 0 53 120 104 146 109 144 42 23 1 145 36 142 112 129 108 9 48 99 69 61 41 5 126 72 58 47 14 128 50 135 31 115 30 85 25 2 56
Coste: 630263863

GENERACION: 40
Mejor Solucion:  116 62 130 10 24 78 26 121 57 122 13 27 55 91 34 77 132 149 89 49 39 86 65 111 66 96 51 93 79 12 28 114 32 80 15 29 119 46 19 8 3 110 127 106 67 100 105 118 18 113 90 98 63 37 75 136 87 22 148 141 138 131 17 20 103 124 38 102 88 92 43 35 76 134 70 73 11 84 44 74 16 137 147 33 60 52 140 59 64 123 54 45 21 97 117 6 95 139 82 83 143 133 94 68 40 125 101 7 107 71 4 81 0 53 120 104 146 109 144 42 23 1 145 36 142 112 129 108 9 48 99 69 61 41 5 126 72 58 47 14 128 50 135 31 115 30 85 25 2 56
Coste: 630263863

GENERACION: 41
Mejor Solucion:  116 62 130 10 24 78 26 121 57 122 13 27 55 91 34 77 132 149 89 49 39 86 65 111 66 96 51 93 79 12 28 114 32 80 15 29 119 46 19 8 3 110 127 106 67 100 105 118 18 113 90 98 63 37 75 136 87 22 148 141 138 131 17 20 103 124 38 102 88 92 43 35 76 134 70 73 11 84 44 74 16 137 147 33 60 52 140 59 64 123 54 45 21 97 117 6 95 139 82 83 143 133 94 68 40 125 101 7 107 71 4 81 0 53 120 104 146 109 144 42 23 1 145 36 142 112 129 108 9 48 99 69 61 41 5 126 72 58 47 14 128 50 135 31 115 30 85 25 2 56
Coste: 630263863

GENERACION: 42
Mejor Solucion:  116 62 130 10 24 78 26 121 57 122 13 27 55 91 34 77 132 149 89 49 39 86 65 111 66 96 51 93 79 12 28 114 32 80 15 29 119 46 19 8 3 110 127 106 67 100 105 118 18 113 90 98 63 37 75 136 87 22 148 141 138 131 17 20 103 124 38 102 88 92 43 35 76 134 70 73 11 84 44 74 16 137 147 33 60 52 140 59 64 123 54 45 21 97 117 6 95 139 82 83 143 133 94 68 40 125 101 7 107 71 4 81 0 53 120 104 146 109 144 42 23 1 145 36 142 112 129 108 9 48 99 69 61 41 5 126 72 58 47 14 128 50 135 31 115 30 85 25 2 56
Coste: 630263863

GENERACION: 43
Mejor Solucion:  116 62 130 10 24 78 26 121 57 122 13 27 55 91 34 77 132 149 89 49 39 86 65 111 66 96 51 93 79 12 28 114 32 80 15 29 119 46 19 8 3 110 127 106 67 100 105 118 18 113 90 98 63 37 75 136 87 22 148 141 138 131 17 20 103 124 38 102 88 92 43 35 76 134 70 73 11 84 44 74 16 137 147 33 60 52 140 59 64 123 54 45 21 97 117 6 95 139 82 83 143 133 94 68 40 125 101 7 107 71 4 81 0 53 120 104 146 109 144 42 23 1 145 36 142 112 129 108 9 48 99 69 61 41 5 126 72 58 47 14 128 50 135 31 115 30 85 25 2 56
Coste: 630263863

GENERACION: 44
Mejor Solucion:  116 62 130 10 24 78 26 121 57 122 13 27 55 91 34 77 132 149 89 49 39 86 65 111 66 96 51 93 79 12 28 114 32 80 15 29 119 46 19 8 3 110 127 106 67 100 105 118 18 113 90 98 63 37 75 136 87 22 148 141 138 131 17 20 103 124 38 102 88 92 43 35 76 134 70 73 11 84 44 74 16 137 147 33 60 52 140 59 64 123 54 45 21 97 117 6 95 139 82 83 143 133 94 68 40 125 101 7 107 71 4 81 0 53 120 104 146 109 144 42 23 1 145 36 142 112 129 108 9 48 99 69 61 41 5 126 72 58 47 14 128 50 135 31 115 30 85 25 2 56
Coste: 630263863

GENERACION: 45
Mejor Solucion:  116 62 130 10 24 78 26 121 57 122 13 27 55 91 34 77 132 149 89 49 39 86 65 111 66 96 51 93 79 12 28 114 32 80 15 29 119 46 19 8 3 110 127 106 67 100 105 118 18 113 90 98 63 37 75 136 87 22 148 141 138 131 17 20 103 124 38 102 88 92 43 35 76 134 70 73 11 84 44 74 16 137 147 33 60 52 140 59 64 123 54 45 21 97 117 6 95 139 82 83 143 133 94 68 40 125 101 7 107 71 4 81 0 53 120 104 146 109 144 42 23 1 145 36 142 112 129 108 9 48 99 69 61 41 5 126 72 58 47 14 128 50 135 31 115 30 85 25 2 56
Coste: 630263863

GENERACION: 46
Mejor Solucion:  116 62 130 10 24 78 26 121 57 122 13 27 55 91 34 77 132 149 89 49 39 86 65 111 66 96 51 93 79 12 28 114 32 80 15 29 119 46 19 8 3 110 127 106 67 100 105 118 18 113 90 98 63 37 75 136 87 22 148 141 138 131 17 20 103 124 38 102 88 92 43 35 76 134 70 73 11 84 44 74 16 137 147 33 60 52 140 59 64 123 54 45 21 97 117 6 95 139 82 83 143 133 94 68 40 125 101 7 107 71 4 81 0 53 120 104 146 109 144 42 23 1 145 36 142 112 129 108 9 48 99 69 61 41 5 126 72 58 47 14 128 50 135 31 115 30 85 25 2 56
Coste: 630263863

GENERACION: 47
Mejor Solucion:  116 62 130 10 24 78 26 121 57 122 13 27 55 91 34 77 132 149 89 49 39 86 65 111 66 96 51 93 79 12 28 114 32 80 15 29 119 46 19 8 3 110 127 106 67 100 105 118 18 113 90 98 63 37 75 136 87 22 148 141 138 131 17 20 103 124 38 102 88 92 43 35 76 134 70 73 11 84 44 74 16 137 147 33 60 52 140 59 64 123 54 45 21 97 117 6 95 139 82 83 143 133 94 68 40 125 101 7 107 71 4 81 0 53 120 104 146 109 144 42 23 1 145 36 142 112 129 108 9 48 99 69 61 41 5 126 72 58 47 14 128 50 135 31 115 30 85 25 2 56
Coste: 630263863

GENERACION: 48
Mejor Solucion:  116 62 130 10 24 78 26 121 57 122 13 27 55 91 34 77 132 149 89 49 39 86 65 111 66 96 51 93 79 12 28 114 32 80 15 29 119 46 19 8 3 110 127 106 67 100 105 118 18 113 90 98 63 37 75 136 87 22 148 141 138 131 17 20 103 124 38 102 88 92 43 35 76 134 70 73 11 84 44 74 16 137 147 33 60 52 140 59 64 123 54 45 21 97 117 6 95 139 82 83 143 133 94 68 40 125 101 7 107 71 4 81 0 53 120 104 146 109 144 42 23 1 145 36 142 112 129 108 9 48 99 69 61 41 5 126 72 58 47 14 128 50 135 31 115 30 85 25 2 56
Coste: 630263863

GENERACION: 49
Mejor Solucion:  116 62 130 10 24 78 26 121 57 122 13 27 55 91 34 77 132 149 89 49 39 86 65 111 66 96 51 93 79 12 28 114 32 80 15 29 119 46 19 8 3 110 127 106 67 100 105 118 18 113 90 98 63 37 75 136 87 22 148 141 138 131 17 20 103 124 38 102 88 92 43 35 76 134 70 73 11 84 44 74 16 137 147 33 60 52 140 59 64 123 54 45 21 97 117 6 95 139 82 83 143 133 94 68 40 125 101 7 107 71 4 81 0 53 120 104 146 109 144 42 23 1 145 36 142 112 129 108 9 48 99 69 61 41 5 126 72 58 47 14 128 50 135 31 115 30 85 25 2 56
Coste: 630263863

GENERACION: 50
Mejor Solucion:  116 62 130 10 24 78 26 121 57 122 13 27 55 91 34 77 132 149 89 49 39 86 65 111 66 96 51 93 79 12 28 114 32 80 15 29 119 46 19 8 3 110 127 106 67 100 105 118 18 113 90 98 63 37 75 136 87 22 148 141 138 131 17 20 103 124 38 102 88 92 43 35 76 134 70 73 11 84 44 74 16 137 147 33 60 52 140 59 64 123 54 45 21 97 117 6 95 139 82 83 143 133 94 68 40 125 101 7 107 71 4 81 0 53 120 104 146 109 144 42 23 1 145 36 142 112 129 108 9 48 99 69 61 41 5 126 72 58 47 14 128 50 135 31 115 30 85 25 2 56
Coste: 630263863

GENERACION: 51
Mejor Solucion:  116 62 130 10 24 78 26 121 57 122 13 27 55 91 34 77 132 149 89 49 39 86 65 111 66 96 51 93 79 12 28 114 32 80 15 29 119 46 19 8 3 110 127 106 67 100 105 118 18 113 90 98 63 37 75 136 87 22 148 141 138 131 17 20 103 124 38 102 88 92 43 35 76 134 70 73 11 84 44 74 16 137 147 33 60 52 140 59 64 123 54 45 21 97 117 6 95 139 82 83 143 133 94 68 40 125 101 7 107 71 4 81 0 53 120 104 146 109 144 42 23 1 145 36 142 112 129 108 9 48 99 69 61 41 5 126 72 58 47 14 128 50 135 31 115 30 85 25 2 56
Coste: 630263863

GENERACION: 52
Mejor Solucion:  116 62 130 10 24 78 26 121 57 122 13 27 55 91 34 77 132 149 89 49 39 86 65 111 66 96 51 93 79 12 28 114 32 80 15 29 119 46 19 8 3 110 127 106 67 100 105 118 18 113 90 98 63 37 75 136 87 22 148 141 138 131 17 20 103 124 38 102 88 92 43 35 76 134 70 73 11 84 44 74 16 137 147 33 60 52 140 59 64 123 54 45 21 97 117 6 95 139 82 83 143 133 94 68 40 125 101 7 107 71 4 81 0 53 120 104 146 109 144 42 23 1 145 36 142 112 129 108 9 48 99 69 61 41 5 126 72 58 47 14 128 50 135 31 115 30 85 25 2 56
Coste: 630263863

GENERACION: 53
Mejor Solucion:  116 62 130 10 24 78 26 121 57 122 13 27 55 91 34 77 132 149 89 49 39 86 65 111 66 96 51 93 79 12 28 114 32 80 15 29 119 46 19 8 3 110 127 106 67 100 105 118 18 113 90 98 63 37 75 136 87 22 148 141 138 131 17 20 103 124 38 102 88 92 43 35 76 134 70 73 11 84 44 74 16 137 147 33 60 52 140 59 64 123 54 45 21 97 117 6 95 139 82 83 143 133 94 68 40 125 101 7 107 71 4 81 0 53 120 104 146 109 144 42 23 1 145 36 142 112 129 108 9 48 99 69 61 41 5 126 72 58 47 14 128 50 135 31 115 30 85 25 2 56
Coste: 630263863

GENERACION: 54
Mejor Solucion:  116 62 130 10 24 78 26 121 57 122 13 27 55 91 34 77 132 149 89 49 39 86 65 111 66 96 51 93 79 12 28 114 32 80 15 29 119 46 19 8 3 110 127 106 67 100 105 118 18 113 90 98 63 37 75 136 87 22 148 141 138 131 17 20 103 124 38 102 88 92 43 35 76 134 70 73 11 84 44 74 16 137 147 33 60 52 140 59 64 123 54 45 21 97 117 6 95 139 82 83 143 133 94 68 40 125 101 7 107 71 4 81 0 53 120 104 146 109 144 42 23 1 145 36 142 112 129 108 9 48 99 69 61 41 5 126 72 58 47 14 128 50 135 31 115 30 85 25 2 56
Coste: 630263863

GENERACION: 55
Mejor Solucion:  116 62 130 10 24 78 26 121 57 122 13 27 55 91 34 77 132 149 89 49 39 86 65 111 66 96 51 93 79 12 28 114 32 80 15 29 119 46 19 8 3 110 127 106 67 100 105 118 18 113 90 98 63 37 75 136 87 22 148 141 138 131 17 20 103 124 38 102 88 92 43 35 76 134 70 73 11 84 44 74 16 137 147 33 60 52 140 59 64 123 54 45 21 97 117 6 95 139 82 83 143 133 94 68 40 125 101 7 107 71 4 81 0 53 120 104 146 109 144 42 23 1 145 36 142 112 129 108 9 48 99 69 61 41 5 126 72 58 47 14 128 50 135 31 115 30 85 25 2 56
Coste: 630263863

GENERACION: 56
Mejor Solucion:  116 62 130 10 24 78 26 121 57 122 13 27 55 91 34 77 132 149 89 49 39 86 65 111 66 96 51 93 79 12 28 114 32 80 15 29 119 46 19 8 3 110 127 106 67 100 105 118 18 113 90 98 63 37 75 136 87 22 148 141 138 131 17 20 103 124 38 102 88 92 43 35 76 134 70 73 11 84 44 74 16 137 147 33 60 52 140 59 64 123 54 45 21 97 117 6 95 139 82 83 143 133 94 68 40 125 101 7 107 71 4 81 0 53 120 104 146 109 144 42 23 1 145 36 142 112 129 108 9 48 99 69 61 41 5 126 72 58 47 14 128 50 135 31 115 30 85 25 2 56
Coste: 630263863

GENERACION: 57
Mejor Solucion:  116 62 130 10 24 78 26 121 57 122 13 27 55 91 34 77 132 149 89 49 39 86 65 111 66 96 51 93 79 12 28 114 32 80 15 29 119 46 19 8 3 110 127 106 67 100 105 118 18 113 90 98 63 37 75 136 87 22 148 141 138 131 17 20 103 124 38 102 88 92 43 35 76 134 70 73 11 84 44 74 16 137 147 33 60 52 140 59 64 123 54 45 21 97 117 6 95 139 82 83 143 133 94 68 40 125 101 7 107 71 4 81 0 53 120 104 146 109 144 42 23 1 145 36 142 112 129 108 9 48 99 69 61 41 5 126 72 58 47 14 128 50 135 31 115 30 85 25 2 56
Coste: 630263863

GENERACION: 58
Mejor Solucion:  116 62 130 10 24 78 26 121 57 122 13 27 55 91 34 77 132 149 89 49 39 86 65 111 66 96 51 93 79 12 28 114 32 80 15 29 119 46 19 8 3 110 127 106 67 100 105 118 18 113 90 98 63 37 75 136 87 22 148 141 138 131 17 20 103 124 38 102 88 92 43 35 76 134 70 73 11 84 44 74 16 137 147 33 60 52 140 59 64 123 54 45 21 97 117 6 95 139 82 83 143 133 94 68 40 125 101 7 107 71 4 81 0 53 120 104 146 109 144 42 23 1 145 36 142 112 129 108 9 48 99 69 61 41 5 126 72 58 47 14 128 50 135 31 115 30 85 25 2 56
Coste: 630263863

GENERACION: 59
Mejor Solucion:  116 62 130 10 24 78 26 121 57 122 13 27 55 91 34 77 132 149 89 49 39 86 65 111 66 96 51 93 79 12 28 114 32 80 15 29 119 46 19 8 3 110 127 106 67 100 105 118 18 113 90 98 63 37 75 136 87 22 148 141 138 131 17 20 103 124 38 102 88 92 43 35 76 134 70 73 11 84 44 74 16 137 147 33 60 52 140 59 64 123 54 45 21 97 117 6 95 139 82 83 143 133 94 68 40 125 101 7 107 71 4 81 0 53 120 104 146 109 144 42 23 1 145 36 142 112 129 108 9 48 99 69 61 41 5 126 72 58 47 14 128 50 135 31 115 30 85 25 2 56
Coste: 630263863

GENERACION: 60
Mejor Solucion:  116 62 130 10 24 78 26 121 57 122 13 27 55 91 34 77 132 149 89 49 39 86 65 111 66 96 51 93 79 12 28 114 32 80 15 29 119 46 19 8 3 110 127 106 67 100 105 118 18 113 90 98 63 37 75 136 87 22 148 141 138 131 17 20 103 124 38 102 88 92 43 35 76 134 70 73 11 84 44 74 16 137 147 33 60 52 140 59 64 123 54 45 21 97 117 6 95 139 82 83 143 133 94 68 40 125 101 7 107 71 4 81 0 53 120 104 146 109 144 42 23 1 145 36 142 112 129 108 9 48 99 69 61 41 5 126 72 58 47 14 128 50 135 31 115 30 85 25 2 56
Coste: 630263863

GENERACION: 61
Mejor Solucion:  116 62 130 10 24 78 26 121 57 122 13 27 55 91 34 77 132 149 89 49 39 86 65 111 66 96 51 93 79 12 28 114 32 80 15 29 119 46 19 8 3 110 127 106 67 100 105 118 18 113 90 98 63 37 75 136 87 22 148 141 138 131 17 20 103 124 38 102 88 92 43 35 76 134 70 73 11 84 44 74 16 137 147 33 60 52 140 59 64 123 54 45 21 97 117 6 95 139 82 83 143 133 94 68 40 125 101 7 107 71 4 81 0 53 120 104 146 109 144 42 23 1 145 36 142 112 129 108 9 48 99 69 61 41 5 126 72 58 47 14 128 50 135 31 115 30 85 25 2 56
Coste: 630263863

