GENERACION: 1
Mejor Solucion:  17 116 31 120 91 132 44 93 56 146 38 134 69 55 75 103 15 32 66 118 43 74 28 47 121 50 81 26 61 126 46 140 129 147 136 23 22 112 0 114 144 14 29 54 98 117 77 52 99 16 78 148 122 71 36 119 25 101 139 107 9 18 30 35 102 124 49 141 42 33 79 100 12 37 85 40 83 68 110 95 109 86 145 127 82 89 133 13 123 4 63 105 72 113 90 5 24 20 53 108 94 92 27 48 64 135 10 2 45 65 76 73 6 8 115 142 111 58 7 149 106 1 87 59 143 67 41 21 70 130 3 34 96 88 80 131 84 137 125 62 11 57 51 104 97 138 60 128 19 39
Coste: 638073633

GENERACION: 2
Mejor Solucion:  17 116 31 120 91 132 44 93 56 146 38 134 69 55 75 103 15 32 66 118 43 74 28 47 121 50 81 26 61 126 46 140 129 147 136 23 22 112 0 114 144 14 29 54 98 117 77 52 99 16 78 148 122 71 36 119 25 101 139 107 9 18 30 35 102 124 49 141 42 33 79 100 12 37 85 40 83 68 110 95 109 86 145 127 82 89 133 13 123 4 63 105 72 113 90 5 24 20 53 108 94 92 27 48 64 135 10 2 45 65 76 73 6 8 115 142 111 58 7 149 106 1 87 59 143 67 41 21 70 130 3 34 96 88 80 131 84 137 125 62 11 57 51 104 97 138 60 128 19 39
Coste: 638073633

GENERACION: 3
Mejor Solucion:  17 116 31 120 91 132 44 93 56 146 38 134 69 55 75 103 15 32 66 118 43 74 28 47 121 50 81 26 61 126 46 140 129 147 136 23 22 112 0 114 144 14 29 54 98 117 77 52 99 16 78 148 122 71 36 119 25 101 139 107 9 18 30 35 102 124 49 141 42 33 79 100 12 37 85 40 83 68 110 95 109 86 145 127 82 89 133 13 123 4 63 105 72 113 90 5 24 20 53 108 94 92 27 48 64 135 10 2 45 65 76 73 6 8 115 142 111 58 7 149 106 1 87 59 143 67 41 21 70 130 3 34 96 88 80 131 84 137 125 62 11 57 51 104 97 138 60 128 19 39
Coste: 638073633

GENERACION: 4
Mejor Solucion:  17 116 31 120 91 132 44 93 56 146 38 134 69 55 75 103 15 32 66 118 43 74 28 47 121 50 81 26 61 126 46 140 129 147 136 23 22 112 0 114 144 14 29 54 98 117 77 52 99 16 78 148 122 71 36 119 25 101 139 107 9 18 30 35 102 124 49 141 42 33 79 100 12 37 85 40 83 68 110 95 109 86 145 127 82 89 133 13 123 4 63 105 72 113 90 5 24 20 53 108 94 92 27 48 64 135 10 2 45 65 76 73 6 8 115 142 111 58 7 149 106 1 87 59 143 67 41 21 70 130 3 34 96 88 80 131 84 137 125 62 11 57 51 104 97 138 60 128 19 39
Coste: 638073633

GENERACION: 5
Mejor Solucion:  17 116 31 120 91 132 44 93 56 146 38 134 69 55 75 103 15 32 66 118 43 74 28 47 121 50 81 26 61 126 46 140 129 147 136 23 22 112 0 114 144 14 29 54 98 117 77 52 99 16 78 148 122 71 36 119 25 101 139 107 9 18 30 35 102 124 49 141 42 33 79 100 12 37 85 40 83 68 110 95 109 86 145 127 82 89 133 13 123 4 63 105 72 113 90 5 24 20 53 108 94 92 27 48 64 135 10 2 45 65 76 73 6 8 115 142 111 58 7 149 106 1 87 59 143 67 41 21 70 130 3 34 96 88 80 131 84 137 125 62 11 57 51 104 97 138 60 128 19 39
Coste: 638073633

GENERACION: 6
Mejor Solucion:  17 116 31 120 91 132 44 93 56 146 38 134 69 55 75 103 15 32 66 118 43 74 28 47 121 50 81 26 61 126 46 140 129 147 136 23 22 112 0 114 144 14 29 54 98 117 77 52 99 16 78 148 122 71 36 119 25 101 139 107 9 18 30 35 102 124 49 141 42 33 79 100 12 37 85 40 83 68 110 95 109 86 145 127 82 89 133 13 123 4 63 105 72 113 90 5 24 20 53 108 94 92 27 48 64 135 10 2 45 65 76 73 6 8 115 142 111 58 7 149 106 1 87 59 143 67 41 21 70 130 3 34 96 88 80 131 84 137 125 62 11 57 51 104 97 138 60 128 19 39
Coste: 638073633

GENERACION: 7
Mejor Solucion:  17 116 31 120 91 132 44 93 56 146 38 134 69 55 75 103 15 32 66 118 43 74 28 47 121 50 81 26 61 126 46 140 129 147 136 23 22 112 0 114 144 14 29 54 98 117 77 52 99 16 78 148 122 71 36 119 25 101 139 107 9 18 30 35 102 124 49 141 42 33 79 100 12 37 85 40 83 68 110 95 109 86 145 127 82 89 133 13 123 4 63 105 72 113 90 5 24 20 53 108 94 92 27 48 64 135 10 2 45 65 76 73 6 8 115 142 111 58 7 149 106 1 87 59 143 67 41 21 70 130 3 34 96 88 80 131 84 137 125 62 11 57 51 104 97 138 60 128 19 39
Coste: 638073633

GENERACION: 8
Mejor Solucion:  17 116 31 120 91 132 44 93 56 146 38 134 69 55 75 103 15 32 66 118 43 74 28 47 121 50 81 26 61 126 46 140 129 147 136 23 22 112 0 114 144 14 29 54 98 117 77 52 99 16 78 148 122 71 36 119 25 101 139 107 9 18 30 35 102 124 49 141 42 33 79 100 12 37 85 40 83 68 110 95 109 86 145 127 82 89 133 13 123 4 63 105 72 113 90 5 24 20 53 108 94 92 27 48 64 135 10 2 45 65 76 73 6 8 115 142 111 58 7 149 106 1 87 59 143 67 41 21 70 130 3 34 96 88 80 131 84 137 125 62 11 57 51 104 97 138 60 128 19 39
Coste: 638073633

GENERACION: 9
Mejor Solucion:  17 116 31 120 91 132 44 93 56 146 38 134 69 55 75 103 15 32 66 118 43 74 28 47 121 50 81 26 61 126 46 140 129 147 136 23 22 112 0 114 144 14 29 54 98 117 77 52 99 16 78 148 122 71 36 119 25 101 139 107 9 18 30 35 102 124 49 141 42 33 79 100 12 37 85 40 83 68 110 95 109 86 145 127 82 89 133 13 123 4 63 105 72 113 90 5 24 20 53 108 94 92 27 48 64 135 10 2 45 65 76 73 6 8 115 142 111 58 7 149 106 1 87 59 143 67 41 21 70 130 3 34 96 88 80 131 84 137 125 62 11 57 51 104 97 138 60 128 19 39
Coste: 638073633

GENERACION: 10
Mejor Solucion:  17 116 31 120 91 132 44 93 56 146 38 134 69 55 75 103 15 32 66 118 43 74 28 47 121 50 81 26 61 126 46 140 129 147 136 23 22 112 0 114 144 14 29 54 98 117 77 52 99 16 78 148 122 71 36 119 25 101 139 107 9 18 30 35 102 124 49 141 42 33 79 100 12 37 85 40 83 68 110 95 109 86 145 127 82 89 133 13 123 4 63 105 72 113 90 5 24 20 53 108 94 92 27 48 64 135 10 2 45 65 76 73 6 8 115 142 111 58 7 149 106 1 87 59 143 67 41 21 70 130 3 34 96 88 80 131 84 137 125 62 11 57 51 104 97 138 60 128 19 39
Coste: 638073633

GENERACION: 11
Mejor Solucion:  17 116 31 120 91 132 44 93 56 146 38 134 69 55 75 103 15 32 66 118 43 74 28 47 121 50 81 26 61 126 46 140 129 147 136 23 22 112 0 114 144 14 29 54 98 117 77 52 99 16 78 148 122 71 36 119 25 101 139 107 9 18 30 35 102 124 49 141 42 33 79 100 12 37 85 40 83 68 110 95 109 86 145 127 82 89 133 13 123 4 63 105 72 113 90 5 24 20 53 108 94 92 27 48 64 135 10 2 45 65 76 73 6 8 115 142 111 58 7 149 106 1 87 59 143 67 41 21 70 130 3 34 96 88 80 131 84 137 125 62 11 57 51 104 97 138 60 128 19 39
Coste: 638073633

GENERACION: 12
Mejor Solucion:  17 116 31 120 91 132 44 93 56 146 38 134 69 55 75 103 15 32 66 118 43 74 28 47 121 50 81 26 61 126 46 140 129 147 136 23 22 112 0 114 144 14 29 54 98 117 77 52 99 16 78 148 122 71 36 119 25 101 139 107 9 18 30 35 102 124 49 141 42 33 79 100 12 37 85 40 83 68 110 95 109 86 145 127 82 89 133 13 123 4 63 105 72 113 90 5 24 20 53 108 94 92 27 48 64 135 10 2 45 65 76 73 6 8 115 142 111 58 7 149 106 1 87 59 143 67 41 21 70 130 3 34 96 88 80 131 84 137 125 62 11 57 51 104 97 138 60 128 19 39
Coste: 638073633

GENERACION: 13
Mejor Solucion:  17 116 31 120 91 132 44 93 56 146 38 134 69 55 75 103 15 32 66 118 43 74 28 47 121 50 81 26 61 126 46 140 129 147 136 23 22 112 0 114 144 14 29 54 98 117 77 52 99 16 78 148 122 71 36 119 25 101 139 107 9 18 30 35 102 124 49 141 42 33 79 100 12 37 85 40 83 68 110 95 109 86 145 127 82 89 133 13 123 4 63 105 72 113 90 5 24 20 53 108 94 92 27 48 64 135 10 2 45 65 76 73 6 8 115 142 111 58 7 149 106 1 87 59 143 67 41 21 70 130 3 34 96 88 80 131 84 137 125 62 11 57 51 104 97 138 60 128 19 39
Coste: 638073633

GENERACION: 14
Mejor Solucion:  17 116 31 120 91 132 44 93 56 146 38 134 69 55 75 103 15 32 66 118 43 74 28 47 121 50 81 26 61 126 46 140 129 147 136 23 22 112 0 114 144 14 29 54 98 117 77 52 99 16 78 148 122 71 36 119 25 101 139 107 9 18 30 35 102 124 49 141 42 33 79 100 12 37 85 40 83 68 110 95 109 86 145 127 82 89 133 13 123 4 63 105 72 113 90 5 24 20 53 108 94 92 27 48 64 135 10 2 45 65 76 73 6 8 115 142 111 58 7 149 106 1 87 59 143 67 41 21 70 130 3 34 96 88 80 131 84 137 125 62 11 57 51 104 97 138 60 128 19 39
Coste: 638073633

GENERACION: 15
Mejor Solucion:  17 116 31 120 91 132 44 93 56 146 38 134 69 55 75 103 15 32 66 118 43 74 28 47 121 50 81 26 61 126 46 140 129 147 136 23 22 112 0 114 144 14 29 54 98 117 77 52 99 16 78 148 122 71 36 119 25 101 139 107 9 18 30 35 102 124 49 141 42 33 79 100 12 37 85 40 83 68 110 95 109 86 145 127 82 89 133 13 123 4 63 105 72 113 90 5 24 20 53 108 94 92 27 48 64 135 10 2 45 65 76 73 6 8 115 142 111 58 7 149 106 1 87 59 143 67 41 21 70 130 3 34 96 88 80 131 84 137 125 62 11 57 51 104 97 138 60 128 19 39
Coste: 638073633

GENERACION: 16
Mejor Solucion:  17 116 31 120 91 132 44 93 56 146 38 134 69 55 75 103 15 32 66 118 43 74 28 47 121 50 81 26 61 126 46 140 129 147 136 23 22 112 0 114 144 14 29 54 98 117 77 52 99 16 78 148 122 71 36 119 25 101 139 107 9 18 30 35 102 124 49 141 42 33 79 100 12 37 85 40 83 68 110 95 109 86 145 127 82 89 133 13 123 4 63 105 72 113 90 5 24 20 53 108 94 92 27 48 64 135 10 2 45 65 76 73 6 8 115 142 111 58 7 149 106 1 87 59 143 67 41 21 70 130 3 34 96 88 80 131 84 137 125 62 11 57 51 104 97 138 60 128 19 39
Coste: 638073633

GENERACION: 17
Mejor Solucion:  17 116 31 120 91 132 44 93 56 146 38 134 69 55 75 103 15 32 66 118 43 74 28 47 121 50 81 26 61 126 46 140 129 147 136 23 22 112 0 114 144 14 29 54 98 117 77 52 99 16 78 148 122 71 36 119 25 101 139 107 9 18 30 35 102 124 49 141 42 33 79 100 12 37 85 40 83 68 110 95 109 86 145 127 82 89 133 13 123 4 63 105 72 113 90 5 24 20 53 108 94 92 27 48 64 135 10 2 45 65 76 73 6 8 115 142 111 58 7 149 106 1 87 59 143 67 41 21 70 130 3 34 96 88 80 131 84 137 125 62 11 57 51 104 97 138 60 128 19 39
Coste: 638073633

GENERACION: 18
Mejor Solucion:  17 116 31 120 91 132 44 93 56 146 38 134 69 55 75 103 15 32 66 118 43 74 28 47 121 50 81 26 61 126 46 140 129 147 136 23 22 112 0 114 144 14 29 54 98 117 77 52 99 16 78 148 122 71 36 119 25 101 139 107 9 18 30 35 102 124 49 141 42 33 79 100 12 37 85 40 83 68 110 95 109 86 145 127 82 89 133 13 123 4 63 105 72 113 90 5 24 20 53 108 94 92 27 48 64 135 10 2 45 65 76 73 6 8 115 142 111 58 7 149 106 1 87 59 143 67 41 21 70 130 3 34 96 88 80 131 84 137 125 62 11 57 51 104 97 138 60 128 19 39
Coste: 638073633

GENERACION: 19
Mejor Solucion:  17 116 31 120 91 132 44 93 56 146 38 134 69 55 75 103 15 32 66 118 43 74 28 47 121 50 81 26 61 126 46 140 129 147 136 23 22 112 0 114 144 14 29 54 98 117 77 52 99 16 78 148 122 71 36 119 25 101 139 107 9 18 30 35 102 124 49 141 42 33 79 100 12 37 85 40 83 68 110 95 109 86 145 127 82 89 133 13 123 4 63 105 72 113 90 5 24 20 53 108 94 92 27 48 64 135 10 2 45 65 76 73 6 8 115 142 111 58 7 149 106 1 87 59 143 67 41 21 70 130 3 34 96 88 80 131 84 137 125 62 11 57 51 104 97 138 60 128 19 39
Coste: 638073633

GENERACION: 20
Mejor Solucion:  17 116 31 120 91 132 44 93 56 146 38 134 69 55 75 103 15 32 66 118 43 74 28 47 121 50 81 26 61 126 46 140 129 147 136 23 22 112 0 114 144 14 29 54 98 117 77 52 99 16 78 148 122 71 36 119 25 101 139 107 9 18 30 35 102 124 49 141 42 33 79 100 12 37 85 40 83 68 110 95 109 86 145 127 82 89 133 13 123 4 63 105 72 113 90 5 24 20 53 108 94 92 27 48 64 135 10 2 45 65 76 73 6 8 115 142 111 58 7 149 106 1 87 59 143 67 41 21 70 130 3 34 96 88 80 131 84 137 125 62 11 57 51 104 97 138 60 128 19 39
Coste: 638073633

GENERACION: 21
Mejor Solucion:  147 54 141 69 10 38 11 71 140 53 24 59 37 6 124 74 39 135 32 87 64 66 42 9 82 144 81 109 50 79 46 102 88 14 106 73 110 31 76 5 128 92 57 19 108 105 131 93 142 75 52 104 4 51 7 119 36 20 114 94 91 47 30 62 25 44 49 101 149 146 65 90 112 89 67 40 18 68 23 98 28 0 136 127 21 34 129 145 26 48 63 120 133 77 13 41 56 83 12 27 1 100 97 17 61 85 60 2 35 15 16 134 95 8 113 99 121 43 80 137 72 45 118 132 130 3 84 117 107 148 103 116 96 122 70 115 22 126 125 143 55 29 78 139 123 138 33 86 58 111
Coste: 633512396

GENERACION: 22
Mejor Solucion:  147 54 141 69 10 38 11 71 140 53 24 59 37 6 124 74 39 135 32 87 64 66 42 9 82 144 81 109 50 79 46 102 88 14 106 73 110 31 76 5 128 92 57 19 108 105 131 93 142 75 52 104 4 51 7 119 36 20 114 94 91 47 30 62 25 44 49 101 149 146 65 90 112 89 67 40 18 68 23 98 28 0 136 127 21 34 129 145 26 48 63 120 133 77 13 41 56 83 12 27 1 100 97 17 61 85 60 2 35 15 16 134 95 8 113 99 121 43 80 137 72 45 118 132 130 3 84 117 107 148 103 116 96 122 70 115 22 126 125 143 55 29 78 139 123 138 33 86 58 111
Coste: 633512396

GENERACION: 23
Mejor Solucion:  147 54 141 69 10 38 11 71 140 53 24 59 37 6 124 74 39 135 32 87 64 66 42 9 82 144 81 109 50 79 46 102 88 14 106 73 110 31 76 5 128 92 57 19 108 105 131 93 142 75 52 104 4 51 7 119 36 20 114 94 91 47 30 62 25 44 49 101 149 146 65 90 112 89 67 40 18 68 23 98 28 0 136 127 21 34 129 145 26 48 63 120 133 77 13 41 56 83 12 27 1 100 97 17 61 85 60 2 35 15 16 134 95 8 113 99 121 43 80 137 72 45 118 132 130 3 84 117 107 148 103 116 96 122 70 115 22 126 125 143 55 29 78 139 123 138 33 86 58 111
Coste: 633512396

GENERACION: 24
Mejor Solucion:  147 54 141 69 10 38 11 71 140 53 24 59 37 6 124 74 39 135 32 87 64 66 42 9 82 144 81 109 50 79 46 102 88 14 106 73 110 31 76 5 128 92 57 19 108 105 131 93 142 75 52 104 4 51 7 119 36 20 114 94 91 47 30 62 25 44 49 101 149 146 65 90 112 89 67 40 18 68 23 98 28 0 136 127 21 34 129 145 26 48 63 120 133 77 13 41 56 83 12 27 1 100 97 17 61 85 60 2 35 15 16 134 95 8 113 99 121 43 80 137 72 45 118 132 130 3 84 117 107 148 103 116 96 122 70 115 22 126 125 143 55 29 78 139 123 138 33 86 58 111
Coste: 633512396

GENERACION: 25
Mejor Solucion:  147 54 141 69 10 38 11 71 140 53 24 59 37 6 124 74 39 135 32 87 64 66 42 9 82 144 81 109 50 79 46 102 88 14 106 73 110 31 76 5 128 92 57 19 108 105 131 93 142 75 52 104 4 51 7 119 36 20 114 94 91 47 30 62 25 44 49 101 149 146 65 90 112 89 67 40 18 68 23 98 28 0 136 127 21 34 129 145 26 48 63 120 133 77 13 41 56 83 12 27 1 100 97 17 61 85 60 2 35 15 16 134 95 8 113 99 121 43 80 137 72 45 118 132 130 3 84 117 107 148 103 116 96 122 70 115 22 126 125 143 55 29 78 139 123 138 33 86 58 111
Coste: 633512396

GENERACION: 26
Mejor Solucion:  147 54 141 69 10 38 11 71 140 53 24 59 37 6 124 74 39 135 32 87 64 66 42 9 82 144 81 109 50 79 46 102 88 14 106 73 110 31 76 5 128 92 57 19 108 105 131 93 142 75 52 104 4 51 7 119 36 20 114 94 91 47 30 62 25 44 49 101 149 146 65 90 112 89 67 40 18 68 23 98 28 0 136 127 21 34 129 145 26 48 63 120 133 77 13 41 56 83 12 27 1 100 97 17 61 85 60 2 35 15 16 134 95 8 113 99 121 43 80 137 72 45 118 132 130 3 84 117 107 148 103 116 96 122 70 115 22 126 125 143 55 29 78 139 123 138 33 86 58 111
Coste: 633512396

GENERACION: 27
Mejor Solucion:  76 17 141 69 87 38 36 63 140 73 59 24 37 6 114 74 101 135 23 54 64 66 90 9 35 144 81 102 50 72 46 107 34 14 25 106 110 31 147 5 142 92 57 19 82 105 136 93 128 75 27 104 122 51 26 119 11 32 48 94 78 47 30 97 89 44 99 134 149 146 95 42 112 132 67 40 18 68 20 98 28 0 131 71 21 88 129 145 7 29 127 120 133 77 13 108 53 83 12 52 1 100 62 10 61 85 60 2 41 15 16 39 65 8 33 49 121 43 80 137 79 45 118 56 130 3 84 125 109 111 103 116 96 4 70 115 22 126 117 143 55 124 86 139 123 138 113 91 58 148
Coste: 630398314

GENERACION: 28
Mejor Solucion:  76 17 141 69 57 38 36 63 93 102 59 24 37 142 120 74 101 135 23 54 64 66 90 9 35 144 88 73 50 72 46 116 34 14 25 106 110 31 27 5 11 92 87 136 130 105 19 140 128 75 147 104 139 51 26 119 6 40 48 94 78 47 30 52 49 44 99 134 149 146 95 42 112 132 67 32 12 68 20 98 28 0 131 71 21 81 129 145 7 29 127 114 133 77 89 108 53 83 18 97 1 43 62 10 61 85 60 2 84 15 16 39 65 8 33 13 121 100 80 137 79 45 118 56 82 3 41 125 109 111 103 107 96 4 70 115 55 126 117 143 22 124 86 122 123 138 113 91 58 148
Coste: 627637695

GENERACION: 29
Mejor Solucion:  76 17 141 69 57 38 36 63 93 102 59 24 37 142 120 74 101 135 23 54 64 66 90 9 35 144 88 73 50 72 46 116 34 14 25 106 110 31 27 5 11 92 87 136 130 105 19 140 128 75 147 104 139 51 26 119 6 40 48 94 78 47 30 52 49 44 99 134 149 146 95 42 112 132 67 32 12 68 20 98 28 0 131 71 21 81 129 145 7 29 127 114 133 77 89 108 53 83 18 97 1 43 62 10 61 85 60 2 84 15 16 39 65 8 33 13 121 100 80 137 79 45 118 56 82 3 41 125 109 111 103 107 96 4 70 115 55 126 117 143 22 124 86 122 123 138 113 91 58 148
Coste: 627637695

GENERACION: 30
Mejor Solucion:  76 17 141 69 57 38 36 63 93 102 3 82 37 142 90 74 101 97 23 92 114 13 120 9 35 144 128 73 50 72 111 16 34 14 25 106 110 31 27 5 6 54 136 87 130 105 15 104 88 75 147 140 139 121 26 79 11 32 48 143 66 47 30 52 49 44 99 134 149 146 95 42 78 103 67 40 12 68 148 98 28 0 131 71 21 81 129 145 7 29 127 64 133 77 89 108 53 65 18 135 1 43 62 10 61 126 60 2 84 19 58 39 83 8 138 112 51 100 80 137 119 123 118 56 4 59 41 125 109 46 132 107 96 24 70 115 55 85 117 94 22 124 86 122 45 33 113 91 116 20
Coste: 625707934

GENERACION: 31
Mejor Solucion:  76 17 141 69 57 38 36 63 93 102 3 82 37 142 90 74 101 97 23 92 114 13 120 9 35 144 128 73 50 72 111 16 34 14 25 106 110 31 27 5 6 54 136 87 130 105 15 104 88 75 147 140 139 121 26 79 11 32 48 143 66 47 30 52 49 44 99 134 149 146 95 42 78 103 67 40 12 68 148 98 28 0 131 71 21 81 129 145 7 29 127 64 133 77 89 108 53 65 18 135 1 43 62 10 61 126 60 2 84 19 58 39 83 8 138 112 51 100 80 137 119 123 118 56 4 59 41 125 109 46 132 107 96 24 70 115 55 85 117 94 22 124 86 122 45 33 113 91 116 20
Coste: 625707934

GENERACION: 32
Mejor Solucion:  76 17 141 69 57 38 36 63 93 102 3 82 37 142 90 74 101 97 23 92 114 13 120 9 35 144 128 73 50 72 111 16 34 14 25 106 110 31 27 5 6 54 136 87 130 105 15 104 88 75 147 140 139 121 26 79 11 32 48 143 66 47 30 52 49 44 99 134 149 146 95 42 78 103 67 40 12 68 148 98 28 0 131 71 21 81 129 145 7 29 127 64 133 77 89 108 53 65 18 135 1 43 62 10 61 126 60 2 84 19 58 39 83 8 138 112 51 100 80 137 119 123 118 56 4 59 41 125 109 46 132 107 96 24 70 115 55 85 117 94 22 124 86 122 45 33 113 91 116 20
Coste: 625707934

GENERACION: 33
Mejor Solucion:  76 17 141 69 57 38 36 63 93 102 3 82 37 142 90 74 101 97 23 92 114 13 120 9 35 144 128 73 50 72 111 16 34 14 25 106 110 31 27 5 6 54 136 87 130 105 15 104 88 75 147 140 139 121 26 79 11 32 48 143 66 47 30 52 49 44 99 134 149 146 95 42 78 103 67 40 12 68 148 98 28 0 131 71 21 81 129 145 7 29 127 64 133 77 89 108 53 65 18 135 1 43 62 10 61 126 60 2 84 19 58 39 83 8 138 112 51 100 80 137 119 123 118 56 4 59 41 125 109 46 132 107 96 24 70 115 55 85 117 94 22 124 86 122 45 33 113 91 116 20
Coste: 625707934

GENERACION: 34
Mejor Solucion:  76 17 141 69 57 38 36 63 93 102 3 82 37 142 90 74 101 97 23 92 114 13 120 9 35 144 128 73 50 72 111 16 34 14 25 106 110 31 27 5 6 54 136 87 130 105 15 104 88 75 147 140 139 121 26 79 11 32 48 143 66 47 30 52 49 44 99 134 149 146 95 42 78 103 67 40 12 68 148 98 28 0 131 71 21 81 129 145 7 29 127 64 133 77 89 108 53 65 18 135 1 43 62 10 61 126 60 2 84 19 58 39 83 8 138 112 51 100 80 137 119 123 118 56 4 59 41 125 109 46 132 107 96 24 70 115 55 85 117 94 22 124 86 122 45 33 113 91 116 20
Coste: 625707934

GENERACION: 35
Mejor Solucion:  76 17 141 69 57 38 36 63 93 102 3 82 37 142 90 74 101 97 23 92 114 13 120 9 35 144 128 73 50 72 111 16 34 14 25 106 110 31 27 5 6 54 136 87 130 105 15 104 88 75 147 140 139 121 26 79 11 32 48 143 66 47 30 52 49 44 99 134 149 146 95 42 78 103 67 40 12 68 148 98 28 0 131 71 21 81 129 145 7 29 127 64 133 77 89 108 53 65 18 135 1 43 62 10 61 126 60 2 84 19 58 39 83 8 138 112 51 100 80 137 119 123 118 56 4 59 41 125 109 46 132 107 96 24 70 115 55 85 117 94 22 124 86 122 45 33 113 91 116 20
Coste: 625707934

GENERACION: 36
Mejor Solucion:  76 17 141 69 57 38 36 63 93 102 3 82 37 142 90 74 101 97 23 92 114 13 120 9 35 144 128 73 50 72 111 16 34 14 25 106 110 31 27 5 6 54 136 87 130 105 15 104 88 75 147 140 139 121 26 79 11 32 48 143 66 47 30 52 49 44 99 134 149 146 95 42 78 103 67 40 12 68 148 98 28 0 131 71 21 81 129 145 7 29 127 64 133 77 89 108 53 65 18 135 1 43 62 10 61 126 60 2 84 19 58 39 83 8 138 112 51 100 80 137 119 123 118 56 4 59 41 125 109 46 132 107 96 24 70 115 55 85 117 94 22 124 86 122 45 33 113 91 116 20
Coste: 625707934

GENERACION: 37
Mejor Solucion:  76 17 141 69 57 38 36 63 93 102 3 82 37 142 90 74 101 97 23 92 114 13 120 9 35 144 128 73 50 72 111 16 34 14 25 106 110 31 27 5 6 54 136 87 130 105 15 104 88 75 147 140 139 121 26 79 11 32 48 143 66 47 30 52 49 44 99 134 149 146 95 42 78 103 67 40 12 68 148 98 28 0 131 71 21 81 129 145 7 29 127 64 133 77 89 108 53 65 18 135 1 43 62 10 61 126 60 2 84 19 58 39 83 8 138 112 51 100 80 137 119 123 118 56 4 59 41 125 109 46 132 107 96 24 70 115 55 85 117 94 22 124 86 122 45 33 113 91 116 20
Coste: 625707934

GENERACION: 38
Mejor Solucion:  76 17 141 69 57 38 36 63 93 102 3 82 37 142 90 74 101 97 23 92 114 13 120 9 35 144 128 73 50 72 111 16 34 14 25 106 110 31 27 5 6 54 136 87 130 105 15 104 88 75 147 140 139 121 26 79 11 32 48 143 66 47 30 52 49 44 99 134 149 146 95 42 78 103 67 40 12 68 148 98 28 0 131 71 21 81 129 145 7 29 127 64 133 77 89 108 53 65 18 135 1 43 62 10 61 126 60 2 84 19 58 39 83 8 138 112 51 100 80 137 119 123 118 56 4 59 41 125 109 46 132 107 96 24 70 115 55 85 117 94 22 124 86 122 45 33 113 91 116 20
Coste: 625707934

GENERACION: 39
Mejor Solucion:  76 17 141 69 57 38 36 63 93 102 3 82 37 142 90 74 101 97 23 92 114 13 120 9 35 144 128 73 50 72 111 16 34 14 25 106 110 31 27 5 6 54 136 87 130 105 15 104 88 75 147 140 139 121 26 79 11 32 48 143 66 47 30 52 49 44 99 134 149 146 95 42 78 103 67 40 12 68 148 98 28 0 131 71 21 81 129 145 7 29 127 64 133 77 89 108 53 65 18 135 1 43 62 10 61 126 60 2 84 19 58 39 83 8 138 112 51 100 80 137 119 123 118 56 4 59 41 125 109 46 132 107 96 24 70 115 55 85 117 94 22 124 86 122 45 33 113 91 116 20
Coste: 625707934

GENERACION: 40
Mejor Solucion:  76 17 141 69 57 38 36 63 93 102 3 82 37 142 90 74 101 97 23 92 114 13 120 9 35 144 128 73 50 72 111 16 34 14 25 106 110 31 27 5 6 54 136 87 130 105 15 104 88 75 147 140 139 121 26 79 11 32 48 143 66 47 30 52 49 44 99 134 149 146 95 42 78 103 67 40 12 68 148 98 28 0 131 71 21 81 129 145 7 29 127 64 133 77 89 108 53 65 18 135 1 43 62 10 61 126 60 2 84 19 58 39 83 8 138 112 51 100 80 137 119 123 118 56 4 59 41 125 109 46 132 107 96 24 70 115 55 85 117 94 22 124 86 122 45 33 113 91 116 20
Coste: 625707934

GENERACION: 41
Mejor Solucion:  76 17 141 69 57 38 36 63 93 102 3 82 37 142 90 74 101 97 23 92 114 13 120 9 35 144 128 73 50 72 111 16 34 14 25 106 110 31 27 5 6 54 136 87 130 105 15 104 88 75 147 140 139 121 26 79 11 32 48 143 66 47 30 52 49 44 99 134 149 146 95 42 78 103 67 40 12 68 148 98 28 0 131 71 21 81 129 145 7 29 127 64 133 77 89 108 53 65 18 135 1 43 62 10 61 126 60 2 84 19 58 39 83 8 138 112 51 100 80 137 119 123 118 56 4 59 41 125 109 46 132 107 96 24 70 115 55 85 117 94 22 124 86 122 45 33 113 91 116 20
Coste: 625707934

GENERACION: 42
Mejor Solucion:  76 17 141 69 57 38 36 63 93 102 3 82 37 142 90 74 101 97 23 92 114 13 120 9 35 144 128 73 50 72 111 16 34 14 25 106 110 31 27 5 6 54 136 87 130 105 15 104 88 75 147 140 139 121 26 79 11 32 48 143 66 47 30 52 49 44 99 134 149 146 95 42 78 103 67 40 12 68 148 98 28 0 131 71 21 81 129 145 7 29 127 64 133 77 89 108 53 65 18 135 1 43 62 10 61 126 60 2 84 19 58 39 83 8 138 112 51 100 80 137 119 123 118 56 4 59 41 125 109 46 132 107 96 24 70 115 55 85 117 94 22 124 86 122 45 33 113 91 116 20
Coste: 625707934

GENERACION: 43
Mejor Solucion:  76 17 141 69 57 38 36 63 93 102 3 82 37 142 90 74 101 97 23 92 114 13 120 9 35 144 128 73 50 72 111 16 34 14 25 106 110 31 27 5 6 54 136 87 130 105 15 104 88 75 147 140 139 121 26 79 11 32 48 143 66 47 30 52 49 44 99 134 149 146 95 42 78 103 67 40 12 68 148 98 28 0 131 71 21 81 129 145 7 29 127 64 133 77 89 108 53 65 18 135 1 43 62 10 61 126 60 2 84 19 58 39 83 8 138 112 51 100 80 137 119 123 118 56 4 59 41 125 109 46 132 107 96 24 70 115 55 85 117 94 22 124 86 122 45 33 113 91 116 20
Coste: 625707934

GENERACION: 44
Mejor Solucion:  76 17 141 69 57 38 36 63 93 102 3 82 37 142 90 74 101 97 23 92 114 13 120 9 35 144 128 73 50 72 111 16 34 14 25 106 110 31 27 5 6 54 136 87 130 105 15 104 88 75 147 140 139 121 26 79 11 32 48 143 66 47 30 52 49 44 99 134 149 146 95 42 78 103 67 40 12 68 148 98 28 0 131 71 21 81 129 145 7 29 127 64 133 77 89 108 53 65 18 135 1 43 62 10 61 126 60 2 84 19 58 39 83 8 138 112 51 100 80 137 119 123 118 56 4 59 41 125 109 46 132 107 96 24 70 115 55 85 117 94 22 124 86 122 45 33 113 91 116 20
Coste: 625707934

GENERACION: 45
Mejor Solucion:  76 17 141 69 57 38 36 63 93 102 3 82 37 142 90 74 101 97 23 92 114 13 120 9 35 144 128 73 50 72 111 16 34 14 25 106 110 31 27 5 6 54 136 87 130 105 15 104 88 75 147 140 139 121 26 79 11 32 48 143 66 47 30 52 49 44 99 134 149 146 95 42 78 103 67 40 12 68 148 98 28 0 131 71 21 81 129 145 7 29 127 64 133 77 89 108 53 65 18 135 1 43 62 10 61 126 60 2 84 19 58 39 83 8 138 112 51 100 80 137 119 123 118 56 4 59 41 125 109 46 132 107 96 24 70 115 55 85 117 94 22 124 86 122 45 33 113 91 116 20
Coste: 625707934

GENERACION: 46
Mejor Solucion:  76 17 141 69 57 38 36 63 93 102 3 82 37 142 90 74 101 97 23 92 114 13 120 9 35 144 128 73 50 72 111 16 34 14 25 106 110 31 27 5 6 54 136 87 130 105 15 104 88 75 147 140 139 121 26 79 11 32 48 143 66 47 30 52 49 44 99 134 149 146 95 42 78 103 67 40 12 68 148 98 28 0 131 71 21 81 129 145 7 29 127 64 133 77 89 108 53 65 18 135 1 43 62 10 61 126 60 2 84 19 58 39 83 8 138 112 51 100 80 137 119 123 118 56 4 59 41 125 109 46 132 107 96 24 70 115 55 85 117 94 22 124 86 122 45 33 113 91 116 20
Coste: 625707934

GENERACION: 47
Mejor Solucion:  76 17 141 69 57 38 36 63 93 102 3 82 37 142 90 74 101 97 23 92 114 13 120 9 35 144 128 73 50 72 111 16 34 14 25 106 110 31 27 5 6 54 136 87 130 105 15 104 88 75 147 140 139 121 26 79 11 32 48 143 66 47 30 52 49 44 99 134 149 146 95 42 78 103 67 40 12 68 148 98 28 0 131 71 21 81 129 145 7 29 127 64 133 77 89 108 53 65 18 135 1 43 62 10 61 126 60 2 84 19 58 39 83 8 138 112 51 100 80 137 119 123 118 56 4 59 41 125 109 46 132 107 96 24 70 115 55 85 117 94 22 124 86 122 45 33 113 91 116 20
Coste: 625707934

GENERACION: 48
Mejor Solucion:  76 17 141 69 57 38 36 63 93 102 3 82 37 142 90 74 101 97 23 92 114 13 120 9 35 144 128 73 50 72 111 16 34 14 25 106 110 31 27 5 6 54 136 87 130 105 15 104 88 75 147 140 139 121 26 79 11 32 48 143 66 47 30 52 49 44 99 134 149 146 95 42 78 103 67 40 12 68 148 98 28 0 131 71 21 81 129 145 7 29 127 64 133 77 89 108 53 65 18 135 1 43 62 10 61 126 60 2 84 19 58 39 83 8 138 112 51 100 80 137 119 123 118 56 4 59 41 125 109 46 132 107 96 24 70 115 55 85 117 94 22 124 86 122 45 33 113 91 116 20
Coste: 625707934

GENERACION: 49
Mejor Solucion:  76 17 141 69 57 38 36 63 93 102 3 82 37 142 90 74 101 97 23 92 114 13 120 9 35 144 128 73 50 72 111 16 34 14 25 106 110 31 27 5 6 54 136 87 130 105 15 104 88 75 147 140 139 121 26 79 11 32 48 143 66 47 30 52 49 44 99 134 149 146 95 42 78 103 67 40 12 68 148 98 28 0 131 71 21 81 129 145 7 29 127 64 133 77 89 108 53 65 18 135 1 43 62 10 61 126 60 2 84 19 58 39 83 8 138 112 51 100 80 137 119 123 118 56 4 59 41 125 109 46 132 107 96 24 70 115 55 85 117 94 22 124 86 122 45 33 113 91 116 20
Coste: 625707934

GENERACION: 50
Mejor Solucion:  76 17 141 69 57 38 36 63 93 102 3 82 37 142 90 74 101 97 23 92 114 13 120 9 35 144 128 73 50 72 111 16 34 14 25 106 110 31 27 5 6 54 136 87 130 105 15 104 88 75 147 140 139 121 26 79 11 32 48 143 66 47 30 52 49 44 99 134 149 146 95 42 78 103 67 40 12 68 148 98 28 0 131 71 21 81 129 145 7 29 127 64 133 77 89 108 53 65 18 135 1 43 62 10 61 126 60 2 84 19 58 39 83 8 138 112 51 100 80 137 119 123 118 56 4 59 41 125 109 46 132 107 96 24 70 115 55 85 117 94 22 124 86 122 45 33 113 91 116 20
Coste: 625707934

GENERACION: 51
Mejor Solucion:  76 17 141 69 57 38 36 63 93 102 3 82 37 142 90 74 101 97 23 92 114 13 120 9 35 144 128 73 50 72 111 16 34 14 25 106 110 31 27 5 6 54 136 87 130 105 15 104 88 75 147 140 139 121 26 79 11 32 48 143 66 47 30 52 49 44 99 134 149 146 95 42 78 103 67 40 12 68 148 98 28 0 131 71 21 81 129 145 7 29 127 64 133 77 89 108 53 65 18 135 1 43 62 10 61 126 60 2 84 19 58 39 83 8 138 112 51 100 80 137 119 123 118 56 4 59 41 125 109 46 132 107 96 24 70 115 55 85 117 94 22 124 86 122 45 33 113 91 116 20
Coste: 625707934

GENERACION: 52
Mejor Solucion:  76 17 141 69 57 38 36 63 93 102 3 82 37 142 90 74 101 97 23 92 114 13 120 9 35 144 128 73 50 72 111 16 34 14 25 106 110 31 27 5 6 54 136 87 130 105 15 104 88 75 147 140 139 121 26 79 11 32 48 143 66 47 30 52 49 44 99 134 149 146 95 42 78 103 67 40 12 68 148 98 28 0 131 71 21 81 129 145 7 29 127 64 133 77 89 108 53 65 18 135 1 43 62 10 61 126 60 2 84 19 58 39 83 8 138 112 51 100 80 137 119 123 118 56 4 59 41 125 109 46 132 107 96 24 70 115 55 85 117 94 22 124 86 122 45 33 113 91 116 20
Coste: 625707934

GENERACION: 53
Mejor Solucion:  76 17 141 69 57 38 36 63 93 102 3 82 37 142 90 74 101 97 23 92 114 13 120 9 35 144 128 73 50 72 111 16 34 14 25 106 110 31 27 5 6 54 136 87 130 105 15 104 88 75 147 140 139 121 26 79 11 32 48 143 66 47 30 52 49 44 99 134 149 146 95 42 78 103 67 40 12 68 148 98 28 0 131 71 21 81 129 145 7 29 127 64 133 77 89 108 53 65 18 135 1 43 62 10 61 126 60 2 84 19 58 39 83 8 138 112 51 100 80 137 119 123 118 56 4 59 41 125 109 46 132 107 96 24 70 115 55 85 117 94 22 124 86 122 45 33 113 91 116 20
Coste: 625707934

GENERACION: 54
Mejor Solucion:  76 17 141 69 57 38 36 63 93 102 3 82 37 142 90 74 101 97 23 92 114 13 120 9 35 144 128 73 50 72 111 16 34 14 25 106 110 31 27 5 6 54 136 87 130 105 15 104 88 75 147 140 139 121 26 79 11 32 48 143 66 47 30 52 49 44 99 134 149 146 95 42 78 103 67 40 12 68 148 98 28 0 131 71 21 81 129 145 7 29 127 64 133 77 89 108 53 65 18 135 1 43 62 10 61 126 60 2 84 19 58 39 83 8 138 112 51 100 80 137 119 123 118 56 4 59 41 125 109 46 132 107 96 24 70 115 55 85 117 94 22 124 86 122 45 33 113 91 116 20
Coste: 625707934

GENERACION: 55
Mejor Solucion:  76 17 141 69 57 38 36 63 93 102 3 82 37 142 90 74 101 97 23 92 114 13 120 9 35 144 128 73 50 72 111 16 34 14 25 106 110 31 27 5 6 54 136 87 130 105 15 104 88 75 147 140 139 121 26 79 11 32 48 143 66 47 30 52 49 44 99 134 149 146 95 42 78 103 67 40 12 68 148 98 28 0 131 71 21 81 129 145 7 29 127 64 133 77 89 108 53 65 18 135 1 43 62 10 61 126 60 2 84 19 58 39 83 8 138 112 51 100 80 137 119 123 118 56 4 59 41 125 109 46 132 107 96 24 70 115 55 85 117 94 22 124 86 122 45 33 113 91 116 20
Coste: 625707934

GENERACION: 56
Mejor Solucion:  76 17 141 69 57 38 36 63 93 102 3 82 37 142 90 74 101 97 23 92 114 13 120 9 35 144 128 73 50 72 111 16 34 14 25 106 110 31 27 5 6 54 136 87 130 105 15 104 88 75 147 140 139 121 26 79 11 32 48 143 66 47 30 52 49 44 99 134 149 146 95 42 78 103 67 40 12 68 148 98 28 0 131 71 21 81 129 145 7 29 127 64 133 77 89 108 53 65 18 135 1 43 62 10 61 126 60 2 84 19 58 39 83 8 138 112 51 100 80 137 119 123 118 56 4 59 41 125 109 46 132 107 96 24 70 115 55 85 117 94 22 124 86 122 45 33 113 91 116 20
Coste: 625707934

GENERACION: 57
Mejor Solucion:  76 17 141 69 57 38 36 63 93 102 3 82 37 142 90 74 101 97 23 92 114 13 120 9 35 144 128 73 50 72 111 16 34 14 25 106 110 31 27 5 6 54 136 87 130 105 15 104 88 75 147 140 139 121 26 79 11 32 48 143 66 47 30 52 49 44 99 134 149 146 95 42 78 103 67 40 12 68 148 98 28 0 131 71 21 81 129 145 7 29 127 64 133 77 89 108 53 65 18 135 1 43 62 10 61 126 60 2 84 19 58 39 83 8 138 112 51 100 80 137 119 123 118 56 4 59 41 125 109 46 132 107 96 24 70 115 55 85 117 94 22 124 86 122 45 33 113 91 116 20
Coste: 625707934

GENERACION: 58
Mejor Solucion:  76 17 141 69 57 38 36 63 93 102 3 82 37 142 90 74 101 97 23 92 114 13 120 9 35 144 128 73 50 72 111 16 34 14 25 106 110 31 27 5 6 54 136 87 130 105 15 104 88 75 147 140 139 121 26 79 11 32 48 143 66 47 30 52 49 44 99 134 149 146 95 42 78 103 67 40 12 68 148 98 28 0 131 71 21 81 129 145 7 29 127 64 133 77 89 108 53 65 18 135 1 43 62 10 61 126 60 2 84 19 58 39 83 8 138 112 51 100 80 137 119 123 118 56 4 59 41 125 109 46 132 107 96 24 70 115 55 85 117 94 22 124 86 122 45 33 113 91 116 20
Coste: 625707934

GENERACION: 59
Mejor Solucion:  76 17 141 69 57 38 36 63 93 102 3 82 37 142 90 74 101 97 23 92 114 13 120 9 35 144 128 73 50 72 111 16 34 14 25 106 110 31 27 5 6 54 136 87 130 105 15 104 88 75 147 140 139 121 26 79 11 32 48 143 66 47 30 52 49 44 99 134 149 146 95 42 78 103 67 40 12 68 148 98 28 0 131 71 21 81 129 145 7 29 127 64 133 77 89 108 53 65 18 135 1 43 62 10 61 126 60 2 84 19 58 39 83 8 138 112 51 100 80 137 119 123 118 56 4 59 41 125 109 46 132 107 96 24 70 115 55 85 117 94 22 124 86 122 45 33 113 91 116 20
Coste: 625707934

GENERACION: 60
Mejor Solucion:  76 17 141 69 57 38 36 63 93 102 3 82 37 142 90 74 101 97 23 92 114 13 120 9 35 144 128 73 50 72 111 16 34 14 25 106 110 31 27 5 6 54 136 87 130 105 15 104 88 75 147 140 139 121 26 79 11 32 48 143 66 47 30 52 49 44 99 134 149 146 95 42 78 103 67 40 12 68 148 98 28 0 131 71 21 81 129 145 7 29 127 64 133 77 89 108 53 65 18 135 1 43 62 10 61 126 60 2 84 19 58 39 83 8 138 112 51 100 80 137 119 123 118 56 4 59 41 125 109 46 132 107 96 24 70 115 55 85 117 94 22 124 86 122 45 33 113 91 116 20
Coste: 625707934

GENERACION: 61
Mejor Solucion:  76 31 114 119 148 26 1 63 81 54 3 106 107 116 47 74 99 80 136 92 103 13 145 112 104 41 142 8 50 34 111 20 6 14 149 97 85 129 27 109 131 25 4 59 130 57 15 5 88 84 147 93 143 37 69 22 19 83 98 127 60 125 82 77 10 61 101 46 137 53 35 16 58 134 91 11 94 48 56 140 28 118 18 45 21 55 123 0 7 29 66 122 12 17 44 120 95 105 65 33 42 43 62 141 51 75 139 2 132 49 110 40 146 36 87 108 124 38 52 72 128 96 113 121 133 144 32 102 73 100 126 78 39 24 70 115 90 117 79 89 68 71 86 64 135 138 9 67 30 23
Coste: 620415129

