GENERACION: 1
Mejor Solucion:  118 122 32 83 131 113 90 14 8 17 98 99 141 59 42 55 20 79 66 58 143 53 140 26 7 56 50 61 119 23 18 37 21 4 3 35 108 78 34 46 15 117 85 84 77 64 139 95 63 12 81 44 148 109 45 132 147 5 10 135 16 97 137 149 93 76 124 142 49 110 114 70 65 60 103 92 111 133 105 33 2 121 129 38 72 134 75 104 120 48 68 40 57 27 126 145 62 25 115 144 1 127 80 39 123 73 54 0 87 89 106 19 9 88 125 28 69 71 128 13 11 94 74 96 24 86 52 100 130 29 112 101 138 146 102 116 6 22 82 41 47 31 36 107 136 67 30 43 51 91
Coste: 9657804

GENERACION: 2
Mejor Solucion:  118 122 32 83 131 113 90 14 8 17 98 99 141 59 42 55 20 79 66 58 143 53 140 26 7 56 50 61 119 23 18 37 21 4 3 35 108 78 34 46 15 117 85 84 77 64 139 95 63 12 81 44 148 109 45 132 147 5 10 135 16 97 137 149 93 76 124 142 49 110 114 70 65 60 103 92 111 133 105 33 2 121 129 38 72 134 75 104 120 48 68 40 57 27 126 145 62 25 115 144 1 127 80 39 123 73 54 0 87 89 106 19 9 88 125 28 69 71 128 13 11 94 74 96 24 86 52 100 130 29 112 101 138 146 102 116 6 22 82 41 47 31 36 107 136 67 30 43 51 91
Coste: 9657804

GENERACION: 3
Mejor Solucion:  118 122 32 83 131 113 90 14 8 17 98 99 141 59 42 55 20 79 66 58 143 53 140 26 7 56 50 61 119 23 18 37 21 4 3 35 108 78 34 46 15 117 85 84 77 64 139 95 63 12 81 44 148 109 45 132 147 5 10 135 16 97 137 149 93 76 124 142 49 110 114 70 65 60 103 92 111 133 105 33 2 121 129 38 72 134 75 104 120 48 68 40 57 27 126 145 62 25 115 144 1 127 80 39 123 73 54 0 87 89 106 19 9 88 125 28 69 71 128 13 11 94 74 96 24 86 52 100 130 29 112 101 138 146 102 116 6 22 82 41 47 31 36 107 136 67 30 43 51 91
Coste: 9657804

GENERACION: 4
Mejor Solucion:  118 122 32 83 131 113 90 14 8 17 98 99 141 59 42 55 20 79 66 58 143 53 140 26 7 56 50 61 119 23 18 37 21 4 3 35 108 78 34 46 15 117 85 84 77 64 139 95 63 12 81 44 148 109 45 132 147 5 10 135 16 97 137 149 93 76 124 142 49 110 114 70 65 60 103 92 111 133 105 33 2 121 129 38 72 134 75 104 120 48 68 40 57 27 126 145 62 25 115 144 1 127 80 39 123 73 54 0 87 89 106 19 9 88 125 28 69 71 128 13 11 94 74 96 24 86 52 100 130 29 112 101 138 146 102 116 6 22 82 41 47 31 36 107 136 67 30 43 51 91
Coste: 9657804

GENERACION: 5
Mejor Solucion:  118 122 32 83 131 113 90 14 8 17 98 99 141 59 42 55 20 79 66 58 143 53 140 26 7 56 50 61 119 23 18 37 21 4 3 35 108 78 34 46 15 117 85 84 77 64 139 95 63 12 81 44 148 109 45 132 147 5 10 135 16 97 137 149 93 76 124 142 49 110 114 70 65 60 103 92 111 133 105 33 2 121 129 38 72 134 75 104 120 48 68 40 57 27 126 145 62 25 115 144 1 127 80 39 123 73 54 0 87 89 106 19 9 88 125 28 69 71 128 13 11 94 74 96 24 86 52 100 130 29 112 101 138 146 102 116 6 22 82 41 47 31 36 107 136 67 30 43 51 91
Coste: 9657804

GENERACION: 6
Mejor Solucion:  118 122 32 83 131 113 90 14 8 17 98 99 141 59 42 55 20 79 66 58 143 53 140 26 7 56 50 61 119 23 18 37 21 4 3 35 108 78 34 46 15 117 85 84 77 64 139 95 63 12 81 44 148 109 45 132 147 5 10 135 16 97 137 149 93 76 124 142 49 110 114 70 65 60 103 92 111 133 105 33 2 121 129 38 72 134 75 104 120 48 68 40 57 27 126 145 62 25 115 144 1 127 80 39 123 73 54 0 87 89 106 19 9 88 125 28 69 71 128 13 11 94 74 96 24 86 52 100 130 29 112 101 138 146 102 116 6 22 82 41 47 31 36 107 136 67 30 43 51 91
Coste: 9657804

GENERACION: 7
Mejor Solucion:  118 122 32 83 131 113 90 14 8 17 98 99 141 59 42 55 20 79 66 58 143 53 140 26 7 56 50 61 119 23 18 37 21 4 3 35 108 78 34 46 15 117 85 84 77 64 139 95 63 12 81 44 148 109 45 132 147 5 10 135 16 97 137 149 93 76 124 142 49 110 114 70 65 60 103 92 111 133 105 33 2 121 129 38 72 134 75 104 120 48 68 40 57 27 126 145 62 25 115 144 1 127 80 39 123 73 54 0 87 89 106 19 9 88 125 28 69 71 128 13 11 94 74 96 24 86 52 100 130 29 112 101 138 146 102 116 6 22 82 41 47 31 36 107 136 67 30 43 51 91
Coste: 9657804

GENERACION: 8
Mejor Solucion:  118 122 32 83 131 113 90 14 8 17 98 99 141 59 42 55 20 79 66 58 143 53 140 26 7 56 50 61 119 23 18 37 21 4 3 35 108 78 34 46 15 117 85 84 77 64 139 95 63 12 81 44 148 109 45 132 147 5 10 135 16 97 137 149 93 76 124 142 49 110 114 70 65 60 103 92 111 133 105 33 2 121 129 38 72 134 75 104 120 48 68 40 57 27 126 145 62 25 115 144 1 127 80 39 123 73 54 0 87 89 106 19 9 88 125 28 69 71 128 13 11 94 74 96 24 86 52 100 130 29 112 101 138 146 102 116 6 22 82 41 47 31 36 107 136 67 30 43 51 91
Coste: 9657804

GENERACION: 9
Mejor Solucion:  118 122 32 83 131 113 90 14 8 17 98 99 141 59 42 55 20 79 66 58 143 53 140 26 7 56 50 61 119 23 18 37 21 4 3 35 108 78 34 46 15 117 85 84 77 64 139 95 63 12 81 44 148 109 45 132 147 5 10 135 16 97 137 149 93 76 124 142 49 110 114 70 65 60 103 92 111 133 105 33 2 121 129 38 72 134 75 104 120 48 68 40 57 27 126 145 62 25 115 144 1 127 80 39 123 73 54 0 87 89 106 19 9 88 125 28 69 71 128 13 11 94 74 96 24 86 52 100 130 29 112 101 138 146 102 116 6 22 82 41 47 31 36 107 136 67 30 43 51 91
Coste: 9657804

GENERACION: 10
Mejor Solucion:  118 122 32 83 131 113 90 14 8 17 98 99 141 59 42 55 20 79 66 58 143 53 140 26 7 56 50 61 119 23 18 37 21 4 3 35 108 78 34 46 15 117 85 84 77 64 139 95 63 12 81 44 148 109 45 132 147 5 10 135 16 97 137 149 93 76 124 142 49 110 114 70 65 60 103 92 111 133 105 33 2 121 129 38 72 134 75 104 120 48 68 40 57 27 126 145 62 25 115 144 1 127 80 39 123 73 54 0 87 89 106 19 9 88 125 28 69 71 128 13 11 94 74 96 24 86 52 100 130 29 112 101 138 146 102 116 6 22 82 41 47 31 36 107 136 67 30 43 51 91
Coste: 9657804

GENERACION: 11
Mejor Solucion:  118 122 32 83 131 113 90 14 8 17 98 99 141 59 42 55 20 79 66 58 143 53 140 26 7 56 50 61 119 23 18 37 21 4 3 35 108 78 34 46 15 117 85 84 77 64 139 95 63 12 81 44 148 109 45 132 147 5 10 135 16 97 137 149 93 76 124 142 49 110 114 70 65 60 103 92 111 133 105 33 2 121 129 38 72 134 75 104 120 48 68 40 57 27 126 145 62 25 115 144 1 127 80 39 123 73 54 0 87 89 106 19 9 88 125 28 69 71 128 13 11 94 74 96 24 86 52 100 130 29 112 101 138 146 102 116 6 22 82 41 47 31 36 107 136 67 30 43 51 91
Coste: 9657804

GENERACION: 12
Mejor Solucion:  118 122 32 83 131 113 90 14 8 17 98 99 141 59 42 55 20 79 66 58 143 53 140 26 7 56 50 61 119 23 18 37 21 4 3 35 108 78 34 46 15 117 85 84 77 64 139 95 63 12 81 44 148 109 45 132 147 5 10 135 16 97 137 149 93 76 124 142 49 110 114 70 65 60 103 92 111 133 105 33 2 121 129 38 72 134 75 104 120 48 68 40 57 27 126 145 62 25 115 144 1 127 80 39 123 73 54 0 87 89 106 19 9 88 125 28 69 71 128 13 11 94 74 96 24 86 52 100 130 29 112 101 138 146 102 116 6 22 82 41 47 31 36 107 136 67 30 43 51 91
Coste: 9657804

GENERACION: 13
Mejor Solucion:  118 122 32 83 131 113 90 14 8 17 98 99 141 59 42 55 20 79 66 58 143 53 140 26 7 56 50 61 119 23 18 37 21 4 3 35 108 78 34 46 15 117 85 84 77 64 139 95 63 12 81 44 148 109 45 132 147 5 10 135 16 97 137 149 93 76 124 142 49 110 114 70 65 60 103 92 111 133 105 33 2 121 129 38 72 134 75 104 120 48 68 40 57 27 126 145 62 25 115 144 1 127 80 39 123 73 54 0 87 89 106 19 9 88 125 28 69 71 128 13 11 94 74 96 24 86 52 100 130 29 112 101 138 146 102 116 6 22 82 41 47 31 36 107 136 67 30 43 51 91
Coste: 9657804

GENERACION: 14
Mejor Solucion:  118 122 32 83 131 113 90 14 8 17 98 99 141 59 42 55 20 79 66 58 143 53 140 26 7 56 50 61 119 23 18 37 21 4 3 35 108 78 34 46 15 117 85 84 77 64 139 95 63 12 81 44 148 109 45 132 147 5 10 135 16 97 137 149 93 76 124 142 49 110 114 70 65 60 103 92 111 133 105 33 2 121 129 38 72 134 75 104 120 48 68 40 57 27 126 145 62 25 115 144 1 127 80 39 123 73 54 0 87 89 106 19 9 88 125 28 69 71 128 13 11 94 74 96 24 86 52 100 130 29 112 101 138 146 102 116 6 22 82 41 47 31 36 107 136 67 30 43 51 91
Coste: 9657804

GENERACION: 15
Mejor Solucion:  118 122 32 83 131 113 90 14 8 17 98 99 141 59 42 55 20 79 66 58 143 53 140 26 7 56 50 61 119 23 18 37 21 4 3 35 108 78 34 46 15 117 85 84 77 64 139 95 63 12 81 44 148 109 45 132 147 5 10 135 16 97 137 149 93 76 124 142 49 110 114 70 65 60 103 92 111 133 105 33 2 121 129 38 72 134 75 104 120 48 68 40 57 27 126 145 62 25 115 144 1 127 80 39 123 73 54 0 87 89 106 19 9 88 125 28 69 71 128 13 11 94 74 96 24 86 52 100 130 29 112 101 138 146 102 116 6 22 82 41 47 31 36 107 136 67 30 43 51 91
Coste: 9657804

GENERACION: 16
Mejor Solucion:  118 122 32 83 131 113 90 14 8 17 98 99 141 59 42 55 20 79 66 58 143 53 140 26 7 56 50 61 119 23 18 37 21 4 3 35 108 78 34 46 15 117 85 84 77 64 139 95 63 12 81 44 148 109 45 132 147 5 10 135 16 97 137 149 93 76 124 142 49 110 114 70 65 60 103 92 111 133 105 33 2 121 129 38 72 134 75 104 120 48 68 40 57 27 126 145 62 25 115 144 1 127 80 39 123 73 54 0 87 89 106 19 9 88 125 28 69 71 128 13 11 94 74 96 24 86 52 100 130 29 112 101 138 146 102 116 6 22 82 41 47 31 36 107 136 67 30 43 51 91
Coste: 9657804

GENERACION: 17
Mejor Solucion:  118 122 32 83 131 113 90 14 8 17 98 99 141 59 42 55 20 79 66 58 143 53 140 26 7 56 50 61 119 23 18 37 21 4 3 35 108 78 34 46 15 117 85 84 77 64 139 95 63 12 81 44 148 109 45 132 147 5 10 135 16 97 137 149 93 76 124 142 49 110 114 70 65 60 103 92 111 133 105 33 2 121 129 38 72 134 75 104 120 48 68 40 57 27 126 145 62 25 115 144 1 127 80 39 123 73 54 0 87 89 106 19 9 88 125 28 69 71 128 13 11 94 74 96 24 86 52 100 130 29 112 101 138 146 102 116 6 22 82 41 47 31 36 107 136 67 30 43 51 91
Coste: 9657804

GENERACION: 18
Mejor Solucion:  118 122 32 83 131 113 90 14 8 17 98 99 141 59 42 55 20 79 66 58 143 53 140 26 7 56 50 61 119 23 18 37 21 4 3 35 108 78 34 46 15 117 85 84 77 64 139 95 63 12 81 44 148 109 45 132 147 5 10 135 16 97 137 149 93 76 124 142 49 110 114 70 65 60 103 92 111 133 105 33 2 121 129 38 72 134 75 104 120 48 68 40 57 27 126 145 62 25 115 144 1 127 80 39 123 73 54 0 87 89 106 19 9 88 125 28 69 71 128 13 11 94 74 96 24 86 52 100 130 29 112 101 138 146 102 116 6 22 82 41 47 31 36 107 136 67 30 43 51 91
Coste: 9657804

GENERACION: 19
Mejor Solucion:  118 122 32 83 131 113 90 14 8 17 98 99 141 59 42 55 20 79 66 58 143 53 140 26 7 56 50 61 119 23 18 37 21 4 3 35 108 78 34 46 15 117 85 84 77 64 139 95 63 12 81 44 148 109 45 132 147 5 10 135 16 97 137 149 93 76 124 142 49 110 114 70 65 60 103 92 111 133 105 33 2 121 129 38 72 134 75 104 120 48 68 40 57 27 126 145 62 25 115 144 1 127 80 39 123 73 54 0 87 89 106 19 9 88 125 28 69 71 128 13 11 94 74 96 24 86 52 100 130 29 112 101 138 146 102 116 6 22 82 41 47 31 36 107 136 67 30 43 51 91
Coste: 9657804

GENERACION: 20
Mejor Solucion:  118 122 32 83 131 113 90 14 8 17 98 99 141 59 42 55 20 79 66 58 143 53 140 26 7 56 50 61 119 23 18 37 21 4 3 35 108 78 34 46 15 117 85 84 77 64 139 95 63 12 81 44 148 109 45 132 147 5 10 135 16 97 137 149 93 76 124 142 49 110 114 70 65 60 103 92 111 133 105 33 2 121 129 38 72 134 75 104 120 48 68 40 57 27 126 145 62 25 115 144 1 127 80 39 123 73 54 0 87 89 106 19 9 88 125 28 69 71 128 13 11 94 74 96 24 86 52 100 130 29 112 101 138 146 102 116 6 22 82 41 47 31 36 107 136 67 30 43 51 91
Coste: 9657804

GENERACION: 21
Mejor Solucion:  118 122 32 83 131 113 90 14 8 17 98 99 141 59 42 55 20 79 66 58 143 53 140 26 7 56 50 61 119 23 18 37 21 4 3 35 108 78 34 46 15 117 85 84 77 64 139 95 63 12 81 44 148 109 45 132 147 5 10 135 16 97 137 149 93 76 124 142 49 110 114 70 65 60 103 92 111 133 105 33 2 121 129 38 72 134 75 104 120 48 68 40 57 27 126 145 62 25 115 144 1 127 80 39 123 73 54 0 87 89 106 19 9 88 125 28 69 71 128 13 11 94 74 96 24 86 52 100 130 29 112 101 138 146 102 116 6 22 82 41 47 31 36 107 136 67 30 43 51 91
Coste: 9657804

GENERACION: 22
Mejor Solucion:  118 122 32 83 131 113 90 14 8 17 98 99 141 59 42 55 20 79 66 58 143 53 140 26 7 56 50 61 119 23 18 37 21 4 3 35 108 78 34 46 15 117 85 84 77 64 139 95 63 12 81 44 148 109 45 132 147 5 10 135 16 97 137 149 93 76 124 142 49 110 114 70 65 60 103 92 111 133 105 33 2 121 129 38 72 134 75 104 120 48 68 40 57 27 126 145 62 25 115 144 1 127 80 39 123 73 54 0 87 89 106 19 9 88 125 28 69 71 128 13 11 94 74 96 24 86 52 100 130 29 112 101 138 146 102 116 6 22 82 41 47 31 36 107 136 67 30 43 51 91
Coste: 9657804

GENERACION: 23
Mejor Solucion:  118 122 32 83 131 113 90 14 8 17 98 99 141 59 42 55 20 79 66 58 143 53 140 26 7 56 50 61 119 23 18 37 21 4 3 35 108 78 34 46 15 117 85 84 77 64 139 95 63 12 81 44 148 109 45 132 147 5 10 135 16 97 137 149 93 76 124 142 49 110 114 70 65 60 103 92 111 133 105 33 2 121 129 38 72 134 75 104 120 48 68 40 57 27 126 145 62 25 115 144 1 127 80 39 123 73 54 0 87 89 106 19 9 88 125 28 69 71 128 13 11 94 74 96 24 86 52 100 130 29 112 101 138 146 102 116 6 22 82 41 47 31 36 107 136 67 30 43 51 91
Coste: 9657804

GENERACION: 24
Mejor Solucion:  118 122 32 83 131 113 90 14 8 17 98 99 141 59 42 55 20 79 66 58 143 53 140 26 7 56 50 61 119 23 18 37 21 4 3 35 108 78 34 46 15 117 85 84 77 64 139 95 63 12 81 44 148 109 45 132 147 5 10 135 16 97 137 149 93 76 124 142 49 110 114 70 65 60 103 92 111 133 105 33 2 121 129 38 72 134 75 104 120 48 68 40 57 27 126 145 62 25 115 144 1 127 80 39 123 73 54 0 87 89 106 19 9 88 125 28 69 71 128 13 11 94 74 96 24 86 52 100 130 29 112 101 138 146 102 116 6 22 82 41 47 31 36 107 136 67 30 43 51 91
Coste: 9657804

GENERACION: 25
Mejor Solucion:  118 122 32 83 131 113 90 14 8 17 98 99 141 59 42 55 20 79 66 58 143 53 140 26 7 56 50 61 119 23 18 37 21 4 3 35 108 78 34 46 15 117 85 84 77 64 139 95 63 12 81 44 148 109 45 132 147 5 10 135 16 97 137 149 93 76 124 142 49 110 114 70 65 60 103 92 111 133 105 33 2 121 129 38 72 134 75 104 120 48 68 40 57 27 126 145 62 25 115 144 1 127 80 39 123 73 54 0 87 89 106 19 9 88 125 28 69 71 128 13 11 94 74 96 24 86 52 100 130 29 112 101 138 146 102 116 6 22 82 41 47 31 36 107 136 67 30 43 51 91
Coste: 9657804

GENERACION: 26
Mejor Solucion:  118 122 32 83 131 113 90 14 8 17 98 99 141 59 42 55 20 79 66 58 143 53 140 26 7 56 50 61 119 23 18 37 21 4 3 35 108 78 34 46 15 117 85 84 77 64 139 95 63 12 81 44 148 109 45 132 147 5 10 135 16 97 137 149 93 76 124 142 49 110 114 70 65 60 103 92 111 133 105 33 2 121 129 38 72 134 75 104 120 48 68 40 57 27 126 145 62 25 115 144 1 127 80 39 123 73 54 0 87 89 106 19 9 88 125 28 69 71 128 13 11 94 74 96 24 86 52 100 130 29 112 101 138 146 102 116 6 22 82 41 47 31 36 107 136 67 30 43 51 91
Coste: 9657804

GENERACION: 27
Mejor Solucion:  118 122 32 83 131 113 90 14 8 17 98 99 141 59 42 55 20 79 66 58 143 53 140 26 7 56 50 61 119 23 18 37 21 4 3 35 108 78 34 46 15 117 85 84 77 64 139 95 63 12 81 44 148 109 45 132 147 5 10 135 16 97 137 149 93 76 124 142 49 110 114 70 65 60 103 92 111 133 105 33 2 121 129 38 72 134 75 104 120 48 68 40 57 27 126 145 62 25 115 144 1 127 80 39 123 73 54 0 87 89 106 19 9 88 125 28 69 71 128 13 11 94 74 96 24 86 52 100 130 29 112 101 138 146 102 116 6 22 82 41 47 31 36 107 136 67 30 43 51 91
Coste: 9657804

GENERACION: 28
Mejor Solucion:  118 122 32 83 131 113 90 14 8 17 98 99 141 59 42 55 20 79 66 58 143 53 140 26 7 56 50 61 119 23 18 37 21 4 3 35 108 78 34 46 15 117 85 84 77 64 139 95 63 12 81 44 148 109 45 132 147 5 10 135 16 97 137 149 93 76 124 142 49 110 114 70 65 60 103 92 111 133 105 33 2 121 129 38 72 134 75 104 120 48 68 40 57 27 126 145 62 25 115 144 1 127 80 39 123 73 54 0 87 89 106 19 9 88 125 28 69 71 128 13 11 94 74 96 24 86 52 100 130 29 112 101 138 146 102 116 6 22 82 41 47 31 36 107 136 67 30 43 51 91
Coste: 9657804

GENERACION: 29
Mejor Solucion:  118 122 32 83 131 113 90 14 8 17 98 99 141 59 42 55 20 79 66 58 143 53 140 26 7 56 50 61 119 23 18 37 21 4 3 35 108 78 34 46 15 117 85 84 77 64 139 95 63 12 81 44 148 109 45 132 147 5 10 135 16 97 137 149 93 76 124 142 49 110 114 70 65 60 103 92 111 133 105 33 2 121 129 38 72 134 75 104 120 48 68 40 57 27 126 145 62 25 115 144 1 127 80 39 123 73 54 0 87 89 106 19 9 88 125 28 69 71 128 13 11 94 74 96 24 86 52 100 130 29 112 101 138 146 102 116 6 22 82 41 47 31 36 107 136 67 30 43 51 91
Coste: 9657804

GENERACION: 30
Mejor Solucion:  118 122 32 83 131 113 90 14 8 17 98 99 141 59 42 55 20 79 66 58 143 53 140 26 7 56 50 61 119 23 18 37 21 4 3 35 108 78 34 46 15 117 85 84 77 64 139 95 63 12 81 44 148 109 45 132 147 5 10 135 16 97 137 149 93 76 124 142 49 110 114 70 65 60 103 92 111 133 105 33 2 121 129 38 72 134 75 104 120 48 68 40 57 27 126 145 62 25 115 144 1 127 80 39 123 73 54 0 87 89 106 19 9 88 125 28 69 71 128 13 11 94 74 96 24 86 52 100 130 29 112 101 138 146 102 116 6 22 82 41 47 31 36 107 136 67 30 43 51 91
Coste: 9657804

GENERACION: 31
Mejor Solucion:  118 122 32 83 131 113 90 14 8 17 98 99 141 59 42 55 20 79 66 58 143 53 140 26 7 56 50 61 119 23 18 37 21 4 3 35 108 78 34 46 15 117 85 84 77 64 139 95 63 12 81 44 148 109 45 132 147 5 10 135 16 97 137 149 93 76 124 142 49 110 114 70 65 60 103 92 111 133 105 33 2 121 129 38 72 134 75 104 120 48 68 40 57 27 126 145 62 25 115 144 1 127 80 39 123 73 54 0 87 89 106 19 9 88 125 28 69 71 128 13 11 94 74 96 24 86 52 100 130 29 112 101 138 146 102 116 6 22 82 41 47 31 36 107 136 67 30 43 51 91
Coste: 9657804

GENERACION: 32
Mejor Solucion:  118 122 32 83 131 113 90 14 8 17 98 99 141 59 42 55 20 79 66 58 143 53 140 26 7 56 50 61 119 23 18 37 21 4 3 35 108 78 34 46 15 117 85 84 77 64 139 95 63 12 81 44 148 109 45 132 147 5 10 135 16 97 137 149 93 76 124 142 49 110 114 70 65 60 103 92 111 133 105 33 2 121 129 38 72 134 75 104 120 48 68 40 57 27 126 145 62 25 115 144 1 127 80 39 123 73 54 0 87 89 106 19 9 88 125 28 69 71 128 13 11 94 74 96 24 86 52 100 130 29 112 101 138 146 102 116 6 22 82 41 47 31 36 107 136 67 30 43 51 91
Coste: 9657804

GENERACION: 33
Mejor Solucion:  118 122 32 83 131 113 90 14 8 17 98 99 141 59 42 55 20 79 66 58 143 53 140 26 7 56 50 61 119 23 18 37 21 4 3 35 108 78 34 46 15 117 85 84 77 64 139 95 63 12 81 44 148 109 45 132 147 5 10 135 16 97 137 149 93 76 124 142 49 110 114 70 65 60 103 92 111 133 105 33 2 121 129 38 72 134 75 104 120 48 68 40 57 27 126 145 62 25 115 144 1 127 80 39 123 73 54 0 87 89 106 19 9 88 125 28 69 71 128 13 11 94 74 96 24 86 52 100 130 29 112 101 138 146 102 116 6 22 82 41 47 31 36 107 136 67 30 43 51 91
Coste: 9657804

GENERACION: 34
Mejor Solucion:  118 122 32 83 131 113 90 14 8 17 98 99 141 59 42 55 20 79 66 58 143 53 140 26 7 56 50 61 119 23 18 37 21 4 3 35 108 78 34 46 15 117 85 84 77 64 139 95 63 12 81 44 148 109 45 132 147 5 10 135 16 97 137 149 93 76 124 142 49 110 114 70 65 60 103 92 111 133 105 33 2 121 129 38 72 134 75 104 120 48 68 40 57 27 126 145 62 25 115 144 1 127 80 39 123 73 54 0 87 89 106 19 9 88 125 28 69 71 128 13 11 94 74 96 24 86 52 100 130 29 112 101 138 146 102 116 6 22 82 41 47 31 36 107 136 67 30 43 51 91
Coste: 9657804

GENERACION: 35
Mejor Solucion:  118 122 32 83 131 113 40 14 105 17 98 100 141 59 34 55 20 79 52 58 143 53 140 31 7 68 5 1 119 146 18 37 21 4 3 35 108 78 42 46 15 117 70 84 77 64 92 95 63 12 147 44 148 109 13 132 8 50 10 135 16 97 112 149 93 76 124 142 49 110 114 106 65 60 103 139 111 133 138 33 2 121 129 38 96 134 75 104 120 48 56 54 85 115 126 145 62 25 9 144 61 127 80 39 123 73 90 0 87 89 57 19 27 88 125 28 69 71 128 45 11 94 74 72 24 86 66 99 130 29 137 101 81 23 102 116 6 22 82 41 47 26 36 107 136 67 30 43 51 91
Coste: 9642936

GENERACION: 36
Mejor Solucion:  118 122 32 83 131 113 40 14 105 17 98 100 141 59 34 55 20 79 52 58 143 53 140 31 7 68 5 1 119 146 18 37 21 4 3 35 108 78 42 46 15 117 70 84 77 64 92 95 63 12 147 44 148 109 13 132 8 50 10 135 16 97 112 149 93 76 124 142 49 110 114 106 65 60 103 139 111 133 138 33 2 121 129 38 96 134 75 104 120 48 56 54 85 115 126 145 62 25 9 144 61 127 80 39 123 73 90 0 87 89 57 19 27 88 125 28 69 71 128 45 11 94 74 72 24 86 66 99 130 29 137 101 81 23 102 116 6 22 82 41 47 26 36 107 136 67 30 43 51 91
Coste: 9642936

GENERACION: 37
Mejor Solucion:  118 122 32 83 131 113 40 14 105 17 98 100 141 59 34 55 20 79 52 58 143 53 140 31 7 68 5 1 119 146 18 37 21 4 3 35 108 78 42 46 15 117 70 84 77 64 92 95 63 12 147 44 148 109 13 132 8 50 10 135 16 97 112 149 93 76 124 142 49 110 114 106 65 60 103 139 111 133 138 33 2 121 129 38 96 134 75 104 120 48 56 54 85 115 126 145 62 25 9 144 61 127 80 39 123 73 90 0 87 89 57 19 27 88 125 28 69 71 128 45 11 94 74 72 24 86 66 99 130 29 137 101 81 23 102 116 6 22 82 41 47 26 36 107 136 67 30 43 51 91
Coste: 9642936

GENERACION: 38
Mejor Solucion:  118 122 32 83 131 113 40 14 105 17 98 100 141 59 34 55 20 79 52 58 143 53 140 31 7 68 5 1 119 146 18 37 21 4 3 35 108 78 42 46 15 117 70 84 77 64 92 95 63 12 147 44 148 109 13 132 8 50 10 135 16 97 112 149 93 76 124 142 49 110 114 106 65 60 103 139 111 133 138 33 2 121 129 38 96 134 75 104 120 48 56 54 85 115 126 145 62 25 9 144 61 127 80 39 123 73 90 0 87 89 57 19 27 88 125 28 69 71 128 45 11 94 74 72 24 86 66 99 130 29 137 101 81 23 102 116 6 22 82 41 47 26 36 107 136 67 30 43 51 91
Coste: 9642936

GENERACION: 39
Mejor Solucion:  118 122 32 83 131 113 40 14 105 17 98 100 141 59 34 55 20 79 52 58 143 53 140 31 7 68 5 1 119 146 18 37 21 4 3 35 108 78 42 46 15 117 70 84 77 64 92 95 63 12 147 44 148 109 13 132 8 50 10 135 16 97 112 149 93 76 124 142 49 110 114 106 65 60 103 139 111 133 138 33 2 121 129 38 96 134 75 104 120 48 56 54 85 115 126 145 62 25 9 144 61 127 80 39 123 73 90 0 87 89 57 19 27 88 125 28 69 71 128 45 11 94 74 72 24 86 66 99 130 29 137 101 81 23 102 116 6 22 82 41 47 26 36 107 136 67 30 43 51 91
Coste: 9642936

GENERACION: 40
Mejor Solucion:  118 122 32 83 131 113 40 14 105 17 98 100 141 59 34 55 20 79 52 58 143 53 140 31 7 68 5 1 119 146 18 37 21 4 3 35 108 78 42 46 15 117 70 84 77 64 92 95 63 12 147 44 148 109 13 132 8 50 10 135 16 97 112 149 93 76 124 142 49 110 114 106 65 60 103 139 111 133 138 33 2 121 129 38 96 134 75 104 120 48 56 54 85 115 126 145 62 25 9 144 61 127 80 39 123 73 90 0 87 89 57 19 27 88 125 28 69 71 128 45 11 94 74 72 24 86 66 99 130 29 137 101 81 23 102 116 6 22 82 41 47 26 36 107 136 67 30 43 51 91
Coste: 9642936

GENERACION: 41
Mejor Solucion:  118 122 32 83 131 113 40 14 105 17 98 100 141 59 34 55 20 79 52 58 143 53 140 31 7 68 5 1 119 146 18 37 21 4 3 35 108 78 42 46 15 117 70 84 77 64 92 95 63 12 147 44 148 109 13 132 8 50 10 135 16 97 112 149 93 76 124 142 49 110 114 106 65 60 103 139 111 133 138 33 2 121 129 38 96 134 75 104 120 48 56 54 85 115 126 145 62 25 9 144 61 127 80 39 123 73 90 0 87 89 57 19 27 88 125 28 69 71 128 45 11 94 74 72 24 86 66 99 130 29 137 101 81 23 102 116 6 22 82 41 47 26 36 107 136 67 30 43 51 91
Coste: 9642936

GENERACION: 42
Mejor Solucion:  118 122 32 83 131 113 40 14 105 17 98 100 141 59 34 55 20 79 52 58 143 53 140 31 7 68 5 1 119 146 18 37 21 4 3 35 108 78 42 46 15 117 70 84 77 64 92 95 63 12 147 44 148 109 13 132 8 50 10 135 16 97 112 149 93 76 124 142 49 110 114 106 65 60 103 139 111 133 138 33 2 121 129 38 96 134 75 104 120 48 56 54 85 115 126 145 62 25 9 144 61 127 80 39 123 73 90 0 87 89 57 19 27 88 125 28 69 71 128 45 11 94 74 72 24 86 66 99 130 29 137 101 81 23 102 116 6 22 82 41 47 26 36 107 136 67 30 43 51 91
Coste: 9642936

GENERACION: 43
Mejor Solucion:  118 122 32 83 131 113 40 14 105 17 98 100 141 59 34 55 20 79 52 58 143 53 140 31 7 68 5 1 119 146 18 37 21 4 3 35 108 78 42 46 15 117 70 84 77 64 92 95 63 12 147 44 148 109 13 132 8 50 10 135 16 97 112 149 93 76 124 142 49 110 114 106 65 60 103 139 111 133 138 33 2 121 129 38 96 134 75 104 120 48 56 54 85 115 126 145 62 25 9 144 61 127 80 39 123 73 90 0 87 89 57 19 27 88 125 28 69 71 128 45 11 94 74 72 24 86 66 99 130 29 137 101 81 23 102 116 6 22 82 41 47 26 36 107 136 67 30 43 51 91
Coste: 9642936

GENERACION: 44
Mejor Solucion:  118 122 32 83 131 113 40 14 105 17 98 100 141 59 34 55 20 79 52 58 143 53 140 31 7 68 5 1 119 146 18 37 21 4 3 35 108 78 42 46 15 117 70 84 77 64 92 95 63 12 147 44 148 109 13 132 8 50 10 135 16 97 112 149 93 76 124 142 49 110 114 106 65 60 103 139 111 133 138 33 2 121 129 38 96 134 75 104 120 48 56 54 85 115 126 145 62 25 9 144 61 127 80 39 123 73 90 0 87 89 57 19 27 88 125 28 69 71 128 45 11 94 74 72 24 86 66 99 130 29 137 101 81 23 102 116 6 22 82 41 47 26 36 107 136 67 30 43 51 91
Coste: 9642936

GENERACION: 45
Mejor Solucion:  122 107 56 91 144 103 81 61 73 93 148 11 64 92 14 63 12 52 9 89 41 79 132 27 101 138 112 98 8 70 114 5 95 58 65 66 45 77 96 29 19 25 110 16 35 36 15 62 53 37 90 146 44 76 31 38 6 69 3 86 50 30 0 141 68 111 10 46 43 115 145 106 100 78 87 28 2 33 85 60 128 117 139 126 24 71 134 13 104 4 1 127 82 39 57 143 121 147 94 113 48 88 125 129 42 51 123 74 54 105 133 99 130 26 108 75 49 23 102 116 97 109 140 47 131 21 55 149 83 20 142 84 119 136 80 17 118 72 18 22 67 59 135 124 40 7 34 32 137 120
Coste: 9532167

GENERACION: 46
Mejor Solucion:  122 107 56 91 144 103 81 61 73 93 148 11 64 92 14 63 12 52 9 89 41 79 132 27 101 138 112 98 8 70 114 5 95 58 65 66 45 77 96 29 19 25 110 16 35 36 15 62 53 37 90 146 44 76 31 38 6 69 3 86 50 30 0 141 68 111 10 46 43 115 145 106 100 78 87 28 2 33 85 60 128 117 139 126 24 71 134 13 104 4 1 127 82 39 57 143 121 147 94 113 48 88 125 129 42 51 123 74 54 105 133 99 130 26 108 75 49 23 102 116 97 109 140 47 131 21 55 149 83 20 142 84 119 136 80 17 118 72 18 22 67 59 135 124 40 7 34 32 137 120
Coste: 9532167

GENERACION: 47
Mejor Solucion:  122 107 56 91 144 103 81 61 73 93 148 11 64 92 14 63 12 52 9 89 41 79 132 27 101 138 112 98 8 70 114 5 95 58 65 66 45 77 96 29 19 25 110 16 35 36 15 62 53 37 90 146 44 76 31 38 6 69 3 86 50 30 0 141 68 111 10 46 43 115 145 106 100 78 87 28 2 33 85 60 128 117 139 126 24 71 134 13 104 4 1 127 82 39 57 143 121 147 94 113 48 88 125 129 42 51 123 74 54 105 133 99 130 26 108 75 49 23 102 116 97 109 140 47 131 21 55 149 83 20 142 84 119 136 80 17 118 72 18 22 67 59 135 124 40 7 34 32 137 120
Coste: 9532167

GENERACION: 48
Mejor Solucion:  122 107 56 91 144 103 81 61 73 93 148 11 64 92 14 63 12 52 9 89 41 79 132 27 101 138 112 98 8 70 114 5 95 58 65 66 45 77 96 29 19 25 110 16 35 36 15 62 53 37 90 146 44 76 31 38 6 69 3 86 50 30 0 141 68 111 10 46 43 115 145 106 100 78 87 28 2 33 85 60 128 117 139 126 24 71 134 13 104 4 1 127 82 39 57 143 121 147 94 113 48 88 125 129 42 51 123 74 54 105 133 99 130 26 108 75 49 23 102 116 97 109 140 47 131 21 55 149 83 20 142 84 119 136 80 17 118 72 18 22 67 59 135 124 40 7 34 32 137 120
Coste: 9532167

GENERACION: 49
Mejor Solucion:  122 107 56 91 144 103 81 61 73 93 148 11 64 92 14 63 12 52 9 89 41 79 132 27 101 138 112 98 8 70 114 5 95 58 65 66 45 77 96 29 19 25 110 16 35 36 15 62 53 37 90 146 44 76 31 38 6 69 3 86 50 30 0 141 68 111 10 46 43 115 145 106 100 78 87 28 2 33 85 60 128 117 139 126 24 71 134 13 104 4 1 127 82 39 57 143 121 147 94 113 48 88 125 129 42 51 123 74 54 105 133 99 130 26 108 75 49 23 102 116 97 109 140 47 131 21 55 149 83 20 142 84 119 136 80 17 118 72 18 22 67 59 135 124 40 7 34 32 137 120
Coste: 9532167

GENERACION: 50
Mejor Solucion:  122 107 56 91 144 103 81 61 73 93 148 11 64 92 14 63 12 52 9 89 41 79 132 27 101 138 112 98 8 70 114 5 95 58 65 66 45 77 96 29 19 25 110 16 35 36 15 62 53 37 90 146 44 76 31 38 6 69 3 86 50 30 0 141 68 111 10 46 43 115 145 106 100 78 87 28 2 33 85 60 128 117 139 126 24 71 134 13 104 4 1 127 82 39 57 143 121 147 94 113 48 88 125 129 42 51 123 74 54 105 133 99 130 26 108 75 49 23 102 116 97 109 140 47 131 21 55 149 83 20 142 84 119 136 80 17 118 72 18 22 67 59 135 124 40 7 34 32 137 120
Coste: 9532167

GENERACION: 51
Mejor Solucion:  122 107 56 91 144 103 81 61 73 93 148 11 64 92 14 63 12 52 9 89 41 79 132 27 101 138 112 98 8 70 114 5 95 58 65 66 45 77 96 29 19 25 110 16 35 36 15 62 53 37 90 146 44 76 31 38 6 69 3 86 50 30 0 141 68 111 10 46 43 115 145 106 100 78 87 28 2 33 85 60 128 117 139 126 24 71 134 13 104 4 1 127 82 39 57 143 121 147 94 113 48 88 125 129 42 51 123 74 54 105 133 99 130 26 108 75 49 23 102 116 97 109 140 47 131 21 55 149 83 20 142 84 119 136 80 17 118 72 18 22 67 59 135 124 40 7 34 32 137 120
Coste: 9532167

GENERACION: 52
Mejor Solucion:  122 107 56 91 144 103 81 61 73 93 148 11 64 92 14 63 12 52 9 89 41 79 132 27 101 138 112 98 8 70 114 5 95 58 65 66 45 77 96 29 19 25 110 16 35 36 15 62 53 37 90 146 44 76 31 38 6 69 3 86 50 30 0 141 68 111 10 46 43 115 145 106 100 78 87 28 2 33 85 60 128 117 139 126 24 71 134 13 104 4 1 127 82 39 57 143 121 147 94 113 48 88 125 129 42 51 123 74 54 105 133 99 130 26 108 75 49 23 102 116 97 109 140 47 131 21 55 149 83 20 142 84 119 136 80 17 118 72 18 22 67 59 135 124 40 7 34 32 137 120
Coste: 9532167

GENERACION: 53
Mejor Solucion:  122 107 56 91 144 103 81 61 73 93 148 11 64 92 14 63 12 52 9 89 41 79 132 27 101 138 112 98 8 70 114 5 95 58 65 66 45 77 96 29 19 25 110 16 35 36 15 62 53 37 90 146 44 76 31 38 6 69 3 86 50 30 0 141 68 111 10 46 43 115 145 106 100 78 87 28 2 33 85 60 128 117 139 126 24 71 134 13 104 4 1 127 82 39 57 143 121 147 94 113 48 88 125 129 42 51 123 74 54 105 133 99 130 26 108 75 49 23 102 116 97 109 140 47 131 21 55 149 83 20 142 84 119 136 80 17 118 72 18 22 67 59 135 124 40 7 34 32 137 120
Coste: 9532167

GENERACION: 54
Mejor Solucion:  122 107 56 91 144 103 81 61 73 93 148 11 64 92 14 63 12 52 9 89 41 79 132 27 101 138 112 98 8 70 114 5 95 58 65 66 45 77 96 29 19 25 110 16 35 36 15 62 53 37 90 146 44 76 31 38 6 69 3 86 50 30 0 141 68 111 10 46 43 115 145 106 100 78 87 28 2 33 85 60 128 117 139 126 24 71 134 13 104 4 1 127 82 39 57 143 121 147 94 113 48 88 125 129 42 51 123 74 54 105 133 99 130 26 108 75 49 23 102 116 97 109 140 47 131 21 55 149 83 20 142 84 119 136 80 17 118 72 18 22 67 59 135 124 40 7 34 32 137 120
Coste: 9532167

GENERACION: 55
Mejor Solucion:  122 107 56 91 144 103 81 61 73 93 148 11 64 92 14 63 12 52 9 89 41 79 132 27 101 138 112 98 8 70 114 5 95 58 65 66 45 77 96 29 19 25 110 16 35 36 15 62 53 37 90 146 44 76 31 38 6 69 3 86 50 30 0 141 68 111 10 46 43 115 145 106 100 78 87 28 2 33 85 60 128 117 139 126 24 71 134 13 104 4 1 127 82 39 57 143 121 147 94 113 48 88 125 129 42 51 123 74 54 105 133 99 130 26 108 75 49 23 102 116 97 109 140 47 131 21 55 149 83 20 142 84 119 136 80 17 118 72 18 22 67 59 135 124 40 7 34 32 137 120
Coste: 9532167

GENERACION: 56
Mejor Solucion:  122 107 56 91 144 103 81 61 73 93 148 11 64 92 14 63 12 52 9 89 41 79 132 27 101 138 112 98 8 70 114 5 95 58 65 66 45 77 96 29 19 25 110 16 35 36 15 62 53 37 90 146 44 76 31 38 6 69 3 86 50 30 0 141 68 111 10 46 43 115 145 106 100 78 87 28 2 33 85 60 128 117 139 126 24 71 134 13 104 4 1 127 82 39 57 143 121 147 94 113 48 88 125 129 42 51 123 74 54 105 133 99 130 26 108 75 49 23 102 116 97 109 140 47 131 21 55 149 83 20 142 84 119 136 80 17 118 72 18 22 67 59 135 124 40 7 34 32 137 120
Coste: 9532167

GENERACION: 57
Mejor Solucion:  122 107 56 91 144 103 81 61 73 93 148 11 64 92 14 63 12 52 9 89 41 79 132 27 101 138 112 98 8 70 114 5 95 58 65 66 45 77 96 29 19 25 110 16 35 36 15 62 53 37 90 146 44 76 31 38 6 69 3 86 50 30 0 141 68 111 10 46 43 115 145 106 100 78 87 28 2 33 85 60 128 117 139 126 24 71 134 13 104 4 1 127 82 39 57 143 121 147 94 113 48 88 125 129 42 51 123 74 54 105 133 99 130 26 108 75 49 23 102 116 97 109 140 47 131 21 55 149 83 20 142 84 119 136 80 17 118 72 18 22 67 59 135 124 40 7 34 32 137 120
Coste: 9532167

GENERACION: 58
Mejor Solucion:  122 107 56 91 144 103 81 61 73 93 148 11 64 92 14 63 12 52 9 89 41 79 132 27 101 138 112 98 8 70 114 5 95 58 65 66 45 77 96 29 19 25 110 16 35 36 15 62 53 37 90 146 44 76 31 38 6 69 3 86 50 30 0 141 68 111 10 46 43 115 145 106 100 78 87 28 2 33 85 60 128 117 139 126 24 71 134 13 104 4 1 127 82 39 57 143 121 147 94 113 48 88 125 129 42 51 123 74 54 105 133 99 130 26 108 75 49 23 102 116 97 109 140 47 131 21 55 149 83 20 142 84 119 136 80 17 118 72 18 22 67 59 135 124 40 7 34 32 137 120
Coste: 9532167

GENERACION: 59
Mejor Solucion:  122 107 56 91 144 103 81 61 73 93 148 11 64 92 14 63 12 52 9 89 41 79 132 27 101 138 112 98 8 70 114 5 95 58 65 66 45 77 96 29 19 25 110 16 35 36 15 62 53 37 90 146 44 76 31 38 6 69 3 86 50 30 0 141 68 111 10 46 43 115 145 106 100 78 87 28 2 33 85 60 128 117 139 126 24 71 134 13 104 4 1 127 82 39 57 143 121 147 94 113 48 88 125 129 42 51 123 74 54 105 133 99 130 26 108 75 49 23 102 116 97 109 140 47 131 21 55 149 83 20 142 84 119 136 80 17 118 72 18 22 67 59 135 124 40 7 34 32 137 120
Coste: 9532167

