GENERACION: 1
Mejor Solucion:  19 63 61 56 105 43 98 101 134 121 88 16 130 123 24 87 59 125 118 107 93 27 148 109 81 34 143 80 41 126 91 110 8 119 37 57 13 114 128 22 132 116 70 131 89 26 45 11 90 38 140 102 136 50 100 14 5 111 72 108 64 84 144 85 127 83 115 124 133 117 97 74 4 0 122 149 60 75 29 18 12 58 7 129 137 66 23 146 79 6 33 77 145 30 99 113 25 96 2 39 106 147 21 94 32 48 76 69 67 104 92 55 51 54 141 53 47 73 36 68 44 142 10 135 138 62 52 15 95 82 139 20 42 86 1 17 103 46 31 49 28 9 120 65 35 3 71 78 40 112
Coste: 9595358

GENERACION: 2
Mejor Solucion:  19 63 61 56 105 43 98 101 134 121 88 16 130 123 24 87 59 125 118 107 93 27 148 109 81 34 143 80 41 126 91 110 8 119 37 57 13 114 128 22 132 116 70 131 89 26 45 11 90 38 140 102 136 50 100 14 5 111 72 108 64 84 144 85 127 83 115 124 133 117 97 74 4 0 122 149 60 75 29 18 12 58 7 129 137 66 23 146 79 6 33 77 145 30 99 113 25 96 2 39 106 147 21 94 32 48 76 69 67 104 92 55 51 54 141 53 47 73 36 68 44 142 10 135 138 62 52 15 95 82 139 20 42 86 1 17 103 46 31 49 28 9 120 65 35 3 71 78 40 112
Coste: 9595358

GENERACION: 3
Mejor Solucion:  19 63 61 56 105 43 98 101 134 121 88 16 130 123 24 87 59 125 118 107 93 27 148 109 81 34 143 80 41 126 91 110 8 119 37 57 13 114 128 22 132 116 70 131 89 26 45 11 90 38 140 102 136 50 100 14 5 111 72 108 64 84 144 85 127 83 115 124 133 117 97 74 4 0 122 149 60 75 29 18 12 58 7 129 137 66 23 146 79 6 33 77 145 30 99 113 25 96 2 39 106 147 21 94 32 48 76 69 67 104 92 55 51 54 141 53 47 73 36 68 44 142 10 135 138 62 52 15 95 82 139 20 42 86 1 17 103 46 31 49 28 9 120 65 35 3 71 78 40 112
Coste: 9595358

GENERACION: 4
Mejor Solucion:  19 63 61 56 105 43 98 101 134 121 88 16 130 123 24 87 59 125 118 107 93 27 148 109 81 34 143 80 41 126 91 110 8 119 37 57 13 114 128 22 132 116 70 131 89 26 45 11 90 38 140 102 136 50 100 14 5 111 72 108 64 84 144 85 127 83 115 124 133 117 97 74 4 0 122 149 60 75 29 18 12 58 7 129 137 66 23 146 79 6 33 77 145 30 99 113 25 96 2 39 106 147 21 94 32 48 76 69 67 104 92 55 51 54 141 53 47 73 36 68 44 142 10 135 138 62 52 15 95 82 139 20 42 86 1 17 103 46 31 49 28 9 120 65 35 3 71 78 40 112
Coste: 9595358

GENERACION: 5
Mejor Solucion:  19 63 61 56 105 43 98 101 134 121 88 16 130 123 24 87 59 125 118 107 93 27 148 109 81 34 143 80 41 126 91 110 8 119 37 57 13 114 128 22 132 116 70 131 89 26 45 11 90 38 140 102 136 50 100 14 5 111 72 108 64 84 144 85 127 83 115 124 133 117 97 74 4 0 122 149 60 75 29 18 12 58 7 129 137 66 23 146 79 6 33 77 145 30 99 113 25 96 2 39 106 147 21 94 32 48 76 69 67 104 92 55 51 54 141 53 47 73 36 68 44 142 10 135 138 62 52 15 95 82 139 20 42 86 1 17 103 46 31 49 28 9 120 65 35 3 71 78 40 112
Coste: 9595358

GENERACION: 6
Mejor Solucion:  19 63 61 56 105 43 98 101 134 121 88 16 130 123 24 87 59 125 118 107 93 27 148 109 81 34 143 80 41 126 91 110 8 119 37 57 13 114 128 22 132 116 70 131 89 26 45 11 90 38 140 102 136 50 100 14 5 111 72 108 64 84 144 85 127 83 115 124 133 117 97 74 4 0 122 149 60 75 29 18 12 58 7 129 137 66 23 146 79 6 33 77 145 30 99 113 25 96 2 39 106 147 21 94 32 48 76 69 67 104 92 55 51 54 141 53 47 73 36 68 44 142 10 135 138 62 52 15 95 82 139 20 42 86 1 17 103 46 31 49 28 9 120 65 35 3 71 78 40 112
Coste: 9595358

GENERACION: 7
Mejor Solucion:  19 63 61 56 105 43 98 101 134 121 88 16 130 123 24 87 59 125 118 107 93 27 148 109 81 34 143 80 41 126 91 110 8 119 37 57 13 114 128 22 132 116 70 131 89 26 45 11 90 38 140 102 136 50 100 14 5 111 72 108 64 84 144 85 127 83 115 124 133 117 97 74 4 0 122 149 60 75 29 18 12 58 7 129 137 66 23 146 79 6 33 77 145 30 99 113 25 96 2 39 106 147 21 94 32 48 76 69 67 104 92 55 51 54 141 53 47 73 36 68 44 142 10 135 138 62 52 15 95 82 139 20 42 86 1 17 103 46 31 49 28 9 120 65 35 3 71 78 40 112
Coste: 9595358

GENERACION: 8
Mejor Solucion:  19 63 61 56 105 43 98 101 134 121 88 16 130 123 24 87 59 125 118 107 93 27 148 109 81 34 143 80 41 126 91 110 8 119 37 57 13 114 128 22 132 116 70 131 89 26 45 11 90 38 140 102 136 50 100 14 5 111 72 108 64 84 144 85 127 83 115 124 133 117 97 74 4 0 122 149 60 75 29 18 12 58 7 129 137 66 23 146 79 6 33 77 145 30 99 113 25 96 2 39 106 147 21 94 32 48 76 69 67 104 92 55 51 54 141 53 47 73 36 68 44 142 10 135 138 62 52 15 95 82 139 20 42 86 1 17 103 46 31 49 28 9 120 65 35 3 71 78 40 112
Coste: 9595358

GENERACION: 9
Mejor Solucion:  19 63 61 56 105 43 98 101 134 121 88 16 130 123 24 87 59 125 118 107 93 27 148 109 81 34 143 80 41 126 91 110 8 119 37 57 13 114 128 22 132 116 70 131 89 26 45 11 90 38 140 102 136 50 100 14 5 111 72 108 64 84 144 85 127 83 115 124 133 117 97 74 4 0 122 149 60 75 29 18 12 58 7 129 137 66 23 146 79 6 33 77 145 30 99 113 25 96 2 39 106 147 21 94 32 48 76 69 67 104 92 55 51 54 141 53 47 73 36 68 44 142 10 135 138 62 52 15 95 82 139 20 42 86 1 17 103 46 31 49 28 9 120 65 35 3 71 78 40 112
Coste: 9595358

GENERACION: 10
Mejor Solucion:  19 63 61 56 105 43 98 101 134 121 88 16 130 123 24 87 59 125 118 107 93 27 148 109 81 34 143 80 41 126 91 110 8 119 37 57 13 114 128 22 132 116 70 131 89 26 45 11 90 38 140 102 136 50 100 14 5 111 72 108 64 84 144 85 127 83 115 124 133 117 97 74 4 0 122 149 60 75 29 18 12 58 7 129 137 66 23 146 79 6 33 77 145 30 99 113 25 96 2 39 106 147 21 94 32 48 76 69 67 104 92 55 51 54 141 53 47 73 36 68 44 142 10 135 138 62 52 15 95 82 139 20 42 86 1 17 103 46 31 49 28 9 120 65 35 3 71 78 40 112
Coste: 9595358

GENERACION: 11
Mejor Solucion:  19 63 61 56 105 43 98 101 134 121 88 16 130 123 24 87 59 125 118 107 93 27 148 109 81 34 143 80 41 126 91 110 8 119 37 57 13 114 128 22 132 116 70 131 89 26 45 11 90 38 140 102 136 50 100 14 5 111 72 108 64 84 144 85 127 83 115 124 133 117 97 74 4 0 122 149 60 75 29 18 12 58 7 129 137 66 23 146 79 6 33 77 145 30 99 113 25 96 2 39 106 147 21 94 32 48 76 69 67 104 92 55 51 54 141 53 47 73 36 68 44 142 10 135 138 62 52 15 95 82 139 20 42 86 1 17 103 46 31 49 28 9 120 65 35 3 71 78 40 112
Coste: 9595358

GENERACION: 12
Mejor Solucion:  19 63 61 56 105 43 98 101 134 121 88 16 130 123 24 87 59 125 118 107 93 27 148 109 81 34 143 80 41 126 91 110 8 119 37 57 13 114 128 22 132 116 70 131 89 26 45 11 90 38 140 102 136 50 100 14 5 111 72 108 64 84 144 85 127 83 115 124 133 117 97 74 4 0 122 149 60 75 29 18 12 58 7 129 137 66 23 146 79 6 33 77 145 30 99 113 25 96 2 39 106 147 21 94 32 48 76 69 67 104 92 55 51 54 141 53 47 73 36 68 44 142 10 135 138 62 52 15 95 82 139 20 42 86 1 17 103 46 31 49 28 9 120 65 35 3 71 78 40 112
Coste: 9595358

GENERACION: 13
Mejor Solucion:  19 63 61 56 105 43 98 101 134 121 88 16 130 123 24 87 59 125 118 107 93 27 148 109 81 34 143 80 41 126 91 110 8 119 37 57 13 114 128 22 132 116 70 131 89 26 45 11 90 38 140 102 136 50 100 14 5 111 72 108 64 84 144 85 127 83 115 124 133 117 97 74 4 0 122 149 60 75 29 18 12 58 7 129 137 66 23 146 79 6 33 77 145 30 99 113 25 96 2 39 106 147 21 94 32 48 76 69 67 104 92 55 51 54 141 53 47 73 36 68 44 142 10 135 138 62 52 15 95 82 139 20 42 86 1 17 103 46 31 49 28 9 120 65 35 3 71 78 40 112
Coste: 9595358

GENERACION: 14
Mejor Solucion:  19 63 61 56 105 43 98 101 134 121 88 16 130 123 24 87 59 125 118 107 93 27 148 109 81 34 143 80 41 126 91 110 8 119 37 57 13 114 128 22 132 116 70 131 89 26 45 11 90 38 140 102 136 50 100 14 5 111 72 108 64 84 144 85 127 83 115 124 133 117 97 74 4 0 122 149 60 75 29 18 12 58 7 129 137 66 23 146 79 6 33 77 145 30 99 113 25 96 2 39 106 147 21 94 32 48 76 69 67 104 92 55 51 54 141 53 47 73 36 68 44 142 10 135 138 62 52 15 95 82 139 20 42 86 1 17 103 46 31 49 28 9 120 65 35 3 71 78 40 112
Coste: 9595358

GENERACION: 15
Mejor Solucion:  19 63 61 56 105 43 98 101 134 121 88 16 130 123 24 87 59 125 118 107 93 27 148 109 81 34 143 80 41 126 91 110 8 119 37 57 13 114 128 22 132 116 70 131 89 26 45 11 90 38 140 102 136 50 100 14 5 111 72 108 64 84 144 85 127 83 115 124 133 117 97 74 4 0 122 149 60 75 29 18 12 58 7 129 137 66 23 146 79 6 33 77 145 30 99 113 25 96 2 39 106 147 21 94 32 48 76 69 67 104 92 55 51 54 141 53 47 73 36 68 44 142 10 135 138 62 52 15 95 82 139 20 42 86 1 17 103 46 31 49 28 9 120 65 35 3 71 78 40 112
Coste: 9595358

GENERACION: 16
Mejor Solucion:  19 63 61 56 105 43 98 101 134 121 88 16 130 123 24 87 59 125 118 107 93 27 148 109 81 34 143 80 41 126 91 110 8 119 37 57 13 114 128 22 132 116 70 131 89 26 45 11 90 38 140 102 136 50 100 14 5 111 72 108 64 84 144 85 127 83 115 124 133 117 97 74 4 0 122 149 60 75 29 18 12 58 7 129 137 66 23 146 79 6 33 77 145 30 99 113 25 96 2 39 106 147 21 94 32 48 76 69 67 104 92 55 51 54 141 53 47 73 36 68 44 142 10 135 138 62 52 15 95 82 139 20 42 86 1 17 103 46 31 49 28 9 120 65 35 3 71 78 40 112
Coste: 9595358

GENERACION: 17
Mejor Solucion:  19 63 61 56 105 43 98 101 134 121 88 16 130 123 24 87 59 125 118 107 93 27 148 109 81 34 143 80 41 126 91 110 8 119 37 57 13 114 128 22 132 116 70 131 89 26 45 11 90 38 140 102 136 50 100 14 5 111 72 108 64 84 144 85 127 83 115 124 133 117 97 74 4 0 122 149 60 75 29 18 12 58 7 129 137 66 23 146 79 6 33 77 145 30 99 113 25 96 2 39 106 147 21 94 32 48 76 69 67 104 92 55 51 54 141 53 47 73 36 68 44 142 10 135 138 62 52 15 95 82 139 20 42 86 1 17 103 46 31 49 28 9 120 65 35 3 71 78 40 112
Coste: 9595358

GENERACION: 18
Mejor Solucion:  19 63 61 56 105 43 98 101 134 121 88 16 130 123 24 87 59 125 118 107 93 27 148 109 81 34 143 80 41 126 91 110 8 119 37 57 13 114 128 22 132 116 70 131 89 26 45 11 90 38 140 102 136 50 100 14 5 111 72 108 64 84 144 85 127 83 115 124 133 117 97 74 4 0 122 149 60 75 29 18 12 58 7 129 137 66 23 146 79 6 33 77 145 30 99 113 25 96 2 39 106 147 21 94 32 48 76 69 67 104 92 55 51 54 141 53 47 73 36 68 44 142 10 135 138 62 52 15 95 82 139 20 42 86 1 17 103 46 31 49 28 9 120 65 35 3 71 78 40 112
Coste: 9595358

GENERACION: 19
Mejor Solucion:  19 63 61 56 105 43 98 101 134 121 88 16 130 123 24 87 59 125 118 107 93 27 148 109 81 34 143 80 41 126 91 110 8 119 37 57 13 114 128 22 132 116 70 131 89 26 45 11 90 38 140 102 136 50 100 14 5 111 72 108 64 84 144 85 127 83 115 124 133 117 97 74 4 0 122 149 60 75 29 18 12 58 7 129 137 66 23 146 79 6 33 77 145 30 99 113 25 96 2 39 106 147 21 94 32 48 76 69 67 104 92 55 51 54 141 53 47 73 36 68 44 142 10 135 138 62 52 15 95 82 139 20 42 86 1 17 103 46 31 49 28 9 120 65 35 3 71 78 40 112
Coste: 9595358

GENERACION: 20
Mejor Solucion:  19 63 61 56 105 43 98 101 134 121 88 16 130 123 24 87 59 125 118 107 93 27 148 109 81 34 143 80 41 126 91 110 8 119 37 57 13 114 128 22 132 116 70 131 89 26 45 11 90 38 140 102 136 50 100 14 5 111 72 108 64 84 144 85 127 83 115 124 133 117 97 74 4 0 122 149 60 75 29 18 12 58 7 129 137 66 23 146 79 6 33 77 145 30 99 113 25 96 2 39 106 147 21 94 32 48 76 69 67 104 92 55 51 54 141 53 47 73 36 68 44 142 10 135 138 62 52 15 95 82 139 20 42 86 1 17 103 46 31 49 28 9 120 65 35 3 71 78 40 112
Coste: 9595358

GENERACION: 21
Mejor Solucion:  19 63 61 56 105 43 98 101 134 121 88 16 130 123 24 87 59 125 118 107 93 27 148 109 81 34 143 80 41 126 91 110 8 119 37 57 13 114 128 22 132 116 70 131 89 26 45 11 90 38 140 102 136 50 100 14 5 111 72 108 64 84 144 85 127 83 115 124 133 117 97 74 4 0 122 149 60 75 29 18 12 58 7 129 137 66 23 146 79 6 33 77 145 30 99 113 25 96 2 39 106 147 21 94 32 48 76 69 67 104 92 55 51 54 141 53 47 73 36 68 44 142 10 135 138 62 52 15 95 82 139 20 42 86 1 17 103 46 31 49 28 9 120 65 35 3 71 78 40 112
Coste: 9595358

GENERACION: 22
Mejor Solucion:  19 63 61 56 105 43 98 101 134 121 88 16 130 123 24 87 59 125 118 107 93 27 148 109 81 34 143 80 41 126 91 110 8 119 37 57 13 114 128 22 132 116 70 131 89 26 45 11 90 38 140 102 136 50 100 14 5 111 72 108 64 84 144 85 127 83 115 124 133 117 97 74 4 0 122 149 60 75 29 18 12 58 7 129 137 66 23 146 79 6 33 77 145 30 99 113 25 96 2 39 106 147 21 94 32 48 76 69 67 104 92 55 51 54 141 53 47 73 36 68 44 142 10 135 138 62 52 15 95 82 139 20 42 86 1 17 103 46 31 49 28 9 120 65 35 3 71 78 40 112
Coste: 9595358

GENERACION: 23
Mejor Solucion:  19 63 61 56 105 43 98 101 134 121 88 16 130 123 24 87 59 125 118 107 93 27 148 109 81 34 143 80 41 126 91 110 8 119 37 57 13 114 128 22 132 116 70 131 89 26 45 11 90 38 140 102 136 50 100 14 5 111 72 108 64 84 144 85 127 83 115 124 133 117 97 74 4 0 122 149 60 75 29 18 12 58 7 129 137 66 23 146 79 6 33 77 145 30 99 113 25 96 2 39 106 147 21 94 32 48 76 69 67 104 92 55 51 54 141 53 47 73 36 68 44 142 10 135 138 62 52 15 95 82 139 20 42 86 1 17 103 46 31 49 28 9 120 65 35 3 71 78 40 112
Coste: 9595358

GENERACION: 24
Mejor Solucion:  19 63 61 56 105 43 98 101 134 121 88 16 130 123 24 87 59 125 118 107 93 27 148 109 81 34 143 80 41 126 91 110 8 119 37 57 13 114 128 22 132 116 70 131 89 26 45 11 90 38 140 102 136 50 100 14 5 111 72 108 64 84 144 85 127 83 115 124 133 117 97 74 4 0 122 149 60 75 29 18 12 58 7 129 137 66 23 146 79 6 33 77 145 30 99 113 25 96 2 39 106 147 21 94 32 48 76 69 67 104 92 55 51 54 141 53 47 73 36 68 44 142 10 135 138 62 52 15 95 82 139 20 42 86 1 17 103 46 31 49 28 9 120 65 35 3 71 78 40 112
Coste: 9595358

GENERACION: 25
Mejor Solucion:  19 63 61 56 105 43 98 101 134 121 88 16 130 123 24 87 59 125 118 107 93 27 148 109 81 34 143 80 41 126 91 110 8 119 37 57 13 114 128 22 132 116 70 131 89 26 45 11 90 38 140 102 136 50 100 14 5 111 72 108 64 84 144 85 127 83 115 124 133 117 97 74 4 0 122 149 60 75 29 18 12 58 7 129 137 66 23 146 79 6 33 77 145 30 99 113 25 96 2 39 106 147 21 94 32 48 76 69 67 104 92 55 51 54 141 53 47 73 36 68 44 142 10 135 138 62 52 15 95 82 139 20 42 86 1 17 103 46 31 49 28 9 120 65 35 3 71 78 40 112
Coste: 9595358

GENERACION: 26
Mejor Solucion:  19 63 61 56 105 43 98 101 134 121 88 16 130 123 24 87 59 125 118 107 93 27 148 109 81 34 143 80 41 126 91 110 8 119 37 57 13 114 128 22 132 116 70 131 89 26 45 11 90 38 140 102 136 50 100 14 5 111 72 108 64 84 144 85 127 83 115 124 133 117 97 74 4 0 122 149 60 75 29 18 12 58 7 129 137 66 23 146 79 6 33 77 145 30 99 113 25 96 2 39 106 147 21 94 32 48 76 69 67 104 92 55 51 54 141 53 47 73 36 68 44 142 10 135 138 62 52 15 95 82 139 20 42 86 1 17 103 46 31 49 28 9 120 65 35 3 71 78 40 112
Coste: 9595358

GENERACION: 27
Mejor Solucion:  19 63 61 56 105 43 98 101 134 121 88 16 130 123 24 87 59 125 118 107 93 27 148 109 81 34 143 80 41 126 91 110 8 119 37 57 13 114 128 22 132 116 70 131 89 26 45 11 90 38 140 102 136 50 100 14 5 111 72 108 64 84 144 85 127 83 115 124 133 117 97 74 4 0 122 149 60 75 29 18 12 58 7 129 137 66 23 146 79 6 33 77 145 30 99 113 25 96 2 39 106 147 21 94 32 48 76 69 67 104 92 55 51 54 141 53 47 73 36 68 44 142 10 135 138 62 52 15 95 82 139 20 42 86 1 17 103 46 31 49 28 9 120 65 35 3 71 78 40 112
Coste: 9595358

GENERACION: 28
Mejor Solucion:  19 63 61 56 105 43 98 101 134 121 88 16 130 123 24 87 59 125 118 107 93 27 148 109 81 34 143 80 41 126 91 110 8 119 37 57 13 114 128 22 132 116 70 131 89 26 45 11 90 38 140 102 136 50 100 14 5 111 72 108 64 84 144 85 127 83 115 124 133 117 97 74 4 0 122 149 60 75 29 18 12 58 7 129 137 66 23 146 79 6 33 77 145 30 99 113 25 96 2 39 106 147 21 94 32 48 76 69 67 104 92 55 51 54 141 53 47 73 36 68 44 142 10 135 138 62 52 15 95 82 139 20 42 86 1 17 103 46 31 49 28 9 120 65 35 3 71 78 40 112
Coste: 9595358

GENERACION: 29
Mejor Solucion:  19 63 61 56 105 43 98 101 134 121 88 16 130 123 24 87 59 125 118 107 93 27 148 109 81 34 143 80 41 126 91 110 8 119 37 57 13 114 128 22 132 116 70 131 89 26 45 11 90 38 140 102 136 50 100 14 5 111 72 108 64 84 144 85 127 83 115 124 133 117 97 74 4 0 122 149 60 75 29 18 12 58 7 129 137 66 23 146 79 6 33 77 145 30 99 113 25 96 2 39 106 147 21 94 32 48 76 69 67 104 92 55 51 54 141 53 47 73 36 68 44 142 10 135 138 62 52 15 95 82 139 20 42 86 1 17 103 46 31 49 28 9 120 65 35 3 71 78 40 112
Coste: 9595358

GENERACION: 30
Mejor Solucion:  19 63 61 56 105 43 98 101 134 121 88 16 130 123 24 87 59 125 118 107 93 27 148 109 81 34 143 80 41 126 91 110 8 119 37 57 13 114 128 22 132 116 70 131 89 26 45 11 90 38 140 102 136 50 100 14 5 111 72 108 64 84 144 85 127 83 115 124 133 117 97 74 4 0 122 149 60 75 29 18 12 58 7 129 137 66 23 146 79 6 33 77 145 30 99 113 25 96 2 39 106 147 21 94 32 48 76 69 67 104 92 55 51 54 141 53 47 73 36 68 44 142 10 135 138 62 52 15 95 82 139 20 42 86 1 17 103 46 31 49 28 9 120 65 35 3 71 78 40 112
Coste: 9595358

GENERACION: 31
Mejor Solucion:  19 63 61 56 105 43 98 101 134 121 88 16 130 123 24 87 59 125 118 107 93 27 148 109 81 34 143 80 41 126 91 110 8 119 37 57 13 114 128 22 132 116 70 131 89 26 45 11 90 38 140 102 136 50 100 14 5 111 72 108 64 84 144 85 127 83 115 124 133 117 97 74 4 0 122 149 60 75 29 18 12 58 7 129 137 66 23 146 79 6 33 77 145 30 99 113 25 96 2 39 106 147 21 94 32 48 76 69 67 104 92 55 51 54 141 53 47 73 36 68 44 142 10 135 138 62 52 15 95 82 139 20 42 86 1 17 103 46 31 49 28 9 120 65 35 3 71 78 40 112
Coste: 9595358

GENERACION: 32
Mejor Solucion:  19 63 61 56 105 43 98 101 134 121 88 16 130 123 24 87 59 125 118 107 93 27 148 109 81 34 143 80 41 126 91 110 8 119 37 57 13 114 128 22 132 116 70 131 89 26 45 11 90 38 140 102 136 50 100 14 5 111 72 108 64 84 144 85 127 83 115 124 133 117 97 74 4 0 122 149 60 75 29 18 12 58 7 129 137 66 23 146 79 6 33 77 145 30 99 113 25 96 2 39 106 147 21 94 32 48 76 69 67 104 92 55 51 54 141 53 47 73 36 68 44 142 10 135 138 62 52 15 95 82 139 20 42 86 1 17 103 46 31 49 28 9 120 65 35 3 71 78 40 112
Coste: 9595358

GENERACION: 33
Mejor Solucion:  19 63 61 56 105 43 98 101 134 121 88 16 130 123 24 87 59 125 118 107 93 27 148 109 81 34 143 80 41 126 91 110 8 119 37 57 13 114 128 22 132 116 70 131 89 26 45 11 90 38 140 102 136 50 100 14 5 111 72 108 64 84 144 85 127 83 115 124 133 117 97 74 4 0 122 149 60 75 29 18 12 58 7 129 137 66 23 146 79 6 33 77 145 30 99 113 25 96 2 39 106 147 21 94 32 48 76 69 67 104 92 55 51 54 141 53 47 73 36 68 44 142 10 135 138 62 52 15 95 82 139 20 42 86 1 17 103 46 31 49 28 9 120 65 35 3 71 78 40 112
Coste: 9595358

GENERACION: 34
Mejor Solucion:  19 63 61 56 105 43 98 101 134 121 88 16 130 123 24 87 59 125 118 107 93 27 148 109 81 34 143 80 41 126 91 110 8 119 37 57 13 114 128 22 132 116 70 131 89 26 45 11 90 38 140 102 136 50 100 14 5 111 72 108 64 84 144 85 127 83 115 124 133 117 97 74 4 0 122 149 60 75 29 18 12 58 7 129 137 66 23 146 79 6 33 77 145 30 99 113 25 96 2 39 106 147 21 94 32 48 76 69 67 104 92 55 51 54 141 53 47 73 36 68 44 142 10 135 138 62 52 15 95 82 139 20 42 86 1 17 103 46 31 49 28 9 120 65 35 3 71 78 40 112
Coste: 9595358

GENERACION: 35
Mejor Solucion:  19 63 61 56 105 43 98 101 134 121 88 16 130 123 24 87 59 125 118 107 93 27 148 109 81 34 143 80 41 126 91 110 8 119 37 57 13 114 128 22 132 116 70 131 89 26 45 11 90 38 140 102 136 50 100 14 5 111 72 108 64 84 144 85 127 83 115 124 133 117 97 74 4 0 122 149 60 75 29 18 12 58 7 129 137 66 23 146 79 6 33 77 145 30 99 113 25 96 2 39 106 147 21 94 32 48 76 69 67 104 92 55 51 54 141 53 47 73 36 68 44 142 10 135 138 62 52 15 95 82 139 20 42 86 1 17 103 46 31 49 28 9 120 65 35 3 71 78 40 112
Coste: 9595358

GENERACION: 36
Mejor Solucion:  19 63 61 56 105 43 98 101 134 121 88 16 130 123 24 87 59 125 118 107 93 27 148 109 81 34 143 80 41 126 91 110 8 119 37 57 13 114 128 22 132 116 70 131 89 26 45 11 90 38 140 102 136 50 100 14 5 111 72 108 64 84 144 85 127 83 115 124 133 117 97 74 4 0 122 149 60 75 29 18 12 58 7 129 137 66 23 146 79 6 33 77 145 30 99 113 25 96 2 39 106 147 21 94 32 48 76 69 67 104 92 55 51 54 141 53 47 73 36 68 44 142 10 135 138 62 52 15 95 82 139 20 42 86 1 17 103 46 31 49 28 9 120 65 35 3 71 78 40 112
Coste: 9595358

GENERACION: 37
Mejor Solucion:  19 63 61 56 105 43 98 101 134 121 88 16 130 123 24 87 59 125 118 107 93 27 148 109 81 34 143 80 41 126 91 110 8 119 37 57 13 114 128 22 132 116 70 131 89 26 45 11 90 38 140 102 136 50 100 14 5 111 72 108 64 84 144 85 127 83 115 124 133 117 97 74 4 0 122 149 60 75 29 18 12 58 7 129 137 66 23 146 79 6 33 77 145 30 99 113 25 96 2 39 106 147 21 94 32 48 76 69 67 104 92 55 51 54 141 53 47 73 36 68 44 142 10 135 138 62 52 15 95 82 139 20 42 86 1 17 103 46 31 49 28 9 120 65 35 3 71 78 40 112
Coste: 9595358

GENERACION: 38
Mejor Solucion:  19 63 61 56 105 43 98 101 134 121 88 16 130 123 24 87 59 125 118 107 93 27 148 109 81 34 143 80 41 126 91 110 8 119 37 57 13 114 128 22 132 116 70 131 89 26 45 11 90 38 140 102 136 50 100 14 5 111 72 108 64 84 144 85 127 83 115 124 133 117 97 74 4 0 122 149 60 75 29 18 12 58 7 129 137 66 23 146 79 6 33 77 145 30 99 113 25 96 2 39 106 147 21 94 32 48 76 69 67 104 92 55 51 54 141 53 47 73 36 68 44 142 10 135 138 62 52 15 95 82 139 20 42 86 1 17 103 46 31 49 28 9 120 65 35 3 71 78 40 112
Coste: 9595358

GENERACION: 39
Mejor Solucion:  19 63 61 56 105 43 98 101 134 121 88 16 130 123 24 87 59 125 118 107 93 27 148 109 81 34 143 80 41 126 91 110 8 119 37 57 13 114 128 22 132 116 70 131 89 26 45 11 90 38 140 102 136 50 100 14 5 111 72 108 64 84 144 85 127 83 115 124 133 117 97 74 4 0 122 149 60 75 29 18 12 58 7 129 137 66 23 146 79 6 33 77 145 30 99 113 25 96 2 39 106 147 21 94 32 48 76 69 67 104 92 55 51 54 141 53 47 73 36 68 44 142 10 135 138 62 52 15 95 82 139 20 42 86 1 17 103 46 31 49 28 9 120 65 35 3 71 78 40 112
Coste: 9595358

GENERACION: 40
Mejor Solucion:  19 63 61 56 105 43 98 101 134 121 88 16 130 123 24 87 59 125 118 107 93 27 148 109 81 34 143 80 41 126 91 110 8 119 37 57 13 114 128 22 132 116 70 131 89 26 45 11 90 38 140 102 136 50 100 14 5 111 72 108 64 84 144 85 127 83 115 124 133 117 97 74 4 0 122 149 60 75 29 18 12 58 7 129 137 66 23 146 79 6 33 77 145 30 99 113 25 96 2 39 106 147 21 94 32 48 76 69 67 104 92 55 51 54 141 53 47 73 36 68 44 142 10 135 138 62 52 15 95 82 139 20 42 86 1 17 103 46 31 49 28 9 120 65 35 3 71 78 40 112
Coste: 9595358

GENERACION: 41
Mejor Solucion:  19 63 61 56 105 43 98 101 134 121 88 16 130 123 24 87 59 125 118 107 93 27 148 109 81 34 143 80 41 126 91 110 8 119 37 57 13 114 128 22 132 116 70 131 89 26 45 11 90 38 140 102 136 50 100 14 5 111 72 108 64 84 144 85 127 83 115 124 133 117 97 74 4 0 122 149 60 75 29 18 12 58 7 129 137 66 23 146 79 6 33 77 145 30 99 113 25 96 2 39 106 147 21 94 32 48 76 69 67 104 92 55 51 54 141 53 47 73 36 68 44 142 10 135 138 62 52 15 95 82 139 20 42 86 1 17 103 46 31 49 28 9 120 65 35 3 71 78 40 112
Coste: 9595358

GENERACION: 42
Mejor Solucion:  19 63 61 56 105 43 98 101 134 121 88 16 130 123 24 87 59 125 118 107 93 27 148 109 81 34 143 80 41 126 91 110 8 119 37 57 13 114 128 22 132 116 70 131 89 26 45 11 90 38 140 102 136 50 100 14 5 111 72 108 64 84 144 85 127 83 115 124 133 117 97 74 4 0 122 149 60 75 29 18 12 58 7 129 137 66 23 146 79 6 33 77 145 30 99 113 25 96 2 39 106 147 21 94 32 48 76 69 67 104 92 55 51 54 141 53 47 73 36 68 44 142 10 135 138 62 52 15 95 82 139 20 42 86 1 17 103 46 31 49 28 9 120 65 35 3 71 78 40 112
Coste: 9595358

GENERACION: 43
Mejor Solucion:  19 63 61 56 105 43 98 101 134 121 88 16 130 123 24 87 59 125 118 107 93 27 148 109 81 34 143 80 41 126 91 110 8 119 37 57 13 114 128 22 132 116 70 131 89 26 45 11 90 38 140 102 136 50 100 14 5 111 72 108 64 84 144 85 127 83 115 124 133 117 97 74 4 0 122 149 60 75 29 18 12 58 7 129 137 66 23 146 79 6 33 77 145 30 99 113 25 96 2 39 106 147 21 94 32 48 76 69 67 104 92 55 51 54 141 53 47 73 36 68 44 142 10 135 138 62 52 15 95 82 139 20 42 86 1 17 103 46 31 49 28 9 120 65 35 3 71 78 40 112
Coste: 9595358

GENERACION: 44
Mejor Solucion:  19 63 61 56 105 43 98 101 134 121 88 16 130 123 24 87 59 125 118 107 93 27 148 109 81 34 143 80 41 126 91 110 8 119 37 57 13 114 128 22 132 116 70 131 89 26 45 11 90 38 140 102 136 50 100 14 5 111 72 108 64 84 144 85 127 83 115 124 133 117 97 74 4 0 122 149 60 75 29 18 12 58 7 129 137 66 23 146 79 6 33 77 145 30 99 113 25 96 2 39 106 147 21 94 32 48 76 69 67 104 92 55 51 54 141 53 47 73 36 68 44 142 10 135 138 62 52 15 95 82 139 20 42 86 1 17 103 46 31 49 28 9 120 65 35 3 71 78 40 112
Coste: 9595358

GENERACION: 45
Mejor Solucion:  19 63 61 56 105 43 98 101 134 121 88 16 130 123 24 87 59 125 118 107 93 27 148 109 81 34 143 80 41 126 91 110 8 119 37 57 13 114 128 22 132 116 70 131 89 26 45 11 90 38 140 102 136 50 100 14 5 111 72 108 64 84 144 85 127 83 115 124 133 117 97 74 4 0 122 149 60 75 29 18 12 58 7 129 137 66 23 146 79 6 33 77 145 30 99 113 25 96 2 39 106 147 21 94 32 48 76 69 67 104 92 55 51 54 141 53 47 73 36 68 44 142 10 135 138 62 52 15 95 82 139 20 42 86 1 17 103 46 31 49 28 9 120 65 35 3 71 78 40 112
Coste: 9595358

GENERACION: 46
Mejor Solucion:  19 63 61 56 105 43 98 101 134 121 88 16 130 123 24 87 59 125 118 107 93 27 148 109 81 34 143 80 41 126 91 110 8 119 37 57 13 114 128 22 132 116 70 131 89 26 45 11 90 38 140 102 136 50 100 14 5 111 72 108 64 84 144 85 127 83 115 124 133 117 97 74 4 0 122 149 60 75 29 18 12 58 7 129 137 66 23 146 79 6 33 77 145 30 99 113 25 96 2 39 106 147 21 94 32 48 76 69 67 104 92 55 51 54 141 53 47 73 36 68 44 142 10 135 138 62 52 15 95 82 139 20 42 86 1 17 103 46 31 49 28 9 120 65 35 3 71 78 40 112
Coste: 9595358

GENERACION: 47
Mejor Solucion:  19 63 61 56 105 43 98 101 134 121 88 16 130 123 24 87 59 125 118 107 93 27 148 109 81 34 143 80 41 126 91 110 8 119 37 57 13 114 128 22 132 116 70 131 89 26 45 11 90 38 140 102 136 50 100 14 5 111 72 108 64 84 144 85 127 83 115 124 133 117 97 74 4 0 122 149 60 75 29 18 12 58 7 129 137 66 23 146 79 6 33 77 145 30 99 113 25 96 2 39 106 147 21 94 32 48 76 69 67 104 92 55 51 54 141 53 47 73 36 68 44 142 10 135 138 62 52 15 95 82 139 20 42 86 1 17 103 46 31 49 28 9 120 65 35 3 71 78 40 112
Coste: 9595358

GENERACION: 48
Mejor Solucion:  19 63 61 56 105 43 98 101 134 121 88 16 130 123 24 87 59 125 118 107 93 27 148 109 81 34 143 80 41 126 91 110 8 119 37 57 13 114 128 22 132 116 70 131 89 26 45 11 90 38 140 102 136 50 100 14 5 111 72 108 64 84 144 85 127 83 115 124 133 117 97 74 4 0 122 149 60 75 29 18 12 58 7 129 137 66 23 146 79 6 33 77 145 30 99 113 25 96 2 39 106 147 21 94 32 48 76 69 67 104 92 55 51 54 141 53 47 73 36 68 44 142 10 135 138 62 52 15 95 82 139 20 42 86 1 17 103 46 31 49 28 9 120 65 35 3 71 78 40 112
Coste: 9595358

GENERACION: 49
Mejor Solucion:  19 63 61 56 105 43 98 101 134 121 88 16 130 123 24 87 59 125 118 107 93 27 148 109 81 34 143 80 41 126 91 110 8 119 37 57 13 114 128 22 132 116 70 131 89 26 45 11 90 38 140 102 136 50 100 14 5 111 72 108 64 84 144 85 127 83 115 124 133 117 97 74 4 0 122 149 60 75 29 18 12 58 7 129 137 66 23 146 79 6 33 77 145 30 99 113 25 96 2 39 106 147 21 94 32 48 76 69 67 104 92 55 51 54 141 53 47 73 36 68 44 142 10 135 138 62 52 15 95 82 139 20 42 86 1 17 103 46 31 49 28 9 120 65 35 3 71 78 40 112
Coste: 9595358

GENERACION: 50
Mejor Solucion:  19 63 61 56 105 43 98 101 134 121 88 16 130 123 24 87 59 125 118 107 93 27 148 109 81 34 143 80 41 126 91 110 8 119 37 57 13 114 128 22 132 116 70 131 89 26 45 11 90 38 140 102 136 50 100 14 5 111 72 108 64 84 144 85 127 83 115 124 133 117 97 74 4 0 122 149 60 75 29 18 12 58 7 129 137 66 23 146 79 6 33 77 145 30 99 113 25 96 2 39 106 147 21 94 32 48 76 69 67 104 92 55 51 54 141 53 47 73 36 68 44 142 10 135 138 62 52 15 95 82 139 20 42 86 1 17 103 46 31 49 28 9 120 65 35 3 71 78 40 112
Coste: 9595358

GENERACION: 51
Mejor Solucion:  19 63 61 56 105 43 98 101 134 121 88 16 130 123 24 87 59 125 118 107 93 27 148 109 81 34 143 80 41 126 91 110 8 119 37 57 13 114 128 22 132 116 70 131 89 26 45 11 90 38 140 102 136 50 100 14 5 111 72 108 64 84 144 85 127 83 115 124 133 117 97 74 4 0 122 149 60 75 29 18 12 58 7 129 137 66 23 146 79 6 33 77 145 30 99 113 25 96 2 39 106 147 21 94 32 48 76 69 67 104 92 55 51 54 141 53 47 73 36 68 44 142 10 135 138 62 52 15 95 82 139 20 42 86 1 17 103 46 31 49 28 9 120 65 35 3 71 78 40 112
Coste: 9595358

GENERACION: 52
Mejor Solucion:  19 63 61 56 105 43 98 101 134 121 88 16 130 123 24 87 59 125 118 107 93 27 148 109 81 34 143 80 41 126 91 110 8 119 37 57 13 114 128 22 132 116 70 131 89 26 45 11 90 38 140 102 136 50 100 14 5 111 72 108 64 84 144 85 127 83 115 124 133 117 97 74 4 0 122 149 60 75 29 18 12 58 7 129 137 66 23 146 79 6 33 77 145 30 99 113 25 96 2 39 106 147 21 94 32 48 76 69 67 104 92 55 51 54 141 53 47 73 36 68 44 142 10 135 138 62 52 15 95 82 139 20 42 86 1 17 103 46 31 49 28 9 120 65 35 3 71 78 40 112
Coste: 9595358

GENERACION: 53
Mejor Solucion:  19 63 61 56 105 43 98 101 134 121 88 16 130 123 24 87 59 125 118 107 93 27 148 109 81 34 143 80 41 126 91 110 8 119 37 57 13 114 128 22 132 116 70 131 89 26 45 11 90 38 140 102 136 50 100 14 5 111 72 108 64 84 144 85 127 83 115 124 133 117 97 74 4 0 122 149 60 75 29 18 12 58 7 129 137 66 23 146 79 6 33 77 145 30 99 113 25 96 2 39 106 147 21 94 32 48 76 69 67 104 92 55 51 54 141 53 47 73 36 68 44 142 10 135 138 62 52 15 95 82 139 20 42 86 1 17 103 46 31 49 28 9 120 65 35 3 71 78 40 112
Coste: 9595358

GENERACION: 54
Mejor Solucion:  19 63 61 56 105 43 98 101 134 121 88 16 130 123 24 87 59 125 118 107 93 27 148 109 81 34 143 80 41 126 91 110 8 119 37 57 13 114 128 22 132 116 70 131 89 26 45 11 90 38 140 102 136 50 100 14 5 111 72 108 64 84 144 85 127 83 115 124 133 117 97 74 4 0 122 149 60 75 29 18 12 58 7 129 137 66 23 146 79 6 33 77 145 30 99 113 25 96 2 39 106 147 21 94 32 48 76 69 67 104 92 55 51 54 141 53 47 73 36 68 44 142 10 135 138 62 52 15 95 82 139 20 42 86 1 17 103 46 31 49 28 9 120 65 35 3 71 78 40 112
Coste: 9595358

GENERACION: 55
Mejor Solucion:  19 63 61 56 105 43 98 101 134 121 88 16 130 123 24 87 59 125 118 107 93 27 148 109 81 34 143 80 41 126 91 110 8 119 37 57 13 114 128 22 132 116 70 131 89 26 45 11 90 38 140 102 136 50 100 14 5 111 72 108 64 84 144 85 127 83 115 124 133 117 97 74 4 0 122 149 60 75 29 18 12 58 7 129 137 66 23 146 79 6 33 77 145 30 99 113 25 96 2 39 106 147 21 94 32 48 76 69 67 104 92 55 51 54 141 53 47 73 36 68 44 142 10 135 138 62 52 15 95 82 139 20 42 86 1 17 103 46 31 49 28 9 120 65 35 3 71 78 40 112
Coste: 9595358

GENERACION: 56
Mejor Solucion:  19 63 61 56 105 43 98 101 134 121 88 16 130 123 24 87 59 125 118 107 93 27 148 109 81 34 143 80 41 126 91 110 8 119 37 57 13 114 128 22 132 116 70 131 89 26 45 11 90 38 140 102 136 50 100 14 5 111 72 108 64 84 144 85 127 83 115 124 133 117 97 74 4 0 122 149 60 75 29 18 12 58 7 129 137 66 23 146 79 6 33 77 145 30 99 113 25 96 2 39 106 147 21 94 32 48 76 69 67 104 92 55 51 54 141 53 47 73 36 68 44 142 10 135 138 62 52 15 95 82 139 20 42 86 1 17 103 46 31 49 28 9 120 65 35 3 71 78 40 112
Coste: 9595358

GENERACION: 57
Mejor Solucion:  19 63 61 56 105 43 98 101 134 121 88 16 130 123 24 87 59 125 118 107 93 27 148 109 81 34 143 80 41 126 91 110 8 119 37 57 13 114 128 22 132 116 70 131 89 26 45 11 90 38 140 102 136 50 100 14 5 111 72 108 64 84 144 85 127 83 115 124 133 117 97 74 4 0 122 149 60 75 29 18 12 58 7 129 137 66 23 146 79 6 33 77 145 30 99 113 25 96 2 39 106 147 21 94 32 48 76 69 67 104 92 55 51 54 141 53 47 73 36 68 44 142 10 135 138 62 52 15 95 82 139 20 42 86 1 17 103 46 31 49 28 9 120 65 35 3 71 78 40 112
Coste: 9595358

GENERACION: 58
Mejor Solucion:  19 63 61 56 105 43 98 101 134 121 88 16 130 123 24 87 59 125 118 107 93 27 148 109 81 34 143 80 41 126 91 110 8 119 37 57 13 114 128 22 132 116 70 131 89 26 45 11 90 38 140 102 136 50 100 14 5 111 72 108 64 84 144 85 127 83 115 124 133 117 97 74 4 0 122 149 60 75 29 18 12 58 7 129 137 66 23 146 79 6 33 77 145 30 99 113 25 96 2 39 106 147 21 94 32 48 76 69 67 104 92 55 51 54 141 53 47 73 36 68 44 142 10 135 138 62 52 15 95 82 139 20 42 86 1 17 103 46 31 49 28 9 120 65 35 3 71 78 40 112
Coste: 9595358

GENERACION: 59
Mejor Solucion:  19 63 61 56 105 43 98 101 134 121 88 16 130 123 24 87 59 125 118 107 93 27 148 109 81 34 143 80 41 126 91 110 8 119 37 57 13 114 128 22 132 116 70 131 89 26 45 11 90 38 140 102 136 50 100 14 5 111 72 108 64 84 144 85 127 83 115 124 133 117 97 74 4 0 122 149 60 75 29 18 12 58 7 129 137 66 23 146 79 6 33 77 145 30 99 113 25 96 2 39 106 147 21 94 32 48 76 69 67 104 92 55 51 54 141 53 47 73 36 68 44 142 10 135 138 62 52 15 95 82 139 20 42 86 1 17 103 46 31 49 28 9 120 65 35 3 71 78 40 112
Coste: 9595358

GENERACION: 60
Mejor Solucion:  19 63 61 56 105 43 98 101 134 121 88 16 130 123 24 87 59 125 118 107 93 27 148 109 81 34 143 80 41 126 91 110 8 119 37 57 13 114 128 22 132 116 70 131 89 26 45 11 90 38 140 102 136 50 100 14 5 111 72 108 64 84 144 85 127 83 115 124 133 117 97 74 4 0 122 149 60 75 29 18 12 58 7 129 137 66 23 146 79 6 33 77 145 30 99 113 25 96 2 39 106 147 21 94 32 48 76 69 67 104 92 55 51 54 141 53 47 73 36 68 44 142 10 135 138 62 52 15 95 82 139 20 42 86 1 17 103 46 31 49 28 9 120 65 35 3 71 78 40 112
Coste: 9595358

