GENERACION: 1
Mejor Solucion:  141 40 10 30 105 101 19 78 96 93 92 23 148 4 36 68 17 125 110 100 71 149 60 120 103 14 62 147 114 118 135 11 65 139 37 5 79 45 138 25 119 142 16 95 104 127 86 73 27 130 146 21 54 140 2 129 6 18 20 67 28 82 22 53 137 91 109 26 39 136 123 48 3 51 116 128 97 83 72 143 46 31 76 13 89 32 63 117 102 85 56 115 77 108 90 80 47 24 106 59 132 66 144 81 98 84 33 50 44 41 122 52 61 88 94 0 43 134 69 35 29 49 121 58 12 107 1 9 70 145 131 74 57 133 38 42 55 112 8 87 124 75 64 15 113 111 99 7 126 34
Coste: 9686320

GENERACION: 2
Mejor Solucion:  141 40 10 30 105 101 19 78 96 93 92 23 148 4 36 68 17 125 110 100 71 149 60 120 103 14 62 147 114 118 135 11 65 139 37 5 79 45 138 25 119 142 16 95 104 127 86 73 27 130 146 21 54 140 2 129 6 18 20 67 28 82 22 53 137 91 109 26 39 136 123 48 3 51 116 128 97 83 72 143 46 31 76 13 89 32 63 117 102 85 56 115 77 108 90 80 47 24 106 59 132 66 144 81 98 84 33 50 44 41 122 52 61 88 94 0 43 134 69 35 29 49 121 58 12 107 1 9 70 145 131 74 57 133 38 42 55 112 8 87 124 75 64 15 113 111 99 7 126 34
Coste: 9686320

GENERACION: 3
Mejor Solucion:  141 40 10 30 105 101 19 78 96 93 92 23 148 4 36 68 17 125 110 100 71 149 60 120 103 14 62 147 114 118 135 11 65 139 37 5 79 45 138 25 119 142 16 95 104 127 86 73 27 130 146 21 54 140 2 129 6 18 20 67 28 82 22 53 137 91 109 26 39 136 123 48 3 51 116 128 97 83 72 143 46 31 76 13 89 32 63 117 102 85 56 115 77 108 90 80 47 24 106 59 132 66 144 81 98 84 33 50 44 41 122 52 61 88 94 0 43 134 69 35 29 49 121 58 12 107 1 9 70 145 131 74 57 133 38 42 55 112 8 87 124 75 64 15 113 111 99 7 126 34
Coste: 9686320

GENERACION: 4
Mejor Solucion:  141 40 10 30 105 101 19 78 96 93 92 23 148 4 36 68 17 125 110 100 71 149 60 120 103 14 62 147 114 118 135 11 65 139 37 5 79 45 138 25 119 142 16 95 104 127 86 73 27 130 146 21 54 140 2 129 6 18 20 67 28 82 22 53 137 91 109 26 39 136 123 48 3 51 116 128 97 83 72 143 46 31 76 13 89 32 63 117 102 85 56 115 77 108 90 80 47 24 106 59 132 66 144 81 98 84 33 50 44 41 122 52 61 88 94 0 43 134 69 35 29 49 121 58 12 107 1 9 70 145 131 74 57 133 38 42 55 112 8 87 124 75 64 15 113 111 99 7 126 34
Coste: 9686320

GENERACION: 5
Mejor Solucion:  141 40 10 30 105 101 19 78 96 93 92 23 148 4 36 68 17 125 110 100 71 149 60 120 103 14 62 147 114 118 135 11 65 139 37 5 79 45 138 25 119 142 16 95 104 127 86 73 27 130 146 21 54 140 2 129 6 18 20 67 28 82 22 53 137 91 109 26 39 136 123 48 3 51 116 128 97 83 72 143 46 31 76 13 89 32 63 117 102 85 56 115 77 108 90 80 47 24 106 59 132 66 144 81 98 84 33 50 44 41 122 52 61 88 94 0 43 134 69 35 29 49 121 58 12 107 1 9 70 145 131 74 57 133 38 42 55 112 8 87 124 75 64 15 113 111 99 7 126 34
Coste: 9686320

GENERACION: 6
Mejor Solucion:  141 40 10 30 105 101 19 78 96 93 92 23 148 4 36 68 17 125 110 100 71 149 60 120 103 14 62 147 114 118 135 11 65 139 37 5 79 45 138 25 119 142 16 95 104 127 86 73 27 130 146 21 54 140 2 129 6 18 20 67 28 82 22 53 137 91 109 26 39 136 123 48 3 51 116 128 97 83 72 143 46 31 76 13 89 32 63 117 102 85 56 115 77 108 90 80 47 24 106 59 132 66 144 81 98 84 33 50 44 41 122 52 61 88 94 0 43 134 69 35 29 49 121 58 12 107 1 9 70 145 131 74 57 133 38 42 55 112 8 87 124 75 64 15 113 111 99 7 126 34
Coste: 9686320

GENERACION: 7
Mejor Solucion:  141 40 10 30 105 101 19 78 96 93 92 23 148 4 36 68 17 125 110 100 71 149 60 120 103 14 62 147 114 118 135 11 65 139 37 5 79 45 138 25 119 142 16 95 104 127 86 73 27 130 146 21 54 140 2 129 6 18 20 67 28 82 22 53 137 91 109 26 39 136 123 48 3 51 116 128 97 83 72 143 46 31 76 13 89 32 63 117 102 85 56 115 77 108 90 80 47 24 106 59 132 66 144 81 98 84 33 50 44 41 122 52 61 88 94 0 43 134 69 35 29 49 121 58 12 107 1 9 70 145 131 74 57 133 38 42 55 112 8 87 124 75 64 15 113 111 99 7 126 34
Coste: 9686320

GENERACION: 8
Mejor Solucion:  141 40 10 30 105 101 19 78 96 93 92 23 148 4 36 68 17 125 110 100 71 149 60 120 103 14 62 147 114 118 135 11 65 139 37 5 79 45 138 25 119 142 16 95 104 127 86 73 27 130 146 21 54 140 2 129 6 18 20 67 28 82 22 53 137 91 109 26 39 136 123 48 3 51 116 128 97 83 72 143 46 31 76 13 89 32 63 117 102 85 56 115 77 108 90 80 47 24 106 59 132 66 144 81 98 84 33 50 44 41 122 52 61 88 94 0 43 134 69 35 29 49 121 58 12 107 1 9 70 145 131 74 57 133 38 42 55 112 8 87 124 75 64 15 113 111 99 7 126 34
Coste: 9686320

GENERACION: 9
Mejor Solucion:  141 40 10 30 105 101 19 78 96 93 92 23 148 4 36 68 17 125 110 100 71 149 60 120 103 14 62 147 114 118 135 11 65 139 37 5 79 45 138 25 119 142 16 95 104 127 86 73 27 130 146 21 54 140 2 129 6 18 20 67 28 82 22 53 137 91 109 26 39 136 123 48 3 51 116 128 97 83 72 143 46 31 76 13 89 32 63 117 102 85 56 115 77 108 90 80 47 24 106 59 132 66 144 81 98 84 33 50 44 41 122 52 61 88 94 0 43 134 69 35 29 49 121 58 12 107 1 9 70 145 131 74 57 133 38 42 55 112 8 87 124 75 64 15 113 111 99 7 126 34
Coste: 9686320

GENERACION: 10
Mejor Solucion:  141 40 10 30 105 101 19 78 96 93 92 23 148 4 36 68 17 125 110 100 71 149 60 120 103 14 62 147 114 118 135 11 65 139 37 5 79 45 138 25 119 142 16 95 104 127 86 73 27 130 146 21 54 140 2 129 6 18 20 67 28 82 22 53 137 91 109 26 39 136 123 48 3 51 116 128 97 83 72 143 46 31 76 13 89 32 63 117 102 85 56 115 77 108 90 80 47 24 106 59 132 66 144 81 98 84 33 50 44 41 122 52 61 88 94 0 43 134 69 35 29 49 121 58 12 107 1 9 70 145 131 74 57 133 38 42 55 112 8 87 124 75 64 15 113 111 99 7 126 34
Coste: 9686320

GENERACION: 11
Mejor Solucion:  141 40 10 30 105 101 19 78 96 93 92 23 148 4 36 68 17 125 110 100 71 149 60 120 103 14 62 147 114 118 135 11 65 139 37 5 79 45 138 25 119 142 16 95 104 127 86 73 27 130 146 21 54 140 2 129 6 18 20 67 28 82 22 53 137 91 109 26 39 136 123 48 3 51 116 128 97 83 72 143 46 31 76 13 89 32 63 117 102 85 56 115 77 108 90 80 47 24 106 59 132 66 144 81 98 84 33 50 44 41 122 52 61 88 94 0 43 134 69 35 29 49 121 58 12 107 1 9 70 145 131 74 57 133 38 42 55 112 8 87 124 75 64 15 113 111 99 7 126 34
Coste: 9686320

GENERACION: 12
Mejor Solucion:  141 40 10 30 105 101 19 78 96 93 92 23 148 4 36 68 17 125 110 100 71 149 60 120 103 14 62 147 114 118 135 11 65 139 37 5 79 45 138 25 119 142 16 95 104 127 86 73 27 130 146 21 54 140 2 129 6 18 20 67 28 82 22 53 137 91 109 26 39 136 123 48 3 51 116 128 97 83 72 143 46 31 76 13 89 32 63 117 102 85 56 115 77 108 90 80 47 24 106 59 132 66 144 81 98 84 33 50 44 41 122 52 61 88 94 0 43 134 69 35 29 49 121 58 12 107 1 9 70 145 131 74 57 133 38 42 55 112 8 87 124 75 64 15 113 111 99 7 126 34
Coste: 9686320

GENERACION: 13
Mejor Solucion:  141 40 10 30 105 101 19 78 96 93 92 23 148 4 36 68 17 125 110 100 71 149 60 120 103 14 62 147 114 118 135 11 65 139 37 5 79 45 138 25 119 142 16 95 104 127 86 73 27 130 146 21 54 140 2 129 6 18 20 67 28 82 22 53 137 91 109 26 39 136 123 48 3 51 116 128 97 83 72 143 46 31 76 13 89 32 63 117 102 85 56 115 77 108 90 80 47 24 106 59 132 66 144 81 98 84 33 50 44 41 122 52 61 88 94 0 43 134 69 35 29 49 121 58 12 107 1 9 70 145 131 74 57 133 38 42 55 112 8 87 124 75 64 15 113 111 99 7 126 34
Coste: 9686320

GENERACION: 14
Mejor Solucion:  141 40 10 30 105 101 19 78 96 93 92 23 148 4 36 68 17 125 110 100 71 149 60 120 103 14 62 147 114 118 135 11 65 139 37 5 79 45 138 25 119 142 16 95 104 127 86 73 27 130 146 21 54 140 2 129 6 18 20 67 28 82 22 53 137 91 109 26 39 136 123 48 3 51 116 128 97 83 72 143 46 31 76 13 89 32 63 117 102 85 56 115 77 108 90 80 47 24 106 59 132 66 144 81 98 84 33 50 44 41 122 52 61 88 94 0 43 134 69 35 29 49 121 58 12 107 1 9 70 145 131 74 57 133 38 42 55 112 8 87 124 75 64 15 113 111 99 7 126 34
Coste: 9686320

GENERACION: 15
Mejor Solucion:  141 40 10 30 105 101 19 78 96 93 92 23 148 4 36 68 17 125 110 100 71 149 60 120 103 14 62 147 114 118 135 11 65 139 37 5 79 45 138 25 119 142 16 95 104 127 86 73 27 130 146 21 54 140 2 129 6 18 20 67 28 82 22 53 137 91 109 26 39 136 123 48 3 51 116 128 97 83 72 143 46 31 76 13 89 32 63 117 102 85 56 115 77 108 90 80 47 24 106 59 132 66 144 81 98 84 33 50 44 41 122 52 61 88 94 0 43 134 69 35 29 49 121 58 12 107 1 9 70 145 131 74 57 133 38 42 55 112 8 87 124 75 64 15 113 111 99 7 126 34
Coste: 9686320

GENERACION: 16
Mejor Solucion:  141 40 10 30 105 101 19 78 96 93 92 23 148 4 36 68 17 125 110 100 71 149 60 120 103 14 62 147 114 118 135 11 65 139 37 5 79 45 138 25 119 142 16 95 104 127 86 73 27 130 146 21 54 140 2 129 6 18 20 67 28 82 22 53 137 91 109 26 39 136 123 48 3 51 116 128 97 83 72 143 46 31 76 13 89 32 63 117 102 85 56 115 77 108 90 80 47 24 106 59 132 66 144 81 98 84 33 50 44 41 122 52 61 88 94 0 43 134 69 35 29 49 121 58 12 107 1 9 70 145 131 74 57 133 38 42 55 112 8 87 124 75 64 15 113 111 99 7 126 34
Coste: 9686320

GENERACION: 17
Mejor Solucion:  141 40 10 30 105 101 19 78 96 93 92 23 148 4 36 68 17 125 110 100 71 149 60 120 103 14 62 147 114 118 135 11 65 139 37 5 79 45 138 25 119 142 16 95 104 127 86 73 27 130 146 21 54 140 2 129 6 18 20 67 28 82 22 53 137 91 109 26 39 136 123 48 3 51 116 128 97 83 72 143 46 31 76 13 89 32 63 117 102 85 56 115 77 108 90 80 47 24 106 59 132 66 144 81 98 84 33 50 44 41 122 52 61 88 94 0 43 134 69 35 29 49 121 58 12 107 1 9 70 145 131 74 57 133 38 42 55 112 8 87 124 75 64 15 113 111 99 7 126 34
Coste: 9686320

GENERACION: 18
Mejor Solucion:  141 40 10 30 105 101 19 78 96 93 92 23 148 4 36 68 17 125 110 100 71 149 60 120 103 14 62 147 114 118 135 11 65 139 37 5 79 45 138 25 119 142 16 95 104 127 86 73 27 130 146 21 54 140 2 129 6 18 20 67 28 82 22 53 137 91 109 26 39 136 123 48 3 51 116 128 97 83 72 143 46 31 76 13 89 32 63 117 102 85 56 115 77 108 90 80 47 24 106 59 132 66 144 81 98 84 33 50 44 41 122 52 61 88 94 0 43 134 69 35 29 49 121 58 12 107 1 9 70 145 131 74 57 133 38 42 55 112 8 87 124 75 64 15 113 111 99 7 126 34
Coste: 9686320

GENERACION: 19
Mejor Solucion:  141 40 10 30 105 101 19 78 96 93 92 23 148 4 36 68 17 125 110 100 71 149 60 120 103 14 62 147 114 118 135 11 65 139 37 5 79 45 138 25 119 142 16 95 104 127 86 73 27 130 146 21 54 140 2 129 6 18 20 67 28 82 22 53 137 91 109 26 39 136 123 48 3 51 116 128 97 83 72 143 46 31 76 13 89 32 63 117 102 85 56 115 77 108 90 80 47 24 106 59 132 66 144 81 98 84 33 50 44 41 122 52 61 88 94 0 43 134 69 35 29 49 121 58 12 107 1 9 70 145 131 74 57 133 38 42 55 112 8 87 124 75 64 15 113 111 99 7 126 34
Coste: 9686320

GENERACION: 20
Mejor Solucion:  141 40 10 30 105 101 19 78 96 93 92 23 148 4 36 68 17 125 110 100 71 149 60 120 103 14 62 147 114 118 135 11 65 139 37 5 79 45 138 25 119 142 16 95 104 127 86 73 27 130 146 21 54 140 2 129 6 18 20 67 28 82 22 53 137 91 109 26 39 136 123 48 3 51 116 128 97 83 72 143 46 31 76 13 89 32 63 117 102 85 56 115 77 108 90 80 47 24 106 59 132 66 144 81 98 84 33 50 44 41 122 52 61 88 94 0 43 134 69 35 29 49 121 58 12 107 1 9 70 145 131 74 57 133 38 42 55 112 8 87 124 75 64 15 113 111 99 7 126 34
Coste: 9686320

GENERACION: 21
Mejor Solucion:  141 40 10 30 105 101 19 78 96 93 92 23 148 4 36 68 17 125 110 100 71 149 60 120 103 14 62 147 114 118 135 11 65 139 37 5 79 45 138 25 119 142 16 95 104 127 86 73 27 130 146 21 54 140 2 129 6 18 20 67 28 82 22 53 137 91 109 26 39 136 123 48 3 51 116 128 97 83 72 143 46 31 76 13 89 32 63 117 102 85 56 115 77 108 90 80 47 24 106 59 132 66 144 81 98 84 33 50 44 41 122 52 61 88 94 0 43 134 69 35 29 49 121 58 12 107 1 9 70 145 131 74 57 133 38 42 55 112 8 87 124 75 64 15 113 111 99 7 126 34
Coste: 9686320

GENERACION: 22
Mejor Solucion:  141 40 10 30 105 101 19 78 96 93 92 23 148 4 36 68 17 125 110 100 71 149 60 120 103 14 62 147 114 118 135 11 65 139 37 5 79 45 138 25 119 142 16 95 104 127 86 73 27 130 146 21 54 140 2 129 6 18 20 67 28 82 22 53 137 91 109 26 39 136 123 48 3 51 116 128 97 83 72 143 46 31 76 13 89 32 63 117 102 85 56 115 77 108 90 80 47 24 106 59 132 66 144 81 98 84 33 50 44 41 122 52 61 88 94 0 43 134 69 35 29 49 121 58 12 107 1 9 70 145 131 74 57 133 38 42 55 112 8 87 124 75 64 15 113 111 99 7 126 34
Coste: 9686320

GENERACION: 23
Mejor Solucion:  141 40 10 30 105 101 19 78 96 93 92 23 148 4 36 68 17 125 110 100 71 149 60 120 103 14 62 147 114 118 135 11 65 139 37 5 79 45 138 25 119 142 16 95 104 127 86 73 27 130 146 21 54 140 2 129 6 18 20 67 28 82 22 53 137 91 109 26 39 136 123 48 3 51 116 128 97 83 72 143 46 31 76 13 89 32 63 117 102 85 56 115 77 108 90 80 47 24 106 59 132 66 144 81 98 84 33 50 44 41 122 52 61 88 94 0 43 134 69 35 29 49 121 58 12 107 1 9 70 145 131 74 57 133 38 42 55 112 8 87 124 75 64 15 113 111 99 7 126 34
Coste: 9686320

GENERACION: 24
Mejor Solucion:  141 40 10 30 105 101 19 78 96 93 92 23 148 4 36 68 17 125 110 100 71 149 60 120 103 14 62 147 114 118 135 11 65 139 37 5 79 45 138 25 119 142 16 95 104 127 86 73 27 130 146 21 54 140 2 129 6 18 20 67 28 82 22 53 137 91 109 26 39 136 123 48 3 51 116 128 97 83 72 143 46 31 76 13 89 32 63 117 102 85 56 115 77 108 90 80 47 24 106 59 132 66 144 81 98 84 33 50 44 41 122 52 61 88 94 0 43 134 69 35 29 49 121 58 12 107 1 9 70 145 131 74 57 133 38 42 55 112 8 87 124 75 64 15 113 111 99 7 126 34
Coste: 9686320

GENERACION: 25
Mejor Solucion:  141 40 10 30 105 101 19 78 96 93 92 23 148 4 36 68 17 125 110 100 71 149 60 120 103 14 62 147 114 118 135 11 65 139 37 5 79 45 138 25 119 142 16 95 104 127 86 73 27 130 146 21 54 140 2 129 6 18 20 67 28 82 22 53 137 91 109 26 39 136 123 48 3 51 116 128 97 83 72 143 46 31 76 13 89 32 63 117 102 85 56 115 77 108 90 80 47 24 106 59 132 66 144 81 98 84 33 50 44 41 122 52 61 88 94 0 43 134 69 35 29 49 121 58 12 107 1 9 70 145 131 74 57 133 38 42 55 112 8 87 124 75 64 15 113 111 99 7 126 34
Coste: 9686320

GENERACION: 26
Mejor Solucion:  141 40 10 30 105 101 19 78 96 93 92 23 148 4 36 68 17 125 110 100 71 149 60 120 103 14 62 147 114 118 135 11 65 139 37 5 79 45 138 25 119 142 16 95 104 127 86 73 27 130 146 21 54 140 2 129 6 18 20 67 28 82 22 53 137 91 109 26 39 136 123 48 3 51 116 128 97 83 72 143 46 31 76 13 89 32 63 117 102 85 56 115 77 108 90 80 47 24 106 59 132 66 144 81 98 84 33 50 44 41 122 52 61 88 94 0 43 134 69 35 29 49 121 58 12 107 1 9 70 145 131 74 57 133 38 42 55 112 8 87 124 75 64 15 113 111 99 7 126 34
Coste: 9686320

GENERACION: 27
Mejor Solucion:  141 40 10 30 105 101 19 78 96 93 92 23 148 4 36 68 17 125 110 100 71 149 60 120 103 14 62 147 114 118 135 11 65 139 37 5 79 45 138 25 119 142 16 95 104 127 86 73 27 130 146 21 54 140 2 129 6 18 20 67 28 82 22 53 137 91 109 26 39 136 123 48 3 51 116 128 97 83 72 143 46 31 76 13 89 32 63 117 102 85 56 115 77 108 90 80 47 24 106 59 132 66 144 81 98 84 33 50 44 41 122 52 61 88 94 0 43 134 69 35 29 49 121 58 12 107 1 9 70 145 131 74 57 133 38 42 55 112 8 87 124 75 64 15 113 111 99 7 126 34
Coste: 9686320

GENERACION: 28
Mejor Solucion:  141 40 10 30 105 101 19 78 96 93 92 23 148 4 36 68 17 125 110 100 71 149 60 120 103 14 62 147 114 118 135 11 65 139 37 5 79 45 138 25 119 142 16 95 104 127 86 73 27 130 146 21 54 140 2 129 6 18 20 67 28 82 22 53 137 91 109 26 39 136 123 48 3 51 116 128 97 83 72 143 46 31 76 13 89 32 63 117 102 85 56 115 77 108 90 80 47 24 106 59 132 66 144 81 98 84 33 50 44 41 122 52 61 88 94 0 43 134 69 35 29 49 121 58 12 107 1 9 70 145 131 74 57 133 38 42 55 112 8 87 124 75 64 15 113 111 99 7 126 34
Coste: 9686320

GENERACION: 29
Mejor Solucion:  141 40 10 30 105 101 19 78 96 93 92 23 148 4 36 68 17 125 110 100 71 149 60 120 103 14 62 147 114 118 135 11 65 139 37 5 79 45 138 25 119 142 16 95 104 127 86 73 27 130 146 21 54 140 2 129 6 18 20 67 28 82 22 53 137 91 109 26 39 136 123 48 3 51 116 128 97 83 72 143 46 31 76 13 89 32 63 117 102 85 56 115 77 108 90 80 47 24 106 59 132 66 144 81 98 84 33 50 44 41 122 52 61 88 94 0 43 134 69 35 29 49 121 58 12 107 1 9 70 145 131 74 57 133 38 42 55 112 8 87 124 75 64 15 113 111 99 7 126 34
Coste: 9686320

GENERACION: 30
Mejor Solucion:  141 40 10 30 105 101 19 78 96 93 92 23 148 4 36 68 17 125 110 100 71 149 60 120 103 14 62 147 114 118 135 11 65 139 37 5 79 45 138 25 119 142 16 95 104 127 86 73 27 130 146 21 54 140 2 129 6 18 20 67 28 82 22 53 137 91 109 26 39 136 123 48 3 51 116 128 97 83 72 143 46 31 76 13 89 32 63 117 102 85 56 115 77 108 90 80 47 24 106 59 132 66 144 81 98 84 33 50 44 41 122 52 61 88 94 0 43 134 69 35 29 49 121 58 12 107 1 9 70 145 131 74 57 133 38 42 55 112 8 87 124 75 64 15 113 111 99 7 126 34
Coste: 9686320

GENERACION: 31
Mejor Solucion:  141 40 10 30 105 101 19 78 96 93 92 23 148 4 36 68 17 125 110 100 71 149 60 120 103 14 62 147 114 118 135 11 65 139 37 5 79 45 138 25 119 142 16 95 104 127 86 73 27 130 146 21 54 140 2 129 6 18 20 67 28 82 22 53 137 91 109 26 39 136 123 48 3 51 116 128 97 83 72 143 46 31 76 13 89 32 63 117 102 85 56 115 77 108 90 80 47 24 106 59 132 66 144 81 98 84 33 50 44 41 122 52 61 88 94 0 43 134 69 35 29 49 121 58 12 107 1 9 70 145 131 74 57 133 38 42 55 112 8 87 124 75 64 15 113 111 99 7 126 34
Coste: 9686320

GENERACION: 32
Mejor Solucion:  141 40 10 30 105 101 19 78 96 93 92 23 148 4 36 68 17 125 110 100 71 149 60 120 103 14 62 147 114 118 135 11 65 139 37 5 79 45 138 25 119 142 16 95 104 127 86 73 27 130 146 21 54 140 2 129 6 18 20 67 28 82 22 53 137 91 109 26 39 136 123 48 3 51 116 128 97 83 72 143 46 31 76 13 89 32 63 117 102 85 56 115 77 108 90 80 47 24 106 59 132 66 144 81 98 84 33 50 44 41 122 52 61 88 94 0 43 134 69 35 29 49 121 58 12 107 1 9 70 145 131 74 57 133 38 42 55 112 8 87 124 75 64 15 113 111 99 7 126 34
Coste: 9686320

GENERACION: 33
Mejor Solucion:  141 40 10 30 105 101 19 78 96 93 92 23 148 4 36 68 17 125 110 100 71 149 60 120 103 14 62 147 114 118 135 11 65 139 37 5 79 45 138 25 119 142 16 95 104 127 86 73 27 130 146 21 54 140 2 129 6 18 20 67 28 82 22 53 137 91 109 26 39 136 123 48 3 51 116 128 97 83 72 143 46 31 76 13 89 32 63 117 102 85 56 115 77 108 90 80 47 24 106 59 132 66 144 81 98 84 33 50 44 41 122 52 61 88 94 0 43 134 69 35 29 49 121 58 12 107 1 9 70 145 131 74 57 133 38 42 55 112 8 87 124 75 64 15 113 111 99 7 126 34
Coste: 9686320

GENERACION: 34
Mejor Solucion:  141 40 10 30 105 101 19 78 96 93 92 23 148 4 36 68 17 125 110 100 71 149 60 120 103 14 62 147 114 118 135 11 65 139 37 5 79 45 138 25 119 142 16 95 104 127 86 73 27 130 146 21 54 140 2 129 6 18 20 67 28 82 22 53 137 91 109 26 39 136 123 48 3 51 116 128 97 83 72 143 46 31 76 13 89 32 63 117 102 85 56 115 77 108 90 80 47 24 106 59 132 66 144 81 98 84 33 50 44 41 122 52 61 88 94 0 43 134 69 35 29 49 121 58 12 107 1 9 70 145 131 74 57 133 38 42 55 112 8 87 124 75 64 15 113 111 99 7 126 34
Coste: 9686320

GENERACION: 35
Mejor Solucion:  141 40 10 30 105 101 19 78 96 93 92 23 148 4 36 68 17 125 110 100 71 149 60 120 103 14 62 147 114 118 135 11 65 139 37 5 79 45 138 25 119 142 16 95 104 127 86 73 27 130 146 21 54 140 2 129 6 18 20 67 28 82 22 53 137 91 109 26 39 136 123 48 3 51 116 128 97 83 72 143 46 31 76 13 89 32 63 117 102 85 56 115 77 108 90 80 47 24 106 59 132 66 144 81 98 84 33 50 44 41 122 52 61 88 94 0 43 134 69 35 29 49 121 58 12 107 1 9 70 145 131 74 57 133 38 42 55 112 8 87 124 75 64 15 113 111 99 7 126 34
Coste: 9686320

GENERACION: 36
Mejor Solucion:  141 40 10 30 105 101 19 78 96 93 92 23 148 4 36 68 17 125 110 100 71 149 60 120 103 14 62 147 114 118 135 11 65 139 37 5 79 45 138 25 119 142 16 95 104 127 86 73 27 130 146 21 54 140 2 129 6 18 20 67 28 82 22 53 137 91 109 26 39 136 123 48 3 51 116 128 97 83 72 143 46 31 76 13 89 32 63 117 102 85 56 115 77 108 90 80 47 24 106 59 132 66 144 81 98 84 33 50 44 41 122 52 61 88 94 0 43 134 69 35 29 49 121 58 12 107 1 9 70 145 131 74 57 133 38 42 55 112 8 87 124 75 64 15 113 111 99 7 126 34
Coste: 9686320

GENERACION: 37
Mejor Solucion:  141 40 10 30 105 101 19 78 96 93 92 23 148 4 36 68 17 125 110 100 71 149 60 120 103 14 62 147 114 118 135 11 65 139 37 5 79 45 138 25 119 142 16 95 104 127 86 73 27 130 146 21 54 140 2 129 6 18 20 67 28 82 22 53 137 91 109 26 39 136 123 48 3 51 116 128 97 83 72 143 46 31 76 13 89 32 63 117 102 85 56 115 77 108 90 80 47 24 106 59 132 66 144 81 98 84 33 50 44 41 122 52 61 88 94 0 43 134 69 35 29 49 121 58 12 107 1 9 70 145 131 74 57 133 38 42 55 112 8 87 124 75 64 15 113 111 99 7 126 34
Coste: 9686320

GENERACION: 38
Mejor Solucion:  141 40 10 30 105 101 19 78 96 93 92 23 148 4 36 68 17 125 110 100 71 149 60 120 103 14 62 147 114 118 135 11 65 139 37 5 79 45 138 25 119 142 16 95 104 127 86 73 27 130 146 21 54 140 2 129 6 18 20 67 28 82 22 53 137 91 109 26 39 136 123 48 3 51 116 128 97 83 72 143 46 31 76 13 89 32 63 117 102 85 56 115 77 108 90 80 47 24 106 59 132 66 144 81 98 84 33 50 44 41 122 52 61 88 94 0 43 134 69 35 29 49 121 58 12 107 1 9 70 145 131 74 57 133 38 42 55 112 8 87 124 75 64 15 113 111 99 7 126 34
Coste: 9686320

GENERACION: 39
Mejor Solucion:  141 40 10 30 105 101 19 78 96 93 92 23 148 4 36 68 17 125 110 100 71 149 60 120 103 14 62 147 114 118 135 11 65 139 37 5 79 45 138 25 119 142 16 95 104 127 86 73 27 130 146 21 54 140 2 129 6 18 20 67 28 82 22 53 137 91 109 26 39 136 123 48 3 51 116 128 97 83 72 143 46 31 76 13 89 32 63 117 102 85 56 115 77 108 90 80 47 24 106 59 132 66 144 81 98 84 33 50 44 41 122 52 61 88 94 0 43 134 69 35 29 49 121 58 12 107 1 9 70 145 131 74 57 133 38 42 55 112 8 87 124 75 64 15 113 111 99 7 126 34
Coste: 9686320

GENERACION: 40
Mejor Solucion:  141 40 10 30 105 101 19 78 96 93 92 23 148 4 36 68 17 125 110 100 71 149 60 120 103 14 62 147 114 118 135 11 65 139 37 5 79 45 138 25 119 142 16 95 104 127 86 73 27 130 146 21 54 140 2 129 6 18 20 67 28 82 22 53 137 91 109 26 39 136 123 48 3 51 116 128 97 83 72 143 46 31 76 13 89 32 63 117 102 85 56 115 77 108 90 80 47 24 106 59 132 66 144 81 98 84 33 50 44 41 122 52 61 88 94 0 43 134 69 35 29 49 121 58 12 107 1 9 70 145 131 74 57 133 38 42 55 112 8 87 124 75 64 15 113 111 99 7 126 34
Coste: 9686320

GENERACION: 41
Mejor Solucion:  141 40 10 30 105 101 19 78 96 93 92 23 148 4 36 68 17 125 110 100 71 149 60 120 103 14 62 147 114 118 135 11 65 139 37 5 79 45 138 25 119 142 16 95 104 127 86 73 27 130 146 21 54 140 2 129 6 18 20 67 28 82 22 53 137 91 109 26 39 136 123 48 3 51 116 128 97 83 72 143 46 31 76 13 89 32 63 117 102 85 56 115 77 108 90 80 47 24 106 59 132 66 144 81 98 84 33 50 44 41 122 52 61 88 94 0 43 134 69 35 29 49 121 58 12 107 1 9 70 145 131 74 57 133 38 42 55 112 8 87 124 75 64 15 113 111 99 7 126 34
Coste: 9686320

GENERACION: 42
Mejor Solucion:  141 40 10 30 105 101 19 78 96 93 92 23 148 4 36 68 17 125 110 100 71 149 60 120 103 14 62 147 114 118 135 11 65 139 37 5 79 45 138 25 119 142 16 95 104 127 86 73 27 130 146 21 54 140 2 129 6 18 20 67 28 82 22 53 137 91 109 26 39 136 123 48 3 51 116 128 97 83 72 143 46 31 76 13 89 32 63 117 102 85 56 115 77 108 90 80 47 24 106 59 132 66 144 81 98 84 33 50 44 41 122 52 61 88 94 0 43 134 69 35 29 49 121 58 12 107 1 9 70 145 131 74 57 133 38 42 55 112 8 87 124 75 64 15 113 111 99 7 126 34
Coste: 9686320

GENERACION: 43
Mejor Solucion:  141 40 10 30 105 101 19 78 96 93 92 23 148 4 36 68 17 125 110 100 71 149 60 120 103 14 62 147 114 118 135 11 65 139 37 5 79 45 138 25 119 142 16 95 104 127 86 73 27 130 146 21 54 140 2 129 6 18 20 67 28 82 22 53 137 91 109 26 39 136 123 48 3 51 116 128 97 83 72 143 46 31 76 13 89 32 63 117 102 85 56 115 77 108 90 80 47 24 106 59 132 66 144 81 98 84 33 50 44 41 122 52 61 88 94 0 43 134 69 35 29 49 121 58 12 107 1 9 70 145 131 74 57 133 38 42 55 112 8 87 124 75 64 15 113 111 99 7 126 34
Coste: 9686320

GENERACION: 44
Mejor Solucion:  141 40 10 30 105 101 19 78 96 93 92 23 148 4 36 68 17 125 110 100 71 149 60 120 103 14 62 147 114 118 135 11 65 139 37 5 79 45 138 25 119 142 16 95 104 127 86 73 27 130 146 21 54 140 2 129 6 18 20 67 28 82 22 53 137 91 109 26 39 136 123 48 3 51 116 128 97 83 72 143 46 31 76 13 89 32 63 117 102 85 56 115 77 108 90 80 47 24 106 59 132 66 144 81 98 84 33 50 44 41 122 52 61 88 94 0 43 134 69 35 29 49 121 58 12 107 1 9 70 145 131 74 57 133 38 42 55 112 8 87 124 75 64 15 113 111 99 7 126 34
Coste: 9686320

GENERACION: 45
Mejor Solucion:  141 40 10 30 105 101 19 78 96 93 92 23 148 4 36 68 17 125 110 100 71 149 60 120 103 14 62 147 114 118 135 11 65 139 37 5 79 45 138 25 119 142 16 95 104 127 86 73 27 130 146 21 54 140 2 129 6 18 20 67 28 82 22 53 137 91 109 26 39 136 123 48 3 51 116 128 97 83 72 143 46 31 76 13 89 32 63 117 102 85 56 115 77 108 90 80 47 24 106 59 132 66 144 81 98 84 33 50 44 41 122 52 61 88 94 0 43 134 69 35 29 49 121 58 12 107 1 9 70 145 131 74 57 133 38 42 55 112 8 87 124 75 64 15 113 111 99 7 126 34
Coste: 9686320

GENERACION: 46
Mejor Solucion:  141 40 10 30 105 101 19 78 96 93 92 23 148 4 36 68 17 125 110 100 71 149 60 120 103 14 62 147 114 118 135 11 65 139 37 5 79 45 138 25 119 142 16 95 104 127 86 73 27 130 146 21 54 140 2 129 6 18 20 67 28 82 22 53 137 91 109 26 39 136 123 48 3 51 116 128 97 83 72 143 46 31 76 13 89 32 63 117 102 85 56 115 77 108 90 80 47 24 106 59 132 66 144 81 98 84 33 50 44 41 122 52 61 88 94 0 43 134 69 35 29 49 121 58 12 107 1 9 70 145 131 74 57 133 38 42 55 112 8 87 124 75 64 15 113 111 99 7 126 34
Coste: 9686320

GENERACION: 47
Mejor Solucion:  141 40 10 30 105 101 19 78 96 93 92 23 148 4 36 68 17 125 110 100 71 149 60 120 103 14 62 147 114 118 135 11 65 139 37 5 79 45 138 25 119 142 16 95 104 127 86 73 27 130 146 21 54 140 2 129 6 18 20 67 28 82 22 53 137 91 109 26 39 136 123 48 3 51 116 128 97 83 72 143 46 31 76 13 89 32 63 117 102 85 56 115 77 108 90 80 47 24 106 59 132 66 144 81 98 84 33 50 44 41 122 52 61 88 94 0 43 134 69 35 29 49 121 58 12 107 1 9 70 145 131 74 57 133 38 42 55 112 8 87 124 75 64 15 113 111 99 7 126 34
Coste: 9686320

GENERACION: 48
Mejor Solucion:  122 35 0 70 18 74 5 31 91 56 39 3 28 132 49 60 63 26 148 99 97 105 50 41 114 141 54 37 14 17 95 89 73 77 8 38 126 139 15 102 140 134 65 93 98 84 72 32 34 136 129 11 64 87 55 128 10 45 79 106 52 12 94 138 137 144 83 58 108 2 125 117 133 123 130 76 119 66 53 24 20 48 80 100 75 101 118 143 4 62 7 146 46 112 61 104 92 85 33 135 44 29 22 107 51 13 86 43 19 88 127 110 27 147 115 109 124 6 69 67 121 131 57 9 21 145 16 82 23 113 111 149 40 120 30 81 78 90 142 68 47 1 59 103 36 116 42 96 71 25
Coste: 9675708

GENERACION: 49
Mejor Solucion:  122 35 0 70 18 74 5 31 91 56 39 3 28 132 49 60 63 26 148 99 97 105 50 41 114 141 54 37 14 17 95 89 73 77 8 38 126 139 15 102 140 134 65 93 98 84 72 32 34 136 129 11 64 87 55 128 10 45 79 106 52 12 94 138 137 144 83 58 108 2 125 117 133 123 130 76 119 66 53 24 20 48 80 100 75 101 118 143 4 62 7 146 46 112 61 104 92 85 33 135 44 29 22 107 51 13 86 43 19 88 127 110 27 147 115 109 124 6 69 67 121 131 57 9 21 145 16 82 23 113 111 149 40 120 30 81 78 90 142 68 47 1 59 103 36 116 42 96 71 25
Coste: 9675708

GENERACION: 50
Mejor Solucion:  122 35 0 70 18 74 5 31 91 56 39 3 28 132 49 60 63 26 148 99 97 105 50 41 114 141 54 37 14 17 95 89 73 77 8 38 126 139 15 102 140 134 65 93 98 84 72 32 34 136 129 11 64 87 55 128 10 45 79 106 52 12 94 138 137 144 83 58 108 2 125 117 133 123 130 76 119 66 53 24 20 48 80 100 75 101 118 143 4 62 7 146 46 112 61 104 92 85 33 135 44 29 22 107 51 13 86 43 19 88 127 110 27 147 115 109 124 6 69 67 121 131 57 9 21 145 16 82 23 113 111 149 40 120 30 81 78 90 142 68 47 1 59 103 36 116 42 96 71 25
Coste: 9675708

GENERACION: 51
Mejor Solucion:  122 35 0 70 18 74 5 31 91 56 39 3 28 132 49 60 63 26 148 99 97 105 50 41 114 141 54 37 14 17 95 89 73 77 8 38 126 139 15 102 140 134 65 93 98 84 72 32 34 136 129 11 64 87 55 128 10 45 79 106 52 12 94 138 137 144 83 58 108 2 125 117 133 123 130 76 119 66 53 24 20 48 80 100 75 101 118 143 4 62 7 146 46 112 61 104 92 85 33 135 44 29 22 107 51 13 86 43 19 88 127 110 27 147 115 109 124 6 69 67 121 131 57 9 21 145 16 82 23 113 111 149 40 120 30 81 78 90 142 68 47 1 59 103 36 116 42 96 71 25
Coste: 9675708

GENERACION: 52
Mejor Solucion:  122 35 0 70 18 74 5 31 91 56 39 3 28 132 49 60 63 26 148 99 97 105 50 41 114 141 54 37 14 17 95 89 73 77 8 38 126 139 15 102 140 134 65 93 98 84 72 32 34 136 129 11 64 87 55 128 10 45 79 106 52 12 94 138 137 144 83 58 108 2 125 117 133 123 130 76 119 66 53 24 20 48 80 100 75 101 118 143 4 62 7 146 46 112 61 104 92 85 33 135 44 29 22 107 51 13 86 43 19 88 127 110 27 147 115 109 124 6 69 67 121 131 57 9 21 145 16 82 23 113 111 149 40 120 30 81 78 90 142 68 47 1 59 103 36 116 42 96 71 25
Coste: 9675708

GENERACION: 53
Mejor Solucion:  122 35 0 70 18 74 5 31 91 56 39 3 28 132 49 60 63 26 148 99 97 105 50 41 114 141 54 37 14 17 95 89 73 77 8 38 126 139 15 102 140 134 65 93 98 84 72 32 34 136 129 11 64 87 55 128 10 45 79 106 52 12 94 138 137 144 83 58 108 2 125 117 133 123 130 76 119 66 53 24 20 48 80 100 75 101 118 143 4 62 7 146 46 112 61 104 92 85 33 135 44 29 22 107 51 13 86 43 19 88 127 110 27 147 115 109 124 6 69 67 121 131 57 9 21 145 16 82 23 113 111 149 40 120 30 81 78 90 142 68 47 1 59 103 36 116 42 96 71 25
Coste: 9675708

GENERACION: 54
Mejor Solucion:  122 35 0 70 18 74 5 31 91 56 39 3 28 132 49 60 63 26 148 99 97 105 50 41 114 141 54 37 14 17 95 89 73 77 8 38 126 139 15 102 140 134 65 93 98 84 72 32 34 136 129 11 64 87 55 128 10 45 79 106 52 12 94 138 137 144 83 58 108 2 125 117 133 123 130 76 119 66 53 24 20 48 80 100 75 101 118 143 4 62 7 146 46 112 61 104 92 85 33 135 44 29 22 107 51 13 86 43 19 88 127 110 27 147 115 109 124 6 69 67 121 131 57 9 21 145 16 82 23 113 111 149 40 120 30 81 78 90 142 68 47 1 59 103 36 116 42 96 71 25
Coste: 9675708

GENERACION: 55
Mejor Solucion:  122 35 0 70 18 74 5 31 91 56 39 3 28 132 49 60 63 26 148 99 97 105 50 41 114 141 54 37 14 17 95 89 73 77 8 38 126 139 15 102 140 134 65 93 98 84 72 32 34 136 129 11 64 87 55 128 10 45 79 106 52 12 94 138 137 144 83 58 108 2 125 117 133 123 130 76 119 66 53 24 20 48 80 100 75 101 118 143 4 62 7 146 46 112 61 104 92 85 33 135 44 29 22 107 51 13 86 43 19 88 127 110 27 147 115 109 124 6 69 67 121 131 57 9 21 145 16 82 23 113 111 149 40 120 30 81 78 90 142 68 47 1 59 103 36 116 42 96 71 25
Coste: 9675708

GENERACION: 56
Mejor Solucion:  122 35 0 70 18 74 5 31 91 56 39 3 28 132 49 60 63 26 148 99 97 105 50 41 114 141 54 37 14 17 95 89 73 77 8 38 126 139 15 102 140 134 65 93 98 84 72 32 34 136 129 11 64 87 55 128 10 45 79 106 52 12 94 138 137 144 83 58 108 2 125 117 133 123 130 76 119 66 53 24 20 48 80 100 75 101 118 143 4 62 7 146 46 112 61 104 92 85 33 135 44 29 22 107 51 13 86 43 19 88 127 110 27 147 115 109 124 6 69 67 121 131 57 9 21 145 16 82 23 113 111 149 40 120 30 81 78 90 142 68 47 1 59 103 36 116 42 96 71 25
Coste: 9675708

GENERACION: 57
Mejor Solucion:  122 35 0 70 18 74 5 31 91 56 39 3 28 132 49 60 63 26 148 99 97 105 50 41 114 141 54 37 14 17 95 89 73 77 8 38 126 139 15 102 140 134 65 93 98 84 72 32 34 136 129 11 64 87 55 128 10 45 79 106 52 12 94 138 137 144 83 58 108 2 125 117 133 123 130 76 119 66 53 24 20 48 80 100 75 101 118 143 4 62 7 146 46 112 61 104 92 85 33 135 44 29 22 107 51 13 86 43 19 88 127 110 27 147 115 109 124 6 69 67 121 131 57 9 21 145 16 82 23 113 111 149 40 120 30 81 78 90 142 68 47 1 59 103 36 116 42 96 71 25
Coste: 9675708

GENERACION: 58
Mejor Solucion:  122 35 0 70 18 74 5 31 91 56 39 3 28 132 49 60 63 26 148 99 97 105 50 41 114 141 54 37 14 17 95 89 73 77 8 38 126 139 15 102 140 134 65 93 98 84 72 32 34 136 129 11 64 87 55 128 10 45 79 106 52 12 94 138 137 144 83 58 108 2 125 117 133 123 130 76 119 66 53 24 20 48 80 100 75 101 118 143 4 62 7 146 46 112 61 104 92 85 33 135 44 29 22 107 51 13 86 43 19 88 127 110 27 147 115 109 124 6 69 67 121 131 57 9 21 145 16 82 23 113 111 149 40 120 30 81 78 90 142 68 47 1 59 103 36 116 42 96 71 25
Coste: 9675708

GENERACION: 59
Mejor Solucion:  122 35 0 70 18 74 5 31 91 56 39 3 28 132 49 60 63 26 148 99 97 105 50 41 114 141 54 37 14 17 95 89 73 77 8 38 126 139 15 102 140 134 65 93 98 84 72 32 34 136 129 11 64 87 55 128 10 45 79 106 52 12 94 138 137 144 83 58 108 2 125 117 133 123 130 76 119 66 53 24 20 48 80 100 75 101 118 143 4 62 7 146 46 112 61 104 92 85 33 135 44 29 22 107 51 13 86 43 19 88 127 110 27 147 115 109 124 6 69 67 121 131 57 9 21 145 16 82 23 113 111 149 40 120 30 81 78 90 142 68 47 1 59 103 36 116 42 96 71 25
Coste: 9675708

GENERACION: 60
Mejor Solucion:  122 35 0 70 18 74 5 31 91 56 39 3 28 132 49 60 63 26 148 99 97 105 50 41 114 141 54 37 14 17 95 89 73 77 8 38 126 139 15 102 140 134 65 93 98 84 72 32 34 136 129 11 64 87 55 128 10 45 79 106 52 12 94 138 137 144 83 58 108 2 125 117 133 123 130 76 119 66 53 24 20 48 80 100 75 101 118 143 4 62 7 146 46 112 61 104 92 85 33 135 44 29 22 107 51 13 86 43 19 88 127 110 27 147 115 109 124 6 69 67 121 131 57 9 21 145 16 82 23 113 111 149 40 120 30 81 78 90 142 68 47 1 59 103 36 116 42 96 71 25
Coste: 9675708

GENERACION: 61
Mejor Solucion:  122 35 0 70 18 74 5 31 91 56 39 3 28 132 49 60 63 26 148 99 97 105 50 41 114 141 54 37 14 17 95 89 73 77 8 38 126 139 15 102 140 134 65 93 98 84 72 32 34 136 129 11 64 87 55 128 10 45 79 106 52 12 94 138 137 144 83 58 108 2 125 117 133 123 130 76 119 66 53 24 20 48 80 100 75 101 118 143 4 62 7 146 46 112 61 104 92 85 33 135 44 29 22 107 51 13 86 43 19 88 127 110 27 147 115 109 124 6 69 67 121 131 57 9 21 145 16 82 23 113 111 149 40 120 30 81 78 90 142 68 47 1 59 103 36 116 42 96 71 25
Coste: 9675708

GENERACION: 62
Mejor Solucion:  122 35 0 70 18 74 5 31 91 56 39 3 28 132 49 60 63 26 148 99 97 105 50 41 114 141 54 37 14 17 95 89 73 77 8 38 126 139 15 102 140 134 65 93 98 84 72 32 34 136 129 11 64 87 55 128 10 45 79 106 52 12 94 138 137 144 83 58 108 2 125 117 133 123 130 76 119 66 53 24 20 48 80 100 75 101 118 143 4 62 7 146 46 112 61 104 92 85 33 135 44 29 22 107 51 13 86 43 19 88 127 110 27 147 115 109 124 6 69 67 121 131 57 9 21 145 16 82 23 113 111 149 40 120 30 81 78 90 142 68 47 1 59 103 36 116 42 96 71 25
Coste: 9675708

