GENERACION: 1
Mejor Solucion:  30 131 25 69 63 67 117 65 55 76 148 34 38 89 39 0 72 110 11 136 19 98 45 51 106 124 114 84 42 112 77 137 13 144 23 127 130 50 95 142 83 149 12 56 5 129 78 119 125 62 92 96 32 135 81 128 29 68 33 101 109 121 122 31 87 35 90 8 134 22 10 47 41 75 52 102 70 133 147 123 66 103 93 53 139 57 4 27 146 28 64 17 73 16 113 46 88 44 143 54 48 74 107 118 14 26 59 145 1 2 105 15 126 85 86 116 111 49 97 108 91 7 20 60 141 120 132 36 71 24 9 58 82 37 6 100 43 80 140 18 3 79 94 61 21 40 138 104 99 115
Coste: 9694010

GENERACION: 2
Mejor Solucion:  30 131 25 69 63 67 117 65 55 76 148 34 38 89 39 0 72 110 11 136 19 98 45 51 106 124 114 84 42 112 77 137 13 144 23 127 130 50 95 142 83 149 12 56 5 129 78 119 125 62 92 96 32 135 81 128 29 68 33 101 109 121 122 31 87 35 90 8 134 22 10 47 41 75 52 102 70 133 147 123 66 103 93 53 139 57 4 27 146 28 64 17 73 16 113 46 88 44 143 54 48 74 107 118 14 26 59 145 1 2 105 15 126 85 86 116 111 49 97 108 91 7 20 60 141 120 132 36 71 24 9 58 82 37 6 100 43 80 140 18 3 79 94 61 21 40 138 104 99 115
Coste: 9694010

GENERACION: 3
Mejor Solucion:  30 131 25 69 63 67 117 65 55 76 148 34 38 89 39 0 72 110 11 136 19 98 45 51 106 124 114 84 42 112 77 137 13 144 23 127 130 50 95 142 83 149 12 56 5 129 78 119 125 62 92 96 32 135 81 128 29 68 33 101 109 121 122 31 87 35 90 8 134 22 10 47 41 75 52 102 70 133 147 123 66 103 93 53 139 57 4 27 146 28 64 17 73 16 113 46 88 44 143 54 48 74 107 118 14 26 59 145 1 2 105 15 126 85 86 116 111 49 97 108 91 7 20 60 141 120 132 36 71 24 9 58 82 37 6 100 43 80 140 18 3 79 94 61 21 40 138 104 99 115
Coste: 9694010

GENERACION: 4
Mejor Solucion:  30 131 25 69 63 67 117 65 55 76 148 34 38 89 39 0 72 110 11 136 19 98 45 51 106 124 114 84 42 112 77 137 13 144 23 127 130 50 95 142 83 149 12 56 5 129 78 119 125 62 92 96 32 135 81 128 29 68 33 101 109 121 122 31 87 35 90 8 134 22 10 47 41 75 52 102 70 133 147 123 66 103 93 53 139 57 4 27 146 28 64 17 73 16 113 46 88 44 143 54 48 74 107 118 14 26 59 145 1 2 105 15 126 85 86 116 111 49 97 108 91 7 20 60 141 120 132 36 71 24 9 58 82 37 6 100 43 80 140 18 3 79 94 61 21 40 138 104 99 115
Coste: 9694010

GENERACION: 5
Mejor Solucion:  9 110 43 98 115 60 40 58 55 95 84 79 49 20 134 69 124 127 132 90 67 139 76 71 30 105 45 125 130 61 111 1 63 114 138 135 94 86 137 119 24 128 33 101 121 107 31 87 35 136 25 38 91 10 47 41 75 52 102 70 27 147 92 66 93 53 19 123 133 74 78 68 73 113 46 88 44 143 122 118 108 26 59 16 12 2 64 15 129 85 50 54 4 146 126 117 109 145 36 103 0 29 62 96 7 39 97 48 112 99 141 51 5 21 17 104 144 82 149 80 148 34 56 131 83 116 11 140 14 120 6 100 22 72 8 106 32 77 23 3 89 18 57 13 42 28 142 37 65 81
Coste: 9661951

GENERACION: 6
Mejor Solucion:  9 110 43 98 115 60 40 58 55 95 84 79 49 20 134 69 124 127 132 90 67 139 76 71 30 105 45 125 130 61 111 1 63 114 138 135 94 86 137 119 24 128 33 101 121 107 31 87 35 136 25 38 91 10 47 41 75 52 102 70 27 147 92 66 93 53 19 123 133 74 78 68 73 113 46 88 44 143 122 118 108 26 59 16 12 2 64 15 129 85 50 54 4 146 126 117 109 145 36 103 0 29 62 96 7 39 97 48 112 99 141 51 5 21 17 104 144 82 149 80 148 34 56 131 83 116 11 140 14 120 6 100 22 72 8 106 32 77 23 3 89 18 57 13 42 28 142 37 65 81
Coste: 9661951

GENERACION: 7
Mejor Solucion:  9 110 43 98 115 60 40 58 55 95 84 79 49 20 134 69 124 127 132 90 67 139 76 71 30 105 45 125 130 61 111 1 63 114 138 135 94 86 137 119 24 128 33 101 121 107 31 87 35 136 25 38 91 10 47 41 75 52 102 70 27 147 92 66 93 53 19 123 133 74 78 68 73 113 46 88 44 143 122 118 108 26 59 16 12 2 64 15 129 85 50 54 4 146 126 117 109 145 36 103 0 29 62 96 7 39 97 48 112 99 141 51 5 21 17 104 144 82 149 80 148 34 56 131 83 116 11 140 14 120 6 100 22 72 8 106 32 77 23 3 89 18 57 13 42 28 142 37 65 81
Coste: 9661951

GENERACION: 8
Mejor Solucion:  9 110 43 98 115 60 40 58 55 95 84 79 49 20 134 69 124 127 132 90 67 139 76 71 30 105 45 125 130 61 111 1 63 114 138 135 94 86 137 119 24 128 33 101 121 107 31 87 35 136 25 38 91 10 47 41 75 52 102 70 27 147 92 66 93 53 19 123 133 74 78 68 73 113 46 88 44 143 122 118 108 26 59 16 12 2 64 15 129 85 50 54 4 146 126 117 109 145 36 103 0 29 62 96 7 39 97 48 112 99 141 51 5 21 17 104 144 82 149 80 148 34 56 131 83 116 11 140 14 120 6 100 22 72 8 106 32 77 23 3 89 18 57 13 42 28 142 37 65 81
Coste: 9661951

GENERACION: 9
Mejor Solucion:  9 110 43 98 115 60 40 58 55 95 84 79 49 20 134 69 124 127 132 90 67 139 76 71 30 105 45 125 130 61 111 1 63 114 138 135 94 86 137 119 24 128 33 101 121 107 31 87 35 136 25 38 91 10 47 41 75 52 102 70 27 147 92 66 93 53 19 123 133 74 78 68 73 113 46 88 44 143 122 118 108 26 59 16 12 2 64 15 129 85 50 54 4 146 126 117 109 145 36 103 0 29 62 96 7 39 97 48 112 99 141 51 5 21 17 104 144 82 149 80 148 34 56 131 83 116 11 140 14 120 6 100 22 72 8 106 32 77 23 3 89 18 57 13 42 28 142 37 65 81
Coste: 9661951

GENERACION: 10
Mejor Solucion:  9 110 43 98 115 60 40 58 55 95 84 79 49 20 134 69 124 127 132 90 67 139 76 71 30 105 45 125 130 61 111 1 63 114 138 135 94 86 137 119 24 128 33 101 121 107 31 87 35 136 25 38 91 10 47 41 75 52 102 70 27 147 92 66 93 53 19 123 133 74 78 68 73 113 46 88 44 143 122 118 108 26 59 16 12 2 64 15 129 85 50 54 4 146 126 117 109 145 36 103 0 29 62 96 7 39 97 48 112 99 141 51 5 21 17 104 144 82 149 80 148 34 56 131 83 116 11 140 14 120 6 100 22 72 8 106 32 77 23 3 89 18 57 13 42 28 142 37 65 81
Coste: 9661951

GENERACION: 11
Mejor Solucion:  9 110 43 98 115 60 40 58 55 95 84 79 49 20 134 69 124 127 132 90 67 139 76 71 30 105 45 125 130 61 111 1 63 114 138 135 94 86 137 119 24 128 33 101 121 107 31 87 35 136 25 38 91 10 47 41 75 52 102 70 27 147 92 66 93 53 19 123 133 74 78 68 73 113 46 88 44 143 122 118 108 26 59 16 12 2 64 15 129 85 50 54 4 146 126 117 109 145 36 103 0 29 62 96 7 39 97 48 112 99 141 51 5 21 17 104 144 82 149 80 148 34 56 131 83 116 11 140 14 120 6 100 22 72 8 106 32 77 23 3 89 18 57 13 42 28 142 37 65 81
Coste: 9661951

GENERACION: 12
Mejor Solucion:  9 110 43 98 115 60 40 58 55 95 84 79 49 20 134 69 124 127 132 90 67 139 76 71 30 105 45 125 130 61 111 1 63 114 138 135 94 86 137 119 24 128 33 101 121 107 31 87 35 136 25 38 91 10 47 41 75 52 102 70 27 147 92 66 93 53 19 123 133 74 78 68 73 113 46 88 44 143 122 118 108 26 59 16 12 2 64 15 129 85 50 54 4 146 126 117 109 145 36 103 0 29 62 96 7 39 97 48 112 99 141 51 5 21 17 104 144 82 149 80 148 34 56 131 83 116 11 140 14 120 6 100 22 72 8 106 32 77 23 3 89 18 57 13 42 28 142 37 65 81
Coste: 9661951

GENERACION: 13
Mejor Solucion:  9 110 43 98 115 60 40 58 55 95 84 79 49 20 134 69 124 127 132 90 67 139 76 71 30 105 45 125 130 61 111 1 63 114 138 135 94 86 137 119 24 128 33 101 121 107 31 87 35 136 25 38 91 10 47 41 75 52 102 70 27 147 92 66 93 53 19 123 133 74 78 68 73 113 46 88 44 143 122 118 108 26 59 16 12 2 64 15 129 85 50 54 4 146 126 117 109 145 36 103 0 29 62 96 7 39 97 48 112 99 141 51 5 21 17 104 144 82 149 80 148 34 56 131 83 116 11 140 14 120 6 100 22 72 8 106 32 77 23 3 89 18 57 13 42 28 142 37 65 81
Coste: 9661951

GENERACION: 14
Mejor Solucion:  9 110 43 98 115 60 40 58 55 95 84 79 49 20 134 69 124 127 132 90 67 139 76 71 30 105 45 125 130 61 111 1 63 114 138 135 94 86 137 119 24 128 33 101 121 107 31 87 35 136 25 38 91 10 47 41 75 52 102 70 27 147 92 66 93 53 19 123 133 74 78 68 73 113 46 88 44 143 122 118 108 26 59 16 12 2 64 15 129 85 50 54 4 146 126 117 109 145 36 103 0 29 62 96 7 39 97 48 112 99 141 51 5 21 17 104 144 82 149 80 148 34 56 131 83 116 11 140 14 120 6 100 22 72 8 106 32 77 23 3 89 18 57 13 42 28 142 37 65 81
Coste: 9661951

GENERACION: 15
Mejor Solucion:  9 110 43 98 115 60 40 58 55 95 84 79 49 20 134 69 124 127 132 90 67 139 76 71 30 105 45 125 130 61 111 1 63 114 138 135 94 86 137 119 24 128 33 101 121 107 31 87 35 136 25 38 91 10 47 41 75 52 102 70 27 147 92 66 93 53 19 123 133 74 78 68 73 113 46 88 44 143 122 118 108 26 59 16 12 2 64 15 129 85 50 54 4 146 126 117 109 145 36 103 0 29 62 96 7 39 97 48 112 99 141 51 5 21 17 104 144 82 149 80 148 34 56 131 83 116 11 140 14 120 6 100 22 72 8 106 32 77 23 3 89 18 57 13 42 28 142 37 65 81
Coste: 9661951

GENERACION: 16
Mejor Solucion:  9 110 43 98 115 60 40 58 55 95 84 79 49 20 134 69 124 127 132 90 67 139 76 71 30 105 45 125 130 61 111 1 63 114 138 135 94 86 137 119 24 128 33 101 121 107 31 87 35 136 25 38 91 10 47 41 75 52 102 70 27 147 92 66 93 53 19 123 133 74 78 68 73 113 46 88 44 143 122 118 108 26 59 16 12 2 64 15 129 85 50 54 4 146 126 117 109 145 36 103 0 29 62 96 7 39 97 48 112 99 141 51 5 21 17 104 144 82 149 80 148 34 56 131 83 116 11 140 14 120 6 100 22 72 8 106 32 77 23 3 89 18 57 13 42 28 142 37 65 81
Coste: 9661951

GENERACION: 17
Mejor Solucion:  9 110 43 98 115 60 40 58 55 95 84 79 49 20 134 69 124 127 132 90 67 139 76 71 30 105 45 125 130 61 111 1 63 114 138 135 94 86 137 119 24 128 33 101 121 107 31 87 35 136 25 38 91 10 47 41 75 52 102 70 27 147 92 66 93 53 19 123 133 74 78 68 73 113 46 88 44 143 122 118 108 26 59 16 12 2 64 15 129 85 50 54 4 146 126 117 109 145 36 103 0 29 62 96 7 39 97 48 112 99 141 51 5 21 17 104 144 82 149 80 148 34 56 131 83 116 11 140 14 120 6 100 22 72 8 106 32 77 23 3 89 18 57 13 42 28 142 37 65 81
Coste: 9661951

GENERACION: 18
Mejor Solucion:  9 110 43 98 115 60 40 58 55 95 84 79 49 20 134 69 124 127 132 90 67 139 76 71 30 105 45 125 130 61 111 1 63 114 138 135 94 86 137 119 24 128 33 101 121 107 31 87 35 136 25 38 91 10 47 41 75 52 102 70 27 147 92 66 93 53 19 123 133 74 78 68 73 113 46 88 44 143 122 118 108 26 59 16 12 2 64 15 129 85 50 54 4 146 126 117 109 145 36 103 0 29 62 96 7 39 97 48 112 99 141 51 5 21 17 104 144 82 149 80 148 34 56 131 83 116 11 140 14 120 6 100 22 72 8 106 32 77 23 3 89 18 57 13 42 28 142 37 65 81
Coste: 9661951

GENERACION: 19
Mejor Solucion:  9 110 43 98 115 60 40 58 55 95 84 79 49 20 134 69 124 127 132 90 67 139 76 71 30 105 45 125 130 61 111 1 63 114 138 135 94 86 137 119 24 128 33 101 121 107 31 87 35 136 25 38 91 10 47 41 75 52 102 70 27 147 92 66 93 53 19 123 133 74 78 68 73 113 46 88 44 143 122 118 108 26 59 16 12 2 64 15 129 85 50 54 4 146 126 117 109 145 36 103 0 29 62 96 7 39 97 48 112 99 141 51 5 21 17 104 144 82 149 80 148 34 56 131 83 116 11 140 14 120 6 100 22 72 8 106 32 77 23 3 89 18 57 13 42 28 142 37 65 81
Coste: 9661951

GENERACION: 20
Mejor Solucion:  9 110 43 98 115 60 40 58 55 95 84 79 49 20 134 69 124 127 132 90 67 139 76 71 30 105 45 125 130 61 111 1 63 114 138 135 94 86 137 119 24 128 33 101 121 107 31 87 35 136 25 38 91 10 47 41 75 52 102 70 27 147 92 66 93 53 19 123 133 74 78 68 73 113 46 88 44 143 122 118 108 26 59 16 12 2 64 15 129 85 50 54 4 146 126 117 109 145 36 103 0 29 62 96 7 39 97 48 112 99 141 51 5 21 17 104 144 82 149 80 148 34 56 131 83 116 11 140 14 120 6 100 22 72 8 106 32 77 23 3 89 18 57 13 42 28 142 37 65 81
Coste: 9661951

GENERACION: 21
Mejor Solucion:  9 110 43 98 115 60 40 58 55 95 84 79 49 20 134 69 124 127 132 90 67 139 76 71 30 105 45 125 130 61 111 1 63 114 138 135 94 86 137 119 24 128 33 101 121 107 31 87 35 136 25 38 91 10 47 41 75 52 102 70 27 147 92 66 93 53 19 123 133 74 78 68 73 113 46 88 44 143 122 118 108 26 59 16 12 2 64 15 129 85 50 54 4 146 126 117 109 145 36 103 0 29 62 96 7 39 97 48 112 99 141 51 5 21 17 104 144 82 149 80 148 34 56 131 83 116 11 140 14 120 6 100 22 72 8 106 32 77 23 3 89 18 57 13 42 28 142 37 65 81
Coste: 9661951

GENERACION: 22
Mejor Solucion:  9 110 43 98 115 60 40 58 55 95 84 79 49 20 134 69 124 127 132 90 67 139 76 71 30 105 45 125 130 61 111 1 63 114 138 135 94 86 137 119 24 128 33 101 121 107 31 87 35 136 25 38 91 10 47 41 75 52 102 70 27 147 92 66 93 53 19 123 133 74 78 68 73 113 46 88 44 143 122 118 108 26 59 16 12 2 64 15 129 85 50 54 4 146 126 117 109 145 36 103 0 29 62 96 7 39 97 48 112 99 141 51 5 21 17 104 144 82 149 80 148 34 56 131 83 116 11 140 14 120 6 100 22 72 8 106 32 77 23 3 89 18 57 13 42 28 142 37 65 81
Coste: 9661951

GENERACION: 23
Mejor Solucion:  9 110 43 98 115 60 40 58 55 95 84 79 49 20 134 69 124 127 132 90 67 139 76 71 30 105 45 125 130 61 111 1 63 114 138 135 94 86 137 119 24 128 33 101 121 107 31 87 35 136 25 38 91 10 47 41 75 52 102 70 27 147 92 66 93 53 19 123 133 74 78 68 73 113 46 88 44 143 122 118 108 26 59 16 12 2 64 15 129 85 50 54 4 146 126 117 109 145 36 103 0 29 62 96 7 39 97 48 112 99 141 51 5 21 17 104 144 82 149 80 148 34 56 131 83 116 11 140 14 120 6 100 22 72 8 106 32 77 23 3 89 18 57 13 42 28 142 37 65 81
Coste: 9661951

GENERACION: 24
Mejor Solucion:  9 110 43 98 115 60 40 58 55 95 84 79 49 20 134 69 124 127 132 90 67 139 76 71 30 105 45 125 130 61 111 1 63 114 138 135 94 86 137 119 24 128 33 101 121 107 31 87 35 136 25 38 91 10 47 41 75 52 102 70 27 147 92 66 93 53 19 123 133 74 78 68 73 113 46 88 44 143 122 118 108 26 59 16 12 2 64 15 129 85 50 54 4 146 126 117 109 145 36 103 0 29 62 96 7 39 97 48 112 99 141 51 5 21 17 104 144 82 149 80 148 34 56 131 83 116 11 140 14 120 6 100 22 72 8 106 32 77 23 3 89 18 57 13 42 28 142 37 65 81
Coste: 9661951

GENERACION: 25
Mejor Solucion:  9 110 43 98 115 60 40 58 55 95 84 79 49 20 134 69 124 127 132 90 67 139 76 71 30 105 45 125 130 61 111 1 63 114 138 135 94 86 137 119 24 128 33 101 121 107 31 87 35 136 25 38 91 10 47 41 75 52 102 70 27 147 92 66 93 53 19 123 133 74 78 68 73 113 46 88 44 143 122 118 108 26 59 16 12 2 64 15 129 85 50 54 4 146 126 117 109 145 36 103 0 29 62 96 7 39 97 48 112 99 141 51 5 21 17 104 144 82 149 80 148 34 56 131 83 116 11 140 14 120 6 100 22 72 8 106 32 77 23 3 89 18 57 13 42 28 142 37 65 81
Coste: 9661951

GENERACION: 26
Mejor Solucion:  9 110 43 98 115 60 40 58 55 95 84 79 49 20 134 69 124 127 132 90 67 139 76 71 30 105 45 125 130 61 111 1 63 114 138 135 94 86 137 119 24 128 33 101 121 107 31 87 35 136 25 38 91 10 47 41 75 52 102 70 27 147 92 66 93 53 19 123 133 74 78 68 73 113 46 88 44 143 122 118 108 26 59 16 12 2 64 15 129 85 50 54 4 146 126 117 109 145 36 103 0 29 62 96 7 39 97 48 112 99 141 51 5 21 17 104 144 82 149 80 148 34 56 131 83 116 11 140 14 120 6 100 22 72 8 106 32 77 23 3 89 18 57 13 42 28 142 37 65 81
Coste: 9661951

GENERACION: 27
Mejor Solucion:  9 110 43 98 115 60 40 58 55 95 84 79 49 20 134 69 124 127 132 90 67 139 76 71 30 105 45 125 130 61 111 1 63 114 138 135 94 86 137 119 24 128 33 101 121 107 31 87 35 136 25 38 91 10 47 41 75 52 102 70 27 147 92 66 93 53 19 123 133 74 78 68 73 113 46 88 44 143 122 118 108 26 59 16 12 2 64 15 129 85 50 54 4 146 126 117 109 145 36 103 0 29 62 96 7 39 97 48 112 99 141 51 5 21 17 104 144 82 149 80 148 34 56 131 83 116 11 140 14 120 6 100 22 72 8 106 32 77 23 3 89 18 57 13 42 28 142 37 65 81
Coste: 9661951

GENERACION: 28
Mejor Solucion:  9 110 43 98 115 60 40 58 55 95 84 79 49 20 134 69 124 127 132 90 67 139 76 71 30 105 45 125 130 61 111 1 63 114 138 135 94 86 137 119 24 128 33 101 121 107 31 87 35 136 25 38 91 10 47 41 75 52 102 70 27 147 92 66 93 53 19 123 133 74 78 68 73 113 46 88 44 143 122 118 108 26 59 16 12 2 64 15 129 85 50 54 4 146 126 117 109 145 36 103 0 29 62 96 7 39 97 48 112 99 141 51 5 21 17 104 144 82 149 80 148 34 56 131 83 116 11 140 14 120 6 100 22 72 8 106 32 77 23 3 89 18 57 13 42 28 142 37 65 81
Coste: 9661951

GENERACION: 29
Mejor Solucion:  9 110 43 98 115 60 40 58 55 95 84 79 49 20 134 69 124 127 132 90 67 139 76 71 30 105 45 125 130 61 111 1 63 114 138 135 94 86 137 119 24 128 33 101 121 107 31 87 35 136 25 38 91 10 47 41 75 52 102 70 27 147 92 66 93 53 19 123 133 74 78 68 73 113 46 88 44 143 122 118 108 26 59 16 12 2 64 15 129 85 50 54 4 146 126 117 109 145 36 103 0 29 62 96 7 39 97 48 112 99 141 51 5 21 17 104 144 82 149 80 148 34 56 131 83 116 11 140 14 120 6 100 22 72 8 106 32 77 23 3 89 18 57 13 42 28 142 37 65 81
Coste: 9661951

GENERACION: 30
Mejor Solucion:  9 110 43 98 115 60 40 58 55 95 84 79 49 20 134 69 124 127 132 90 67 139 76 71 30 105 45 125 130 61 111 1 63 114 138 135 94 86 137 119 24 128 33 101 121 107 31 87 35 136 25 38 91 10 47 41 75 52 102 70 27 147 92 66 93 53 19 123 133 74 78 68 73 113 46 88 44 143 122 118 108 26 59 16 12 2 64 15 129 85 50 54 4 146 126 117 109 145 36 103 0 29 62 96 7 39 97 48 112 99 141 51 5 21 17 104 144 82 149 80 148 34 56 131 83 116 11 140 14 120 6 100 22 72 8 106 32 77 23 3 89 18 57 13 42 28 142 37 65 81
Coste: 9661951

GENERACION: 31
Mejor Solucion:  9 110 43 98 115 60 40 58 55 95 84 79 49 20 134 69 124 127 132 90 67 139 76 71 30 105 45 125 130 61 111 1 63 114 138 135 94 86 137 119 24 128 33 101 121 107 31 87 35 136 25 38 91 10 47 41 75 52 102 70 27 147 92 66 93 53 19 123 133 74 78 68 73 113 46 88 44 143 122 118 108 26 59 16 12 2 64 15 129 85 50 54 4 146 126 117 109 145 36 103 0 29 62 96 7 39 97 48 112 99 141 51 5 21 17 104 144 82 149 80 148 34 56 131 83 116 11 140 14 120 6 100 22 72 8 106 32 77 23 3 89 18 57 13 42 28 142 37 65 81
Coste: 9661951

GENERACION: 32
Mejor Solucion:  9 110 43 98 115 60 40 58 55 95 84 79 49 20 134 69 124 127 132 90 67 139 76 71 30 105 45 125 130 61 111 1 63 114 138 135 94 86 137 119 24 128 33 101 121 107 31 87 35 136 25 38 91 10 47 41 75 52 102 70 27 147 92 66 93 53 19 123 133 74 78 68 73 113 46 88 44 143 122 118 108 26 59 16 12 2 64 15 129 85 50 54 4 146 126 117 109 145 36 103 0 29 62 96 7 39 97 48 112 99 141 51 5 21 17 104 144 82 149 80 148 34 56 131 83 116 11 140 14 120 6 100 22 72 8 106 32 77 23 3 89 18 57 13 42 28 142 37 65 81
Coste: 9661951

GENERACION: 33
Mejor Solucion:  9 110 43 98 115 60 40 58 55 95 84 79 49 20 134 69 124 127 132 90 67 139 76 71 30 105 45 125 130 61 111 1 63 114 138 135 94 86 137 119 24 128 33 101 121 107 31 87 35 136 25 38 91 10 47 41 75 52 102 70 27 147 92 66 93 53 19 123 133 74 78 68 73 113 46 88 44 143 122 118 108 26 59 16 12 2 64 15 129 85 50 54 4 146 126 117 109 145 36 103 0 29 62 96 7 39 97 48 112 99 141 51 5 21 17 104 144 82 149 80 148 34 56 131 83 116 11 140 14 120 6 100 22 72 8 106 32 77 23 3 89 18 57 13 42 28 142 37 65 81
Coste: 9661951

GENERACION: 34
Mejor Solucion:  88 6 19 0 123 59 107 98 103 80 109 141 25 138 128 140 58 41 82 75 85 53 64 32 115 125 8 131 61 110 21 36 2 77 100 135 102 117 139 116 54 47 27 134 49 20 126 148 57 70 132 18 96 65 9 146 71 1 94 121 23 48 68 130 149 90 129 15 78 7 133 74 73 113 108 124 44 144 122 118 120 26 29 56 111 63 97 28 76 51 114 43 3 24 14 10 66 37 34 42 142 30 84 40 101 13 5 104 81 91 106 93 50 4 72 62 87 83 46 95 112 69 105 38 79 86 35 33 119 60 99 39 137 52 12 45 145 136 127 147 17 16 67 89 143 31 11 92 55 22
Coste: 9658161

GENERACION: 35
Mejor Solucion:  88 6 19 0 123 59 107 98 103 80 109 141 25 138 128 140 58 41 82 75 85 53 64 32 115 125 8 131 61 110 21 36 2 77 100 135 102 117 139 116 54 47 27 134 49 20 126 148 57 70 132 18 96 65 9 146 71 1 94 121 23 48 68 130 149 90 129 15 78 7 133 74 73 113 108 124 44 144 122 118 120 26 29 56 111 63 97 28 76 51 114 43 3 24 14 10 66 37 34 42 142 30 84 40 101 13 5 104 81 91 106 93 50 4 72 62 87 83 46 95 112 69 105 38 79 86 35 33 119 60 99 39 137 52 12 45 145 136 127 147 17 16 67 89 143 31 11 92 55 22
Coste: 9658161

GENERACION: 36
Mejor Solucion:  88 6 19 0 123 59 107 98 103 80 109 141 25 138 128 140 58 41 82 75 85 53 64 32 115 125 8 131 61 110 21 36 2 77 100 135 102 117 139 116 54 47 27 134 49 20 126 148 57 70 132 18 96 65 9 146 71 1 94 121 23 48 68 130 149 90 129 15 78 7 133 74 73 113 108 124 44 144 122 118 120 26 29 56 111 63 97 28 76 51 114 43 3 24 14 10 66 37 34 42 142 30 84 40 101 13 5 104 81 91 106 93 50 4 72 62 87 83 46 95 112 69 105 38 79 86 35 33 119 60 99 39 137 52 12 45 145 136 127 147 17 16 67 89 143 31 11 92 55 22
Coste: 9658161

GENERACION: 37
Mejor Solucion:  88 6 19 0 123 59 107 98 103 80 109 141 25 138 128 140 58 41 82 75 85 53 64 32 115 125 8 131 61 110 21 36 2 77 100 135 102 117 139 116 54 47 27 134 49 20 126 148 57 70 132 18 96 65 9 146 71 1 94 121 23 48 68 130 149 90 129 15 78 7 133 74 73 113 108 124 44 144 122 118 120 26 29 56 111 63 97 28 76 51 114 43 3 24 14 10 66 37 34 42 142 30 84 40 101 13 5 104 81 91 106 93 50 4 72 62 87 83 46 95 112 69 105 38 79 86 35 33 119 60 99 39 137 52 12 45 145 136 127 147 17 16 67 89 143 31 11 92 55 22
Coste: 9658161

GENERACION: 38
Mejor Solucion:  88 6 19 0 123 59 107 98 103 80 109 141 25 138 128 140 58 41 82 75 85 53 64 32 115 125 8 131 61 110 21 36 2 77 100 135 102 117 139 116 54 47 27 134 49 20 126 148 57 70 132 18 96 65 9 146 71 1 94 121 23 48 68 130 149 90 129 15 78 7 133 74 73 113 108 124 44 144 122 118 120 26 29 56 111 63 97 28 76 51 114 43 3 24 14 10 66 37 34 42 142 30 84 40 101 13 5 104 81 91 106 93 50 4 72 62 87 83 46 95 112 69 105 38 79 86 35 33 119 60 99 39 137 52 12 45 145 136 127 147 17 16 67 89 143 31 11 92 55 22
Coste: 9658161

GENERACION: 39
Mejor Solucion:  88 6 19 0 123 59 107 98 103 80 109 141 25 138 128 140 58 41 82 75 85 53 64 32 115 125 8 131 61 110 21 36 2 77 100 135 102 117 139 116 54 47 27 134 49 20 126 148 57 70 132 18 96 65 9 146 71 1 94 121 23 48 68 130 149 90 129 15 78 7 133 74 73 113 108 124 44 144 122 118 120 26 29 56 111 63 97 28 76 51 114 43 3 24 14 10 66 37 34 42 142 30 84 40 101 13 5 104 81 91 106 93 50 4 72 62 87 83 46 95 112 69 105 38 79 86 35 33 119 60 99 39 137 52 12 45 145 136 127 147 17 16 67 89 143 31 11 92 55 22
Coste: 9658161

GENERACION: 40
Mejor Solucion:  88 6 19 0 123 59 107 98 103 80 109 141 25 138 128 140 58 41 82 75 85 53 64 32 115 125 8 131 61 110 21 36 2 77 100 135 102 117 139 116 54 47 27 134 49 20 126 148 57 70 132 18 96 65 9 146 71 1 94 121 23 48 68 130 149 90 129 15 78 7 133 74 73 113 108 124 44 144 122 118 120 26 29 56 111 63 97 28 76 51 114 43 3 24 14 10 66 37 34 42 142 30 84 40 101 13 5 104 81 91 106 93 50 4 72 62 87 83 46 95 112 69 105 38 79 86 35 33 119 60 99 39 137 52 12 45 145 136 127 147 17 16 67 89 143 31 11 92 55 22
Coste: 9658161

GENERACION: 41
Mejor Solucion:  88 6 19 0 123 59 107 98 103 80 109 141 25 138 128 140 58 41 82 75 85 53 64 32 115 125 8 131 61 110 21 36 2 77 100 135 102 117 139 116 54 47 27 134 49 20 126 148 57 70 132 18 96 65 9 146 71 1 94 121 23 48 68 130 149 90 129 15 78 7 133 74 73 113 108 124 44 144 122 118 120 26 29 56 111 63 97 28 76 51 114 43 3 24 14 10 66 37 34 42 142 30 84 40 101 13 5 104 81 91 106 93 50 4 72 62 87 83 46 95 112 69 105 38 79 86 35 33 119 60 99 39 137 52 12 45 145 136 127 147 17 16 67 89 143 31 11 92 55 22
Coste: 9658161

GENERACION: 42
Mejor Solucion:  88 6 19 0 123 59 107 98 103 80 109 141 25 138 128 140 58 41 82 75 85 53 64 32 115 125 8 131 61 110 21 36 2 77 100 135 102 117 139 116 54 47 27 134 49 20 126 148 57 70 132 18 96 65 9 146 71 1 94 121 23 48 68 130 149 90 129 15 78 7 133 74 73 113 108 124 44 144 122 118 120 26 29 56 111 63 97 28 76 51 114 43 3 24 14 10 66 37 34 42 142 30 84 40 101 13 5 104 81 91 106 93 50 4 72 62 87 83 46 95 112 69 105 38 79 86 35 33 119 60 99 39 137 52 12 45 145 136 127 147 17 16 67 89 143 31 11 92 55 22
Coste: 9658161

GENERACION: 43
Mejor Solucion:  88 6 19 0 123 59 107 98 103 80 109 141 25 138 128 140 58 41 82 75 85 53 64 32 115 125 8 131 61 110 21 36 2 77 100 135 102 117 139 116 54 47 27 134 49 20 126 148 57 70 132 18 96 65 9 146 71 1 94 121 23 48 68 130 149 90 129 15 78 7 133 74 73 113 108 124 44 144 122 118 120 26 29 56 111 63 97 28 76 51 114 43 3 24 14 10 66 37 34 42 142 30 84 40 101 13 5 104 81 91 106 93 50 4 72 62 87 83 46 95 112 69 105 38 79 86 35 33 119 60 99 39 137 52 12 45 145 136 127 147 17 16 67 89 143 31 11 92 55 22
Coste: 9658161

GENERACION: 44
Mejor Solucion:  88 6 19 0 123 59 107 98 103 80 109 141 25 138 128 140 58 41 82 75 85 53 64 32 115 125 8 131 61 110 21 36 2 77 100 135 102 117 139 116 54 47 27 134 49 20 126 148 57 70 132 18 96 65 9 146 71 1 94 121 23 48 68 130 149 90 129 15 78 7 133 74 73 113 108 124 44 144 122 118 120 26 29 56 111 63 97 28 76 51 114 43 3 24 14 10 66 37 34 42 142 30 84 40 101 13 5 104 81 91 106 93 50 4 72 62 87 83 46 95 112 69 105 38 79 86 35 33 119 60 99 39 137 52 12 45 145 136 127 147 17 16 67 89 143 31 11 92 55 22
Coste: 9658161

GENERACION: 45
Mejor Solucion:  88 6 19 0 123 59 107 98 103 80 109 141 25 138 128 140 58 41 82 75 85 53 64 32 115 125 8 131 61 110 21 36 2 77 100 135 102 117 139 116 54 47 27 134 49 20 126 148 57 70 132 18 96 65 9 146 71 1 94 121 23 48 68 130 149 90 129 15 78 7 133 74 73 113 108 124 44 144 122 118 120 26 29 56 111 63 97 28 76 51 114 43 3 24 14 10 66 37 34 42 142 30 84 40 101 13 5 104 81 91 106 93 50 4 72 62 87 83 46 95 112 69 105 38 79 86 35 33 119 60 99 39 137 52 12 45 145 136 127 147 17 16 67 89 143 31 11 92 55 22
Coste: 9658161

GENERACION: 46
Mejor Solucion:  88 6 19 0 123 59 107 98 103 80 109 141 25 138 128 140 58 41 82 75 85 53 64 32 115 125 8 131 61 110 21 36 2 77 100 135 102 117 139 116 54 47 27 134 49 20 126 148 57 70 132 18 96 65 9 146 71 1 94 121 23 48 68 130 149 90 129 15 78 7 133 74 73 113 108 124 44 144 122 118 120 26 29 56 111 63 97 28 76 51 114 43 3 24 14 10 66 37 34 42 142 30 84 40 101 13 5 104 81 91 106 93 50 4 72 62 87 83 46 95 112 69 105 38 79 86 35 33 119 60 99 39 137 52 12 45 145 136 127 147 17 16 67 89 143 31 11 92 55 22
Coste: 9658161

GENERACION: 47
Mejor Solucion:  88 6 19 0 123 59 107 98 103 80 109 141 25 138 128 140 58 41 82 75 85 53 64 32 115 125 8 131 61 110 21 36 2 77 100 135 102 117 139 116 54 47 27 134 49 20 126 148 57 70 132 18 96 65 9 146 71 1 94 121 23 48 68 130 149 90 129 15 78 7 133 74 73 113 108 124 44 144 122 118 120 26 29 56 111 63 97 28 76 51 114 43 3 24 14 10 66 37 34 42 142 30 84 40 101 13 5 104 81 91 106 93 50 4 72 62 87 83 46 95 112 69 105 38 79 86 35 33 119 60 99 39 137 52 12 45 145 136 127 147 17 16 67 89 143 31 11 92 55 22
Coste: 9658161

GENERACION: 48
Mejor Solucion:  88 6 19 0 123 59 107 98 103 80 109 141 25 138 128 140 58 41 82 75 85 53 64 32 115 125 8 131 61 110 21 36 2 77 100 135 102 117 139 116 54 47 27 134 49 20 126 148 57 70 132 18 96 65 9 146 71 1 94 121 23 48 68 130 149 90 129 15 78 7 133 74 73 113 108 124 44 144 122 118 120 26 29 56 111 63 97 28 76 51 114 43 3 24 14 10 66 37 34 42 142 30 84 40 101 13 5 104 81 91 106 93 50 4 72 62 87 83 46 95 112 69 105 38 79 86 35 33 119 60 99 39 137 52 12 45 145 136 127 147 17 16 67 89 143 31 11 92 55 22
Coste: 9658161

GENERACION: 49
Mejor Solucion:  88 6 19 0 123 59 107 98 103 80 109 141 25 138 128 140 58 41 82 75 85 53 64 32 115 125 8 131 61 110 21 36 2 77 100 135 102 117 139 116 54 47 27 134 49 20 126 148 57 70 132 18 96 65 9 146 71 1 94 121 23 48 68 130 149 90 129 15 78 7 133 74 73 113 108 124 44 144 122 118 120 26 29 56 111 63 97 28 76 51 114 43 3 24 14 10 66 37 34 42 142 30 84 40 101 13 5 104 81 91 106 93 50 4 72 62 87 83 46 95 112 69 105 38 79 86 35 33 119 60 99 39 137 52 12 45 145 136 127 147 17 16 67 89 143 31 11 92 55 22
Coste: 9658161

GENERACION: 50
Mejor Solucion:  88 6 19 0 123 59 107 98 103 80 109 141 25 138 128 140 58 41 82 75 85 53 64 32 115 125 8 131 61 110 21 36 2 77 100 135 102 117 139 116 54 47 27 134 49 20 126 148 57 70 132 18 96 65 9 146 71 1 94 121 23 48 68 130 149 90 129 15 78 7 133 74 73 113 108 124 44 144 122 118 120 26 29 56 111 63 97 28 76 51 114 43 3 24 14 10 66 37 34 42 142 30 84 40 101 13 5 104 81 91 106 93 50 4 72 62 87 83 46 95 112 69 105 38 79 86 35 33 119 60 99 39 137 52 12 45 145 136 127 147 17 16 67 89 143 31 11 92 55 22
Coste: 9658161

GENERACION: 51
Mejor Solucion:  88 6 19 0 123 59 107 98 103 80 109 141 25 138 128 140 58 41 82 75 85 53 64 32 115 125 8 131 61 110 21 36 2 77 100 135 102 117 139 116 54 47 27 134 49 20 126 148 57 70 132 18 96 65 9 146 71 1 94 121 23 48 68 130 149 90 129 15 78 7 133 74 73 113 108 124 44 144 122 118 120 26 29 56 111 63 97 28 76 51 114 43 3 24 14 10 66 37 34 42 142 30 84 40 101 13 5 104 81 91 106 93 50 4 72 62 87 83 46 95 112 69 105 38 79 86 35 33 119 60 99 39 137 52 12 45 145 136 127 147 17 16 67 89 143 31 11 92 55 22
Coste: 9658161

GENERACION: 52
Mejor Solucion:  88 6 19 0 123 59 107 98 103 80 109 141 25 138 128 140 58 41 82 75 85 53 64 32 115 125 8 131 61 110 21 36 2 77 100 135 102 117 139 116 54 47 27 134 49 20 126 148 57 70 132 18 96 65 9 146 71 1 94 121 23 48 68 130 149 90 129 15 78 7 133 74 73 113 108 124 44 144 122 118 120 26 29 56 111 63 97 28 76 51 114 43 3 24 14 10 66 37 34 42 142 30 84 40 101 13 5 104 81 91 106 93 50 4 72 62 87 83 46 95 112 69 105 38 79 86 35 33 119 60 99 39 137 52 12 45 145 136 127 147 17 16 67 89 143 31 11 92 55 22
Coste: 9658161

GENERACION: 53
Mejor Solucion:  88 6 19 0 123 59 107 98 103 80 109 141 25 138 128 140 58 41 82 75 85 53 64 32 115 125 8 131 61 110 21 36 2 77 100 135 102 117 139 116 54 47 27 134 49 20 126 148 57 70 132 18 96 65 9 146 71 1 94 121 23 48 68 130 149 90 129 15 78 7 133 74 73 113 108 124 44 144 122 118 120 26 29 56 111 63 97 28 76 51 114 43 3 24 14 10 66 37 34 42 142 30 84 40 101 13 5 104 81 91 106 93 50 4 72 62 87 83 46 95 112 69 105 38 79 86 35 33 119 60 99 39 137 52 12 45 145 136 127 147 17 16 67 89 143 31 11 92 55 22
Coste: 9658161

GENERACION: 54
Mejor Solucion:  88 6 19 0 123 59 107 98 103 80 109 141 25 138 128 140 58 41 82 75 85 53 64 32 115 125 8 131 61 110 21 36 2 77 100 135 102 117 139 116 54 47 27 134 49 20 126 148 57 70 132 18 96 65 9 146 71 1 94 121 23 48 68 130 149 90 129 15 78 7 133 74 73 113 108 124 44 144 122 118 120 26 29 56 111 63 97 28 76 51 114 43 3 24 14 10 66 37 34 42 142 30 84 40 101 13 5 104 81 91 106 93 50 4 72 62 87 83 46 95 112 69 105 38 79 86 35 33 119 60 99 39 137 52 12 45 145 136 127 147 17 16 67 89 143 31 11 92 55 22
Coste: 9658161

GENERACION: 55
Mejor Solucion:  88 6 19 0 123 59 107 98 103 80 109 141 25 138 128 140 58 41 82 75 85 53 64 32 115 125 8 131 61 110 21 36 2 77 100 135 102 117 139 116 54 47 27 134 49 20 126 148 57 70 132 18 96 65 9 146 71 1 94 121 23 48 68 130 149 90 129 15 78 7 133 74 73 113 108 124 44 144 122 118 120 26 29 56 111 63 97 28 76 51 114 43 3 24 14 10 66 37 34 42 142 30 84 40 101 13 5 104 81 91 106 93 50 4 72 62 87 83 46 95 112 69 105 38 79 86 35 33 119 60 99 39 137 52 12 45 145 136 127 147 17 16 67 89 143 31 11 92 55 22
Coste: 9658161

GENERACION: 56
Mejor Solucion:  88 6 19 0 123 59 107 98 103 80 109 141 25 138 128 140 58 41 82 75 85 53 64 32 115 125 8 131 61 110 21 36 2 77 100 135 102 117 139 116 54 47 27 134 49 20 126 148 57 70 132 18 96 65 9 146 71 1 94 121 23 48 68 130 149 90 129 15 78 7 133 74 73 113 108 124 44 144 122 118 120 26 29 56 111 63 97 28 76 51 114 43 3 24 14 10 66 37 34 42 142 30 84 40 101 13 5 104 81 91 106 93 50 4 72 62 87 83 46 95 112 69 105 38 79 86 35 33 119 60 99 39 137 52 12 45 145 136 127 147 17 16 67 89 143 31 11 92 55 22
Coste: 9658161

GENERACION: 57
Mejor Solucion:  88 6 19 0 123 59 107 98 103 80 109 141 25 138 128 140 58 41 82 75 85 53 64 32 115 125 8 131 61 110 21 36 2 77 100 135 102 117 139 116 54 47 27 134 49 20 126 148 57 70 132 18 96 65 9 146 71 1 94 121 23 48 68 130 149 90 129 15 78 7 133 74 73 113 108 124 44 144 122 118 120 26 29 56 111 63 97 28 76 51 114 43 3 24 14 10 66 37 34 42 142 30 84 40 101 13 5 104 81 91 106 93 50 4 72 62 87 83 46 95 112 69 105 38 79 86 35 33 119 60 99 39 137 52 12 45 145 136 127 147 17 16 67 89 143 31 11 92 55 22
Coste: 9658161

GENERACION: 58
Mejor Solucion:  88 6 19 0 123 59 107 98 103 80 109 141 25 138 128 140 58 41 82 75 85 53 64 32 115 125 8 131 61 110 21 36 2 77 100 135 102 117 139 116 54 47 27 134 49 20 126 148 57 70 132 18 96 65 9 146 71 1 94 121 23 48 68 130 149 90 129 15 78 7 133 74 73 113 108 124 44 144 122 118 120 26 29 56 111 63 97 28 76 51 114 43 3 24 14 10 66 37 34 42 142 30 84 40 101 13 5 104 81 91 106 93 50 4 72 62 87 83 46 95 112 69 105 38 79 86 35 33 119 60 99 39 137 52 12 45 145 136 127 147 17 16 67 89 143 31 11 92 55 22
Coste: 9658161

GENERACION: 59
Mejor Solucion:  88 6 19 0 123 59 107 98 103 80 109 141 25 138 128 140 58 41 82 75 85 53 64 32 115 125 8 131 61 110 21 36 2 77 100 135 102 117 139 116 54 47 27 134 49 20 126 148 57 70 132 18 96 65 9 146 71 1 94 121 23 48 68 130 149 90 129 15 78 7 133 74 73 113 108 124 44 144 122 118 120 26 29 56 111 63 97 28 76 51 114 43 3 24 14 10 66 37 34 42 142 30 84 40 101 13 5 104 81 91 106 93 50 4 72 62 87 83 46 95 112 69 105 38 79 86 35 33 119 60 99 39 137 52 12 45 145 136 127 147 17 16 67 89 143 31 11 92 55 22
Coste: 9658161

GENERACION: 60
Mejor Solucion:  88 6 19 0 123 59 107 98 103 80 109 141 25 138 128 140 58 41 82 75 85 53 64 32 115 125 8 131 61 110 21 36 2 77 100 135 102 117 139 116 54 47 27 134 49 20 126 148 57 70 132 18 96 65 9 146 71 1 94 121 23 48 68 130 149 90 129 15 78 7 133 74 73 113 108 124 44 144 122 118 120 26 29 56 111 63 97 28 76 51 114 43 3 24 14 10 66 37 34 42 142 30 84 40 101 13 5 104 81 91 106 93 50 4 72 62 87 83 46 95 112 69 105 38 79 86 35 33 119 60 99 39 137 52 12 45 145 136 127 147 17 16 67 89 143 31 11 92 55 22
Coste: 9658161

GENERACION: 61
Mejor Solucion:  88 6 19 0 123 59 107 98 103 80 109 141 25 138 128 140 58 41 82 75 85 53 64 32 115 125 8 131 61 110 21 36 2 77 100 135 102 117 139 116 54 47 27 134 49 20 126 148 57 70 132 18 96 65 9 146 71 1 94 121 23 48 68 130 149 90 129 15 78 7 133 74 73 113 108 124 44 144 122 118 120 26 29 56 111 63 97 28 76 51 114 43 3 24 14 10 66 37 34 42 142 30 84 40 101 13 5 104 81 91 106 93 50 4 72 62 87 83 46 95 112 69 105 38 79 86 35 33 119 60 99 39 137 52 12 45 145 136 127 147 17 16 67 89 143 31 11 92 55 22
Coste: 9658161

GENERACION: 62
Mejor Solucion:  88 6 19 0 123 59 107 98 103 80 109 141 25 138 128 140 58 41 82 75 85 53 64 32 115 125 8 131 61 110 21 36 2 77 100 135 102 117 139 116 54 47 27 134 49 20 126 148 57 70 132 18 96 65 9 146 71 1 94 121 23 48 68 130 149 90 129 15 78 7 133 74 73 113 108 124 44 144 122 118 120 26 29 56 111 63 97 28 76 51 114 43 3 24 14 10 66 37 34 42 142 30 84 40 101 13 5 104 81 91 106 93 50 4 72 62 87 83 46 95 112 69 105 38 79 86 35 33 119 60 99 39 137 52 12 45 145 136 127 147 17 16 67 89 143 31 11 92 55 22
Coste: 9658161

GENERACION: 63
Mejor Solucion:  88 6 19 0 123 59 107 98 103 80 109 141 25 138 128 140 58 41 82 75 85 53 64 32 115 125 8 131 61 110 21 36 2 77 100 135 102 117 139 116 54 47 27 134 49 20 126 148 57 70 132 18 96 65 9 146 71 1 94 121 23 48 68 130 149 90 129 15 78 7 133 74 73 113 108 124 44 144 122 118 120 26 29 56 111 63 97 28 76 51 114 43 3 24 14 10 66 37 34 42 142 30 84 40 101 13 5 104 81 91 106 93 50 4 72 62 87 83 46 95 112 69 105 38 79 86 35 33 119 60 99 39 137 52 12 45 145 136 127 147 17 16 67 89 143 31 11 92 55 22
Coste: 9658161

