GENERACION: 1
Mejor Solucion:  40 122 109 127 105 108 11 35 78 92 38 5 52 17 55 57 10 95 110 80 87 42 44 124 100 2 112 58 71 64 25 6 36 32 63 61 68 103 23 37 106 34 51 26 89 113 45 39 4 66 20 31 12 90 7 3 65 69 88 77 79 59 94 27 91 86 121 54 50 62 18 84 43 114 125 111 107 97 0 123 104 117 73 118 13 98 8 1 99 67 14 22 126 15 49 19 30 33 41 85 96 28 101 47 56 116 93 115 70 119 24 21 74 72 16 48 53 75 46 9 29 102 60 81 120 83 76 82
Coste: 266

GENERACION: 2
Mejor Solucion:  40 122 109 127 105 108 11 35 78 92 38 5 52 17 55 57 10 95 110 80 87 42 44 124 100 2 112 58 71 64 25 6 36 32 63 61 68 103 23 37 106 34 51 26 89 113 45 39 4 66 20 31 12 90 7 3 65 69 88 77 79 59 94 27 91 86 121 54 50 62 18 84 43 114 125 111 107 97 0 123 104 117 73 118 13 98 8 1 99 67 14 22 126 15 49 19 30 33 41 85 96 28 101 47 56 116 93 115 70 119 24 21 74 72 16 48 53 75 46 9 29 102 60 81 120 83 76 82
Coste: 266

GENERACION: 3
Mejor Solucion:  40 122 109 127 105 108 11 35 78 92 38 5 52 17 55 57 10 95 110 80 87 42 44 124 100 2 112 58 71 64 25 6 36 32 63 61 68 103 23 37 106 34 51 26 89 113 45 39 4 66 20 31 12 90 7 3 65 69 88 77 79 59 94 27 91 86 121 54 50 62 18 84 43 114 125 111 107 97 0 123 104 117 73 118 13 98 8 1 99 67 14 22 126 15 49 19 30 33 41 85 96 28 101 47 56 116 93 115 70 119 24 21 74 72 16 48 53 75 46 9 29 102 60 81 120 83 76 82
Coste: 266

GENERACION: 4
Mejor Solucion:  40 122 109 127 105 108 11 35 78 92 38 5 52 17 55 57 10 95 110 80 87 42 44 124 100 2 112 58 71 64 25 6 36 32 63 61 68 103 23 37 106 34 51 26 89 113 45 39 4 66 20 31 12 90 7 3 65 69 88 77 79 59 94 27 91 86 121 54 50 62 18 84 43 114 125 111 107 97 0 123 104 117 73 118 13 98 8 1 99 67 14 22 126 15 49 19 30 33 41 85 96 28 101 47 56 116 93 115 70 119 24 21 74 72 16 48 53 75 46 9 29 102 60 81 120 83 76 82
Coste: 266

GENERACION: 5
Mejor Solucion:  40 122 109 127 105 108 11 35 78 92 38 5 52 17 55 57 10 95 110 80 87 42 44 124 100 2 112 58 71 64 25 6 36 32 63 61 68 103 23 37 106 34 51 26 89 113 45 39 4 66 20 31 12 90 7 3 65 69 88 77 79 59 94 27 91 86 121 54 50 62 18 84 43 114 125 111 107 97 0 123 104 117 73 118 13 98 8 1 99 67 14 22 126 15 49 19 30 33 41 85 96 28 101 47 56 116 93 115 70 119 24 21 74 72 16 48 53 75 46 9 29 102 60 81 120 83 76 82
Coste: 266

GENERACION: 6
Mejor Solucion:  40 122 109 127 105 108 11 35 78 92 38 5 52 17 55 57 10 95 110 80 87 42 44 124 100 2 112 58 71 64 25 6 36 32 63 61 68 103 23 37 106 34 51 26 89 113 45 39 4 66 20 31 12 90 7 3 65 69 88 77 79 59 94 27 91 86 121 54 50 62 18 84 43 114 125 111 107 97 0 123 104 117 73 118 13 98 8 1 99 67 14 22 126 15 49 19 30 33 41 85 96 28 101 47 56 116 93 115 70 119 24 21 74 72 16 48 53 75 46 9 29 102 60 81 120 83 76 82
Coste: 266

GENERACION: 7
Mejor Solucion:  40 122 109 127 105 108 11 35 78 92 38 5 52 17 55 57 10 95 110 80 87 42 44 124 100 2 112 58 71 64 25 6 36 32 63 61 68 103 23 37 106 34 51 26 89 113 45 39 4 66 20 31 12 90 7 3 65 69 88 77 79 59 94 27 91 86 121 54 50 62 18 84 43 114 125 111 107 97 0 123 104 117 73 118 13 98 8 1 99 67 14 22 126 15 49 19 30 33 41 85 96 28 101 47 56 116 93 115 70 119 24 21 74 72 16 48 53 75 46 9 29 102 60 81 120 83 76 82
Coste: 266

GENERACION: 8
Mejor Solucion:  40 122 109 127 105 108 11 35 78 92 38 5 52 17 55 57 10 95 110 80 87 42 44 124 100 2 112 58 71 64 25 6 36 32 63 61 68 103 23 37 106 34 51 26 89 113 45 39 4 66 20 31 12 90 7 3 65 69 88 77 79 59 94 27 91 86 121 54 50 62 18 84 43 114 125 111 107 97 0 123 104 117 73 118 13 98 8 1 99 67 14 22 126 15 49 19 30 33 41 85 96 28 101 47 56 116 93 115 70 119 24 21 74 72 16 48 53 75 46 9 29 102 60 81 120 83 76 82
Coste: 266

GENERACION: 9
Mejor Solucion:  40 122 109 127 105 108 11 35 78 92 38 5 52 17 55 57 10 95 110 80 87 42 44 124 100 2 112 58 71 64 25 6 36 32 63 61 68 103 23 37 106 34 51 26 89 113 45 39 4 66 20 31 12 90 7 3 65 69 88 77 79 59 94 27 91 86 121 54 50 62 18 84 43 114 125 111 107 97 0 123 104 117 73 118 13 98 8 1 99 67 14 22 126 15 49 19 30 33 41 85 96 28 101 47 56 116 93 115 70 119 24 21 74 72 16 48 53 75 46 9 29 102 60 81 120 83 76 82
Coste: 266

GENERACION: 10
Mejor Solucion:  40 122 109 127 105 108 11 35 78 92 38 5 52 17 55 57 10 95 110 80 87 42 44 124 100 2 112 58 71 64 25 6 36 32 63 61 68 103 23 37 106 34 51 26 89 113 45 39 4 66 20 31 12 90 7 3 65 69 88 77 79 59 94 27 91 86 121 54 50 62 18 84 43 114 125 111 107 97 0 123 104 117 73 118 13 98 8 1 99 67 14 22 126 15 49 19 30 33 41 85 96 28 101 47 56 116 93 115 70 119 24 21 74 72 16 48 53 75 46 9 29 102 60 81 120 83 76 82
Coste: 266

GENERACION: 11
Mejor Solucion:  40 122 109 127 105 108 11 35 78 92 38 5 52 17 55 57 10 95 110 80 87 42 44 124 100 2 112 58 71 64 25 6 36 32 63 61 68 103 23 37 106 34 51 26 89 113 45 39 4 66 20 31 12 90 7 3 65 69 88 77 79 59 94 27 91 86 121 54 50 62 18 84 43 114 125 111 107 97 0 123 104 117 73 118 13 98 8 1 99 67 14 22 126 15 49 19 30 33 41 85 96 28 101 47 56 116 93 115 70 119 24 21 74 72 16 48 53 75 46 9 29 102 60 81 120 83 76 82
Coste: 266

GENERACION: 12
Mejor Solucion:  40 122 109 127 105 108 11 35 78 92 38 5 52 17 55 57 10 95 110 80 87 42 44 124 100 2 112 58 71 64 25 6 36 32 63 61 68 103 23 37 106 34 51 26 89 113 45 39 4 66 20 31 12 90 7 3 65 69 88 77 79 59 94 27 91 86 121 54 50 62 18 84 43 114 125 111 107 97 0 123 104 117 73 118 13 98 8 1 99 67 14 22 126 15 49 19 30 33 41 85 96 28 101 47 56 116 93 115 70 119 24 21 74 72 16 48 53 75 46 9 29 102 60 81 120 83 76 82
Coste: 266

GENERACION: 13
Mejor Solucion:  40 122 109 127 105 108 11 35 78 92 38 5 52 17 55 57 10 95 110 80 87 42 44 124 100 2 112 58 71 64 25 6 36 32 63 61 68 103 23 37 106 34 51 26 89 113 45 39 4 66 20 31 12 90 7 3 65 69 88 77 79 59 94 27 91 86 121 54 50 62 18 84 43 114 125 111 107 97 0 123 104 117 73 118 13 98 8 1 99 67 14 22 126 15 49 19 30 33 41 85 96 28 101 47 56 116 93 115 70 119 24 21 74 72 16 48 53 75 46 9 29 102 60 81 120 83 76 82
Coste: 266

GENERACION: 14
Mejor Solucion:  40 122 109 127 105 108 11 35 78 92 38 5 52 17 55 57 10 95 110 80 87 42 44 124 100 2 112 58 71 64 25 6 36 32 63 61 68 103 23 37 106 34 51 26 89 113 45 39 4 66 20 31 12 90 7 3 65 69 88 77 79 59 94 27 91 86 121 54 50 62 18 84 43 114 125 111 107 97 0 123 104 117 73 118 13 98 8 1 99 67 14 22 126 15 49 19 30 33 41 85 96 28 101 47 56 116 93 115 70 119 24 21 74 72 16 48 53 75 46 9 29 102 60 81 120 83 76 82
Coste: 266

GENERACION: 15
Mejor Solucion:  40 122 109 127 105 108 11 35 78 92 38 5 52 17 55 57 10 95 110 80 87 42 44 124 100 2 112 58 71 64 25 6 36 32 63 61 68 103 23 37 106 34 51 26 89 113 45 39 4 66 20 31 12 90 7 3 65 69 88 77 79 59 94 27 91 86 121 54 50 62 18 84 43 114 125 111 107 97 0 123 104 117 73 118 13 98 8 1 99 67 14 22 126 15 49 19 30 33 41 85 96 28 101 47 56 116 93 115 70 119 24 21 74 72 16 48 53 75 46 9 29 102 60 81 120 83 76 82
Coste: 266

GENERACION: 16
Mejor Solucion:  40 122 109 127 105 108 11 35 78 92 38 5 52 17 55 57 10 95 110 80 87 42 44 124 100 2 112 58 71 64 25 6 36 32 63 61 68 103 23 37 106 34 51 26 89 113 45 39 4 66 20 31 12 90 7 3 65 69 88 77 79 59 94 27 91 86 121 54 50 62 18 84 43 114 125 111 107 97 0 123 104 117 73 118 13 98 8 1 99 67 14 22 126 15 49 19 30 33 41 85 96 28 101 47 56 116 93 115 70 119 24 21 74 72 16 48 53 75 46 9 29 102 60 81 120 83 76 82
Coste: 266

GENERACION: 17
Mejor Solucion:  40 122 109 127 105 108 11 35 78 92 38 5 52 17 55 57 10 95 110 80 87 42 44 124 100 2 112 58 71 64 25 6 36 32 63 61 68 103 23 37 106 34 51 26 89 113 45 39 4 66 20 31 12 90 7 3 65 69 88 77 79 59 94 27 91 86 121 54 50 62 18 84 43 114 125 111 107 97 0 123 104 117 73 118 13 98 8 1 99 67 14 22 126 15 49 19 30 33 41 85 96 28 101 47 56 116 93 115 70 119 24 21 74 72 16 48 53 75 46 9 29 102 60 81 120 83 76 82
Coste: 266

GENERACION: 18
Mejor Solucion:  40 122 109 127 105 108 11 35 78 92 38 5 52 17 55 57 10 95 110 80 87 42 44 124 100 2 112 58 71 64 25 6 36 32 63 61 68 103 23 37 106 34 51 26 89 113 45 39 4 66 20 31 12 90 7 3 65 69 88 77 79 59 94 27 91 86 121 54 50 62 18 84 43 114 125 111 107 97 0 123 104 117 73 118 13 98 8 1 99 67 14 22 126 15 49 19 30 33 41 85 96 28 101 47 56 116 93 115 70 119 24 21 74 72 16 48 53 75 46 9 29 102 60 81 120 83 76 82
Coste: 266

GENERACION: 19
Mejor Solucion:  40 122 109 127 105 108 11 35 78 92 38 5 52 17 55 57 10 95 110 80 87 42 44 124 100 2 112 58 71 64 25 6 36 32 63 61 68 103 23 37 106 34 51 26 89 113 45 39 4 66 20 31 12 90 7 3 65 69 88 77 79 59 94 27 91 86 121 54 50 62 18 84 43 114 125 111 107 97 0 123 104 117 73 118 13 98 8 1 99 67 14 22 126 15 49 19 30 33 41 85 96 28 101 47 56 116 93 115 70 119 24 21 74 72 16 48 53 75 46 9 29 102 60 81 120 83 76 82
Coste: 266

GENERACION: 20
Mejor Solucion:  40 122 109 127 105 108 11 35 78 92 38 5 52 17 55 57 10 95 110 80 87 42 44 124 100 2 112 58 71 64 25 6 36 32 63 61 68 103 23 37 106 34 51 26 89 113 45 39 4 66 20 31 12 90 7 3 65 69 88 77 79 59 94 27 91 86 121 54 50 62 18 84 43 114 125 111 107 97 0 123 104 117 73 118 13 98 8 1 99 67 14 22 126 15 49 19 30 33 41 85 96 28 101 47 56 116 93 115 70 119 24 21 74 72 16 48 53 75 46 9 29 102 60 81 120 83 76 82
Coste: 266

GENERACION: 21
Mejor Solucion:  40 122 109 127 105 108 11 35 78 92 38 5 52 17 55 57 10 95 110 80 87 42 44 124 100 2 112 58 71 64 25 6 36 32 63 61 68 103 23 37 106 34 51 26 89 113 45 39 4 66 20 31 12 90 7 3 65 69 88 77 79 59 94 27 91 86 121 54 50 62 18 84 43 114 125 111 107 97 0 123 104 117 73 118 13 98 8 1 99 67 14 22 126 15 49 19 30 33 41 85 96 28 101 47 56 116 93 115 70 119 24 21 74 72 16 48 53 75 46 9 29 102 60 81 120 83 76 82
Coste: 266

GENERACION: 22
Mejor Solucion:  40 122 109 127 105 108 11 35 78 92 38 5 52 17 55 57 10 95 110 80 87 42 44 124 100 2 112 58 71 64 25 6 36 32 63 61 68 103 23 37 106 34 51 26 89 113 45 39 4 66 20 31 12 90 7 3 65 69 88 77 79 59 94 27 91 86 121 54 50 62 18 84 43 114 125 111 107 97 0 123 104 117 73 118 13 98 8 1 99 67 14 22 126 15 49 19 30 33 41 85 96 28 101 47 56 116 93 115 70 119 24 21 74 72 16 48 53 75 46 9 29 102 60 81 120 83 76 82
Coste: 266

GENERACION: 23
Mejor Solucion:  40 122 109 127 105 108 11 35 78 92 38 5 52 17 55 57 10 95 110 80 87 42 44 124 100 2 112 58 71 64 25 6 36 32 63 61 68 103 23 37 106 34 51 26 89 113 45 39 4 66 20 31 12 90 7 3 65 69 88 77 79 59 94 27 91 86 121 54 50 62 18 84 43 114 125 111 107 97 0 123 104 117 73 118 13 98 8 1 99 67 14 22 126 15 49 19 30 33 41 85 96 28 101 47 56 116 93 115 70 119 24 21 74 72 16 48 53 75 46 9 29 102 60 81 120 83 76 82
Coste: 266

GENERACION: 24
Mejor Solucion:  40 122 109 127 105 108 11 35 78 92 38 5 52 17 55 57 10 95 110 80 87 42 44 124 100 2 112 58 71 64 25 6 36 32 63 61 68 103 23 37 106 34 51 26 89 113 45 39 4 66 20 31 12 90 7 3 65 69 88 77 79 59 94 27 91 86 121 54 50 62 18 84 43 114 125 111 107 97 0 123 104 117 73 118 13 98 8 1 99 67 14 22 126 15 49 19 30 33 41 85 96 28 101 47 56 116 93 115 70 119 24 21 74 72 16 48 53 75 46 9 29 102 60 81 120 83 76 82
Coste: 266

GENERACION: 25
Mejor Solucion:  40 122 109 127 105 108 11 35 78 92 38 5 52 17 55 57 10 95 110 80 87 42 44 124 100 2 112 58 71 64 25 6 36 32 63 61 68 103 23 37 106 34 51 26 89 113 45 39 4 66 20 31 12 90 7 3 65 69 88 77 79 59 94 27 91 86 121 54 50 62 18 84 43 114 125 111 107 97 0 123 104 117 73 118 13 98 8 1 99 67 14 22 126 15 49 19 30 33 41 85 96 28 101 47 56 116 93 115 70 119 24 21 74 72 16 48 53 75 46 9 29 102 60 81 120 83 76 82
Coste: 266

GENERACION: 26
Mejor Solucion:  40 122 109 127 105 108 11 35 78 92 38 5 52 17 55 57 10 95 110 80 87 42 44 124 100 2 112 58 71 64 25 6 36 32 63 61 68 103 23 37 106 34 51 26 89 113 45 39 4 66 20 31 12 90 7 3 65 69 88 77 79 59 94 27 91 86 121 54 50 62 18 84 43 114 125 111 107 97 0 123 104 117 73 118 13 98 8 1 99 67 14 22 126 15 49 19 30 33 41 85 96 28 101 47 56 116 93 115 70 119 24 21 74 72 16 48 53 75 46 9 29 102 60 81 120 83 76 82
Coste: 266

GENERACION: 27
Mejor Solucion:  68 10 69 44 13 115 60 58 118 64 4 6 36 48 127 57 103 23 37 46 51 7 79 95 16 26 120 113 114 39 25 100 2 31 24 90 20 110 65 85 77 91 86 71 8 62 18 43 75 61 119 45 94 5 117 76 121 124 98 50 87 9 17 104 14 33 28 63 3 41 99 112 73 59 1 56 84 12 83 70 35 42 27 106 97 105 0 38 22 126 101 49 122 66 88 19 15 47 116 93 107 80 21 74 72 32 29 34 53 102 96 81 89 111 82 40 30 109 125 108 11 78 92 67 123 52 54 55
Coste: 264

GENERACION: 28
Mejor Solucion:  68 10 69 44 13 115 60 58 118 64 4 6 36 48 127 57 103 23 37 46 51 7 79 95 16 26 120 113 114 39 25 100 2 31 24 90 20 110 65 85 77 91 86 71 8 62 18 43 75 61 119 45 94 5 117 76 121 124 98 50 87 9 17 104 14 33 28 63 3 41 99 112 73 59 1 56 84 12 83 70 35 42 27 106 97 105 0 38 22 126 101 49 122 66 88 19 15 47 116 93 107 80 21 74 72 32 29 34 53 102 96 81 89 111 82 40 30 109 125 108 11 78 92 67 123 52 54 55
Coste: 264

GENERACION: 29
Mejor Solucion:  68 10 69 44 13 115 60 58 118 64 4 6 36 48 127 57 103 23 37 46 51 7 79 95 16 26 120 113 114 39 25 100 2 31 24 90 20 110 65 85 77 91 86 71 8 62 18 43 75 61 119 45 94 5 117 76 121 124 98 50 87 9 17 104 14 33 28 63 3 41 99 112 73 59 1 56 84 12 83 70 35 42 27 106 97 105 0 38 22 126 101 49 122 66 88 19 15 47 116 93 107 80 21 74 72 32 29 34 53 102 96 81 89 111 82 40 30 109 125 108 11 78 92 67 123 52 54 55
Coste: 264

GENERACION: 30
Mejor Solucion:  68 10 69 44 13 115 60 58 118 64 4 6 36 48 127 57 103 23 37 46 51 7 79 95 16 26 120 113 114 39 25 100 2 31 24 90 20 110 65 85 77 91 86 71 8 62 18 43 75 61 119 45 94 5 117 76 121 124 98 50 87 9 17 104 14 33 28 63 3 41 99 112 73 59 1 56 84 12 83 70 35 42 27 106 97 105 0 38 22 126 101 49 122 66 88 19 15 47 116 93 107 80 21 74 72 32 29 34 53 102 96 81 89 111 82 40 30 109 125 108 11 78 92 67 123 52 54 55
Coste: 264

GENERACION: 31
Mejor Solucion:  68 10 69 44 13 115 60 58 118 64 4 6 36 48 127 57 103 23 37 46 51 7 79 95 16 26 120 113 114 39 25 100 2 31 24 90 20 110 65 85 77 91 86 71 8 62 18 43 75 61 119 45 94 5 117 76 121 124 98 50 87 9 17 104 14 33 28 63 3 41 99 112 73 59 1 56 84 12 83 70 35 42 27 106 97 105 0 38 22 126 101 49 122 66 88 19 15 47 116 93 107 80 21 74 72 32 29 34 53 102 96 81 89 111 82 40 30 109 125 108 11 78 92 67 123 52 54 55
Coste: 264

GENERACION: 32
Mejor Solucion:  68 10 69 44 13 115 60 58 118 64 4 6 36 48 127 57 103 23 37 46 51 7 79 95 16 26 120 113 114 39 25 100 2 31 24 90 20 110 65 85 77 91 86 71 8 62 18 43 75 61 119 45 94 5 117 76 121 124 98 50 87 9 17 104 14 33 28 63 3 41 99 112 73 59 1 56 84 12 83 70 35 42 27 106 97 105 0 38 22 126 101 49 122 66 88 19 15 47 116 93 107 80 21 74 72 32 29 34 53 102 96 81 89 111 82 40 30 109 125 108 11 78 92 67 123 52 54 55
Coste: 264

GENERACION: 33
Mejor Solucion:  68 10 69 44 13 115 60 58 118 64 4 6 36 48 127 57 103 23 37 46 51 7 79 95 16 26 120 113 114 39 25 100 2 31 24 90 20 110 65 85 77 91 86 71 8 62 18 43 75 61 119 45 94 5 117 76 121 124 98 50 87 9 17 104 14 33 28 63 3 41 99 112 73 59 1 56 84 12 83 70 35 42 27 106 97 105 0 38 22 126 101 49 122 66 88 19 15 47 116 93 107 80 21 74 72 32 29 34 53 102 96 81 89 111 82 40 30 109 125 108 11 78 92 67 123 52 54 55
Coste: 264

GENERACION: 34
Mejor Solucion:  68 10 69 44 13 115 60 58 118 64 4 6 36 48 127 57 103 23 37 46 51 7 79 95 16 26 120 113 114 39 25 100 2 31 24 90 20 110 65 85 77 91 86 71 8 62 18 43 75 61 119 45 94 5 117 76 121 124 98 50 87 9 17 104 14 33 28 63 3 41 99 112 73 59 1 56 84 12 83 70 35 42 27 106 97 105 0 38 22 126 101 49 122 66 88 19 15 47 116 93 107 80 21 74 72 32 29 34 53 102 96 81 89 111 82 40 30 109 125 108 11 78 92 67 123 52 54 55
Coste: 264

GENERACION: 35
Mejor Solucion:  68 10 69 44 13 115 60 58 118 64 4 6 36 48 127 57 103 23 37 46 51 7 79 95 16 26 120 113 114 39 25 100 2 31 24 90 20 110 65 85 77 91 86 71 8 62 18 43 75 61 119 45 94 5 117 76 121 124 98 50 87 9 17 104 14 33 28 63 3 41 99 112 73 59 1 56 84 12 83 70 35 42 27 106 97 105 0 38 22 126 101 49 122 66 88 19 15 47 116 93 107 80 21 74 72 32 29 34 53 102 96 81 89 111 82 40 30 109 125 108 11 78 92 67 123 52 54 55
Coste: 264

GENERACION: 36
Mejor Solucion:  68 10 69 44 13 115 60 58 118 64 4 6 36 48 127 57 103 23 37 46 51 7 79 95 16 26 120 113 114 39 25 100 2 31 24 90 20 110 65 85 77 91 86 71 8 62 18 43 75 61 119 45 94 5 117 76 121 124 98 50 87 9 17 104 14 33 28 63 3 41 99 112 73 59 1 56 84 12 83 70 35 42 27 106 97 105 0 38 22 126 101 49 122 66 88 19 15 47 116 93 107 80 21 74 72 32 29 34 53 102 96 81 89 111 82 40 30 109 125 108 11 78 92 67 123 52 54 55
Coste: 264

GENERACION: 37
Mejor Solucion:  68 10 69 44 13 115 60 58 118 64 4 6 36 48 127 57 103 23 37 46 51 7 79 95 16 26 120 113 114 39 25 100 2 31 24 90 20 110 65 85 77 91 86 71 8 62 18 43 75 61 119 45 94 5 117 76 121 124 98 50 87 9 17 104 14 33 28 63 3 41 99 112 73 59 1 56 84 12 83 70 35 42 27 106 97 105 0 38 22 126 101 49 122 66 88 19 15 47 116 93 107 80 21 74 72 32 29 34 53 102 96 81 89 111 82 40 30 109 125 108 11 78 92 67 123 52 54 55
Coste: 264

GENERACION: 38
Mejor Solucion:  68 10 69 44 13 115 60 58 118 64 4 6 36 48 127 57 103 23 37 46 51 7 79 95 16 26 120 113 114 39 25 100 2 31 24 90 20 110 65 85 77 91 86 71 8 62 18 43 75 61 119 45 94 5 117 76 121 124 98 50 87 9 17 104 14 33 28 63 3 41 99 112 73 59 1 56 84 12 83 70 35 42 27 106 97 105 0 38 22 126 101 49 122 66 88 19 15 47 116 93 107 80 21 74 72 32 29 34 53 102 96 81 89 111 82 40 30 109 125 108 11 78 92 67 123 52 54 55
Coste: 264

GENERACION: 39
Mejor Solucion:  68 10 69 44 13 115 60 58 118 64 4 6 36 48 127 57 103 23 37 46 51 7 79 95 16 26 120 113 114 39 25 100 2 31 24 90 20 110 65 85 77 91 86 71 8 62 18 43 75 61 119 45 94 5 117 76 121 124 98 50 87 9 17 104 14 33 28 63 3 41 99 112 73 59 1 56 84 12 83 70 35 42 27 106 97 105 0 38 22 126 101 49 122 66 88 19 15 47 116 93 107 80 21 74 72 32 29 34 53 102 96 81 89 111 82 40 30 109 125 108 11 78 92 67 123 52 54 55
Coste: 264

GENERACION: 40
Mejor Solucion:  68 10 69 44 13 115 60 58 118 64 4 6 36 48 127 57 103 23 37 46 51 7 79 95 16 26 120 113 114 39 25 100 2 31 24 90 20 110 65 85 77 91 86 71 8 62 18 43 75 61 119 45 94 5 117 76 121 124 98 50 87 9 17 104 14 33 28 63 3 41 99 112 73 59 1 56 84 12 83 70 35 42 27 106 97 105 0 38 22 126 101 49 122 66 88 19 15 47 116 93 107 80 21 74 72 32 29 34 53 102 96 81 89 111 82 40 30 109 125 108 11 78 92 67 123 52 54 55
Coste: 264

GENERACION: 41
Mejor Solucion:  68 10 69 44 13 115 60 58 118 64 4 6 36 48 127 57 103 23 37 46 51 7 79 95 16 26 120 113 114 39 25 100 2 31 24 90 20 110 65 85 77 91 86 71 8 62 18 43 75 61 119 45 94 5 117 76 121 124 98 50 87 9 17 104 14 33 28 63 3 41 99 112 73 59 1 56 84 12 83 70 35 42 27 106 97 105 0 38 22 126 101 49 122 66 88 19 15 47 116 93 107 80 21 74 72 32 29 34 53 102 96 81 89 111 82 40 30 109 125 108 11 78 92 67 123 52 54 55
Coste: 264

GENERACION: 42
Mejor Solucion:  68 10 69 44 13 115 60 58 118 64 4 6 36 48 127 57 103 23 37 46 51 7 79 95 16 26 120 113 114 39 25 100 2 31 24 90 20 110 65 85 77 91 86 71 8 62 18 43 75 61 119 45 94 5 117 76 121 124 98 50 87 9 17 104 14 33 28 63 3 41 99 112 73 59 1 56 84 12 83 70 35 42 27 106 97 105 0 38 22 126 101 49 122 66 88 19 15 47 116 93 107 80 21 74 72 32 29 34 53 102 96 81 89 111 82 40 30 109 125 108 11 78 92 67 123 52 54 55
Coste: 264

GENERACION: 43
Mejor Solucion:  68 10 69 44 13 115 60 58 118 64 4 6 36 48 127 57 103 23 37 46 51 7 79 95 16 26 120 113 114 39 25 100 2 31 24 90 20 110 65 85 77 91 86 71 8 62 18 43 75 61 119 45 94 5 117 76 121 124 98 50 87 9 17 104 14 33 28 63 3 41 99 112 73 59 1 56 84 12 83 70 35 42 27 106 97 105 0 38 22 126 101 49 122 66 88 19 15 47 116 93 107 80 21 74 72 32 29 34 53 102 96 81 89 111 82 40 30 109 125 108 11 78 92 67 123 52 54 55
Coste: 264

GENERACION: 44
Mejor Solucion:  68 10 69 44 13 115 60 58 118 64 4 6 36 48 127 57 103 23 37 46 51 7 79 95 16 26 120 113 114 39 25 100 2 31 24 90 20 110 65 85 77 91 86 71 8 62 18 43 75 61 119 45 94 5 117 76 121 124 98 50 87 9 17 104 14 33 28 63 3 41 99 112 73 59 1 56 84 12 83 70 35 42 27 106 97 105 0 38 22 126 101 49 122 66 88 19 15 47 116 93 107 80 21 74 72 32 29 34 53 102 96 81 89 111 82 40 30 109 125 108 11 78 92 67 123 52 54 55
Coste: 264

GENERACION: 45
Mejor Solucion:  68 10 69 44 13 115 60 58 118 64 4 6 36 48 127 57 103 23 37 46 51 7 79 95 16 26 120 113 114 39 25 100 2 31 24 90 20 110 65 85 77 91 86 71 8 62 18 43 75 61 119 45 94 5 117 76 121 124 98 50 87 9 17 104 14 33 28 63 3 41 99 112 73 59 1 56 84 12 83 70 35 42 27 106 97 105 0 38 22 126 101 49 122 66 88 19 15 47 116 93 107 80 21 74 72 32 29 34 53 102 96 81 89 111 82 40 30 109 125 108 11 78 92 67 123 52 54 55
Coste: 264

GENERACION: 46
Mejor Solucion:  68 10 69 44 13 115 60 58 118 64 4 6 36 48 127 57 103 23 37 46 51 7 79 95 16 26 120 113 114 39 25 100 2 31 24 90 20 110 65 85 77 91 86 71 8 62 18 43 75 61 119 45 94 5 117 76 121 124 98 50 87 9 17 104 14 33 28 63 3 41 99 112 73 59 1 56 84 12 83 70 35 42 27 106 97 105 0 38 22 126 101 49 122 66 88 19 15 47 116 93 107 80 21 74 72 32 29 34 53 102 96 81 89 111 82 40 30 109 125 108 11 78 92 67 123 52 54 55
Coste: 264

GENERACION: 47
Mejor Solucion:  68 10 69 44 13 115 60 58 118 64 4 6 36 48 127 57 103 23 37 46 51 7 79 95 16 26 120 113 114 39 25 100 2 31 24 90 20 110 65 85 77 91 86 71 8 62 18 43 75 61 119 45 94 5 117 76 121 124 98 50 87 9 17 104 14 33 28 63 3 41 99 112 73 59 1 56 84 12 83 70 35 42 27 106 97 105 0 38 22 126 101 49 122 66 88 19 15 47 116 93 107 80 21 74 72 32 29 34 53 102 96 81 89 111 82 40 30 109 125 108 11 78 92 67 123 52 54 55
Coste: 264

GENERACION: 48
Mejor Solucion:  68 10 69 44 13 115 60 58 118 64 4 6 36 48 127 57 103 23 37 46 51 7 79 95 16 26 120 113 114 39 25 100 2 31 24 90 20 110 65 85 77 91 86 71 8 62 18 43 75 61 119 45 94 5 117 76 121 124 98 50 87 9 17 104 14 33 28 63 3 41 99 112 73 59 1 56 84 12 83 70 35 42 27 106 97 105 0 38 22 126 101 49 122 66 88 19 15 47 116 93 107 80 21 74 72 32 29 34 53 102 96 81 89 111 82 40 30 109 125 108 11 78 92 67 123 52 54 55
Coste: 264

GENERACION: 49
Mejor Solucion:  68 10 69 44 13 115 60 58 118 64 4 6 36 48 127 57 103 23 37 46 51 7 79 95 16 26 120 113 114 39 25 100 2 31 24 90 20 110 65 85 77 91 86 71 8 62 18 43 75 61 119 45 94 5 117 76 121 124 98 50 87 9 17 104 14 33 28 63 3 41 99 112 73 59 1 56 84 12 83 70 35 42 27 106 97 105 0 38 22 126 101 49 122 66 88 19 15 47 116 93 107 80 21 74 72 32 29 34 53 102 96 81 89 111 82 40 30 109 125 108 11 78 92 67 123 52 54 55
Coste: 264

GENERACION: 50
Mejor Solucion:  68 10 69 44 13 115 60 58 118 64 4 6 36 48 127 57 103 23 37 46 51 7 79 95 16 26 120 113 114 39 25 100 2 31 24 90 20 110 65 85 77 91 86 71 8 62 18 43 75 61 119 45 94 5 117 76 121 124 98 50 87 9 17 104 14 33 28 63 3 41 99 112 73 59 1 56 84 12 83 70 35 42 27 106 97 105 0 38 22 126 101 49 122 66 88 19 15 47 116 93 107 80 21 74 72 32 29 34 53 102 96 81 89 111 82 40 30 109 125 108 11 78 92 67 123 52 54 55
Coste: 264

GENERACION: 51
Mejor Solucion:  68 10 69 44 13 115 60 58 118 64 4 6 36 48 127 57 103 23 37 46 51 7 79 95 16 26 120 113 114 39 25 100 2 31 24 90 20 110 65 85 77 91 86 71 8 62 18 43 75 61 119 45 94 5 117 76 121 124 98 50 87 9 17 104 14 33 28 63 3 41 99 112 73 59 1 56 84 12 83 70 35 42 27 106 97 105 0 38 22 126 101 49 122 66 88 19 15 47 116 93 107 80 21 74 72 32 29 34 53 102 96 81 89 111 82 40 30 109 125 108 11 78 92 67 123 52 54 55
Coste: 264

GENERACION: 52
Mejor Solucion:  68 10 69 44 13 115 60 58 118 64 4 6 36 48 127 57 103 23 37 46 51 7 79 95 16 26 120 113 114 39 25 100 2 31 24 90 20 110 65 85 77 91 86 71 8 62 18 43 75 61 119 45 94 5 117 76 121 124 98 50 87 9 17 104 14 33 28 63 3 41 99 112 73 59 1 56 84 12 83 70 35 42 27 106 97 105 0 38 22 126 101 49 122 66 88 19 15 47 116 93 107 80 21 74 72 32 29 34 53 102 96 81 89 111 82 40 30 109 125 108 11 78 92 67 123 52 54 55
Coste: 264

GENERACION: 53
Mejor Solucion:  68 10 69 44 13 115 60 58 118 64 4 6 36 48 127 57 103 23 37 46 51 7 79 95 16 26 120 113 114 39 25 100 2 31 24 90 20 110 65 85 77 91 86 71 8 62 18 43 75 61 119 45 94 5 117 76 121 124 98 50 87 9 17 104 14 33 28 63 3 41 99 112 73 59 1 56 84 12 83 70 35 42 27 106 97 105 0 38 22 126 101 49 122 66 88 19 15 47 116 93 107 80 21 74 72 32 29 34 53 102 96 81 89 111 82 40 30 109 125 108 11 78 92 67 123 52 54 55
Coste: 264

GENERACION: 54
Mejor Solucion:  68 10 69 44 13 115 60 58 118 64 4 6 36 48 127 57 103 23 37 46 51 7 79 95 16 26 120 113 114 39 25 100 2 31 24 90 20 110 65 85 77 91 86 71 8 62 18 43 75 61 119 45 94 5 117 76 121 124 98 50 87 9 17 104 14 33 28 63 3 41 99 112 73 59 1 56 84 12 83 70 35 42 27 106 97 105 0 38 22 126 101 49 122 66 88 19 15 47 116 93 107 80 21 74 72 32 29 34 53 102 96 81 89 111 82 40 30 109 125 108 11 78 92 67 123 52 54 55
Coste: 264

GENERACION: 55
Mejor Solucion:  68 10 69 44 13 115 60 58 118 64 4 6 36 48 127 57 103 23 37 46 51 7 79 95 16 26 120 113 114 39 25 100 2 31 24 90 20 110 65 85 77 91 86 71 8 62 18 43 75 61 119 45 94 5 117 76 121 124 98 50 87 9 17 104 14 33 28 63 3 41 99 112 73 59 1 56 84 12 83 70 35 42 27 106 97 105 0 38 22 126 101 49 122 66 88 19 15 47 116 93 107 80 21 74 72 32 29 34 53 102 96 81 89 111 82 40 30 109 125 108 11 78 92 67 123 52 54 55
Coste: 264

GENERACION: 56
Mejor Solucion:  68 10 69 44 13 115 60 58 118 64 4 6 36 48 127 57 103 23 37 46 51 7 79 95 16 26 120 113 114 39 25 100 2 31 24 90 20 110 65 85 77 91 86 71 8 62 18 43 75 61 119 45 94 5 117 76 121 124 98 50 87 9 17 104 14 33 28 63 3 41 99 112 73 59 1 56 84 12 83 70 35 42 27 106 97 105 0 38 22 126 101 49 122 66 88 19 15 47 116 93 107 80 21 74 72 32 29 34 53 102 96 81 89 111 82 40 30 109 125 108 11 78 92 67 123 52 54 55
Coste: 264

GENERACION: 57
Mejor Solucion:  68 10 69 44 13 115 60 58 118 64 4 6 36 48 127 57 103 23 37 46 51 7 79 95 16 26 120 113 114 39 25 100 2 31 24 90 20 110 65 85 77 91 86 71 8 62 18 43 75 61 119 45 94 5 117 76 121 124 98 50 87 9 17 104 14 33 28 63 3 41 99 112 73 59 1 56 84 12 83 70 35 42 27 106 97 105 0 38 22 126 101 49 122 66 88 19 15 47 116 93 107 80 21 74 72 32 29 34 53 102 96 81 89 111 82 40 30 109 125 108 11 78 92 67 123 52 54 55
Coste: 264

GENERACION: 58
Mejor Solucion:  68 10 69 44 13 115 60 58 118 64 4 6 36 48 127 57 103 23 37 46 51 7 79 95 16 26 120 113 114 39 25 100 2 31 24 90 20 110 65 85 77 91 86 71 8 62 18 43 75 61 119 45 94 5 117 76 121 124 98 50 87 9 17 104 14 33 28 63 3 41 99 112 73 59 1 56 84 12 83 70 35 42 27 106 97 105 0 38 22 126 101 49 122 66 88 19 15 47 116 93 107 80 21 74 72 32 29 34 53 102 96 81 89 111 82 40 30 109 125 108 11 78 92 67 123 52 54 55
Coste: 264

GENERACION: 59
Mejor Solucion:  68 10 69 44 13 115 60 58 118 64 4 6 36 48 127 57 103 23 37 46 51 7 79 95 16 26 120 113 114 39 25 100 2 31 24 90 20 110 65 85 77 91 86 71 8 62 18 43 75 61 119 45 94 5 117 76 121 124 98 50 87 9 17 104 14 33 28 63 3 41 99 112 73 59 1 56 84 12 83 70 35 42 27 106 97 105 0 38 22 126 101 49 122 66 88 19 15 47 116 93 107 80 21 74 72 32 29 34 53 102 96 81 89 111 82 40 30 109 125 108 11 78 92 67 123 52 54 55
Coste: 264

GENERACION: 60
Mejor Solucion:  68 10 69 44 13 115 60 58 118 64 4 6 36 48 127 57 103 23 37 46 51 7 79 95 16 26 120 113 114 39 25 100 2 31 24 90 20 110 65 85 77 91 86 71 8 62 18 43 75 61 119 45 94 5 117 76 121 124 98 50 87 9 17 104 14 33 28 63 3 41 99 112 73 59 1 56 84 12 83 70 35 42 27 106 97 105 0 38 22 126 101 49 122 66 88 19 15 47 116 93 107 80 21 74 72 32 29 34 53 102 96 81 89 111 82 40 30 109 125 108 11 78 92 67 123 52 54 55
Coste: 264

GENERACION: 61
Mejor Solucion:  68 10 69 44 13 115 60 58 118 64 4 6 36 48 127 57 103 23 37 46 51 7 79 95 16 26 120 113 114 39 25 100 2 31 24 90 20 110 65 85 77 91 86 71 8 62 18 43 75 61 119 45 94 5 117 76 121 124 98 50 87 9 17 104 14 33 28 63 3 41 99 112 73 59 1 56 84 12 83 70 35 42 27 106 97 105 0 38 22 126 101 49 122 66 88 19 15 47 116 93 107 80 21 74 72 32 29 34 53 102 96 81 89 111 82 40 30 109 125 108 11 78 92 67 123 52 54 55
Coste: 264

GENERACION: 62
Mejor Solucion:  68 10 69 44 13 115 60 58 118 64 4 6 36 48 127 57 103 23 37 46 51 7 79 95 16 26 120 113 114 39 25 100 2 31 24 90 20 110 65 85 77 91 86 71 8 62 18 43 75 61 119 45 94 5 117 76 121 124 98 50 87 9 17 104 14 33 28 63 3 41 99 112 73 59 1 56 84 12 83 70 35 42 27 106 97 105 0 38 22 126 101 49 122 66 88 19 15 47 116 93 107 80 21 74 72 32 29 34 53 102 96 81 89 111 82 40 30 109 125 108 11 78 92 67 123 52 54 55
Coste: 264

GENERACION: 63
Mejor Solucion:  68 10 69 44 13 115 60 58 118 64 4 6 36 48 127 57 103 23 37 46 51 7 79 95 16 26 120 113 114 39 25 100 2 31 24 90 20 110 65 85 77 91 86 71 8 62 18 43 75 61 119 45 94 5 117 76 121 124 98 50 87 9 17 104 14 33 28 63 3 41 99 112 73 59 1 56 84 12 83 70 35 42 27 106 97 105 0 38 22 126 101 49 122 66 88 19 15 47 116 93 107 80 21 74 72 32 29 34 53 102 96 81 89 111 82 40 30 109 125 108 11 78 92 67 123 52 54 55
Coste: 264

GENERACION: 64
Mejor Solucion:  68 10 69 44 13 115 60 58 118 64 4 6 36 48 127 57 103 23 37 46 51 7 79 95 16 26 120 113 114 39 25 100 2 31 24 90 20 110 65 85 77 91 86 71 8 62 18 43 75 61 119 45 94 5 117 76 121 124 98 50 87 9 17 104 14 33 28 63 3 41 99 112 73 59 1 56 84 12 83 70 35 42 27 106 97 105 0 38 22 126 101 49 122 66 88 19 15 47 116 93 107 80 21 74 72 32 29 34 53 102 96 81 89 111 82 40 30 109 125 108 11 78 92 67 123 52 54 55
Coste: 264

GENERACION: 65
Mejor Solucion:  68 10 69 44 13 115 60 58 118 64 4 6 36 48 127 57 103 23 37 46 51 7 79 95 16 26 120 113 114 39 25 100 2 31 24 90 20 110 65 85 77 91 86 71 8 62 18 43 75 61 119 45 94 5 117 76 121 124 98 50 87 9 17 104 14 33 28 63 3 41 99 112 73 59 1 56 84 12 83 70 35 42 27 106 97 105 0 38 22 126 101 49 122 66 88 19 15 47 116 93 107 80 21 74 72 32 29 34 53 102 96 81 89 111 82 40 30 109 125 108 11 78 92 67 123 52 54 55
Coste: 264

GENERACION: 66
Mejor Solucion:  68 10 69 44 13 115 60 58 118 64 4 6 36 48 127 57 103 23 37 46 51 7 79 95 16 26 120 113 114 39 25 100 2 31 24 90 20 110 65 85 77 91 86 71 8 62 18 43 75 61 119 45 94 5 117 76 121 124 98 50 87 9 17 104 14 33 28 63 3 41 99 112 73 59 1 56 84 12 83 70 35 42 27 106 97 105 0 38 22 126 101 49 122 66 88 19 15 47 116 93 107 80 21 74 72 32 29 34 53 102 96 81 89 111 82 40 30 109 125 108 11 78 92 67 123 52 54 55
Coste: 264

GENERACION: 67
Mejor Solucion:  68 10 69 44 13 115 60 58 118 64 4 6 36 48 127 57 103 23 37 46 51 7 79 95 16 26 120 113 114 39 25 100 2 31 24 90 20 110 65 85 77 91 86 71 8 62 18 43 75 61 119 45 94 5 117 76 121 124 98 50 87 9 17 104 14 33 28 63 3 41 99 112 73 59 1 56 84 12 83 70 35 42 27 106 97 105 0 38 22 126 101 49 122 66 88 19 15 47 116 93 107 80 21 74 72 32 29 34 53 102 96 81 89 111 82 40 30 109 125 108 11 78 92 67 123 52 54 55
Coste: 264

GENERACION: 68
Mejor Solucion:  68 10 69 44 13 115 60 58 118 64 4 6 36 48 127 57 103 23 37 46 51 7 79 95 16 26 120 113 114 39 25 100 2 31 24 90 20 110 65 85 77 91 86 71 8 62 18 43 75 61 119 45 94 5 117 76 121 124 98 50 87 9 17 104 14 33 28 63 3 41 99 112 73 59 1 56 84 12 83 70 35 42 27 106 97 105 0 38 22 126 101 49 122 66 88 19 15 47 116 93 107 80 21 74 72 32 29 34 53 102 96 81 89 111 82 40 30 109 125 108 11 78 92 67 123 52 54 55
Coste: 264

GENERACION: 69
Mejor Solucion:  68 10 69 44 13 115 60 58 118 64 4 6 36 48 127 57 103 23 37 46 51 7 79 95 16 26 120 113 114 39 25 100 2 31 24 90 20 110 65 85 77 91 86 71 8 62 18 43 75 61 119 45 94 5 117 76 121 124 98 50 87 9 17 104 14 33 28 63 3 41 99 112 73 59 1 56 84 12 83 70 35 42 27 106 97 105 0 38 22 126 101 49 122 66 88 19 15 47 116 93 107 80 21 74 72 32 29 34 53 102 96 81 89 111 82 40 30 109 125 108 11 78 92 67 123 52 54 55
Coste: 264

GENERACION: 70
Mejor Solucion:  68 10 69 44 13 115 60 58 118 64 4 6 36 48 127 57 103 23 37 46 51 7 79 95 16 26 120 113 114 39 25 100 2 31 24 90 20 110 65 85 77 91 86 71 8 62 18 43 75 61 119 45 94 5 117 76 121 124 98 50 87 9 17 104 14 33 28 63 3 41 99 112 73 59 1 56 84 12 83 70 35 42 27 106 97 105 0 38 22 126 101 49 122 66 88 19 15 47 116 93 107 80 21 74 72 32 29 34 53 102 96 81 89 111 82 40 30 109 125 108 11 78 92 67 123 52 54 55
Coste: 264

GENERACION: 71
Mejor Solucion:  68 10 69 44 13 115 60 58 118 64 4 6 36 48 127 57 103 23 37 46 51 7 79 95 16 26 120 113 114 39 25 100 2 31 24 90 20 110 65 85 77 91 86 71 8 62 18 43 75 61 119 45 94 5 117 76 121 124 98 50 87 9 17 104 14 33 28 63 3 41 99 112 73 59 1 56 84 12 83 70 35 42 27 106 97 105 0 38 22 126 101 49 122 66 88 19 15 47 116 93 107 80 21 74 72 32 29 34 53 102 96 81 89 111 82 40 30 109 125 108 11 78 92 67 123 52 54 55
Coste: 264

GENERACION: 72
Mejor Solucion:  68 10 69 44 13 115 60 58 118 64 4 6 36 48 127 57 103 23 37 46 51 7 79 95 16 26 120 113 114 39 25 100 2 31 24 90 20 110 65 85 77 91 86 71 8 62 18 43 75 61 119 45 94 5 117 76 121 124 98 50 87 9 17 104 14 33 28 63 3 41 99 112 73 59 1 56 84 12 83 70 35 42 27 106 97 105 0 38 22 126 101 49 122 66 88 19 15 47 116 93 107 80 21 74 72 32 29 34 53 102 96 81 89 111 82 40 30 109 125 108 11 78 92 67 123 52 54 55
Coste: 264

GENERACION: 73
Mejor Solucion:  68 10 69 44 13 115 60 58 118 64 4 6 36 48 127 57 103 23 37 46 51 7 79 95 16 26 120 113 114 39 25 100 2 31 24 90 20 110 65 85 77 91 86 71 8 62 18 43 75 61 119 45 94 5 117 76 121 124 98 50 87 9 17 104 14 33 28 63 3 41 99 112 73 59 1 56 84 12 83 70 35 42 27 106 97 105 0 38 22 126 101 49 122 66 88 19 15 47 116 93 107 80 21 74 72 32 29 34 53 102 96 81 89 111 82 40 30 109 125 108 11 78 92 67 123 52 54 55
Coste: 264

GENERACION: 74
Mejor Solucion:  68 10 69 44 13 115 60 58 118 64 4 6 36 48 127 57 103 23 37 46 51 7 79 95 16 26 120 113 114 39 25 100 2 31 24 90 20 110 65 85 77 91 86 71 8 62 18 43 75 61 119 45 94 5 117 76 121 124 98 50 87 9 17 104 14 33 28 63 3 41 99 112 73 59 1 56 84 12 83 70 35 42 27 106 97 105 0 38 22 126 101 49 122 66 88 19 15 47 116 93 107 80 21 74 72 32 29 34 53 102 96 81 89 111 82 40 30 109 125 108 11 78 92 67 123 52 54 55
Coste: 264

GENERACION: 75
Mejor Solucion:  68 10 69 44 13 115 60 58 118 64 4 6 36 48 127 57 103 23 37 46 51 7 79 95 16 26 120 113 114 39 25 100 2 31 24 90 20 110 65 85 77 91 86 71 8 62 18 43 75 61 119 45 94 5 117 76 121 124 98 50 87 9 17 104 14 33 28 63 3 41 99 112 73 59 1 56 84 12 83 70 35 42 27 106 97 105 0 38 22 126 101 49 122 66 88 19 15 47 116 93 107 80 21 74 72 32 29 34 53 102 96 81 89 111 82 40 30 109 125 108 11 78 92 67 123 52 54 55
Coste: 264

GENERACION: 76
Mejor Solucion:  68 10 69 44 13 115 60 58 118 64 4 6 36 48 127 57 103 23 37 46 51 7 79 95 16 26 120 113 114 39 25 100 2 31 24 90 20 110 65 85 77 91 86 71 8 62 18 43 75 61 119 45 94 5 117 76 121 124 98 50 87 9 17 104 14 33 28 63 3 41 99 112 73 59 1 56 84 12 83 70 35 42 27 106 97 105 0 38 22 126 101 49 122 66 88 19 15 47 116 93 107 80 21 74 72 32 29 34 53 102 96 81 89 111 82 40 30 109 125 108 11 78 92 67 123 52 54 55
Coste: 264

GENERACION: 77
Mejor Solucion:  68 10 69 44 13 115 60 58 118 64 4 6 36 48 127 57 103 23 37 46 51 7 79 95 16 26 120 113 114 39 25 100 2 31 24 90 20 110 65 85 77 91 86 71 8 62 18 43 75 61 119 45 94 5 117 76 121 124 98 50 87 9 17 104 14 33 28 63 3 41 99 112 73 59 1 56 84 12 83 70 35 42 27 106 97 105 0 38 22 126 101 49 122 66 88 19 15 47 116 93 107 80 21 74 72 32 29 34 53 102 96 81 89 111 82 40 30 109 125 108 11 78 92 67 123 52 54 55
Coste: 264

GENERACION: 78
Mejor Solucion:  68 10 69 44 13 115 60 58 118 64 4 6 36 48 127 57 103 23 37 46 51 7 79 95 16 26 120 113 114 39 25 100 2 31 24 90 20 110 65 85 77 91 86 71 8 62 18 43 75 61 119 45 94 5 117 76 121 124 98 50 87 9 17 104 14 33 28 63 3 41 99 112 73 59 1 56 84 12 83 70 35 42 27 106 97 105 0 38 22 126 101 49 122 66 88 19 15 47 116 93 107 80 21 74 72 32 29 34 53 102 96 81 89 111 82 40 30 109 125 108 11 78 92 67 123 52 54 55
Coste: 264

GENERACION: 79
Mejor Solucion:  68 10 69 44 13 115 60 58 118 64 4 6 36 48 127 57 103 23 37 46 51 7 79 95 16 26 120 113 114 39 25 100 2 31 24 90 20 110 65 85 77 91 86 71 8 62 18 43 75 61 119 45 94 5 117 76 121 124 98 50 87 9 17 104 14 33 28 63 3 41 99 112 73 59 1 56 84 12 83 70 35 42 27 106 97 105 0 38 22 126 101 49 122 66 88 19 15 47 116 93 107 80 21 74 72 32 29 34 53 102 96 81 89 111 82 40 30 109 125 108 11 78 92 67 123 52 54 55
Coste: 264

GENERACION: 80
Mejor Solucion:  68 10 69 44 13 115 60 58 118 64 4 6 36 48 127 57 103 23 37 46 51 7 79 95 16 26 120 113 114 39 25 100 2 31 24 90 20 110 65 85 77 91 86 71 8 62 18 43 75 61 119 45 94 5 117 76 121 124 98 50 87 9 17 104 14 33 28 63 3 41 99 112 73 59 1 56 84 12 83 70 35 42 27 106 97 105 0 38 22 126 101 49 122 66 88 19 15 47 116 93 107 80 21 74 72 32 29 34 53 102 96 81 89 111 82 40 30 109 125 108 11 78 92 67 123 52 54 55
Coste: 264

GENERACION: 81
Mejor Solucion:  68 10 69 44 13 115 60 58 118 64 4 6 36 48 127 57 103 23 37 46 51 7 79 95 16 26 120 113 114 39 25 100 2 31 24 90 20 110 65 85 77 91 86 71 8 62 18 43 75 61 119 45 94 5 117 76 121 124 98 50 87 9 17 104 14 33 28 63 3 41 99 112 73 59 1 56 84 12 83 70 35 42 27 106 97 105 0 38 22 126 101 49 122 66 88 19 15 47 116 93 107 80 21 74 72 32 29 34 53 102 96 81 89 111 82 40 30 109 125 108 11 78 92 67 123 52 54 55
Coste: 264

GENERACION: 82
Mejor Solucion:  68 10 69 44 13 115 60 58 118 64 4 6 36 48 127 57 103 23 37 46 51 7 79 95 16 26 120 113 114 39 25 100 2 31 24 90 20 110 65 85 77 91 86 71 8 62 18 43 75 61 119 45 94 5 117 76 121 124 98 50 87 9 17 104 14 33 28 63 3 41 99 112 73 59 1 56 84 12 83 70 35 42 27 106 97 105 0 38 22 126 101 49 122 66 88 19 15 47 116 93 107 80 21 74 72 32 29 34 53 102 96 81 89 111 82 40 30 109 125 108 11 78 92 67 123 52 54 55
Coste: 264

