GENERACION: 1
Mejor Solucion:  39 26 43 14 32 45 38 37 31 13 24 49 40 46 34 20 17 30 5 3 0 8 15 41 22 2 7 44 9 42 6 48 47 25 29 21 18 23 27 36 11 1 10 28 12 4 16 33 19 35
Coste: 54406

GENERACION: 2
Mejor Solucion:  39 26 43 14 32 45 38 37 31 13 24 49 40 46 34 20 17 30 5 3 0 8 15 41 22 2 7 44 9 42 6 48 47 25 29 21 18 23 27 36 11 1 10 28 12 4 16 33 19 35
Coste: 54406

GENERACION: 3
Mejor Solucion:  39 26 43 14 32 45 38 37 31 13 24 49 40 46 34 20 17 30 5 3 0 8 15 41 22 2 7 44 9 42 6 48 47 25 29 21 18 23 27 36 11 1 10 28 12 4 16 33 19 35
Coste: 54406

GENERACION: 4
Mejor Solucion:  39 26 43 14 32 45 38 37 31 13 24 49 40 46 34 20 17 30 5 3 0 8 15 41 22 2 7 44 9 42 6 48 47 25 29 21 18 23 27 36 11 1 10 28 12 4 16 33 19 35
Coste: 54406

GENERACION: 5
Mejor Solucion:  39 26 43 14 32 45 38 37 31 13 24 49 40 46 34 20 17 30 5 3 0 8 15 41 22 2 7 44 9 42 6 48 47 25 29 21 18 23 27 36 11 1 10 28 12 4 16 33 19 35
Coste: 54406

GENERACION: 6
Mejor Solucion:  39 26 40 42 32 45 38 37 31 30 4 49 43 46 34 20 17 13 5 3 0 8 44 41 22 2 7 15 9 14 6 48 47 10 33 21 18 23 27 36 11 1 25 28 12 24 16 29 19 35
Coste: 54248

GENERACION: 7
Mejor Solucion:  39 26 40 42 32 45 38 37 31 30 4 49 43 46 34 20 17 13 5 3 0 8 44 41 22 2 7 15 9 14 6 48 47 10 33 21 18 23 27 36 11 1 25 28 12 24 16 29 19 35
Coste: 54248

GENERACION: 8
Mejor Solucion:  39 26 40 42 32 45 38 37 31 30 4 49 43 46 34 20 17 13 5 3 0 8 44 41 22 2 7 15 9 14 6 48 47 10 33 21 18 23 27 36 11 1 25 28 12 24 16 29 19 35
Coste: 54248

GENERACION: 9
Mejor Solucion:  39 26 40 42 32 45 38 37 31 30 4 49 43 46 34 20 17 13 5 3 0 8 44 41 22 2 7 15 9 14 6 48 47 10 33 21 18 23 27 36 11 1 25 28 12 24 16 29 19 35
Coste: 54248

GENERACION: 10
Mejor Solucion:  39 26 40 42 32 45 38 37 31 30 4 49 43 46 34 20 17 13 5 3 0 8 44 41 22 2 7 15 9 14 6 48 47 10 33 21 18 23 27 36 11 1 25 28 12 24 16 29 19 35
Coste: 54248

GENERACION: 11
Mejor Solucion:  39 26 29 49 32 45 21 37 31 13 28 34 43 46 42 20 17 30 5 3 0 8 47 41 2 22 7 15 9 14 6 48 44 10 33 38 18 40 27 36 11 1 25 4 12 24 16 23 19 35
Coste: 54132

GENERACION: 12
Mejor Solucion:  39 26 29 49 32 45 21 37 31 13 28 34 43 46 42 20 17 30 5 3 0 8 47 41 2 22 7 15 9 14 6 48 44 10 33 38 18 40 27 36 11 1 25 4 12 24 16 23 19 35
Coste: 54132

GENERACION: 13
Mejor Solucion:  39 26 29 49 32 45 21 37 31 13 28 34 43 46 42 20 17 30 5 3 0 8 47 41 2 22 7 15 9 14 6 48 44 10 33 38 18 40 27 36 11 1 25 4 12 24 16 23 19 35
Coste: 54132

GENERACION: 14
Mejor Solucion:  39 26 29 49 32 45 21 37 31 13 28 34 43 46 42 20 17 30 5 3 0 8 47 41 2 22 7 15 9 14 6 48 44 10 33 38 18 40 27 36 11 1 25 4 12 24 16 23 19 35
Coste: 54132

GENERACION: 15
Mejor Solucion:  39 26 29 49 32 45 21 37 31 13 28 34 43 46 42 20 17 30 5 3 0 8 47 41 2 22 7 15 9 14 6 48 44 10 33 38 18 40 27 36 11 1 25 4 12 24 16 23 19 35
Coste: 54132

GENERACION: 16
Mejor Solucion:  39 26 29 49 32 45 21 37 31 13 28 34 43 46 42 20 17 30 5 3 0 8 47 41 2 22 7 15 9 14 6 48 44 10 33 38 18 40 27 36 11 1 25 4 12 24 16 23 19 35
Coste: 54132

GENERACION: 17
Mejor Solucion:  39 26 29 49 32 45 21 37 31 13 28 34 43 46 42 20 17 30 5 3 0 8 47 41 2 22 7 15 9 14 6 48 44 10 33 38 18 40 27 36 11 1 25 4 12 24 16 23 19 35
Coste: 54132

GENERACION: 18
Mejor Solucion:  39 26 29 40 32 45 4 37 31 25 1 34 9 43 42 23 17 30 49 5 0 8 47 16 2 22 7 15 46 14 6 48 44 10 33 38 18 3 27 36 11 28 13 21 12 24 41 20 19 35
Coste: 54090

GENERACION: 19
Mejor Solucion:  39 26 29 40 32 45 4 37 31 25 1 34 9 43 42 23 17 30 49 5 0 8 47 16 2 22 7 15 46 14 6 48 44 10 33 38 18 3 27 36 11 28 13 21 12 24 41 20 19 35
Coste: 54090

GENERACION: 20
Mejor Solucion:  39 26 25 40 32 35 4 13 31 29 1 34 28 10 42 48 17 30 49 5 0 8 47 16 19 22 7 15 46 14 6 23 44 43 33 38 18 3 27 36 11 9 37 21 12 24 41 20 2 45
Coste: 53944

GENERACION: 21
Mejor Solucion:  39 26 25 40 32 35 4 13 31 29 1 34 28 10 42 48 17 30 49 5 0 8 47 16 19 22 7 15 46 14 6 23 44 43 33 38 18 3 27 36 11 9 37 21 12 24 41 20 2 45
Coste: 53944

GENERACION: 22
Mejor Solucion:  39 26 25 40 32 35 4 13 31 29 1 34 28 10 42 48 17 30 49 5 0 8 47 16 19 22 7 15 46 14 6 23 44 43 33 38 18 3 27 36 11 9 37 21 12 24 41 20 2 45
Coste: 53944

GENERACION: 23
Mejor Solucion:  39 26 25 40 32 35 4 13 31 29 1 34 28 10 42 48 17 30 49 5 0 8 47 16 19 22 7 15 46 14 6 23 44 43 33 38 18 3 27 36 11 9 37 21 12 24 41 20 2 45
Coste: 53944

GENERACION: 24
Mejor Solucion:  39 26 25 40 32 35 4 13 31 29 1 34 28 10 42 48 17 30 49 5 0 8 47 16 19 22 7 15 46 14 6 23 44 43 33 38 18 3 27 36 11 9 37 21 12 24 41 20 2 45
Coste: 53944

GENERACION: 25
Mejor Solucion:  39 26 25 40 32 35 4 13 31 29 1 34 28 10 42 48 17 30 49 5 0 8 47 16 19 22 7 15 46 14 6 23 44 43 33 38 18 3 27 36 11 9 37 21 12 24 41 20 2 45
Coste: 53944

GENERACION: 26
Mejor Solucion:  39 26 25 40 32 35 4 13 31 29 1 34 28 10 42 48 17 30 49 5 0 8 47 16 19 22 7 15 46 14 6 23 44 43 33 38 18 3 27 36 11 9 37 21 12 24 41 20 2 45
Coste: 53944

GENERACION: 27
Mejor Solucion:  39 26 25 40 32 35 4 13 31 29 1 34 28 10 42 48 17 30 49 5 0 8 47 16 19 22 7 15 46 14 6 23 44 43 33 38 18 3 27 36 11 9 37 21 12 24 41 20 2 45
Coste: 53944

GENERACION: 28
Mejor Solucion:  39 26 25 40 32 35 4 13 31 29 1 34 28 10 42 48 17 30 49 5 0 8 47 16 19 22 7 15 46 14 6 23 44 43 33 38 18 3 27 36 11 9 37 21 12 24 41 20 2 45
Coste: 53944

GENERACION: 29
Mejor Solucion:  39 26 25 40 32 35 4 13 31 29 1 34 28 10 42 48 17 30 49 5 0 8 47 16 19 22 7 15 46 14 6 23 44 43 33 38 18 3 27 36 11 9 37 21 12 24 41 20 2 45
Coste: 53944

GENERACION: 30
Mejor Solucion:  39 26 25 40 32 35 4 13 31 29 1 34 28 10 42 48 17 30 49 5 0 8 47 16 19 22 7 36 46 14 6 23 18 43 33 38 44 24 27 15 11 9 37 21 12 3 41 20 2 45
Coste: 53865

GENERACION: 31
Mejor Solucion:  39 26 25 40 32 35 4 13 31 29 1 18 28 44 42 48 17 30 49 5 0 8 47 16 19 22 7 15 46 14 6 23 34 43 33 38 10 24 27 36 11 9 37 21 12 3 41 20 2 45
Coste: 53674

GENERACION: 32
Mejor Solucion:  39 26 25 40 32 35 4 13 31 29 1 18 28 44 42 48 17 30 49 5 0 8 47 16 19 22 7 15 46 14 6 23 34 43 33 38 10 24 27 36 11 9 37 21 12 3 41 20 2 45
Coste: 53478

GENERACION: 33
Mejor Solucion:  39 26 25 40 32 35 4 13 31 29 1 18 28 44 42 48 17 30 49 5 0 8 47 16 19 22 7 15 46 14 6 23 34 43 33 38 10 24 27 36 11 9 37 21 12 3 41 20 2 45
Coste: 53478

GENERACION: 34
Mejor Solucion:  39 26 25 40 32 35 4 13 31 29 1 18 28 44 42 48 17 30 49 5 0 8 47 16 19 22 7 15 46 14 6 23 34 43 33 38 10 24 27 36 11 9 37 21 12 3 41 20 2 45
Coste: 53478

GENERACION: 35
Mejor Solucion:  39 26 25 40 32 35 4 13 31 29 1 18 28 44 42 48 17 30 49 5 0 8 47 16 19 22 7 15 46 14 6 23 34 43 33 38 10 24 27 36 11 9 37 21 12 3 41 20 2 45
Coste: 53478

GENERACION: 36
Mejor Solucion:  39 26 25 40 32 35 4 13 31 29 1 18 28 44 42 48 17 30 49 5 0 8 47 16 19 22 7 15 46 14 6 23 34 43 33 38 10 24 27 36 11 9 37 21 12 3 41 20 2 45
Coste: 53478

GENERACION: 37
Mejor Solucion:  39 26 25 22 32 49 4 35 31 29 1 24 28 44 42 3 17 30 13 5 2 8 47 16 19 40 7 15 46 14 6 23 34 43 33 38 10 18 27 36 11 9 37 21 12 48 41 20 0 45
Coste: 53450

GENERACION: 38
Mejor Solucion:  39 26 25 22 32 49 4 35 31 29 1 24 28 44 42 3 17 30 13 5 2 8 47 16 19 40 7 15 46 14 6 23 34 43 33 38 10 18 27 36 11 9 37 21 12 48 41 20 0 45
Coste: 53450

GENERACION: 39
Mejor Solucion:  39 26 25 22 32 49 4 35 31 29 1 24 28 44 42 3 17 30 13 5 2 8 47 16 19 40 7 15 46 14 6 23 34 43 33 38 10 18 27 36 11 9 37 21 12 48 41 20 0 45
Coste: 53450

GENERACION: 40
Mejor Solucion:  39 26 25 22 32 49 4 35 31 29 1 24 28 44 42 3 17 30 13 5 2 8 47 16 19 40 7 15 46 14 6 23 34 43 33 38 10 18 27 36 11 9 37 21 12 48 41 20 0 45
Coste: 53450

GENERACION: 41
Mejor Solucion:  39 26 25 22 32 49 4 35 31 29 1 24 28 44 42 3 17 30 13 5 2 8 47 16 19 40 7 15 46 14 6 23 34 43 33 38 10 18 27 36 11 9 37 21 12 48 41 20 0 45
Coste: 53450

GENERACION: 42
Mejor Solucion:  39 26 25 22 32 49 4 35 31 29 1 24 28 44 42 3 17 30 13 5 2 8 47 16 19 40 7 15 46 14 6 23 34 43 33 38 10 18 27 36 11 9 37 21 12 48 41 20 0 45
Coste: 53450

GENERACION: 43
Mejor Solucion:  39 26 25 22 32 49 4 35 31 29 1 24 28 44 42 3 17 30 13 5 2 8 47 16 19 40 7 15 46 14 6 23 34 43 33 38 10 18 27 36 11 9 37 21 12 48 41 20 0 45
Coste: 53450

GENERACION: 44
Mejor Solucion:  39 26 25 22 32 49 4 35 31 29 1 24 28 44 42 3 17 30 13 5 2 8 47 16 19 40 7 15 46 14 6 23 34 43 33 38 10 18 27 36 11 9 37 21 12 48 41 20 0 45
Coste: 53450

GENERACION: 45
Mejor Solucion:  39 26 25 22 32 49 4 35 31 29 1 24 28 44 42 3 17 30 13 5 2 8 47 16 19 40 7 15 46 14 6 23 34 43 33 38 10 18 27 36 11 9 37 21 12 48 41 20 0 45
Coste: 53450

GENERACION: 46
Mejor Solucion:  39 26 25 22 32 49 4 35 31 29 1 24 28 44 42 3 17 30 13 5 2 8 47 16 19 40 7 15 46 14 6 23 34 43 33 38 10 18 27 36 11 9 37 21 12 48 41 20 0 45
Coste: 53450

GENERACION: 47
Mejor Solucion:  39 26 25 22 32 49 4 35 31 29 1 24 28 44 42 3 17 30 13 5 2 8 47 16 19 40 7 15 46 14 6 23 34 43 33 38 10 18 27 36 11 9 37 21 12 48 41 20 0 45
Coste: 53450

GENERACION: 48
Mejor Solucion:  39 26 25 22 32 49 4 35 31 29 1 24 28 44 42 3 17 30 13 5 2 8 47 16 19 40 7 15 46 14 6 23 34 43 33 38 10 18 27 36 11 9 37 21 12 48 41 20 0 45
Coste: 53450

GENERACION: 49
Mejor Solucion:  39 26 25 22 32 49 4 35 31 29 1 24 28 44 42 3 17 30 13 5 2 8 47 16 19 40 7 15 46 14 6 23 34 43 33 38 10 18 27 36 11 9 37 21 12 48 41 20 0 45
Coste: 53450

GENERACION: 50
Mejor Solucion:  39 26 25 22 32 49 4 35 31 29 1 24 28 44 42 3 17 30 13 5 2 8 47 16 19 40 7 15 46 14 6 23 34 43 33 38 10 18 27 36 11 9 37 21 12 48 41 20 0 45
Coste: 53450

GENERACION: 51
Mejor Solucion:  39 26 25 22 32 49 4 35 31 29 1 24 28 44 42 3 17 30 13 5 2 8 47 16 19 40 7 15 46 14 6 23 34 43 33 38 10 18 27 36 11 9 37 21 12 48 41 20 0 45
Coste: 53450

GENERACION: 52
Mejor Solucion:  39 26 25 22 32 49 4 35 31 29 1 24 28 44 42 3 17 30 13 5 2 8 47 16 19 40 7 15 46 14 6 23 34 43 33 38 10 18 27 36 11 9 37 21 12 48 41 20 0 45
Coste: 53450

GENERACION: 53
Mejor Solucion:  39 26 25 22 32 49 4 35 31 29 1 24 28 44 42 3 17 30 13 5 2 8 47 16 19 40 7 15 46 14 6 23 34 43 33 38 10 18 27 36 11 9 37 21 12 48 41 20 0 45
Coste: 53450

GENERACION: 54
Mejor Solucion:  39 26 25 22 32 49 4 35 31 29 1 24 28 44 42 3 17 30 13 5 2 8 47 16 19 40 7 15 46 14 6 23 34 43 33 38 10 18 27 36 11 9 37 21 12 48 41 20 0 45
Coste: 53450

GENERACION: 55
Mejor Solucion:  39 26 25 22 32 49 4 35 31 29 1 24 28 44 42 3 17 30 13 5 2 8 47 16 19 40 7 15 46 14 6 23 34 43 33 38 10 18 27 36 11 9 37 21 12 48 41 20 0 45
Coste: 53450

GENERACION: 56
Mejor Solucion:  39 26 25 22 32 49 4 35 31 29 1 24 28 44 42 3 17 30 13 5 2 8 47 16 19 40 7 15 46 14 6 23 34 43 33 38 10 18 27 36 11 9 37 21 12 48 41 20 0 45
Coste: 53450

GENERACION: 57
Mejor Solucion:  39 26 25 22 32 49 4 35 31 29 1 24 28 44 42 3 17 30 13 5 2 8 47 16 19 40 7 15 46 14 6 23 34 43 33 38 10 18 27 36 11 9 37 21 12 48 41 20 0 45
Coste: 53450

GENERACION: 58
Mejor Solucion:  39 26 25 22 32 49 4 35 31 29 1 24 28 44 42 3 17 30 13 5 2 8 47 16 19 40 7 15 46 14 6 23 34 43 33 38 10 18 27 36 11 9 37 21 12 48 41 20 0 45
Coste: 53450

GENERACION: 59
Mejor Solucion:  39 26 25 22 32 49 4 35 31 29 1 24 28 44 42 3 17 30 13 5 2 8 47 16 19 40 7 15 46 14 6 23 34 43 33 38 10 18 27 36 11 9 37 21 12 48 41 20 0 45
Coste: 53450

GENERACION: 60
Mejor Solucion:  39 26 25 22 32 49 4 35 31 29 1 24 28 44 42 3 17 30 13 5 2 8 47 16 19 40 7 15 46 14 6 23 34 43 33 38 10 18 27 36 11 9 37 21 12 48 41 20 0 45
Coste: 53450

GENERACION: 61
Mejor Solucion:  39 26 25 22 32 49 4 35 31 29 1 24 28 44 42 3 17 30 13 5 2 8 47 16 19 40 7 15 46 14 6 23 34 43 33 38 10 18 27 36 11 9 37 21 12 48 41 20 0 45
Coste: 53450

GENERACION: 62
Mejor Solucion:  39 26 25 22 32 49 4 35 31 29 1 24 28 44 42 3 17 30 13 5 2 8 47 16 19 40 7 15 46 14 6 23 34 43 33 38 10 18 27 36 11 9 37 21 12 48 41 20 0 45
Coste: 53450

GENERACION: 63
Mejor Solucion:  39 26 25 22 32 49 4 35 31 29 1 24 28 44 42 3 17 30 13 5 2 8 47 16 19 40 7 15 46 14 6 23 34 43 33 38 10 18 27 36 11 9 37 21 12 48 41 20 0 45
Coste: 53450

GENERACION: 64
Mejor Solucion:  39 26 25 22 32 49 4 35 31 29 1 24 28 44 42 3 17 30 13 5 2 8 47 16 19 40 7 15 46 14 6 23 34 43 33 38 10 18 27 36 11 9 37 21 12 48 41 20 0 45
Coste: 53450

GENERACION: 65
Mejor Solucion:  39 26 25 22 32 49 4 35 31 29 1 24 28 44 42 3 17 30 13 5 2 8 47 16 19 40 7 15 46 14 6 23 34 43 33 38 10 18 27 36 11 9 37 21 12 48 41 20 0 45
Coste: 53450

GENERACION: 66
Mejor Solucion:  39 26 25 22 32 49 4 35 31 29 1 24 28 44 42 3 17 30 13 5 2 8 47 16 19 40 7 15 46 14 6 23 34 43 33 38 10 18 27 36 11 9 37 21 12 48 41 20 0 45
Coste: 53450

GENERACION: 67
Mejor Solucion:  39 26 25 22 32 49 4 35 31 29 1 24 28 44 42 3 17 30 13 5 2 8 47 16 19 40 7 15 46 14 6 23 34 43 33 38 10 18 27 36 11 9 37 21 12 48 41 20 0 45
Coste: 53450

GENERACION: 68
Mejor Solucion:  39 26 25 22 32 49 4 35 31 29 1 24 28 44 42 3 17 30 13 5 2 8 47 16 19 40 7 15 46 14 6 23 34 43 33 38 10 18 27 36 11 9 37 21 12 48 41 20 0 45
Coste: 53450

GENERACION: 69
Mejor Solucion:  39 26 25 22 32 49 4 35 31 29 1 24 28 44 42 3 17 30 13 5 2 8 47 16 19 40 7 15 46 14 6 23 34 43 33 38 10 18 27 36 11 9 37 21 12 48 41 20 0 45
Coste: 53450

GENERACION: 70
Mejor Solucion:  39 26 25 22 32 49 4 35 31 29 1 24 28 44 42 3 17 30 13 5 2 8 47 16 19 40 7 15 46 14 6 23 34 43 33 38 10 18 27 36 11 9 37 21 12 48 41 20 0 45
Coste: 53450

GENERACION: 71
Mejor Solucion:  39 26 25 22 32 49 4 35 31 29 1 24 28 44 42 3 17 30 13 5 2 8 47 16 19 40 7 15 46 14 6 23 34 43 33 38 10 18 27 36 11 9 37 21 12 48 41 20 0 45
Coste: 53450

GENERACION: 72
Mejor Solucion:  49 26 25 22 43 32 4 35 39 23 33 6 19 44 42 3 7 29 40 0 12 21 13 16 30 38 37 15 46 14 24 28 34 31 8 47 10 18 27 36 11 9 17 1 2 48 41 20 5 45
Coste: 53108

GENERACION: 73
Mejor Solucion:  49 26 25 22 43 32 4 35 39 23 33 6 19 44 42 3 7 29 40 0 12 21 13 16 30 38 37 15 46 14 24 28 34 31 8 47 10 18 27 36 11 9 17 1 2 48 41 20 5 45
Coste: 53108

GENERACION: 74
Mejor Solucion:  49 26 25 22 43 32 4 35 39 23 33 6 19 44 42 3 7 29 40 0 12 21 13 16 30 38 37 15 46 14 24 28 34 31 8 47 10 18 27 36 11 9 17 1 2 48 41 20 5 45
Coste: 53108

GENERACION: 75
Mejor Solucion:  49 26 25 22 43 32 4 35 39 23 33 6 19 44 42 3 7 29 40 0 12 21 13 16 30 38 37 15 46 14 24 28 34 31 8 47 10 18 27 36 11 9 17 1 2 48 41 20 5 45
Coste: 53108

GENERACION: 76
Mejor Solucion:  49 26 25 22 43 32 4 35 39 23 33 6 19 44 42 3 7 29 40 0 12 21 13 16 30 38 37 15 46 14 24 28 34 31 8 47 10 18 27 36 11 9 17 1 2 48 41 20 5 45
Coste: 53108

GENERACION: 77
Mejor Solucion:  49 26 25 22 43 32 4 35 39 23 33 6 19 44 42 3 7 29 40 0 12 21 13 16 30 38 37 15 46 14 24 28 34 31 8 47 10 18 27 36 11 9 17 1 2 48 41 20 5 45
Coste: 53108

GENERACION: 78
Mejor Solucion:  49 26 25 22 43 32 4 35 39 23 33 6 19 44 42 3 7 29 40 0 12 21 13 16 30 38 37 15 46 14 24 28 34 31 8 47 10 18 27 36 11 9 17 1 2 48 41 20 5 45
Coste: 53108

GENERACION: 79
Mejor Solucion:  49 26 25 22 43 32 4 35 39 23 33 6 19 44 42 3 7 29 40 0 12 21 13 16 30 38 37 15 46 14 24 28 34 31 8 47 10 18 27 36 11 9 17 1 2 48 41 20 5 45
Coste: 53108

GENERACION: 80
Mejor Solucion:  49 26 25 22 43 32 4 35 39 23 33 6 19 44 42 3 7 29 40 0 12 21 13 16 30 38 37 15 46 14 24 28 34 31 8 47 10 18 27 36 11 9 17 1 2 48 41 20 5 45
Coste: 53108

GENERACION: 81
Mejor Solucion:  49 26 25 22 43 32 4 35 39 23 33 6 19 44 42 3 7 29 40 0 12 21 13 16 30 38 37 15 46 14 24 28 34 31 8 47 10 18 27 36 11 9 17 1 2 48 41 20 5 45
Coste: 53108

GENERACION: 82
Mejor Solucion:  49 26 25 22 43 32 4 35 39 23 33 6 19 44 42 3 7 29 40 0 12 21 13 16 30 38 37 15 46 14 24 28 34 31 8 47 10 18 27 36 11 9 17 1 2 48 41 20 5 45
Coste: 53108

GENERACION: 83
Mejor Solucion:  49 26 25 22 43 32 4 35 39 23 33 6 19 44 42 3 7 29 40 0 12 21 13 16 30 38 37 15 46 14 24 28 34 31 8 47 10 18 27 36 11 9 17 1 2 48 41 20 5 45
Coste: 53108

GENERACION: 84
Mejor Solucion:  49 26 25 22 43 32 4 35 39 23 33 6 19 44 42 3 7 29 40 0 12 21 13 16 30 38 37 15 46 14 24 28 34 31 8 47 10 18 27 36 11 9 17 1 2 48 41 20 5 45
Coste: 53108

GENERACION: 85
Mejor Solucion:  49 26 25 22 43 32 4 35 39 23 33 6 19 44 42 3 7 29 40 0 12 21 13 16 30 38 37 15 46 14 24 28 34 31 8 47 10 18 27 36 11 9 17 1 2 48 41 20 5 45
Coste: 53108

GENERACION: 86
Mejor Solucion:  49 26 25 22 43 32 4 35 39 23 33 6 19 44 42 3 7 29 40 0 12 21 13 16 30 38 37 15 46 14 24 28 34 31 8 47 10 18 27 36 11 9 17 1 2 48 41 20 5 45
Coste: 53108

GENERACION: 87
Mejor Solucion:  49 26 25 22 43 32 4 35 39 23 33 6 19 44 42 3 7 29 40 0 12 21 13 16 30 38 37 15 46 14 24 28 34 31 8 47 10 18 27 36 11 9 17 1 2 48 41 20 5 45
Coste: 53108

GENERACION: 88
Mejor Solucion:  49 26 25 22 43 32 4 35 39 23 33 6 19 44 42 3 7 29 40 0 12 21 13 16 30 38 37 15 46 14 24 28 34 31 8 47 10 18 27 36 11 9 17 1 2 48 41 20 5 45
Coste: 53108

GENERACION: 89
Mejor Solucion:  49 26 25 22 43 32 4 35 39 23 33 6 19 44 42 3 7 29 40 0 12 21 13 16 30 38 37 15 46 14 24 28 34 31 8 47 10 18 27 36 11 9 17 1 2 48 41 20 5 45
Coste: 53108

GENERACION: 90
Mejor Solucion:  49 26 25 22 43 32 4 35 39 23 33 6 19 44 42 3 7 29 40 0 12 21 13 16 30 38 37 15 46 14 24 28 34 31 8 47 10 18 27 36 11 9 17 1 2 48 41 20 5 45
Coste: 53108

GENERACION: 91
Mejor Solucion:  49 26 25 22 43 32 4 35 39 23 33 6 19 44 42 3 7 29 40 0 12 21 13 16 30 38 37 15 46 14 24 28 34 31 8 47 10 18 27 36 11 9 17 1 2 48 41 20 5 45
Coste: 53108

GENERACION: 92
Mejor Solucion:  49 26 25 22 43 32 4 35 39 23 33 6 19 44 42 3 7 29 40 0 12 21 13 16 30 38 37 15 46 14 24 28 34 31 8 47 10 18 27 36 11 9 17 1 2 48 41 20 5 45
Coste: 53108

GENERACION: 93
Mejor Solucion:  49 26 25 22 43 32 4 35 39 23 33 6 19 44 42 3 7 29 40 0 12 21 13 16 30 38 37 15 46 14 24 28 34 31 8 47 10 18 27 36 11 9 17 1 2 48 41 20 5 45
Coste: 53108

GENERACION: 94
Mejor Solucion:  49 26 25 22 43 32 4 35 39 23 33 6 19 44 42 3 7 29 40 0 12 21 13 16 30 38 37 15 46 14 24 28 34 31 8 47 10 18 27 36 11 9 17 1 2 48 41 20 5 45
Coste: 53108

GENERACION: 95
Mejor Solucion:  49 26 25 22 43 32 4 35 39 23 33 6 19 44 42 3 7 29 40 0 12 21 13 16 30 38 37 15 46 14 24 28 34 31 8 47 10 18 27 36 11 9 17 1 2 48 41 20 5 45
Coste: 53108

GENERACION: 96
Mejor Solucion:  49 26 25 22 43 32 4 35 39 23 33 6 19 44 42 3 7 29 40 0 12 21 13 16 30 38 37 15 46 14 24 28 34 31 8 47 10 18 27 36 11 9 17 1 2 48 41 20 5 45
Coste: 53108

GENERACION: 97
Mejor Solucion:  49 26 25 22 43 32 4 35 39 23 33 6 19 44 42 3 7 29 40 0 12 21 13 16 30 38 37 15 46 14 24 28 34 31 8 47 10 18 27 36 11 9 17 1 2 48 41 20 5 45
Coste: 53108

GENERACION: 98
Mejor Solucion:  49 26 25 22 43 32 4 35 39 23 33 6 19 44 42 3 7 29 40 0 12 21 13 16 30 38 37 15 46 14 24 28 34 31 8 47 10 18 27 36 11 9 17 1 2 48 41 20 5 45
Coste: 53108

GENERACION: 99
Mejor Solucion:  49 26 25 22 43 32 4 35 39 23 33 6 19 44 42 3 7 29 40 0 12 21 13 16 30 38 37 15 46 14 24 28 34 31 8 47 10 18 27 36 11 9 17 1 2 48 41 20 5 45
Coste: 53108

GENERACION: 100
Mejor Solucion:  49 26 25 22 43 32 4 35 39 23 33 6 19 44 42 3 7 29 40 0 12 21 13 16 30 38 37 15 46 14 24 28 34 31 8 47 10 18 27 36 11 9 17 1 2 48 41 20 5 45
Coste: 53108

GENERACION: 101
Mejor Solucion:  49 26 25 22 43 32 4 35 39 23 33 6 19 44 42 3 7 29 40 0 12 21 13 16 30 38 37 15 46 14 24 28 34 31 8 47 10 18 27 36 11 9 17 1 2 48 41 20 5 45
Coste: 53108

GENERACION: 102
Mejor Solucion:  49 26 25 22 43 32 4 35 39 23 33 6 19 44 42 3 7 29 40 0 12 21 13 16 30 38 37 15 46 14 24 28 34 31 8 47 10 18 27 36 11 9 17 1 2 48 41 20 5 45
Coste: 53108

GENERACION: 103
Mejor Solucion:  49 26 25 22 43 32 4 35 39 23 33 6 19 44 42 3 7 29 40 0 12 21 13 16 30 38 37 15 46 14 24 28 34 31 8 47 10 18 27 36 11 9 17 1 2 48 41 20 5 45
Coste: 53108

GENERACION: 104
Mejor Solucion:  49 26 25 22 43 32 4 35 39 23 33 6 19 44 42 3 7 29 40 0 12 21 13 16 30 38 37 15 46 14 24 28 34 31 8 47 10 18 27 36 11 9 17 1 2 48 41 20 5 45
Coste: 53108

GENERACION: 105
Mejor Solucion:  49 26 25 22 43 32 4 35 39 23 33 6 19 44 42 3 7 29 40 0 12 21 13 16 30 38 37 15 46 14 24 28 34 31 8 47 10 18 27 36 11 9 17 1 2 48 41 20 5 45
Coste: 53108

GENERACION: 106
Mejor Solucion:  49 26 25 22 43 32 4 35 39 23 33 6 19 44 42 3 7 29 40 0 12 21 13 16 30 38 37 15 46 14 24 28 34 31 8 47 10 18 27 36 11 9 17 1 2 48 41 20 5 45
Coste: 53108

GENERACION: 107
Mejor Solucion:  49 26 25 22 43 32 4 35 39 23 33 6 19 44 42 3 7 29 40 0 12 21 13 16 30 38 37 15 46 14 24 28 34 31 8 47 10 18 27 36 11 9 17 1 2 48 41 20 5 45
Coste: 53108

GENERACION: 108
Mejor Solucion:  49 26 25 22 43 32 4 35 39 23 33 6 19 44 42 3 7 29 40 0 12 21 13 16 30 38 37 15 46 14 24 28 34 31 8 47 10 18 27 36 11 9 17 1 2 48 41 20 5 45
Coste: 53108

GENERACION: 109
Mejor Solucion:  49 26 25 22 43 32 4 35 39 23 33 6 19 44 42 3 7 29 40 0 12 21 13 16 30 38 37 15 46 14 24 28 34 31 8 47 10 18 27 36 11 9 17 1 2 48 41 20 5 45
Coste: 53108

GENERACION: 110
Mejor Solucion:  6 26 25 22 43 32 4 35 39 23 33 49 19 44 31 3 7 29 40 0 12 21 13 34 30 38 37 15 46 14 24 28 16 42 8 47 10 18 27 36 11 9 17 1 2 48 41 20 5 45
Coste: 53095

GENERACION: 111
Mejor Solucion:  6 26 25 22 43 32 4 35 39 23 33 49 19 44 31 3 7 29 40 0 12 21 13 34 30 38 37 15 46 14 24 28 16 42 8 47 10 18 27 36 11 9 17 1 2 48 41 20 5 45
Coste: 53095

GENERACION: 112
Mejor Solucion:  6 26 25 22 43 32 4 35 39 23 33 49 19 44 31 3 7 29 40 0 12 21 13 34 30 38 37 15 46 14 24 28 16 42 8 47 10 18 27 36 11 9 17 1 2 48 41 20 5 45
Coste: 53095

GENERACION: 113
Mejor Solucion:  6 26 25 22 43 32 4 35 39 23 33 49 19 44 31 3 7 29 40 0 12 21 13 34 30 38 37 15 46 14 24 28 16 42 8 47 10 18 27 36 11 9 17 1 2 48 41 20 5 45
Coste: 53095

GENERACION: 114
Mejor Solucion:  6 26 25 22 43 32 4 35 39 23 33 49 19 44 31 3 7 29 40 0 12 21 13 34 30 38 37 15 46 14 24 28 16 42 8 47 10 18 27 36 11 9 17 1 2 48 41 20 5 45
Coste: 53095

GENERACION: 115
Mejor Solucion:  6 26 25 22 43 32 4 35 39 23 33 49 19 44 31 3 7 29 40 0 12 21 13 34 30 38 37 15 46 14 24 28 16 42 8 47 10 18 27 36 11 9 17 1 2 48 41 20 5 45
Coste: 53095

GENERACION: 116
Mejor Solucion:  6 26 25 22 43 32 4 35 39 23 33 49 19 44 31 3 7 29 40 0 12 21 13 34 30 38 37 15 46 14 24 28 16 42 8 47 10 18 27 36 11 9 17 1 2 48 41 20 5 45
Coste: 53095

GENERACION: 117
Mejor Solucion:  6 26 25 22 43 32 4 35 39 23 33 49 19 44 31 3 7 29 40 0 12 21 13 34 30 38 37 15 46 14 24 28 16 42 8 47 10 18 27 36 11 9 17 1 2 48 41 20 5 45
Coste: 53095

GENERACION: 118
Mejor Solucion:  6 26 25 20 43 5 32 17 39 41 33 9 19 44 31 3 7 29 36 0 12 1 13 34 30 8 37 15 46 14 21 28 16 42 38 47 10 18 4 48 11 49 35 24 22 40 23 27 2 45
Coste: 53033

GENERACION: 119
Mejor Solucion:  6 26 25 20 43 5 32 17 39 41 33 9 19 44 31 3 7 29 36 0 12 1 13 34 30 8 37 15 46 14 21 28 16 42 38 47 10 18 4 48 11 49 35 24 22 40 23 27 2 45
Coste: 53033

GENERACION: 120
Mejor Solucion:  6 26 25 20 43 5 32 17 39 41 33 9 19 44 31 3 7 29 36 0 12 1 13 34 30 8 37 15 46 14 21 28 16 42 38 47 10 18 4 48 11 49 35 24 22 40 23 27 2 45
Coste: 53033

GENERACION: 121
Mejor Solucion:  6 26 25 20 43 5 32 17 39 41 33 9 19 44 31 3 7 29 36 0 12 1 13 34 30 8 37 15 46 14 21 28 16 42 38 47 10 18 4 48 11 49 35 24 22 40 23 27 2 45
Coste: 53033

GENERACION: 122
Mejor Solucion:  6 26 25 20 43 5 32 17 39 41 33 9 19 44 31 3 7 29 36 0 12 1 13 34 30 8 37 15 46 14 21 28 16 42 38 47 10 18 4 48 11 49 35 24 22 40 23 27 2 45
Coste: 53033

GENERACION: 123
Mejor Solucion:  6 26 25 20 43 5 32 17 39 41 33 9 19 44 31 3 7 29 36 0 12 1 13 34 30 8 37 15 46 14 21 28 16 42 38 47 10 18 4 48 11 49 35 24 22 40 23 27 2 45
Coste: 53033

GENERACION: 124
Mejor Solucion:  6 26 25 20 43 5 32 17 39 41 33 9 19 44 31 3 7 29 36 0 12 1 13 34 30 8 37 15 46 14 21 28 16 42 38 47 10 18 4 48 11 49 35 24 22 40 23 27 2 45
Coste: 53033

GENERACION: 125
Mejor Solucion:  6 26 25 20 43 5 32 17 39 41 33 9 19 44 31 3 7 29 36 0 12 1 13 34 30 8 37 15 46 14 21 28 16 42 38 47 10 18 4 48 11 49 35 24 22 40 23 27 2 45
Coste: 53033

GENERACION: 126
Mejor Solucion:  6 26 25 20 43 5 32 17 39 41 33 9 19 44 31 3 7 29 36 0 12 1 13 34 30 8 37 15 46 14 21 28 16 42 38 47 10 18 4 48 11 49 35 24 22 40 23 27 2 45
Coste: 53033

GENERACION: 127
Mejor Solucion:  6 26 25 20 43 5 32 17 39 41 33 9 19 44 31 3 7 29 36 0 12 1 13 34 30 8 37 15 46 14 21 28 16 42 38 47 10 18 4 48 11 49 35 24 22 40 23 27 2 45
Coste: 53033

GENERACION: 128
Mejor Solucion:  6 26 25 20 43 5 32 17 39 41 33 9 19 44 31 3 7 29 36 0 12 1 13 34 30 8 37 15 46 14 21 28 16 42 38 47 10 18 4 48 11 49 35 24 22 40 23 27 2 45
Coste: 53033

GENERACION: 129
Mejor Solucion:  6 26 25 20 43 5 32 17 39 41 33 9 19 44 31 3 7 29 36 0 12 1 13 34 30 8 37 15 46 14 21 28 16 42 38 47 10 18 4 48 11 49 35 24 22 40 23 27 2 45
Coste: 53033

GENERACION: 130
Mejor Solucion:  6 26 25 20 43 5 32 17 39 41 33 9 19 44 31 3 7 29 36 0 12 1 13 34 30 8 37 15 46 14 21 28 16 42 38 47 10 18 4 48 11 49 35 24 22 40 23 27 2 45
Coste: 53033

GENERACION: 131
Mejor Solucion:  6 26 25 20 43 5 32 17 39 41 33 9 19 44 31 3 7 29 36 0 12 1 13 34 30 8 37 15 46 14 21 28 16 42 38 47 10 18 4 48 11 49 35 24 22 40 23 27 2 45
Coste: 53033

GENERACION: 132
Mejor Solucion:  6 26 25 20 43 5 32 17 39 41 33 9 19 44 31 3 7 29 36 0 12 1 13 34 30 8 37 15 46 14 21 28 16 42 38 47 10 18 4 48 11 49 35 24 22 40 23 27 2 45
Coste: 53033

GENERACION: 133
Mejor Solucion:  6 26 25 20 43 5 32 17 39 41 33 9 19 44 31 3 7 29 36 0 12 1 13 34 30 8 37 15 46 14 21 28 16 42 38 47 10 18 4 48 11 49 35 24 22 40 23 27 2 45
Coste: 53033

GENERACION: 134
Mejor Solucion:  6 26 25 20 43 5 32 17 39 41 33 9 19 44 31 3 7 29 36 0 12 1 13 34 30 8 37 15 46 14 21 28 16 42 38 47 10 18 4 48 11 49 35 24 22 40 23 27 2 45
Coste: 53033

GENERACION: 135
Mejor Solucion:  6 26 25 20 43 5 32 17 39 41 33 9 19 44 31 3 7 29 36 0 12 1 13 34 30 8 37 15 46 14 21 28 16 42 38 47 10 18 4 48 11 49 35 24 22 40 23 27 2 45
Coste: 53033

GENERACION: 136
Mejor Solucion:  6 26 25 20 43 5 32 17 39 41 33 9 19 44 31 3 7 29 36 0 12 1 13 34 30 8 37 15 46 14 21 28 16 42 38 47 10 18 4 48 11 49 35 24 22 40 23 27 2 45
Coste: 53033

GENERACION: 137
Mejor Solucion:  6 26 25 20 43 5 32 17 39 41 33 9 19 44 31 3 7 29 36 0 12 1 13 34 30 8 37 15 46 14 21 28 16 42 38 47 10 18 4 48 11 49 35 24 22 40 23 27 2 45
Coste: 53033

GENERACION: 138
Mejor Solucion:  6 26 25 20 43 5 32 17 39 41 33 9 19 44 31 3 7 29 36 0 12 1 13 34 30 8 37 15 46 14 21 28 16 42 38 47 10 18 4 48 11 49 35 24 22 40 23 27 2 45
Coste: 53033

GENERACION: 139
Mejor Solucion:  6 26 25 20 43 5 32 17 39 41 33 9 19 44 31 3 7 29 36 0 12 1 13 34 30 8 37 15 46 14 21 28 16 42 38 47 10 18 4 48 11 49 35 24 22 40 23 27 2 45
Coste: 53033

GENERACION: 140
Mejor Solucion:  6 26 25 20 43 5 32 17 39 41 33 9 19 44 31 3 7 29 36 0 12 1 13 34 30 8 37 15 46 14 21 28 16 42 38 47 10 18 4 48 11 49 35 24 22 40 23 27 2 45
Coste: 53033

GENERACION: 141
Mejor Solucion:  6 26 25 20 43 5 32 17 39 41 33 9 19 44 31 3 7 29 36 0 12 1 13 34 30 8 37 15 46 14 21 28 16 42 38 47 10 18 4 48 11 49 35 24 22 40 23 27 2 45
Coste: 53033

GENERACION: 142
Mejor Solucion:  6 26 25 20 43 5 32 17 39 41 33 9 19 44 31 3 7 29 36 0 12 1 13 34 30 8 37 15 46 14 21 28 16 42 38 47 10 18 4 48 11 49 35 24 22 40 23 27 2 45
Coste: 53033

GENERACION: 143
Mejor Solucion:  6 26 25 20 43 5 32 17 39 41 33 9 19 44 31 3 7 29 36 0 12 1 13 34 30 8 37 15 46 14 21 28 16 42 38 47 10 18 4 48 11 49 35 24 22 40 23 27 2 45
Coste: 53033

GENERACION: 144
Mejor Solucion:  6 26 25 20 43 5 32 17 39 41 33 9 19 44 31 3 7 29 36 0 12 1 13 34 30 8 37 15 46 14 21 28 16 42 38 47 10 18 4 48 11 49 35 24 22 40 23 27 2 45
Coste: 53033

GENERACION: 145
Mejor Solucion:  6 26 25 20 43 5 32 17 39 41 33 9 19 44 31 3 7 29 36 0 12 1 13 34 30 8 37 15 46 14 21 28 16 42 38 47 10 18 4 48 11 49 35 24 22 40 23 27 2 45
Coste: 53033

GENERACION: 146
Mejor Solucion:  6 26 25 20 43 5 32 17 39 41 33 9 19 44 31 3 7 29 36 0 12 1 13 34 30 8 37 15 46 14 21 28 16 42 38 47 10 18 4 48 11 49 35 24 22 40 23 27 2 45
Coste: 53033

GENERACION: 147
Mejor Solucion:  6 26 25 20 43 5 32 17 39 41 33 9 19 44 31 3 7 29 36 0 12 1 13 34 30 8 37 15 46 14 21 28 16 42 38 47 10 18 4 48 11 49 35 24 22 40 23 27 2 45
Coste: 53033

GENERACION: 148
Mejor Solucion:  6 26 25 20 43 5 32 17 39 41 33 9 19 44 31 3 7 29 36 0 12 1 13 34 30 8 37 15 46 14 21 28 16 42 38 47 10 18 4 48 11 49 35 24 22 40 23 27 2 45
Coste: 53033

GENERACION: 149
Mejor Solucion:  6 26 25 20 43 5 32 17 39 41 33 9 19 44 31 3 7 29 36 0 12 1 13 34 30 8 37 15 46 14 21 28 16 42 38 47 10 18 4 48 11 49 35 24 22 40 23 27 2 45
Coste: 53033

GENERACION: 150
Mejor Solucion:  6 26 25 20 43 5 32 17 39 41 33 9 19 44 31 3 7 29 36 0 12 1 13 34 30 8 37 15 46 14 21 28 16 42 38 47 10 18 4 48 11 49 35 24 22 40 23 27 2 45
Coste: 53033

GENERACION: 151
Mejor Solucion:  6 26 25 20 43 5 32 17 39 41 33 9 19 44 31 3 7 29 36 0 12 1 13 34 30 8 37 15 46 14 21 28 16 42 38 47 10 18 4 48 11 49 35 24 22 40 23 27 2 45
Coste: 53033

GENERACION: 152
Mejor Solucion:  6 26 25 20 43 5 32 17 39 41 33 9 19 44 31 3 7 29 36 0 12 1 13 34 30 8 37 15 46 14 21 28 16 42 38 47 10 18 4 48 11 49 35 24 22 40 23 27 2 45
Coste: 53033

GENERACION: 153
Mejor Solucion:  6 26 25 20 43 5 32 17 39 41 33 9 19 44 31 3 7 29 36 0 12 1 13 34 30 8 37 15 46 14 21 28 16 42 38 47 10 18 4 48 11 49 35 24 22 40 23 27 2 45
Coste: 53033

GENERACION: 154
Mejor Solucion:  6 26 25 20 43 5 32 17 39 41 33 9 19 44 31 3 7 29 36 0 12 1 13 34 30 8 37 15 46 14 21 28 16 42 38 47 10 18 4 48 11 49 35 24 22 40 23 27 2 45
Coste: 53033

GENERACION: 155
Mejor Solucion:  6 26 25 20 43 5 32 17 39 41 33 9 19 44 31 3 7 29 36 0 12 1 13 34 30 8 37 15 46 14 21 28 16 42 38 47 10 18 4 48 11 49 35 24 22 40 23 27 2 45
Coste: 53033

GENERACION: 156
Mejor Solucion:  6 26 25 20 43 5 32 17 39 41 33 9 19 44 31 3 7 29 36 0 12 1 13 34 30 8 37 15 46 14 21 28 16 42 38 47 10 18 4 48 11 49 35 24 22 40 23 27 2 45
Coste: 53033

GENERACION: 157
Mejor Solucion:  6 26 25 20 43 5 32 17 39 41 33 9 19 44 31 3 7 29 36 0 12 1 13 34 30 8 37 15 46 14 21 28 16 42 38 47 10 18 4 48 11 49 35 24 22 40 23 27 2 45
Coste: 53033

GENERACION: 158
Mejor Solucion:  6 26 25 20 43 5 32 17 39 41 33 9 19 44 31 3 7 29 36 0 12 1 13 34 30 8 37 15 46 14 21 28 16 42 38 47 10 18 4 48 11 49 35 24 22 40 23 27 2 45
Coste: 53033

GENERACION: 159
Mejor Solucion:  6 26 25 20 43 5 32 17 39 41 33 9 19 44 31 3 7 29 36 0 12 1 13 34 30 8 37 15 46 14 21 28 16 42 38 47 10 18 4 48 11 49 35 24 22 40 23 27 2 45
Coste: 53033

GENERACION: 160
Mejor Solucion:  6 26 25 20 27 32 48 24 39 47 33 9 19 44 36 3 7 29 31 0 12 1 13 34 30 8 37 15 46 14 21 28 16 42 38 41 10 18 4 5 11 49 35 17 22 43 23 40 2 45
Coste: 53018

GENERACION: 161
Mejor Solucion:  6 26 25 20 27 32 48 24 39 47 33 9 19 44 36 3 7 29 31 0 12 1 13 34 30 8 37 15 46 14 21 28 16 42 38 41 10 18 4 5 11 49 35 17 22 43 23 40 2 45
Coste: 53018

GENERACION: 162
Mejor Solucion:  6 26 25 20 27 32 48 24 39 47 33 9 19 44 36 3 7 29 31 0 12 1 13 34 30 8 37 15 46 14 21 28 16 42 38 41 10 18 4 5 11 49 35 17 22 43 23 40 2 45
Coste: 53018

GENERACION: 163
Mejor Solucion:  6 26 25 20 27 32 48 24 39 47 33 9 19 44 36 3 7 29 31 0 12 1 13 34 30 8 37 15 46 14 21 28 16 42 38 41 10 18 4 5 11 49 35 17 22 43 23 40 2 45
Coste: 53018

GENERACION: 164
Mejor Solucion:  6 26 25 20 27 32 48 24 39 47 33 9 19 44 36 3 7 29 31 0 12 1 13 34 30 8 37 15 46 14 21 28 16 42 38 41 10 18 4 5 11 49 35 17 22 43 23 40 2 45
Coste: 53018

GENERACION: 165
Mejor Solucion:  6 26 25 20 27 32 48 24 39 47 33 9 19 44 36 3 7 29 31 0 12 1 13 34 30 8 37 15 46 14 21 28 16 42 38 41 10 18 4 5 11 49 35 17 22 43 23 40 2 45
Coste: 53018

GENERACION: 166
Mejor Solucion:  6 26 25 20 27 32 48 24 39 47 33 9 19 44 36 3 7 29 31 0 12 1 13 34 30 8 37 15 46 14 21 28 16 42 38 41 10 18 4 5 11 49 35 17 22 43 23 40 2 45
Coste: 53018

GENERACION: 167
Mejor Solucion:  6 26 25 20 27 32 48 24 39 47 33 9 19 44 36 3 7 29 31 0 12 1 13 34 30 8 37 15 46 14 21 28 16 42 38 41 10 18 4 5 11 49 35 17 22 43 23 40 2 45
Coste: 53018

GENERACION: 168
Mejor Solucion:  6 26 25 20 27 32 48 24 39 47 33 9 19 44 36 3 7 29 31 0 12 1 13 34 30 8 37 15 46 14 21 28 16 42 38 41 10 18 4 5 11 49 35 17 22 43 23 40 2 45
Coste: 53018

GENERACION: 169
Mejor Solucion:  6 26 25 20 27 32 48 24 39 47 33 9 19 44 36 3 7 29 31 0 12 1 13 34 30 8 37 15 46 14 21 28 16 42 38 41 10 18 4 5 11 49 35 17 22 43 23 40 2 45
Coste: 53018

GENERACION: 170
Mejor Solucion:  6 26 25 20 27 32 48 24 39 47 33 9 19 44 36 3 7 29 31 0 12 1 13 34 30 8 37 15 46 14 21 28 16 42 38 41 10 18 4 5 11 49 35 17 22 43 23 40 2 45
Coste: 53018

GENERACION: 171
Mejor Solucion:  6 26 25 20 27 32 48 24 39 47 33 9 19 44 36 3 7 29 31 0 12 1 13 34 30 8 37 15 46 14 21 28 16 42 38 41 10 18 4 5 11 49 35 17 22 43 23 40 2 45
Coste: 53018

GENERACION: 172
Mejor Solucion:  6 26 25 20 27 32 48 24 39 47 33 9 19 44 36 3 7 29 31 0 12 1 13 34 30 8 37 15 46 14 21 28 16 42 38 41 10 18 4 5 11 49 35 17 22 43 23 40 2 45
Coste: 53018

GENERACION: 173
Mejor Solucion:  6 26 25 20 27 32 48 24 39 47 33 9 19 44 36 3 7 29 31 0 12 1 13 34 30 8 37 15 46 14 21 28 16 42 38 41 10 18 4 5 11 49 35 17 22 43 23 40 2 45
Coste: 53018

GENERACION: 174
Mejor Solucion:  6 26 25 20 27 32 48 24 39 47 33 9 19 44 36 3 7 29 31 0 12 1 13 34 30 8 37 15 46 14 21 28 16 42 38 41 10 18 4 5 11 49 35 17 22 43 23 40 2 45
Coste: 53018

GENERACION: 175
Mejor Solucion:  6 26 25 20 27 32 48 24 39 47 33 9 19 44 36 3 7 29 31 0 12 1 13 34 30 8 37 15 46 14 21 28 16 42 38 41 10 18 4 5 11 49 35 17 22 43 23 40 2 45
Coste: 53018

GENERACION: 176
Mejor Solucion:  6 26 25 20 27 32 48 24 39 47 33 9 19 44 36 3 7 29 31 0 12 1 13 34 30 8 37 15 46 14 21 28 16 42 38 41 10 18 4 5 11 49 35 17 22 43 23 40 2 45
Coste: 53018

GENERACION: 177
Mejor Solucion:  6 26 25 20 27 32 48 24 39 47 33 9 19 44 36 3 7 29 31 0 12 1 13 34 30 8 37 15 46 14 21 28 16 42 38 41 10 18 4 5 11 49 35 17 22 43 23 40 2 45
Coste: 53018

GENERACION: 178
Mejor Solucion:  6 26 25 20 27 32 48 24 39 47 33 9 19 44 36 3 7 29 31 0 12 1 13 34 30 8 37 15 46 14 21 28 16 42 38 41 10 18 4 5 11 49 35 17 22 43 23 40 2 45
Coste: 53018

GENERACION: 179
Mejor Solucion:  6 26 25 20 27 32 48 24 39 47 33 9 19 44 36 3 7 29 31 0 12 1 13 34 30 8 37 15 46 14 21 28 16 42 38 41 10 18 4 5 11 49 35 17 22 43 23 40 2 45
Coste: 53018

GENERACION: 180
Mejor Solucion:  6 26 25 20 27 32 48 24 39 47 33 9 19 44 36 3 7 29 31 0 12 1 13 34 30 8 37 15 46 14 21 28 16 42 38 41 10 18 4 5 11 49 35 17 22 43 23 40 2 45
Coste: 53018

GENERACION: 181
Mejor Solucion:  6 26 25 20 27 32 48 24 39 47 33 9 19 44 36 3 7 29 31 0 12 1 13 34 30 8 37 15 46 14 21 28 16 42 38 41 10 18 4 5 11 49 35 17 22 43 23 40 2 45
Coste: 53018

GENERACION: 182
Mejor Solucion:  6 26 25 20 27 32 48 24 39 47 33 9 19 44 36 3 7 29 31 0 12 1 13 34 30 8 37 15 46 14 21 28 16 42 38 41 10 18 4 5 11 49 35 17 22 43 23 40 2 45
Coste: 53018

GENERACION: 183
Mejor Solucion:  6 26 25 20 27 32 48 24 39 47 33 9 19 44 36 3 7 29 31 0 12 1 13 34 30 8 37 15 46 14 21 28 16 42 38 41 10 18 4 5 11 49 35 17 22 43 23 40 2 45
Coste: 53018

GENERACION: 184
Mejor Solucion:  6 26 25 20 27 32 48 24 39 47 33 9 19 44 36 3 7 29 31 0 12 1 13 34 30 8 37 15 46 14 21 28 16 42 38 41 10 18 4 5 11 49 35 17 22 43 23 40 2 45
Coste: 53018

GENERACION: 185
Mejor Solucion:  6 26 25 20 27 32 48 24 39 47 33 9 19 44 36 3 7 29 31 0 12 1 13 34 30 8 37 15 46 14 21 28 16 42 38 41 10 18 4 5 11 49 35 17 22 43 23 40 2 45
Coste: 53018

GENERACION: 186
Mejor Solucion:  6 26 25 20 27 32 48 24 39 47 33 9 19 44 36 3 7 29 31 0 12 1 13 34 30 8 37 15 46 14 21 28 16 42 38 41 10 18 4 5 11 49 35 17 22 43 23 40 2 45
Coste: 53018

GENERACION: 187
Mejor Solucion:  6 26 25 20 27 32 48 24 39 47 33 9 19 44 36 3 7 29 31 0 12 1 13 34 30 8 37 15 46 14 21 28 16 42 38 41 10 18 4 5 11 49 35 17 22 43 23 40 2 45
Coste: 53018

GENERACION: 188
Mejor Solucion:  6 26 25 20 27 32 48 24 39 47 33 9 19 44 36 3 7 29 31 0 12 1 13 34 30 8 37 15 46 14 21 28 16 42 38 41 10 18 4 5 11 49 35 17 22 43 23 40 2 45
Coste: 53018

GENERACION: 189
Mejor Solucion:  6 26 25 20 27 32 48 24 39 47 33 9 19 44 36 3 7 29 31 0 12 1 13 34 30 8 37 15 46 14 21 28 16 42 38 41 10 18 4 5 11 49 35 17 22 43 23 40 2 45
Coste: 53018

GENERACION: 190
Mejor Solucion:  6 26 25 20 27 32 48 24 39 47 33 9 19 44 36 3 7 29 31 0 12 1 13 34 30 8 37 15 46 14 21 28 16 42 38 41 10 18 4 5 11 49 35 17 22 43 23 40 2 45
Coste: 53018

GENERACION: 191
Mejor Solucion:  6 26 25 20 27 32 48 24 39 47 33 9 19 44 36 3 7 29 31 0 12 1 13 34 30 8 37 15 46 14 21 28 16 42 38 41 10 18 4 5 11 49 35 17 22 43 23 40 2 45
Coste: 53018

GENERACION: 192
Mejor Solucion:  6 26 25 20 27 32 48 24 39 47 33 9 19 44 36 3 7 29 31 0 12 1 13 34 30 8 37 15 46 14 21 28 16 42 38 41 10 18 4 5 11 49 35 17 22 43 23 40 2 45
Coste: 53018

GENERACION: 193
Mejor Solucion:  6 26 25 20 27 32 48 24 39 47 33 9 19 44 36 3 7 29 31 0 12 1 13 34 30 8 37 15 46 14 21 28 16 42 38 41 10 18 4 5 11 49 35 17 22 43 23 40 2 45
Coste: 53018

GENERACION: 194
Mejor Solucion:  6 26 25 20 27 32 48 24 39 47 33 9 19 44 36 3 7 29 31 0 12 1 13 34 30 8 37 15 46 14 21 28 16 42 38 41 10 18 4 5 11 49 35 17 22 43 23 40 2 45
Coste: 53018

GENERACION: 195
Mejor Solucion:  6 26 25 20 27 32 48 24 39 47 33 9 19 44 36 3 7 29 31 0 12 1 13 34 30 8 37 15 46 14 21 28 16 42 38 41 10 18 4 5 11 49 35 17 22 43 23 40 2 45
Coste: 53018

GENERACION: 196
Mejor Solucion:  6 26 25 20 27 32 48 24 39 47 33 9 19 44 36 3 7 29 31 0 12 1 13 34 30 8 37 15 46 14 21 28 16 42 38 41 10 18 4 5 11 49 35 17 22 43 23 40 2 45
Coste: 53018

GENERACION: 197
Mejor Solucion:  6 26 25 20 27 32 48 24 39 47 33 9 19 44 36 3 7 29 31 0 12 1 13 34 30 8 37 15 46 14 21 28 16 42 38 41 10 18 4 5 11 49 35 17 22 43 23 40 2 45
Coste: 53018

GENERACION: 198
Mejor Solucion:  6 26 25 20 27 32 48 24 39 47 33 9 19 44 36 3 7 29 31 0 12 1 13 34 30 8 37 15 46 14 21 28 16 42 38 41 10 18 4 5 11 49 35 17 22 43 23 40 2 45
Coste: 53018

GENERACION: 199
Mejor Solucion:  6 26 25 20 27 32 48 24 39 47 33 9 19 44 36 3 7 29 31 0 12 1 13 34 30 8 37 15 46 14 21 28 16 42 38 41 10 18 4 5 11 49 35 17 22 43 23 40 2 45
Coste: 53018

GENERACION: 200
Mejor Solucion:  6 26 25 20 27 32 48 24 39 47 33 9 19 44 36 3 7 29 31 0 12 1 13 34 30 8 37 15 46 14 21 28 16 42 38 41 10 18 4 5 11 49 35 17 22 43 23 40 2 45
Coste: 53018

GENERACION: 201
Mejor Solucion:  6 26 25 20 27 32 48 24 39 47 33 9 19 44 36 3 7 29 31 0 12 1 13 34 30 8 37 15 46 14 21 28 16 42 38 41 10 18 4 5 11 49 35 17 22 43 23 40 2 45
Coste: 53018

GENERACION: 202
Mejor Solucion:  6 26 25 20 27 32 48 24 39 47 33 9 19 44 36 3 7 29 31 0 12 1 13 34 30 8 37 15 46 14 21 28 16 42 38 41 10 18 4 5 11 49 35 17 22 43 23 40 2 45
Coste: 53018

GENERACION: 203
Mejor Solucion:  6 26 25 20 27 32 48 24 39 47 33 9 19 44 36 3 7 29 31 0 12 1 13 34 30 8 37 15 46 14 21 28 16 42 38 41 10 18 4 5 11 49 35 17 22 43 23 40 2 45
Coste: 53018

GENERACION: 204
Mejor Solucion:  6 26 25 20 27 32 48 24 39 47 33 9 19 44 36 3 7 29 31 0 12 1 13 34 30 8 37 15 46 14 21 28 16 42 38 41 10 18 4 5 11 49 35 17 22 43 23 40 2 45
Coste: 53018

GENERACION: 205
Mejor Solucion:  6 26 25 20 27 32 48 24 39 47 33 9 19 44 36 3 7 29 31 0 12 1 13 34 30 8 37 15 46 14 21 28 16 42 38 41 10 18 4 5 11 49 35 17 22 43 23 40 2 45
Coste: 53018

GENERACION: 206
Mejor Solucion:  6 26 25 20 27 32 48 24 39 47 33 9 19 44 36 3 7 29 31 0 12 1 13 34 30 8 37 15 46 14 21 28 16 42 38 41 10 18 4 5 11 49 35 17 22 43 23 40 2 45
Coste: 53018

GENERACION: 207
Mejor Solucion:  6 26 25 20 27 32 48 24 39 47 33 9 19 44 36 3 7 29 31 0 12 1 13 34 30 8 37 15 46 14 21 28 16 42 38 41 10 18 4 5 11 49 35 17 22 43 23 40 2 45
Coste: 53018

GENERACION: 208
Mejor Solucion:  6 26 25 20 27 32 48 24 39 47 33 9 19 44 36 3 7 29 31 0 12 1 13 34 30 8 37 15 46 14 21 28 16 42 38 41 10 18 4 5 11 49 35 17 22 43 23 40 2 45
Coste: 53018

GENERACION: 209
Mejor Solucion:  6 26 25 20 27 32 48 24 39 47 33 9 19 44 36 3 7 29 31 0 12 1 13 34 30 8 37 15 46 14 21 28 16 42 38 41 10 18 4 5 11 49 35 17 22 43 23 40 2 45
Coste: 53018

GENERACION: 210
Mejor Solucion:  6 26 25 20 27 32 48 24 39 47 33 9 19 44 36 3 7 29 31 0 12 1 13 34 30 8 37 15 46 14 21 28 16 42 38 41 10 18 4 5 11 49 35 17 22 43 23 40 2 45
Coste: 53018

GENERACION: 211
Mejor Solucion:  6 26 25 20 27 32 48 24 39 47 33 9 19 44 36 3 7 29 31 0 12 1 13 34 30 8 37 15 46 14 21 28 16 42 38 41 10 18 4 5 11 49 35 17 22 43 23 40 2 45
Coste: 53018

GENERACION: 212
Mejor Solucion:  6 26 25 20 27 32 48 24 39 47 33 9 19 44 36 3 7 29 31 0 12 1 13 34 30 8 37 15 46 14 21 28 16 42 38 41 10 18 4 5 11 49 35 17 22 43 23 40 2 45
Coste: 53018

GENERACION: 213
Mejor Solucion:  6 26 25 20 27 32 48 24 39 47 33 9 19 44 36 3 7 29 31 0 12 1 13 34 30 8 37 15 46 14 21 28 16 42 38 41 10 18 4 5 11 49 35 17 22 43 23 40 2 45
Coste: 53018

GENERACION: 214
Mejor Solucion:  6 26 25 20 27 32 48 24 39 47 33 9 19 44 36 3 41 29 31 0 12 34 13 1 7 8 37 15 46 14 21 28 16 42 38 30 10 18 4 5 11 49 35 17 22 43 23 40 2 45
Coste: 52970

GENERACION: 215
Mejor Solucion:  6 26 25 20 27 32 48 24 39 47 33 9 19 44 36 3 41 29 31 0 12 34 13 1 7 8 37 15 46 14 21 28 16 42 38 30 10 18 4 5 11 49 35 17 22 43 23 40 2 45
Coste: 52970

GENERACION: 216
Mejor Solucion:  6 26 25 20 27 32 48 24 39 47 33 9 19 44 36 3 41 29 31 0 12 34 13 1 7 8 37 15 46 14 21 28 16 42 38 30 10 18 4 5 11 49 35 17 22 43 23 40 2 45
Coste: 52970

GENERACION: 217
Mejor Solucion:  6 26 25 20 27 32 48 24 39 47 33 9 19 44 36 3 41 29 31 0 12 34 13 1 7 8 37 15 46 14 21 28 16 42 38 30 10 18 4 5 11 49 35 17 22 43 23 40 2 45
Coste: 52970

GENERACION: 218
Mejor Solucion:  6 26 25 20 27 32 48 24 39 47 33 9 19 44 36 3 41 29 31 0 12 34 13 1 7 8 37 15 46 14 21 28 16 42 38 30 10 18 4 5 11 49 35 17 22 43 23 40 2 45
Coste: 52970

GENERACION: 219
Mejor Solucion:  6 26 25 20 27 32 48 24 39 47 33 9 19 44 36 3 41 29 31 0 12 34 13 1 7 8 37 15 46 14 21 28 16 42 38 30 10 18 4 5 11 49 35 17 22 43 23 40 2 45
Coste: 52970

GENERACION: 220
Mejor Solucion:  6 26 25 20 27 32 48 24 39 47 33 9 19 44 36 3 41 29 31 0 12 34 13 1 7 8 37 15 46 14 21 28 16 42 38 30 10 18 4 5 11 49 35 17 22 43 23 40 2 45
Coste: 52970

GENERACION: 221
Mejor Solucion:  6 26 25 20 27 32 48 24 39 47 33 9 19 44 36 3 41 29 31 0 12 34 13 1 7 8 37 15 46 14 21 28 16 42 38 30 10 18 4 5 11 49 35 17 22 43 23 40 2 45
Coste: 52970

GENERACION: 222
Mejor Solucion:  6 26 25 20 27 32 48 24 39 47 33 9 19 44 36 3 41 29 31 0 12 34 13 1 7 8 37 15 46 14 21 28 16 42 38 30 10 18 4 5 11 49 35 17 22 43 23 40 2 45
Coste: 52970

GENERACION: 223
Mejor Solucion:  6 26 25 20 27 32 48 24 39 47 33 9 19 44 36 3 41 29 31 0 12 34 13 1 7 8 37 15 46 14 21 28 16 42 38 30 10 18 4 5 11 49 35 17 22 43 23 40 2 45
Coste: 52970

GENERACION: 224
Mejor Solucion:  6 26 25 20 27 32 48 24 39 47 33 9 19 44 36 3 41 29 31 0 12 34 13 1 7 8 37 15 46 14 21 28 16 42 38 30 10 18 4 5 11 49 35 17 22 43 23 40 2 45
Coste: 52970

GENERACION: 225
Mejor Solucion:  6 26 25 20 27 32 48 24 39 47 33 9 19 44 36 3 41 29 31 0 12 34 13 1 7 8 37 15 46 14 21 28 16 42 38 30 10 18 4 5 11 49 35 17 22 43 23 40 2 45
Coste: 52970

GENERACION: 226
Mejor Solucion:  6 26 25 20 27 32 48 24 39 47 33 9 19 44 36 3 41 29 31 0 12 34 13 1 7 8 37 15 46 14 21 28 16 42 38 30 10 18 4 5 11 49 35 17 22 43 23 40 2 45
Coste: 52970

GENERACION: 227
Mejor Solucion:  6 26 25 20 27 32 48 24 39 47 33 9 19 44 36 3 41 29 31 0 12 34 13 1 7 8 37 15 46 14 21 28 16 42 38 30 10 18 4 5 11 49 35 17 22 43 23 40 2 45
Coste: 52970

GENERACION: 228
Mejor Solucion:  6 26 25 20 27 32 48 24 39 47 33 9 19 44 36 3 41 29 31 0 12 34 13 1 7 8 37 15 46 14 21 28 16 42 38 30 10 18 4 5 11 49 35 17 22 43 23 40 2 45
Coste: 52970

GENERACION: 229
Mejor Solucion:  6 26 25 20 27 32 48 24 39 47 33 9 19 44 36 3 41 29 31 0 12 34 13 1 7 8 37 15 46 14 21 28 16 42 38 30 10 18 4 5 11 49 35 17 22 43 23 40 2 45
Coste: 52970

GENERACION: 230
Mejor Solucion:  6 26 25 20 27 32 48 24 39 47 33 9 19 44 36 3 41 29 31 0 12 34 13 1 7 8 37 15 46 14 21 28 16 42 38 30 10 18 4 5 11 49 35 17 22 43 23 40 2 45
Coste: 52970

GENERACION: 231
Mejor Solucion:  6 26 25 20 27 32 48 24 39 47 33 9 19 44 36 3 41 29 31 0 12 34 13 1 7 8 37 15 46 14 21 28 16 42 38 30 10 18 4 5 11 49 35 17 22 43 23 40 2 45
Coste: 52970

GENERACION: 232
Mejor Solucion:  6 26 25 20 27 32 48 24 39 47 33 9 19 44 36 3 41 29 31 0 12 34 13 1 7 8 37 15 46 14 21 28 16 42 38 30 10 18 4 5 11 49 35 17 22 43 23 40 2 45
Coste: 52970

GENERACION: 233
Mejor Solucion:  6 26 25 20 27 32 48 24 39 47 33 9 19 44 36 3 41 29 31 0 12 34 13 1 7 8 37 15 46 14 21 28 16 42 38 30 10 18 4 5 11 49 35 17 22 43 23 40 2 45
Coste: 52970

GENERACION: 234
Mejor Solucion:  6 26 25 20 27 32 48 24 39 47 33 9 19 44 36 3 41 29 31 0 12 34 13 1 7 8 37 15 46 14 21 28 16 42 38 30 10 18 4 5 11 49 35 17 22 43 23 40 2 45
Coste: 52970

GENERACION: 235
Mejor Solucion:  6 26 25 20 27 32 48 24 39 47 33 9 19 44 36 3 41 29 31 0 12 34 13 1 7 8 37 15 46 14 21 28 16 42 38 30 10 18 4 5 11 49 35 17 22 43 23 40 2 45
Coste: 52970

GENERACION: 236
Mejor Solucion:  6 26 25 20 27 32 48 24 39 47 33 9 19 44 36 3 41 29 31 0 12 34 13 1 7 8 37 15 46 14 21 28 16 42 38 30 10 18 4 5 11 49 35 17 22 43 23 40 2 45
Coste: 52970

GENERACION: 237
Mejor Solucion:  6 26 25 20 27 32 48 24 39 47 33 9 19 44 36 3 41 29 31 0 12 34 13 1 7 8 37 15 46 14 21 28 16 42 38 30 10 18 4 5 11 49 35 17 22 43 23 40 2 45
Coste: 52970

GENERACION: 238
Mejor Solucion:  6 26 25 20 27 32 48 24 39 47 33 9 19 44 36 3 41 29 31 0 12 34 13 1 7 8 37 15 46 14 21 28 16 42 38 30 10 18 4 5 11 49 35 17 22 43 23 40 2 45
Coste: 52970

GENERACION: 239
Mejor Solucion:  6 26 25 20 27 32 48 24 39 47 33 9 19 44 36 3 41 29 31 0 12 34 13 1 7 8 37 15 46 14 21 28 16 42 38 30 10 18 4 5 11 49 35 17 22 43 23 40 2 45
Coste: 52970

GENERACION: 240
Mejor Solucion:  6 26 25 20 27 32 48 24 39 47 33 9 19 44 36 3 41 29 31 0 12 34 13 1 7 8 37 15 46 14 21 28 16 42 38 30 10 18 4 5 11 49 35 17 22 43 23 40 2 45
Coste: 52970

GENERACION: 241
Mejor Solucion:  6 26 25 20 27 32 48 24 39 47 33 9 19 44 36 3 41 29 31 0 12 34 13 1 7 8 37 15 46 14 21 28 16 42 38 30 10 18 4 5 11 49 35 17 22 43 23 40 2 45
Coste: 52970

GENERACION: 242
Mejor Solucion:  6 26 25 20 27 32 48 24 39 47 33 9 19 44 36 3 41 29 31 0 12 34 13 1 7 8 37 15 46 14 21 28 16 42 38 30 10 18 4 5 11 49 35 17 22 43 23 40 2 45
Coste: 52970

GENERACION: 243
Mejor Solucion:  6 26 25 20 27 32 48 24 39 47 33 9 19 44 36 3 41 29 31 0 12 34 13 1 7 8 37 15 46 14 21 28 16 42 38 30 10 18 4 5 11 49 35 17 22 43 23 40 2 45
Coste: 52970

GENERACION: 244
Mejor Solucion:  6 26 25 20 27 32 48 24 39 47 33 9 19 44 36 3 41 29 31 0 12 34 13 1 7 8 37 15 46 14 21 28 16 42 38 30 10 18 4 5 11 49 35 17 22 43 23 40 2 45
Coste: 52970

GENERACION: 245
Mejor Solucion:  6 26 25 20 27 32 48 24 39 47 33 9 19 44 36 3 41 29 31 0 12 34 13 1 7 8 37 15 46 14 21 28 16 42 38 30 10 18 4 5 11 49 35 17 22 43 23 40 2 45
Coste: 52970

GENERACION: 246
Mejor Solucion:  6 26 25 20 27 32 48 24 39 47 33 9 19 44 36 3 41 29 31 0 12 34 13 1 7 8 37 15 46 14 21 28 16 42 38 30 10 18 4 5 11 49 35 17 22 43 23 40 2 45
Coste: 52970

GENERACION: 247
Mejor Solucion:  6 26 25 20 27 32 48 24 39 47 33 9 19 44 36 3 41 29 31 0 12 34 13 1 7 8 37 15 46 14 21 28 16 42 38 30 10 18 4 5 11 49 35 17 22 43 23 40 2 45
Coste: 52970

GENERACION: 248
Mejor Solucion:  6 26 25 20 27 32 48 24 39 47 33 9 19 44 36 3 41 29 31 0 12 34 13 1 7 8 37 15 46 14 21 28 16 42 38 30 10 18 4 5 11 49 35 17 22 43 23 40 2 45
Coste: 52970

GENERACION: 249
Mejor Solucion:  6 26 25 20 27 32 48 24 39 47 33 9 19 44 36 3 41 29 31 0 12 34 13 1 7 8 37 15 46 14 21 28 16 42 38 30 10 18 4 5 11 49 35 17 22 43 23 40 2 45
Coste: 52970

GENERACION: 250
Mejor Solucion:  6 26 25 20 27 32 48 24 39 47 33 9 19 44 36 3 41 29 31 0 12 34 13 1 7 8 37 15 46 14 21 28 16 42 38 30 10 18 4 5 11 49 35 17 22 43 23 40 2 45
Coste: 52970

GENERACION: 251
Mejor Solucion:  6 26 25 20 27 32 48 24 39 47 33 9 19 44 36 3 41 29 31 0 12 34 13 1 7 8 37 15 46 14 21 28 16 42 38 30 10 18 4 5 11 49 35 17 22 43 23 40 2 45
Coste: 52970

GENERACION: 252
Mejor Solucion:  6 26 25 20 27 32 48 24 39 47 33 9 19 44 36 3 41 29 31 0 12 34 13 1 7 8 37 15 46 14 21 28 16 42 38 30 10 18 4 5 11 49 35 17 22 43 23 40 2 45
Coste: 52970

GENERACION: 253
Mejor Solucion:  6 26 25 20 27 32 48 24 39 47 33 9 19 44 36 3 41 29 31 0 12 34 13 1 7 8 37 15 46 14 21 28 16 42 38 30 10 18 4 5 11 49 35 17 22 43 23 40 2 45
Coste: 52970

GENERACION: 254
Mejor Solucion:  6 26 25 20 27 32 48 24 39 47 33 9 19 44 36 3 41 29 31 0 12 34 13 1 7 8 37 15 46 14 21 28 16 42 38 30 10 18 4 5 11 49 35 17 22 43 23 40 2 45
Coste: 52970

GENERACION: 255
Mejor Solucion:  6 26 25 20 27 32 48 24 39 47 33 9 19 44 36 3 41 29 31 0 12 34 13 1 7 8 37 15 46 14 21 28 16 42 38 30 10 18 4 5 11 49 35 17 22 43 23 40 2 45
Coste: 52970

GENERACION: 256
Mejor Solucion:  6 26 25 20 27 32 48 24 39 47 33 9 19 44 36 3 41 29 31 0 12 34 13 1 7 8 37 15 46 14 21 28 16 42 38 30 10 18 4 5 11 49 35 17 22 43 23 40 2 45
Coste: 52970

GENERACION: 257
Mejor Solucion:  6 26 25 20 27 32 48 24 39 47 33 9 19 44 36 3 41 29 31 0 12 34 13 1 7 8 37 15 46 14 21 28 16 42 38 30 10 18 4 5 11 49 35 17 22 43 23 40 2 45
Coste: 52970

GENERACION: 258
Mejor Solucion:  6 26 25 20 27 32 48 24 39 47 33 9 19 44 36 3 41 29 31 0 12 34 13 1 7 8 37 15 46 14 21 28 16 42 38 30 10 18 4 5 11 49 35 17 22 43 23 40 2 45
Coste: 52970

GENERACION: 259
Mejor Solucion:  6 26 25 20 27 32 48 24 39 47 33 9 19 44 36 3 41 29 31 0 12 34 13 1 7 8 37 15 46 14 21 28 16 42 38 30 10 18 4 5 11 49 35 17 22 43 23 40 2 45
Coste: 52970

GENERACION: 260
Mejor Solucion:  6 26 25 20 27 32 48 24 39 47 33 9 19 44 36 3 41 29 31 0 12 34 13 1 7 8 37 15 46 14 21 28 16 42 38 30 10 18 4 5 11 49 35 17 22 43 23 40 2 45
Coste: 52970

GENERACION: 261
Mejor Solucion:  6 26 25 20 27 32 48 24 39 47 33 9 19 44 36 3 41 29 31 0 12 34 13 1 7 8 37 15 46 14 21 28 16 42 38 30 10 18 4 5 11 49 35 17 22 43 23 40 2 45
Coste: 52970

GENERACION: 262
Mejor Solucion:  6 26 25 20 27 32 48 24 39 47 33 9 19 44 36 3 41 29 31 0 12 34 13 1 7 8 37 15 46 14 21 28 16 42 38 30 10 18 4 5 11 49 35 17 22 43 23 40 2 45
Coste: 52970

GENERACION: 263
Mejor Solucion:  6 26 25 20 27 32 48 24 39 47 33 9 19 44 36 3 41 29 31 0 12 34 13 1 7 8 37 15 46 14 21 28 16 42 38 30 10 18 4 5 11 49 35 17 22 43 23 40 2 45
Coste: 52970

GENERACION: 264
Mejor Solucion:  6 26 25 20 27 32 48 24 39 47 33 9 19 44 36 3 41 29 31 0 12 34 13 1 7 8 37 15 46 14 21 28 16 42 38 30 10 18 4 5 11 49 35 17 22 43 23 40 2 45
Coste: 52970

GENERACION: 265
Mejor Solucion:  6 26 25 20 27 32 48 24 39 47 33 9 19 44 36 3 41 29 31 0 12 34 13 1 7 8 37 15 46 14 21 28 16 42 38 30 10 18 4 5 11 49 35 17 22 43 23 40 2 45
Coste: 52970

GENERACION: 266
Mejor Solucion:  6 26 25 20 27 32 48 24 39 47 33 9 19 44 36 3 41 29 31 0 12 34 13 1 7 8 37 15 46 14 21 28 16 42 38 30 10 18 4 5 11 49 35 17 22 43 23 40 2 45
Coste: 52970

GENERACION: 267
Mejor Solucion:  6 26 25 20 27 32 48 24 39 47 33 9 19 44 36 3 41 29 31 0 12 34 13 1 7 8 37 15 46 14 21 28 16 42 38 30 10 18 4 5 11 49 35 17 22 43 23 40 2 45
Coste: 52970

GENERACION: 268
Mejor Solucion:  6 26 25 20 27 32 48 24 39 47 33 9 19 44 36 3 41 29 31 0 12 34 13 1 7 8 37 15 46 14 21 28 16 42 38 30 10 18 4 5 11 49 35 17 22 43 23 40 2 45
Coste: 52970

GENERACION: 269
Mejor Solucion:  6 26 25 20 27 32 48 24 39 47 33 9 19 44 36 3 41 29 31 0 12 34 13 1 7 8 37 15 46 14 21 28 16 42 38 30 10 18 4 5 11 49 35 17 22 43 23 40 2 45
Coste: 52970

GENERACION: 270
Mejor Solucion:  6 26 25 20 27 32 48 24 39 47 33 9 19 44 36 3 41 29 31 0 12 34 13 1 7 8 37 15 46 14 21 28 16 42 38 30 10 18 4 5 11 49 35 17 22 43 23 40 2 45
Coste: 52970

GENERACION: 271
Mejor Solucion:  6 26 25 20 27 32 48 24 39 47 33 9 19 44 36 3 41 29 31 0 12 34 13 1 7 8 37 15 46 14 21 28 16 42 38 30 10 18 4 5 11 49 35 17 22 43 23 40 2 45
Coste: 52970

GENERACION: 272
Mejor Solucion:  6 26 25 20 27 32 48 24 39 47 33 9 19 44 36 3 41 29 31 0 12 34 13 1 7 8 37 15 46 14 21 28 16 42 38 30 10 18 4 5 11 49 35 17 22 43 23 40 2 45
Coste: 52970

GENERACION: 273
Mejor Solucion:  6 26 25 20 27 32 48 24 39 47 33 9 19 44 36 3 41 29 31 0 12 34 13 1 7 8 37 15 46 14 21 28 16 42 38 30 10 18 4 5 11 49 35 17 22 43 23 40 2 45
Coste: 52970

GENERACION: 274
Mejor Solucion:  6 26 25 20 27 32 48 24 39 47 33 9 19 44 36 3 41 29 31 0 12 34 13 1 7 8 37 15 46 14 21 28 16 42 38 30 10 18 4 5 11 49 35 17 22 43 23 40 2 45
Coste: 52970

GENERACION: 275
Mejor Solucion:  6 26 25 20 27 32 48 24 39 47 33 9 19 44 36 3 41 29 31 0 12 34 13 1 7 8 37 15 46 14 21 28 16 42 38 30 10 18 4 5 11 49 35 17 22 43 23 40 2 45
Coste: 52970

GENERACION: 276
Mejor Solucion:  6 26 25 20 27 32 48 24 39 47 33 9 19 44 36 3 41 29 31 0 12 34 13 1 7 8 37 15 46 14 21 28 16 42 38 30 10 18 4 5 11 49 35 17 22 43 23 40 2 45
Coste: 52970

GENERACION: 277
Mejor Solucion:  6 26 25 20 27 32 48 24 39 47 33 9 19 44 36 3 41 29 31 0 12 34 13 1 7 8 37 15 46 14 21 28 16 42 38 30 10 18 4 5 11 49 35 17 22 43 23 40 2 45
Coste: 52970

GENERACION: 278
Mejor Solucion:  6 26 25 20 27 32 48 24 39 47 33 9 19 44 36 3 41 29 31 0 12 34 13 1 7 8 37 15 46 14 21 28 16 42 38 30 10 18 4 5 11 49 35 17 22 43 23 40 2 45
Coste: 52970

GENERACION: 279
Mejor Solucion:  6 26 25 20 27 32 48 24 39 47 33 9 19 44 36 3 41 29 31 0 12 34 13 1 7 8 37 15 46 14 21 28 16 42 38 30 10 18 4 5 11 49 35 17 22 43 23 40 2 45
Coste: 52970

GENERACION: 280
Mejor Solucion:  6 26 25 20 27 32 48 24 39 47 33 9 19 44 36 3 41 29 31 0 12 34 13 1 7 8 37 15 46 14 21 28 16 42 38 30 10 18 4 5 11 49 35 17 22 43 23 40 2 45
Coste: 52970

GENERACION: 281
Mejor Solucion:  6 26 25 20 27 32 48 24 39 47 33 9 19 44 36 3 41 29 31 0 12 34 13 1 7 8 37 15 46 14 21 28 16 42 38 30 10 18 4 5 11 49 35 17 22 43 23 40 2 45
Coste: 52970

GENERACION: 282
Mejor Solucion:  6 26 25 20 27 32 48 24 39 47 33 9 19 44 36 3 41 29 31 0 12 34 13 1 7 8 37 15 46 14 21 28 16 42 38 30 10 18 4 5 11 49 35 17 22 43 23 40 2 45
Coste: 52970

GENERACION: 283
Mejor Solucion:  6 26 25 20 27 32 48 24 39 47 33 9 19 44 36 3 41 29 31 0 12 34 13 1 7 8 37 15 46 14 21 28 16 42 38 30 10 18 4 5 11 49 35 17 22 43 23 40 2 45
Coste: 52970

GENERACION: 284
Mejor Solucion:  6 26 25 20 27 32 48 24 39 47 33 9 19 44 36 3 41 29 31 0 12 34 13 1 7 8 37 15 46 14 21 28 16 42 38 30 10 18 4 5 11 49 35 17 22 43 23 40 2 45
Coste: 52970

GENERACION: 285
Mejor Solucion:  6 26 25 20 27 32 48 24 39 47 33 9 19 44 36 3 41 29 31 0 12 34 13 1 7 8 37 15 46 14 21 28 16 42 38 30 10 18 4 5 11 49 35 17 22 43 23 40 2 45
Coste: 52970

GENERACION: 286
Mejor Solucion:  6 26 25 20 27 32 48 24 39 47 33 9 19 44 36 3 41 29 31 0 12 34 13 1 7 8 37 15 46 14 21 28 16 42 38 30 10 18 4 5 11 49 35 17 22 43 23 40 2 45
Coste: 52970

GENERACION: 287
Mejor Solucion:  6 26 25 20 27 32 48 24 39 47 33 9 19 44 36 3 41 29 31 0 12 34 13 1 7 8 37 15 46 14 21 28 16 42 38 30 10 18 4 5 11 49 35 17 22 43 23 40 2 45
Coste: 52970

GENERACION: 288
Mejor Solucion:  6 26 25 20 27 32 48 24 39 47 33 9 19 44 36 3 41 29 31 0 12 34 13 1 7 8 37 15 46 14 21 28 16 42 38 30 10 18 4 5 11 49 35 17 22 43 23 40 2 45
Coste: 52970

GENERACION: 289
Mejor Solucion:  6 26 25 20 27 32 48 30 39 47 33 9 19 44 36 3 41 29 31 0 12 34 13 1 7 4 37 15 46 14 21 28 16 42 38 24 10 18 5 8 11 49 35 17 22 43 23 40 2 45
Coste: 52786

GENERACION: 290
Mejor Solucion:  6 26 25 20 27 32 48 30 39 47 33 9 19 44 36 3 41 29 31 0 12 34 13 10 4 7 37 15 46 14 21 28 16 42 38 24 1 18 5 8 11 49 35 17 22 43 23 40 2 45
Coste: 52664

GENERACION: 291
Mejor Solucion:  6 26 25 20 27 32 48 30 39 47 33 9 19 44 36 3 41 29 31 0 12 34 13 10 4 7 37 15 46 14 21 28 16 42 38 24 1 18 5 8 11 49 35 17 22 43 23 40 2 45
Coste: 52664

GENERACION: 292
Mejor Solucion:  6 26 25 20 27 32 48 30 39 47 33 9 19 44 36 3 41 29 31 0 12 34 13 10 4 7 37 15 46 14 21 28 16 42 38 24 1 18 5 8 11 49 35 17 22 43 23 40 2 45
Coste: 52664

GENERACION: 293
Mejor Solucion:  6 26 25 20 27 32 48 30 39 47 33 9 19 44 36 3 41 29 31 0 12 34 13 10 4 7 37 15 46 14 21 28 16 42 38 24 1 18 5 8 11 49 35 17 22 43 23 40 2 45
Coste: 52664

GENERACION: 294
Mejor Solucion:  6 26 25 20 27 32 48 30 39 47 33 9 19 44 36 3 41 29 31 0 12 34 13 10 4 7 37 15 46 14 21 28 16 42 38 24 1 18 5 8 11 49 35 17 22 43 23 40 2 45
Coste: 52664

GENERACION: 295
Mejor Solucion:  6 26 25 20 27 32 48 30 39 47 33 9 19 44 36 3 41 29 31 0 12 34 13 10 4 7 37 15 46 14 21 28 16 42 38 24 1 18 5 8 11 49 35 17 22 43 23 40 2 45
Coste: 52664

GENERACION: 296
Mejor Solucion:  6 26 25 20 27 32 48 30 39 47 33 9 19 44 36 3 41 29 31 0 12 34 13 10 4 7 37 15 46 14 21 28 16 42 38 24 1 18 5 8 11 49 35 17 22 43 23 40 2 45
Coste: 52664

GENERACION: 297
Mejor Solucion:  6 26 25 20 27 32 48 30 39 47 33 9 19 44 36 3 41 29 31 0 12 34 13 10 4 7 37 15 46 14 21 28 16 42 38 24 1 18 5 8 11 49 35 17 22 43 23 40 2 45
Coste: 52664

GENERACION: 298
Mejor Solucion:  6 26 25 20 27 32 48 30 39 47 33 9 19 44 36 3 41 29 31 0 12 34 13 10 4 7 37 15 46 14 21 28 16 42 38 24 1 18 5 8 11 49 35 17 22 43 23 40 2 45
Coste: 52664

GENERACION: 299
Mejor Solucion:  6 26 25 20 27 32 48 30 39 47 33 9 19 44 36 3 41 29 31 0 12 34 13 10 4 7 37 15 46 14 21 28 16 42 38 24 1 18 5 8 11 49 35 17 22 43 23 40 2 45
Coste: 52664

GENERACION: 300
Mejor Solucion:  6 26 25 20 27 32 48 30 39 47 33 9 19 44 36 3 41 29 31 0 12 34 13 10 4 7 37 15 46 14 21 28 16 42 38 24 1 18 5 8 11 49 35 17 22 43 23 40 2 45
Coste: 52664

GENERACION: 301
Mejor Solucion:  6 26 25 20 27 32 48 30 39 47 33 9 19 44 36 3 41 29 31 0 12 34 13 10 4 7 37 15 46 14 21 28 16 42 38 24 1 18 5 8 11 49 35 17 22 43 23 40 2 45
Coste: 52664

GENERACION: 302
Mejor Solucion:  6 26 25 20 27 32 48 30 39 47 33 9 19 44 36 3 41 29 31 0 12 34 13 10 4 7 37 15 46 14 21 28 16 42 38 24 1 18 5 8 11 49 35 17 22 43 23 40 2 45
Coste: 52664

GENERACION: 303
Mejor Solucion:  6 26 25 20 27 32 48 30 39 47 33 9 19 44 36 3 41 29 31 0 12 34 13 10 4 7 37 15 46 14 21 28 16 42 38 24 1 18 5 8 11 49 35 17 22 43 23 40 2 45
Coste: 52664

GENERACION: 304
Mejor Solucion:  6 26 25 20 27 32 48 30 39 47 33 9 19 44 36 3 41 29 31 0 12 34 13 10 4 7 37 15 46 14 21 28 16 42 38 24 1 18 5 8 11 49 35 17 22 43 23 40 2 45
Coste: 52664

GENERACION: 305
Mejor Solucion:  6 26 25 20 27 32 48 30 39 47 33 9 19 44 36 3 41 29 31 0 12 34 13 10 4 7 37 15 46 14 21 28 16 42 38 24 1 18 5 8 11 49 35 17 22 43 23 40 2 45
Coste: 52664

GENERACION: 306
Mejor Solucion:  6 26 25 20 27 32 48 30 39 47 33 9 19 44 36 3 41 29 31 0 12 34 13 10 4 7 37 15 46 14 21 28 16 42 38 24 1 18 5 8 11 49 35 17 22 43 23 40 2 45
Coste: 52664

GENERACION: 307
Mejor Solucion:  6 26 25 20 27 32 48 30 39 47 33 9 19 44 36 3 41 29 31 0 12 34 13 10 4 7 37 15 46 14 21 28 16 42 38 24 1 18 5 8 11 49 35 17 22 43 23 40 2 45
Coste: 52664

GENERACION: 308
Mejor Solucion:  6 26 25 20 27 32 48 30 39 47 33 9 19 44 36 3 41 29 31 0 12 34 13 10 4 7 37 15 46 14 21 28 16 42 38 24 1 18 5 8 11 49 35 17 22 43 23 40 2 45
Coste: 52664

GENERACION: 309
Mejor Solucion:  6 26 25 20 27 32 48 30 39 47 33 9 19 44 36 3 41 29 31 0 12 34 13 10 4 7 37 15 46 14 21 28 16 42 38 24 1 18 5 8 11 49 35 17 22 43 23 40 2 45
Coste: 52664

GENERACION: 310
Mejor Solucion:  6 26 25 20 27 32 48 30 39 47 33 9 19 44 36 3 41 29 31 0 12 34 13 10 4 7 37 15 46 14 21 28 16 42 38 24 1 18 5 8 11 49 35 17 22 43 23 40 2 45
Coste: 52664

GENERACION: 311
Mejor Solucion:  6 26 25 20 27 32 48 30 39 47 33 9 19 44 36 3 41 29 31 0 12 34 13 10 4 7 37 15 46 14 21 28 16 42 38 24 1 18 5 8 11 49 35 17 22 43 23 40 2 45
Coste: 52664

GENERACION: 312
Mejor Solucion:  6 26 25 20 27 32 48 30 39 47 33 9 19 44 36 3 41 29 31 0 12 34 13 10 4 7 37 15 46 14 21 28 16 42 38 24 1 18 5 8 11 49 35 17 22 43 23 40 2 45
Coste: 52664

GENERACION: 313
Mejor Solucion:  6 26 25 20 27 32 48 30 39 47 33 9 19 44 36 3 41 29 31 0 12 34 13 10 4 7 37 15 46 14 21 28 16 42 38 24 1 18 5 8 11 49 35 17 22 43 23 40 2 45
Coste: 52664

GENERACION: 314
Mejor Solucion:  6 26 25 20 27 32 48 30 39 47 33 9 19 44 36 3 41 29 31 0 12 34 13 10 4 7 37 15 46 14 21 28 16 42 38 24 1 18 5 8 11 49 35 17 22 43 23 40 2 45
Coste: 52664

GENERACION: 315
Mejor Solucion:  6 26 25 20 27 32 48 30 39 47 33 9 19 44 36 3 41 29 31 0 12 34 13 10 4 7 37 15 46 14 21 28 16 42 38 24 1 18 5 8 11 49 35 17 22 43 23 40 2 45
Coste: 52664

GENERACION: 316
Mejor Solucion:  6 26 25 20 27 32 48 30 39 47 33 9 19 44 36 3 41 29 31 0 12 34 13 10 4 7 37 15 46 14 21 28 16 42 38 24 1 18 5 8 11 49 35 17 22 43 23 40 2 45
Coste: 52664

GENERACION: 317
Mejor Solucion:  6 26 25 20 27 32 48 30 39 47 33 9 19 44 36 3 41 29 31 0 12 34 13 10 4 7 37 15 46 14 21 28 16 42 38 24 1 18 5 8 11 49 35 17 22 43 23 40 2 45
Coste: 52664

GENERACION: 318
Mejor Solucion:  6 26 25 20 27 32 48 30 39 47 33 9 19 44 36 3 41 29 31 0 12 34 13 10 4 7 37 15 46 14 21 28 16 42 38 24 1 18 5 8 11 49 35 17 22 43 23 40 2 45
Coste: 52664

GENERACION: 319
Mejor Solucion:  6 26 25 20 27 32 48 30 39 47 33 9 19 44 36 3 41 29 31 0 12 34 13 10 4 7 37 15 46 14 21 28 16 42 38 24 1 18 5 8 11 49 35 17 22 43 23 40 2 45
Coste: 52664

GENERACION: 320
Mejor Solucion:  6 26 25 20 27 32 48 30 39 47 33 9 19 44 36 3 41 29 31 0 12 34 13 10 4 7 37 15 46 14 21 28 16 42 38 24 1 18 5 8 11 49 35 17 22 43 23 40 2 45
Coste: 52664

GENERACION: 321
Mejor Solucion:  6 26 25 20 27 32 48 30 39 47 33 9 19 44 36 3 41 29 31 0 12 34 13 10 4 7 37 15 46 14 21 28 16 42 38 24 1 18 5 8 11 49 35 17 22 43 23 40 2 45
Coste: 52664

GENERACION: 322
Mejor Solucion:  6 26 25 20 27 32 48 30 39 47 33 9 19 44 36 3 41 29 31 0 12 34 13 10 4 7 37 15 46 14 21 28 16 42 38 24 1 18 5 8 11 49 35 17 22 43 23 40 2 45
Coste: 52664

GENERACION: 323
Mejor Solucion:  6 26 25 20 27 32 48 30 39 47 33 9 19 44 36 3 41 29 31 0 12 34 13 10 4 7 37 15 46 14 21 28 16 42 38 24 1 18 5 8 11 49 35 17 22 43 23 40 2 45
Coste: 52664

GENERACION: 324
Mejor Solucion:  6 26 25 20 27 32 48 30 39 47 33 9 19 44 36 3 41 29 31 0 12 34 13 10 4 7 37 15 46 14 21 28 16 42 38 24 1 18 5 8 11 49 35 17 22 43 23 40 2 45
Coste: 52664

GENERACION: 325
Mejor Solucion:  6 26 25 20 27 32 48 30 39 47 33 9 19 44 36 3 41 29 31 0 12 34 13 10 4 7 37 15 46 14 21 28 16 42 38 24 1 18 5 8 11 49 35 17 22 43 23 40 2 45
Coste: 52664

GENERACION: 326
Mejor Solucion:  6 26 25 20 27 32 48 30 39 47 33 9 19 44 36 3 41 29 31 0 12 34 13 10 4 7 37 15 46 14 21 28 16 42 38 24 1 18 5 8 11 49 35 17 22 43 23 40 2 45
Coste: 52664

GENERACION: 327
Mejor Solucion:  6 26 25 20 27 32 48 30 39 47 33 9 19 44 36 3 41 29 31 0 12 34 13 10 4 7 37 15 46 14 21 28 16 42 38 24 1 18 5 8 11 49 35 17 22 43 23 40 2 45
Coste: 52664

GENERACION: 328
Mejor Solucion:  6 26 25 20 27 32 48 30 39 47 33 9 19 44 36 3 41 29 31 0 12 34 13 10 4 7 37 15 46 14 21 28 16 42 38 24 1 18 5 8 11 49 35 17 22 43 23 40 2 45
Coste: 52664

GENERACION: 329
Mejor Solucion:  6 26 25 20 27 32 48 30 39 47 33 9 19 44 36 3 41 29 31 0 12 34 13 10 4 7 37 15 46 14 21 28 16 42 38 24 1 18 5 8 11 49 35 17 22 43 23 40 2 45
Coste: 52664

GENERACION: 330
Mejor Solucion:  6 26 25 20 27 32 48 30 39 47 33 9 19 44 36 3 41 29 31 0 12 34 13 10 4 7 37 15 46 14 21 28 16 42 38 24 1 18 5 8 11 49 35 17 22 43 23 40 2 45
Coste: 52664

GENERACION: 331
Mejor Solucion:  6 26 25 20 27 32 48 30 39 47 33 9 19 44 36 3 41 29 31 0 12 34 13 10 4 7 37 15 46 14 21 28 16 42 38 24 1 18 5 8 11 49 35 17 22 43 23 40 2 45
Coste: 52664

GENERACION: 332
Mejor Solucion:  6 26 25 20 27 32 48 30 39 47 33 9 19 44 36 3 41 29 31 0 12 34 13 10 4 7 37 15 46 14 21 28 16 42 38 24 1 18 5 8 11 49 35 17 22 43 23 40 2 45
Coste: 52664

GENERACION: 333
Mejor Solucion:  6 26 25 20 27 32 48 30 39 47 33 9 19 44 36 3 41 29 31 0 12 34 13 10 4 7 37 15 46 14 21 28 16 42 38 24 1 18 5 8 11 49 35 17 22 43 23 40 2 45
Coste: 52664

GENERACION: 334
Mejor Solucion:  6 26 25 20 27 32 48 30 39 47 33 9 19 44 36 3 41 29 31 0 12 34 13 10 4 7 37 15 46 14 21 28 16 42 38 24 1 18 5 8 11 49 35 17 22 43 23 40 2 45
Coste: 52664

GENERACION: 335
Mejor Solucion:  6 26 25 20 27 32 48 30 39 47 33 9 19 44 36 3 41 29 31 0 12 34 13 10 4 7 37 15 46 14 21 28 16 42 38 24 1 18 5 8 11 49 35 17 22 43 23 40 2 45
Coste: 52664

GENERACION: 336
Mejor Solucion:  6 26 25 20 27 32 48 30 39 47 33 9 19 44 36 3 41 29 31 0 12 34 13 10 4 7 37 15 46 14 21 28 16 42 38 24 1 18 5 8 11 49 35 17 22 43 23 40 2 45
Coste: 52664

GENERACION: 337
Mejor Solucion:  6 26 25 20 27 32 48 30 39 47 33 9 19 44 36 3 41 29 31 0 12 34 13 10 4 7 37 15 46 14 21 28 16 42 38 24 1 18 5 8 11 49 35 17 22 43 23 40 2 45
Coste: 52664

GENERACION: 338
Mejor Solucion:  6 26 25 20 27 32 48 30 39 47 33 9 19 44 36 3 41 29 31 0 12 34 13 10 4 7 37 15 46 14 21 28 16 42 38 24 1 18 5 8 11 49 35 17 22 43 23 40 2 45
Coste: 52664

GENERACION: 339
Mejor Solucion:  6 26 25 20 27 32 48 30 39 47 33 9 19 44 36 3 41 29 31 0 12 34 13 10 4 7 37 15 46 14 21 28 16 42 38 24 1 18 5 8 11 49 35 17 22 43 23 40 2 45
Coste: 52664

GENERACION: 340
Mejor Solucion:  6 26 25 20 27 32 48 30 39 47 33 9 19 44 36 3 41 29 31 0 12 34 13 10 4 7 37 15 46 14 21 28 16 42 38 24 1 18 5 8 11 49 35 17 22 43 23 40 2 45
Coste: 52664

GENERACION: 341
Mejor Solucion:  6 26 25 20 27 32 48 30 39 47 33 9 19 44 36 3 41 29 31 0 12 34 13 10 4 7 37 15 46 14 21 28 16 42 38 24 1 18 5 8 11 49 35 17 22 43 23 40 2 45
Coste: 52664

GENERACION: 342
Mejor Solucion:  6 26 25 20 27 32 48 30 39 47 33 9 19 44 36 3 41 29 31 0 12 34 13 10 4 7 37 15 46 14 21 28 16 42 38 24 1 18 5 8 11 49 35 17 22 43 23 40 2 45
Coste: 52664

GENERACION: 343
Mejor Solucion:  6 26 25 20 27 32 48 30 39 47 33 9 19 44 36 3 41 29 31 0 12 34 13 10 4 7 37 15 46 14 21 28 16 42 38 24 1 18 5 8 11 49 35 17 22 43 23 40 2 45
Coste: 52664

GENERACION: 344
Mejor Solucion:  6 26 25 20 27 32 48 30 39 47 33 9 19 44 36 3 41 29 31 0 12 34 13 10 4 7 37 15 46 14 21 28 16 42 38 24 1 18 5 8 11 49 35 17 22 43 23 40 2 45
Coste: 52664

GENERACION: 345
Mejor Solucion:  6 26 25 20 27 32 48 30 39 47 33 9 19 44 36 3 41 29 31 0 12 34 13 10 4 7 37 15 46 14 21 28 16 42 38 24 1 18 5 8 11 49 35 17 22 43 23 40 2 45
Coste: 52664

GENERACION: 346
Mejor Solucion:  6 26 25 20 27 32 48 30 39 47 33 9 19 44 36 3 41 29 31 0 12 34 13 10 4 7 37 15 46 14 21 28 16 42 38 24 1 18 5 8 11 49 35 17 22 43 23 40 2 45
Coste: 52664

GENERACION: 347
Mejor Solucion:  6 26 25 20 27 32 48 30 39 47 33 9 19 44 36 3 41 29 31 0 12 34 13 10 4 7 37 15 46 14 21 28 16 42 38 24 1 18 5 8 11 49 35 17 22 43 23 40 2 45
Coste: 52664

GENERACION: 348
Mejor Solucion:  6 26 25 20 27 32 48 30 39 47 33 9 19 44 36 3 41 29 31 0 12 34 13 10 4 7 37 15 46 14 21 28 16 42 38 24 1 18 5 8 11 49 35 17 22 43 23 40 2 45
Coste: 52664

GENERACION: 349
Mejor Solucion:  6 26 25 20 27 32 48 30 39 47 33 9 19 44 36 3 41 29 31 0 12 34 13 10 4 7 37 15 46 14 21 28 16 42 38 24 1 18 5 8 11 49 35 17 22 43 23 40 2 45
Coste: 52664

GENERACION: 350
Mejor Solucion:  6 26 25 20 27 32 48 30 39 47 33 9 19 44 36 3 41 29 31 0 12 34 13 10 4 7 37 15 46 14 21 28 16 42 38 24 1 18 5 8 11 49 35 17 22 43 23 40 2 45
Coste: 52664

GENERACION: 351
Mejor Solucion:  6 26 25 20 27 32 48 30 39 47 33 9 19 44 36 3 41 29 31 0 12 34 13 10 4 7 37 15 46 14 21 28 16 42 38 24 1 18 5 8 11 49 35 17 22 43 23 40 2 45
Coste: 52664

GENERACION: 352
Mejor Solucion:  6 26 25 20 27 32 48 30 39 47 33 9 19 44 36 3 41 29 31 0 12 34 13 10 4 7 37 15 46 14 21 28 16 42 38 24 1 18 5 8 11 49 35 17 22 43 23 40 2 45
Coste: 52664

GENERACION: 353
Mejor Solucion:  6 26 25 20 27 32 48 30 39 47 33 9 19 44 36 3 41 29 31 0 12 34 13 10 4 7 37 15 46 14 21 28 16 42 38 24 1 18 5 8 11 49 35 17 22 43 23 40 2 45
Coste: 52664

GENERACION: 354
Mejor Solucion:  6 26 25 20 27 32 48 30 39 47 33 9 19 44 36 3 41 29 31 0 12 34 13 10 4 7 37 15 46 14 21 28 16 42 38 24 1 18 5 8 11 49 35 17 22 43 23 40 2 45
Coste: 52664

GENERACION: 355
Mejor Solucion:  6 26 25 20 27 32 48 30 39 47 33 9 19 44 36 3 41 29 31 0 12 34 13 10 4 7 37 15 46 14 21 28 16 42 38 24 1 18 5 8 11 49 35 17 22 43 23 40 2 45
Coste: 52664

GENERACION: 356
Mejor Solucion:  6 26 25 20 27 32 48 30 39 47 33 9 19 44 36 3 41 29 31 0 12 34 13 10 4 7 37 15 46 14 21 28 16 42 38 24 1 18 5 8 11 49 35 17 22 43 23 40 2 45
Coste: 52664

GENERACION: 357
Mejor Solucion:  6 26 25 20 27 32 48 30 39 47 33 9 19 44 36 3 41 29 31 0 12 34 13 10 4 7 37 15 46 14 21 28 16 42 38 24 1 18 5 8 11 49 35 17 22 43 23 40 2 45
Coste: 52664

GENERACION: 358
Mejor Solucion:  6 26 25 20 27 32 48 30 39 47 33 9 19 44 36 3 41 29 31 0 12 34 13 10 4 7 37 15 46 14 21 28 16 42 38 24 1 18 5 8 11 49 35 17 22 43 23 40 2 45
Coste: 52664

GENERACION: 359
Mejor Solucion:  6 26 25 20 27 32 48 30 39 47 33 9 19 44 36 3 41 29 31 0 12 34 13 10 4 7 37 15 46 14 21 28 16 42 38 24 1 18 5 8 11 49 35 17 22 43 23 40 2 45
Coste: 52664

GENERACION: 360
Mejor Solucion:  6 26 25 20 27 32 48 30 39 47 33 9 19 44 36 3 41 29 31 0 12 34 13 10 4 7 37 15 46 14 21 28 16 42 38 24 1 18 5 8 11 49 35 17 22 43 23 40 2 45
Coste: 52664

GENERACION: 361
Mejor Solucion:  6 26 25 20 27 32 48 30 39 47 33 9 19 44 36 3 41 29 31 0 12 34 13 10 4 7 37 15 46 14 21 28 16 42 38 24 1 18 5 8 11 49 35 17 22 43 23 40 2 45
Coste: 52664

GENERACION: 362
Mejor Solucion:  6 26 25 20 27 32 48 30 39 47 33 9 19 44 36 3 41 29 31 0 12 34 13 10 4 7 37 15 46 14 21 28 16 42 38 24 1 18 5 8 11 49 35 17 22 43 23 40 2 45
Coste: 52664

GENERACION: 363
Mejor Solucion:  6 26 25 20 27 32 48 30 39 47 33 9 19 44 36 3 41 29 31 0 12 34 13 10 4 7 37 15 46 14 21 28 16 42 38 24 1 18 5 8 11 49 35 17 22 43 23 40 2 45
Coste: 52664

GENERACION: 364
Mejor Solucion:  6 26 25 20 27 32 48 30 39 47 33 9 19 44 36 3 41 29 31 0 12 34 13 10 4 7 37 15 46 14 21 28 16 42 38 24 1 18 5 8 11 49 35 17 22 43 23 40 2 45
Coste: 52664

GENERACION: 365
Mejor Solucion:  6 26 25 20 27 32 48 30 39 47 33 9 19 44 36 3 41 29 31 0 12 34 13 10 4 7 37 15 46 14 21 28 16 42 38 24 1 18 5 8 11 49 35 17 22 43 23 40 2 45
Coste: 52664

GENERACION: 366
Mejor Solucion:  6 26 25 20 27 32 48 30 39 47 33 9 19 44 36 3 41 29 31 0 12 34 13 10 4 7 37 15 46 14 21 28 16 42 38 24 1 18 5 8 11 49 35 17 22 43 23 40 2 45
Coste: 52664

GENERACION: 367
Mejor Solucion:  6 26 25 20 27 32 48 30 39 47 33 9 19 44 36 3 41 29 31 0 12 34 13 10 4 7 37 15 46 14 21 28 16 42 38 24 1 18 5 8 11 49 35 17 22 43 23 40 2 45
Coste: 52664

GENERACION: 368
Mejor Solucion:  6 26 25 20 27 32 48 30 39 47 33 9 19 44 36 3 41 29 31 0 12 34 13 10 4 7 37 15 46 14 21 28 16 42 38 24 1 18 5 8 11 49 35 17 22 43 23 40 2 45
Coste: 52664

GENERACION: 369
Mejor Solucion:  6 26 25 20 27 32 48 30 39 47 33 9 19 44 36 3 41 29 31 0 12 34 13 10 4 7 37 15 46 14 21 28 16 42 38 24 1 18 5 8 11 49 35 17 22 43 23 40 2 45
Coste: 52664

GENERACION: 370
Mejor Solucion:  6 26 25 20 27 32 48 30 39 47 33 9 19 44 36 3 41 29 31 0 12 34 13 10 4 7 37 15 46 14 21 28 16 42 38 24 1 18 5 8 11 49 35 17 22 43 23 40 2 45
Coste: 52664

GENERACION: 371
Mejor Solucion:  6 26 25 20 27 32 48 30 39 47 33 9 19 44 36 3 41 29 31 0 12 34 13 10 4 7 37 15 46 14 21 28 16 42 38 24 1 18 5 8 11 49 35 17 22 43 23 40 2 45
Coste: 52664

GENERACION: 372
Mejor Solucion:  6 26 25 20 27 32 48 30 39 47 33 9 19 44 36 3 41 29 31 0 12 34 13 10 4 7 37 15 46 14 21 28 16 42 38 24 1 18 5 8 11 49 35 17 22 43 23 40 2 45
Coste: 52664

GENERACION: 373
Mejor Solucion:  6 26 25 20 27 32 48 30 39 47 33 9 19 44 36 3 41 29 31 0 12 34 13 10 4 7 37 15 46 14 21 28 16 42 38 24 1 18 5 8 11 49 35 17 22 43 23 40 2 45
Coste: 52664

GENERACION: 374
Mejor Solucion:  6 26 25 20 27 32 48 30 39 47 33 9 19 44 36 3 41 29 31 0 12 34 13 10 4 7 37 15 46 14 21 28 16 42 38 24 1 18 5 8 11 49 35 17 22 43 23 40 2 45
Coste: 52664

GENERACION: 375
Mejor Solucion:  6 26 25 20 27 32 48 30 39 47 33 9 19 44 36 3 41 29 31 0 12 34 13 10 4 7 37 15 46 14 21 28 16 42 38 24 1 18 5 8 11 49 35 17 22 43 23 40 2 45
Coste: 52664

GENERACION: 376
Mejor Solucion:  6 26 25 20 27 32 48 30 39 47 33 9 19 44 36 3 41 29 31 0 12 34 13 10 4 7 37 15 46 14 21 28 16 42 38 24 1 18 5 8 11 49 35 17 22 43 23 40 2 45
Coste: 52664

GENERACION: 377
Mejor Solucion:  6 26 25 20 27 32 48 30 39 47 33 9 19 44 36 3 41 29 31 0 12 34 13 10 4 7 37 15 46 14 21 28 16 42 38 24 1 18 5 8 11 49 35 17 22 43 23 40 2 45
Coste: 52664

GENERACION: 378
Mejor Solucion:  6 26 25 20 27 32 48 30 39 47 33 9 19 44 36 3 41 29 31 0 12 34 13 10 4 7 37 15 46 14 21 28 16 42 38 24 1 18 5 8 11 49 35 17 22 43 23 40 2 45
Coste: 52664

GENERACION: 379
Mejor Solucion:  6 26 25 20 27 32 48 30 39 47 33 9 19 44 36 3 41 29 31 0 12 34 13 10 4 7 37 15 46 14 21 28 16 42 38 24 1 18 5 8 11 49 35 17 22 43 23 40 2 45
Coste: 52664

GENERACION: 380
Mejor Solucion:  6 26 25 20 27 32 48 30 39 47 33 9 19 44 36 3 41 29 31 0 12 34 13 10 4 7 37 15 46 14 21 28 16 42 38 24 1 18 5 8 11 49 35 17 22 43 23 40 2 45
Coste: 52664

GENERACION: 381
Mejor Solucion:  6 26 25 20 27 32 48 30 39 47 33 9 19 44 36 3 41 29 31 0 12 34 13 10 4 7 37 15 46 14 21 28 16 42 38 24 1 18 5 8 11 49 35 17 22 43 23 40 2 45
Coste: 52664

GENERACION: 382
Mejor Solucion:  6 26 25 20 27 32 48 30 39 47 33 9 19 44 36 3 41 29 31 0 12 34 13 10 4 7 37 15 46 14 21 28 16 42 38 24 1 18 5 8 11 49 35 17 22 43 23 40 2 45
Coste: 52664

GENERACION: 383
Mejor Solucion:  6 26 25 20 27 32 48 30 39 47 33 9 19 44 36 3 41 29 31 0 12 34 13 10 4 7 37 15 46 14 21 28 16 42 38 24 1 18 5 8 11 49 35 17 22 43 23 40 2 45
Coste: 52664

GENERACION: 384
Mejor Solucion:  6 26 25 20 27 32 48 30 39 47 33 9 19 44 36 3 41 29 31 0 12 34 13 10 4 7 37 15 46 14 21 28 16 42 38 24 1 18 5 8 11 49 35 17 22 43 23 40 2 45
Coste: 52664

GENERACION: 385
Mejor Solucion:  6 26 25 20 27 32 48 30 39 47 33 9 19 44 36 3 41 29 31 0 12 34 13 10 4 7 37 15 46 14 21 28 16 42 38 24 1 18 5 8 11 49 35 17 22 43 23 40 2 45
Coste: 52664

GENERACION: 386
Mejor Solucion:  6 26 25 20 27 32 48 30 39 47 33 9 19 44 36 3 41 29 31 0 12 34 13 10 4 7 37 15 46 14 21 28 16 42 38 24 1 18 5 8 11 49 35 17 22 43 23 40 2 45
Coste: 52664

GENERACION: 387
Mejor Solucion:  6 26 25 20 27 32 48 30 39 47 33 9 19 44 36 3 41 29 31 0 12 34 13 10 4 7 37 15 46 14 21 28 16 42 38 24 1 18 5 8 11 49 35 17 22 43 23 40 2 45
Coste: 52664

GENERACION: 388
Mejor Solucion:  6 26 25 20 27 32 48 30 39 47 33 9 19 44 36 3 41 29 31 0 12 34 13 10 4 7 37 15 46 14 21 28 16 42 38 24 1 18 5 8 11 49 35 17 22 43 23 40 2 45
Coste: 52664

GENERACION: 389
Mejor Solucion:  6 26 25 20 27 32 48 30 39 47 33 9 19 44 36 3 41 29 31 0 12 34 13 10 4 7 37 15 46 14 21 28 16 42 38 24 1 18 5 8 11 49 35 17 22 43 23 40 2 45
Coste: 52664

GENERACION: 390
Mejor Solucion:  6 26 25 20 27 32 48 30 39 47 33 9 19 44 36 3 41 29 31 0 12 34 13 10 4 7 37 15 46 14 21 28 16 42 38 24 1 18 5 8 11 49 35 17 22 43 23 40 2 45
Coste: 52664

GENERACION: 391
Mejor Solucion:  6 26 25 20 27 32 48 30 39 47 33 9 19 44 36 3 41 29 31 0 12 34 13 10 4 7 37 15 46 14 21 28 16 42 38 24 1 18 5 8 11 49 35 17 22 43 23 40 2 45
Coste: 52664

GENERACION: 392
Mejor Solucion:  6 26 25 20 27 32 48 30 39 47 33 9 19 44 36 3 41 29 31 0 12 34 13 10 4 7 37 15 46 14 21 28 16 42 38 24 1 18 5 8 11 49 35 17 22 43 23 40 2 45
Coste: 52664

GENERACION: 393
Mejor Solucion:  6 26 25 20 27 32 48 30 39 47 33 9 19 44 36 3 41 29 31 0 12 34 13 10 4 7 37 15 46 14 21 28 16 42 38 24 1 18 5 8 11 49 35 17 22 43 23 40 2 45
Coste: 52664

GENERACION: 394
Mejor Solucion:  6 26 25 20 27 32 48 30 39 47 33 9 19 44 36 3 41 29 31 0 12 34 13 10 4 7 37 15 46 14 21 28 16 42 38 24 1 18 5 8 11 49 35 17 22 43 23 40 2 45
Coste: 52664

GENERACION: 395
Mejor Solucion:  6 26 25 20 27 32 48 30 39 47 33 9 19 44 36 3 41 29 31 0 12 34 13 10 4 7 37 15 46 14 21 28 16 42 38 24 1 18 5 8 11 49 35 17 22 43 23 40 2 45
Coste: 52664

GENERACION: 396
Mejor Solucion:  6 26 25 20 27 32 48 30 39 47 33 9 19 44 36 3 41 29 31 0 12 34 13 10 4 7 37 15 46 14 21 28 16 42 38 24 1 18 5 8 11 49 35 17 22 43 23 40 2 45
Coste: 52664

GENERACION: 397
Mejor Solucion:  6 26 25 20 27 32 48 30 39 47 33 9 19 44 36 3 41 29 31 0 12 34 13 10 4 7 37 15 46 14 21 28 16 42 38 24 1 18 5 8 11 49 35 17 22 43 23 40 2 45
Coste: 52664

GENERACION: 398
Mejor Solucion:  6 26 25 20 27 32 48 30 39 47 33 9 19 44 36 3 41 29 31 0 12 34 13 10 4 7 37 15 46 14 21 28 16 42 38 24 1 18 5 8 11 49 35 17 22 43 23 40 2 45
Coste: 52664

GENERACION: 399
Mejor Solucion:  6 26 25 20 27 32 48 30 39 47 33 9 19 44 36 3 41 29 31 0 12 34 13 10 4 7 37 15 46 14 21 28 16 42 38 24 1 18 5 8 11 49 35 17 22 43 23 40 2 45
Coste: 52664

GENERACION: 400
Mejor Solucion:  6 26 25 20 27 32 48 30 39 47 33 9 19 44 36 3 41 29 31 0 12 34 13 10 4 7 37 15 46 14 21 28 16 42 38 24 1 18 5 8 11 49 35 17 22 43 23 40 2 45
Coste: 52664

GENERACION: 401
Mejor Solucion:  6 26 25 20 27 32 48 30 39 47 33 9 19 44 36 3 41 29 31 0 12 34 13 10 4 7 37 15 46 14 21 28 16 42 38 24 1 18 5 8 11 49 35 17 22 43 23 40 2 45
Coste: 52664

GENERACION: 402
Mejor Solucion:  6 26 25 20 27 32 48 30 39 47 33 9 19 44 36 3 41 29 31 0 12 34 13 10 4 7 37 15 46 14 21 28 16 42 38 24 1 18 5 8 11 49 35 17 22 43 23 40 2 45
Coste: 52664

GENERACION: 403
Mejor Solucion:  6 26 25 20 27 32 48 30 39 47 33 9 19 44 36 3 41 29 31 0 12 34 13 10 4 7 37 15 46 14 21 28 16 42 38 24 1 18 5 8 11 49 35 17 22 43 23 40 2 45
Coste: 52664

GENERACION: 404
Mejor Solucion:  6 26 25 20 27 32 48 30 39 47 33 9 19 44 36 3 41 29 31 0 12 34 13 10 4 7 37 15 46 14 21 28 16 42 38 24 1 18 5 8 11 49 35 17 22 43 23 40 2 45
Coste: 52664

GENERACION: 405
Mejor Solucion:  6 26 25 20 27 32 48 30 39 47 33 9 19 44 36 3 41 29 31 0 12 34 13 10 4 7 37 15 46 14 21 28 16 42 38 24 1 18 5 8 11 49 35 17 22 43 23 40 2 45
Coste: 52664

GENERACION: 406
Mejor Solucion:  6 26 25 20 27 32 48 30 39 47 33 9 19 44 36 3 41 29 31 0 12 34 13 10 4 7 37 15 46 14 21 28 16 42 38 24 1 18 5 8 11 49 35 17 22 43 23 40 2 45
Coste: 52664

GENERACION: 407
Mejor Solucion:  6 26 25 20 27 32 48 30 39 47 33 9 19 44 36 3 41 29 31 0 12 34 13 10 4 7 37 15 46 14 21 28 16 42 38 24 1 18 5 8 11 49 35 17 22 43 23 40 2 45
Coste: 52664

GENERACION: 408
Mejor Solucion:  6 26 25 20 27 32 48 30 39 47 33 9 19 44 36 3 41 29 31 0 12 34 13 10 4 7 37 15 46 14 21 28 16 42 38 24 1 18 5 8 11 49 35 17 22 43 23 40 2 45
Coste: 52664

GENERACION: 409
Mejor Solucion:  6 26 25 20 27 32 48 30 39 47 33 9 19 44 36 3 41 29 31 0 12 34 13 10 4 7 37 15 46 14 21 28 16 42 38 24 1 18 5 8 11 49 35 17 22 43 23 40 2 45
Coste: 52664

GENERACION: 410
Mejor Solucion:  6 26 25 20 27 32 48 30 39 47 33 9 19 44 36 3 41 29 31 0 12 34 13 10 4 7 37 15 46 14 21 28 16 42 38 24 1 18 5 8 11 49 35 17 22 43 23 40 2 45
Coste: 52664

GENERACION: 411
Mejor Solucion:  6 26 25 20 27 32 48 30 39 47 33 9 19 44 36 3 41 29 31 0 12 34 13 10 4 7 37 15 46 14 21 28 16 42 38 24 1 18 5 8 11 49 35 17 22 43 23 40 2 45
Coste: 52664

