GENERACION: 1
Mejor Solucion:  25 46 6 14 5 19 31 45 43 10 49 30 44 36 24 41 34 42 47 4 38 32 3 2 17 29 16 22 23 26 33 35 21 27 37 9 0 18 48 28 8 13 20 1 7 15 12 40 39 11
Coste: 53990

GENERACION: 2
Mejor Solucion:  25 46 6 14 5 19 31 45 43 10 49 30 44 36 24 41 34 42 47 4 38 32 3 2 17 29 16 22 23 26 33 35 21 27 37 9 0 18 48 28 8 13 20 1 7 15 12 40 39 11
Coste: 53990

GENERACION: 3
Mejor Solucion:  25 46 6 14 5 19 31 45 43 10 49 30 44 36 24 41 34 42 47 4 38 32 3 2 17 29 16 22 23 26 33 35 21 27 37 9 0 18 48 28 8 13 20 1 7 15 12 40 39 11
Coste: 53990

GENERACION: 4
Mejor Solucion:  25 46 6 14 5 19 31 45 43 10 49 30 44 36 24 41 34 42 47 4 38 32 3 2 17 29 16 22 23 26 33 35 21 27 37 9 0 18 48 28 8 13 20 1 7 15 12 40 39 11
Coste: 53990

GENERACION: 5
Mejor Solucion:  25 46 6 14 5 19 31 45 43 10 49 30 44 36 24 41 34 42 47 4 38 32 3 2 17 29 16 22 23 26 33 35 21 27 37 9 0 18 48 28 8 13 20 1 7 15 12 40 39 11
Coste: 53990

GENERACION: 6
Mejor Solucion:  25 46 6 14 5 19 31 45 43 10 49 30 44 36 24 41 34 42 47 4 38 32 3 2 17 29 16 22 23 26 33 35 21 27 37 9 0 18 48 28 8 13 20 1 7 15 12 40 39 11
Coste: 53990

GENERACION: 7
Mejor Solucion:  25 46 6 14 5 19 31 45 43 10 49 30 44 36 24 41 34 42 47 4 38 32 3 2 17 29 16 22 23 26 33 35 21 27 37 9 0 18 48 28 8 13 20 1 7 15 12 40 39 11
Coste: 53990

GENERACION: 8
Mejor Solucion:  25 46 6 14 5 19 31 45 43 10 49 30 44 36 24 41 34 42 47 4 38 32 3 2 17 29 16 22 23 26 33 35 21 27 37 9 0 18 48 28 8 13 20 1 7 15 12 40 39 11
Coste: 53990

GENERACION: 9
Mejor Solucion:  25 46 6 14 5 19 31 45 43 10 49 30 44 36 24 41 34 42 47 4 38 32 3 2 17 29 16 22 23 26 33 35 21 27 37 9 0 18 48 28 8 13 20 1 7 15 12 40 39 11
Coste: 53990

GENERACION: 10
Mejor Solucion:  25 46 6 14 5 19 31 45 43 10 49 30 44 36 24 41 34 42 47 4 38 32 3 2 17 29 16 22 23 26 33 35 21 27 37 9 0 18 48 28 8 13 20 1 7 15 12 40 39 11
Coste: 53990

GENERACION: 11
Mejor Solucion:  25 46 6 14 5 19 31 45 43 10 49 30 44 36 24 41 34 42 47 4 38 32 3 2 17 29 16 22 23 26 33 35 21 27 37 9 0 18 48 28 8 13 20 1 7 15 12 40 39 11
Coste: 53990

GENERACION: 12
Mejor Solucion:  25 46 6 14 5 19 31 45 43 10 49 30 44 36 24 41 34 42 47 4 38 32 3 2 17 29 16 22 23 26 33 35 21 27 37 9 0 18 48 28 8 13 20 1 7 15 12 40 39 11
Coste: 53990

GENERACION: 13
Mejor Solucion:  25 46 6 14 5 19 31 45 43 10 49 30 44 36 24 41 34 42 47 4 38 32 3 2 17 29 16 22 23 26 33 35 21 27 37 9 0 18 48 28 8 13 20 1 7 15 12 40 39 11
Coste: 53990

GENERACION: 14
Mejor Solucion:  25 46 6 14 5 19 31 45 43 10 49 30 44 36 24 41 34 42 47 4 38 32 3 2 17 29 16 22 23 26 33 35 21 27 37 9 0 18 48 28 8 13 20 1 7 15 12 40 39 11
Coste: 53990

GENERACION: 15
Mejor Solucion:  25 46 6 14 5 19 31 45 43 10 49 30 44 36 24 41 34 42 47 4 38 32 3 2 17 29 16 22 23 26 33 35 21 27 37 9 0 18 48 28 8 13 20 1 7 15 12 40 39 11
Coste: 53990

GENERACION: 16
Mejor Solucion:  25 46 6 14 5 19 31 45 43 10 49 30 44 36 24 41 34 42 47 4 38 32 3 2 17 29 16 22 23 26 33 35 21 27 37 9 0 18 48 28 8 13 20 1 7 15 12 40 39 11
Coste: 53990

GENERACION: 17
Mejor Solucion:  25 46 6 14 5 19 31 45 43 10 49 30 44 36 24 41 34 42 47 4 38 32 3 2 17 29 16 22 23 26 33 35 21 27 37 9 0 18 48 28 8 13 20 1 7 15 12 40 39 11
Coste: 53990

GENERACION: 18
Mejor Solucion:  25 46 6 14 5 19 31 45 43 10 49 30 44 36 24 41 34 42 47 4 38 32 3 2 17 29 16 22 23 26 33 35 21 27 37 9 0 18 48 28 8 13 20 1 7 15 12 40 39 11
Coste: 53990

GENERACION: 19
Mejor Solucion:  25 46 6 14 5 19 31 45 43 10 49 30 44 36 24 41 34 42 47 4 38 32 3 2 17 29 16 22 23 26 33 35 21 27 37 9 0 18 48 28 8 13 20 1 7 15 12 40 39 11
Coste: 53990

GENERACION: 20
Mejor Solucion:  25 46 6 14 5 19 31 45 43 10 49 30 44 36 24 41 34 42 47 4 38 32 3 2 17 29 16 22 23 26 33 35 21 27 37 9 0 18 48 28 8 13 20 1 7 15 12 40 39 11
Coste: 53990

GENERACION: 21
Mejor Solucion:  25 46 6 14 5 19 31 45 43 10 49 30 44 36 24 41 34 42 47 4 38 32 3 2 17 29 16 22 23 26 33 35 21 27 37 9 0 18 48 28 8 13 20 1 7 15 12 40 39 11
Coste: 53990

GENERACION: 22
Mejor Solucion:  25 46 6 14 5 19 31 45 43 10 49 30 44 36 24 41 34 42 47 4 38 32 3 2 17 29 16 22 23 26 33 35 21 27 37 9 0 18 48 28 8 13 20 1 7 15 12 40 39 11
Coste: 53990

GENERACION: 23
Mejor Solucion:  25 46 6 14 5 19 31 45 43 10 49 30 44 36 24 41 34 42 47 4 38 32 3 2 17 29 16 22 23 26 33 35 21 27 37 9 0 18 48 28 8 13 20 1 7 15 12 40 39 11
Coste: 53990

GENERACION: 24
Mejor Solucion:  17 46 6 14 5 42 31 45 39 10 49 35 44 36 20 41 29 16 47 4 38 32 3 2 22 26 19 21 23 34 33 48 43 27 37 0 9 18 40 28 8 13 24 7 11 15 12 30 25 1
Coste: 53719

GENERACION: 25
Mejor Solucion:  17 46 6 27 5 42 31 45 39 10 0 11 44 36 20 41 29 16 47 4 38 32 3 2 22 26 19 48 23 34 33 21 43 14 37 49 9 18 40 28 8 13 24 7 35 15 12 30 25 1
Coste: 53497

GENERACION: 26
Mejor Solucion:  17 46 6 27 5 42 31 45 39 10 0 11 44 36 20 41 29 16 47 4 38 32 3 2 22 26 19 48 23 34 33 21 43 14 37 49 9 18 40 28 8 13 24 7 35 15 12 30 25 1
Coste: 53497

GENERACION: 27
Mejor Solucion:  17 46 6 27 5 42 31 45 39 10 0 11 44 36 20 41 29 16 47 4 38 32 3 2 22 26 19 48 23 34 33 21 43 14 37 49 9 18 40 28 8 13 24 7 35 15 12 30 25 1
Coste: 53497

GENERACION: 28
Mejor Solucion:  17 46 6 27 5 42 31 45 39 10 0 11 44 36 20 41 29 16 47 4 38 32 3 2 22 26 19 48 23 34 33 21 43 14 37 49 9 18 40 28 8 13 24 7 35 15 12 30 25 1
Coste: 53497

GENERACION: 29
Mejor Solucion:  17 46 6 27 5 42 31 45 39 10 0 11 44 36 20 41 29 16 47 4 38 32 3 2 22 26 19 48 23 34 33 21 43 14 37 49 9 18 40 28 8 13 24 7 35 15 12 30 25 1
Coste: 53497

GENERACION: 30
Mejor Solucion:  17 46 6 27 5 42 31 45 39 10 0 11 16 36 20 41 29 44 47 4 38 32 3 2 22 26 19 48 23 34 33 21 43 14 37 49 9 24 40 28 8 13 18 7 35 15 12 30 25 1
Coste: 53287

GENERACION: 31
Mejor Solucion:  17 46 6 27 5 42 31 45 39 10 0 11 16 36 20 41 29 44 47 4 38 32 3 2 22 26 19 48 23 34 33 21 43 14 37 49 9 24 40 28 8 13 18 7 35 15 12 30 25 1
Coste: 53287

GENERACION: 32
Mejor Solucion:  17 46 6 27 5 42 31 45 39 10 0 11 16 36 20 41 29 44 47 4 38 32 3 2 22 26 19 48 23 34 33 21 43 14 37 49 9 24 28 40 8 13 18 7 35 15 12 30 25 1
Coste: 53225

GENERACION: 33
Mejor Solucion:  17 46 6 27 5 42 31 45 39 10 0 11 16 36 20 41 29 44 47 4 38 32 3 2 22 26 19 48 23 34 33 21 43 14 37 49 9 24 28 40 8 13 18 7 35 15 12 30 25 1
Coste: 53225

GENERACION: 34
Mejor Solucion:  17 46 6 27 5 42 31 45 39 10 0 11 16 36 20 41 29 44 47 4 38 32 3 2 22 26 19 48 23 34 33 21 43 14 37 49 9 24 28 40 8 13 18 7 35 15 12 30 25 1
Coste: 53225

GENERACION: 35
Mejor Solucion:  17 46 6 27 5 42 31 45 39 10 0 11 16 36 20 41 29 44 47 4 38 32 3 2 22 26 19 48 23 34 33 21 43 14 37 49 9 24 28 40 8 13 18 7 35 15 12 30 25 1
Coste: 53225

GENERACION: 36
Mejor Solucion:  17 46 6 27 5 42 31 45 39 10 0 11 16 36 20 41 29 44 47 4 38 32 3 2 22 26 19 48 23 34 33 21 43 14 37 49 9 24 28 40 8 13 18 7 35 15 12 30 25 1
Coste: 53225

GENERACION: 37
Mejor Solucion:  17 46 6 27 5 42 31 45 39 10 0 11 16 36 20 41 29 44 47 4 38 32 3 2 22 26 19 48 23 34 33 21 43 14 37 49 9 24 28 40 8 13 18 7 35 15 12 30 25 1
Coste: 53225

GENERACION: 38
Mejor Solucion:  17 46 6 27 5 42 31 45 39 10 0 11 16 36 20 41 29 44 47 4 38 32 3 2 22 26 19 48 23 34 33 21 43 14 37 49 9 24 28 40 8 13 18 7 35 15 12 30 25 1
Coste: 53225

GENERACION: 39
Mejor Solucion:  17 46 6 27 5 42 31 45 39 10 0 11 16 36 20 41 29 44 47 4 38 32 3 2 22 26 19 48 23 34 33 21 43 14 37 49 9 24 28 40 8 13 18 7 35 15 12 30 25 1
Coste: 53225

GENERACION: 40
Mejor Solucion:  17 46 6 27 5 42 31 45 39 10 0 11 16 36 20 41 29 44 47 4 38 32 3 2 22 26 19 48 23 34 33 21 43 14 37 49 9 24 28 40 8 13 18 7 35 15 12 30 25 1
Coste: 53225

GENERACION: 41
Mejor Solucion:  17 46 6 27 5 42 31 45 39 10 0 11 16 36 20 41 29 44 47 4 38 32 3 2 22 26 19 48 23 34 33 21 43 14 37 49 9 24 28 40 8 13 18 7 35 15 12 30 25 1
Coste: 53225

GENERACION: 42
Mejor Solucion:  17 46 6 27 5 42 31 45 39 10 0 11 16 36 20 41 29 44 47 4 38 32 3 2 22 26 19 48 23 34 33 21 43 14 37 49 9 24 28 40 8 13 18 7 35 15 12 30 25 1
Coste: 53225

GENERACION: 43
Mejor Solucion:  17 46 6 27 5 42 31 45 39 10 0 11 16 36 20 41 29 44 47 4 38 32 3 2 22 26 19 48 23 34 33 21 43 14 37 49 9 24 28 40 8 13 18 7 35 15 12 30 25 1
Coste: 53225

GENERACION: 44
Mejor Solucion:  17 46 6 27 5 42 31 45 39 10 0 11 16 36 20 41 29 44 47 4 38 32 3 2 22 26 19 48 23 34 33 21 43 14 37 49 9 24 28 40 8 13 18 7 35 15 12 30 25 1
Coste: 53225

GENERACION: 45
Mejor Solucion:  17 46 6 27 5 42 31 45 39 10 0 11 16 36 20 41 29 44 47 4 38 32 3 2 22 26 19 48 23 34 33 21 43 14 37 49 9 24 28 40 8 13 18 7 35 15 12 30 25 1
Coste: 53225

GENERACION: 46
Mejor Solucion:  17 46 6 27 5 42 31 45 39 10 0 11 16 36 20 41 29 44 47 4 38 32 3 2 22 26 19 48 23 34 33 21 43 14 37 49 9 24 28 40 8 13 18 7 35 15 12 30 25 1
Coste: 53225

GENERACION: 47
Mejor Solucion:  17 46 6 27 5 42 31 45 39 10 0 11 16 36 20 41 29 44 47 4 38 32 3 2 22 26 19 48 23 34 33 21 43 14 37 49 9 24 28 40 8 13 18 7 35 15 12 30 25 1
Coste: 53225

GENERACION: 48
Mejor Solucion:  17 46 6 27 5 42 31 45 39 10 0 11 16 36 20 41 29 44 47 4 38 32 3 2 22 26 19 48 23 34 33 21 43 14 37 49 9 24 28 40 8 13 18 7 35 15 12 30 25 1
Coste: 53225

GENERACION: 49
Mejor Solucion:  17 46 6 27 5 42 31 45 39 10 0 11 16 36 20 41 29 44 47 4 38 32 3 2 22 26 19 48 23 34 33 21 43 14 37 49 9 24 28 40 8 13 18 7 35 15 12 30 25 1
Coste: 53225

GENERACION: 50
Mejor Solucion:  17 46 6 27 5 42 31 45 39 10 0 11 16 36 20 41 29 44 47 4 38 32 3 2 22 26 19 48 23 34 33 21 43 14 37 49 9 24 28 40 8 13 18 7 35 15 12 30 25 1
Coste: 53225

GENERACION: 51
Mejor Solucion:  17 46 6 27 5 42 31 45 39 10 0 11 16 36 20 41 29 44 47 4 38 32 3 2 22 26 19 48 23 34 33 21 43 14 37 49 9 24 28 40 8 13 18 7 35 15 12 30 25 1
Coste: 53225

GENERACION: 52
Mejor Solucion:  17 46 6 27 5 42 31 45 39 10 0 11 16 36 20 41 29 44 47 4 38 32 3 2 22 26 19 48 23 34 33 21 43 14 37 49 9 24 28 40 8 13 18 7 35 15 12 30 25 1
Coste: 53225

GENERACION: 53
Mejor Solucion:  17 46 6 27 5 42 31 45 39 10 0 11 16 36 20 41 29 44 47 4 38 32 3 2 22 26 19 48 23 34 33 21 43 14 37 49 9 24 28 40 8 13 18 7 35 15 12 30 25 1
Coste: 53225

GENERACION: 54
Mejor Solucion:  17 46 6 27 5 42 31 45 39 10 0 11 16 36 20 41 29 44 47 4 38 32 3 2 22 26 19 48 23 34 33 21 43 14 37 49 9 24 28 40 8 13 18 7 35 15 12 30 25 1
Coste: 53225

GENERACION: 55
Mejor Solucion:  17 46 6 27 5 42 31 45 39 10 0 11 16 36 20 41 29 44 47 4 38 32 3 2 22 26 19 48 23 34 33 21 43 14 37 49 9 24 28 40 8 13 18 7 35 15 12 30 25 1
Coste: 53225

GENERACION: 56
Mejor Solucion:  17 46 6 27 5 42 31 45 39 10 0 11 16 36 20 41 29 44 47 4 38 32 3 2 22 26 19 48 23 34 33 21 43 14 37 49 9 24 28 40 8 13 18 7 35 15 12 30 25 1
Coste: 53225

GENERACION: 57
Mejor Solucion:  17 46 6 27 5 42 31 45 39 10 0 11 16 36 20 41 29 44 47 4 38 32 3 2 22 26 19 48 23 34 33 21 43 14 37 49 9 24 28 40 8 13 18 7 35 15 12 30 25 1
Coste: 53225

GENERACION: 58
Mejor Solucion:  17 46 6 27 5 42 31 45 39 10 0 11 16 36 20 41 29 44 47 4 38 32 3 2 22 26 19 48 23 34 33 21 43 14 37 49 9 24 28 40 8 13 18 7 35 15 12 30 25 1
Coste: 53225

GENERACION: 59
Mejor Solucion:  17 46 6 27 5 42 31 45 39 10 0 11 16 36 20 41 29 44 47 4 38 32 3 2 22 26 19 48 23 34 33 21 43 14 37 49 9 24 28 40 8 13 18 7 35 15 12 30 25 1
Coste: 53225

GENERACION: 60
Mejor Solucion:  17 46 6 27 5 42 31 45 39 10 0 11 16 36 20 41 29 44 47 4 38 32 3 2 22 26 19 48 23 34 33 21 43 14 37 49 9 24 28 40 8 13 18 7 35 15 12 30 25 1
Coste: 53225

GENERACION: 61
Mejor Solucion:  17 46 6 27 5 42 31 45 39 10 0 11 16 36 20 41 29 44 47 4 38 32 3 2 22 26 19 48 23 34 33 21 43 14 37 49 9 24 28 40 8 13 18 7 35 15 12 30 25 1
Coste: 53225

GENERACION: 62
Mejor Solucion:  17 46 6 27 5 42 31 45 39 10 0 11 16 36 20 41 29 44 47 4 38 32 3 2 22 26 19 48 23 34 33 21 43 14 37 49 9 24 28 40 8 13 18 7 35 15 12 30 25 1
Coste: 53225

GENERACION: 63
Mejor Solucion:  17 46 6 27 5 42 31 45 39 10 0 11 16 36 20 41 29 44 47 4 38 32 3 2 22 26 19 48 23 34 33 21 43 14 37 49 9 24 28 40 8 13 18 7 35 15 12 30 25 1
Coste: 53225

GENERACION: 64
Mejor Solucion:  17 46 6 27 5 42 31 45 39 10 0 11 16 36 20 41 29 44 47 4 38 32 3 2 22 26 19 48 23 34 33 21 43 14 37 49 9 24 28 40 8 13 18 7 35 15 12 30 25 1
Coste: 53225

GENERACION: 65
Mejor Solucion:  17 46 6 27 5 42 31 45 39 10 0 11 16 36 20 41 29 44 47 4 38 32 3 2 22 26 19 48 23 34 33 21 43 14 37 49 9 24 28 40 8 13 18 7 35 15 12 30 25 1
Coste: 53225

GENERACION: 66
Mejor Solucion:  17 46 6 27 5 42 31 45 39 10 0 11 16 36 20 41 29 44 47 4 38 32 3 2 22 26 19 48 23 34 33 21 43 14 37 49 9 24 28 40 8 13 18 7 35 15 12 30 25 1
Coste: 53225

GENERACION: 67
Mejor Solucion:  17 46 6 27 5 42 31 45 39 10 0 11 16 36 20 41 29 44 47 4 38 32 3 2 22 26 19 48 23 34 33 21 43 14 37 49 9 24 28 40 8 13 18 7 35 15 12 30 25 1
Coste: 53225

GENERACION: 68
Mejor Solucion:  17 46 6 27 5 42 31 45 39 10 0 11 16 36 20 41 29 44 47 4 38 32 3 2 22 26 19 48 23 34 33 21 43 14 37 49 9 24 28 40 8 13 18 7 35 15 12 30 25 1
Coste: 53225

GENERACION: 69
Mejor Solucion:  17 46 6 27 5 42 31 45 39 10 0 11 16 36 20 41 29 44 47 4 38 32 3 2 22 26 19 48 23 34 33 21 43 14 37 49 9 24 28 40 8 13 18 7 35 15 12 30 25 1
Coste: 53225

GENERACION: 70
Mejor Solucion:  17 46 6 27 5 42 31 45 39 10 0 11 16 36 20 41 29 44 47 4 38 32 3 2 22 26 19 48 23 34 33 21 43 14 37 49 9 24 28 40 8 13 18 7 35 15 12 30 25 1
Coste: 53225

GENERACION: 71
Mejor Solucion:  17 46 6 27 5 42 31 45 39 10 0 11 16 36 20 41 29 44 47 4 38 32 3 2 22 26 19 48 23 34 33 21 43 14 37 49 9 24 28 40 8 13 18 7 35 15 12 30 25 1
Coste: 53225

GENERACION: 72
Mejor Solucion:  17 46 6 27 5 42 31 45 39 10 0 11 16 36 20 41 29 44 47 4 38 32 3 2 22 26 19 48 23 34 33 21 43 14 37 49 9 24 28 40 8 13 18 7 35 15 12 30 25 1
Coste: 53225

GENERACION: 73
Mejor Solucion:  17 46 6 27 5 42 31 45 39 10 0 11 16 36 20 41 29 44 47 4 38 32 3 2 22 26 19 48 23 34 33 21 43 14 37 49 9 24 28 40 8 13 18 7 35 15 12 30 25 1
Coste: 53225

GENERACION: 74
Mejor Solucion:  17 46 6 27 5 42 31 45 39 10 0 11 16 36 20 41 29 44 47 4 38 32 3 2 22 26 19 48 23 34 33 21 43 14 37 49 9 24 28 40 8 13 18 7 35 15 12 30 25 1
Coste: 53225

GENERACION: 75
Mejor Solucion:  17 46 6 27 5 42 31 45 39 10 0 11 16 36 20 41 29 44 47 4 38 32 3 2 22 26 19 48 23 34 33 21 43 14 37 49 9 24 28 40 8 13 18 7 35 15 12 30 25 1
Coste: 53225

GENERACION: 76
Mejor Solucion:  17 46 6 27 5 42 31 45 39 10 0 11 16 36 20 41 29 44 47 4 38 32 3 2 22 26 19 48 23 34 33 21 43 14 37 49 9 24 28 40 8 13 18 7 35 15 12 30 25 1
Coste: 53225

GENERACION: 77
Mejor Solucion:  17 46 6 27 5 42 31 45 39 10 0 11 16 36 20 41 29 44 47 4 38 32 3 2 22 26 19 48 23 34 33 21 43 14 37 49 9 24 28 40 8 13 18 7 35 15 12 30 25 1
Coste: 53225

GENERACION: 78
Mejor Solucion:  17 46 6 27 5 42 31 45 39 10 0 11 16 36 20 41 29 44 47 4 38 32 3 2 22 26 19 48 23 34 33 21 43 14 37 49 9 24 28 40 8 13 18 7 35 15 12 30 25 1
Coste: 53225

GENERACION: 79
Mejor Solucion:  17 46 6 27 5 42 31 45 39 10 0 11 16 36 20 41 29 44 47 4 38 32 3 2 22 26 19 48 23 34 33 21 43 14 37 49 9 24 28 40 8 13 18 7 35 15 12 30 25 1
Coste: 53225

GENERACION: 80
Mejor Solucion:  17 46 6 27 5 42 31 45 39 10 0 11 16 36 20 41 29 44 47 4 38 32 3 2 22 26 19 48 23 34 33 21 43 14 37 49 9 40 30 24 8 13 18 7 35 15 12 28 25 1
Coste: 53032

GENERACION: 81
Mejor Solucion:  17 46 6 27 5 42 31 45 39 10 0 11 16 36 20 41 29 44 47 4 38 32 3 2 22 26 19 48 23 34 33 21 43 14 37 49 9 40 30 24 8 13 18 7 35 15 12 28 25 1
Coste: 53032

GENERACION: 82
Mejor Solucion:  17 46 6 27 5 42 31 45 39 10 0 11 16 36 20 41 29 44 47 4 38 32 3 2 22 26 19 48 23 34 33 21 43 14 37 49 9 40 30 24 8 13 18 7 35 15 12 28 25 1
Coste: 53032

GENERACION: 83
Mejor Solucion:  17 46 6 27 5 42 31 45 39 10 0 11 16 36 20 41 29 44 47 4 38 32 3 2 22 26 19 48 23 34 33 21 43 14 37 49 9 40 30 24 8 13 18 7 35 15 12 28 25 1
Coste: 53032

GENERACION: 84
Mejor Solucion:  17 46 6 27 5 42 31 45 39 10 0 11 16 36 20 41 29 44 47 4 38 32 3 2 22 26 19 48 23 34 33 21 43 14 37 49 9 40 30 24 8 13 18 7 35 15 12 28 25 1
Coste: 53032

GENERACION: 85
Mejor Solucion:  17 46 6 27 5 42 31 45 39 10 0 11 16 36 20 41 29 44 47 4 38 32 3 2 22 26 19 48 23 34 33 21 43 14 37 49 9 40 30 24 8 13 18 7 35 15 12 28 25 1
Coste: 53032

GENERACION: 86
Mejor Solucion:  17 46 6 27 5 42 31 45 39 10 0 11 16 36 20 41 29 44 47 4 38 32 3 2 22 26 19 48 23 34 33 21 43 14 37 49 9 40 30 24 8 13 18 7 35 15 12 28 25 1
Coste: 53032

GENERACION: 87
Mejor Solucion:  17 46 6 27 5 42 31 45 39 10 0 11 16 36 20 41 29 44 47 4 38 32 3 2 22 26 19 48 23 34 33 21 43 14 37 49 9 40 30 24 8 13 18 7 35 15 12 28 25 1
Coste: 53032

GENERACION: 88
Mejor Solucion:  17 46 6 27 5 42 31 45 39 10 0 11 16 36 20 41 29 44 47 4 38 32 3 2 22 26 19 48 23 34 33 21 43 14 37 49 9 40 30 24 8 13 18 7 35 15 12 28 25 1
Coste: 53032

GENERACION: 89
Mejor Solucion:  17 46 6 27 5 42 31 45 39 10 0 11 16 36 20 41 29 44 47 4 38 32 3 2 22 26 19 48 23 34 33 21 43 14 37 49 9 40 30 24 8 13 18 7 35 15 12 28 25 1
Coste: 53032

GENERACION: 90
Mejor Solucion:  17 46 6 27 5 42 31 45 39 10 0 11 16 36 20 41 29 44 47 4 38 32 3 2 22 26 19 48 23 34 33 21 43 14 37 49 9 40 30 24 8 13 18 7 35 15 12 28 25 1
Coste: 53032

GENERACION: 91
Mejor Solucion:  17 46 6 27 5 42 31 45 39 10 0 11 16 36 20 41 29 44 47 4 38 32 3 2 22 26 19 48 23 34 33 21 43 14 37 49 9 40 30 24 8 13 18 7 35 15 12 28 25 1
Coste: 53032

GENERACION: 92
Mejor Solucion:  17 46 6 27 5 42 31 45 39 10 0 11 16 36 20 41 29 44 47 4 38 32 3 2 22 26 19 48 23 34 33 21 43 14 37 49 9 40 30 24 8 13 18 7 35 15 12 28 25 1
Coste: 53032

GENERACION: 93
Mejor Solucion:  17 46 6 27 5 42 31 45 39 10 0 11 16 36 20 41 29 44 47 4 38 32 3 2 22 26 19 48 23 34 33 21 43 14 37 49 9 40 30 24 8 13 18 7 35 15 12 28 25 1
Coste: 53032

GENERACION: 94
Mejor Solucion:  17 46 6 27 5 42 31 45 39 10 0 11 16 36 20 41 29 44 47 4 38 32 3 2 22 26 19 48 23 34 33 21 43 14 37 49 9 40 30 24 8 13 18 7 35 15 12 28 25 1
Coste: 53032

GENERACION: 95
Mejor Solucion:  17 46 6 27 5 42 31 45 39 10 0 11 16 36 20 41 29 44 47 4 38 32 3 2 22 26 19 48 23 34 33 21 43 14 37 49 9 40 30 24 8 13 18 7 35 15 12 28 25 1
Coste: 53032

GENERACION: 96
Mejor Solucion:  17 46 6 27 5 42 31 45 39 10 0 11 16 36 20 41 29 44 47 4 38 32 3 2 22 26 19 48 23 34 33 21 43 14 37 49 9 40 30 24 8 13 18 7 35 15 12 28 25 1
Coste: 53032

GENERACION: 97
Mejor Solucion:  17 46 6 27 5 42 31 45 39 10 0 11 16 36 20 41 29 44 47 4 38 32 3 2 22 26 19 48 23 34 33 21 43 14 37 49 9 40 30 24 8 13 18 7 35 15 12 28 25 1
Coste: 53032

GENERACION: 98
Mejor Solucion:  17 46 6 27 5 42 31 45 39 10 0 11 16 36 20 41 29 44 47 4 38 32 3 2 22 26 19 48 23 34 33 21 43 14 37 49 9 40 30 24 8 13 18 7 35 15 12 28 25 1
Coste: 53032

GENERACION: 99
Mejor Solucion:  17 46 6 27 5 42 31 45 39 10 0 11 16 36 20 41 29 44 47 4 38 32 3 2 22 26 19 48 23 34 33 21 43 14 37 49 9 40 30 24 8 13 18 7 35 15 12 28 25 1
Coste: 53032

GENERACION: 100
Mejor Solucion:  17 46 6 27 5 42 31 45 39 10 0 11 16 36 20 41 29 44 47 4 38 32 3 2 22 26 19 48 23 34 33 21 43 14 37 49 9 40 30 24 8 13 18 7 35 15 12 28 25 1
Coste: 53032

GENERACION: 101
Mejor Solucion:  17 46 6 27 5 42 31 45 39 10 0 11 16 36 20 41 29 44 47 4 38 32 3 2 22 26 19 48 23 34 33 21 43 14 37 49 9 40 30 24 8 13 18 7 35 15 12 28 25 1
Coste: 53032

GENERACION: 102
Mejor Solucion:  17 46 6 27 5 42 31 45 39 10 0 11 16 36 20 41 29 44 47 4 38 32 3 2 22 26 19 48 23 34 33 21 43 14 37 49 9 40 30 24 8 13 18 7 35 15 12 28 25 1
Coste: 53032

GENERACION: 103
Mejor Solucion:  17 46 6 27 5 42 31 45 39 10 0 11 16 36 20 41 29 44 47 4 38 32 3 2 22 26 19 48 23 34 33 21 43 14 37 49 9 40 30 24 8 13 18 7 35 15 12 28 25 1
Coste: 53032

GENERACION: 104
Mejor Solucion:  17 46 6 27 5 42 31 45 39 10 0 11 16 36 20 41 29 44 47 4 38 32 3 2 22 26 19 48 23 34 33 21 43 14 37 49 9 40 30 24 8 13 18 7 35 15 12 28 25 1
Coste: 53032

GENERACION: 105
Mejor Solucion:  17 46 6 27 5 42 31 45 39 10 0 11 16 36 20 41 29 44 47 4 38 32 3 2 22 26 19 48 23 34 33 21 43 14 37 49 9 40 30 24 8 13 18 7 35 15 12 28 25 1
Coste: 53032

GENERACION: 106
Mejor Solucion:  17 46 6 27 5 42 31 45 39 10 0 11 16 36 20 41 29 44 47 4 38 32 3 2 22 26 19 48 23 34 33 21 43 14 37 49 9 40 30 24 8 13 18 7 35 15 12 28 25 1
Coste: 53032

GENERACION: 107
Mejor Solucion:  17 46 6 27 5 42 31 45 39 10 0 11 16 36 20 41 29 44 47 4 38 32 3 2 22 26 19 48 23 34 33 21 43 14 37 49 9 40 30 24 8 13 18 7 35 15 12 28 25 1
Coste: 53032

GENERACION: 108
Mejor Solucion:  17 46 6 27 5 42 31 45 39 10 0 11 16 36 20 41 29 44 47 4 38 32 3 2 22 26 19 48 23 34 33 21 43 14 37 49 9 40 30 24 8 13 18 7 35 15 12 28 25 1
Coste: 53032

GENERACION: 109
Mejor Solucion:  17 46 6 27 5 42 31 45 39 10 0 11 16 36 20 41 29 44 47 4 38 32 3 2 22 26 19 48 23 34 33 21 43 14 37 49 9 40 30 24 8 13 18 7 35 15 12 28 25 1
Coste: 53032

GENERACION: 110
Mejor Solucion:  17 46 6 27 5 42 31 45 39 10 0 11 16 36 20 41 29 44 47 4 38 32 3 2 22 26 19 48 23 34 33 21 43 14 37 49 9 40 30 24 8 13 18 7 35 15 12 28 25 1
Coste: 53032

GENERACION: 111
Mejor Solucion:  17 46 6 27 5 42 31 45 39 10 0 11 16 36 20 41 29 44 47 4 38 32 3 2 22 26 19 48 23 34 33 21 43 14 37 49 9 40 30 24 8 13 18 7 35 15 12 28 25 1
Coste: 53032

GENERACION: 112
Mejor Solucion:  17 46 6 27 5 42 31 45 39 10 0 11 16 36 20 41 29 44 47 4 38 32 3 2 22 26 19 48 23 34 33 21 43 14 37 49 9 40 30 24 8 13 18 7 35 15 12 28 25 1
Coste: 53032

GENERACION: 113
Mejor Solucion:  17 46 6 27 5 42 31 45 39 10 0 11 16 36 20 41 29 44 47 4 38 32 3 2 22 26 19 48 23 34 33 21 43 14 37 49 9 40 30 24 8 13 18 7 35 15 12 28 25 1
Coste: 53032

GENERACION: 114
Mejor Solucion:  17 46 6 27 5 42 31 45 39 10 0 11 16 36 20 41 29 44 47 4 38 32 3 2 22 26 19 48 23 34 33 21 43 14 37 49 9 40 30 24 8 13 18 7 35 15 12 28 25 1
Coste: 53032

GENERACION: 115
Mejor Solucion:  17 46 6 27 5 42 31 45 39 10 0 11 16 36 20 41 29 44 47 4 38 32 3 2 22 26 19 48 23 34 33 21 43 14 37 49 9 40 30 24 8 13 18 7 35 15 12 28 25 1
Coste: 53032

GENERACION: 116
Mejor Solucion:  17 46 6 27 5 42 31 45 39 10 0 11 16 36 20 41 29 44 47 4 38 32 3 2 22 26 19 48 23 34 33 21 43 14 37 49 9 40 30 24 8 13 18 7 35 15 12 28 25 1
Coste: 53032

GENERACION: 117
Mejor Solucion:  17 46 6 27 5 42 31 45 39 10 0 11 16 36 20 41 29 44 47 4 38 32 3 2 22 26 19 48 23 34 33 21 43 14 37 49 9 40 30 24 8 13 18 7 35 15 12 28 25 1
Coste: 53032

GENERACION: 118
Mejor Solucion:  17 46 6 27 5 42 31 45 39 10 0 11 16 36 20 41 29 44 47 4 38 32 3 2 22 26 19 48 23 34 33 21 43 14 37 49 9 40 30 24 8 13 18 7 35 15 12 28 25 1
Coste: 53032

GENERACION: 119
Mejor Solucion:  17 46 6 27 5 42 31 45 39 10 0 11 16 36 20 41 29 44 47 4 38 32 3 2 22 26 19 48 23 34 33 21 43 14 37 49 9 40 30 24 8 13 18 7 35 15 12 28 25 1
Coste: 53032

GENERACION: 120
Mejor Solucion:  17 46 6 27 5 42 31 45 39 10 0 11 16 36 20 41 29 44 47 4 38 32 3 2 22 26 19 48 23 34 33 21 43 14 37 49 9 40 30 24 8 13 18 7 35 15 12 28 25 1
Coste: 53032

GENERACION: 121
Mejor Solucion:  17 46 6 27 5 42 31 45 39 10 0 11 16 36 20 41 29 44 47 4 38 32 3 2 22 26 19 48 23 34 33 21 43 14 37 49 9 40 30 24 8 13 18 7 35 15 12 28 25 1
Coste: 53032

GENERACION: 122
Mejor Solucion:  17 46 6 27 5 42 31 45 39 10 0 11 16 36 20 41 29 44 47 4 38 32 3 2 22 26 19 48 23 34 33 21 43 14 37 49 9 40 30 24 8 13 18 7 35 15 12 28 25 1
Coste: 53032

GENERACION: 123
Mejor Solucion:  17 46 6 27 5 42 31 45 39 10 0 11 16 36 20 41 29 44 47 4 38 32 3 2 22 26 19 48 23 34 33 21 43 14 37 49 9 40 30 24 8 13 18 7 35 15 12 28 25 1
Coste: 53032

GENERACION: 124
Mejor Solucion:  17 46 6 27 5 42 31 45 39 10 0 11 16 36 20 41 29 44 47 4 38 32 3 2 22 26 19 48 23 34 33 21 43 14 37 49 9 40 30 24 8 13 18 7 35 15 12 28 25 1
Coste: 53032

GENERACION: 125
Mejor Solucion:  17 46 6 27 5 42 31 45 39 10 0 11 16 36 20 41 29 44 47 4 38 32 3 2 22 26 19 48 23 34 33 21 43 14 37 49 9 40 30 24 8 13 18 7 35 15 12 28 25 1
Coste: 53032

GENERACION: 126
Mejor Solucion:  17 46 6 27 5 42 31 45 39 10 0 11 16 36 20 41 29 44 47 4 38 32 3 2 22 26 19 48 23 34 33 21 43 14 37 49 9 40 30 24 8 13 18 7 35 15 12 28 25 1
Coste: 53032

GENERACION: 127
Mejor Solucion:  17 46 6 27 5 42 31 45 39 10 0 11 16 36 20 41 29 44 47 4 38 32 3 2 22 26 19 48 23 34 33 21 43 14 37 49 9 40 30 24 8 13 18 7 35 15 12 28 25 1
Coste: 53032

GENERACION: 128
Mejor Solucion:  17 46 6 27 5 42 31 45 39 10 0 11 16 36 20 41 29 44 47 4 38 32 3 2 22 26 19 48 23 34 33 21 43 14 37 49 9 40 30 24 8 13 18 7 35 15 12 28 25 1
Coste: 53032

GENERACION: 129
Mejor Solucion:  17 46 6 27 5 42 31 45 39 10 0 11 16 36 20 41 29 44 47 4 38 32 3 2 22 26 19 48 23 34 33 21 43 14 37 49 9 40 30 24 8 13 18 7 35 15 12 28 25 1
Coste: 53032

GENERACION: 130
Mejor Solucion:  17 46 6 27 5 42 31 45 39 10 0 11 16 36 20 41 29 44 47 4 38 32 3 2 22 26 19 48 23 34 33 21 43 14 37 49 9 40 30 24 8 13 18 7 35 15 12 28 25 1
Coste: 53032

GENERACION: 131
Mejor Solucion:  17 46 6 27 5 42 31 45 39 10 0 11 16 36 20 41 29 44 47 4 38 32 3 2 22 26 19 48 23 34 33 21 43 14 37 49 9 40 30 24 8 13 18 7 35 15 12 28 25 1
Coste: 53032

GENERACION: 132
Mejor Solucion:  17 46 6 27 5 42 31 45 39 10 0 11 16 36 20 41 29 44 47 4 38 32 3 2 22 26 19 48 23 34 33 21 43 14 37 49 9 40 30 24 8 13 18 7 35 15 12 28 25 1
Coste: 53032

GENERACION: 133
Mejor Solucion:  17 46 6 27 5 42 31 45 39 10 0 11 16 36 20 41 29 44 47 4 38 32 3 2 22 26 19 48 23 34 33 21 43 14 37 49 9 40 30 24 8 13 18 7 35 15 12 28 25 1
Coste: 53032

GENERACION: 134
Mejor Solucion:  17 46 6 27 5 42 31 45 39 10 0 11 16 36 20 41 29 44 47 4 38 32 3 2 22 26 19 48 23 34 33 21 43 14 37 49 9 40 30 24 8 13 18 7 35 15 12 28 25 1
Coste: 53032

GENERACION: 135
Mejor Solucion:  17 46 6 27 5 42 31 45 39 10 0 11 16 36 20 41 29 44 47 4 38 32 3 2 22 26 19 48 23 34 33 21 43 14 37 49 9 40 30 24 8 13 18 7 35 15 12 28 25 1
Coste: 53032

GENERACION: 136
Mejor Solucion:  17 46 6 27 5 42 31 45 39 10 0 11 16 36 20 41 29 44 47 4 38 32 3 2 22 26 19 48 23 34 33 21 43 14 37 49 9 40 30 24 8 13 18 7 35 15 12 28 25 1
Coste: 53032

GENERACION: 137
Mejor Solucion:  17 46 6 27 5 42 31 45 39 10 0 11 16 36 20 41 29 44 47 4 38 32 3 2 22 26 19 48 23 34 33 21 43 14 37 49 9 40 30 24 8 13 18 7 35 15 12 28 25 1
Coste: 53032

GENERACION: 138
Mejor Solucion:  17 46 6 27 5 42 31 45 39 10 0 11 16 36 20 41 29 44 47 4 38 32 3 2 22 26 19 48 23 34 33 21 43 14 37 49 9 40 30 24 8 13 18 7 35 15 12 28 25 1
Coste: 53032

GENERACION: 139
Mejor Solucion:  17 46 6 27 5 42 31 45 39 10 0 11 16 36 20 41 29 44 47 4 38 32 3 2 22 26 19 48 23 34 33 21 43 14 37 49 9 40 30 24 8 13 18 7 35 15 12 28 25 1
Coste: 53032

GENERACION: 140
Mejor Solucion:  17 46 6 27 5 42 31 45 39 10 0 11 16 36 20 41 29 44 47 4 38 32 3 2 22 26 19 48 23 34 33 21 43 14 37 49 9 40 30 24 8 13 18 7 35 15 12 28 25 1
Coste: 53032

GENERACION: 141
Mejor Solucion:  17 46 6 27 5 42 31 45 39 10 0 11 16 36 20 41 29 44 47 4 38 32 3 2 22 26 19 48 23 34 33 21 43 14 37 49 9 40 30 24 8 13 18 7 35 15 12 28 25 1
Coste: 53032

GENERACION: 142
Mejor Solucion:  17 46 6 27 5 42 31 45 39 10 0 11 16 36 20 41 29 44 47 4 38 32 3 2 22 26 19 48 23 34 33 21 43 14 37 49 9 40 30 24 8 13 18 7 35 15 12 28 25 1
Coste: 53032

GENERACION: 143
Mejor Solucion:  17 46 6 27 5 42 31 45 39 10 0 11 16 36 20 41 29 44 47 4 38 32 3 2 22 26 19 48 23 34 33 21 43 14 37 49 9 40 30 24 8 13 18 7 35 15 12 28 25 1
Coste: 53032

GENERACION: 144
Mejor Solucion:  17 46 6 27 5 42 31 45 39 10 0 11 16 36 20 41 29 44 47 4 38 32 3 2 22 26 19 48 23 34 33 21 43 14 37 49 9 40 30 24 8 13 18 7 35 15 12 28 25 1
Coste: 53032

GENERACION: 145
Mejor Solucion:  17 46 6 27 5 42 31 45 39 10 0 11 16 36 20 41 29 44 47 4 38 32 3 2 22 26 19 48 23 34 33 21 43 14 37 49 9 40 30 24 8 13 18 7 35 15 12 28 25 1
Coste: 53032

GENERACION: 146
Mejor Solucion:  17 46 6 27 5 42 31 45 39 10 0 11 16 36 20 41 29 44 47 4 38 32 3 2 22 26 19 48 23 34 33 21 43 14 37 49 9 40 30 24 8 13 18 7 35 15 12 28 25 1
Coste: 53032

GENERACION: 147
Mejor Solucion:  17 46 6 27 5 42 31 45 39 10 0 11 16 36 20 41 29 44 47 4 38 32 3 2 22 26 19 48 23 34 33 21 43 14 37 49 9 40 30 24 8 13 18 7 35 15 12 28 25 1
Coste: 53032

GENERACION: 148
Mejor Solucion:  17 46 6 27 5 42 31 45 39 10 0 11 16 36 20 41 29 44 47 4 38 32 3 2 22 26 19 48 23 34 33 21 43 14 37 49 9 40 30 24 8 13 18 7 35 15 12 28 25 1
Coste: 53032

GENERACION: 149
Mejor Solucion:  17 46 6 27 5 42 31 45 39 10 0 11 16 36 20 41 29 44 47 4 38 32 3 2 22 26 19 48 23 34 33 21 43 14 37 49 9 40 30 24 8 13 18 7 35 15 12 28 25 1
Coste: 53032

GENERACION: 150
Mejor Solucion:  17 46 6 27 5 42 31 45 39 10 0 11 16 36 20 41 29 44 47 4 38 32 3 2 22 26 19 48 23 34 33 21 43 14 37 49 9 40 30 24 8 13 18 7 35 15 12 28 25 1
Coste: 53032

GENERACION: 151
Mejor Solucion:  17 46 6 27 5 42 31 45 39 10 0 11 16 36 20 41 29 44 47 4 38 32 3 2 22 26 19 48 23 34 33 21 43 14 37 49 9 40 30 24 8 13 18 7 35 15 12 28 25 1
Coste: 53032

GENERACION: 152
Mejor Solucion:  17 46 6 27 5 42 31 45 39 10 0 11 16 36 20 41 29 44 47 4 38 32 3 2 22 26 19 48 23 34 33 21 43 14 37 49 9 40 30 24 8 13 18 7 35 15 12 28 25 1
Coste: 53032

GENERACION: 153
Mejor Solucion:  17 46 6 27 5 42 31 45 39 10 0 11 16 36 20 41 29 44 47 4 38 32 3 2 22 26 19 48 23 34 33 21 43 14 37 49 9 40 30 24 8 13 18 7 35 15 12 28 25 1
Coste: 53032

GENERACION: 154
Mejor Solucion:  17 46 6 27 5 42 31 45 39 10 0 11 16 36 20 41 29 44 47 4 38 32 3 2 22 26 19 48 23 34 33 21 43 14 37 49 9 40 30 24 8 13 18 7 35 15 12 28 25 1
Coste: 53032

GENERACION: 155
Mejor Solucion:  17 46 6 27 5 42 31 45 39 10 0 11 16 36 20 41 29 44 47 4 38 32 3 2 22 26 19 48 23 34 33 21 43 14 37 49 9 40 30 24 8 13 18 7 35 15 12 28 25 1
Coste: 53032

GENERACION: 156
Mejor Solucion:  17 46 6 27 5 42 31 45 39 10 0 11 16 36 20 41 29 44 47 4 38 32 3 2 22 26 19 48 23 34 33 21 43 14 37 49 9 40 30 24 8 13 18 7 35 15 12 28 25 1
Coste: 53032

GENERACION: 157
Mejor Solucion:  17 46 6 27 5 42 31 45 39 10 0 11 16 36 20 41 29 44 47 4 38 32 3 2 22 26 19 48 23 34 33 21 43 14 37 49 9 40 30 24 8 13 18 7 35 15 12 28 25 1
Coste: 53032

GENERACION: 158
Mejor Solucion:  17 46 6 27 5 42 31 45 39 10 0 11 16 36 20 41 29 44 47 4 38 32 3 2 22 26 19 48 23 34 33 21 43 14 37 49 9 40 30 24 8 13 18 7 35 15 12 28 25 1
Coste: 53032

GENERACION: 159
Mejor Solucion:  17 46 6 27 5 42 31 45 39 10 0 11 16 36 20 41 29 44 47 4 38 32 3 2 22 26 19 48 23 34 33 21 43 14 37 49 9 40 30 24 8 13 18 7 35 15 12 28 25 1
Coste: 53032

GENERACION: 160
Mejor Solucion:  17 46 6 27 5 42 31 45 39 10 0 11 16 36 20 41 29 44 47 4 38 32 3 2 22 26 19 48 23 34 33 21 43 14 37 49 9 40 30 24 8 13 18 7 35 15 12 28 25 1
Coste: 53032

GENERACION: 161
Mejor Solucion:  17 46 6 27 5 42 31 45 39 10 0 11 16 36 20 41 29 44 47 4 38 32 3 2 22 26 19 48 23 34 33 21 43 14 37 49 9 40 30 24 8 13 18 7 35 15 12 28 25 1
Coste: 53032

GENERACION: 162
Mejor Solucion:  17 46 6 27 5 42 31 45 39 10 0 11 16 36 20 41 29 44 47 4 38 32 3 2 22 26 19 48 23 34 33 21 43 14 37 49 9 40 30 24 8 13 18 7 35 15 12 28 25 1
Coste: 53032

GENERACION: 163
Mejor Solucion:  17 46 6 27 5 42 31 45 39 10 0 11 16 36 20 41 29 44 47 4 38 32 3 2 22 26 19 48 23 34 33 21 43 14 37 49 9 40 30 24 8 13 18 7 35 15 12 28 25 1
Coste: 53032

GENERACION: 164
Mejor Solucion:  17 46 6 27 5 42 31 45 39 10 0 11 16 36 20 41 29 44 47 4 38 32 3 2 22 26 19 48 23 34 33 21 43 14 37 49 9 40 30 24 8 13 18 7 35 15 12 28 25 1
Coste: 53032

GENERACION: 165
Mejor Solucion:  17 46 6 27 5 42 31 45 39 10 0 11 16 36 20 41 29 44 47 4 38 32 3 2 22 26 19 48 23 34 33 21 43 14 37 49 9 40 30 24 8 13 18 7 35 15 12 28 25 1
Coste: 53032

GENERACION: 166
Mejor Solucion:  17 46 6 27 5 42 31 45 39 10 0 11 16 36 20 41 29 44 47 4 38 32 3 2 22 26 19 48 23 34 33 21 43 14 37 49 9 40 30 24 8 13 18 7 35 15 12 28 25 1
Coste: 53032

GENERACION: 167
Mejor Solucion:  17 46 6 27 5 42 31 45 39 10 0 11 16 36 20 41 29 44 47 4 38 32 3 2 22 26 19 48 23 34 33 21 43 14 37 49 9 40 30 24 8 13 18 7 35 15 12 28 25 1
Coste: 53032

GENERACION: 168
Mejor Solucion:  17 46 6 27 5 42 31 45 39 10 0 11 16 36 20 41 29 44 47 4 38 32 3 2 22 26 19 48 23 34 33 21 43 14 37 49 9 40 30 24 8 13 18 7 35 15 12 28 25 1
Coste: 53032

GENERACION: 169
Mejor Solucion:  17 46 6 27 5 42 31 45 39 10 0 11 16 36 20 41 29 44 47 4 38 32 3 2 22 26 19 48 23 34 33 21 43 14 37 49 9 40 30 24 8 13 18 7 35 15 12 28 25 1
Coste: 53032

GENERACION: 170
Mejor Solucion:  17 46 6 27 5 42 31 45 39 10 0 11 16 36 20 41 29 44 47 4 38 32 3 2 22 26 19 48 23 34 33 21 43 14 37 49 9 40 30 24 8 13 18 7 35 15 12 28 25 1
Coste: 53032

GENERACION: 171
Mejor Solucion:  17 46 6 27 5 42 31 45 39 10 0 11 16 36 20 41 29 44 47 4 38 32 3 2 22 26 19 48 23 34 33 21 43 14 37 49 9 40 30 24 8 13 18 7 35 15 12 28 25 1
Coste: 53032

GENERACION: 172
Mejor Solucion:  17 46 6 27 5 42 31 45 39 10 0 11 16 36 20 41 29 44 47 4 38 32 3 2 22 26 19 48 23 34 33 21 43 14 37 49 9 40 30 24 8 13 18 7 35 15 12 28 25 1
Coste: 53032

GENERACION: 173
Mejor Solucion:  17 46 6 27 5 42 31 45 39 10 0 11 16 36 20 41 29 44 47 4 38 32 3 2 22 26 19 48 23 34 33 21 43 14 37 49 9 40 30 24 8 13 18 7 35 15 12 28 25 1
Coste: 53032

GENERACION: 174
Mejor Solucion:  17 46 6 27 5 42 31 45 39 10 0 11 16 36 20 41 29 44 47 4 38 32 3 2 22 26 19 48 23 34 33 21 43 14 37 49 9 40 30 24 8 13 18 7 35 15 12 28 25 1
Coste: 53032

GENERACION: 175
Mejor Solucion:  17 46 6 27 5 42 31 45 39 10 0 11 16 36 20 41 29 44 47 4 38 32 3 2 22 26 19 48 23 34 33 21 43 14 37 49 9 40 30 24 8 13 18 7 35 15 12 28 25 1
Coste: 53032

GENERACION: 176
Mejor Solucion:  17 46 6 27 5 42 31 45 39 10 0 11 16 36 20 41 29 44 47 4 38 32 3 2 22 26 19 48 23 34 33 21 43 14 37 49 9 40 30 24 8 13 18 7 35 15 12 28 25 1
Coste: 53032

GENERACION: 177
Mejor Solucion:  17 46 6 27 5 42 31 45 39 10 0 11 16 36 20 41 29 44 47 4 38 32 3 2 22 26 19 48 23 34 33 21 43 14 37 49 9 40 30 24 8 13 18 7 35 15 12 28 25 1
Coste: 53032

GENERACION: 178
Mejor Solucion:  17 46 6 27 5 42 31 45 39 10 0 11 16 36 20 41 29 44 47 4 38 32 3 2 22 26 19 48 23 34 33 21 43 14 37 49 9 40 30 24 8 13 18 7 35 15 12 28 25 1
Coste: 53032

GENERACION: 179
Mejor Solucion:  17 46 6 27 5 42 31 45 39 10 0 11 16 36 20 41 29 44 47 4 38 32 3 2 22 26 19 48 23 34 33 21 43 14 37 49 9 40 30 24 8 13 18 7 35 15 12 28 25 1
Coste: 53032

GENERACION: 180
Mejor Solucion:  17 46 6 27 5 42 31 45 39 10 0 11 16 36 20 41 29 44 47 4 38 32 3 2 22 26 19 48 23 34 33 21 43 14 37 49 9 40 30 24 8 13 18 7 35 15 12 28 25 1
Coste: 53032

GENERACION: 181
Mejor Solucion:  17 46 6 27 5 42 31 45 39 10 0 11 16 36 20 41 29 44 47 4 38 32 3 2 22 26 19 48 23 34 33 21 43 14 37 49 9 40 30 24 8 13 18 7 35 15 12 28 25 1
Coste: 53032

GENERACION: 182
Mejor Solucion:  17 46 6 27 5 42 31 45 39 10 0 11 16 36 20 41 29 44 47 4 38 32 3 2 22 26 19 48 23 34 33 21 43 14 37 49 9 40 30 24 8 13 18 7 35 15 12 28 25 1
Coste: 53032

GENERACION: 183
Mejor Solucion:  17 46 6 27 5 42 31 45 39 10 0 11 16 36 20 41 29 44 47 4 38 32 3 2 22 26 19 48 23 34 33 21 43 14 37 49 9 40 30 24 8 13 18 7 35 15 12 28 25 1
Coste: 53032

GENERACION: 184
Mejor Solucion:  17 46 6 27 5 42 31 45 39 10 0 11 16 36 20 41 29 44 47 4 38 32 3 2 22 26 19 48 23 34 33 21 43 14 37 49 9 40 30 24 8 13 18 7 35 15 12 28 25 1
Coste: 53032

GENERACION: 185
Mejor Solucion:  17 46 6 27 5 42 31 45 39 10 0 11 16 36 20 41 29 44 47 4 38 32 3 2 22 26 19 48 23 34 33 21 43 14 37 49 9 40 30 24 8 13 18 7 35 15 12 28 25 1
Coste: 53032

GENERACION: 186
Mejor Solucion:  17 46 6 27 5 42 31 45 39 10 0 11 16 36 20 41 29 44 47 4 38 32 3 2 22 26 19 48 23 34 33 21 43 14 37 49 9 40 30 24 8 13 18 7 35 15 12 28 25 1
Coste: 53032

GENERACION: 187
Mejor Solucion:  17 46 6 27 5 42 31 45 39 10 0 11 16 36 20 41 29 44 47 4 38 32 3 2 22 26 19 48 23 34 33 21 43 14 37 49 9 40 30 24 8 13 18 7 35 15 12 28 25 1
Coste: 53032

GENERACION: 188
Mejor Solucion:  17 46 6 27 5 42 31 45 39 10 0 11 16 36 20 41 29 44 47 4 38 32 3 2 22 26 19 48 23 34 33 21 43 14 37 49 9 40 30 24 8 13 18 7 35 15 12 28 25 1
Coste: 53032

GENERACION: 189
Mejor Solucion:  17 46 6 27 5 42 31 45 39 10 0 11 16 36 20 41 29 44 47 4 38 32 3 2 22 26 19 48 23 34 33 21 43 14 37 49 9 40 30 24 8 13 18 7 35 15 12 28 25 1
Coste: 53032

GENERACION: 190
Mejor Solucion:  17 46 6 27 5 42 31 45 39 10 0 11 16 36 20 41 29 44 47 4 38 32 3 2 22 26 19 48 23 34 33 21 43 14 37 49 9 40 30 24 8 13 18 7 35 15 12 28 25 1
Coste: 53032

GENERACION: 191
Mejor Solucion:  17 46 6 27 5 42 31 45 39 10 0 11 16 36 20 41 29 44 47 4 38 32 3 2 22 26 19 48 23 34 33 21 43 14 37 49 9 40 30 24 8 13 18 7 35 15 12 28 25 1
Coste: 53032

GENERACION: 192
Mejor Solucion:  17 46 6 27 5 42 31 45 39 10 0 11 16 36 20 41 29 44 47 4 38 32 3 2 22 26 19 48 23 34 33 21 43 14 37 49 9 40 30 24 8 13 18 7 35 15 12 28 25 1
Coste: 53032

GENERACION: 193
Mejor Solucion:  17 46 6 27 5 42 31 45 39 10 0 11 16 36 20 41 29 44 47 4 38 32 3 2 22 26 19 48 23 34 33 21 43 14 37 49 9 40 30 24 8 13 18 7 35 15 12 28 25 1
Coste: 53032

GENERACION: 194
Mejor Solucion:  17 46 6 27 5 42 31 45 39 10 0 11 16 36 20 41 29 44 47 4 38 32 3 2 22 26 19 48 23 34 33 21 43 14 37 49 9 40 30 24 8 13 18 7 35 15 12 28 25 1
Coste: 53032

GENERACION: 195
Mejor Solucion:  17 46 6 27 5 42 31 45 39 10 0 11 16 36 20 41 29 44 47 4 38 32 3 2 22 26 19 48 23 34 33 21 43 14 37 49 9 40 30 24 8 13 18 7 35 15 12 28 25 1
Coste: 53032

GENERACION: 196
Mejor Solucion:  17 46 6 27 5 42 31 45 39 10 0 11 16 36 20 41 29 44 47 4 38 32 3 2 22 26 19 48 23 34 33 21 43 14 37 49 9 40 30 24 8 13 18 7 35 15 12 28 25 1
Coste: 53032

GENERACION: 197
Mejor Solucion:  17 46 6 27 5 42 31 45 39 10 0 11 16 36 20 41 29 44 47 4 38 32 3 2 22 26 19 48 23 34 33 21 43 14 37 49 9 40 30 24 8 13 18 7 35 15 12 28 25 1
Coste: 53032

GENERACION: 198
Mejor Solucion:  17 46 6 27 5 42 31 45 39 10 0 11 16 36 20 41 29 44 47 4 38 32 3 2 22 26 19 48 23 34 33 21 43 14 37 49 9 40 30 24 8 13 18 7 35 15 12 28 25 1
Coste: 53032

GENERACION: 199
Mejor Solucion:  17 46 6 27 5 42 31 45 39 10 0 11 16 36 20 41 29 44 47 4 38 32 3 2 22 26 19 48 23 34 33 21 43 14 37 49 9 40 30 24 8 13 18 7 35 15 12 28 25 1
Coste: 53032

GENERACION: 200
Mejor Solucion:  17 46 6 27 5 42 31 45 39 10 0 11 16 36 20 41 29 44 47 4 38 32 3 2 22 26 19 48 23 34 33 21 43 14 37 49 9 40 30 24 8 13 18 7 35 15 12 28 25 1
Coste: 53032

GENERACION: 201
Mejor Solucion:  17 46 6 27 5 42 31 45 39 10 0 11 16 36 20 41 29 44 47 4 38 32 3 2 22 26 19 48 23 34 33 21 43 14 37 49 9 40 30 24 8 13 18 7 35 15 12 28 25 1
Coste: 53032

GENERACION: 202
Mejor Solucion:  17 46 6 27 5 42 31 45 39 10 0 11 16 36 20 41 29 44 47 4 38 32 3 2 22 26 19 48 23 34 33 21 43 14 37 49 9 40 30 24 8 13 18 7 35 15 12 28 25 1
Coste: 53032

GENERACION: 203
Mejor Solucion:  17 46 6 27 5 42 31 45 39 10 0 11 16 36 20 41 29 44 47 4 38 32 3 2 22 26 19 48 23 34 33 21 43 14 37 49 9 40 30 24 8 13 18 7 35 15 12 28 25 1
Coste: 53032

GENERACION: 204
Mejor Solucion:  17 46 6 27 5 42 31 45 39 10 0 11 16 36 20 41 29 44 47 4 38 32 3 2 22 26 19 48 23 34 33 21 43 14 37 49 9 40 30 24 8 13 18 7 35 15 12 28 25 1
Coste: 53032

GENERACION: 205
Mejor Solucion:  17 46 6 27 5 42 31 45 39 10 0 11 16 36 20 41 29 44 47 4 38 32 3 2 22 26 19 48 23 34 33 21 43 14 37 49 9 40 30 24 8 13 18 7 35 15 12 28 25 1
Coste: 53032

GENERACION: 206
Mejor Solucion:  17 46 6 27 5 42 31 45 39 10 0 11 16 36 20 41 29 44 47 4 38 32 3 2 22 26 19 48 23 34 33 21 43 14 37 49 9 40 30 24 8 13 18 7 35 15 12 28 25 1
Coste: 53032

GENERACION: 207
Mejor Solucion:  17 46 6 27 5 42 31 45 39 10 0 11 16 36 20 41 29 44 47 4 38 32 3 2 22 26 19 48 23 34 33 21 43 14 37 49 9 40 30 24 8 13 18 7 35 15 12 28 25 1
Coste: 53032

GENERACION: 208
Mejor Solucion:  17 46 6 27 5 42 31 45 39 10 0 11 16 36 20 41 29 44 47 4 38 32 3 2 22 26 19 48 23 34 33 21 43 14 37 49 9 40 30 24 8 13 18 7 35 15 12 28 25 1
Coste: 53032

GENERACION: 209
Mejor Solucion:  17 46 6 27 5 42 31 45 39 10 0 11 16 36 20 41 29 44 47 4 38 32 3 2 22 26 19 48 23 34 33 21 43 14 37 49 9 40 30 24 8 13 18 7 35 15 12 28 25 1
Coste: 53032

GENERACION: 210
Mejor Solucion:  17 46 6 27 5 42 31 45 39 10 0 11 16 36 20 41 29 44 47 4 38 32 3 2 22 26 19 48 23 34 33 21 43 14 37 49 9 40 30 24 8 13 18 7 35 15 12 28 25 1
Coste: 53032

GENERACION: 211
Mejor Solucion:  17 46 6 27 5 42 31 45 39 10 0 11 16 36 20 41 29 44 47 4 38 32 3 2 22 26 19 48 23 34 33 21 43 14 37 49 9 40 30 24 8 13 18 7 35 15 12 28 25 1
Coste: 53032

GENERACION: 212
Mejor Solucion:  17 46 6 27 5 42 31 45 39 10 0 11 16 36 20 41 29 44 47 4 38 32 3 2 22 26 19 48 23 34 33 21 43 14 37 49 9 40 30 24 8 13 18 7 35 15 12 28 25 1
Coste: 53032

GENERACION: 213
Mejor Solucion:  17 46 6 27 5 42 31 45 39 10 0 11 16 36 20 41 29 44 47 4 38 32 3 2 22 26 19 48 23 34 33 21 43 14 37 49 9 40 30 24 8 13 18 7 35 15 12 28 25 1
Coste: 53032

GENERACION: 214
Mejor Solucion:  17 46 6 27 5 42 31 45 39 10 0 11 16 36 20 41 29 44 47 4 38 32 3 2 22 26 19 48 23 34 33 21 43 14 37 49 9 40 30 24 8 13 18 7 35 15 12 28 25 1
Coste: 53032

GENERACION: 215
Mejor Solucion:  17 46 6 27 5 42 31 45 39 10 0 11 16 36 20 41 29 44 47 4 38 32 3 2 22 26 19 48 23 34 33 21 43 14 37 49 9 40 30 24 8 13 18 7 35 15 12 28 25 1
Coste: 53032

GENERACION: 216
Mejor Solucion:  17 46 6 27 5 42 31 45 39 10 0 11 16 36 20 41 29 44 47 4 38 32 3 2 22 26 19 48 23 34 33 21 43 14 37 49 9 40 30 24 8 13 18 7 35 15 12 28 25 1
Coste: 53032

GENERACION: 217
Mejor Solucion:  17 46 6 27 5 42 31 45 39 10 0 11 16 36 20 41 29 44 47 4 38 32 3 2 22 26 19 48 23 34 33 21 43 14 37 49 9 40 30 24 8 13 18 7 35 15 12 28 25 1
Coste: 53032

GENERACION: 218
Mejor Solucion:  17 46 6 27 5 42 31 45 39 10 0 11 16 36 20 41 29 44 47 4 38 32 3 2 22 26 19 48 23 34 33 21 43 14 37 49 9 40 30 24 8 13 18 7 35 15 12 28 25 1
Coste: 53032

GENERACION: 219
Mejor Solucion:  17 46 6 27 5 42 31 45 39 10 0 11 16 36 20 41 29 44 47 4 38 32 3 2 22 26 19 48 23 34 33 21 43 14 37 49 9 40 30 24 8 13 18 7 35 15 12 28 25 1
Coste: 53032

GENERACION: 220
Mejor Solucion:  17 46 6 27 5 42 31 45 39 10 0 11 16 36 20 41 29 44 47 4 38 32 3 2 22 26 19 48 23 34 33 21 43 14 37 49 9 40 30 24 8 13 18 7 35 15 12 28 25 1
Coste: 53032

GENERACION: 221
Mejor Solucion:  17 46 6 27 5 42 31 45 39 10 0 11 16 36 20 41 29 44 47 4 38 32 3 2 22 26 19 48 23 34 33 21 43 14 37 49 9 40 30 24 8 13 18 7 35 15 12 28 25 1
Coste: 53032

GENERACION: 222
Mejor Solucion:  17 46 6 27 5 42 31 45 39 10 0 11 16 36 20 41 29 44 47 4 38 32 3 2 22 26 19 48 23 34 33 21 43 14 37 49 9 40 30 24 8 13 18 7 35 15 12 28 25 1
Coste: 53032

GENERACION: 223
Mejor Solucion:  17 46 6 27 5 42 31 45 39 10 0 11 16 36 20 41 29 44 47 4 38 32 3 2 22 26 19 48 23 34 33 21 43 14 37 49 9 40 30 24 8 13 18 7 35 15 12 28 25 1
Coste: 53032

GENERACION: 224
Mejor Solucion:  17 46 6 27 5 42 31 45 39 10 0 11 16 36 20 41 29 44 47 4 38 32 3 2 22 26 19 48 23 34 33 21 43 14 37 49 9 40 30 24 8 13 18 7 35 15 12 28 25 1
Coste: 53032

GENERACION: 225
Mejor Solucion:  17 46 6 27 5 42 31 45 39 10 0 11 16 36 20 41 29 44 47 4 38 32 3 2 22 26 19 48 23 34 33 21 43 14 37 49 9 40 30 24 8 13 18 7 35 15 12 28 25 1
Coste: 53032

GENERACION: 226
Mejor Solucion:  17 46 6 27 5 42 31 45 39 10 0 11 16 36 20 41 29 44 47 4 38 32 3 2 22 26 19 48 23 34 33 21 43 14 37 49 9 40 30 24 8 13 18 7 35 15 12 28 25 1
Coste: 53032

GENERACION: 227
Mejor Solucion:  17 46 6 27 5 42 31 45 39 10 0 11 16 36 20 41 29 44 47 4 38 32 3 2 22 26 19 48 23 34 33 21 43 14 37 49 9 40 30 24 8 13 18 7 35 15 12 28 25 1
Coste: 53032

GENERACION: 228
Mejor Solucion:  17 46 6 27 5 42 31 45 39 10 0 11 16 36 20 41 29 44 47 4 38 32 3 2 22 26 19 48 23 34 33 21 43 14 37 49 9 40 30 24 8 13 18 7 35 15 12 28 25 1
Coste: 53032

GENERACION: 229
Mejor Solucion:  17 46 6 27 5 42 31 45 39 10 0 11 16 36 20 41 29 44 47 4 38 32 3 2 22 26 19 48 23 34 33 21 43 14 37 49 9 40 30 24 8 13 18 7 35 15 12 28 25 1
Coste: 53032

GENERACION: 230
Mejor Solucion:  17 46 6 27 5 42 31 45 39 10 0 11 16 36 20 41 29 44 47 4 38 32 3 2 22 26 19 48 23 34 33 21 43 14 37 49 9 40 30 24 8 13 18 7 35 15 12 28 25 1
Coste: 53032

GENERACION: 231
Mejor Solucion:  17 46 6 27 5 42 31 45 39 10 0 11 16 36 20 41 29 44 47 4 38 32 3 2 22 26 19 48 23 34 33 21 43 14 37 49 9 40 30 24 8 13 18 7 35 15 12 28 25 1
Coste: 53032

GENERACION: 232
Mejor Solucion:  17 46 6 27 5 42 31 45 39 10 0 11 16 36 20 41 29 44 47 4 38 32 3 2 22 26 19 48 23 34 33 21 43 14 37 49 9 40 30 24 8 13 18 7 35 15 12 28 25 1
Coste: 53032

GENERACION: 233
Mejor Solucion:  17 46 6 27 5 42 31 45 39 10 0 11 16 36 20 41 29 44 47 4 38 32 3 2 22 26 19 48 23 34 33 21 43 14 37 49 9 40 30 24 8 13 18 7 35 15 12 28 25 1
Coste: 53032

GENERACION: 234
Mejor Solucion:  17 46 6 27 5 42 31 45 39 10 0 11 16 36 20 41 29 44 47 4 38 32 3 2 22 26 19 48 23 34 33 21 43 14 37 49 9 40 30 24 8 13 18 7 35 15 12 28 25 1
Coste: 53032

GENERACION: 235
Mejor Solucion:  17 46 6 27 5 42 31 45 39 10 0 11 16 36 20 41 29 44 47 4 38 32 3 2 22 26 19 48 23 34 33 21 43 14 37 49 9 40 30 24 8 13 18 7 35 15 12 28 25 1
Coste: 53032

GENERACION: 236
Mejor Solucion:  17 46 6 27 5 42 31 45 39 10 0 11 16 36 20 41 29 44 47 4 38 32 3 2 22 26 19 48 23 34 33 21 43 14 37 49 9 40 30 24 8 13 18 7 35 15 12 28 25 1
Coste: 53032

GENERACION: 237
Mejor Solucion:  17 46 6 27 5 42 31 45 39 10 0 11 16 36 20 41 29 44 47 4 38 32 3 2 22 26 19 48 23 34 33 21 43 14 37 49 9 40 30 24 8 13 18 7 35 15 12 28 25 1
Coste: 53032

GENERACION: 238
Mejor Solucion:  17 46 6 27 5 42 31 45 39 10 0 11 16 36 20 41 29 44 47 4 38 32 3 2 22 26 19 48 23 34 33 21 43 14 37 49 9 40 30 24 8 13 18 7 35 15 12 28 25 1
Coste: 53032

GENERACION: 239
Mejor Solucion:  17 46 6 27 5 42 31 45 39 10 0 11 16 36 20 41 29 44 47 4 38 32 3 2 22 26 19 48 23 34 33 21 43 14 37 49 9 40 30 24 8 13 18 7 35 15 12 28 25 1
Coste: 53032

GENERACION: 240
Mejor Solucion:  17 46 6 27 5 42 31 45 39 10 0 11 16 36 20 41 29 44 47 4 38 32 3 2 22 26 19 48 23 34 33 21 43 14 37 49 9 40 30 24 8 13 18 7 35 15 12 28 25 1
Coste: 53032

GENERACION: 241
Mejor Solucion:  17 46 6 27 5 42 31 45 39 10 0 11 16 36 20 41 29 44 47 4 38 32 3 2 22 26 19 48 23 34 33 21 43 14 37 49 9 40 30 24 8 13 18 7 35 15 12 28 25 1
Coste: 53032

GENERACION: 242
Mejor Solucion:  17 46 6 27 5 42 31 45 39 10 0 11 16 36 20 41 29 44 47 4 38 32 3 2 22 26 19 48 23 34 33 21 43 14 37 49 9 40 30 24 8 13 18 7 35 15 12 28 25 1
Coste: 53032

GENERACION: 243
Mejor Solucion:  17 46 6 27 5 42 31 45 39 10 0 11 16 36 20 41 29 44 47 4 38 32 3 2 22 26 19 48 23 34 33 21 43 14 37 49 9 40 30 24 8 13 18 7 35 15 12 28 25 1
Coste: 53032

GENERACION: 244
Mejor Solucion:  17 46 6 27 5 42 31 45 39 10 0 11 16 36 20 41 29 44 47 4 38 32 3 2 22 26 19 48 23 34 33 21 43 14 37 49 9 40 30 24 8 13 18 7 35 15 12 28 25 1
Coste: 53032

GENERACION: 245
Mejor Solucion:  17 46 6 27 5 42 31 45 39 10 0 11 16 36 20 41 29 44 47 4 38 32 3 2 22 26 19 48 23 34 33 21 43 14 37 49 9 40 30 24 8 13 18 7 35 15 12 28 25 1
Coste: 53032

GENERACION: 246
Mejor Solucion:  17 46 6 27 5 42 31 45 39 10 0 11 16 36 20 41 29 44 47 4 38 32 3 2 22 26 19 48 23 34 33 21 43 14 37 49 9 40 30 24 8 13 18 7 35 15 12 28 25 1
Coste: 53032

GENERACION: 247
Mejor Solucion:  17 46 6 27 5 42 31 45 39 10 0 11 16 36 20 41 29 44 47 4 38 32 3 2 22 26 19 48 23 34 33 21 43 14 37 49 9 40 30 24 8 13 18 7 35 15 12 28 25 1
Coste: 53032

GENERACION: 248
Mejor Solucion:  17 46 6 27 5 42 31 45 39 10 0 11 16 36 20 41 29 44 47 4 38 32 3 2 22 26 19 48 23 34 33 21 43 14 37 49 9 40 30 24 8 13 18 7 35 15 12 28 25 1
Coste: 53032

GENERACION: 249
Mejor Solucion:  17 46 6 27 5 42 31 45 39 10 0 11 16 36 20 41 29 44 47 4 38 32 3 2 22 26 19 48 23 34 33 21 43 14 37 49 9 40 30 24 8 13 18 7 35 15 12 28 25 1
Coste: 53032

GENERACION: 250
Mejor Solucion:  17 46 6 27 5 42 31 45 39 10 0 11 16 36 20 41 29 44 47 4 38 32 3 2 22 26 19 48 23 34 33 21 43 14 37 49 9 40 30 24 8 13 18 7 35 15 12 28 25 1
Coste: 53032

GENERACION: 251
Mejor Solucion:  17 46 6 27 5 42 31 45 39 10 0 11 16 36 20 41 29 44 47 4 38 32 3 2 22 26 19 48 23 34 33 21 43 14 37 49 9 40 30 24 8 13 18 7 35 15 12 28 25 1
Coste: 53032

GENERACION: 252
Mejor Solucion:  17 46 6 27 5 42 31 45 39 10 0 11 16 36 20 41 29 44 47 4 38 32 3 2 22 26 19 48 23 34 33 21 43 14 37 49 9 40 30 24 8 13 18 7 35 15 12 28 25 1
Coste: 53032

GENERACION: 253
Mejor Solucion:  17 46 6 27 5 42 31 45 39 10 0 11 16 36 20 41 29 44 47 4 38 32 3 2 22 26 19 48 23 34 33 21 43 14 37 49 9 40 30 24 8 13 18 7 35 15 12 28 25 1
Coste: 53032

GENERACION: 254
Mejor Solucion:  17 46 6 27 5 42 31 45 39 10 0 11 16 36 20 41 29 44 47 4 38 32 3 2 22 26 19 48 23 34 33 21 43 14 37 49 9 40 30 24 8 13 18 7 35 15 12 28 25 1
Coste: 53032

GENERACION: 255
Mejor Solucion:  17 46 6 27 5 42 31 45 39 10 0 11 16 36 20 41 29 44 47 4 38 32 3 2 22 26 19 48 23 34 33 21 43 14 37 49 9 40 30 24 8 13 18 7 35 15 12 28 25 1
Coste: 53032

GENERACION: 256
Mejor Solucion:  17 46 6 27 5 42 31 45 39 10 0 11 16 36 20 41 29 44 47 4 38 32 3 2 22 26 19 48 23 34 33 21 43 14 37 49 9 40 30 24 8 13 18 7 35 15 12 28 25 1
Coste: 53032

GENERACION: 257
Mejor Solucion:  17 46 6 27 5 42 31 45 39 10 0 11 16 36 20 41 29 44 47 4 38 32 3 2 22 26 19 48 23 34 33 21 43 14 37 49 9 40 30 24 8 13 18 7 35 15 12 28 25 1
Coste: 53032

GENERACION: 258
Mejor Solucion:  17 46 6 27 5 42 31 45 39 10 0 11 16 36 20 41 29 44 47 4 38 32 3 2 22 26 19 48 23 34 33 21 43 14 37 49 9 40 30 24 8 13 18 7 35 15 12 28 25 1
Coste: 53032

GENERACION: 259
Mejor Solucion:  17 46 6 27 5 42 31 45 39 10 0 11 16 36 20 41 29 44 47 4 38 32 3 2 22 26 19 48 23 34 33 21 43 14 37 49 9 40 30 24 8 13 18 7 35 15 12 28 25 1
Coste: 53032

GENERACION: 260
Mejor Solucion:  17 46 6 27 5 42 31 45 39 10 0 11 16 36 20 41 29 44 47 4 38 32 3 2 22 26 19 48 23 34 33 21 43 14 37 49 9 40 30 24 8 13 18 7 35 15 12 28 25 1
Coste: 53032

GENERACION: 261
Mejor Solucion:  17 46 6 27 5 42 31 45 39 10 0 11 16 36 20 41 29 44 47 4 38 32 3 2 22 26 19 48 23 34 33 21 43 14 37 49 9 40 30 24 8 13 18 7 35 15 12 28 25 1
Coste: 53032

GENERACION: 262
Mejor Solucion:  17 46 6 27 5 42 31 45 39 10 0 11 16 36 20 41 29 44 47 4 38 32 3 2 22 26 19 48 23 34 33 21 43 14 37 49 9 40 30 24 8 13 18 7 35 15 12 28 25 1
Coste: 53032

GENERACION: 263
Mejor Solucion:  17 46 6 27 5 42 31 45 39 10 0 11 16 36 20 41 29 44 47 4 38 32 3 2 22 26 19 48 23 34 33 21 43 14 37 49 9 40 30 24 8 13 18 7 35 15 12 28 25 1
Coste: 53032

GENERACION: 264
Mejor Solucion:  17 46 6 27 5 42 31 45 39 10 0 11 16 36 20 41 29 44 47 4 38 32 3 2 22 26 19 48 23 34 33 21 43 14 37 49 9 40 30 24 8 13 18 7 35 15 12 28 25 1
Coste: 53032

GENERACION: 265
Mejor Solucion:  17 46 6 27 5 42 31 45 39 10 0 11 16 36 20 41 29 44 47 4 38 32 3 2 22 26 19 48 23 34 33 21 43 14 37 49 9 40 30 24 8 13 18 7 35 15 12 28 25 1
Coste: 53032

GENERACION: 266
Mejor Solucion:  17 46 6 27 5 42 31 45 39 10 0 11 16 36 20 41 29 44 47 4 38 32 3 2 22 26 19 48 23 34 33 21 43 14 37 49 9 40 30 24 8 13 18 7 35 15 12 28 25 1
Coste: 53032

GENERACION: 267
Mejor Solucion:  17 46 6 27 5 42 31 45 39 10 0 11 16 36 20 41 29 44 47 4 38 32 3 2 22 26 19 48 23 34 33 21 43 14 37 49 9 40 30 24 8 13 18 7 35 15 12 28 25 1
Coste: 53032

GENERACION: 268
Mejor Solucion:  17 46 6 27 5 42 31 45 39 10 0 11 16 36 20 41 29 44 47 4 38 32 3 2 22 26 19 48 23 34 33 21 43 14 37 49 9 40 30 24 8 13 18 7 35 15 12 28 25 1
Coste: 53032

GENERACION: 269
Mejor Solucion:  17 46 6 27 5 42 31 45 39 10 0 11 16 36 20 41 29 44 47 4 38 32 3 2 22 26 19 48 23 34 33 21 43 14 37 49 9 40 30 24 8 13 18 7 35 15 12 28 25 1
Coste: 53032

GENERACION: 270
Mejor Solucion:  17 46 6 27 5 42 31 45 39 10 0 11 16 36 20 41 29 44 47 4 38 32 3 2 22 26 19 48 23 34 33 21 43 14 37 49 9 40 30 24 8 13 18 7 35 15 12 28 25 1
Coste: 53032

GENERACION: 271
Mejor Solucion:  17 46 6 27 5 42 31 45 39 10 0 11 16 36 20 41 29 44 47 4 38 32 3 2 22 26 19 48 23 34 33 21 43 14 37 49 9 40 30 24 8 13 18 7 35 15 12 28 25 1
Coste: 53032

GENERACION: 272
Mejor Solucion:  17 46 6 27 5 42 31 45 39 10 0 11 16 36 20 41 29 44 47 4 38 32 3 2 22 26 19 48 23 34 33 21 43 14 37 49 9 40 30 24 8 13 18 7 35 15 12 28 25 1
Coste: 53032

GENERACION: 273
Mejor Solucion:  17 46 6 27 5 42 31 45 39 10 0 11 16 36 20 41 29 44 47 4 38 32 3 2 22 26 19 48 23 34 33 21 43 14 37 49 9 40 30 24 8 13 18 7 35 15 12 28 25 1
Coste: 53032

GENERACION: 274
Mejor Solucion:  17 46 6 27 5 42 31 45 39 10 0 11 16 36 20 41 29 44 47 4 38 32 3 2 22 26 19 48 23 34 33 21 43 14 37 49 9 40 30 24 8 13 18 7 35 15 12 28 25 1
Coste: 53032

GENERACION: 275
Mejor Solucion:  17 46 6 27 5 42 31 45 39 10 0 11 16 36 20 41 29 44 47 4 38 32 3 2 22 26 19 48 23 34 33 21 43 14 37 49 9 40 30 24 8 13 18 7 35 15 12 28 25 1
Coste: 53032

GENERACION: 276
Mejor Solucion:  17 46 6 27 5 42 31 45 39 10 0 11 16 36 20 41 29 44 47 4 38 32 3 2 22 26 19 48 23 34 33 21 43 14 37 49 9 40 30 24 8 13 18 7 35 15 12 28 25 1
Coste: 53032

GENERACION: 277
Mejor Solucion:  17 46 6 27 5 42 31 45 39 10 0 11 16 36 20 41 29 44 47 4 38 32 3 2 22 26 19 48 23 34 33 21 43 14 37 49 9 40 30 24 8 13 18 7 35 15 12 28 25 1
Coste: 53032

GENERACION: 278
Mejor Solucion:  17 46 6 27 5 42 31 45 39 10 0 11 16 36 20 41 29 44 47 4 38 32 3 2 22 26 19 48 23 34 33 21 43 14 37 49 9 40 30 24 8 13 18 7 35 15 12 28 25 1
Coste: 53032

GENERACION: 279
Mejor Solucion:  17 46 6 27 5 42 31 45 39 10 0 11 16 36 20 41 29 44 47 4 38 32 3 2 22 26 19 48 23 34 33 21 43 14 37 49 9 40 30 24 8 13 18 7 35 15 12 28 25 1
Coste: 53032

GENERACION: 280
Mejor Solucion:  17 46 6 27 5 42 31 45 39 10 0 11 16 36 20 41 29 44 47 4 38 32 3 2 22 26 19 48 23 34 33 21 43 14 37 49 9 40 30 24 8 13 18 7 35 15 12 28 25 1
Coste: 53032

GENERACION: 281
Mejor Solucion:  17 46 6 27 5 42 31 45 39 10 0 11 16 36 20 41 29 44 47 4 38 32 3 2 22 26 19 48 23 34 33 21 43 14 37 49 9 40 30 24 8 13 18 7 35 15 12 28 25 1
Coste: 53032

GENERACION: 282
Mejor Solucion:  17 46 6 27 5 42 31 45 39 10 0 11 16 36 20 41 29 44 47 4 38 32 3 2 22 26 19 48 23 34 33 21 43 14 37 49 9 40 30 24 8 13 18 7 35 15 12 28 25 1
Coste: 53032

GENERACION: 283
Mejor Solucion:  17 46 6 27 5 42 31 45 39 10 0 11 16 36 20 41 29 44 47 4 38 32 3 2 22 26 19 48 23 34 33 21 43 14 37 49 9 40 30 24 8 13 18 7 35 15 12 28 25 1
Coste: 53032

GENERACION: 284
Mejor Solucion:  17 46 6 27 5 42 31 45 39 10 0 11 16 36 20 41 29 44 47 4 38 32 3 2 22 26 19 48 23 34 33 21 43 14 37 49 9 40 30 24 8 13 18 7 35 15 12 28 25 1
Coste: 53032

GENERACION: 285
Mejor Solucion:  17 46 6 27 5 42 31 45 39 10 0 11 16 36 20 41 29 44 47 4 38 32 3 2 22 26 19 48 23 34 33 21 43 14 37 49 9 40 30 24 8 13 18 7 35 15 12 28 25 1
Coste: 53032

GENERACION: 286
Mejor Solucion:  17 46 6 27 5 42 31 45 39 10 0 11 16 36 20 41 29 44 47 4 38 32 3 2 22 26 19 48 23 34 33 21 43 14 37 49 9 40 30 24 8 13 18 7 35 15 12 28 25 1
Coste: 53032

GENERACION: 287
Mejor Solucion:  17 46 6 27 5 42 31 45 39 10 0 11 16 36 20 41 29 44 47 4 38 32 3 2 22 26 19 48 23 34 33 21 43 14 37 49 9 40 30 24 8 13 18 7 35 15 12 28 25 1
Coste: 53032

GENERACION: 288
Mejor Solucion:  17 46 6 27 5 42 31 45 39 10 0 11 16 36 20 41 29 44 47 4 38 32 3 2 22 26 19 48 23 34 33 21 43 14 37 49 9 40 30 24 8 13 18 7 35 15 12 28 25 1
Coste: 53032

GENERACION: 289
Mejor Solucion:  17 46 6 27 5 42 31 45 39 10 0 11 16 36 20 41 29 44 47 4 38 32 3 2 22 26 19 48 23 34 33 21 43 14 37 49 9 40 30 24 8 13 18 7 35 15 12 28 25 1
Coste: 53032

GENERACION: 290
Mejor Solucion:  17 46 6 27 5 42 31 45 39 10 0 11 16 36 20 41 29 44 47 4 38 32 3 2 22 26 19 48 23 34 33 21 43 14 37 49 9 40 30 24 8 13 18 7 35 15 12 28 25 1
Coste: 53032

GENERACION: 291
Mejor Solucion:  17 46 6 27 5 42 31 45 39 10 0 11 16 36 20 41 29 44 47 4 38 32 3 2 22 26 19 48 23 34 33 21 43 14 37 49 9 40 30 24 8 13 18 7 35 15 12 28 25 1
Coste: 53032

GENERACION: 292
Mejor Solucion:  17 46 6 27 5 42 31 45 39 10 0 11 16 36 20 41 29 44 47 4 38 32 3 2 22 26 19 48 23 34 33 21 43 14 37 49 9 40 30 24 8 13 18 7 35 15 12 28 25 1
Coste: 53032

GENERACION: 293
Mejor Solucion:  17 46 6 27 5 42 31 45 39 10 0 11 16 36 20 41 29 44 47 4 38 32 3 2 22 26 19 48 23 34 33 21 43 14 37 49 9 40 30 24 8 13 18 7 35 15 12 28 25 1
Coste: 53032

GENERACION: 294
Mejor Solucion:  17 46 6 27 5 42 31 45 39 10 0 11 16 36 20 41 29 44 47 4 38 32 3 2 22 26 19 48 23 34 33 21 43 14 37 49 9 40 30 24 8 13 18 7 35 15 12 28 25 1
Coste: 53032

GENERACION: 295
Mejor Solucion:  17 46 6 27 5 42 31 45 39 10 0 11 16 36 20 41 29 44 47 4 38 32 3 2 22 26 19 48 23 34 33 21 43 14 37 49 9 40 30 24 8 13 18 7 35 15 12 28 25 1
Coste: 53032

GENERACION: 296
Mejor Solucion:  17 46 6 27 5 42 31 45 39 10 0 11 16 36 20 41 29 44 47 4 38 32 3 2 22 26 19 48 23 34 33 21 43 14 37 49 9 40 30 24 8 13 18 7 35 15 12 28 25 1
Coste: 53032

GENERACION: 297
Mejor Solucion:  17 46 6 27 5 42 31 45 39 10 0 11 16 36 20 41 29 44 47 4 38 32 3 2 22 26 19 48 23 34 33 21 43 14 37 49 9 40 30 24 8 13 18 7 35 15 12 28 25 1
Coste: 53032

GENERACION: 298
Mejor Solucion:  17 46 6 27 5 42 31 45 39 10 0 11 16 36 20 41 29 44 47 4 38 32 3 2 22 26 19 48 23 34 33 21 43 14 37 49 9 40 30 24 8 13 18 7 35 15 12 28 25 1
Coste: 53032

GENERACION: 299
Mejor Solucion:  17 46 6 27 5 42 31 45 39 10 0 11 16 36 20 41 29 44 47 4 38 32 3 2 22 26 19 48 23 34 33 21 43 14 37 49 9 40 30 24 8 13 18 7 35 15 12 28 25 1
Coste: 53032

GENERACION: 300
Mejor Solucion:  17 46 6 27 5 42 31 45 39 10 0 11 16 36 20 41 29 44 47 4 38 32 3 2 22 26 19 48 23 34 33 21 43 14 37 49 9 40 30 24 8 13 18 7 35 15 12 28 25 1
Coste: 53032

GENERACION: 301
Mejor Solucion:  17 46 6 27 5 42 31 45 39 10 0 11 16 36 20 41 29 44 47 4 38 32 3 2 22 26 19 48 23 34 33 21 43 14 37 49 9 40 30 24 8 13 18 7 35 15 12 28 25 1
Coste: 53032

GENERACION: 302
Mejor Solucion:  17 46 6 27 5 42 31 45 39 10 0 11 16 36 20 41 29 44 47 4 38 32 3 2 22 26 19 48 23 34 33 21 43 14 37 49 9 40 30 24 8 13 18 7 35 15 12 28 25 1
Coste: 53032

GENERACION: 303
Mejor Solucion:  17 46 6 27 5 42 31 45 39 10 0 11 16 36 20 41 29 44 47 4 38 32 3 2 22 26 19 48 23 34 33 21 43 14 37 49 9 40 30 24 8 13 18 7 35 15 12 28 25 1
Coste: 53032

GENERACION: 304
Mejor Solucion:  17 46 6 27 5 42 31 45 39 10 0 11 16 36 20 41 29 44 47 4 38 32 3 2 22 26 19 48 23 34 33 21 43 14 37 49 9 40 30 24 8 13 18 7 35 15 12 28 25 1
Coste: 53032

GENERACION: 305
Mejor Solucion:  17 46 6 27 5 42 31 45 39 10 0 11 16 36 20 41 29 44 47 4 38 32 3 2 22 26 19 48 23 34 33 21 43 14 37 49 9 40 30 24 8 13 18 7 35 15 12 28 25 1
Coste: 53032

GENERACION: 306
Mejor Solucion:  17 46 6 27 5 42 31 45 39 10 0 11 16 36 20 41 29 44 47 4 38 32 3 2 22 26 19 48 23 34 33 21 43 14 37 49 9 40 30 24 8 13 18 7 35 15 12 28 25 1
Coste: 53032

GENERACION: 307
Mejor Solucion:  17 46 6 27 5 42 31 45 39 10 0 11 16 36 20 41 29 44 47 4 38 32 3 2 22 26 19 48 23 34 33 21 43 14 37 49 9 40 30 24 8 13 18 7 35 15 12 28 25 1
Coste: 53032

GENERACION: 308
Mejor Solucion:  17 46 6 27 5 42 31 45 39 10 0 11 16 36 20 41 29 44 47 4 38 32 3 2 22 26 19 48 23 34 33 21 43 14 37 49 9 40 30 24 8 13 18 7 35 15 12 28 25 1
Coste: 53032

GENERACION: 309
Mejor Solucion:  17 46 6 27 5 42 31 45 39 10 0 11 16 36 20 41 29 44 47 4 38 32 3 2 22 26 19 48 23 34 33 21 43 14 37 49 9 40 30 24 8 13 18 7 35 15 12 28 25 1
Coste: 53032

GENERACION: 310
Mejor Solucion:  17 46 6 27 5 20 31 45 39 10 0 11 16 36 42 41 29 44 47 4 38 32 3 2 22 26 19 48 23 34 33 21 43 14 37 49 9 40 30 24 8 13 18 7 35 15 12 28 25 1
Coste: 52912

GENERACION: 311
Mejor Solucion:  17 46 6 27 5 20 31 45 39 10 0 11 16 36 42 41 29 44 47 4 38 32 3 2 22 26 19 48 23 34 33 21 43 14 37 49 9 40 30 24 8 13 18 7 35 15 12 28 25 1
Coste: 52912

GENERACION: 312
Mejor Solucion:  17 46 6 27 5 20 31 45 39 10 0 11 16 36 42 41 29 44 47 4 38 32 3 2 22 26 19 48 23 34 33 21 43 14 37 49 9 40 30 24 8 13 18 7 35 15 12 28 25 1
Coste: 52912

GENERACION: 313
Mejor Solucion:  17 46 6 27 5 20 31 45 39 10 0 11 16 36 42 41 29 44 47 4 38 32 3 2 22 26 19 48 23 34 33 21 43 14 37 49 9 40 30 24 8 13 18 7 35 15 12 28 25 1
Coste: 52912

GENERACION: 314
Mejor Solucion:  17 46 6 27 5 20 31 45 39 10 0 11 16 36 42 41 29 44 47 4 38 32 3 2 22 26 19 48 23 34 33 21 43 14 37 49 9 40 30 24 8 13 18 7 35 15 12 28 25 1
Coste: 52912

GENERACION: 315
Mejor Solucion:  17 46 6 27 5 20 31 45 39 10 0 11 16 36 42 41 29 44 47 4 38 32 3 2 22 26 19 48 23 34 33 21 43 14 37 49 9 40 30 24 8 13 18 7 35 15 12 28 25 1
Coste: 52912

GENERACION: 316
Mejor Solucion:  17 46 6 27 5 20 31 45 39 10 0 11 16 36 42 41 29 44 47 4 38 32 3 2 22 26 19 48 23 34 33 21 43 14 37 49 9 40 30 24 8 13 18 7 35 15 12 28 25 1
Coste: 52912

GENERACION: 317
Mejor Solucion:  17 46 6 27 5 20 31 45 39 10 0 11 16 36 42 41 29 44 47 4 38 32 3 2 22 26 19 48 23 34 33 21 43 14 37 49 9 40 30 24 8 13 18 7 35 15 12 28 25 1
Coste: 52912

GENERACION: 318
Mejor Solucion:  17 46 6 27 5 20 31 45 39 10 0 11 16 36 42 41 29 44 47 4 38 32 3 2 22 26 19 48 23 34 33 21 43 14 37 49 9 40 30 24 8 13 18 7 35 15 12 28 25 1
Coste: 52912

GENERACION: 319
Mejor Solucion:  17 46 6 27 5 20 31 45 39 10 0 11 16 36 42 41 29 44 47 4 38 32 3 2 22 26 19 48 23 34 33 21 43 14 37 49 9 40 30 24 8 13 18 7 35 15 12 28 25 1
Coste: 52912

GENERACION: 320
Mejor Solucion:  17 46 6 27 5 20 31 45 39 10 0 11 16 36 42 41 29 44 47 4 38 32 3 2 22 26 19 48 23 34 33 21 43 14 37 49 9 40 30 24 8 13 18 7 35 15 12 28 25 1
Coste: 52912

GENERACION: 321
Mejor Solucion:  17 46 6 27 5 20 31 45 39 10 0 11 16 36 42 41 29 44 47 4 38 32 3 2 22 26 19 48 23 34 33 21 43 14 37 49 9 40 30 24 8 13 18 7 35 15 12 28 25 1
Coste: 52912

GENERACION: 322
Mejor Solucion:  17 46 6 27 5 20 31 45 39 10 0 11 16 36 42 41 29 44 47 4 38 32 3 2 22 26 19 48 23 34 33 21 43 14 37 49 9 40 30 24 8 13 18 7 35 15 12 28 25 1
Coste: 52912

GENERACION: 323
Mejor Solucion:  17 46 6 27 5 20 31 45 39 10 0 11 16 36 42 41 29 44 47 4 38 32 3 2 22 26 19 48 23 34 33 21 43 14 37 49 9 40 30 24 8 13 18 7 35 15 12 28 25 1
Coste: 52912

GENERACION: 324
Mejor Solucion:  17 46 6 27 5 20 31 45 39 10 0 11 16 36 42 41 29 44 47 4 38 32 3 2 22 26 19 48 23 34 33 21 43 14 37 49 9 40 30 24 8 13 18 7 35 15 12 28 25 1
Coste: 52912

GENERACION: 325
Mejor Solucion:  17 46 6 27 5 20 31 45 39 10 0 11 16 36 42 41 29 44 47 4 38 32 3 2 22 26 19 48 23 34 33 21 43 14 37 49 9 40 30 24 8 13 18 7 35 15 12 28 25 1
Coste: 52912

GENERACION: 326
Mejor Solucion:  17 46 6 27 5 20 31 45 39 10 0 11 16 36 42 41 29 44 47 4 38 32 3 2 22 26 19 48 23 34 33 21 43 14 37 49 9 40 30 24 8 13 18 7 35 15 12 28 25 1
Coste: 52912

GENERACION: 327
Mejor Solucion:  17 46 6 27 5 20 31 45 39 10 0 11 16 36 42 41 29 44 47 4 38 32 3 2 22 26 19 48 23 34 33 21 43 14 37 49 9 40 30 24 8 13 18 7 35 15 12 28 25 1
Coste: 52912

GENERACION: 328
Mejor Solucion:  17 46 6 27 5 20 31 45 39 10 0 11 16 36 42 41 29 44 47 4 38 32 3 2 22 26 19 48 23 34 33 21 43 14 37 49 9 40 30 24 8 13 18 7 35 15 12 28 25 1
Coste: 52912

GENERACION: 329
Mejor Solucion:  17 46 6 27 5 20 31 45 39 10 0 11 16 36 42 41 29 44 47 4 38 32 3 2 22 26 19 48 23 34 33 21 43 14 37 49 9 40 30 24 8 13 18 7 35 15 12 28 25 1
Coste: 52912

GENERACION: 330
Mejor Solucion:  17 46 6 27 5 20 31 45 39 10 0 11 16 36 42 41 29 44 47 4 38 32 3 2 22 26 19 48 23 34 33 21 43 14 37 49 9 40 30 24 8 13 18 7 35 15 12 28 25 1
Coste: 52912

GENERACION: 331
Mejor Solucion:  17 46 6 27 5 20 31 45 39 10 0 11 16 36 42 41 29 44 47 4 38 32 3 2 22 26 19 48 23 34 33 21 43 14 37 49 9 40 30 24 8 13 18 7 35 15 12 28 25 1
Coste: 52912

GENERACION: 332
Mejor Solucion:  17 46 6 27 5 20 31 45 39 10 0 11 16 36 42 41 29 44 47 4 38 32 3 2 22 26 19 48 23 34 33 21 43 14 37 49 9 40 30 24 8 13 18 7 35 15 12 28 25 1
Coste: 52912

GENERACION: 333
Mejor Solucion:  17 46 6 27 5 20 31 45 39 10 0 11 16 36 42 41 29 44 47 4 38 32 3 2 22 26 19 48 23 34 33 21 43 14 37 49 9 40 30 24 8 13 18 7 35 15 12 28 25 1
Coste: 52912

GENERACION: 334
Mejor Solucion:  17 46 6 27 5 20 31 45 39 10 0 11 16 36 42 41 29 44 47 4 38 32 3 2 22 26 19 48 23 34 33 21 43 14 37 49 9 40 30 24 8 13 18 7 35 15 12 28 25 1
Coste: 52912

GENERACION: 335
Mejor Solucion:  17 46 6 27 5 20 31 45 39 10 0 11 16 36 42 41 29 44 47 4 38 32 3 2 22 26 19 48 23 34 33 21 43 14 37 49 9 40 30 24 8 13 18 7 35 15 12 28 25 1
Coste: 52912

GENERACION: 336
Mejor Solucion:  17 46 6 27 5 20 31 45 39 10 0 11 16 36 42 41 29 44 47 4 38 32 3 2 22 26 19 48 23 34 33 21 43 14 37 49 9 40 30 24 8 13 18 7 35 15 12 28 25 1
Coste: 52912

GENERACION: 337
Mejor Solucion:  17 46 6 27 5 20 31 45 39 10 0 11 16 36 42 41 29 44 47 4 38 32 3 2 22 26 19 48 23 34 33 21 43 14 37 49 9 40 30 24 8 13 18 7 35 15 12 28 25 1
Coste: 52912

GENERACION: 338
Mejor Solucion:  17 46 6 27 5 20 31 45 39 10 0 11 16 36 42 41 29 44 47 4 38 32 3 2 22 26 19 48 23 34 33 21 43 14 37 49 9 40 30 24 8 13 18 7 35 15 12 28 25 1
Coste: 52912

GENERACION: 339
Mejor Solucion:  17 46 6 27 5 20 31 45 39 10 0 11 16 36 42 41 29 44 47 4 38 32 3 2 22 26 19 48 23 34 33 21 43 14 37 49 9 40 30 24 8 13 18 7 35 15 12 28 25 1
Coste: 52912

GENERACION: 340
Mejor Solucion:  17 46 6 27 5 20 31 45 39 10 0 11 16 36 42 41 29 44 47 4 38 32 3 2 22 26 19 48 23 34 33 21 43 14 37 49 9 40 30 24 8 13 18 7 35 15 12 28 25 1
Coste: 52912

GENERACION: 341
Mejor Solucion:  17 46 6 27 5 20 31 45 39 10 0 11 16 36 42 41 29 44 47 4 38 32 3 2 22 26 19 48 23 34 33 21 43 14 37 49 9 40 30 24 8 13 18 7 35 15 12 28 25 1
Coste: 52912

GENERACION: 342
Mejor Solucion:  17 46 6 27 5 20 31 45 39 10 0 11 16 36 42 41 29 44 47 4 38 32 3 2 22 26 19 48 23 34 33 21 43 14 37 49 9 40 30 24 8 13 18 7 35 15 12 28 25 1
Coste: 52912

GENERACION: 343
Mejor Solucion:  17 46 6 27 5 20 31 45 39 10 0 11 16 36 42 41 29 44 47 4 38 32 3 2 22 26 19 48 23 34 33 21 43 14 37 49 9 40 30 24 8 13 18 7 35 15 12 28 25 1
Coste: 52912

GENERACION: 344
Mejor Solucion:  17 46 6 27 5 20 31 45 39 10 0 11 16 36 42 41 29 44 47 4 38 32 3 2 22 26 19 48 23 34 33 21 43 14 37 49 9 40 30 24 8 13 18 7 35 15 12 28 25 1
Coste: 52912

GENERACION: 345
Mejor Solucion:  17 46 6 27 5 20 31 45 39 10 0 11 16 36 42 41 29 44 47 4 38 32 3 2 22 26 19 48 23 34 33 21 43 14 37 49 9 40 30 24 8 13 18 7 35 15 12 28 25 1
Coste: 52912

GENERACION: 346
Mejor Solucion:  17 46 6 27 5 20 31 45 39 10 0 11 16 36 42 41 29 44 47 4 38 32 3 2 22 26 19 48 23 34 33 21 43 14 37 49 9 40 30 24 8 13 18 7 35 15 12 28 25 1
Coste: 52912

GENERACION: 347
Mejor Solucion:  17 46 6 27 5 20 31 45 39 10 0 11 16 36 42 41 29 44 47 4 38 32 3 2 22 26 19 48 23 34 33 21 43 14 37 49 9 40 30 24 8 13 18 7 35 15 12 28 25 1
Coste: 52912

GENERACION: 348
Mejor Solucion:  17 46 6 27 5 20 31 45 39 10 0 11 16 36 42 41 29 44 47 4 38 32 3 2 22 26 19 48 23 34 33 21 43 14 37 49 9 40 30 24 8 13 18 7 35 15 12 28 25 1
Coste: 52912

GENERACION: 349
Mejor Solucion:  17 46 6 27 5 20 31 45 39 10 0 11 16 36 42 41 29 44 47 4 38 32 3 2 22 26 19 48 23 34 33 21 43 14 37 49 9 40 30 24 8 13 18 7 35 15 12 28 25 1
Coste: 52912

GENERACION: 350
Mejor Solucion:  17 46 6 27 5 20 31 45 39 10 0 11 16 36 42 41 29 44 47 4 38 32 3 2 22 26 19 48 23 34 33 21 43 14 37 49 9 40 30 24 8 13 18 7 35 15 12 28 25 1
Coste: 52912

GENERACION: 351
Mejor Solucion:  17 46 6 27 5 20 31 45 39 10 0 11 16 36 42 41 29 44 47 4 38 32 3 2 22 26 19 48 23 34 33 21 43 14 37 49 9 40 30 24 8 13 18 7 35 15 12 28 25 1
Coste: 52912

GENERACION: 352
Mejor Solucion:  17 46 6 27 5 20 31 45 39 10 0 11 16 36 42 41 29 44 47 4 38 32 3 2 22 26 19 48 23 34 33 21 43 14 37 49 9 40 30 24 8 13 18 7 35 15 12 28 25 1
Coste: 52912

GENERACION: 353
Mejor Solucion:  17 46 6 27 5 20 31 45 39 10 0 11 16 36 42 41 29 44 47 4 38 32 3 2 22 26 19 48 23 34 33 21 43 14 37 49 9 40 30 24 8 13 18 7 35 15 12 28 25 1
Coste: 52912

GENERACION: 354
Mejor Solucion:  17 46 6 27 5 20 31 45 39 10 0 11 16 36 42 41 29 44 47 4 38 32 3 2 22 26 19 48 23 34 33 21 43 14 37 49 9 40 30 24 8 13 18 7 35 15 12 28 25 1
Coste: 52912

GENERACION: 355
Mejor Solucion:  17 46 6 27 5 20 31 45 39 10 0 11 16 36 42 41 29 44 47 4 38 32 3 2 22 26 19 48 23 34 33 21 43 14 37 49 9 40 30 24 8 13 18 7 35 15 12 28 25 1
Coste: 52912

GENERACION: 356
Mejor Solucion:  17 46 6 27 5 20 31 45 39 10 0 11 16 36 42 41 29 44 47 4 38 32 3 2 22 26 19 48 23 34 33 21 43 14 37 49 9 40 30 24 8 13 18 7 35 15 12 28 25 1
Coste: 52912

GENERACION: 357
Mejor Solucion:  17 46 6 27 5 20 31 45 39 10 0 11 16 36 42 41 29 44 47 4 38 32 3 2 22 26 19 48 23 34 33 21 43 14 37 49 9 40 30 24 8 13 18 7 35 15 12 28 25 1
Coste: 52912

GENERACION: 358
Mejor Solucion:  17 46 6 7 5 20 31 45 39 10 0 11 16 36 42 41 29 44 47 21 38 32 3 2 22 26 19 48 23 34 33 4 43 14 37 49 9 40 30 25 8 13 18 27 35 15 12 28 24 1
Coste: 52896

GENERACION: 359
Mejor Solucion:  17 46 6 7 5 20 31 45 39 10 0 11 16 36 42 41 29 44 47 21 38 32 3 2 22 26 28 48 23 34 33 4 43 14 37 49 9 40 30 25 8 13 18 27 35 15 12 19 1 24
Coste: 52817

GENERACION: 360
Mejor Solucion:  17 46 6 7 5 20 31 45 39 10 0 11 16 36 42 41 29 44 47 21 38 32 3 2 22 26 28 48 23 34 33 4 43 14 37 49 9 40 30 25 8 13 18 27 35 15 12 19 1 24
Coste: 52817

GENERACION: 361
Mejor Solucion:  17 46 6 7 5 20 31 45 39 10 0 11 16 36 42 41 29 44 47 21 38 32 3 2 22 26 28 48 23 34 33 4 43 14 37 49 9 40 30 25 8 13 18 27 35 15 12 19 1 24
Coste: 52817

GENERACION: 362
Mejor Solucion:  17 46 6 7 5 20 31 45 39 10 0 11 16 36 42 41 29 44 47 21 38 32 3 2 22 26 28 48 23 34 33 4 43 14 37 49 9 40 30 25 8 13 18 27 35 15 12 19 1 24
Coste: 52817

GENERACION: 363
Mejor Solucion:  17 46 6 7 5 20 31 45 39 10 0 11 16 36 42 41 29 44 47 21 38 32 3 2 22 26 28 48 23 34 33 4 43 14 37 49 9 40 30 25 8 13 18 27 35 15 12 19 1 24
Coste: 52817

GENERACION: 364
Mejor Solucion:  17 46 6 7 5 20 31 45 39 10 0 11 16 36 42 41 29 44 47 21 38 32 3 2 22 26 28 48 23 34 33 4 43 14 37 49 9 40 30 25 8 13 18 27 35 15 12 19 1 24
Coste: 52817

GENERACION: 365
Mejor Solucion:  17 46 6 7 5 20 31 45 39 10 0 11 16 36 42 41 29 44 47 21 38 32 3 2 22 26 28 48 23 34 33 4 43 14 37 49 9 40 30 25 8 13 18 27 35 15 12 19 1 24
Coste: 52817

GENERACION: 366
Mejor Solucion:  17 46 6 7 5 20 31 45 39 10 0 11 16 36 42 41 29 44 47 21 38 32 3 2 22 26 28 48 23 34 33 4 43 14 37 49 9 40 30 25 8 13 18 27 35 15 12 19 1 24
Coste: 52817

GENERACION: 367
Mejor Solucion:  17 46 6 7 5 20 31 45 39 10 0 11 16 36 42 41 29 44 47 21 38 32 3 2 22 26 28 48 23 34 33 4 43 14 37 49 9 40 30 25 8 13 18 27 35 15 12 19 1 24
Coste: 52817

GENERACION: 368
Mejor Solucion:  17 46 47 7 5 20 31 45 39 10 0 11 16 27 42 41 6 44 29 21 38 32 3 2 22 26 19 48 23 34 33 4 43 36 37 49 9 40 30 25 8 13 18 14 35 15 12 28 24 1
Coste: 52808

GENERACION: 369
Mejor Solucion:  17 46 47 7 5 20 31 45 39 10 0 11 16 27 42 41 6 44 29 21 38 32 3 2 22 26 19 48 23 34 33 4 43 36 37 49 9 40 30 25 8 13 18 14 35 15 12 28 24 1
Coste: 52808

GENERACION: 370
Mejor Solucion:  17 46 47 7 5 20 31 45 39 10 0 11 16 27 42 41 6 44 29 21 38 32 3 2 22 26 19 48 23 34 33 4 43 36 37 49 9 40 30 25 8 13 18 14 35 15 12 28 24 1
Coste: 52808

GENERACION: 371
Mejor Solucion:  17 46 47 7 5 20 31 45 39 10 0 11 16 27 42 41 6 44 29 21 38 32 3 2 22 26 19 48 23 34 33 4 43 36 37 49 9 40 30 25 8 13 18 14 35 15 12 28 24 1
Coste: 52808

GENERACION: 372
Mejor Solucion:  17 46 47 7 5 20 31 45 39 10 0 11 16 27 42 41 6 44 29 21 38 32 3 2 22 26 19 48 23 34 33 4 43 36 37 49 9 40 30 25 8 13 18 14 35 15 12 28 24 1
Coste: 52808

GENERACION: 373
Mejor Solucion:  17 46 47 7 5 20 31 45 39 10 0 11 16 27 42 41 6 44 29 21 38 32 3 2 22 26 19 48 23 34 33 4 43 36 37 49 9 40 30 25 8 13 18 14 35 15 12 28 24 1
Coste: 52808

GENERACION: 374
Mejor Solucion:  17 46 47 7 5 20 31 45 39 10 0 11 16 27 42 41 6 44 29 21 38 32 3 2 22 26 19 48 23 34 33 4 43 36 37 49 9 40 30 25 8 13 18 14 35 15 12 28 24 1
Coste: 52808

GENERACION: 375
Mejor Solucion:  17 46 47 7 5 20 31 45 39 10 0 11 16 27 42 41 6 44 29 21 38 32 3 2 22 26 19 48 23 34 33 4 43 36 37 49 9 40 30 25 8 13 18 14 35 15 12 28 24 1
Coste: 52808

GENERACION: 376
Mejor Solucion:  17 46 47 7 5 20 31 45 39 10 0 11 16 27 42 41 6 44 29 21 38 32 3 2 22 26 19 48 23 34 33 4 43 36 37 49 9 40 30 25 8 13 18 14 35 15 12 28 24 1
Coste: 52808

GENERACION: 377
Mejor Solucion:  17 46 47 7 5 20 31 45 39 10 0 11 16 27 42 41 6 44 29 21 38 32 3 2 22 26 19 48 23 34 33 4 43 36 37 49 9 40 30 25 8 13 18 14 35 15 12 28 24 1
Coste: 52808

GENERACION: 378
Mejor Solucion:  17 46 47 7 5 20 31 45 39 10 0 11 16 27 42 41 6 44 29 21 38 32 3 2 22 26 19 48 23 34 33 4 43 36 37 49 9 40 30 25 8 13 18 14 35 15 12 28 24 1
Coste: 52808

GENERACION: 379
Mejor Solucion:  17 46 47 7 5 20 31 45 39 10 0 11 16 27 42 41 6 44 29 21 38 32 3 2 22 26 19 48 23 34 33 4 43 36 37 49 9 40 30 25 8 13 18 14 35 15 12 28 24 1
Coste: 52808

GENERACION: 380
Mejor Solucion:  17 46 47 7 5 20 31 45 39 10 0 11 16 27 42 41 6 44 29 21 38 32 3 2 22 26 19 48 23 34 33 4 43 36 37 49 9 40 30 25 8 13 18 14 35 15 12 28 24 1
Coste: 52808

GENERACION: 381
Mejor Solucion:  17 46 47 7 5 20 31 45 39 10 0 11 16 27 42 41 6 44 29 21 38 32 3 2 22 26 19 48 23 34 33 4 43 36 37 49 9 40 30 25 8 13 18 14 35 15 12 28 24 1
Coste: 52808

GENERACION: 382
Mejor Solucion:  17 46 47 7 5 20 31 45 39 10 0 11 16 27 42 41 6 44 29 21 38 32 3 2 22 26 19 48 23 34 33 4 43 36 37 49 9 40 30 25 8 13 18 14 35 15 12 28 24 1
Coste: 52808

GENERACION: 383
Mejor Solucion:  17 46 47 7 5 20 31 45 39 10 0 11 16 27 42 41 6 44 29 21 38 32 3 2 22 26 19 48 23 34 33 4 43 36 37 49 9 40 30 25 8 13 18 14 35 15 12 28 24 1
Coste: 52808

GENERACION: 384
Mejor Solucion:  17 46 47 7 5 20 31 45 39 10 0 11 16 27 42 41 6 44 29 21 38 32 3 2 22 26 19 48 23 34 33 4 43 36 37 49 9 40 30 25 8 13 18 14 35 15 12 28 24 1
Coste: 52808

GENERACION: 385
Mejor Solucion:  17 46 47 7 5 20 31 45 39 10 0 11 16 27 42 41 6 44 29 21 38 32 3 2 22 26 19 48 23 34 33 4 43 36 37 49 9 40 30 25 8 13 18 14 35 15 12 28 24 1
Coste: 52808

GENERACION: 386
Mejor Solucion:  17 46 47 7 5 20 31 45 39 10 0 11 16 27 42 41 6 44 29 21 38 32 3 2 22 26 19 48 23 34 33 4 43 36 37 49 9 40 30 25 8 13 18 14 35 15 12 28 24 1
Coste: 52808

GENERACION: 387
Mejor Solucion:  17 46 47 7 5 20 31 45 39 10 0 11 16 27 42 41 6 44 29 21 38 32 3 2 22 26 19 48 23 34 33 4 43 36 37 49 9 40 30 25 8 13 18 14 35 15 12 28 24 1
Coste: 52808

GENERACION: 388
Mejor Solucion:  17 46 47 7 5 20 31 45 39 10 0 11 16 27 42 41 6 44 29 21 38 32 3 2 22 26 19 48 23 34 33 4 43 36 37 49 9 40 30 25 8 13 18 14 35 15 12 28 24 1
Coste: 52808

GENERACION: 389
Mejor Solucion:  17 46 47 7 5 20 31 45 39 10 0 11 16 27 42 41 6 44 29 21 38 32 3 2 22 26 19 48 23 34 33 4 43 36 37 49 9 40 30 25 8 13 18 14 35 15 12 28 24 1
Coste: 52808

GENERACION: 390
Mejor Solucion:  17 46 47 7 5 20 31 45 39 10 0 11 16 27 42 41 6 44 29 21 38 32 3 2 22 26 19 48 23 34 33 4 43 36 37 49 9 40 30 25 8 13 18 14 35 15 12 28 24 1
Coste: 52808

GENERACION: 391
Mejor Solucion:  17 46 47 7 5 20 31 45 39 10 0 11 16 27 42 41 6 44 29 21 38 32 3 2 22 26 19 48 23 34 33 4 43 36 37 49 9 40 30 25 8 13 18 14 35 15 12 28 24 1
Coste: 52808

GENERACION: 392
Mejor Solucion:  17 46 47 7 5 20 31 45 39 10 0 11 16 27 42 41 6 44 29 21 38 32 3 2 22 26 19 48 23 34 33 4 43 36 37 49 9 40 30 25 8 13 18 14 35 15 12 28 24 1
Coste: 52808

GENERACION: 393
Mejor Solucion:  17 46 47 7 5 20 31 45 39 10 0 11 16 27 42 41 6 44 29 21 38 32 3 2 22 26 19 48 23 34 33 4 43 36 37 49 9 40 30 25 8 13 18 14 35 15 12 28 24 1
Coste: 52808

GENERACION: 394
Mejor Solucion:  17 46 47 7 5 20 31 45 39 10 0 11 16 27 42 41 6 44 29 21 38 32 3 2 22 26 19 48 23 34 33 4 43 36 37 49 9 40 30 25 8 13 18 14 35 15 12 28 24 1
Coste: 52808

GENERACION: 395
Mejor Solucion:  17 46 47 7 5 20 31 45 39 10 0 11 16 27 42 41 6 44 29 21 38 32 3 2 22 26 19 48 23 34 33 4 43 36 37 49 9 40 30 25 8 13 18 14 35 15 12 28 24 1
Coste: 52808

GENERACION: 396
Mejor Solucion:  17 46 47 7 5 20 31 45 39 10 0 11 16 27 42 41 6 44 29 21 38 32 3 2 22 26 19 48 23 34 33 4 43 36 37 49 9 40 30 25 8 13 18 14 35 15 12 28 24 1
Coste: 52808

GENERACION: 397
Mejor Solucion:  17 46 47 7 5 20 31 45 39 10 0 11 16 27 42 41 6 44 29 21 38 32 3 2 22 26 19 48 23 34 33 4 43 36 37 49 9 40 30 25 8 13 18 14 35 15 12 28 24 1
Coste: 52808

GENERACION: 398
Mejor Solucion:  17 46 47 7 5 20 31 45 39 10 0 11 16 27 42 41 6 44 29 21 38 32 3 2 22 26 19 48 23 34 33 4 43 36 37 49 9 40 30 25 8 13 18 14 35 15 12 28 24 1
Coste: 52808

GENERACION: 399
Mejor Solucion:  17 46 47 7 5 20 31 45 39 10 0 11 16 27 42 41 6 44 29 21 38 32 3 2 22 26 19 48 23 34 33 4 43 36 37 49 9 40 30 25 8 13 18 14 35 15 12 28 24 1
Coste: 52808

GENERACION: 400
Mejor Solucion:  17 46 47 7 5 20 31 45 39 10 0 11 16 27 42 41 6 44 29 21 38 32 3 2 22 26 19 48 23 34 33 4 43 36 37 49 9 40 30 25 8 13 18 14 35 15 12 28 24 1
Coste: 52808

GENERACION: 401
Mejor Solucion:  17 46 47 7 5 20 31 45 39 10 0 11 16 27 42 41 6 44 29 21 38 32 3 2 22 26 19 48 23 34 33 4 43 36 37 49 9 40 30 25 8 13 18 14 35 15 12 28 24 1
Coste: 52808

GENERACION: 402
Mejor Solucion:  17 46 47 7 5 20 31 45 39 10 0 11 16 27 42 41 6 44 29 21 38 32 3 2 22 26 19 48 23 34 33 4 43 36 37 49 9 40 30 25 8 13 18 14 35 15 12 28 24 1
Coste: 52808

GENERACION: 403
Mejor Solucion:  17 46 47 7 5 20 31 45 39 10 0 11 16 27 42 41 6 44 29 21 38 32 3 2 22 26 19 48 23 34 33 4 43 36 37 49 9 40 30 25 8 13 18 14 35 15 12 28 24 1
Coste: 52808

GENERACION: 404
Mejor Solucion:  17 46 47 7 5 20 31 45 39 10 0 11 16 27 42 41 6 44 29 21 38 32 3 2 22 26 19 48 23 34 33 4 43 36 37 49 9 40 30 25 8 13 18 14 35 15 12 28 24 1
Coste: 52808

GENERACION: 405
Mejor Solucion:  17 46 47 7 5 20 31 45 39 10 0 11 16 27 42 41 6 44 29 21 38 32 3 2 22 26 19 48 23 34 33 4 43 36 37 49 9 40 30 25 8 13 18 14 35 15 12 28 24 1
Coste: 52808

GENERACION: 406
Mejor Solucion:  17 46 47 7 5 20 31 45 39 10 0 11 16 27 42 41 6 44 29 21 38 32 3 2 22 26 19 48 23 34 33 4 43 36 37 49 9 40 30 25 8 13 18 14 35 15 12 28 24 1
Coste: 52808

GENERACION: 407
Mejor Solucion:  17 46 47 7 5 20 31 45 39 10 0 11 16 27 42 41 6 44 29 21 38 32 3 2 22 26 19 48 23 34 33 4 43 36 37 49 9 40 30 25 8 13 18 14 35 15 12 28 24 1
Coste: 52808

