GENERACION: 1
Mejor Solucion:  43 41 49 27 16 2 14 7 24 30 48 4 15 38 42 26 21 10 20 33 46 39 37 22 34 1 19 17 35 6 13 28 32 44 9 23 31 3 40 11 25 47 29 5 8 18 0 12 36 45
Coste: 54710

GENERACION: 2
Mejor Solucion:  43 41 49 27 16 2 14 7 24 30 48 4 15 38 42 26 21 10 20 33 46 39 37 22 34 1 19 17 35 6 13 28 32 44 9 23 31 3 40 11 25 47 29 5 8 18 0 12 36 45
Coste: 54710

GENERACION: 3
Mejor Solucion:  43 41 49 27 16 2 14 7 24 30 48 4 15 38 42 26 21 10 20 33 46 39 37 22 34 1 19 17 35 6 13 28 32 44 9 23 31 3 40 11 25 47 29 5 8 18 0 12 36 45
Coste: 54710

GENERACION: 4
Mejor Solucion:  43 41 49 27 16 2 14 7 24 30 48 4 15 38 42 26 21 10 20 33 46 39 37 22 34 1 19 17 35 6 13 28 32 44 9 23 31 3 40 11 25 47 29 5 8 18 0 12 36 45
Coste: 54710

GENERACION: 5
Mejor Solucion:  38 4 15 20 41 13 25 28 29 27 14 44 1 42 7 5 3 0 45 49 12 46 34 35 10 47 31 2 24 36 8 9 16 43 23 40 30 18 11 33 39 6 26 32 17 19 48 21 37 22
Coste: 54614

GENERACION: 6
Mejor Solucion:  18 4 15 20 41 13 25 28 29 5 47 35 24 32 21 48 12 39 49 7 45 31 27 9 34 16 19 6 37 36 33 0 40 42 22 2 43 10 14 44 8 11 30 3 1 38 46 26 17 23
Coste: 54570

GENERACION: 7
Mejor Solucion:  18 4 19 20 41 13 25 28 29 5 47 35 24 32 21 48 12 39 49 7 45 31 27 9 34 16 15 6 37 36 33 0 40 42 22 2 43 10 14 44 8 11 30 3 1 38 46 26 17 23
Coste: 54128

GENERACION: 8
Mejor Solucion:  18 4 19 20 41 13 25 28 29 5 47 35 24 32 21 48 12 39 49 7 45 31 27 9 34 16 15 6 37 36 33 0 40 42 22 2 43 10 14 44 8 11 30 3 1 38 46 26 17 23
Coste: 54128

GENERACION: 9
Mejor Solucion:  18 4 19 20 41 13 25 28 29 5 47 35 24 32 21 48 12 39 49 7 45 31 27 9 34 16 15 6 37 36 33 0 40 42 22 2 43 10 14 44 8 11 30 3 1 38 46 26 17 23
Coste: 54128

GENERACION: 10
Mejor Solucion:  18 4 19 20 41 13 25 28 29 5 47 35 24 32 21 48 12 39 49 7 45 31 27 9 34 16 15 6 37 36 33 0 40 42 22 2 43 10 14 44 8 11 30 3 1 38 46 26 17 23
Coste: 54128

GENERACION: 11
Mejor Solucion:  18 4 19 20 41 13 25 28 29 5 47 35 24 32 21 48 12 39 49 7 45 31 27 9 34 16 15 6 37 36 33 0 40 42 22 2 43 10 14 44 8 11 30 3 1 38 46 26 17 23
Coste: 54128

GENERACION: 12
Mejor Solucion:  18 4 19 20 41 13 25 28 29 5 47 35 24 32 21 48 12 39 49 7 45 31 27 9 34 16 15 6 37 36 33 0 40 42 22 2 43 10 14 44 8 11 30 3 1 38 46 26 17 23
Coste: 54128

GENERACION: 13
Mejor Solucion:  18 4 19 20 41 13 25 28 29 5 47 35 24 32 21 48 12 39 49 7 45 31 27 9 34 16 15 6 37 36 33 0 40 42 22 2 43 10 14 44 8 11 30 3 1 38 46 26 17 23
Coste: 54128

GENERACION: 14
Mejor Solucion:  18 4 19 20 41 13 25 28 29 5 47 35 24 32 21 48 12 39 49 7 45 31 27 9 34 16 15 6 37 36 33 0 40 42 22 2 43 10 14 44 8 11 30 3 1 38 46 26 17 23
Coste: 54128

GENERACION: 15
Mejor Solucion:  18 4 19 20 41 13 25 28 29 5 47 35 24 32 21 48 12 39 49 7 45 31 27 9 34 16 15 6 37 36 33 0 40 42 22 2 43 10 14 44 8 11 30 3 1 38 46 26 17 23
Coste: 54128

GENERACION: 16
Mejor Solucion:  18 28 19 20 41 3 25 4 29 5 47 35 24 32 21 48 12 39 49 7 45 31 27 9 34 16 15 6 37 36 33 0 40 42 43 2 22 10 14 13 8 11 30 44 1 38 46 26 17 23
Coste: 54033

GENERACION: 17
Mejor Solucion:  18 28 19 20 41 3 25 4 29 5 47 35 24 32 21 48 12 39 49 7 45 31 27 9 34 16 15 6 37 36 33 0 40 42 43 2 22 10 14 13 8 11 30 44 1 38 46 26 17 23
Coste: 54033

GENERACION: 18
Mejor Solucion:  18 28 19 20 41 3 25 4 29 5 47 35 24 32 21 48 12 39 49 7 45 31 27 9 34 16 15 6 37 36 33 0 40 42 43 2 22 10 14 13 8 11 30 44 1 38 46 26 17 23
Coste: 54033

GENERACION: 19
Mejor Solucion:  18 28 19 20 41 3 25 4 29 5 47 35 24 32 21 48 12 39 49 7 45 31 27 9 34 16 15 6 37 36 33 0 40 42 43 2 22 10 14 13 8 11 30 44 1 38 46 26 17 23
Coste: 54033

GENERACION: 20
Mejor Solucion:  18 28 19 20 41 3 25 4 29 5 47 35 24 32 21 48 12 39 49 7 45 31 27 9 34 16 15 6 37 36 33 0 40 42 43 2 22 10 14 13 8 11 30 44 1 38 46 26 17 23
Coste: 54033

GENERACION: 21
Mejor Solucion:  18 28 19 20 41 3 25 4 29 5 47 35 24 32 21 48 12 39 49 7 45 31 27 9 34 16 15 6 37 36 33 0 40 42 43 2 22 10 14 13 8 11 30 44 1 38 46 26 17 23
Coste: 54033

GENERACION: 22
Mejor Solucion:  18 28 19 20 41 3 25 4 29 5 47 35 24 32 21 48 12 39 49 7 45 31 27 9 34 16 15 6 37 36 33 0 40 42 43 2 22 10 14 13 8 11 30 44 1 38 46 26 17 23
Coste: 54033

GENERACION: 23
Mejor Solucion:  18 28 19 20 41 3 25 4 29 5 47 35 24 32 21 48 12 39 49 7 45 31 27 9 34 16 15 6 37 36 33 0 40 42 43 2 22 10 14 13 8 11 30 44 1 38 46 26 17 23
Coste: 54033

GENERACION: 24
Mejor Solucion:  18 28 19 20 41 3 25 4 29 5 47 35 24 32 21 48 12 39 49 7 45 31 27 9 34 16 15 6 37 36 33 0 40 42 43 2 22 10 14 13 8 11 30 44 1 38 46 26 17 23
Coste: 54033

GENERACION: 25
Mejor Solucion:  18 28 19 20 41 3 25 4 29 5 47 35 24 32 21 48 12 39 49 7 45 31 27 9 34 16 15 6 37 36 33 0 40 42 43 2 22 10 14 13 8 11 30 44 1 38 46 26 17 23
Coste: 54033

GENERACION: 26
Mejor Solucion:  18 28 19 20 41 3 25 4 29 5 47 35 24 32 21 48 12 39 49 7 45 31 27 9 34 16 15 6 37 36 33 0 40 42 43 2 22 10 14 13 8 11 30 44 1 38 46 26 17 23
Coste: 54033

GENERACION: 27
Mejor Solucion:  18 28 19 20 41 3 25 4 29 5 47 35 24 32 21 48 12 39 49 7 45 31 27 9 34 16 15 6 37 36 33 0 40 42 43 2 22 10 14 13 8 11 30 44 1 38 46 26 17 23
Coste: 54033

GENERACION: 28
Mejor Solucion:  18 28 19 20 41 3 25 4 29 5 47 35 24 32 21 48 12 39 49 7 45 31 27 9 34 16 15 6 37 36 33 0 40 42 43 2 22 10 14 13 8 11 30 44 1 38 46 26 17 23
Coste: 54033

GENERACION: 29
Mejor Solucion:  18 28 19 20 41 3 25 4 29 5 47 35 24 32 21 48 12 39 49 7 45 31 27 9 34 16 15 6 37 36 33 0 40 42 43 2 22 10 14 13 8 11 30 44 1 38 46 26 17 23
Coste: 54033

GENERACION: 30
Mejor Solucion:  18 28 19 20 41 3 25 4 29 5 47 35 24 32 21 48 12 39 49 7 45 31 27 9 34 16 15 6 37 36 33 0 40 42 43 2 22 10 14 13 8 11 30 44 1 38 46 26 17 23
Coste: 54033

GENERACION: 31
Mejor Solucion:  18 28 19 20 41 3 25 4 29 5 47 35 24 32 21 48 12 39 49 7 45 31 27 9 34 16 15 6 37 36 33 0 40 42 43 2 22 10 14 13 8 11 30 44 1 38 46 26 17 23
Coste: 54033

GENERACION: 32
Mejor Solucion:  18 28 19 20 41 3 25 4 29 5 47 35 24 32 21 48 12 39 49 7 45 31 27 9 34 16 15 6 37 36 33 0 40 42 43 2 22 10 14 13 8 11 30 44 1 38 46 26 17 23
Coste: 54033

GENERACION: 33
Mejor Solucion:  18 28 19 20 41 3 25 4 29 5 47 35 24 32 21 48 12 39 49 7 45 31 27 9 34 16 15 6 37 36 33 0 40 42 43 2 22 10 14 13 8 11 30 44 1 38 46 26 17 23
Coste: 54033

GENERACION: 34
Mejor Solucion:  18 28 19 20 41 3 25 4 29 5 47 35 24 32 21 48 12 39 49 7 45 31 27 9 34 16 15 6 37 36 33 0 40 42 43 2 22 10 14 13 8 11 30 44 1 38 46 26 17 23
Coste: 54033

GENERACION: 35
Mejor Solucion:  18 28 19 20 41 3 25 4 29 5 47 35 24 32 21 48 12 39 49 7 45 31 27 9 34 16 15 6 37 36 33 0 40 42 43 2 22 10 14 13 8 11 30 44 1 38 46 26 17 23
Coste: 54033

GENERACION: 36
Mejor Solucion:  18 28 19 20 41 3 25 4 29 5 47 35 24 32 21 48 12 39 49 7 45 31 27 9 34 16 15 6 37 36 33 0 40 42 43 2 22 10 14 13 8 11 30 44 1 38 46 26 17 23
Coste: 54033

GENERACION: 37
Mejor Solucion:  18 28 19 20 41 3 25 4 29 5 47 35 24 32 21 48 12 39 49 7 45 31 27 9 34 16 15 6 37 36 33 0 40 42 43 2 22 10 14 13 8 11 30 44 1 38 46 26 17 23
Coste: 54033

GENERACION: 38
Mejor Solucion:  18 28 19 20 41 3 25 4 29 5 47 35 24 32 21 48 12 39 49 7 45 31 27 9 34 16 15 6 37 36 33 0 40 42 43 2 22 10 14 13 8 11 30 44 1 38 46 26 17 23
Coste: 54033

GENERACION: 39
Mejor Solucion:  18 28 19 20 41 3 25 4 29 5 47 35 24 32 21 48 12 39 49 7 45 31 27 9 34 16 15 6 37 36 33 0 40 42 43 2 22 10 14 13 8 11 30 44 1 38 46 26 17 23
Coste: 54033

GENERACION: 40
Mejor Solucion:  18 4 19 3 41 22 27 5 46 7 47 35 24 30 13 9 49 39 12 10 45 31 34 29 36 40 16 6 11 14 8 37 15 42 0 38 43 20 2 33 17 21 32 44 1 25 48 26 28 23
Coste: 54031

GENERACION: 41
Mejor Solucion:  18 4 19 3 41 22 27 5 46 7 47 35 24 30 13 9 49 39 12 10 45 31 34 29 36 40 16 6 11 14 8 37 15 42 0 38 43 20 2 33 17 21 32 44 1 25 48 26 28 23
Coste: 54031

GENERACION: 42
Mejor Solucion:  18 4 19 3 41 22 27 5 46 7 47 35 24 30 13 9 49 39 12 10 45 31 34 29 36 40 16 6 11 14 8 37 15 42 0 38 43 20 2 33 17 21 32 44 1 25 48 26 28 23
Coste: 54031

GENERACION: 43
Mejor Solucion:  18 4 19 3 41 22 27 5 46 7 47 35 24 30 13 9 49 39 12 10 45 31 34 29 36 40 16 6 11 14 8 37 15 42 0 38 43 20 2 33 17 21 32 44 1 25 48 26 28 23
Coste: 54031

GENERACION: 44
Mejor Solucion:  18 4 19 3 41 22 27 5 46 7 47 35 24 30 13 9 49 39 12 10 45 31 34 29 36 40 16 6 11 14 8 37 15 42 0 38 43 20 2 33 17 21 32 44 1 25 48 26 28 23
Coste: 54031

GENERACION: 45
Mejor Solucion:  18 4 19 3 41 22 27 5 46 7 47 35 24 30 13 9 49 39 12 10 45 31 34 29 36 40 16 6 11 14 8 37 15 42 0 38 43 20 2 33 17 21 32 44 1 25 48 26 28 23
Coste: 54031

GENERACION: 46
Mejor Solucion:  18 4 19 3 41 22 27 5 46 7 47 35 24 30 13 9 49 39 12 10 45 31 34 29 36 40 16 6 11 14 8 37 15 42 0 38 43 20 2 33 17 21 32 44 1 25 48 26 28 23
Coste: 54031

GENERACION: 47
Mejor Solucion:  18 4 19 3 41 22 27 5 46 7 47 35 24 30 13 9 49 39 12 10 45 31 34 29 36 40 16 6 11 14 8 37 15 42 0 38 43 20 2 33 17 21 32 44 1 25 48 26 28 23
Coste: 54031

GENERACION: 48
Mejor Solucion:  18 4 19 3 41 22 27 5 46 7 47 35 24 30 13 9 49 39 12 10 45 31 34 29 36 40 16 6 11 14 8 37 15 42 0 38 43 20 2 33 17 21 32 44 1 25 48 26 28 23
Coste: 54031

GENERACION: 49
Mejor Solucion:  18 4 19 3 41 22 27 5 46 7 47 35 24 30 13 9 49 39 12 10 45 31 34 29 36 40 16 6 11 14 8 37 15 42 0 38 43 20 2 33 17 21 32 44 1 25 48 26 28 23
Coste: 54031

GENERACION: 50
Mejor Solucion:  18 4 19 3 41 22 27 5 46 7 47 35 24 30 13 9 49 39 12 10 45 31 34 29 36 40 16 6 11 14 8 37 15 42 0 38 43 20 2 33 17 21 32 44 1 25 48 26 28 23
Coste: 54031

GENERACION: 51
Mejor Solucion:  18 4 19 3 41 22 27 5 46 7 47 35 24 30 13 9 49 39 12 10 45 31 34 29 36 40 16 6 11 14 8 37 15 42 0 38 43 20 2 33 17 21 32 44 1 25 48 26 28 23
Coste: 54031

GENERACION: 52
Mejor Solucion:  18 4 19 3 41 22 27 5 46 7 47 35 24 30 13 9 49 39 12 10 45 31 34 29 36 40 16 6 11 14 8 37 15 42 0 38 43 20 2 33 17 21 32 44 1 25 48 26 28 23
Coste: 54031

GENERACION: 53
Mejor Solucion:  18 4 30 3 41 22 27 33 46 7 47 35 24 9 32 19 39 34 44 49 45 31 42 29 36 40 16 6 11 14 0 15 37 10 8 38 43 20 2 5 28 21 13 12 1 25 48 26 17 23
Coste: 53898

GENERACION: 54
Mejor Solucion:  18 4 30 3 41 22 27 33 46 7 47 35 24 9 32 19 39 34 44 49 45 31 42 29 36 40 16 6 11 14 0 15 37 10 8 38 43 20 2 5 28 21 13 12 1 25 48 26 17 23
Coste: 53898

GENERACION: 55
Mejor Solucion:  18 4 30 27 41 22 3 33 46 29 47 35 24 9 32 19 39 34 44 49 45 31 42 7 11 38 16 23 36 14 0 15 37 10 8 40 43 20 5 2 28 21 13 12 1 25 48 26 17 6
Coste: 53686

GENERACION: 56
Mejor Solucion:  38 4 30 3 41 22 23 33 19 7 47 35 24 9 32 46 39 34 44 49 45 31 42 29 36 27 16 6 11 14 0 15 37 10 8 40 43 20 5 2 28 21 13 12 1 25 48 26 17 18
Coste: 53646

GENERACION: 57
Mejor Solucion:  38 4 30 3 41 22 23 33 19 7 47 35 24 9 32 46 39 34 44 49 45 31 42 29 36 27 16 6 11 14 0 15 37 10 8 40 43 20 5 2 28 21 13 12 1 25 48 26 17 18
Coste: 53646

GENERACION: 58
Mejor Solucion:  38 4 30 3 41 22 23 33 19 7 47 35 24 9 32 46 39 34 44 49 45 31 42 29 36 27 16 6 11 14 0 15 37 10 8 40 43 20 5 2 28 21 13 12 1 25 48 26 17 18
Coste: 53646

GENERACION: 59
Mejor Solucion:  38 4 30 3 41 22 23 33 19 7 47 35 24 9 32 46 39 34 44 49 45 31 42 29 36 27 16 6 11 14 0 15 37 10 8 40 43 20 5 2 28 21 13 12 1 25 48 26 17 18
Coste: 53646

GENERACION: 60
Mejor Solucion:  38 4 30 3 41 22 23 33 19 7 47 35 24 9 32 46 39 34 44 49 45 31 42 29 36 27 16 6 11 14 0 15 37 10 8 40 43 20 5 2 28 21 13 12 1 25 48 26 17 18
Coste: 53646

GENERACION: 61
Mejor Solucion:  45 4 30 43 41 22 18 33 46 7 47 35 25 9 32 19 39 23 44 11 34 31 42 29 36 27 16 6 14 49 0 20 37 10 8 40 3 15 5 2 28 21 13 12 1 24 48 26 17 38
Coste: 53568

GENERACION: 62
Mejor Solucion:  45 4 30 17 41 22 18 33 46 7 47 35 25 9 32 19 39 23 44 11 34 31 42 29 36 27 16 6 14 49 0 20 37 10 8 40 3 15 5 2 28 21 13 12 1 24 48 26 43 38
Coste: 53283

GENERACION: 63
Mejor Solucion:  45 4 30 43 41 5 18 33 46 44 47 35 25 9 32 19 39 23 15 11 34 31 42 29 36 0 16 6 14 49 27 20 37 10 8 40 3 7 22 2 28 21 13 12 1 24 48 26 17 38
Coste: 53246

GENERACION: 64
Mejor Solucion:  45 4 30 43 41 5 18 33 46 44 47 35 25 9 32 19 39 23 15 11 34 31 42 29 36 0 16 6 14 49 27 20 37 10 8 40 3 7 22 2 28 21 13 12 1 24 48 26 17 38
Coste: 53246

GENERACION: 65
Mejor Solucion:  45 4 30 43 41 5 18 33 46 44 47 35 25 9 32 19 39 23 15 11 34 31 42 29 36 0 16 6 14 49 27 20 37 10 8 40 3 7 22 2 28 21 13 12 1 24 48 26 17 38
Coste: 53246

GENERACION: 66
Mejor Solucion:  45 4 30 43 41 5 18 33 46 44 47 35 25 9 32 19 39 23 15 11 34 31 42 29 36 0 16 6 14 49 27 20 37 10 8 40 3 7 22 2 28 21 13 12 1 24 48 26 17 38
Coste: 53246

GENERACION: 67
Mejor Solucion:  45 4 30 43 41 5 18 33 46 44 47 35 25 9 32 19 39 23 15 11 34 31 42 29 36 0 16 6 14 49 27 20 37 10 8 40 3 7 22 2 28 21 13 12 1 24 48 26 17 38
Coste: 53246

GENERACION: 68
Mejor Solucion:  45 4 30 43 41 5 18 33 46 44 47 35 25 9 32 19 39 23 15 11 34 31 42 29 36 0 16 6 14 49 27 20 37 10 8 40 3 7 22 2 28 21 13 12 1 24 48 26 17 38
Coste: 53246

GENERACION: 69
Mejor Solucion:  45 4 30 43 41 5 18 33 46 44 47 35 25 9 32 19 39 23 15 11 34 31 42 29 36 0 16 6 14 49 27 20 37 10 8 40 3 7 22 2 28 21 13 12 1 24 48 26 17 38
Coste: 53246

GENERACION: 70
Mejor Solucion:  45 4 30 43 41 5 18 33 46 44 47 35 25 9 32 19 39 23 15 11 34 31 42 29 36 0 16 6 14 49 27 20 37 10 8 40 3 7 22 2 28 21 13 12 1 24 48 26 17 38
Coste: 53246

GENERACION: 71
Mejor Solucion:  45 4 30 43 41 5 18 33 46 44 47 35 25 9 32 19 39 23 15 11 34 31 42 29 36 0 16 6 14 49 27 20 37 10 8 40 3 7 22 2 28 21 13 12 1 24 48 26 17 38
Coste: 53246

GENERACION: 72
Mejor Solucion:  45 4 30 43 41 5 18 33 46 44 47 35 25 9 32 19 39 23 15 11 34 31 42 29 36 0 16 6 14 49 27 20 37 10 8 40 3 7 22 2 28 21 13 12 1 24 48 26 17 38
Coste: 53246

GENERACION: 73
Mejor Solucion:  45 4 30 43 41 5 18 33 46 44 47 35 25 9 32 19 39 23 15 11 34 31 42 29 36 0 16 6 14 49 27 20 37 10 8 40 3 7 22 2 28 21 13 12 1 24 48 26 17 38
Coste: 53246

GENERACION: 74
Mejor Solucion:  45 4 30 43 41 5 18 33 46 44 47 35 25 9 32 19 39 23 15 11 34 31 42 29 36 0 16 6 14 49 27 20 37 10 8 40 3 7 22 2 28 21 13 12 1 24 48 26 17 38
Coste: 53246

GENERACION: 75
Mejor Solucion:  45 4 30 43 41 5 18 33 46 44 47 35 25 9 32 19 39 23 15 11 34 31 42 29 36 0 16 6 14 49 27 20 37 10 8 40 3 7 22 2 28 21 13 12 1 24 48 26 17 38
Coste: 53246

GENERACION: 76
Mejor Solucion:  45 4 30 43 41 5 18 33 46 44 47 35 25 9 32 19 39 23 15 11 34 31 42 29 36 0 16 6 14 49 27 20 37 10 8 40 3 7 22 2 28 21 13 12 1 24 48 26 17 38
Coste: 53246

GENERACION: 77
Mejor Solucion:  45 4 30 43 41 5 18 33 46 44 47 35 25 9 32 19 39 23 15 11 34 31 42 29 36 0 16 6 14 49 27 20 37 10 8 40 3 7 22 2 28 21 13 12 1 24 48 26 17 38
Coste: 53246

GENERACION: 78
Mejor Solucion:  45 4 30 43 41 5 18 33 46 44 47 35 25 9 32 19 39 23 15 11 34 31 42 29 36 0 16 6 14 49 27 20 37 10 8 40 3 7 22 2 28 21 13 12 1 24 48 26 17 38
Coste: 53246

GENERACION: 79
Mejor Solucion:  45 4 30 43 41 5 18 33 46 44 47 35 25 9 32 19 39 23 15 11 34 31 42 29 36 0 16 6 14 49 27 20 37 10 8 40 3 7 22 2 28 21 13 12 1 24 48 26 17 38
Coste: 53246

GENERACION: 80
Mejor Solucion:  45 4 30 43 41 5 18 33 46 44 47 35 25 9 32 19 39 23 15 11 34 31 42 29 36 0 16 6 14 49 27 20 37 10 8 40 3 7 22 2 28 21 13 12 1 24 48 26 17 38
Coste: 53246

GENERACION: 81
Mejor Solucion:  45 4 30 43 41 5 18 33 46 44 47 35 25 9 32 19 39 23 15 11 34 31 42 29 36 0 16 6 14 49 27 20 37 10 8 40 3 7 22 2 28 21 13 12 1 24 48 26 17 38
Coste: 53246

GENERACION: 82
Mejor Solucion:  45 4 30 43 41 5 18 33 46 44 47 35 25 9 32 19 39 23 15 11 34 31 42 29 36 0 16 6 14 49 27 20 37 10 8 40 3 7 22 2 28 21 13 12 1 24 48 26 17 38
Coste: 53246

GENERACION: 83
Mejor Solucion:  45 4 30 43 41 5 18 33 46 44 47 35 25 9 32 19 39 23 15 11 34 31 42 29 36 0 16 6 14 49 27 20 37 10 8 40 3 7 22 2 28 21 13 12 1 24 48 26 17 38
Coste: 53246

GENERACION: 84
Mejor Solucion:  45 4 30 43 41 5 18 33 46 44 47 35 25 9 32 19 39 23 15 11 34 31 42 29 36 0 16 6 14 49 27 20 37 10 8 40 3 7 22 2 28 21 13 12 1 24 48 26 17 38
Coste: 53246

GENERACION: 85
Mejor Solucion:  45 4 30 43 41 5 18 33 46 44 47 35 25 9 32 19 39 23 15 11 34 31 42 29 36 0 16 6 14 49 27 20 37 10 8 40 3 7 22 2 28 21 13 12 1 24 48 26 17 38
Coste: 53246

GENERACION: 86
Mejor Solucion:  45 4 30 43 41 5 18 33 46 44 47 35 25 9 32 19 39 23 15 11 34 31 42 29 36 0 16 6 14 49 27 20 37 10 8 40 3 7 22 2 28 21 13 12 1 24 48 26 17 38
Coste: 53246

GENERACION: 87
Mejor Solucion:  45 4 30 43 41 5 18 33 46 44 47 35 25 9 32 19 39 23 15 11 34 31 42 29 36 0 16 6 14 49 27 20 37 10 8 40 3 7 22 2 28 21 13 12 1 24 48 26 17 38
Coste: 53246

GENERACION: 88
Mejor Solucion:  45 4 30 43 41 5 18 33 46 44 47 35 25 9 32 19 39 23 15 11 34 31 42 29 36 0 16 6 14 49 27 20 37 10 8 40 3 7 22 2 28 21 13 12 1 24 48 26 17 38
Coste: 53246

GENERACION: 89
Mejor Solucion:  45 4 30 43 41 5 18 33 46 44 47 35 25 9 32 19 39 23 15 11 34 31 42 29 36 0 16 6 14 49 27 20 37 10 8 40 3 7 22 2 28 21 13 12 1 24 48 26 17 38
Coste: 53246

GENERACION: 90
Mejor Solucion:  45 4 30 43 41 5 18 33 46 44 47 35 25 9 32 19 39 23 15 11 34 31 42 29 36 0 16 6 14 49 27 20 37 10 8 40 3 7 22 2 28 21 13 12 1 24 48 26 17 38
Coste: 53246

GENERACION: 91
Mejor Solucion:  45 4 30 43 41 5 18 33 46 44 47 35 25 9 32 19 39 23 15 11 34 31 42 29 36 0 16 6 14 49 27 20 37 10 8 40 3 7 22 2 28 21 13 12 1 24 48 26 17 38
Coste: 53246

GENERACION: 92
Mejor Solucion:  45 4 30 43 41 5 18 33 46 44 47 35 25 9 32 19 39 23 15 11 34 31 42 29 36 0 16 6 14 49 27 20 37 10 8 40 3 7 22 2 28 21 13 12 1 24 48 26 17 38
Coste: 53246

GENERACION: 93
Mejor Solucion:  45 4 30 43 41 5 18 33 46 44 47 35 25 9 32 19 39 23 15 11 34 31 42 29 36 0 16 6 14 49 27 20 37 10 8 40 3 7 22 2 28 21 13 12 1 24 48 26 17 38
Coste: 53246

GENERACION: 94
Mejor Solucion:  45 4 30 43 41 5 18 33 46 44 47 35 25 9 32 19 39 23 15 11 34 31 42 29 36 0 16 6 14 49 27 20 37 10 8 40 3 7 22 2 28 21 13 12 1 24 48 26 17 38
Coste: 53246

GENERACION: 95
Mejor Solucion:  45 4 30 43 41 5 18 33 46 44 47 35 25 9 32 19 39 23 15 11 34 31 42 29 36 0 16 6 14 49 27 20 37 10 8 40 3 7 22 2 28 21 13 12 1 24 48 26 17 38
Coste: 53246

GENERACION: 96
Mejor Solucion:  45 4 30 43 41 5 18 33 46 44 47 35 25 9 32 19 39 23 15 11 34 31 42 29 36 0 16 6 14 49 27 20 37 10 8 40 3 7 22 2 28 21 13 12 1 24 48 26 17 38
Coste: 53246

GENERACION: 97
Mejor Solucion:  45 4 30 43 41 5 18 33 46 44 47 35 25 9 32 19 39 23 15 11 34 31 42 29 36 0 16 6 14 49 27 20 37 10 8 40 3 7 22 2 28 21 13 12 1 24 48 26 17 38
Coste: 53246

GENERACION: 98
Mejor Solucion:  45 4 30 43 41 5 18 33 46 44 47 35 25 9 32 19 39 23 15 11 34 31 42 29 36 0 16 6 14 49 27 20 37 10 8 40 3 7 22 2 28 21 13 12 1 24 48 26 17 38
Coste: 53246

GENERACION: 99
Mejor Solucion:  45 4 30 43 41 5 18 33 46 44 47 35 25 9 32 19 39 23 15 11 34 31 42 29 36 0 16 6 14 49 27 20 37 10 8 40 3 7 22 2 28 21 13 12 1 24 48 26 17 38
Coste: 53246

GENERACION: 100
Mejor Solucion:  45 4 30 43 41 5 18 33 46 44 47 35 25 9 32 19 39 23 15 11 34 31 42 29 36 0 16 6 14 49 27 20 37 10 8 40 3 7 22 2 28 21 13 12 1 24 48 26 17 38
Coste: 53246

GENERACION: 101
Mejor Solucion:  45 4 30 43 41 5 18 33 46 44 47 35 25 9 32 19 39 23 15 11 34 31 42 29 36 0 16 6 14 49 27 20 37 10 8 40 3 7 22 2 28 21 13 12 1 24 48 26 17 38
Coste: 53246

GENERACION: 102
Mejor Solucion:  45 4 30 43 41 5 18 33 46 44 47 35 25 9 32 19 39 23 15 11 34 31 42 29 36 0 16 6 14 49 27 20 37 10 8 40 3 7 22 2 28 21 13 12 1 24 48 26 17 38
Coste: 53246

GENERACION: 103
Mejor Solucion:  45 4 30 43 41 5 18 33 46 44 47 35 25 9 32 19 39 23 15 11 34 31 42 29 36 0 16 6 14 49 27 20 37 10 8 40 3 7 22 2 28 21 13 12 1 24 48 26 17 38
Coste: 53246

GENERACION: 104
Mejor Solucion:  45 4 30 43 41 5 18 33 46 44 47 35 25 9 32 19 39 23 15 11 34 31 42 29 36 0 16 6 14 49 27 20 37 10 8 40 3 7 22 2 28 21 13 12 1 24 48 26 17 38
Coste: 53246

GENERACION: 105
Mejor Solucion:  45 4 30 43 41 5 18 33 46 44 47 35 25 9 32 19 39 23 15 11 34 31 42 29 36 0 16 6 14 49 27 20 37 10 8 40 3 7 22 2 28 21 13 12 1 24 48 26 17 38
Coste: 53246

GENERACION: 106
Mejor Solucion:  45 4 30 43 41 5 18 33 46 44 47 35 25 9 32 19 39 23 15 11 34 31 42 29 36 0 16 6 14 49 27 20 37 10 8 40 3 7 22 2 28 21 13 12 1 24 48 26 17 38
Coste: 53246

GENERACION: 107
Mejor Solucion:  45 4 30 43 41 5 18 33 46 44 47 35 25 9 32 19 39 23 15 11 34 31 42 29 36 0 16 6 14 49 27 20 37 10 8 40 3 7 22 2 28 21 13 12 1 24 48 26 17 38
Coste: 53246

GENERACION: 108
Mejor Solucion:  45 4 30 43 41 5 18 33 46 44 47 35 25 9 32 19 39 23 15 11 34 31 42 29 36 0 16 6 14 49 27 20 37 10 8 40 3 7 22 2 28 21 13 12 1 24 48 26 17 38
Coste: 53246

GENERACION: 109
Mejor Solucion:  45 4 30 43 41 5 18 33 46 44 47 35 25 9 32 19 39 23 15 11 34 31 42 29 36 0 16 6 14 49 27 20 37 10 8 40 3 7 22 2 28 21 13 12 1 24 48 26 17 38
Coste: 53246

GENERACION: 110
Mejor Solucion:  45 4 30 43 41 5 18 33 46 44 47 35 25 9 32 19 39 23 15 11 34 31 42 29 36 0 16 6 14 49 27 20 37 10 8 40 3 7 22 2 28 21 13 12 1 24 48 26 17 38
Coste: 53246

GENERACION: 111
Mejor Solucion:  45 4 30 43 41 5 18 33 46 44 47 35 25 9 32 19 39 23 15 11 34 31 42 29 36 0 16 6 14 49 27 20 37 10 8 40 3 7 22 2 28 21 13 12 1 24 48 26 17 38
Coste: 53246

GENERACION: 112
Mejor Solucion:  45 4 30 43 41 5 18 33 46 44 47 35 25 9 32 19 39 23 15 11 34 31 42 29 36 0 16 6 14 49 27 20 37 10 8 40 3 7 22 2 28 21 13 12 1 24 48 26 17 38
Coste: 53246

GENERACION: 113
Mejor Solucion:  45 4 30 43 41 5 18 33 46 44 47 35 25 9 32 19 39 23 15 11 34 31 42 29 36 0 16 6 14 49 27 20 37 10 8 40 3 7 22 2 28 21 13 12 1 24 48 26 17 38
Coste: 53246

GENERACION: 114
Mejor Solucion:  45 4 30 43 41 5 18 33 46 44 47 35 25 9 32 19 39 23 15 11 34 31 42 29 36 0 16 6 14 49 27 20 37 10 8 40 3 7 22 2 28 21 13 12 1 24 48 26 17 38
Coste: 53246

GENERACION: 115
Mejor Solucion:  45 4 30 43 41 5 18 33 46 44 47 35 25 9 32 19 39 23 15 11 34 31 42 29 36 0 16 6 14 49 27 20 37 10 8 40 3 7 22 2 28 21 13 12 1 24 48 26 17 38
Coste: 53246

GENERACION: 116
Mejor Solucion:  45 4 30 43 41 5 18 33 46 44 47 35 25 9 32 19 39 23 15 11 34 31 42 29 36 0 16 6 14 49 27 20 37 10 8 40 3 7 22 2 28 21 13 12 1 24 48 26 17 38
Coste: 53246

GENERACION: 117
Mejor Solucion:  45 4 30 43 41 5 18 33 46 44 47 35 25 9 32 19 39 23 15 11 34 31 42 29 36 0 16 6 14 49 27 20 37 10 8 40 3 7 22 2 28 21 13 12 1 24 48 26 17 38
Coste: 53246

GENERACION: 118
Mejor Solucion:  45 4 30 43 41 5 18 33 46 44 47 35 25 9 32 19 39 23 15 11 34 31 42 29 36 0 16 6 14 49 27 20 37 10 8 40 3 7 22 2 28 21 13 12 1 24 48 26 17 38
Coste: 53246

GENERACION: 119
Mejor Solucion:  45 4 30 43 41 5 18 33 46 44 47 35 25 9 32 19 39 23 15 11 34 31 42 29 36 0 16 6 14 49 27 20 37 10 8 40 3 7 22 2 28 21 13 12 1 24 48 26 17 38
Coste: 53246

GENERACION: 120
Mejor Solucion:  45 4 30 43 41 5 18 33 46 44 47 35 25 9 32 19 39 23 15 11 34 31 42 29 36 0 16 6 14 49 27 20 37 10 8 40 3 7 22 2 28 21 13 12 1 24 48 26 17 38
Coste: 53246

GENERACION: 121
Mejor Solucion:  45 4 30 43 41 5 18 33 46 44 47 35 25 9 32 19 39 23 15 11 34 31 42 29 36 0 16 6 14 49 27 20 37 10 8 40 3 7 22 2 28 21 13 12 1 24 48 26 17 38
Coste: 53246

GENERACION: 122
Mejor Solucion:  45 4 30 43 41 5 18 33 46 44 47 35 25 9 32 19 39 23 15 11 34 31 42 29 36 0 16 6 14 49 27 20 37 10 8 40 3 7 22 2 28 21 13 12 1 24 48 26 17 38
Coste: 53246

GENERACION: 123
Mejor Solucion:  45 4 30 43 41 5 18 33 46 44 47 35 25 9 32 19 39 23 15 11 34 31 42 29 36 0 16 6 14 49 27 20 37 10 8 40 3 7 22 2 28 21 13 12 1 24 48 26 17 38
Coste: 53246

GENERACION: 124
Mejor Solucion:  45 4 30 43 41 5 18 33 46 44 47 35 25 9 32 19 39 23 15 11 34 31 42 29 36 0 16 6 14 49 27 20 37 10 8 40 3 7 22 2 28 21 13 12 1 24 48 26 17 38
Coste: 53246

GENERACION: 125
Mejor Solucion:  45 4 30 43 41 5 18 33 46 44 47 35 25 9 32 19 39 23 15 11 34 31 42 29 36 0 16 6 14 49 27 20 37 10 8 40 3 7 22 2 28 21 13 12 1 24 48 26 17 38
Coste: 53246

GENERACION: 126
Mejor Solucion:  45 4 1 43 41 5 18 33 46 10 47 35 25 9 32 19 39 23 15 11 34 31 42 29 36 0 16 6 14 49 27 20 37 44 8 40 3 7 22 2 28 21 13 12 30 24 48 26 17 38
Coste: 53221

GENERACION: 127
Mejor Solucion:  45 4 1 43 41 5 18 33 46 10 47 35 25 9 32 19 39 23 15 11 34 31 42 29 36 0 16 6 14 49 27 20 37 44 8 40 3 7 22 2 28 21 13 12 30 24 48 26 17 38
Coste: 53221

GENERACION: 128
Mejor Solucion:  45 4 1 43 41 5 18 33 46 10 47 35 25 9 32 19 39 23 15 11 34 31 42 29 36 0 16 6 14 49 27 20 37 44 8 40 3 7 22 2 28 21 13 12 30 24 48 26 17 38
Coste: 53221

GENERACION: 129
Mejor Solucion:  45 4 1 43 41 5 18 33 46 10 47 35 25 9 32 19 39 23 15 11 34 31 42 29 36 0 16 6 14 49 27 20 37 44 8 40 3 7 22 2 28 21 13 12 30 24 48 26 17 38
Coste: 53221

GENERACION: 130
Mejor Solucion:  45 4 1 43 41 5 18 33 46 10 47 35 25 9 32 19 39 23 15 11 34 31 42 29 36 0 16 6 14 49 27 20 37 44 8 40 3 7 22 2 28 21 13 12 30 24 48 26 17 38
Coste: 53221

GENERACION: 131
Mejor Solucion:  45 4 1 43 41 5 18 33 46 10 47 35 25 9 32 19 39 23 15 11 34 31 42 29 36 0 16 6 14 49 27 20 37 44 8 40 3 7 22 2 28 21 13 12 30 24 48 26 17 38
Coste: 53221

GENERACION: 132
Mejor Solucion:  45 4 1 43 41 5 18 33 46 10 47 35 25 9 32 19 39 23 15 11 34 31 42 29 36 0 16 6 14 49 27 20 37 44 8 40 3 7 22 2 28 21 13 12 30 24 48 26 17 38
Coste: 53221

GENERACION: 133
Mejor Solucion:  45 4 1 43 41 5 18 33 46 10 47 35 25 9 32 19 39 23 15 11 34 31 42 29 36 0 16 6 14 49 27 20 37 44 8 40 3 7 22 2 28 21 13 12 30 24 48 26 17 38
Coste: 53221

GENERACION: 134
Mejor Solucion:  45 4 1 43 41 5 18 33 46 10 47 35 25 9 32 19 39 23 15 11 34 31 42 29 36 0 16 6 14 49 27 20 37 44 8 40 3 7 22 2 28 21 13 12 30 24 48 26 17 38
Coste: 53221

GENERACION: 135
Mejor Solucion:  45 4 1 43 41 5 18 33 46 10 47 35 25 9 32 19 39 23 15 11 34 31 42 29 36 0 16 6 14 49 27 20 37 44 8 40 3 7 22 2 28 21 13 12 30 24 48 26 17 38
Coste: 53221

GENERACION: 136
Mejor Solucion:  45 4 1 43 41 5 18 33 46 10 47 35 25 9 32 19 39 23 15 11 34 31 42 29 36 0 16 6 14 49 27 20 37 44 8 40 3 7 22 2 28 21 13 12 30 24 48 26 17 38
Coste: 53221

GENERACION: 137
Mejor Solucion:  45 4 1 43 41 5 18 33 46 10 47 35 25 9 32 19 39 23 15 11 34 31 42 29 36 0 16 6 14 49 27 20 37 44 8 40 3 7 22 2 28 21 13 12 30 24 48 26 17 38
Coste: 53221

GENERACION: 138
Mejor Solucion:  45 4 1 43 41 5 18 33 46 10 47 35 25 9 32 19 39 23 15 11 34 31 42 29 36 0 16 6 14 49 27 20 37 44 8 40 3 7 22 2 28 21 13 12 30 24 48 26 17 38
Coste: 53221

GENERACION: 139
Mejor Solucion:  45 4 1 43 41 5 18 33 46 10 47 35 25 9 32 19 39 23 15 11 34 31 42 29 36 0 16 6 14 49 27 20 37 44 8 40 3 7 22 2 28 21 13 12 30 24 48 26 17 38
Coste: 53221

GENERACION: 140
Mejor Solucion:  45 4 1 43 41 5 18 33 46 10 47 35 25 9 32 19 39 23 15 11 34 31 42 29 36 0 16 6 14 49 27 20 37 44 8 40 3 7 22 2 28 21 13 12 30 24 48 26 17 38
Coste: 53221

GENERACION: 141
Mejor Solucion:  45 4 1 43 41 5 18 33 46 10 47 35 25 9 32 19 39 23 15 11 34 31 42 29 36 0 16 6 14 49 27 20 37 44 8 40 3 7 22 2 28 21 13 12 30 24 48 26 17 38
Coste: 53221

GENERACION: 142
Mejor Solucion:  45 4 1 43 41 5 18 33 46 10 47 35 25 9 32 19 39 23 15 11 34 31 42 29 36 0 16 6 14 49 27 20 37 44 8 40 3 7 22 2 28 21 13 12 30 24 48 26 17 38
Coste: 53221

GENERACION: 143
Mejor Solucion:  45 4 1 43 41 5 18 33 46 10 47 35 25 9 32 19 39 23 15 11 34 31 42 29 36 0 16 6 14 49 27 20 37 44 8 40 3 7 22 2 28 21 13 12 30 24 48 26 17 38
Coste: 53221

GENERACION: 144
Mejor Solucion:  45 27 24 43 33 42 18 7 46 10 47 26 30 21 29 38 48 23 15 12 34 31 19 25 13 35 37 6 22 49 4 20 16 44 8 40 3 36 14 2 28 9 5 11 32 1 39 41 17 0
Coste: 53129

GENERACION: 145
Mejor Solucion:  45 27 24 43 33 42 18 7 46 10 47 26 30 21 29 38 48 23 15 12 34 31 19 25 13 35 37 6 22 49 4 20 16 44 8 40 3 36 14 2 28 9 5 11 32 1 39 41 17 0
Coste: 53129

GENERACION: 146
Mejor Solucion:  45 27 24 43 33 42 18 7 46 10 47 26 30 21 29 38 48 23 15 12 34 31 19 25 13 35 37 6 22 49 4 20 16 44 8 40 3 36 14 2 28 9 5 11 32 1 39 41 17 0
Coste: 53129

GENERACION: 147
Mejor Solucion:  45 27 24 43 33 42 18 7 46 10 47 26 30 21 29 38 48 23 15 12 34 31 19 25 13 35 37 6 22 49 4 20 16 44 8 40 3 36 14 2 28 9 5 11 32 1 39 41 17 0
Coste: 53129

GENERACION: 148
Mejor Solucion:  45 27 24 43 33 42 18 7 46 10 47 26 30 21 29 38 48 23 15 12 34 31 19 25 13 35 37 6 22 49 4 20 16 44 8 40 3 36 14 2 28 9 5 11 32 1 39 41 17 0
Coste: 53129

GENERACION: 149
Mejor Solucion:  45 27 24 43 33 42 18 7 46 10 47 26 30 21 29 38 48 23 15 12 34 31 19 25 13 35 37 6 22 49 4 20 16 44 8 40 3 36 14 2 28 9 5 11 32 1 39 41 17 0
Coste: 53129

GENERACION: 150
Mejor Solucion:  45 27 24 43 33 42 18 7 46 10 47 26 30 21 29 38 48 23 15 12 34 31 19 25 13 35 37 6 22 49 4 20 16 44 8 40 3 36 14 2 28 9 5 11 32 1 39 41 17 0
Coste: 53129

GENERACION: 151
Mejor Solucion:  4 27 24 43 14 42 18 7 46 10 13 1 37 21 12 38 48 23 15 29 34 31 19 25 47 35 30 6 22 49 9 20 16 44 8 40 3 36 33 2 28 45 5 11 32 26 39 41 17 0
Coste: 53090

GENERACION: 152
Mejor Solucion:  4 27 24 43 14 42 18 7 46 10 13 1 37 21 12 38 48 23 15 29 34 31 19 25 47 35 30 6 22 49 9 20 16 44 8 40 3 36 33 2 28 45 5 11 32 26 39 41 17 0
Coste: 53090

GENERACION: 153
Mejor Solucion:  4 27 24 43 14 42 18 7 46 10 13 1 37 21 12 38 48 23 15 29 34 31 19 25 47 35 30 6 22 49 9 20 16 44 8 40 3 36 33 2 28 45 5 11 32 26 39 41 17 0
Coste: 53090

GENERACION: 154
Mejor Solucion:  4 27 24 43 14 42 18 7 46 10 13 1 37 21 12 38 48 23 15 29 34 31 19 25 47 35 30 6 22 49 9 20 16 44 8 40 3 36 33 2 28 45 5 11 32 26 39 41 17 0
Coste: 53090

GENERACION: 155
Mejor Solucion:  4 27 24 43 14 42 18 7 46 10 13 1 37 21 12 38 48 23 15 29 34 31 19 25 47 35 30 6 22 49 9 20 16 44 8 40 3 36 33 2 28 45 5 11 32 26 39 41 17 0
Coste: 53090

GENERACION: 156
Mejor Solucion:  4 27 24 43 14 42 18 7 46 10 13 1 37 21 12 38 48 23 15 29 34 31 19 25 47 35 30 6 22 49 9 20 16 44 8 40 3 36 33 2 28 45 5 11 32 26 39 41 17 0
Coste: 53090

GENERACION: 157
Mejor Solucion:  4 27 24 43 14 42 18 7 46 10 13 1 37 21 12 38 48 23 15 29 34 31 19 25 47 35 30 6 22 49 9 20 16 44 8 40 3 36 33 2 28 45 5 11 32 26 39 41 17 0
Coste: 53090

GENERACION: 158
Mejor Solucion:  4 27 24 43 14 42 18 7 46 10 13 1 37 21 12 38 48 23 15 29 34 31 19 25 47 35 30 6 22 49 9 20 16 44 8 40 3 36 33 2 28 45 5 11 32 26 39 41 17 0
Coste: 53090

GENERACION: 159
Mejor Solucion:  4 27 24 43 14 42 18 7 46 10 13 1 37 21 12 38 48 23 15 29 34 31 19 25 47 35 30 6 22 49 9 20 16 44 8 40 3 36 33 2 28 45 5 11 32 26 39 41 17 0
Coste: 53090

GENERACION: 160
Mejor Solucion:  4 27 24 43 14 42 18 7 46 10 13 1 37 21 12 38 48 23 15 29 34 31 19 25 47 35 30 6 22 49 9 20 16 44 8 40 3 36 33 2 28 45 5 11 32 26 39 41 17 0
Coste: 53090

GENERACION: 161
Mejor Solucion:  4 27 24 43 14 42 18 7 46 10 13 1 37 21 12 38 48 23 15 29 34 31 19 25 47 35 30 6 22 49 9 20 16 44 8 40 3 36 33 2 28 45 5 11 32 26 39 41 17 0
Coste: 53090

GENERACION: 162
Mejor Solucion:  4 27 24 43 14 42 18 7 46 10 13 1 37 21 12 38 48 23 15 29 34 31 19 25 47 35 30 6 22 49 9 20 16 44 8 40 3 36 33 2 28 45 5 11 32 26 39 41 17 0
Coste: 53090

GENERACION: 163
Mejor Solucion:  4 27 24 43 14 42 18 7 46 10 13 1 37 21 12 38 48 23 15 29 34 31 19 25 47 35 30 6 22 49 9 20 16 44 8 40 3 36 33 2 28 45 5 11 32 26 39 41 17 0
Coste: 53090

GENERACION: 164
Mejor Solucion:  4 27 24 43 14 42 18 7 46 10 13 1 37 21 12 38 48 23 15 29 34 31 19 25 47 35 30 6 22 49 9 20 16 44 8 40 3 36 33 2 28 45 5 11 32 26 39 41 17 0
Coste: 53090

GENERACION: 165
Mejor Solucion:  4 27 24 43 14 42 18 7 46 10 13 1 37 21 12 38 48 23 15 29 34 31 19 25 47 35 30 6 22 49 9 20 16 44 8 40 3 36 33 2 28 45 5 11 32 26 39 41 17 0
Coste: 53090

GENERACION: 166
Mejor Solucion:  4 27 24 43 14 42 18 7 46 10 13 1 37 21 12 38 48 23 15 29 34 31 19 25 47 35 30 6 22 49 9 20 16 44 8 40 3 36 33 2 28 45 5 11 32 26 39 41 17 0
Coste: 53090

GENERACION: 167
Mejor Solucion:  4 27 24 43 14 42 18 7 46 10 13 1 37 21 12 38 48 23 15 29 34 31 19 25 47 35 30 6 22 49 9 20 16 44 8 40 3 36 33 2 28 45 5 11 32 26 39 41 17 0
Coste: 53090

GENERACION: 168
Mejor Solucion:  4 27 24 43 14 42 18 7 46 10 13 1 37 21 12 38 48 23 15 29 34 31 19 25 47 35 30 6 22 49 9 20 16 44 8 40 3 36 33 2 28 45 5 11 32 26 39 41 17 0
Coste: 53090

GENERACION: 169
Mejor Solucion:  4 27 24 43 14 42 18 7 46 10 13 1 37 21 12 38 48 23 15 29 34 31 19 25 47 35 30 6 22 49 9 20 16 44 8 40 3 36 33 2 28 45 5 11 32 26 39 41 17 0
Coste: 53090

GENERACION: 170
Mejor Solucion:  4 27 24 43 14 42 18 7 46 10 13 1 37 21 12 38 48 23 15 29 34 31 19 25 47 35 30 6 22 49 9 20 16 44 8 40 3 36 33 2 28 45 5 11 32 26 39 41 17 0
Coste: 53090

GENERACION: 171
Mejor Solucion:  4 27 24 43 14 42 18 7 46 10 13 1 37 21 12 38 48 23 15 29 34 31 19 25 47 35 30 6 22 49 9 20 16 44 8 40 3 36 33 2 28 45 5 11 32 26 39 41 17 0
Coste: 53090

GENERACION: 172
Mejor Solucion:  4 27 24 43 14 42 18 7 46 10 13 1 37 21 12 38 48 23 15 29 34 31 19 25 47 35 30 6 22 49 9 20 16 44 8 40 3 36 33 2 28 45 5 11 32 26 39 41 17 0
Coste: 53090

GENERACION: 173
Mejor Solucion:  4 27 24 43 14 42 18 7 46 10 13 1 37 21 12 38 48 23 15 29 34 31 19 25 47 35 30 6 22 49 9 20 16 44 8 40 3 36 33 2 28 45 5 11 32 26 39 41 17 0
Coste: 53090

GENERACION: 174
Mejor Solucion:  4 27 24 43 14 42 18 7 46 10 13 1 37 21 12 38 48 23 15 29 34 31 19 25 47 35 30 6 22 49 9 20 16 44 8 40 3 36 33 2 28 45 5 11 32 26 39 41 17 0
Coste: 53090

GENERACION: 175
Mejor Solucion:  4 27 24 43 14 42 18 7 46 10 13 1 37 21 12 38 48 23 15 29 34 31 19 25 47 35 30 6 22 49 9 20 16 44 8 40 3 36 33 2 28 45 5 11 32 26 39 41 17 0
Coste: 53090

GENERACION: 176
Mejor Solucion:  4 27 24 43 14 42 18 7 46 10 13 1 37 21 12 38 48 23 15 29 34 31 19 25 47 35 30 6 22 49 9 20 16 44 8 40 3 36 33 2 28 45 5 11 32 26 39 41 17 0
Coste: 53090

GENERACION: 177
Mejor Solucion:  4 27 24 43 14 42 18 7 46 10 13 1 37 21 12 38 48 23 15 29 34 31 19 25 47 35 30 6 22 49 9 20 16 44 8 40 3 36 33 2 28 45 5 11 32 26 39 41 17 0
Coste: 53090

GENERACION: 178
Mejor Solucion:  4 27 24 43 14 42 18 7 46 10 13 1 37 21 12 38 48 23 15 29 34 31 19 25 47 35 30 6 22 49 9 20 16 44 8 40 3 36 33 2 28 45 5 11 32 26 39 41 17 0
Coste: 53090

GENERACION: 179
Mejor Solucion:  4 27 24 43 14 42 18 7 46 10 13 1 37 21 12 38 48 23 15 29 34 31 19 25 47 35 30 6 22 49 9 20 16 44 8 40 3 36 33 2 28 45 5 11 32 26 39 41 17 0
Coste: 53090

GENERACION: 180
Mejor Solucion:  4 27 24 43 14 42 18 7 46 10 13 1 37 21 12 38 48 23 15 29 34 31 19 25 47 35 30 6 22 49 9 20 16 44 8 40 3 36 33 2 28 45 5 11 32 26 39 41 17 0
Coste: 53090

GENERACION: 181
Mejor Solucion:  4 27 24 43 14 42 18 7 46 10 13 1 37 21 12 38 48 23 15 29 34 31 19 25 47 35 30 6 22 49 9 20 16 44 8 40 3 36 33 2 28 45 5 11 32 26 39 41 17 0
Coste: 53090

GENERACION: 182
Mejor Solucion:  4 27 24 43 14 42 18 7 46 10 13 1 37 21 12 38 48 23 15 29 34 31 19 25 47 35 30 6 22 49 9 20 16 44 8 40 3 36 33 2 28 45 5 11 32 26 39 41 17 0
Coste: 53090

GENERACION: 183
Mejor Solucion:  4 27 24 43 14 42 18 7 46 10 13 1 37 21 12 38 48 23 15 29 34 31 19 25 47 35 30 6 22 49 9 20 16 44 8 40 3 36 33 2 28 45 5 11 32 26 39 41 17 0
Coste: 53090

GENERACION: 184
Mejor Solucion:  4 27 24 43 14 42 18 7 46 10 13 1 37 21 12 38 48 23 15 29 34 31 19 25 47 35 30 6 22 49 9 20 16 44 8 40 3 36 33 2 28 45 5 11 32 26 39 41 17 0
Coste: 53090

GENERACION: 185
Mejor Solucion:  4 27 24 43 14 42 18 7 46 10 13 1 37 21 12 38 48 23 15 29 34 31 19 25 47 35 30 6 22 49 9 20 16 44 8 40 3 36 33 2 28 45 5 11 32 26 39 41 17 0
Coste: 53090

GENERACION: 186
Mejor Solucion:  4 27 24 43 14 42 18 7 46 10 13 1 37 21 12 38 48 23 15 29 34 31 19 25 47 35 30 6 22 49 9 20 16 44 8 40 3 36 33 2 28 45 5 11 32 26 39 41 17 0
Coste: 53090

GENERACION: 187
Mejor Solucion:  4 27 24 43 14 42 18 7 46 10 13 1 37 21 12 38 48 23 15 29 34 31 19 25 47 35 30 6 22 49 9 20 16 44 8 40 3 36 33 2 28 45 5 11 32 26 39 41 17 0
Coste: 53090

GENERACION: 188
Mejor Solucion:  4 27 24 43 14 42 18 7 46 10 13 1 37 21 12 38 48 23 15 29 34 31 19 25 47 35 30 6 22 49 9 20 16 44 8 40 3 36 33 2 28 45 5 11 32 26 39 41 17 0
Coste: 53090

GENERACION: 189
Mejor Solucion:  4 27 24 43 14 42 18 7 46 10 13 1 37 21 12 38 48 23 15 29 34 31 19 25 47 35 30 6 22 49 9 20 16 44 8 40 3 36 33 2 28 45 5 11 32 26 39 41 17 0
Coste: 53090

GENERACION: 190
Mejor Solucion:  4 27 24 43 14 42 18 7 46 10 13 1 37 21 12 38 48 23 15 29 34 31 19 25 47 35 30 6 22 49 9 20 16 44 8 40 3 36 33 2 28 45 5 11 32 26 39 41 17 0
Coste: 53090

GENERACION: 191
Mejor Solucion:  4 27 24 43 14 42 18 7 46 10 13 1 37 21 12 38 48 23 15 29 34 31 19 25 47 35 30 6 22 49 9 20 16 44 8 40 3 36 33 2 28 45 5 11 32 26 39 41 17 0
Coste: 53090

GENERACION: 192
Mejor Solucion:  4 27 24 43 14 42 18 7 46 10 13 1 37 21 12 38 48 23 15 29 34 31 19 25 47 35 30 6 22 49 9 20 16 44 8 40 3 36 33 2 28 45 5 11 32 26 39 41 17 0
Coste: 53090

GENERACION: 193
Mejor Solucion:  4 27 24 43 14 42 18 7 46 10 13 1 37 21 12 38 48 23 15 29 34 31 19 25 47 35 30 6 22 49 9 20 16 44 8 40 3 36 33 2 28 45 5 11 32 26 39 41 17 0
Coste: 53090

GENERACION: 194
Mejor Solucion:  4 27 24 43 14 42 18 7 46 10 13 1 37 21 12 38 48 23 15 29 34 31 19 25 47 35 30 6 22 49 9 20 16 44 8 40 3 36 33 2 28 45 5 11 32 26 39 41 17 0
Coste: 53090

GENERACION: 195
Mejor Solucion:  4 27 24 43 14 42 18 7 46 10 13 1 37 21 12 38 48 23 15 29 34 31 19 25 47 35 30 6 22 49 9 20 16 44 8 40 3 36 33 2 28 45 5 11 32 26 39 41 17 0
Coste: 53090

GENERACION: 196
Mejor Solucion:  4 27 24 43 14 42 18 7 46 10 13 1 37 21 12 38 48 23 15 29 34 31 19 25 47 35 30 6 22 49 9 20 16 44 8 40 3 36 33 2 28 45 5 11 32 26 39 41 17 0
Coste: 53090

GENERACION: 197
Mejor Solucion:  4 27 24 43 14 42 18 7 46 10 13 1 37 21 12 38 48 23 15 29 34 31 19 25 47 35 30 6 22 49 9 20 16 44 8 40 3 36 33 2 28 45 5 11 32 26 39 41 17 0
Coste: 53090

GENERACION: 198
Mejor Solucion:  4 27 24 43 14 42 18 7 46 10 13 1 37 21 12 38 48 23 15 29 34 31 19 25 47 35 30 6 22 49 9 20 16 44 8 40 3 36 33 2 28 45 5 11 32 26 39 41 17 0
Coste: 53090

GENERACION: 199
Mejor Solucion:  4 27 24 43 14 42 18 7 46 10 13 1 37 21 12 38 48 23 15 29 34 31 19 25 47 35 30 6 22 49 9 20 16 44 8 40 3 36 33 2 28 45 5 11 32 26 39 41 17 0
Coste: 53090

GENERACION: 200
Mejor Solucion:  4 27 24 23 14 42 18 7 46 10 13 1 37 21 12 38 48 43 15 29 34 31 19 25 47 35 30 6 22 49 9 20 16 44 8 40 3 36 33 2 28 45 5 11 32 26 39 41 17 0
Coste: 53084

GENERACION: 201
Mejor Solucion:  4 27 24 23 14 42 18 7 46 10 13 1 37 21 12 38 48 43 15 29 34 31 19 25 47 35 30 6 22 49 9 20 16 44 8 40 3 36 33 2 28 45 5 11 32 26 39 41 17 0
Coste: 53084

GENERACION: 202
Mejor Solucion:  4 27 24 23 14 42 18 7 46 10 13 1 37 21 12 38 48 43 15 29 34 31 19 25 47 35 30 6 22 49 9 20 16 44 8 40 3 36 33 2 28 45 5 11 32 26 39 41 17 0
Coste: 53084

GENERACION: 203
Mejor Solucion:  4 27 24 23 14 42 18 7 46 10 13 1 37 21 12 38 48 43 15 29 34 31 19 25 47 35 30 6 22 49 9 20 16 44 8 40 3 36 33 2 28 45 5 11 32 26 39 41 17 0
Coste: 53078

GENERACION: 204
Mejor Solucion:  4 27 24 23 14 42 18 7 46 10 13 1 37 21 12 38 48 43 15 29 34 31 19 25 47 35 30 6 22 49 9 20 16 44 8 40 3 36 33 2 28 45 5 11 32 26 39 41 17 0
Coste: 53078

GENERACION: 205
Mejor Solucion:  4 27 24 23 14 42 18 7 46 10 13 1 37 21 12 38 48 43 15 29 34 31 19 25 47 35 30 6 22 49 9 20 16 44 8 40 3 36 33 2 28 45 5 11 32 26 39 41 17 0
Coste: 53078

GENERACION: 206
Mejor Solucion:  4 27 24 23 14 42 18 7 46 10 13 1 37 21 12 38 48 43 15 29 34 31 19 25 47 35 30 6 22 49 9 20 16 44 8 40 3 36 33 2 28 45 5 11 32 26 39 41 17 0
Coste: 53078

GENERACION: 207
Mejor Solucion:  4 27 24 23 14 42 18 7 46 10 13 1 37 21 12 38 48 43 15 29 34 31 19 25 47 35 30 6 22 49 9 20 16 44 8 40 3 36 33 2 28 45 5 11 32 26 39 41 17 0
Coste: 53078

GENERACION: 208
Mejor Solucion:  4 27 24 23 14 42 18 7 46 10 13 1 37 21 12 38 48 43 15 29 34 31 19 25 47 35 30 6 22 49 9 20 16 44 8 40 3 36 33 2 28 45 5 11 32 26 39 41 17 0
Coste: 53078

GENERACION: 209
Mejor Solucion:  4 27 24 23 14 42 18 7 46 10 13 1 37 21 12 38 48 43 15 29 34 31 19 25 47 35 30 6 22 49 9 20 16 44 8 40 3 36 33 2 28 45 5 11 32 26 39 41 17 0
Coste: 53078

GENERACION: 210
Mejor Solucion:  4 27 24 23 14 42 18 7 46 10 13 1 37 21 12 38 48 43 15 29 34 31 19 25 47 35 30 6 22 49 9 20 16 44 8 40 3 36 33 2 28 45 5 11 32 26 39 41 17 0
Coste: 53078

GENERACION: 211
Mejor Solucion:  4 27 24 23 14 42 18 7 46 10 13 1 37 21 12 38 48 43 15 29 34 31 19 25 47 35 30 6 22 49 9 20 16 44 8 40 3 36 33 2 28 45 5 11 32 26 39 41 17 0
Coste: 53078

GENERACION: 212
Mejor Solucion:  4 27 24 23 14 42 18 7 46 10 13 1 37 21 12 38 48 43 15 29 34 31 19 25 47 35 30 6 22 49 9 20 16 44 8 40 3 36 33 2 28 45 5 11 32 26 39 41 17 0
Coste: 53078

GENERACION: 213
Mejor Solucion:  4 27 24 23 14 42 18 7 46 10 13 1 37 21 12 38 48 43 15 29 34 31 19 25 47 35 30 6 22 49 9 20 16 44 8 40 3 36 33 2 28 45 5 11 32 26 39 41 17 0
Coste: 53078

GENERACION: 214
Mejor Solucion:  4 27 24 23 14 42 18 7 46 10 13 1 37 21 12 38 48 43 15 29 34 31 19 25 47 35 30 6 22 49 9 20 16 44 8 40 3 36 33 2 28 45 5 11 32 26 39 41 17 0
Coste: 53078

GENERACION: 215
Mejor Solucion:  4 27 24 23 14 42 18 7 46 10 13 1 37 21 12 38 48 43 15 29 34 31 19 25 47 35 30 6 22 49 9 20 16 44 8 40 3 36 33 2 28 45 5 11 32 26 39 41 17 0
Coste: 53078

GENERACION: 216
Mejor Solucion:  4 27 24 23 14 42 18 7 46 10 13 1 37 21 12 38 48 43 15 29 34 31 19 25 47 35 30 6 22 49 9 20 16 44 8 40 3 36 33 2 28 45 5 11 32 26 39 41 17 0
Coste: 53078

GENERACION: 217
Mejor Solucion:  4 27 24 23 14 42 18 7 46 10 13 1 37 21 12 38 48 43 15 29 34 31 19 25 47 35 30 6 22 49 9 20 16 44 8 40 3 36 33 2 28 45 5 11 32 26 39 41 17 0
Coste: 53078

GENERACION: 218
Mejor Solucion:  4 27 24 23 14 42 18 7 46 10 13 1 37 21 12 38 48 43 15 29 34 31 19 25 47 35 30 6 22 49 9 20 16 44 8 40 3 36 33 2 28 45 5 11 32 26 39 41 17 0
Coste: 53078

GENERACION: 219
Mejor Solucion:  4 27 24 23 14 42 18 7 46 10 13 1 37 21 12 38 48 43 15 29 34 31 19 25 47 35 30 6 22 49 9 20 16 44 8 40 3 36 33 2 28 45 5 11 32 26 39 41 17 0
Coste: 53078

GENERACION: 220
Mejor Solucion:  4 27 24 23 14 42 18 7 46 10 13 1 37 21 12 38 48 43 15 29 34 31 19 25 47 35 30 6 22 49 9 20 16 44 8 40 3 36 33 2 28 45 5 11 32 26 39 41 17 0
Coste: 53078

GENERACION: 221
Mejor Solucion:  4 27 24 23 14 42 18 7 46 10 13 1 37 21 12 38 48 43 15 29 34 31 19 25 47 35 30 6 22 49 9 20 16 44 8 40 3 36 33 2 28 45 5 11 32 26 39 41 17 0
Coste: 53078

GENERACION: 222
Mejor Solucion:  4 27 24 23 14 42 18 7 46 10 13 1 37 21 12 38 48 43 15 29 34 31 19 25 47 35 30 6 22 49 9 20 16 44 8 40 3 36 33 2 28 45 5 11 32 26 39 41 17 0
Coste: 53078

GENERACION: 223
Mejor Solucion:  4 27 24 23 14 42 18 7 46 10 13 1 37 21 12 38 48 43 15 29 34 31 19 25 47 35 30 6 22 49 9 20 16 44 8 40 3 36 33 2 28 45 5 11 32 26 39 41 17 0
Coste: 53078

GENERACION: 224
Mejor Solucion:  4 27 24 23 14 42 18 7 46 10 13 1 37 21 12 38 48 43 15 29 34 31 19 25 47 35 30 6 22 49 9 20 16 44 8 40 3 36 33 2 28 45 5 11 32 26 39 41 17 0
Coste: 53078

GENERACION: 225
Mejor Solucion:  4 27 24 23 14 42 18 7 46 10 13 1 37 21 12 38 48 43 15 29 34 31 19 25 47 35 30 6 22 49 9 20 16 44 8 40 3 36 33 2 28 45 5 11 32 26 39 41 17 0
Coste: 53078

GENERACION: 226
Mejor Solucion:  4 27 24 23 14 42 18 7 46 10 13 1 37 21 12 38 48 43 15 29 34 31 19 25 47 35 30 6 22 49 9 20 16 44 8 40 3 36 33 2 28 45 5 11 32 26 39 41 17 0
Coste: 53078

GENERACION: 227
Mejor Solucion:  4 27 24 23 14 42 18 7 46 10 13 1 37 21 12 38 48 43 15 29 34 31 19 25 47 35 30 6 22 49 9 20 16 44 8 40 3 36 33 2 28 45 5 11 32 26 39 41 17 0
Coste: 53078

GENERACION: 228
Mejor Solucion:  4 27 24 23 14 42 18 7 46 10 13 1 37 21 12 38 48 43 15 29 34 31 19 25 47 35 30 6 22 49 9 20 16 44 8 40 3 36 33 2 28 45 5 11 32 26 39 41 17 0
Coste: 53078

GENERACION: 229
Mejor Solucion:  4 27 24 23 14 42 18 7 46 10 13 1 37 21 12 38 48 43 15 29 34 31 19 25 47 35 30 6 22 49 9 20 16 44 8 40 3 36 33 2 28 45 5 11 32 26 39 41 17 0
Coste: 53078

GENERACION: 230
Mejor Solucion:  4 27 24 23 14 42 18 7 46 10 13 1 37 21 12 38 48 43 15 29 34 31 19 25 47 35 30 6 22 49 9 20 16 44 8 40 3 36 33 2 28 45 5 11 32 26 39 41 17 0
Coste: 53078

GENERACION: 231
Mejor Solucion:  4 27 24 23 14 42 18 7 46 10 13 1 37 21 12 38 48 43 15 29 34 31 19 25 47 35 30 6 22 49 9 20 16 44 8 40 3 36 33 2 28 45 5 11 32 26 39 41 17 0
Coste: 53078

GENERACION: 232
Mejor Solucion:  4 27 24 23 14 42 18 7 46 10 13 1 37 21 12 38 48 43 15 29 34 31 19 25 47 35 30 6 22 49 9 20 16 44 8 40 3 36 33 2 28 45 5 11 32 26 39 41 17 0
Coste: 53078

GENERACION: 233
Mejor Solucion:  4 27 24 23 14 42 18 7 46 10 13 1 37 21 12 38 48 43 15 29 34 31 19 25 47 35 30 6 22 49 9 20 16 44 8 40 3 36 33 2 28 45 5 11 32 26 39 41 17 0
Coste: 53078

GENERACION: 234
Mejor Solucion:  4 27 24 23 14 42 18 7 46 10 13 1 37 21 12 38 48 43 15 29 34 31 19 25 47 35 30 6 22 49 9 20 16 44 8 40 3 36 33 2 28 45 5 11 32 26 39 41 17 0
Coste: 53078

GENERACION: 235
Mejor Solucion:  4 27 24 23 14 42 18 7 46 10 13 1 37 21 12 38 48 43 15 29 34 31 19 25 47 35 30 6 22 49 9 20 16 44 8 40 3 36 33 2 28 45 5 11 32 26 39 41 17 0
Coste: 53078

GENERACION: 236
Mejor Solucion:  4 27 24 23 14 42 18 7 46 10 13 1 37 20 12 38 48 43 15 29 34 31 19 25 47 35 30 6 22 49 9 21 16 44 8 40 3 36 33 2 28 45 5 11 32 26 39 41 17 0
Coste: 52966

GENERACION: 237
Mejor Solucion:  4 27 24 23 14 42 18 7 46 10 13 1 37 20 12 38 48 43 15 29 34 31 19 25 47 35 30 6 22 49 9 21 16 44 8 40 3 36 33 2 28 45 5 11 32 26 39 41 17 0
Coste: 52966

GENERACION: 238
Mejor Solucion:  4 27 24 23 14 42 18 7 46 10 13 1 37 20 12 38 48 43 15 29 34 31 19 25 47 35 30 6 22 49 9 21 16 44 8 40 3 36 33 2 28 45 5 11 32 26 39 41 17 0
Coste: 52966

GENERACION: 239
Mejor Solucion:  4 27 24 23 14 42 18 7 46 10 13 1 37 20 12 38 48 43 15 29 34 31 19 25 47 35 30 6 22 49 9 21 16 44 8 40 3 36 33 2 28 45 5 11 32 26 39 41 17 0
Coste: 52966

GENERACION: 240
Mejor Solucion:  4 27 24 23 14 42 18 7 46 10 13 1 37 20 12 38 48 43 15 29 34 31 19 25 47 35 30 6 22 49 9 21 16 44 8 40 3 36 33 2 28 45 5 11 32 26 39 41 17 0
Coste: 52966

GENERACION: 241
Mejor Solucion:  4 27 24 23 14 42 18 7 46 10 13 1 37 20 12 38 48 43 15 29 34 31 19 25 47 35 30 6 22 49 9 21 16 44 8 40 3 36 33 2 28 45 5 11 32 26 39 41 17 0
Coste: 52966

GENERACION: 242
Mejor Solucion:  4 27 24 23 14 42 18 7 46 10 13 1 37 20 12 38 48 43 15 29 34 31 19 25 47 35 30 6 22 49 9 21 16 44 8 40 3 36 33 2 28 45 5 11 32 26 39 41 17 0
Coste: 52966

GENERACION: 243
Mejor Solucion:  4 27 24 23 14 42 18 7 46 10 13 1 37 20 12 38 48 43 15 29 34 31 19 25 47 35 30 6 22 49 9 21 16 44 8 40 3 36 33 2 28 45 5 11 32 26 39 41 17 0
Coste: 52966

GENERACION: 244
Mejor Solucion:  4 27 24 23 14 42 18 7 46 10 13 1 37 20 12 38 48 43 15 29 34 31 19 25 47 35 30 6 22 49 9 21 16 44 8 40 3 36 33 2 28 45 5 11 32 26 39 41 17 0
Coste: 52966

GENERACION: 245
Mejor Solucion:  4 27 24 23 14 42 18 7 46 10 13 1 37 20 12 38 48 43 15 29 34 31 19 25 47 35 30 6 22 49 9 21 16 44 8 40 3 36 33 2 28 45 5 11 32 26 39 41 17 0
Coste: 52966

GENERACION: 246
Mejor Solucion:  4 27 24 23 14 42 18 7 46 10 13 1 37 20 12 38 48 43 15 29 34 31 19 25 47 35 30 6 22 49 9 21 16 44 8 40 3 36 33 2 28 45 5 11 32 26 39 41 17 0
Coste: 52966

GENERACION: 247
Mejor Solucion:  4 27 24 23 14 42 18 7 46 10 13 1 37 20 12 38 48 43 15 29 34 31 19 25 47 35 30 6 22 49 9 21 16 44 8 40 3 36 33 2 28 45 5 11 32 26 39 41 17 0
Coste: 52966

GENERACION: 248
Mejor Solucion:  4 27 24 23 14 42 18 7 46 10 13 1 37 20 12 38 48 43 15 29 34 31 19 25 47 35 30 6 22 49 9 21 16 44 8 40 3 36 33 2 28 45 5 11 32 26 39 41 17 0
Coste: 52966

GENERACION: 249
Mejor Solucion:  4 27 24 23 14 42 18 7 46 10 13 1 37 20 12 38 48 43 15 29 34 31 19 25 47 35 30 6 22 49 9 21 16 44 8 40 3 36 33 2 28 45 5 11 32 26 39 41 17 0
Coste: 52966

GENERACION: 250
Mejor Solucion:  4 27 24 23 14 42 18 7 46 10 13 1 37 20 12 38 48 43 15 29 34 31 19 25 47 35 30 6 22 49 9 21 16 44 8 40 3 36 33 2 28 45 5 11 32 26 39 41 17 0
Coste: 52966

GENERACION: 251
Mejor Solucion:  4 27 24 23 14 42 18 7 46 10 13 1 37 20 12 38 48 43 15 29 34 31 19 25 47 35 30 6 22 49 9 21 16 44 8 40 3 36 33 2 28 45 5 11 32 26 39 41 17 0
Coste: 52966

GENERACION: 252
Mejor Solucion:  4 27 24 23 14 42 18 7 46 10 13 1 37 20 12 38 48 43 15 29 34 31 19 25 47 35 30 6 22 49 9 21 16 44 8 40 3 36 33 2 28 45 5 11 32 26 39 41 17 0
Coste: 52966

GENERACION: 253
Mejor Solucion:  4 27 24 23 14 42 18 7 46 10 13 1 37 20 12 38 48 43 15 29 34 31 19 25 47 35 30 6 22 49 9 21 16 44 8 40 3 36 33 2 28 45 5 11 32 26 39 41 17 0
Coste: 52966

GENERACION: 254
Mejor Solucion:  4 27 24 23 14 42 18 7 46 10 13 1 37 20 12 38 48 43 15 29 34 31 19 25 47 35 30 6 22 49 9 21 16 44 8 40 3 36 33 2 28 45 5 11 32 26 39 41 17 0
Coste: 52966

GENERACION: 255
Mejor Solucion:  4 27 24 23 14 42 18 7 46 10 13 1 37 20 12 38 48 43 15 29 34 31 19 25 47 35 30 6 22 49 9 21 16 44 8 40 3 36 33 2 28 45 5 11 32 26 39 41 17 0
Coste: 52966

GENERACION: 256
Mejor Solucion:  4 27 24 23 14 42 18 7 46 10 13 1 37 20 12 38 48 43 15 29 34 31 19 25 47 35 30 6 22 49 9 21 16 44 8 40 3 36 33 2 28 45 5 11 32 26 39 41 17 0
Coste: 52966

GENERACION: 257
Mejor Solucion:  4 27 24 23 14 42 18 7 46 10 13 1 37 20 12 38 48 43 15 29 34 31 19 25 47 35 30 6 22 49 9 21 16 44 8 40 3 36 33 2 28 45 5 11 32 26 39 41 17 0
Coste: 52966

GENERACION: 258
Mejor Solucion:  4 27 24 23 14 42 18 7 46 10 13 1 37 20 12 38 48 43 15 29 34 31 19 25 47 35 30 6 22 49 9 21 16 44 8 40 3 36 33 2 28 45 5 11 32 26 39 41 17 0
Coste: 52966

GENERACION: 259
Mejor Solucion:  4 27 24 23 14 42 18 7 46 10 13 1 37 20 12 38 48 43 15 29 34 31 19 25 47 35 30 6 22 49 9 21 16 44 8 40 3 36 33 2 28 45 5 11 32 26 39 41 17 0
Coste: 52966

GENERACION: 260
Mejor Solucion:  4 27 24 23 14 42 18 7 46 10 13 1 37 20 12 38 48 43 15 29 34 31 19 25 47 35 30 6 22 49 9 21 16 44 8 40 3 36 33 2 28 45 5 11 32 26 39 41 17 0
Coste: 52966

GENERACION: 261
Mejor Solucion:  4 27 24 23 14 42 18 7 46 10 13 1 37 20 12 38 48 43 15 29 34 31 19 25 47 35 30 6 22 49 9 21 16 44 8 40 3 36 33 2 28 45 5 11 32 26 39 41 17 0
Coste: 52966

GENERACION: 262
Mejor Solucion:  4 27 24 23 14 42 18 7 46 10 13 1 37 20 12 38 48 43 15 29 34 31 19 25 47 35 30 6 22 49 9 21 16 44 8 40 3 36 33 2 28 45 5 11 32 26 39 41 17 0
Coste: 52966

GENERACION: 263
Mejor Solucion:  4 27 24 23 14 42 18 7 46 10 13 1 37 20 12 38 48 43 15 29 34 31 19 25 47 35 30 6 22 49 9 21 16 44 8 40 3 36 33 2 28 45 5 11 32 26 39 41 17 0
Coste: 52966

GENERACION: 264
Mejor Solucion:  4 27 24 23 14 42 18 7 46 10 13 1 37 20 12 38 48 43 15 29 34 31 19 25 47 35 30 6 22 49 9 21 16 44 8 40 3 36 33 2 28 45 5 11 32 26 39 41 17 0
Coste: 52966

GENERACION: 265
Mejor Solucion:  4 27 24 23 14 42 18 7 46 10 13 1 37 20 12 38 48 43 15 29 34 31 19 25 47 35 30 6 22 49 9 21 16 44 8 40 3 36 33 2 28 45 5 11 32 26 39 41 17 0
Coste: 52966

GENERACION: 266
Mejor Solucion:  4 27 24 23 14 42 18 7 46 10 13 1 37 20 12 38 48 43 15 29 34 31 19 25 47 35 30 6 22 49 9 21 16 44 8 40 3 36 33 2 28 45 5 11 32 26 39 41 17 0
Coste: 52966

GENERACION: 267
Mejor Solucion:  4 27 24 23 14 42 18 7 46 10 13 1 37 20 12 38 48 43 15 29 34 31 19 25 47 35 30 6 22 49 9 21 16 44 8 40 3 36 33 2 28 45 5 11 32 26 39 41 17 0
Coste: 52966

GENERACION: 268
Mejor Solucion:  4 27 24 23 14 42 18 7 46 10 13 1 37 20 12 38 48 43 15 29 34 31 19 25 47 35 30 6 22 49 9 21 16 44 8 40 3 36 33 2 28 45 5 11 32 26 39 41 17 0
Coste: 52966

GENERACION: 269
Mejor Solucion:  4 27 24 23 14 42 18 7 46 10 13 1 37 20 12 38 48 43 15 29 34 31 19 25 47 35 30 6 22 49 9 21 16 44 8 40 3 36 33 2 28 45 5 11 32 26 39 41 17 0
Coste: 52966

GENERACION: 270
Mejor Solucion:  4 27 24 23 14 42 18 7 46 10 13 1 37 20 12 38 48 43 15 29 34 31 19 25 47 35 30 6 22 49 9 21 16 44 8 40 3 36 33 2 28 45 5 11 32 26 39 41 17 0
Coste: 52966

GENERACION: 271
Mejor Solucion:  4 27 24 23 14 42 18 7 46 10 13 1 37 20 12 38 48 43 15 29 34 31 19 25 47 35 30 6 22 49 9 21 16 44 8 40 3 36 33 2 28 45 5 11 32 26 39 41 17 0
Coste: 52966

GENERACION: 272
Mejor Solucion:  4 27 24 23 14 42 18 7 46 10 13 1 37 20 12 38 48 43 15 29 34 31 19 25 47 35 30 6 22 49 9 21 16 44 8 40 3 36 33 2 28 45 5 11 32 26 39 41 17 0
Coste: 52966

GENERACION: 273
Mejor Solucion:  4 27 24 23 14 42 18 7 46 10 13 1 37 20 12 38 48 43 15 29 34 31 19 25 47 35 30 6 22 49 9 21 16 44 8 40 3 36 33 2 28 45 5 11 32 26 39 41 17 0
Coste: 52966

GENERACION: 274
Mejor Solucion:  4 27 24 23 14 42 18 7 46 10 13 1 37 20 12 38 48 43 15 29 34 31 19 25 47 35 30 6 22 49 9 21 16 44 8 40 3 36 33 2 28 45 5 11 32 26 39 41 17 0
Coste: 52966

GENERACION: 275
Mejor Solucion:  4 27 24 23 14 42 18 7 46 10 13 1 37 20 12 38 48 43 15 29 34 31 19 25 47 35 30 6 22 49 9 21 16 44 8 40 3 36 33 2 28 45 5 11 32 26 39 41 17 0
Coste: 52966

GENERACION: 276
Mejor Solucion:  4 27 24 23 14 42 18 7 46 10 13 1 37 20 12 38 48 43 15 29 34 31 19 25 47 35 30 6 22 49 9 21 16 44 8 40 3 36 33 2 28 45 5 11 32 26 39 41 17 0
Coste: 52966

GENERACION: 277
Mejor Solucion:  4 27 24 23 14 42 18 7 46 10 13 1 37 20 12 38 48 43 15 29 34 31 19 25 47 35 30 6 22 49 9 21 16 44 8 40 3 36 33 2 28 45 5 11 32 26 39 41 17 0
Coste: 52966

GENERACION: 278
Mejor Solucion:  4 27 24 23 14 42 18 7 46 10 13 1 37 20 12 38 48 43 15 29 34 31 19 25 47 35 30 6 22 49 9 21 16 44 8 40 3 36 33 2 28 45 5 11 32 26 39 41 17 0
Coste: 52966

GENERACION: 279
Mejor Solucion:  4 27 24 23 14 42 18 7 46 10 13 1 37 20 12 38 48 43 15 29 34 31 19 25 47 35 30 6 22 49 9 21 16 44 8 40 3 36 33 2 28 45 5 11 32 26 39 41 17 0
Coste: 52966

GENERACION: 280
Mejor Solucion:  4 27 24 23 14 42 18 7 46 10 13 1 37 20 12 38 48 43 15 29 34 31 19 25 47 35 30 6 22 49 9 21 16 44 8 40 3 36 33 2 28 45 5 11 32 26 39 41 17 0
Coste: 52966

GENERACION: 281
Mejor Solucion:  4 27 24 23 14 42 18 7 46 10 13 1 37 20 12 38 48 43 15 29 34 31 19 25 47 35 30 6 22 49 9 21 16 44 8 40 3 36 33 2 28 45 5 11 32 26 39 41 17 0
Coste: 52966

GENERACION: 282
Mejor Solucion:  4 27 24 23 14 42 18 7 46 10 13 1 37 20 12 38 48 43 15 29 34 31 19 25 47 35 30 6 22 49 9 21 16 44 8 40 3 36 33 2 28 45 5 11 32 26 39 41 17 0
Coste: 52966

GENERACION: 283
Mejor Solucion:  4 27 24 23 14 42 18 7 46 10 13 1 37 20 12 38 48 43 15 29 34 31 19 25 47 35 30 6 22 49 9 21 16 44 8 40 3 36 33 2 28 45 5 11 32 26 39 41 17 0
Coste: 52966

GENERACION: 284
Mejor Solucion:  4 27 24 23 14 42 18 7 46 10 13 1 37 20 12 38 48 43 15 29 34 31 19 25 47 35 30 6 22 49 9 21 16 44 8 40 3 36 33 2 28 45 5 11 32 26 39 41 17 0
Coste: 52966

GENERACION: 285
Mejor Solucion:  4 27 24 23 14 42 18 7 46 10 13 1 37 20 12 38 48 43 15 29 34 31 19 25 47 35 30 6 22 49 9 21 16 44 8 40 3 36 33 2 28 45 5 11 32 26 39 41 17 0
Coste: 52966

GENERACION: 286
Mejor Solucion:  4 27 24 23 14 42 18 7 46 10 13 1 37 20 12 38 48 43 15 29 34 31 19 25 47 35 30 6 22 49 9 21 16 44 8 40 3 36 33 2 28 45 5 11 32 26 39 41 17 0
Coste: 52966

GENERACION: 287
Mejor Solucion:  4 27 24 23 14 42 18 7 46 10 13 1 37 20 12 38 48 43 15 29 34 31 19 25 47 35 30 6 22 49 9 21 16 44 8 40 3 36 33 2 28 45 5 11 32 26 39 41 17 0
Coste: 52966

GENERACION: 288
Mejor Solucion:  4 27 24 23 14 42 18 7 46 10 13 1 37 20 12 38 48 43 15 29 34 31 19 25 47 35 30 6 22 49 9 21 16 44 8 40 3 36 33 2 28 45 5 11 32 26 39 41 17 0
Coste: 52966

GENERACION: 289
Mejor Solucion:  4 27 24 23 14 42 18 7 46 10 13 1 37 20 12 38 48 43 15 29 34 31 19 25 47 35 30 6 22 49 9 21 16 44 8 40 3 36 33 2 28 45 5 11 32 26 39 41 17 0
Coste: 52966

GENERACION: 290
Mejor Solucion:  4 27 24 23 14 42 18 7 46 10 13 1 37 20 12 38 48 43 15 29 34 31 19 25 47 35 30 6 22 49 9 21 16 44 8 40 3 36 33 2 28 45 5 11 32 26 39 41 17 0
Coste: 52966

GENERACION: 291
Mejor Solucion:  4 27 24 23 14 42 18 7 46 10 13 1 37 20 12 38 48 43 15 29 34 31 19 25 47 35 30 6 22 49 9 21 16 44 8 40 3 36 33 2 28 45 5 11 32 26 39 41 17 0
Coste: 52966

GENERACION: 292
Mejor Solucion:  4 27 24 23 14 42 18 7 46 10 13 1 37 20 12 38 48 43 15 29 34 31 19 25 47 35 30 6 22 49 9 21 16 44 8 40 3 36 33 2 28 45 5 11 32 26 39 41 17 0
Coste: 52966

GENERACION: 293
Mejor Solucion:  4 27 24 23 14 42 18 7 46 10 13 1 37 20 12 38 48 43 15 29 34 31 19 25 47 35 30 6 22 49 9 21 16 44 8 40 3 36 33 2 28 45 5 11 32 26 39 41 17 0
Coste: 52966

GENERACION: 294
Mejor Solucion:  4 27 24 23 14 42 18 7 46 10 13 1 37 20 12 38 48 43 15 29 34 31 19 25 47 35 30 6 22 49 9 21 16 44 8 40 3 36 33 2 28 45 5 11 32 26 39 41 17 0
Coste: 52966

GENERACION: 295
Mejor Solucion:  4 27 24 23 14 42 18 7 46 10 13 1 37 20 12 38 48 43 15 29 34 31 19 25 47 35 30 6 22 49 9 21 16 44 8 40 3 36 33 2 28 45 5 11 32 26 39 41 17 0
Coste: 52966

GENERACION: 296
Mejor Solucion:  4 27 24 23 14 42 18 7 46 10 13 1 37 20 12 38 48 43 15 29 34 31 19 25 47 35 30 6 22 49 9 21 16 44 8 40 3 36 33 2 28 45 5 11 32 26 39 41 17 0
Coste: 52966

GENERACION: 297
Mejor Solucion:  4 27 24 23 14 42 18 7 46 10 13 1 37 20 12 38 48 43 15 29 34 31 19 25 47 35 30 6 22 49 9 21 16 44 8 40 3 36 33 2 28 45 5 11 32 26 39 41 17 0
Coste: 52966

GENERACION: 298
Mejor Solucion:  4 27 24 23 14 42 18 7 46 10 13 1 37 20 12 38 48 43 15 29 34 31 19 25 47 35 30 6 22 49 9 21 16 44 8 40 3 36 33 2 28 45 5 11 32 26 39 41 17 0
Coste: 52966

GENERACION: 299
Mejor Solucion:  4 27 24 23 14 42 18 7 46 10 13 1 37 20 12 38 48 43 15 29 34 31 19 25 47 35 30 6 22 49 9 21 16 44 8 40 3 36 33 2 28 45 5 11 32 26 39 41 17 0
Coste: 52966

GENERACION: 300
Mejor Solucion:  4 27 24 23 14 42 18 7 46 10 13 1 37 20 12 38 48 43 15 29 34 31 19 25 47 35 30 6 22 49 9 21 16 44 8 40 3 36 33 2 28 45 5 11 32 26 39 41 17 0
Coste: 52966

GENERACION: 301
Mejor Solucion:  4 27 24 23 14 42 18 7 46 10 13 1 37 20 12 38 48 43 15 29 34 31 19 25 47 35 30 6 22 49 9 21 16 44 8 40 3 36 33 2 28 45 5 11 32 26 39 41 17 0
Coste: 52966

GENERACION: 302
Mejor Solucion:  4 27 24 23 14 42 18 7 46 10 13 1 37 20 12 38 48 43 15 29 34 31 19 25 47 35 30 6 22 49 9 21 16 44 8 40 3 36 33 2 28 45 5 11 32 26 39 41 17 0
Coste: 52966

GENERACION: 303
Mejor Solucion:  4 27 24 23 14 42 18 7 46 10 13 1 37 20 12 38 48 43 15 29 34 31 19 25 47 35 30 6 22 49 9 21 16 44 8 40 3 36 33 2 28 45 5 11 32 26 39 41 17 0
Coste: 52966

GENERACION: 304
Mejor Solucion:  4 27 24 23 14 42 18 7 46 10 13 1 37 20 12 38 48 43 15 29 34 31 19 25 47 35 30 6 22 49 9 21 16 44 8 40 3 36 33 2 28 45 5 11 32 26 39 41 17 0
Coste: 52966

GENERACION: 305
Mejor Solucion:  4 27 24 23 14 42 18 7 46 10 13 1 37 20 12 38 48 43 15 29 34 31 19 25 47 35 30 6 22 49 9 21 16 44 8 40 3 36 33 2 28 45 5 11 32 26 39 41 17 0
Coste: 52966

GENERACION: 306
Mejor Solucion:  4 27 24 23 14 42 18 7 46 10 13 1 37 20 12 38 48 43 15 29 34 31 19 25 47 35 30 6 22 49 9 21 16 44 8 40 3 36 33 2 28 45 5 11 32 26 39 41 17 0
Coste: 52966

GENERACION: 307
Mejor Solucion:  4 27 24 23 14 42 18 7 46 10 13 1 37 20 12 38 48 43 15 29 34 31 19 25 47 35 30 6 22 49 9 21 16 44 8 40 3 36 33 2 28 45 5 11 32 26 39 41 17 0
Coste: 52966

GENERACION: 308
Mejor Solucion:  4 27 24 23 14 42 18 7 46 10 13 1 37 20 12 38 48 43 15 29 34 31 19 25 47 35 30 6 22 49 9 21 16 44 8 40 3 36 33 2 28 45 5 11 32 26 39 41 17 0
Coste: 52966

GENERACION: 309
Mejor Solucion:  4 27 24 23 14 42 18 7 46 10 13 1 37 20 12 38 48 43 15 29 34 31 19 25 47 35 30 6 22 49 9 21 16 44 8 40 3 36 33 2 28 45 5 11 32 26 39 41 17 0
Coste: 52966

GENERACION: 310
Mejor Solucion:  4 27 24 23 14 42 18 7 46 10 13 1 37 20 12 38 48 43 15 29 34 31 19 25 47 35 30 6 22 49 9 21 16 44 8 40 3 36 33 2 28 45 5 11 32 26 39 41 17 0
Coste: 52966

GENERACION: 311
Mejor Solucion:  4 27 24 23 14 42 18 7 46 10 13 1 37 20 12 38 48 43 15 29 34 31 19 25 47 35 30 6 22 49 9 21 16 44 8 40 3 36 33 2 28 45 5 11 32 26 39 41 17 0
Coste: 52966

GENERACION: 312
Mejor Solucion:  4 27 24 23 14 42 18 7 46 10 13 1 37 20 12 38 48 43 15 29 34 31 19 25 47 35 30 6 22 49 9 21 16 44 8 40 3 36 33 2 28 45 5 11 32 26 39 41 17 0
Coste: 52966

GENERACION: 313
Mejor Solucion:  4 27 24 23 14 42 18 7 46 10 13 1 37 20 12 38 48 43 15 29 34 31 19 25 47 35 30 6 22 49 9 21 16 44 8 40 3 36 33 2 28 45 5 11 32 26 39 41 17 0
Coste: 52966

GENERACION: 314
Mejor Solucion:  4 27 24 23 14 42 18 7 46 10 13 1 37 20 12 38 48 43 15 29 34 31 19 25 47 35 30 6 22 49 9 21 16 44 8 40 3 36 33 2 28 45 5 11 32 26 39 41 17 0
Coste: 52966

GENERACION: 315
Mejor Solucion:  4 27 24 23 14 42 18 7 46 10 13 1 37 20 12 38 48 43 15 29 34 31 19 25 47 35 30 6 22 49 9 21 16 44 8 40 3 36 33 2 28 45 5 11 32 26 39 41 17 0
Coste: 52966

GENERACION: 316
Mejor Solucion:  4 27 24 23 14 42 18 7 46 10 13 1 37 20 12 38 48 43 15 29 34 31 19 25 47 35 30 6 22 49 9 21 16 44 8 40 3 36 33 2 28 45 5 11 32 26 39 41 17 0
Coste: 52966

GENERACION: 317
Mejor Solucion:  4 27 24 23 14 42 18 7 46 10 13 1 37 20 12 38 48 43 15 29 34 31 19 25 47 35 30 6 22 49 9 21 16 44 8 40 3 36 33 2 28 45 5 11 32 26 39 41 17 0
Coste: 52966

GENERACION: 318
Mejor Solucion:  4 27 24 23 14 42 18 7 46 10 13 1 37 20 12 38 48 43 15 29 34 31 19 25 47 35 30 6 22 49 9 21 16 44 8 40 3 36 33 2 28 45 5 11 32 26 39 41 17 0
Coste: 52966

GENERACION: 319
Mejor Solucion:  4 27 24 23 14 42 18 7 46 10 13 1 37 20 12 38 48 43 15 29 34 31 19 25 47 35 30 6 22 49 9 21 16 44 8 40 3 36 33 2 28 45 5 11 32 26 39 41 17 0
Coste: 52966

GENERACION: 320
Mejor Solucion:  4 27 24 23 14 42 18 7 46 10 13 1 37 20 12 38 48 43 15 29 34 31 19 25 47 35 30 6 22 49 9 21 16 44 8 40 3 36 33 2 28 45 5 11 32 26 39 41 17 0
Coste: 52966

GENERACION: 321
Mejor Solucion:  4 27 24 23 14 42 18 7 46 10 13 1 37 20 12 38 48 43 15 29 34 31 19 25 47 35 30 6 22 49 9 21 16 44 8 40 3 36 33 2 28 45 5 11 32 26 39 41 17 0
Coste: 52966

GENERACION: 322
Mejor Solucion:  4 27 24 23 14 42 18 7 46 10 13 1 37 20 12 38 48 43 15 29 34 31 19 25 47 35 30 6 22 49 9 21 16 44 8 40 3 36 33 2 28 45 5 11 32 26 39 41 17 0
Coste: 52966

GENERACION: 323
Mejor Solucion:  4 27 24 23 14 42 18 7 46 10 13 1 37 20 12 38 48 43 15 29 34 31 19 25 47 35 30 6 22 49 9 21 16 44 8 40 3 36 33 2 28 45 5 11 32 26 39 41 17 0
Coste: 52966

GENERACION: 324
Mejor Solucion:  4 27 24 23 14 42 18 7 46 10 13 1 37 20 12 38 48 43 15 29 34 31 19 25 47 35 30 6 22 49 9 21 16 44 8 40 3 36 33 2 28 45 5 11 32 26 39 41 17 0
Coste: 52966

GENERACION: 325
Mejor Solucion:  4 27 24 23 14 42 18 7 46 10 13 1 37 20 12 38 48 43 15 29 34 31 19 25 47 35 30 6 22 49 9 21 16 44 8 40 3 36 33 2 28 45 5 11 32 26 39 41 17 0
Coste: 52966

GENERACION: 326
Mejor Solucion:  4 27 24 23 14 42 18 7 46 10 13 1 37 20 12 38 48 43 15 29 34 31 19 25 47 35 30 6 22 49 9 21 16 44 8 40 3 36 33 2 28 45 5 11 32 26 39 41 17 0
Coste: 52966

GENERACION: 327
Mejor Solucion:  4 27 24 23 14 42 18 7 46 10 13 1 37 20 12 38 48 43 15 29 34 31 19 25 47 35 30 6 22 49 9 21 16 44 8 40 3 36 33 2 28 45 5 11 32 26 39 41 17 0
Coste: 52966

GENERACION: 328
Mejor Solucion:  4 27 24 23 14 42 18 7 46 10 13 1 37 20 12 38 48 43 15 29 34 31 19 25 47 35 30 6 22 49 9 21 16 44 8 40 3 36 33 2 28 45 5 11 32 26 39 41 17 0
Coste: 52966

GENERACION: 329
Mejor Solucion:  4 27 24 23 14 42 18 7 46 10 13 1 37 20 12 38 48 43 15 29 34 31 19 25 47 35 30 6 22 49 9 21 16 44 8 40 3 36 33 2 28 45 5 11 32 26 39 41 17 0
Coste: 52966

GENERACION: 330
Mejor Solucion:  4 27 24 23 14 42 18 7 46 10 13 1 37 20 12 38 48 43 15 29 34 31 19 25 47 35 30 6 22 49 9 21 16 44 8 40 3 36 33 2 28 45 5 11 32 26 39 41 17 0
Coste: 52966

GENERACION: 331
Mejor Solucion:  4 27 24 23 14 42 18 7 46 10 13 1 37 20 12 38 48 43 15 29 34 31 19 25 47 35 30 6 22 49 9 21 16 44 8 40 3 36 33 2 28 45 5 11 32 26 39 41 17 0
Coste: 52966

GENERACION: 332
Mejor Solucion:  4 27 24 23 14 42 18 7 46 10 13 1 37 20 12 38 48 43 15 29 34 31 19 25 47 35 30 6 22 49 9 21 16 44 8 40 3 36 33 2 28 45 5 11 32 26 39 41 17 0
Coste: 52966

GENERACION: 333
Mejor Solucion:  4 27 24 23 14 42 18 7 46 10 13 1 37 20 12 38 48 43 15 29 34 31 19 25 47 35 30 6 22 49 9 21 16 44 8 40 3 36 33 2 28 45 5 11 32 26 39 41 17 0
Coste: 52966

GENERACION: 334
Mejor Solucion:  4 27 24 23 14 42 18 7 46 10 13 1 37 20 12 38 48 43 15 29 34 31 19 25 47 35 30 6 22 49 9 21 16 44 8 40 3 36 33 2 28 45 5 11 32 26 39 41 17 0
Coste: 52966

GENERACION: 335
Mejor Solucion:  4 27 24 23 14 42 18 7 46 10 13 1 37 20 12 38 48 43 15 29 34 31 19 25 47 35 30 6 22 49 9 21 16 44 8 40 3 36 33 2 28 45 5 11 32 26 39 41 17 0
Coste: 52966

GENERACION: 336
Mejor Solucion:  4 27 24 23 14 42 18 7 46 10 13 1 37 20 12 38 48 43 15 29 34 31 19 25 47 35 30 6 22 49 9 21 16 44 8 40 3 36 33 2 28 45 5 11 32 26 39 41 17 0
Coste: 52966

GENERACION: 337
Mejor Solucion:  4 27 24 23 14 42 18 7 46 10 13 1 37 20 12 38 48 43 15 29 34 31 19 25 47 35 30 6 22 49 9 21 16 44 8 40 3 36 33 2 28 45 5 11 32 26 39 41 17 0
Coste: 52966

GENERACION: 338
Mejor Solucion:  4 27 24 23 14 42 18 7 46 10 13 1 37 20 12 38 48 43 15 29 34 31 19 25 47 35 30 6 22 49 9 21 16 44 8 40 3 36 33 2 28 45 5 11 32 26 39 41 17 0
Coste: 52966

GENERACION: 339
Mejor Solucion:  4 27 24 23 14 42 18 7 46 10 13 1 37 20 12 38 48 43 15 29 34 31 19 25 47 35 30 6 22 49 9 21 16 44 8 40 3 36 33 2 28 45 5 11 32 26 39 41 17 0
Coste: 52966

GENERACION: 340
Mejor Solucion:  4 27 24 23 14 42 18 7 46 10 13 1 37 20 12 38 48 43 15 29 34 31 19 25 47 35 30 6 22 49 9 21 16 44 8 40 3 36 33 2 28 45 5 11 32 26 39 41 17 0
Coste: 52966

GENERACION: 341
Mejor Solucion:  4 27 24 23 14 42 18 7 46 10 13 1 37 20 12 38 48 43 15 29 34 31 19 25 47 35 30 6 22 49 9 21 16 44 8 40 3 36 33 2 28 45 5 11 32 26 39 41 17 0
Coste: 52966

GENERACION: 342
Mejor Solucion:  4 27 24 23 14 42 18 7 46 10 13 1 37 20 12 38 48 43 15 29 34 31 19 25 47 35 30 6 22 49 9 21 16 44 8 40 3 36 33 2 28 45 5 11 32 26 39 41 17 0
Coste: 52966

GENERACION: 343
Mejor Solucion:  4 27 24 23 14 42 18 7 46 10 13 1 37 20 12 38 48 43 15 29 34 31 19 25 47 35 30 6 22 49 9 21 16 44 8 40 3 36 33 2 28 45 5 11 32 26 39 41 17 0
Coste: 52966

GENERACION: 344
Mejor Solucion:  4 27 24 23 14 42 18 7 46 10 13 1 37 20 12 38 48 43 15 29 34 31 19 25 47 35 30 6 22 49 9 21 16 44 8 40 3 36 33 2 28 45 5 11 32 26 39 41 17 0
Coste: 52966

GENERACION: 345
Mejor Solucion:  4 27 24 23 14 42 18 7 46 10 13 1 37 20 12 38 48 43 15 29 34 31 19 25 47 35 30 6 22 49 9 21 16 44 8 40 3 36 33 2 28 45 5 11 32 26 39 41 17 0
Coste: 52966

GENERACION: 346
Mejor Solucion:  4 27 24 23 14 42 18 7 46 10 13 1 37 20 12 38 48 43 15 29 34 31 19 25 47 35 30 6 22 49 9 21 16 44 8 40 3 36 33 2 28 45 5 11 32 26 39 41 17 0
Coste: 52966

GENERACION: 347
Mejor Solucion:  4 27 24 23 14 42 18 7 46 10 13 1 37 20 12 38 48 43 15 29 34 31 19 25 47 35 30 6 22 49 9 21 16 44 8 40 3 36 33 2 28 45 5 11 32 26 39 41 17 0
Coste: 52966

GENERACION: 348
Mejor Solucion:  4 27 24 23 14 42 18 7 46 10 13 1 37 20 12 38 48 43 15 29 34 31 19 25 47 35 30 6 22 49 9 21 16 44 8 40 3 36 33 2 28 45 5 11 32 26 39 41 17 0
Coste: 52966

GENERACION: 349
Mejor Solucion:  4 27 24 23 14 42 18 7 46 10 13 1 37 20 12 38 48 43 15 29 34 31 19 25 47 35 30 6 22 49 9 21 16 44 8 40 3 36 33 2 28 45 5 11 32 26 39 41 17 0
Coste: 52966

GENERACION: 350
Mejor Solucion:  4 27 24 23 14 42 18 7 46 10 13 1 37 20 12 38 48 43 15 29 34 31 19 25 47 35 30 6 22 49 9 21 16 44 8 40 3 36 33 2 28 45 5 11 32 26 39 41 17 0
Coste: 52966

GENERACION: 351
Mejor Solucion:  4 27 24 23 14 42 18 7 46 10 13 1 37 20 12 38 48 43 15 29 34 31 19 25 47 35 30 6 22 49 9 21 16 44 8 40 3 36 33 2 28 45 5 11 32 26 39 41 17 0
Coste: 52966

GENERACION: 352
Mejor Solucion:  4 27 24 23 14 42 18 7 46 10 13 1 37 20 12 38 48 43 15 29 34 31 19 25 47 35 30 6 22 49 9 21 16 44 8 40 3 36 33 2 28 45 5 11 32 26 39 41 17 0
Coste: 52966

GENERACION: 353
Mejor Solucion:  4 27 24 23 14 42 18 7 46 10 13 1 37 20 12 38 48 43 15 29 34 31 19 25 47 35 30 6 22 49 9 21 16 44 8 40 3 36 33 2 28 45 5 11 32 26 39 41 17 0
Coste: 52966

GENERACION: 354
Mejor Solucion:  4 27 24 23 14 42 18 7 46 10 13 1 37 20 12 38 48 43 15 29 34 31 19 25 47 35 30 6 22 49 9 21 16 44 8 40 3 36 33 2 28 45 5 11 32 26 39 41 17 0
Coste: 52966

GENERACION: 355
Mejor Solucion:  4 27 24 23 14 42 18 7 46 10 13 1 37 20 12 38 48 43 15 29 34 31 19 25 47 35 30 6 22 49 9 21 16 44 8 40 3 36 33 2 28 45 5 11 32 26 39 41 17 0
Coste: 52966

GENERACION: 356
Mejor Solucion:  4 27 24 23 14 42 18 7 46 10 13 1 37 20 12 38 48 43 15 29 34 31 19 25 47 35 30 6 22 49 9 21 16 44 8 40 3 36 33 2 28 45 5 11 32 26 39 41 17 0
Coste: 52966

GENERACION: 357
Mejor Solucion:  4 27 24 23 14 42 18 7 46 10 13 1 37 20 12 38 48 43 15 29 34 31 19 25 47 35 30 6 22 49 9 21 16 44 8 40 3 36 33 2 28 45 5 11 32 26 39 41 17 0
Coste: 52966

GENERACION: 358
Mejor Solucion:  4 27 24 23 14 42 18 7 46 10 13 1 37 20 12 38 48 43 15 29 34 31 19 25 47 35 30 6 22 49 9 21 16 44 8 40 3 36 33 2 28 45 5 11 32 26 39 41 17 0
Coste: 52966

GENERACION: 359
Mejor Solucion:  4 27 24 23 14 42 18 7 46 10 13 1 37 20 12 38 48 43 15 29 34 31 19 25 47 35 30 6 22 49 9 21 16 44 8 40 3 36 33 2 28 45 5 11 32 26 39 41 17 0
Coste: 52966

GENERACION: 360
Mejor Solucion:  4 27 24 23 14 42 18 7 46 10 13 1 37 20 12 38 48 43 15 29 34 31 19 25 47 35 30 6 22 49 9 21 16 44 8 40 3 36 33 2 28 45 5 11 32 26 39 41 17 0
Coste: 52966

GENERACION: 361
Mejor Solucion:  4 27 24 23 14 42 18 7 46 10 13 1 37 20 12 38 48 43 15 29 34 31 19 25 47 35 30 6 22 49 9 21 16 44 8 40 3 36 33 2 28 45 5 11 32 26 39 41 17 0
Coste: 52966

GENERACION: 362
Mejor Solucion:  4 27 24 23 14 42 18 7 46 10 13 1 37 20 12 38 48 43 15 29 34 31 19 25 47 35 30 6 22 49 9 21 16 44 8 40 3 36 33 2 28 45 5 11 32 26 39 41 17 0
Coste: 52966

GENERACION: 363
Mejor Solucion:  4 27 24 23 14 42 18 7 46 10 13 1 37 20 12 38 48 43 15 29 34 31 19 25 47 35 30 6 22 49 9 21 16 44 8 40 3 36 33 2 28 45 5 11 32 26 39 41 17 0
Coste: 52966

GENERACION: 364
Mejor Solucion:  4 27 24 23 14 42 18 7 46 10 13 1 37 20 12 38 48 43 15 29 34 31 19 25 47 35 30 6 22 49 9 21 16 44 8 40 3 36 33 2 28 45 5 11 32 26 39 41 17 0
Coste: 52966

GENERACION: 365
Mejor Solucion:  4 27 24 23 14 42 18 7 46 10 13 1 37 20 12 38 48 43 15 29 34 31 19 25 47 35 30 6 22 49 9 21 16 44 8 40 3 36 33 2 28 45 5 11 32 26 39 41 17 0
Coste: 52966

GENERACION: 366
Mejor Solucion:  4 27 24 23 14 42 18 7 46 10 13 1 37 20 12 38 48 43 15 29 34 31 19 25 47 35 30 6 22 49 9 21 16 44 8 40 3 36 33 2 28 45 5 11 32 26 39 41 17 0
Coste: 52966

GENERACION: 367
Mejor Solucion:  4 27 24 23 14 42 18 7 46 10 13 1 37 20 12 38 48 43 15 29 34 31 19 25 47 35 30 6 22 49 9 21 16 44 8 40 3 36 33 2 28 45 5 11 32 26 39 41 17 0
Coste: 52966

GENERACION: 368
Mejor Solucion:  4 27 24 23 14 42 18 7 46 10 13 1 37 20 12 38 48 43 15 29 34 31 19 25 47 35 30 6 22 49 9 21 16 44 8 40 3 36 33 2 28 45 5 11 32 26 39 41 17 0
Coste: 52966

GENERACION: 369
Mejor Solucion:  4 27 24 23 14 42 18 7 46 10 13 1 37 20 12 38 48 43 15 29 34 31 19 25 47 35 30 6 22 49 9 21 16 44 8 40 3 36 33 2 28 45 5 11 32 26 39 41 17 0
Coste: 52966

GENERACION: 370
Mejor Solucion:  4 27 24 23 14 42 18 7 46 10 13 1 37 20 12 38 48 43 15 29 34 31 19 25 47 35 30 6 22 49 9 21 16 44 8 40 3 36 33 2 28 45 5 11 32 26 39 41 17 0
Coste: 52966

GENERACION: 371
Mejor Solucion:  4 27 24 23 14 42 18 7 46 10 13 1 37 20 12 38 48 43 15 29 34 31 19 25 47 35 30 6 22 49 9 21 16 44 8 40 3 36 33 2 28 45 5 11 32 26 39 41 17 0
Coste: 52966

GENERACION: 372
Mejor Solucion:  4 27 24 23 14 42 18 7 46 10 13 1 37 20 12 38 48 43 15 29 34 31 19 25 47 35 30 6 22 49 9 21 16 44 8 40 3 36 33 2 28 45 5 11 32 26 39 41 17 0
Coste: 52966

GENERACION: 373
Mejor Solucion:  4 27 24 23 14 42 18 7 46 10 13 1 37 20 12 38 48 43 15 29 34 31 19 25 47 35 30 6 22 49 9 21 16 44 8 40 3 36 33 2 28 45 5 11 32 26 39 41 17 0
Coste: 52966

GENERACION: 374
Mejor Solucion:  4 27 24 23 14 42 18 7 46 10 13 1 37 20 12 38 48 43 15 29 34 31 19 25 47 35 30 6 22 49 9 21 16 44 8 40 3 36 33 2 28 45 5 11 32 26 39 41 17 0
Coste: 52966

GENERACION: 375
Mejor Solucion:  4 27 24 23 14 42 18 7 46 10 13 1 37 20 12 38 48 43 15 29 34 31 19 25 47 35 30 6 22 49 9 21 16 44 8 40 3 36 33 2 28 45 5 11 32 26 39 41 17 0
Coste: 52966

GENERACION: 376
Mejor Solucion:  4 27 24 23 14 42 18 7 46 10 13 1 37 20 12 38 48 43 15 29 34 31 19 25 47 35 30 6 22 49 9 21 16 44 8 40 3 36 33 2 28 45 5 11 32 26 39 41 17 0
Coste: 52966

GENERACION: 377
Mejor Solucion:  4 27 24 23 14 42 18 7 46 10 13 1 37 20 12 38 48 43 15 29 34 31 19 25 47 35 30 6 22 49 9 21 16 44 8 40 3 36 33 2 28 45 5 11 32 26 39 41 17 0
Coste: 52966

GENERACION: 378
Mejor Solucion:  4 27 24 23 14 42 18 7 46 10 13 1 37 20 12 38 48 43 15 29 34 31 19 25 47 35 30 6 22 49 9 21 16 44 8 40 3 36 33 2 28 45 5 11 32 26 39 41 17 0
Coste: 52966

GENERACION: 379
Mejor Solucion:  4 27 24 23 14 42 18 7 46 10 13 1 37 20 12 38 48 43 15 29 34 31 19 25 47 35 30 6 22 49 9 21 16 44 8 40 3 36 33 2 28 45 5 11 32 26 39 41 17 0
Coste: 52966

GENERACION: 380
Mejor Solucion:  4 27 24 23 14 42 18 7 46 10 13 1 37 20 12 38 48 43 15 29 34 31 19 25 47 35 30 6 22 49 9 21 16 44 8 40 3 36 33 2 28 45 5 11 32 26 39 41 17 0
Coste: 52966

GENERACION: 381
Mejor Solucion:  4 27 24 23 14 42 18 7 46 10 13 1 37 20 12 38 48 43 15 29 34 31 19 25 47 35 30 6 22 49 9 21 16 44 8 40 3 36 33 2 28 45 5 11 32 26 39 41 17 0
Coste: 52966

GENERACION: 382
Mejor Solucion:  4 27 24 23 14 42 18 7 46 10 13 1 37 20 12 38 48 43 15 29 34 31 19 25 47 35 30 6 22 49 9 21 16 44 8 40 3 36 33 2 28 45 5 11 32 26 39 41 17 0
Coste: 52966

GENERACION: 383
Mejor Solucion:  4 27 24 23 14 42 18 7 46 10 13 1 37 20 12 38 48 43 15 29 34 31 19 25 47 35 30 6 22 49 9 21 16 44 8 40 3 36 33 2 28 45 5 11 32 26 39 41 17 0
Coste: 52966

GENERACION: 384
Mejor Solucion:  4 27 24 23 14 42 18 7 46 10 13 1 37 20 12 38 48 43 15 29 34 31 19 25 47 35 30 6 22 49 9 21 16 44 8 40 3 36 33 2 28 45 5 11 32 26 39 41 17 0
Coste: 52966

GENERACION: 385
Mejor Solucion:  4 27 24 23 14 42 18 7 46 10 13 1 37 20 12 38 48 43 15 29 34 31 19 25 47 35 30 6 22 49 9 21 16 44 8 40 3 36 33 2 28 45 5 11 32 26 39 41 17 0
Coste: 52966

GENERACION: 386
Mejor Solucion:  4 27 24 23 14 42 18 7 46 10 13 1 37 20 12 38 48 43 15 29 34 31 19 25 47 35 30 6 22 49 9 21 16 44 8 40 3 36 33 2 28 45 5 11 32 26 39 41 17 0
Coste: 52966

GENERACION: 387
Mejor Solucion:  4 27 24 23 14 42 18 7 46 10 13 1 37 20 12 38 48 43 15 29 34 31 19 25 47 35 30 6 22 49 9 21 16 44 8 40 3 36 33 2 28 45 5 11 32 26 39 41 17 0
Coste: 52966

GENERACION: 388
Mejor Solucion:  4 27 24 23 14 42 18 7 46 10 13 1 37 20 12 38 48 43 15 29 34 31 19 25 47 35 30 6 22 49 9 21 16 44 8 40 3 36 33 2 28 45 5 11 32 26 39 41 17 0
Coste: 52966

GENERACION: 389
Mejor Solucion:  4 27 24 23 14 42 18 7 46 10 13 1 37 20 12 38 48 43 15 29 34 31 19 25 47 35 30 6 22 49 9 21 16 44 8 40 3 36 33 2 28 45 5 11 32 26 39 41 17 0
Coste: 52966

GENERACION: 390
Mejor Solucion:  4 27 24 23 14 42 18 7 46 10 13 1 37 20 12 38 48 43 15 29 34 31 19 25 47 35 30 6 22 49 9 21 16 44 8 40 3 36 33 2 28 45 5 11 32 26 39 41 17 0
Coste: 52966

GENERACION: 391
Mejor Solucion:  4 27 24 23 14 42 18 7 46 10 13 1 37 20 12 38 48 43 15 29 34 31 19 25 47 35 30 6 22 49 9 21 16 44 8 40 3 36 33 2 28 45 5 11 32 26 39 41 17 0
Coste: 52966

GENERACION: 392
Mejor Solucion:  4 27 24 23 14 42 18 7 46 10 13 1 37 20 12 38 48 43 15 29 34 31 19 25 47 35 30 6 22 49 9 21 16 44 8 40 3 36 33 2 28 45 5 11 32 26 39 41 17 0
Coste: 52966

GENERACION: 393
Mejor Solucion:  4 27 24 23 14 42 18 7 46 10 13 1 37 20 12 38 48 43 15 29 34 31 19 25 47 35 30 6 22 49 9 21 16 44 8 40 3 36 33 2 28 45 5 11 32 26 39 41 17 0
Coste: 52966

GENERACION: 394
Mejor Solucion:  4 27 24 23 14 42 18 7 46 10 13 1 37 20 12 38 48 43 15 29 34 31 19 25 47 35 30 6 22 49 9 21 16 44 8 40 3 36 33 2 28 45 5 11 32 26 39 41 17 0
Coste: 52966

GENERACION: 395
Mejor Solucion:  4 27 24 23 14 42 18 7 46 10 13 1 37 20 12 38 48 43 15 29 34 31 19 25 47 35 30 6 22 49 9 21 16 44 8 40 3 36 33 2 28 45 5 11 32 26 39 41 17 0
Coste: 52966

GENERACION: 396
Mejor Solucion:  4 27 24 23 14 42 18 7 46 10 13 1 37 20 12 38 48 43 15 29 34 31 19 25 47 35 30 6 22 49 9 21 16 44 8 40 3 36 33 2 28 45 5 11 32 26 39 41 17 0
Coste: 52966

GENERACION: 397
Mejor Solucion:  4 27 24 23 14 42 18 7 46 10 13 1 37 20 12 38 48 43 15 29 34 31 19 25 47 35 30 6 22 49 9 21 16 44 8 40 3 36 33 2 28 45 5 11 32 26 39 41 17 0
Coste: 52966

GENERACION: 398
Mejor Solucion:  4 27 24 23 14 42 18 7 46 10 13 1 37 20 12 38 48 43 15 29 34 31 19 25 47 35 30 6 22 49 9 21 16 44 8 40 3 36 33 2 28 45 5 11 32 26 39 41 17 0
Coste: 52966

GENERACION: 399
Mejor Solucion:  4 27 24 23 14 42 18 7 46 10 13 1 37 20 12 38 48 43 15 29 34 31 19 25 47 35 30 6 22 49 9 21 16 44 8 40 3 36 33 2 28 45 5 11 32 26 39 41 17 0
Coste: 52966

GENERACION: 400
Mejor Solucion:  4 27 24 23 14 42 18 7 46 10 13 1 37 20 12 38 48 43 15 29 34 31 19 25 47 35 30 6 22 49 9 21 16 44 8 40 3 36 33 2 28 45 5 11 32 26 39 41 17 0
Coste: 52966

GENERACION: 401
Mejor Solucion:  4 27 24 23 14 42 18 7 46 10 13 1 37 20 12 38 48 43 15 29 34 31 19 25 47 35 30 6 22 49 9 21 16 44 8 40 3 36 33 2 28 45 5 11 32 26 39 41 17 0
Coste: 52966

GENERACION: 402
Mejor Solucion:  4 27 24 23 14 42 18 7 46 10 13 1 37 20 12 38 48 43 15 29 34 31 19 25 47 35 30 6 22 49 9 21 16 44 8 40 3 36 33 2 28 45 5 11 32 26 39 41 17 0
Coste: 52966

GENERACION: 403
Mejor Solucion:  4 27 24 23 14 42 18 7 46 10 13 1 37 20 12 38 48 43 15 29 34 31 19 25 47 35 30 6 22 49 9 21 16 44 8 40 3 36 33 2 28 45 5 11 32 26 39 41 17 0
Coste: 52966

GENERACION: 404
Mejor Solucion:  4 27 24 23 14 42 18 7 46 10 13 1 37 20 12 38 48 43 15 29 34 31 19 25 47 35 30 6 22 49 9 21 16 44 8 40 3 36 33 2 28 45 5 11 32 26 39 41 17 0
Coste: 52966

GENERACION: 405
Mejor Solucion:  4 27 24 23 14 42 18 7 46 10 13 1 37 20 12 38 48 43 15 29 34 31 19 25 47 35 30 6 22 49 9 21 16 44 8 40 3 36 33 2 28 45 5 11 32 26 39 41 17 0
Coste: 52966

GENERACION: 406
Mejor Solucion:  4 27 24 23 14 42 18 7 46 10 13 1 37 20 12 38 48 43 15 29 34 31 19 25 47 35 30 6 22 49 9 21 16 44 8 40 3 36 33 2 28 45 5 11 32 26 39 41 17 0
Coste: 52966

GENERACION: 407
Mejor Solucion:  4 27 24 23 14 42 18 7 46 10 13 1 37 20 12 38 48 43 15 29 34 31 19 25 47 35 30 6 22 49 9 21 16 44 8 40 3 36 33 2 28 45 5 11 32 26 39 41 17 0
Coste: 52966

GENERACION: 408
Mejor Solucion:  4 27 24 23 14 42 18 7 46 10 13 1 37 20 12 38 48 43 15 29 34 31 19 25 47 35 30 6 22 49 9 21 16 44 8 40 3 36 33 2 28 45 5 11 32 26 39 41 17 0
Coste: 52966

GENERACION: 409
Mejor Solucion:  4 27 24 23 14 42 18 7 46 10 13 1 37 20 12 38 48 43 15 29 34 31 19 25 47 35 30 6 22 49 9 21 16 44 8 40 3 36 33 2 28 45 5 11 32 26 39 41 17 0
Coste: 52966

GENERACION: 410
Mejor Solucion:  4 27 24 23 14 42 18 7 46 10 13 1 37 20 12 38 48 43 15 29 34 31 19 25 47 35 30 6 22 49 9 21 16 44 8 40 3 36 33 2 28 45 5 11 32 26 39 41 17 0
Coste: 52966

GENERACION: 411
Mejor Solucion:  4 27 24 23 14 42 18 7 46 10 13 1 37 20 12 38 48 43 15 29 34 31 19 25 47 35 30 6 22 49 9 21 16 44 8 40 3 36 33 2 28 45 5 11 32 26 39 41 17 0
Coste: 52966

