GENERACION: 1
Mejor Solucion:  38 27 17 49 44 30 0 8 16 23 46 42 31 26 14 35 40 18 34 7 10 12 9 37 20 43 48 5 45 41 1 24 4 47 28 21 32 2 15 36 13 22 33 11 6 39 3 29 25 19
Coste: 54742

GENERACION: 2
Mejor Solucion:  38 27 17 49 44 30 0 8 16 23 46 42 31 26 14 35 40 18 34 7 10 12 9 37 20 43 48 5 45 41 1 24 4 47 28 21 32 2 15 36 13 22 33 11 6 39 3 29 25 19
Coste: 54742

GENERACION: 3
Mejor Solucion:  38 27 17 49 44 30 0 8 16 23 46 42 31 26 14 35 40 18 34 7 10 12 9 37 20 43 48 5 45 41 1 24 4 47 28 21 32 2 15 36 13 22 33 11 6 39 3 29 25 19
Coste: 54742

GENERACION: 4
Mejor Solucion:  38 27 17 49 44 30 0 8 16 23 46 42 31 26 14 35 40 18 34 7 10 12 9 37 20 43 48 5 45 41 1 24 4 47 28 21 32 2 15 36 13 22 33 11 6 39 3 29 25 19
Coste: 54742

GENERACION: 5
Mejor Solucion:  38 27 17 49 44 30 0 8 16 23 46 42 31 26 14 35 40 18 34 7 10 12 9 37 20 43 48 5 45 41 1 24 4 47 28 21 32 2 15 36 13 22 33 11 6 39 3 29 25 19
Coste: 54742

GENERACION: 6
Mejor Solucion:  38 27 17 49 44 30 0 8 16 23 46 42 31 26 14 35 40 18 34 7 10 12 9 37 20 43 48 5 45 41 1 24 4 47 28 21 32 2 15 36 13 22 33 11 6 39 3 29 25 19
Coste: 54742

GENERACION: 7
Mejor Solucion:  38 27 17 49 44 30 0 8 16 23 46 42 31 26 14 35 40 18 34 7 10 12 9 37 20 43 48 5 45 41 1 24 4 47 28 21 32 2 15 36 13 22 33 11 6 39 3 29 25 19
Coste: 54742

GENERACION: 8
Mejor Solucion:  38 27 17 49 44 30 0 8 16 23 46 42 31 26 14 35 40 18 34 7 10 12 9 37 20 43 48 5 45 41 1 24 4 47 28 21 32 2 15 36 13 22 33 11 6 39 3 29 25 19
Coste: 54742

GENERACION: 9
Mejor Solucion:  38 27 17 49 44 30 0 8 16 23 46 42 31 26 14 35 40 18 34 7 10 12 9 37 20 43 48 5 45 41 1 24 4 47 28 21 32 2 15 36 13 22 33 11 6 39 3 29 25 19
Coste: 54742

GENERACION: 10
Mejor Solucion:  38 27 17 49 44 30 0 8 16 23 46 42 31 26 14 35 40 18 34 7 10 12 9 37 20 43 48 5 45 41 1 24 4 47 28 21 32 2 15 36 13 22 33 11 6 39 3 29 25 19
Coste: 54742

GENERACION: 11
Mejor Solucion:  39 27 17 49 36 30 23 31 16 0 46 42 8 26 14 35 40 24 34 6 10 12 9 37 20 43 48 5 45 41 1 38 4 47 28 15 32 18 2 44 13 22 33 11 7 19 3 29 25 21
Coste: 54594

GENERACION: 12
Mejor Solucion:  39 27 17 49 36 30 23 31 16 0 46 42 8 26 14 35 40 24 34 6 10 12 9 37 20 43 48 5 45 41 1 38 4 47 28 15 32 18 2 44 13 22 33 11 7 19 3 29 25 21
Coste: 54594

GENERACION: 13
Mejor Solucion:  39 27 17 49 36 30 23 31 16 0 46 42 8 26 14 35 40 24 34 6 10 12 9 37 20 15 48 5 45 41 1 38 4 47 28 43 32 18 2 44 13 22 33 11 7 19 3 29 25 21
Coste: 54465

GENERACION: 14
Mejor Solucion:  39 49 17 35 36 30 23 31 16 0 46 42 8 26 14 27 40 24 34 6 10 12 9 37 20 15 48 5 45 41 38 1 4 47 28 43 32 18 2 44 13 22 33 11 7 19 3 29 25 21
Coste: 54405

GENERACION: 15
Mejor Solucion:  39 27 22 49 36 30 23 31 16 0 46 42 8 26 14 35 40 24 18 6 10 12 9 48 20 15 37 5 45 41 1 38 4 47 28 43 32 34 2 44 13 17 33 11 7 19 3 29 25 21
Coste: 54392

GENERACION: 16
Mejor Solucion:  39 27 22 49 36 30 23 31 16 0 46 42 8 26 14 35 40 24 18 6 10 12 9 48 2 15 37 5 45 41 1 38 4 47 28 29 32 34 20 44 13 17 33 11 7 19 3 43 25 21
Coste: 54331

GENERACION: 17
Mejor Solucion:  39 27 22 49 36 12 23 31 16 0 46 42 8 26 14 35 40 24 18 13 10 30 9 48 2 15 37 5 45 41 1 38 4 47 28 29 32 34 20 44 6 17 33 11 7 19 3 43 25 21
Coste: 54050

GENERACION: 18
Mejor Solucion:  39 27 22 49 36 12 23 31 16 0 46 42 8 26 14 35 40 24 18 13 10 30 9 48 2 15 37 5 45 41 1 38 4 47 28 29 32 34 20 44 6 17 33 11 7 19 3 43 25 21
Coste: 54050

GENERACION: 19
Mejor Solucion:  39 27 22 49 36 30 23 31 16 0 46 42 29 26 24 35 40 14 18 13 10 12 9 48 2 15 37 5 45 41 1 38 4 47 28 8 32 34 20 44 6 17 33 11 7 19 3 43 25 21
Coste: 53922

GENERACION: 20
Mejor Solucion:  39 27 22 49 36 30 23 31 16 0 46 42 29 26 24 35 40 14 18 13 10 12 9 48 2 15 37 5 45 41 1 38 4 47 28 8 32 34 20 44 6 17 33 11 7 19 3 43 25 21
Coste: 53922

GENERACION: 21
Mejor Solucion:  39 27 22 49 36 12 23 31 16 0 46 42 7 26 14 35 40 15 18 13 10 30 9 48 2 8 37 44 45 41 1 38 4 47 28 24 32 34 20 5 6 17 33 11 29 19 3 43 25 21
Coste: 53875

GENERACION: 22
Mejor Solucion:  39 27 22 49 36 12 23 31 16 0 46 42 7 26 14 35 40 15 18 13 10 30 9 48 2 8 37 44 45 41 1 38 4 47 33 24 32 34 20 5 6 17 28 11 29 19 3 43 25 21
Coste: 53853

GENERACION: 23
Mejor Solucion:  39 27 22 49 36 12 23 31 16 0 46 42 7 26 14 35 40 15 18 13 10 30 9 48 2 8 37 44 45 41 1 38 4 47 33 24 32 34 20 5 6 17 28 11 29 19 3 43 25 21
Coste: 53853

GENERACION: 24
Mejor Solucion:  39 27 22 49 36 12 23 31 16 0 17 42 7 26 14 35 40 3 18 13 10 30 9 48 2 8 37 44 45 34 1 38 4 47 33 24 32 41 20 5 6 46 28 11 29 19 15 43 25 21
Coste: 53848

GENERACION: 25
Mejor Solucion:  39 27 22 49 36 12 23 31 16 0 17 42 7 26 14 35 40 3 18 13 10 30 9 48 2 8 37 44 45 34 1 38 4 47 33 24 32 41 20 5 6 46 28 11 29 19 15 43 25 21
Coste: 53848

GENERACION: 26
Mejor Solucion:  39 27 22 49 36 12 23 31 16 0 17 42 7 26 14 35 40 3 9 13 10 30 18 48 2 8 37 44 45 34 1 38 4 47 33 24 32 41 20 5 6 46 28 11 29 19 15 43 25 21
Coste: 53727

GENERACION: 27
Mejor Solucion:  39 27 22 49 36 12 23 31 16 0 17 7 42 26 14 35 40 3 9 13 10 30 18 48 2 8 37 44 45 34 1 38 4 47 33 24 32 41 20 5 6 46 28 11 29 19 15 43 25 21
Coste: 53598

GENERACION: 28
Mejor Solucion:  39 27 22 49 36 12 23 31 16 0 17 7 42 26 14 35 40 3 9 13 10 30 18 48 2 8 37 44 45 34 1 38 4 47 33 24 32 41 20 5 6 46 28 11 29 19 15 43 25 21
Coste: 53598

GENERACION: 29
Mejor Solucion:  39 27 22 49 36 12 23 31 16 0 17 7 42 26 14 35 40 3 9 13 10 30 18 48 2 8 37 44 45 34 1 38 4 47 33 24 32 41 20 5 6 46 28 11 29 19 15 43 25 21
Coste: 53598

GENERACION: 30
Mejor Solucion:  39 27 22 49 36 12 23 31 16 0 17 7 42 26 14 35 40 3 9 13 10 30 18 48 2 8 37 44 45 34 1 38 4 47 33 24 32 41 20 5 6 46 28 11 29 19 15 43 25 21
Coste: 53598

GENERACION: 31
Mejor Solucion:  30 5 22 49 36 12 23 31 16 0 17 7 42 26 2 35 40 3 9 13 6 39 18 48 14 11 37 44 45 34 1 38 4 47 33 24 32 41 20 27 10 46 28 8 29 19 15 43 25 21
Coste: 53595

GENERACION: 32
Mejor Solucion:  30 5 22 49 36 12 23 31 16 0 17 7 42 26 2 35 40 3 9 13 6 39 18 48 14 11 37 44 45 34 1 38 4 47 33 24 32 41 20 27 10 46 28 8 29 19 15 43 25 21
Coste: 53595

GENERACION: 33
Mejor Solucion:  30 5 22 49 36 12 23 31 16 0 17 7 42 26 2 35 40 3 9 13 6 39 18 48 14 11 37 44 45 34 1 38 4 47 33 24 32 41 20 27 10 46 28 8 29 19 15 43 25 21
Coste: 53595

GENERACION: 34
Mejor Solucion:  30 5 22 49 36 12 23 31 16 0 17 7 42 26 2 35 40 3 9 13 6 39 18 48 14 11 37 44 45 34 1 38 4 47 33 24 32 41 20 27 10 46 28 8 29 19 15 43 25 21
Coste: 53595

GENERACION: 35
Mejor Solucion:  30 5 22 49 36 12 23 31 45 0 17 7 42 26 2 35 40 3 9 13 6 39 18 48 14 11 37 44 16 34 1 38 4 47 33 24 32 41 20 27 29 46 28 8 10 19 15 43 25 21
Coste: 53452

GENERACION: 36
Mejor Solucion:  30 5 22 49 36 12 23 31 45 0 17 7 42 26 2 35 40 3 9 13 14 39 18 48 6 11 37 44 16 34 1 38 4 47 33 24 32 41 20 27 29 46 28 8 10 19 15 43 25 21
Coste: 53440

GENERACION: 37
Mejor Solucion:  30 5 22 49 36 12 23 31 45 0 17 7 42 26 2 35 40 3 9 13 14 39 18 48 6 11 37 44 16 34 1 38 4 47 33 24 32 41 20 27 29 46 28 8 10 19 15 43 25 21
Coste: 53440

GENERACION: 38
Mejor Solucion:  30 5 22 49 36 12 23 31 45 0 17 7 42 26 2 35 40 3 9 13 14 39 18 48 6 11 37 44 16 34 1 38 4 47 33 24 32 41 20 27 29 46 28 8 10 19 15 43 25 21
Coste: 53440

GENERACION: 39
Mejor Solucion:  30 5 22 49 36 12 23 31 45 0 17 7 42 26 2 35 40 3 9 13 14 39 18 48 6 11 37 44 16 34 1 38 4 47 33 24 32 41 20 27 29 46 28 8 10 19 15 43 25 21
Coste: 53440

GENERACION: 40
Mejor Solucion:  30 5 22 49 36 12 23 31 45 0 17 7 42 26 2 35 40 3 9 13 14 39 18 48 6 11 37 44 16 34 1 38 4 47 33 24 32 41 20 27 29 46 28 8 10 19 15 43 25 21
Coste: 53440

GENERACION: 41
Mejor Solucion:  30 5 22 49 36 12 23 31 45 0 17 7 42 26 2 35 40 3 9 13 14 39 18 48 6 11 37 44 16 34 1 38 4 47 33 24 32 41 20 27 29 46 28 8 10 19 15 43 25 21
Coste: 53440

GENERACION: 42
Mejor Solucion:  30 5 22 49 36 12 23 31 45 0 17 7 42 26 2 35 40 3 9 13 14 39 18 48 6 11 37 44 16 34 1 38 4 47 33 24 32 41 20 27 29 46 28 8 10 19 15 43 25 21
Coste: 53440

GENERACION: 43
Mejor Solucion:  30 5 22 49 36 12 23 31 45 0 17 7 42 26 2 35 40 3 9 13 14 39 18 48 6 11 37 44 16 34 1 38 4 47 33 24 32 41 20 27 29 46 28 8 10 19 15 43 25 21
Coste: 53440

GENERACION: 44
Mejor Solucion:  30 5 22 49 36 12 23 31 45 0 17 7 42 26 2 35 40 3 9 13 14 39 18 48 6 11 37 44 16 34 1 38 4 47 33 24 32 41 20 27 29 46 28 8 10 19 15 43 25 21
Coste: 53440

GENERACION: 45
Mejor Solucion:  30 5 22 49 36 12 23 16 27 0 17 7 42 26 2 35 40 3 9 13 14 39 18 48 6 11 37 44 31 34 1 38 4 47 33 24 32 41 20 45 29 46 28 8 10 19 15 43 25 21
Coste: 53412

GENERACION: 46
Mejor Solucion:  30 44 22 49 36 12 23 16 27 0 17 7 42 26 2 35 40 3 9 13 14 39 18 48 6 11 37 5 31 34 1 38 4 47 33 24 32 41 20 45 29 46 28 8 10 19 15 43 25 21
Coste: 53328

GENERACION: 47
Mejor Solucion:  30 44 22 49 36 12 23 16 27 0 17 7 42 26 2 35 40 3 9 13 14 39 18 48 6 11 37 5 31 34 1 38 4 47 33 24 32 41 20 45 29 46 28 8 10 19 15 43 25 21
Coste: 53328

GENERACION: 48
Mejor Solucion:  30 44 22 49 36 12 23 16 27 0 17 7 42 26 2 35 40 3 9 13 14 39 18 48 6 11 37 5 31 34 1 38 4 47 33 24 32 41 20 45 29 46 28 8 10 19 15 43 25 21
Coste: 53328

GENERACION: 49
Mejor Solucion:  30 44 22 49 36 12 23 16 27 0 17 7 42 26 2 35 40 3 9 13 14 39 18 48 6 11 37 5 31 34 1 38 4 47 33 24 32 41 20 45 29 46 28 8 10 19 15 43 25 21
Coste: 53328

GENERACION: 50
Mejor Solucion:  30 44 22 49 36 12 23 16 27 0 17 7 42 26 2 35 40 3 9 13 14 39 18 48 6 11 37 5 31 34 1 38 4 47 33 24 32 41 20 45 29 46 28 8 10 19 15 43 25 21
Coste: 53328

GENERACION: 51
Mejor Solucion:  30 44 22 49 36 12 23 16 27 0 17 7 42 26 2 35 40 3 9 13 14 39 18 48 6 11 37 5 31 34 1 38 4 47 33 24 32 41 20 45 29 46 28 8 10 19 15 43 25 21
Coste: 53328

GENERACION: 52
Mejor Solucion:  30 44 22 49 36 12 23 16 27 0 17 7 42 26 2 35 40 3 9 13 14 39 18 48 6 11 37 5 31 34 1 38 4 47 33 24 32 41 20 45 29 46 28 8 10 19 15 43 25 21
Coste: 53244

GENERACION: 53
Mejor Solucion:  30 44 22 49 36 12 23 16 27 0 17 7 42 15 28 35 40 3 9 13 14 39 18 48 6 11 37 5 31 34 1 38 4 47 33 24 32 41 20 45 29 46 2 8 10 19 26 43 25 21
Coste: 53233

GENERACION: 54
Mejor Solucion:  30 44 22 49 36 12 23 16 27 0 17 7 42 15 28 35 40 3 9 13 14 39 18 48 6 11 37 5 31 34 1 38 4 47 33 24 32 41 20 45 29 46 2 8 10 19 26 43 25 21
Coste: 53233

GENERACION: 55
Mejor Solucion:  30 44 22 49 36 12 23 16 27 0 17 7 42 15 28 35 40 3 9 13 14 39 18 48 6 11 37 5 31 34 1 38 4 47 33 24 32 41 20 45 29 46 2 8 10 19 26 43 25 21
Coste: 53233

GENERACION: 56
Mejor Solucion:  30 44 22 49 36 12 23 16 27 0 17 7 42 15 28 35 40 3 9 13 14 39 18 48 6 11 37 5 31 34 1 38 4 47 33 24 32 41 20 45 29 46 2 8 10 19 26 43 25 21
Coste: 53233

GENERACION: 57
Mejor Solucion:  30 44 22 49 36 12 23 16 27 0 17 7 42 15 28 35 40 3 9 13 14 39 18 48 6 11 37 5 31 34 1 38 4 47 33 24 32 41 20 45 29 46 2 8 10 19 26 43 25 21
Coste: 53233

GENERACION: 58
Mejor Solucion:  30 26 22 49 36 12 23 16 27 0 6 7 42 15 28 35 24 3 9 13 14 39 18 48 17 11 37 41 31 34 1 38 4 47 33 40 32 5 20 45 29 46 2 8 10 19 44 43 25 21
Coste: 53006

GENERACION: 59
Mejor Solucion:  30 26 22 49 36 12 23 16 27 0 6 7 42 15 28 35 24 3 9 13 14 39 18 48 17 11 37 41 31 34 1 38 4 47 33 40 32 5 20 45 29 46 2 8 10 19 44 43 25 21
Coste: 53006

GENERACION: 60
Mejor Solucion:  30 26 22 49 36 12 23 16 27 0 6 18 42 15 28 35 24 3 9 13 14 39 7 48 17 11 37 41 31 34 1 38 4 47 33 40 32 5 20 45 29 46 8 2 10 19 44 43 25 21
Coste: 52808

GENERACION: 61
Mejor Solucion:  30 26 22 49 36 12 23 16 27 0 6 18 42 15 28 35 24 3 9 13 14 39 7 48 17 11 37 41 31 34 1 38 4 47 33 40 32 5 20 45 29 46 8 2 10 19 44 43 25 21
Coste: 52808

GENERACION: 62
Mejor Solucion:  30 26 22 49 36 12 23 16 27 0 6 18 42 15 28 35 24 3 9 13 14 39 7 48 17 11 37 41 31 34 1 38 4 47 33 40 32 5 20 45 29 46 8 2 10 19 44 43 25 21
Coste: 52808

GENERACION: 63
Mejor Solucion:  1 26 22 49 36 12 23 16 27 0 6 18 42 15 28 35 24 3 9 13 14 39 7 48 17 11 37 41 31 34 30 38 4 47 33 40 32 5 20 45 29 46 8 2 10 19 44 43 25 21
Coste: 52750

GENERACION: 64
Mejor Solucion:  1 26 22 49 36 12 23 16 27 0 6 18 42 15 28 35 24 3 9 13 14 39 7 48 17 11 37 41 31 34 30 38 4 47 33 40 32 5 20 45 29 46 8 2 10 19 44 43 25 21
Coste: 52750

GENERACION: 65
Mejor Solucion:  1 26 22 49 36 12 23 16 27 0 6 18 42 15 28 35 24 3 9 13 14 39 7 48 17 11 37 41 31 34 30 38 4 47 33 40 32 5 20 45 29 46 8 2 10 19 44 43 25 21
Coste: 52750

GENERACION: 66
Mejor Solucion:  1 26 22 49 36 12 23 16 27 0 6 18 42 15 28 35 24 3 9 13 14 39 7 48 17 11 37 41 31 34 30 38 4 47 33 40 32 5 20 45 29 46 8 2 10 19 44 43 25 21
Coste: 52750

GENERACION: 67
Mejor Solucion:  1 38 2 49 36 12 23 16 27 0 6 18 42 15 28 35 24 3 9 13 14 39 7 48 17 11 37 41 31 34 30 26 4 47 33 40 32 5 20 45 29 46 8 22 10 19 44 43 25 21
Coste: 52725

GENERACION: 68
Mejor Solucion:  1 38 2 49 36 12 23 16 27 0 6 18 42 15 28 35 24 3 9 13 14 39 7 48 17 11 37 41 31 34 30 26 4 47 33 40 32 5 20 45 29 46 8 22 10 19 44 43 25 21
Coste: 52725

GENERACION: 69
Mejor Solucion:  1 38 2 49 36 12 23 16 27 0 6 18 42 15 28 35 24 3 9 13 14 39 7 48 17 11 37 41 31 34 30 26 4 47 33 40 32 5 20 45 29 46 8 22 10 19 44 43 25 21
Coste: 52725

GENERACION: 70
Mejor Solucion:  1 38 2 49 36 12 23 16 27 0 6 18 42 15 28 35 24 3 9 13 14 39 7 48 17 11 37 41 31 34 30 26 4 47 33 40 32 5 20 45 29 46 8 22 10 19 44 43 25 21
Coste: 52725

GENERACION: 71
Mejor Solucion:  1 38 2 49 36 12 23 16 27 0 6 18 42 15 28 35 24 3 9 13 14 39 7 48 17 11 37 41 31 34 30 26 4 47 33 40 32 5 20 45 29 46 8 22 10 19 44 43 25 21
Coste: 52725

GENERACION: 72
Mejor Solucion:  1 38 2 49 36 12 23 16 27 0 6 18 42 15 28 35 24 3 9 13 14 39 7 48 17 11 37 41 31 34 30 26 4 47 33 40 32 5 20 45 29 46 8 22 10 19 44 43 25 21
Coste: 52725

GENERACION: 73
Mejor Solucion:  1 38 2 49 36 12 23 16 27 0 6 18 42 15 28 35 24 3 9 13 14 39 7 48 17 11 37 41 31 34 30 26 4 47 33 40 32 5 20 45 29 46 8 22 10 19 44 43 25 21
Coste: 52725

GENERACION: 74
Mejor Solucion:  1 38 2 49 36 12 23 16 27 0 6 18 42 15 28 35 24 3 9 13 14 39 7 48 17 11 37 41 31 34 30 26 4 47 33 40 32 5 20 45 29 46 8 22 10 19 44 43 25 21
Coste: 52725

GENERACION: 75
Mejor Solucion:  1 38 2 49 36 12 23 16 27 0 6 18 42 15 28 35 24 3 9 13 14 39 7 48 17 11 37 41 31 34 30 26 4 47 33 40 32 5 20 45 29 46 8 22 10 19 44 43 25 21
Coste: 52725

GENERACION: 76
Mejor Solucion:  1 38 2 49 36 12 23 16 27 0 6 18 42 15 28 35 24 3 9 13 14 39 7 48 17 11 37 41 31 34 30 26 4 47 33 40 32 5 20 45 29 46 8 22 10 19 44 43 25 21
Coste: 52725

GENERACION: 77
Mejor Solucion:  1 38 2 49 36 12 23 16 27 0 6 18 42 15 28 35 24 3 9 13 14 39 7 48 17 11 37 41 31 34 30 26 4 47 33 40 32 5 20 45 29 46 8 22 10 19 44 43 25 21
Coste: 52725

GENERACION: 78
Mejor Solucion:  1 38 2 49 36 12 23 16 27 0 6 18 42 15 28 35 24 3 9 13 14 39 7 48 17 11 37 41 31 34 30 26 4 47 33 40 32 5 20 45 29 46 8 22 10 19 44 43 25 21
Coste: 52725

GENERACION: 79
Mejor Solucion:  1 38 2 49 36 12 23 16 27 0 6 18 42 15 28 35 24 3 9 13 14 39 7 48 17 11 37 41 31 34 30 26 4 47 33 40 32 5 20 45 29 46 8 22 10 19 44 43 25 21
Coste: 52725

GENERACION: 80
Mejor Solucion:  1 38 2 49 36 12 23 16 27 0 6 18 42 15 28 35 24 3 9 13 14 39 7 48 17 11 37 41 31 34 30 26 4 47 33 40 32 5 20 45 29 46 8 22 10 19 44 43 25 21
Coste: 52725

GENERACION: 81
Mejor Solucion:  1 38 2 49 36 12 23 16 27 0 6 18 42 15 28 35 24 3 9 13 14 39 7 48 17 11 37 41 31 34 30 26 4 47 33 40 32 5 20 45 29 46 8 22 10 19 44 43 25 21
Coste: 52725

GENERACION: 82
Mejor Solucion:  1 38 2 49 36 12 23 16 27 0 6 18 42 15 28 35 24 3 9 13 14 39 7 48 17 11 37 41 31 34 30 26 4 47 33 40 32 5 20 45 29 46 8 22 10 19 44 43 25 21
Coste: 52725

GENERACION: 83
Mejor Solucion:  1 38 2 49 36 12 23 16 27 0 6 18 42 15 28 35 24 3 9 13 14 39 7 48 17 11 37 41 31 34 30 26 4 47 33 40 32 5 20 45 29 46 8 22 10 19 44 43 25 21
Coste: 52725

GENERACION: 84
Mejor Solucion:  1 38 2 49 36 12 23 16 27 0 6 18 42 15 28 35 24 3 9 13 14 39 7 48 17 11 37 41 31 34 30 26 4 47 33 40 32 5 20 45 29 46 8 22 10 19 44 43 25 21
Coste: 52725

GENERACION: 85
Mejor Solucion:  1 38 2 49 36 12 23 16 27 0 6 18 42 15 28 35 24 3 9 13 14 39 7 48 17 11 37 41 31 34 30 26 4 47 33 40 32 5 20 45 29 46 8 22 10 19 44 43 25 21
Coste: 52725

GENERACION: 86
Mejor Solucion:  1 38 2 49 36 12 23 16 27 0 6 18 42 15 28 35 24 3 9 13 14 39 7 48 17 11 37 41 31 34 30 26 4 47 33 40 32 5 20 45 29 46 8 22 10 19 44 43 25 21
Coste: 52725

GENERACION: 87
Mejor Solucion:  1 38 2 49 36 12 23 16 27 0 6 18 42 15 28 35 24 3 9 13 14 39 7 48 17 11 37 41 31 34 30 26 4 47 33 40 32 5 20 45 29 46 8 22 10 19 44 43 25 21
Coste: 52725

GENERACION: 88
Mejor Solucion:  1 38 2 49 36 12 23 16 27 0 6 18 42 15 28 35 24 3 9 13 14 39 7 48 17 11 37 41 31 34 30 26 4 47 33 40 32 5 20 45 29 46 8 22 10 19 44 43 25 21
Coste: 52725

GENERACION: 89
Mejor Solucion:  1 38 2 49 36 12 23 16 27 0 6 18 42 15 28 35 24 3 9 13 14 39 7 48 17 11 37 41 31 34 30 26 4 47 33 40 32 5 20 45 29 46 8 22 10 19 44 43 25 21
Coste: 52725

GENERACION: 90
Mejor Solucion:  1 38 2 49 36 12 23 16 27 0 6 18 42 15 28 35 24 3 9 13 14 39 7 48 17 11 37 41 31 34 30 26 4 47 33 40 32 5 20 45 29 46 8 22 10 19 44 43 25 21
Coste: 52725

GENERACION: 91
Mejor Solucion:  1 38 2 49 36 12 23 16 27 0 6 18 42 15 28 35 24 3 9 13 14 39 7 48 17 11 37 41 31 34 30 26 4 47 33 40 32 5 20 45 29 46 8 22 10 19 44 43 25 21
Coste: 52725

GENERACION: 92
Mejor Solucion:  1 38 2 49 36 12 23 16 27 0 6 18 42 15 28 35 24 3 9 13 14 39 7 48 17 11 37 41 31 34 30 26 4 47 33 40 32 5 20 45 29 46 8 22 10 19 44 43 25 21
Coste: 52725

GENERACION: 93
Mejor Solucion:  1 38 2 49 36 12 23 16 27 0 6 18 42 15 28 35 24 3 9 13 14 39 7 48 17 11 37 41 31 34 30 26 4 47 33 40 32 5 20 45 29 46 8 22 10 19 44 43 25 21
Coste: 52725

GENERACION: 94
Mejor Solucion:  1 38 2 49 36 12 23 16 27 0 6 18 42 15 28 35 24 3 9 13 14 39 7 48 17 11 37 41 31 34 30 26 4 47 33 40 32 5 20 45 29 46 8 22 10 19 44 43 25 21
Coste: 52725

GENERACION: 95
Mejor Solucion:  1 38 2 49 36 12 23 16 27 0 6 18 42 15 28 35 24 3 9 13 14 39 7 48 17 11 37 41 31 34 30 26 4 47 33 40 32 5 20 45 29 46 8 22 10 19 44 43 25 21
Coste: 52725

GENERACION: 96
Mejor Solucion:  1 38 2 49 36 12 23 16 27 0 6 18 42 15 28 35 24 3 9 13 14 39 7 48 17 11 37 41 31 34 30 26 4 47 33 40 32 5 20 45 29 46 8 22 10 19 44 43 25 21
Coste: 52725

GENERACION: 97
Mejor Solucion:  1 38 2 49 36 12 23 16 27 0 6 18 42 15 28 35 24 3 9 13 14 39 7 48 17 11 37 41 31 34 30 26 4 47 33 40 32 5 20 45 29 46 8 22 10 19 44 43 25 21
Coste: 52725

GENERACION: 98
Mejor Solucion:  1 38 2 49 36 12 23 16 27 0 6 18 42 15 28 35 24 3 9 13 14 39 7 48 17 11 37 41 31 34 30 26 4 47 33 40 32 5 20 45 29 46 8 22 10 19 44 43 25 21
Coste: 52725

GENERACION: 99
Mejor Solucion:  1 38 2 49 36 12 23 16 27 0 6 18 42 15 28 35 24 3 9 13 14 39 7 48 17 11 37 41 31 34 30 26 4 47 33 40 32 5 20 45 29 46 8 22 10 19 44 43 25 21
Coste: 52725

GENERACION: 100
Mejor Solucion:  1 38 2 49 36 12 23 16 27 0 6 18 42 15 28 35 24 3 9 13 14 39 7 48 17 11 37 41 31 34 30 26 4 47 33 40 32 5 20 45 29 46 8 22 10 19 44 43 25 21
Coste: 52725

GENERACION: 101
Mejor Solucion:  1 38 2 49 36 12 23 16 27 0 6 18 42 15 28 35 24 3 9 13 14 39 7 48 17 11 37 41 31 34 30 26 4 47 33 40 32 5 20 45 29 46 8 22 10 19 44 43 25 21
Coste: 52725

GENERACION: 102
Mejor Solucion:  1 38 2 49 36 12 23 16 27 0 6 18 42 15 28 35 24 3 9 13 14 39 7 48 17 11 37 41 31 34 30 26 4 47 33 40 32 5 20 45 29 46 8 22 10 19 44 43 25 21
Coste: 52725

GENERACION: 103
Mejor Solucion:  1 38 2 49 36 12 23 16 27 0 6 18 42 15 28 35 24 3 9 13 14 39 7 48 17 11 37 41 31 34 30 26 4 47 33 40 32 5 20 45 29 46 8 22 10 19 44 43 25 21
Coste: 52725

GENERACION: 104
Mejor Solucion:  1 38 2 49 36 12 23 16 27 0 6 18 42 15 28 35 24 3 9 13 14 39 7 48 17 11 37 41 31 34 30 26 4 47 33 40 32 5 20 45 29 46 8 22 10 19 44 43 25 21
Coste: 52725

GENERACION: 105
Mejor Solucion:  1 38 2 49 36 12 23 16 27 0 6 18 42 15 28 35 24 3 9 13 14 39 7 48 17 11 37 41 31 34 30 26 4 47 33 40 32 5 20 45 29 46 8 22 10 19 44 43 25 21
Coste: 52725

GENERACION: 106
Mejor Solucion:  1 38 2 49 36 12 23 16 27 0 6 18 42 15 28 35 24 3 9 13 14 39 7 48 17 11 37 41 31 34 30 26 4 47 33 40 32 5 20 45 29 46 8 22 10 19 44 43 25 21
Coste: 52725

GENERACION: 107
Mejor Solucion:  1 38 2 49 36 12 23 16 27 0 6 18 42 15 28 35 24 3 9 13 14 39 7 48 17 11 37 41 31 34 30 26 4 47 33 40 32 5 20 45 29 46 8 22 10 19 44 43 25 21
Coste: 52725

GENERACION: 108
Mejor Solucion:  1 38 2 49 36 12 23 16 27 0 6 18 42 15 28 35 24 3 9 13 14 39 7 48 17 11 37 41 31 34 30 26 4 47 33 40 32 5 20 45 29 46 8 22 10 19 44 43 25 21
Coste: 52725

GENERACION: 109
Mejor Solucion:  1 38 2 49 36 12 23 16 27 0 6 18 42 15 28 35 24 3 9 13 14 39 7 48 17 11 37 41 31 34 30 26 4 47 33 40 32 5 20 45 29 46 8 22 10 19 44 43 25 21
Coste: 52725

GENERACION: 110
Mejor Solucion:  1 38 2 49 36 12 23 16 27 0 6 18 42 15 28 35 24 3 9 13 14 39 7 48 17 11 37 41 31 34 30 26 4 47 33 40 32 5 20 45 29 46 8 22 10 19 44 43 25 21
Coste: 52725

GENERACION: 111
Mejor Solucion:  1 38 2 49 36 12 23 16 27 0 6 18 42 15 28 35 24 3 9 13 14 39 7 48 17 11 37 41 31 34 30 26 4 47 33 40 32 5 20 45 29 46 8 22 10 19 44 43 25 21
Coste: 52725

GENERACION: 112
Mejor Solucion:  1 38 2 49 36 12 23 16 27 0 6 18 42 15 28 35 24 3 9 13 14 39 7 48 17 11 37 41 31 34 30 26 4 47 33 40 32 5 20 45 29 46 8 22 10 19 44 43 25 21
Coste: 52725

GENERACION: 113
Mejor Solucion:  1 38 2 49 36 12 23 16 27 0 6 18 42 15 28 35 24 3 9 13 14 39 7 48 17 11 37 41 31 34 30 26 4 47 33 40 32 5 20 45 29 46 8 22 10 19 44 43 25 21
Coste: 52725

GENERACION: 114
Mejor Solucion:  1 38 2 49 36 12 23 16 27 0 6 18 42 15 28 35 24 3 9 13 14 39 7 48 17 11 37 41 31 34 30 26 4 47 33 40 32 5 20 45 29 46 8 22 10 19 44 43 25 21
Coste: 52725

GENERACION: 115
Mejor Solucion:  1 38 2 49 36 12 23 16 27 0 6 18 42 15 28 35 24 3 9 13 14 39 7 48 17 11 37 41 31 34 30 26 4 47 33 40 32 5 20 45 29 46 8 22 10 19 44 43 25 21
Coste: 52725

GENERACION: 116
Mejor Solucion:  1 38 2 49 36 12 23 16 27 0 6 18 42 15 28 35 24 3 9 13 14 39 7 48 17 11 37 41 31 34 30 26 4 47 33 40 32 5 20 45 29 46 8 22 10 19 44 43 25 21
Coste: 52725

GENERACION: 117
Mejor Solucion:  1 38 2 49 36 12 23 16 27 0 6 18 42 15 28 35 24 3 9 13 14 39 7 48 17 11 37 41 31 34 30 26 4 47 33 40 32 5 20 45 29 46 8 22 10 19 44 43 25 21
Coste: 52725

GENERACION: 118
Mejor Solucion:  1 38 2 49 36 12 23 16 27 0 6 18 42 15 28 35 24 3 9 13 14 39 7 48 17 11 37 41 31 34 30 26 4 47 33 40 32 5 20 45 29 46 8 22 10 19 44 43 25 21
Coste: 52725

GENERACION: 119
Mejor Solucion:  1 38 2 49 36 12 23 16 27 0 6 18 42 15 28 35 24 3 9 13 14 39 7 48 17 11 37 41 31 34 30 26 4 47 33 40 32 5 20 45 29 46 8 22 10 19 44 43 25 21
Coste: 52725

GENERACION: 120
Mejor Solucion:  1 38 2 49 36 12 23 16 27 0 6 18 42 15 28 35 24 3 9 13 14 39 7 48 17 11 37 41 31 34 30 26 4 47 33 40 32 5 20 45 29 46 8 22 10 19 44 43 25 21
Coste: 52725

GENERACION: 121
Mejor Solucion:  1 38 2 49 36 12 23 16 27 0 6 18 42 15 28 35 24 3 9 13 14 39 7 48 17 11 37 41 31 34 30 26 4 47 33 40 32 5 20 45 29 46 8 22 10 19 44 43 25 21
Coste: 52725

GENERACION: 122
Mejor Solucion:  1 38 2 49 36 12 23 16 27 0 6 18 42 15 28 35 24 3 9 13 14 39 7 48 17 11 37 41 31 34 30 26 4 47 33 40 32 5 20 45 29 46 8 22 10 19 44 43 25 21
Coste: 52725

GENERACION: 123
Mejor Solucion:  1 38 2 49 36 12 23 16 27 0 6 18 42 15 28 35 24 3 9 13 14 39 7 48 17 11 37 41 31 34 30 26 4 47 33 40 32 5 20 45 29 46 8 22 10 19 44 43 25 21
Coste: 52725

GENERACION: 124
Mejor Solucion:  1 38 2 49 36 12 23 16 27 0 6 18 42 15 28 35 24 3 9 13 14 39 7 48 17 11 37 41 31 34 30 26 4 47 33 40 32 5 20 45 29 46 8 22 10 19 44 43 25 21
Coste: 52725

GENERACION: 125
Mejor Solucion:  1 38 2 49 36 12 23 16 27 0 6 18 42 15 28 35 24 3 9 13 14 39 7 48 17 11 37 41 31 34 30 26 4 47 33 40 32 5 20 45 29 46 8 22 10 19 44 43 25 21
Coste: 52725

GENERACION: 126
Mejor Solucion:  1 38 2 49 36 12 23 16 27 0 6 18 42 15 28 35 24 3 9 13 14 39 7 48 17 11 37 41 31 34 30 26 4 47 33 40 32 5 20 45 29 46 8 22 10 19 44 43 25 21
Coste: 52725

GENERACION: 127
Mejor Solucion:  1 38 2 49 36 12 23 16 27 0 6 18 42 15 28 35 24 3 9 13 14 39 7 48 17 11 37 41 31 34 30 26 4 47 33 40 32 5 20 45 29 46 8 22 10 19 44 43 25 21
Coste: 52725

GENERACION: 128
Mejor Solucion:  1 38 2 49 36 12 23 16 27 0 6 18 42 15 28 35 24 3 9 13 14 39 7 48 17 11 37 41 31 34 30 26 4 47 33 40 32 5 20 45 29 46 8 22 10 19 44 43 25 21
Coste: 52725

GENERACION: 129
Mejor Solucion:  1 38 2 49 36 12 23 16 27 0 6 18 42 15 28 35 24 3 9 13 14 39 7 48 17 11 37 41 31 34 30 26 4 47 33 40 32 5 20 45 29 46 8 22 10 19 44 43 25 21
Coste: 52725

GENERACION: 130
Mejor Solucion:  1 38 2 49 36 12 23 16 27 0 6 18 42 15 28 35 24 3 9 13 14 39 7 48 17 11 37 41 31 34 30 26 4 47 33 40 32 5 20 45 29 46 8 22 10 19 44 43 25 21
Coste: 52725

GENERACION: 131
Mejor Solucion:  1 38 2 49 36 12 23 16 27 0 6 18 42 15 28 35 24 3 9 13 14 39 7 48 17 11 37 41 31 34 30 26 4 47 33 40 32 5 20 45 29 46 8 22 10 19 44 43 25 21
Coste: 52725

GENERACION: 132
Mejor Solucion:  1 38 2 49 36 12 23 16 27 0 6 18 42 15 28 35 24 3 9 13 14 39 7 48 17 11 37 41 31 34 30 26 4 47 33 40 32 5 20 45 29 46 8 22 10 19 44 43 25 21
Coste: 52725

GENERACION: 133
Mejor Solucion:  1 38 2 49 36 12 23 16 27 0 6 18 42 15 28 35 24 3 9 13 14 39 7 48 17 11 37 41 31 34 30 26 4 47 33 40 32 5 20 45 29 46 8 22 10 19 44 43 25 21
Coste: 52725

GENERACION: 134
Mejor Solucion:  1 38 2 49 36 12 23 16 27 0 6 18 42 15 28 35 24 3 9 13 14 39 7 48 17 11 37 41 31 34 30 26 4 47 33 40 32 5 20 45 29 46 8 22 10 19 44 43 25 21
Coste: 52725

GENERACION: 135
Mejor Solucion:  1 38 2 49 36 12 23 16 27 0 6 18 42 15 28 35 24 3 9 13 14 39 7 48 17 11 37 41 31 34 30 26 4 47 33 40 32 5 20 45 29 46 8 22 10 19 44 43 25 21
Coste: 52725

GENERACION: 136
Mejor Solucion:  1 38 2 49 36 12 23 16 27 0 6 18 42 15 28 35 24 3 9 13 14 39 7 48 17 11 37 41 31 34 30 26 4 47 33 40 32 5 20 45 29 46 8 22 10 19 44 43 25 21
Coste: 52725

GENERACION: 137
Mejor Solucion:  1 38 2 49 36 12 23 16 27 0 6 18 42 15 28 35 24 3 9 13 14 39 7 48 17 11 37 41 31 34 30 26 4 47 33 40 32 5 20 45 29 46 8 22 10 19 44 43 25 21
Coste: 52725

GENERACION: 138
Mejor Solucion:  1 38 2 49 36 12 23 16 27 0 6 18 42 15 28 35 24 3 9 13 14 39 7 48 17 11 37 41 31 34 30 26 4 47 33 40 32 5 20 45 29 46 8 22 10 19 44 43 25 21
Coste: 52725

GENERACION: 139
Mejor Solucion:  1 38 2 49 36 12 23 16 27 0 6 18 42 15 28 35 24 3 9 13 14 39 7 48 17 11 37 41 31 34 30 26 4 47 33 40 32 5 20 45 29 46 8 22 10 19 44 43 25 21
Coste: 52725

GENERACION: 140
Mejor Solucion:  1 38 2 49 36 12 23 16 27 0 6 18 42 15 28 35 24 3 9 13 14 39 7 48 17 11 37 41 31 34 30 26 4 47 33 40 32 5 20 45 29 46 8 22 10 19 44 43 25 21
Coste: 52725

GENERACION: 141
Mejor Solucion:  1 38 2 49 36 12 23 16 27 0 6 18 42 15 28 35 24 3 9 13 14 39 7 48 17 11 37 41 31 34 30 26 4 47 33 40 32 5 20 45 29 46 8 22 10 19 44 43 25 21
Coste: 52725

GENERACION: 142
Mejor Solucion:  1 38 2 49 36 12 23 16 27 0 6 18 42 15 28 35 24 3 9 13 14 39 7 48 17 11 37 41 31 34 30 26 4 47 33 40 32 5 20 45 29 46 8 22 10 19 44 43 25 21
Coste: 52725

GENERACION: 143
Mejor Solucion:  1 38 2 49 36 12 23 16 27 0 6 18 42 15 28 35 24 3 9 13 14 39 7 48 17 11 37 41 31 34 30 26 4 47 33 40 32 5 20 45 29 46 8 22 10 19 44 43 25 21
Coste: 52725

GENERACION: 144
Mejor Solucion:  1 38 2 49 36 12 23 16 27 0 6 18 42 15 28 35 24 3 9 13 14 39 7 48 17 11 37 41 31 34 30 26 4 47 33 40 32 5 20 45 29 46 8 22 10 19 44 43 25 21
Coste: 52725

GENERACION: 145
Mejor Solucion:  1 38 2 49 36 12 23 16 27 0 6 18 42 15 28 35 24 3 9 13 14 39 7 48 17 11 37 41 31 34 30 26 4 47 33 40 32 5 20 45 29 46 8 22 10 19 44 43 25 21
Coste: 52725

GENERACION: 146
Mejor Solucion:  1 38 2 49 36 12 23 16 27 0 6 18 42 15 28 35 24 3 9 13 14 39 7 48 17 11 37 41 31 34 30 26 4 47 33 40 32 5 20 45 29 46 8 22 10 19 44 43 25 21
Coste: 52725

GENERACION: 147
Mejor Solucion:  1 38 2 49 36 12 23 16 27 0 6 18 42 15 28 35 24 3 9 13 14 39 7 48 17 11 37 41 31 34 30 26 4 47 33 40 32 5 20 45 29 46 8 22 10 19 44 43 25 21
Coste: 52725

GENERACION: 148
Mejor Solucion:  1 38 2 49 36 12 23 16 27 0 6 18 42 15 28 35 24 3 9 13 14 39 7 48 17 11 37 41 31 34 30 26 4 47 33 40 32 5 20 45 29 46 8 22 10 19 44 43 25 21
Coste: 52725

GENERACION: 149
Mejor Solucion:  1 38 2 49 36 12 23 16 27 0 6 18 42 15 28 35 24 3 9 13 14 39 7 48 17 11 37 41 31 34 30 26 4 47 33 40 32 5 20 45 29 46 8 22 10 19 44 43 25 21
Coste: 52725

GENERACION: 150
Mejor Solucion:  1 38 2 49 36 12 23 16 27 0 6 18 42 15 28 35 24 3 9 13 14 39 7 48 17 11 37 41 31 34 30 26 4 47 33 40 32 5 20 45 29 46 8 22 10 19 44 43 25 21
Coste: 52725

GENERACION: 151
Mejor Solucion:  1 38 2 49 36 12 23 16 27 0 6 18 42 15 28 35 24 3 9 13 14 39 7 48 17 11 37 41 31 34 30 26 4 47 33 40 32 5 20 45 29 46 8 22 10 19 44 43 25 21
Coste: 52725

GENERACION: 152
Mejor Solucion:  1 38 2 49 36 12 23 16 27 0 6 18 42 15 28 35 24 3 9 13 14 39 7 48 17 11 37 41 31 34 30 26 4 47 33 40 32 5 20 45 29 46 8 22 10 19 44 43 25 21
Coste: 52725

GENERACION: 153
Mejor Solucion:  1 38 2 49 36 12 23 16 27 0 6 18 42 15 28 35 24 3 9 13 14 39 7 48 17 11 37 41 31 34 30 26 4 47 33 40 32 5 20 45 29 46 8 22 10 19 44 43 25 21
Coste: 52725

GENERACION: 154
Mejor Solucion:  1 38 2 49 36 12 23 16 27 0 6 18 42 15 28 35 24 3 9 13 14 39 7 48 17 11 37 41 31 34 30 26 4 47 33 40 32 5 20 45 29 46 8 22 10 19 44 43 25 21
Coste: 52725

GENERACION: 155
Mejor Solucion:  1 38 2 49 36 12 23 16 27 0 6 18 42 15 28 35 24 3 9 13 14 39 7 48 17 11 37 41 31 34 30 26 4 47 33 40 32 5 20 45 29 46 8 22 10 19 44 43 25 21
Coste: 52725

GENERACION: 156
Mejor Solucion:  1 38 2 49 36 12 23 16 27 0 6 18 42 15 28 35 24 3 9 13 14 39 7 48 17 11 37 41 31 34 30 26 4 47 33 40 32 5 20 45 29 46 8 22 10 19 44 43 25 21
Coste: 52725

GENERACION: 157
Mejor Solucion:  1 38 2 49 36 12 23 16 27 0 6 18 42 15 28 35 24 3 9 13 14 39 7 48 17 11 37 41 31 34 30 26 4 47 33 40 32 5 20 45 29 46 8 22 10 19 44 43 25 21
Coste: 52725

GENERACION: 158
Mejor Solucion:  1 38 2 49 36 12 23 16 27 0 6 18 42 15 28 35 24 3 9 13 14 39 7 48 17 11 37 41 31 34 30 26 4 47 33 40 32 5 20 45 29 46 8 22 10 19 44 43 25 21
Coste: 52725

GENERACION: 159
Mejor Solucion:  1 38 2 49 36 12 23 16 27 0 6 18 42 15 28 35 24 3 9 13 14 39 7 48 17 11 37 41 31 34 30 26 4 47 33 40 32 5 20 45 29 46 8 22 10 19 44 43 25 21
Coste: 52725

GENERACION: 160
Mejor Solucion:  1 38 2 49 36 12 23 16 27 0 6 18 42 15 28 35 24 3 9 13 14 39 7 48 17 11 37 41 31 34 30 26 4 47 33 40 32 5 20 45 29 46 8 22 10 19 44 43 25 21
Coste: 52725

GENERACION: 161
Mejor Solucion:  1 38 2 49 36 12 23 16 27 0 6 18 42 15 28 35 24 3 9 13 14 39 7 48 17 11 37 41 31 34 30 26 4 47 33 40 32 5 20 45 29 46 8 22 10 19 44 43 25 21
Coste: 52725

GENERACION: 162
Mejor Solucion:  1 38 2 49 36 12 23 16 27 0 6 18 42 15 28 35 24 3 9 13 14 39 7 48 17 11 37 41 31 34 30 26 4 47 33 40 32 5 20 45 29 46 8 22 10 19 44 43 25 21
Coste: 52725

GENERACION: 163
Mejor Solucion:  1 38 2 49 36 12 23 16 27 0 6 18 42 15 28 35 24 3 9 13 14 39 7 48 17 11 37 41 31 34 30 26 4 47 33 40 32 5 20 45 29 46 8 22 10 19 44 43 25 21
Coste: 52725

GENERACION: 164
Mejor Solucion:  1 38 2 49 36 12 23 16 27 0 6 18 42 15 28 35 24 3 9 13 14 39 7 48 17 11 37 41 31 34 30 26 4 47 33 40 32 5 20 45 29 46 8 22 10 19 44 43 25 21
Coste: 52725

GENERACION: 165
Mejor Solucion:  1 38 2 49 36 12 23 16 27 0 6 18 42 15 28 35 24 3 9 13 14 39 7 48 17 11 37 41 31 34 30 26 4 47 33 40 32 5 20 45 29 46 8 22 10 19 44 43 25 21
Coste: 52725

GENERACION: 166
Mejor Solucion:  1 38 2 49 36 12 23 16 27 0 6 18 42 15 28 35 24 3 9 13 14 39 7 48 17 11 37 41 31 34 30 26 4 47 33 40 32 5 20 45 29 46 8 22 10 19 44 43 25 21
Coste: 52725

GENERACION: 167
Mejor Solucion:  1 38 2 49 36 12 23 16 27 0 6 18 42 15 28 35 24 3 9 13 14 39 7 48 17 11 37 41 31 34 30 26 4 47 33 40 32 5 20 45 29 46 8 22 10 19 44 43 25 21
Coste: 52725

GENERACION: 168
Mejor Solucion:  1 38 2 49 36 12 23 16 27 0 6 18 42 15 28 35 24 3 9 13 14 39 7 48 17 11 37 41 31 34 30 26 4 47 33 40 32 5 20 45 29 46 8 22 10 19 44 43 25 21
Coste: 52725

GENERACION: 169
Mejor Solucion:  1 38 2 49 36 12 23 16 27 0 6 18 42 15 28 35 24 3 9 13 14 39 7 48 17 11 37 41 31 34 30 26 4 47 33 40 32 5 20 45 29 46 8 22 10 19 44 43 25 21
Coste: 52725

GENERACION: 170
Mejor Solucion:  1 38 2 49 36 12 23 16 27 0 6 18 42 15 28 35 24 3 9 13 14 39 7 48 17 11 37 41 31 34 30 26 4 47 33 40 32 5 20 45 29 46 8 22 10 19 44 43 25 21
Coste: 52725

GENERACION: 171
Mejor Solucion:  1 38 2 49 36 12 23 16 27 0 6 18 42 15 28 35 24 3 9 13 14 39 7 48 17 11 37 41 31 34 30 26 4 47 33 40 32 5 20 45 29 46 8 22 10 19 44 43 25 21
Coste: 52725

GENERACION: 172
Mejor Solucion:  1 38 2 49 36 12 23 16 27 0 6 18 42 15 28 35 24 3 9 13 14 39 7 48 17 11 37 41 31 34 30 26 4 47 33 40 32 5 20 45 29 46 8 22 10 19 44 43 25 21
Coste: 52725

GENERACION: 173
Mejor Solucion:  1 38 2 49 36 12 23 16 27 0 6 18 42 15 28 35 24 3 9 13 14 39 7 48 17 11 37 41 31 34 30 26 4 47 33 40 32 5 20 45 29 46 8 22 10 19 44 43 25 21
Coste: 52725

GENERACION: 174
Mejor Solucion:  1 38 2 49 36 12 23 16 27 0 6 18 42 15 28 35 24 3 9 13 14 39 7 48 17 11 37 41 31 34 30 26 4 47 33 40 32 5 20 45 29 46 8 22 10 19 44 43 25 21
Coste: 52725

GENERACION: 175
Mejor Solucion:  1 38 2 49 36 12 23 16 27 0 6 18 42 15 28 35 24 3 9 13 14 39 7 48 17 11 37 41 31 34 30 26 4 47 33 40 32 5 20 45 29 46 8 22 10 19 44 43 25 21
Coste: 52725

GENERACION: 176
Mejor Solucion:  1 38 2 49 36 12 23 16 27 0 6 18 42 15 28 35 24 3 9 13 14 39 7 48 17 11 37 41 31 34 30 26 4 47 33 40 32 5 20 45 29 46 8 22 10 19 44 43 25 21
Coste: 52725

GENERACION: 177
Mejor Solucion:  1 38 2 49 36 12 23 16 27 0 6 18 42 15 28 35 24 3 9 13 14 39 7 48 17 11 37 41 31 34 30 26 4 47 33 40 32 5 20 45 29 46 8 22 10 19 44 43 25 21
Coste: 52725

GENERACION: 178
Mejor Solucion:  1 38 2 49 36 12 23 16 27 0 6 18 42 15 28 35 24 3 9 13 14 39 7 48 17 11 37 41 31 34 30 26 4 47 33 40 32 5 20 45 29 46 8 22 10 19 44 43 25 21
Coste: 52725

GENERACION: 179
Mejor Solucion:  1 38 2 49 36 12 23 16 27 0 6 18 42 15 28 35 24 3 9 13 14 39 7 48 17 11 37 41 31 34 30 26 4 47 33 40 32 5 20 45 29 46 8 22 10 19 44 43 25 21
Coste: 52725

GENERACION: 180
Mejor Solucion:  1 38 2 49 36 12 23 16 27 0 6 18 42 15 28 35 24 3 9 13 14 39 7 48 17 11 37 41 31 34 30 26 4 47 33 40 32 5 20 45 29 46 8 22 10 19 44 43 25 21
Coste: 52725

GENERACION: 181
Mejor Solucion:  1 38 2 49 36 12 23 16 27 0 6 18 42 15 28 35 24 3 9 13 14 39 7 48 17 11 37 41 31 34 30 26 4 47 33 40 32 5 20 45 29 46 8 22 10 19 44 43 25 21
Coste: 52725

GENERACION: 182
Mejor Solucion:  1 38 2 49 36 12 23 16 27 0 6 18 42 15 28 35 24 3 9 13 14 39 7 48 17 11 37 41 31 34 30 26 4 47 33 40 32 5 20 45 29 46 8 22 10 19 44 43 25 21
Coste: 52725

GENERACION: 183
Mejor Solucion:  1 38 2 49 36 12 23 16 27 0 6 18 42 15 28 35 24 3 9 13 14 39 7 48 17 11 37 41 31 34 30 26 4 47 33 40 32 5 20 45 29 46 8 22 10 19 44 43 25 21
Coste: 52725

GENERACION: 184
Mejor Solucion:  1 38 2 49 36 12 23 16 27 0 6 18 42 15 28 35 24 3 9 13 14 39 7 48 17 11 37 41 31 34 30 26 4 47 33 40 32 5 20 45 29 46 8 22 10 19 44 43 25 21
Coste: 52725

GENERACION: 185
Mejor Solucion:  1 38 2 49 36 12 23 16 27 0 6 18 42 15 28 35 24 3 9 13 14 39 7 48 17 11 37 41 31 34 30 26 4 47 33 40 32 5 20 45 29 46 8 22 10 19 44 43 25 21
Coste: 52725

GENERACION: 186
Mejor Solucion:  1 38 2 49 36 12 23 16 27 0 6 18 42 15 28 35 24 3 9 13 14 39 7 48 17 11 37 41 31 34 30 26 4 47 33 40 32 5 20 45 29 46 8 22 10 19 44 43 25 21
Coste: 52725

GENERACION: 187
Mejor Solucion:  1 38 2 49 36 12 23 16 27 0 6 18 42 15 28 35 24 3 9 13 14 39 7 48 17 11 37 41 31 34 30 26 4 47 33 40 32 5 20 45 29 46 8 22 10 19 44 43 25 21
Coste: 52725

GENERACION: 188
Mejor Solucion:  1 38 2 49 36 12 23 16 27 0 6 18 42 15 28 35 24 3 9 13 14 39 7 48 17 11 37 41 31 34 30 26 4 47 33 40 32 5 20 45 29 46 8 22 10 19 44 43 25 21
Coste: 52725

GENERACION: 189
Mejor Solucion:  1 38 2 49 36 12 23 16 27 0 6 18 42 15 28 35 24 3 9 13 14 39 7 48 17 11 37 41 31 34 30 26 4 47 33 40 32 5 20 45 29 46 8 22 10 19 44 43 25 21
Coste: 52725

GENERACION: 190
Mejor Solucion:  1 38 2 49 36 12 23 16 27 0 6 18 42 15 28 35 24 3 9 13 14 39 7 48 17 11 37 41 31 34 30 26 4 47 33 40 32 5 20 45 29 46 8 22 10 19 44 43 25 21
Coste: 52725

GENERACION: 191
Mejor Solucion:  1 38 2 49 36 12 23 16 27 0 6 18 42 15 28 35 24 3 9 13 14 39 7 48 17 11 37 41 31 34 30 26 4 47 33 40 32 5 20 45 29 46 8 22 10 19 44 43 25 21
Coste: 52725

GENERACION: 192
Mejor Solucion:  1 38 2 49 36 12 23 16 27 0 6 18 42 15 28 35 24 3 9 13 14 39 7 48 17 11 37 41 31 34 30 26 4 47 33 40 32 5 20 45 29 46 8 22 10 19 44 43 25 21
Coste: 52725

GENERACION: 193
Mejor Solucion:  1 38 2 49 36 12 23 16 27 0 6 18 42 15 28 35 24 3 9 13 14 39 7 48 17 11 37 41 31 34 30 26 4 47 33 40 32 5 20 45 29 46 8 22 10 19 44 43 25 21
Coste: 52725

GENERACION: 194
Mejor Solucion:  1 38 2 49 36 12 23 16 27 0 6 18 42 15 28 35 24 3 9 13 14 39 7 48 17 11 37 41 31 34 30 26 4 47 33 40 32 5 20 45 29 46 8 22 10 19 44 43 25 21
Coste: 52725

GENERACION: 195
Mejor Solucion:  1 38 2 49 36 12 23 16 27 0 6 18 42 15 28 35 24 3 9 13 14 39 7 48 17 11 37 41 31 34 30 26 4 47 33 40 32 5 20 45 29 46 8 22 10 19 44 43 25 21
Coste: 52725

GENERACION: 196
Mejor Solucion:  1 38 2 49 36 12 23 16 27 0 6 18 42 15 28 35 24 3 9 13 14 39 7 48 17 11 37 41 31 34 30 26 4 47 33 40 32 5 20 45 29 46 8 22 10 19 44 43 25 21
Coste: 52725

GENERACION: 197
Mejor Solucion:  1 38 2 49 36 12 23 16 27 0 6 18 42 15 28 35 24 3 9 13 14 39 7 48 17 11 37 41 31 34 30 26 4 47 33 40 32 5 20 45 29 46 8 22 10 19 44 43 25 21
Coste: 52725

GENERACION: 198
Mejor Solucion:  1 38 2 49 36 12 23 16 27 0 6 18 42 15 28 35 24 3 9 13 14 39 7 48 17 11 37 41 31 34 30 26 4 47 33 40 32 5 20 45 29 46 8 22 10 19 44 43 25 21
Coste: 52725

GENERACION: 199
Mejor Solucion:  1 38 2 49 36 12 23 16 27 0 6 18 42 15 28 35 24 3 9 13 14 39 7 48 17 11 37 41 31 34 30 26 4 47 33 40 32 5 20 45 29 46 8 22 10 19 44 43 25 21
Coste: 52725

GENERACION: 200
Mejor Solucion:  1 38 2 49 36 12 23 16 27 0 6 18 42 15 28 35 24 3 9 13 14 39 7 48 17 11 37 41 31 34 30 26 4 47 33 40 32 5 20 45 29 46 8 22 10 19 44 43 25 21
Coste: 52725

GENERACION: 201
Mejor Solucion:  1 38 2 49 36 12 23 16 27 0 6 18 42 15 28 35 24 3 9 13 14 39 7 48 17 11 37 41 31 34 30 26 4 47 33 40 32 5 20 45 29 46 8 22 10 19 44 43 25 21
Coste: 52725

GENERACION: 202
Mejor Solucion:  1 38 2 49 36 12 23 16 27 0 6 18 42 15 28 35 24 3 9 13 14 39 7 48 17 11 37 41 31 34 30 26 4 47 33 40 32 5 20 45 29 46 8 22 10 19 44 43 25 21
Coste: 52725

GENERACION: 203
Mejor Solucion:  1 38 2 49 36 12 23 16 27 0 6 18 42 15 28 35 24 3 9 13 14 39 7 48 17 11 37 41 31 34 30 26 4 47 33 40 32 5 20 45 29 46 8 22 10 19 44 43 25 21
Coste: 52725

GENERACION: 204
Mejor Solucion:  1 38 2 49 36 12 23 16 27 0 6 18 42 15 28 35 24 3 9 13 14 39 7 48 17 11 37 41 31 34 30 26 4 47 33 40 32 5 20 45 29 46 8 22 10 19 44 43 25 21
Coste: 52725

GENERACION: 205
Mejor Solucion:  1 38 2 49 36 12 23 16 27 0 6 18 42 15 28 35 24 3 9 13 14 39 7 48 17 11 37 41 31 34 30 26 4 47 33 40 32 5 20 45 29 46 8 22 10 19 44 43 25 21
Coste: 52725

GENERACION: 206
Mejor Solucion:  1 38 2 49 36 12 23 16 27 0 6 18 42 15 28 35 24 3 9 13 14 39 7 48 17 11 37 41 31 34 30 26 4 47 33 40 32 5 20 45 29 46 8 22 10 19 44 43 25 21
Coste: 52725

GENERACION: 207
Mejor Solucion:  1 38 2 49 36 12 23 16 27 0 6 18 42 15 28 35 24 3 9 13 14 39 7 48 17 11 37 41 31 34 30 26 4 47 33 40 32 5 20 45 29 46 8 22 10 19 44 43 25 21
Coste: 52725

GENERACION: 208
Mejor Solucion:  1 38 2 49 36 12 23 16 27 0 6 18 42 15 28 35 24 3 9 13 14 39 7 48 17 11 37 41 31 34 30 26 4 47 33 40 32 5 20 45 29 46 8 22 10 19 44 43 25 21
Coste: 52725

GENERACION: 209
Mejor Solucion:  1 38 2 49 36 12 23 16 27 0 6 18 42 15 28 35 24 3 9 13 14 39 7 48 17 11 37 41 31 34 30 26 4 47 33 40 32 5 20 45 29 46 8 22 10 19 44 43 25 21
Coste: 52725

GENERACION: 210
Mejor Solucion:  1 38 2 49 36 12 23 16 27 0 6 18 42 15 28 35 24 3 9 13 14 39 7 48 17 11 37 41 31 34 30 26 4 47 33 40 32 5 20 45 29 46 8 22 10 19 44 43 25 21
Coste: 52725

GENERACION: 211
Mejor Solucion:  1 38 2 49 36 12 23 16 27 0 6 18 42 15 28 35 24 3 9 13 14 39 7 48 17 11 37 41 31 34 30 26 4 47 33 40 32 5 20 45 29 46 8 22 10 19 44 43 25 21
Coste: 52725

GENERACION: 212
Mejor Solucion:  1 38 2 49 36 12 23 16 27 0 6 18 42 15 28 35 24 3 9 13 14 39 7 48 17 11 37 41 31 34 30 26 4 47 33 40 32 5 20 45 29 46 8 22 10 19 44 43 25 21
Coste: 52725

GENERACION: 213
Mejor Solucion:  1 38 2 49 36 12 23 16 27 0 6 18 42 15 28 35 24 3 9 13 14 39 7 48 17 11 37 41 31 34 30 26 4 47 33 40 32 5 20 45 29 46 8 22 10 19 44 43 25 21
Coste: 52725

GENERACION: 214
Mejor Solucion:  1 38 2 49 36 12 23 16 27 0 6 18 42 15 28 35 24 3 9 13 14 39 7 48 17 11 37 41 31 34 30 26 4 47 33 40 32 5 20 45 29 46 8 22 10 19 44 43 25 21
Coste: 52725

GENERACION: 215
Mejor Solucion:  1 38 2 49 36 12 23 16 27 0 6 18 42 15 28 35 24 3 9 13 14 39 7 48 17 11 37 41 31 34 30 26 4 47 33 40 32 5 20 45 29 46 8 22 10 19 44 43 25 21
Coste: 52725

GENERACION: 216
Mejor Solucion:  1 38 2 49 36 12 23 16 27 0 6 18 42 15 28 35 24 3 9 13 14 39 7 48 17 11 37 41 31 34 30 26 4 47 33 40 32 5 20 45 29 46 8 22 10 19 44 43 25 21
Coste: 52725

GENERACION: 217
Mejor Solucion:  1 38 2 49 36 12 23 16 27 0 6 18 42 15 28 35 24 3 9 13 14 39 7 48 17 11 37 41 31 34 30 26 4 47 33 40 32 5 20 45 29 46 8 22 10 19 44 43 25 21
Coste: 52725

GENERACION: 218
Mejor Solucion:  1 38 2 49 36 12 23 16 27 0 6 18 42 15 28 35 24 3 9 13 14 39 7 48 17 11 37 41 31 34 30 26 4 47 33 40 32 5 20 45 29 46 8 22 10 19 44 43 25 21
Coste: 52725

GENERACION: 219
Mejor Solucion:  1 38 2 49 36 12 23 16 27 0 6 18 42 15 28 35 24 3 9 13 14 39 7 48 17 11 37 41 31 34 30 26 4 47 33 40 32 5 20 45 29 46 8 22 10 19 44 43 25 21
Coste: 52725

GENERACION: 220
Mejor Solucion:  1 38 2 49 36 12 23 16 27 0 6 18 42 15 28 35 24 3 9 13 14 39 7 48 17 11 37 41 31 34 30 26 4 47 33 40 32 5 20 45 29 46 8 22 10 19 44 43 25 21
Coste: 52725

GENERACION: 221
Mejor Solucion:  1 38 2 49 36 12 23 16 27 0 6 18 42 15 28 35 24 3 9 13 14 39 7 48 17 11 37 41 31 34 30 26 4 47 33 40 32 5 20 45 29 46 8 22 10 19 44 43 25 21
Coste: 52725

GENERACION: 222
Mejor Solucion:  1 38 2 49 36 12 23 16 27 0 6 18 42 15 28 35 24 3 9 13 14 39 7 48 17 11 37 41 31 34 30 26 4 47 33 40 32 5 20 45 29 46 8 22 10 19 44 43 25 21
Coste: 52725

GENERACION: 223
Mejor Solucion:  1 38 2 49 36 12 23 16 27 0 6 18 42 15 28 35 24 3 9 13 14 39 7 48 17 11 37 41 31 34 30 26 4 47 33 40 32 5 20 45 29 46 8 22 10 19 44 43 25 21
Coste: 52725

GENERACION: 224
Mejor Solucion:  1 38 2 49 36 12 23 16 27 0 6 18 42 15 28 35 24 3 9 13 14 39 7 48 17 11 37 41 31 34 30 26 4 47 33 40 32 5 20 45 29 46 8 22 10 19 44 43 25 21
Coste: 52725

GENERACION: 225
Mejor Solucion:  1 38 2 49 36 12 23 16 27 0 6 18 42 15 28 35 24 3 9 13 14 39 7 48 17 11 37 41 31 34 30 26 4 47 33 40 32 5 20 45 29 46 8 22 10 19 44 43 25 21
Coste: 52725

GENERACION: 226
Mejor Solucion:  1 38 2 49 36 12 23 16 27 0 6 18 42 15 28 35 24 3 9 13 14 39 7 48 17 11 37 41 31 34 30 26 4 47 33 40 32 5 20 45 29 46 8 22 10 19 44 43 25 21
Coste: 52725

GENERACION: 227
Mejor Solucion:  1 38 2 49 36 12 23 16 27 0 6 18 42 15 28 35 24 3 9 13 14 39 7 48 17 11 37 41 31 34 30 26 4 47 33 40 32 5 20 45 29 46 8 22 10 19 44 43 25 21
Coste: 52725

GENERACION: 228
Mejor Solucion:  1 38 2 49 36 12 23 16 27 0 6 18 42 15 28 35 24 3 9 13 14 39 7 48 17 11 37 41 31 34 30 26 4 47 33 40 32 5 20 45 29 46 8 22 10 19 44 43 25 21
Coste: 52725

GENERACION: 229
Mejor Solucion:  1 38 2 49 36 12 23 16 27 0 6 18 42 15 28 35 24 3 9 13 14 39 7 48 17 11 37 41 31 34 30 26 4 47 33 40 32 5 20 45 29 46 8 22 10 19 44 43 25 21
Coste: 52725

GENERACION: 230
Mejor Solucion:  1 38 2 49 36 12 23 16 27 0 6 18 42 15 28 35 24 3 9 13 14 39 7 48 17 11 37 41 31 34 30 26 4 47 33 40 32 5 20 45 29 46 8 22 10 19 44 43 25 21
Coste: 52725

GENERACION: 231
Mejor Solucion:  1 38 2 49 36 12 23 16 27 0 6 18 42 15 28 35 24 3 9 13 14 39 7 48 17 11 37 41 31 34 30 26 4 47 33 40 32 5 20 45 29 46 8 22 10 19 44 43 25 21
Coste: 52725

GENERACION: 232
Mejor Solucion:  1 38 2 49 36 12 23 16 27 0 6 18 42 15 28 35 24 3 9 13 14 39 7 48 17 11 37 41 31 34 30 26 4 47 33 40 32 5 20 45 29 46 8 22 10 19 44 43 25 21
Coste: 52725

GENERACION: 233
Mejor Solucion:  1 38 2 49 36 12 23 16 27 0 6 18 42 15 28 35 24 3 9 13 14 39 7 48 17 11 37 41 31 34 30 26 4 47 33 40 32 5 20 45 29 46 8 22 10 19 44 43 25 21
Coste: 52725

GENERACION: 234
Mejor Solucion:  1 38 2 49 36 12 23 16 27 0 6 18 42 15 28 35 24 3 9 13 14 39 7 48 17 11 37 41 31 34 30 26 4 47 33 40 32 5 20 45 29 46 8 22 10 19 44 43 25 21
Coste: 52725

GENERACION: 235
Mejor Solucion:  1 38 2 49 36 12 23 16 27 0 6 18 42 15 28 35 24 3 9 13 14 39 7 48 17 11 37 41 31 34 30 26 4 47 33 40 32 5 20 45 29 46 8 22 10 19 44 43 25 21
Coste: 52725

GENERACION: 236
Mejor Solucion:  1 38 2 49 36 12 23 16 27 0 6 18 42 15 28 35 24 3 9 13 14 39 7 48 17 11 37 41 31 34 30 26 4 47 33 40 32 5 20 45 29 46 8 22 10 19 44 43 25 21
Coste: 52725

GENERACION: 237
Mejor Solucion:  1 38 2 49 36 12 23 16 27 0 6 18 42 15 28 35 24 3 9 13 14 39 7 48 17 11 37 41 31 34 30 26 4 47 33 40 32 5 20 45 29 46 8 22 10 19 44 43 25 21
Coste: 52725

GENERACION: 238
Mejor Solucion:  1 38 2 49 36 12 23 16 27 0 6 18 42 15 28 35 24 3 9 13 14 39 7 48 17 11 37 41 31 34 30 26 4 47 33 40 32 5 20 45 29 46 8 22 10 19 44 43 25 21
Coste: 52725

GENERACION: 239
Mejor Solucion:  1 38 2 49 36 12 23 16 27 0 6 18 42 15 28 35 24 3 9 13 14 39 7 48 17 11 37 41 31 34 30 26 4 47 33 40 32 5 20 45 29 46 8 22 10 19 44 43 25 21
Coste: 52725

GENERACION: 240
Mejor Solucion:  1 38 2 49 36 12 23 16 27 0 6 18 42 15 28 35 24 3 9 13 14 39 7 48 17 11 37 41 31 34 30 26 4 47 33 40 32 5 20 45 29 46 8 22 10 19 44 43 25 21
Coste: 52725

GENERACION: 241
Mejor Solucion:  1 38 2 49 36 12 23 16 27 0 6 18 42 15 28 35 24 3 9 13 14 39 7 48 17 11 37 41 31 34 30 26 4 47 33 40 32 5 20 45 29 46 8 22 10 19 44 43 25 21
Coste: 52725

GENERACION: 242
Mejor Solucion:  1 38 2 49 36 12 23 16 27 0 6 18 42 15 28 35 24 3 9 13 14 39 7 48 17 11 37 41 31 34 30 26 4 47 33 40 32 5 20 45 29 46 8 22 10 19 44 43 25 21
Coste: 52725

GENERACION: 243
Mejor Solucion:  1 38 2 49 36 12 23 16 27 0 6 18 42 15 28 35 24 3 9 13 14 39 7 48 17 11 37 41 31 34 30 26 4 47 33 40 32 5 20 45 29 46 8 22 10 19 44 43 25 21
Coste: 52725

GENERACION: 244
Mejor Solucion:  1 38 2 49 36 12 23 16 27 0 6 18 42 15 28 35 24 3 9 13 14 39 7 48 17 11 37 41 31 34 30 26 4 47 33 40 32 5 20 45 29 46 8 22 10 19 44 43 25 21
Coste: 52725

GENERACION: 245
Mejor Solucion:  1 38 2 49 36 12 23 16 27 0 6 18 42 15 28 35 24 3 9 13 14 39 7 48 17 11 37 41 31 34 30 26 4 47 33 40 32 5 20 45 29 46 8 22 10 19 44 43 25 21
Coste: 52725

GENERACION: 246
Mejor Solucion:  1 38 2 49 36 12 23 16 27 0 6 18 42 15 28 35 24 3 9 13 14 39 7 48 17 11 37 41 31 34 30 26 4 47 33 40 32 5 20 45 29 46 8 22 10 19 44 43 25 21
Coste: 52725

GENERACION: 247
Mejor Solucion:  1 38 2 49 36 12 23 16 27 0 6 18 42 15 28 35 24 3 9 13 14 39 7 48 17 11 37 41 31 34 30 26 4 47 33 40 32 5 20 45 29 46 8 22 10 19 44 43 25 21
Coste: 52725

GENERACION: 248
Mejor Solucion:  1 38 2 49 36 12 23 16 27 0 6 18 42 15 28 35 24 3 9 13 14 39 7 48 17 11 37 41 31 34 30 26 4 47 33 40 32 5 20 45 29 46 8 22 10 19 44 43 25 21
Coste: 52725

GENERACION: 249
Mejor Solucion:  1 38 2 49 36 12 23 16 27 0 6 18 42 15 28 35 24 3 9 13 14 39 7 48 17 11 37 41 31 34 30 26 4 47 33 40 32 5 20 45 29 46 8 22 10 19 44 43 25 21
Coste: 52725

GENERACION: 250
Mejor Solucion:  1 38 2 49 36 12 23 16 27 0 6 18 42 15 28 35 24 3 9 13 14 39 7 48 17 11 37 41 31 34 30 26 4 47 33 40 32 5 20 45 29 46 8 22 10 19 44 43 25 21
Coste: 52725

GENERACION: 251
Mejor Solucion:  1 38 2 49 36 12 23 16 27 0 6 18 42 15 28 35 24 3 9 13 14 39 7 48 17 11 37 41 31 34 30 26 4 47 33 40 32 5 20 45 29 46 8 22 10 19 44 43 25 21
Coste: 52725

GENERACION: 252
Mejor Solucion:  1 38 2 49 36 12 23 16 27 0 6 18 42 15 28 35 24 3 9 13 14 39 7 48 17 11 37 41 31 34 30 26 4 47 33 40 32 5 20 45 29 46 8 22 10 19 44 43 25 21
Coste: 52725

GENERACION: 253
Mejor Solucion:  1 38 2 49 36 12 23 16 27 0 6 18 42 15 28 35 24 3 9 13 14 39 7 48 17 11 37 41 31 34 30 26 4 47 33 40 32 5 20 45 29 46 8 22 10 19 44 43 25 21
Coste: 52725

GENERACION: 254
Mejor Solucion:  1 38 2 49 36 12 23 16 27 0 6 18 42 15 28 35 24 3 9 13 14 39 7 48 17 11 37 41 31 34 30 26 4 47 33 40 32 5 20 45 29 46 8 22 10 19 44 43 25 21
Coste: 52725

GENERACION: 255
Mejor Solucion:  1 38 2 49 36 12 23 16 27 0 6 18 42 15 28 35 24 3 9 13 14 39 7 48 17 11 37 41 31 34 30 26 4 47 33 40 32 5 20 45 29 46 8 22 10 19 44 43 25 21
Coste: 52725

GENERACION: 256
Mejor Solucion:  1 38 2 49 36 12 23 16 27 0 6 18 42 15 28 35 24 3 9 13 14 39 7 48 17 11 37 41 31 34 30 26 4 47 33 40 32 5 20 45 29 46 8 22 10 19 44 43 25 21
Coste: 52725

GENERACION: 257
Mejor Solucion:  1 38 2 49 36 12 23 16 27 0 6 18 42 15 28 35 24 3 9 13 14 39 7 48 17 11 37 41 31 34 30 26 4 47 33 40 32 5 20 45 29 46 8 22 10 19 44 43 25 21
Coste: 52725

GENERACION: 258
Mejor Solucion:  1 38 2 49 36 12 23 16 27 0 6 18 42 15 28 35 24 3 9 13 14 39 7 48 17 11 37 41 31 34 30 26 4 47 33 40 32 5 20 45 29 46 8 22 10 19 44 43 25 21
Coste: 52725

GENERACION: 259
Mejor Solucion:  1 38 2 49 36 12 23 16 27 0 6 18 42 15 28 35 24 3 9 13 14 39 7 48 17 11 37 41 31 34 30 26 4 47 33 40 32 5 20 45 29 46 8 22 10 19 44 43 25 21
Coste: 52725

GENERACION: 260
Mejor Solucion:  1 38 2 49 36 12 23 16 27 0 6 18 42 15 28 35 24 3 9 13 14 39 7 48 17 11 37 41 31 34 30 26 4 47 33 40 32 5 20 45 29 46 8 22 10 19 44 43 25 21
Coste: 52725

GENERACION: 261
Mejor Solucion:  1 38 2 49 36 12 23 16 27 0 6 18 42 15 28 35 24 3 9 13 14 39 7 48 17 11 37 41 31 34 30 26 4 47 33 40 32 5 20 45 29 46 8 22 10 19 44 43 25 21
Coste: 52725

GENERACION: 262
Mejor Solucion:  1 38 2 49 36 12 23 16 27 0 6 18 42 15 28 35 24 3 9 13 14 39 7 48 17 11 37 41 31 34 30 26 4 47 33 40 32 5 20 45 29 46 8 22 10 19 44 43 25 21
Coste: 52725

GENERACION: 263
Mejor Solucion:  1 38 2 49 36 12 23 16 27 0 6 18 42 15 28 35 24 3 9 13 14 39 7 48 17 11 37 41 31 34 30 26 4 47 33 40 32 5 20 45 29 46 8 22 10 19 44 43 25 21
Coste: 52725

GENERACION: 264
Mejor Solucion:  1 38 2 49 36 12 23 16 27 0 6 18 42 15 28 35 24 3 9 13 14 39 7 48 17 11 37 41 31 34 30 26 4 47 33 40 32 5 20 45 29 46 8 22 10 19 44 43 25 21
Coste: 52725

GENERACION: 265
Mejor Solucion:  1 38 2 49 36 12 23 16 27 0 6 18 42 15 28 35 24 3 9 13 14 39 7 48 17 11 37 41 31 34 30 26 4 47 33 40 32 5 20 45 29 46 8 22 10 19 44 43 25 21
Coste: 52725

GENERACION: 266
Mejor Solucion:  1 38 2 49 36 12 23 16 27 0 6 18 42 15 28 35 24 3 9 13 14 39 7 48 17 11 37 41 31 34 30 26 4 47 33 40 32 5 20 45 29 46 8 22 10 19 44 43 25 21
Coste: 52725

GENERACION: 267
Mejor Solucion:  1 38 2 49 36 12 23 16 27 0 6 18 42 15 28 35 24 3 9 13 14 39 7 48 17 11 37 41 31 34 30 26 4 47 33 40 32 5 20 45 29 46 8 22 10 19 44 43 25 21
Coste: 52725

GENERACION: 268
Mejor Solucion:  1 38 2 49 36 12 23 16 27 0 6 18 42 15 28 35 24 3 9 13 14 39 7 48 17 11 37 41 31 34 30 26 4 47 33 40 32 5 20 45 29 46 8 22 10 19 44 43 25 21
Coste: 52725

GENERACION: 269
Mejor Solucion:  1 38 2 49 36 12 23 16 27 0 6 18 42 15 28 35 24 3 9 13 14 39 7 48 17 11 37 41 31 34 30 26 4 47 33 40 32 5 20 45 29 46 8 22 10 19 44 43 25 21
Coste: 52725

GENERACION: 270
Mejor Solucion:  1 38 2 49 36 12 23 16 27 0 6 18 42 15 28 35 24 3 9 13 14 39 7 48 17 11 37 41 31 34 30 26 4 47 33 40 32 5 20 45 29 46 8 22 10 19 44 43 25 21
Coste: 52725

GENERACION: 271
Mejor Solucion:  1 38 2 49 36 12 23 16 27 0 6 18 42 15 28 35 24 3 9 13 14 39 7 48 17 11 37 41 31 34 30 26 4 47 33 40 32 5 20 45 29 46 8 22 10 19 44 43 25 21
Coste: 52725

GENERACION: 272
Mejor Solucion:  1 38 2 49 36 12 23 16 27 0 6 18 42 15 28 35 24 3 9 13 14 39 7 48 17 11 37 41 31 34 30 26 4 47 33 40 32 5 20 45 29 46 8 22 10 19 44 43 25 21
Coste: 52725

GENERACION: 273
Mejor Solucion:  1 38 2 49 36 12 23 16 27 0 6 18 42 15 28 35 24 3 9 13 14 39 7 48 17 11 37 41 31 34 30 26 4 47 33 40 32 5 20 45 29 46 8 22 10 19 44 43 25 21
Coste: 52725

GENERACION: 274
Mejor Solucion:  1 38 2 49 36 12 23 16 27 0 6 18 42 15 28 35 24 3 9 13 14 39 7 48 17 11 37 41 31 34 30 26 4 47 33 40 32 5 20 45 29 46 8 22 10 19 44 43 25 21
Coste: 52725

GENERACION: 275
Mejor Solucion:  1 38 2 49 36 12 23 16 27 0 6 18 42 15 28 35 24 3 9 13 14 39 7 48 17 11 37 41 31 34 30 26 4 47 33 40 32 5 20 45 29 46 8 22 10 19 44 43 25 21
Coste: 52725

GENERACION: 276
Mejor Solucion:  1 38 2 49 36 12 23 16 27 0 6 18 42 15 28 35 24 3 9 13 14 39 7 48 17 11 37 41 31 34 30 26 4 47 33 40 32 5 20 45 29 46 8 22 10 19 44 43 25 21
Coste: 52725

GENERACION: 277
Mejor Solucion:  1 38 2 49 36 12 23 16 27 0 6 18 42 15 28 35 24 3 9 13 14 39 7 48 17 11 37 41 31 34 30 26 4 47 33 40 32 5 20 45 29 46 8 22 10 19 44 43 25 21
Coste: 52725

GENERACION: 278
Mejor Solucion:  1 38 2 49 36 12 23 16 27 0 6 18 42 15 28 35 24 3 9 13 14 39 7 48 17 11 37 41 31 34 30 26 4 47 33 40 32 5 20 45 29 46 8 22 10 19 44 43 25 21
Coste: 52725

GENERACION: 279
Mejor Solucion:  1 38 2 49 36 12 23 16 27 0 6 18 42 15 28 35 24 3 9 13 14 39 7 48 17 11 37 41 31 34 30 26 4 47 33 40 32 5 20 45 29 46 8 22 10 19 44 43 25 21
Coste: 52725

GENERACION: 280
Mejor Solucion:  1 38 2 49 36 12 23 16 27 0 6 18 42 15 28 35 24 3 9 13 14 39 7 48 17 11 37 41 31 34 30 26 4 47 33 40 32 5 20 45 29 46 8 22 10 19 44 43 25 21
Coste: 52725

GENERACION: 281
Mejor Solucion:  1 38 2 49 36 12 23 16 27 0 6 18 42 15 28 35 24 3 9 13 14 39 7 48 17 11 37 41 31 34 30 26 4 47 33 40 32 5 20 45 29 46 8 22 10 19 44 43 25 21
Coste: 52725

GENERACION: 282
Mejor Solucion:  1 38 2 49 36 12 23 16 27 0 6 18 42 15 28 35 24 3 9 13 14 39 7 48 17 11 37 41 31 34 30 26 4 47 33 40 32 5 20 45 29 46 8 22 10 19 44 43 25 21
Coste: 52725

GENERACION: 283
Mejor Solucion:  1 38 2 49 36 12 23 16 27 0 6 18 42 15 28 35 24 3 9 13 14 39 7 48 17 11 37 41 31 34 30 26 4 47 33 40 32 5 20 45 29 46 8 22 10 19 44 43 25 21
Coste: 52725

GENERACION: 284
Mejor Solucion:  1 38 2 49 36 12 23 16 27 0 6 18 42 15 28 35 24 3 9 13 14 39 7 48 17 11 37 41 31 34 30 26 4 47 33 40 32 5 20 45 29 46 8 22 10 19 44 43 25 21
Coste: 52725

GENERACION: 285
Mejor Solucion:  1 38 2 49 36 12 23 16 27 0 6 18 42 15 28 35 24 3 9 13 14 39 7 48 17 11 37 41 31 34 30 26 4 47 33 40 32 5 20 45 29 46 8 22 10 19 44 43 25 21
Coste: 52725

GENERACION: 286
Mejor Solucion:  1 38 2 49 36 12 23 16 27 0 6 18 42 15 28 35 24 3 9 13 14 39 7 48 17 11 37 41 31 34 30 26 4 47 33 40 32 5 20 45 29 46 8 22 10 19 44 43 25 21
Coste: 52725

GENERACION: 287
Mejor Solucion:  1 38 2 49 36 12 23 16 27 0 6 18 42 15 28 35 24 3 9 13 14 39 7 48 17 11 37 41 31 34 30 26 4 47 33 40 32 5 20 45 29 46 8 22 10 19 44 43 25 21
Coste: 52725

GENERACION: 288
Mejor Solucion:  1 38 2 49 36 12 23 16 27 0 6 18 42 15 28 35 24 3 9 13 14 39 7 48 17 11 37 41 31 34 30 26 4 47 33 40 32 5 20 45 29 46 8 22 10 19 44 43 25 21
Coste: 52725

GENERACION: 289
Mejor Solucion:  1 38 2 49 36 12 23 16 27 0 6 18 42 15 28 35 24 3 9 13 14 39 7 48 17 11 37 41 31 34 30 26 4 47 33 40 32 5 20 45 29 46 8 22 10 19 44 43 25 21
Coste: 52725

GENERACION: 290
Mejor Solucion:  1 38 2 49 36 12 23 16 27 0 6 18 42 15 28 35 24 3 9 13 14 39 7 48 17 11 37 41 31 34 30 26 4 47 33 40 32 5 20 45 29 46 8 22 10 19 44 43 25 21
Coste: 52725

GENERACION: 291
Mejor Solucion:  1 38 2 49 36 12 23 16 27 0 6 18 42 15 28 35 24 3 9 13 14 39 7 48 17 11 37 41 31 34 30 26 4 47 33 40 32 5 20 45 29 46 8 22 10 19 44 43 25 21
Coste: 52725

GENERACION: 292
Mejor Solucion:  1 38 2 49 36 12 23 16 27 0 6 18 42 15 28 35 24 3 9 13 14 39 7 48 17 11 37 41 31 34 30 26 4 47 33 40 32 5 20 45 29 46 8 22 10 19 44 43 25 21
Coste: 52725

GENERACION: 293
Mejor Solucion:  1 38 2 49 36 12 23 16 27 0 6 18 42 15 28 35 24 3 9 13 14 39 7 48 17 11 37 41 31 34 30 26 4 47 33 40 32 5 20 45 29 46 8 22 10 19 44 43 25 21
Coste: 52725

GENERACION: 294
Mejor Solucion:  1 38 2 49 36 12 23 16 27 0 6 18 42 15 28 35 24 3 9 13 14 39 7 48 17 11 37 41 31 34 30 26 4 47 33 40 32 5 20 45 29 46 8 22 10 19 44 43 25 21
Coste: 52725

GENERACION: 295
Mejor Solucion:  1 38 2 49 36 12 23 16 27 0 6 18 42 15 28 35 24 3 9 13 14 39 7 48 17 11 37 41 31 34 30 26 4 47 33 40 32 5 20 45 29 46 8 22 10 19 44 43 25 21
Coste: 52725

GENERACION: 296
Mejor Solucion:  1 38 2 49 36 12 23 16 27 0 6 18 42 15 28 35 24 3 9 13 14 39 7 48 17 11 37 41 31 34 30 26 4 47 33 40 32 5 20 45 29 46 8 22 10 19 44 43 25 21
Coste: 52725

GENERACION: 297
Mejor Solucion:  33 38 2 49 36 12 23 16 27 0 6 18 42 15 28 35 24 3 9 13 14 39 7 48 17 11 37 41 31 34 30 26 4 47 1 40 32 20 5 45 29 46 8 22 10 19 44 43 25 21
Coste: 52353

GENERACION: 298
Mejor Solucion:  33 38 2 49 36 12 23 16 27 0 6 18 42 15 28 35 24 3 9 13 14 39 7 48 17 11 37 41 31 34 30 26 4 47 1 40 32 20 5 45 29 46 8 22 10 19 44 43 25 21
Coste: 52353

GENERACION: 299
Mejor Solucion:  33 38 2 49 36 12 23 16 27 0 6 18 42 15 28 35 24 3 9 13 14 39 7 48 17 11 37 41 31 34 30 26 4 47 1 40 32 20 5 45 29 46 8 22 10 19 44 43 25 21
Coste: 52353

GENERACION: 300
Mejor Solucion:  33 38 2 49 36 12 23 16 27 0 6 18 42 15 28 35 24 3 9 13 14 39 7 48 17 11 37 41 31 34 30 26 4 47 1 40 32 20 5 45 29 46 8 22 10 19 44 43 25 21
Coste: 52353

GENERACION: 301
Mejor Solucion:  33 38 2 49 36 12 23 16 27 0 6 18 42 15 28 35 24 3 9 13 14 39 7 48 17 11 37 41 31 34 30 26 4 47 1 40 32 20 5 45 29 46 8 22 10 19 44 43 25 21
Coste: 52350

GENERACION: 302
Mejor Solucion:  33 38 2 49 36 12 23 16 27 0 6 18 42 15 28 35 24 3 9 13 14 39 7 48 17 11 37 41 31 34 30 26 4 47 1 40 32 20 5 45 29 46 8 22 10 19 44 43 25 21
Coste: 52350

GENERACION: 303
Mejor Solucion:  33 38 2 49 36 12 23 16 27 0 6 18 42 15 28 35 24 3 9 13 14 39 7 48 17 11 37 41 31 34 30 26 4 47 1 40 32 20 5 45 29 46 8 22 10 19 44 43 25 21
Coste: 52350

GENERACION: 304
Mejor Solucion:  33 38 2 49 36 12 23 16 27 0 6 18 42 15 28 35 24 3 9 13 14 39 7 48 17 11 37 41 31 34 30 26 4 47 1 40 32 20 5 45 29 46 8 22 10 19 44 43 25 21
Coste: 52350

GENERACION: 305
Mejor Solucion:  33 38 2 49 36 12 23 16 27 0 6 18 42 15 28 35 24 3 9 13 14 39 7 48 17 11 37 41 31 34 30 26 4 47 1 40 32 20 5 45 29 46 8 22 10 19 44 43 25 21
Coste: 52350

GENERACION: 306
Mejor Solucion:  33 38 2 49 36 12 23 16 27 0 6 18 42 15 28 35 24 3 9 13 14 39 7 48 17 11 37 41 31 34 30 26 4 47 1 40 32 20 5 45 29 46 8 22 10 19 44 43 25 21
Coste: 52350

GENERACION: 307
Mejor Solucion:  33 38 2 49 36 12 23 16 27 0 6 18 42 15 28 35 24 3 9 13 14 39 7 48 17 11 37 41 31 34 30 26 4 47 1 40 32 20 5 45 29 46 8 22 10 19 44 43 25 21
Coste: 52350

GENERACION: 308
Mejor Solucion:  33 38 2 49 36 12 23 16 27 0 6 18 42 15 28 35 24 3 9 13 14 39 7 48 17 11 37 41 31 34 30 26 4 47 1 40 32 20 5 45 29 46 8 22 10 19 44 43 25 21
Coste: 52350

GENERACION: 309
Mejor Solucion:  33 38 2 49 36 12 23 16 27 0 6 18 42 15 28 35 24 3 9 13 14 39 7 48 17 11 37 41 31 34 30 26 4 47 1 40 32 20 5 45 29 46 8 22 10 19 44 43 25 21
Coste: 52350

GENERACION: 310
Mejor Solucion:  33 38 2 49 36 12 23 16 27 0 6 18 42 15 28 35 24 3 9 13 14 39 7 48 17 11 37 41 31 34 30 26 4 47 1 40 32 20 5 45 29 46 8 22 10 19 44 43 25 21
Coste: 52350

GENERACION: 311
Mejor Solucion:  33 38 2 49 36 12 23 16 27 0 6 18 42 15 28 35 24 3 9 13 14 39 7 48 17 11 37 41 31 34 30 26 4 47 1 40 32 20 5 45 29 46 8 22 10 19 44 43 25 21
Coste: 52350

GENERACION: 312
Mejor Solucion:  33 38 2 49 36 12 23 16 27 0 6 18 42 15 28 35 24 3 9 13 14 39 7 48 17 11 37 41 31 34 30 26 4 47 1 40 32 20 5 45 29 46 8 22 10 19 44 43 25 21
Coste: 52350

GENERACION: 313
Mejor Solucion:  33 38 2 49 36 12 23 16 27 0 6 18 42 15 28 35 24 3 9 13 14 39 7 48 17 11 37 41 31 34 30 26 4 47 1 40 32 20 5 45 29 46 8 22 10 19 44 43 25 21
Coste: 52350

GENERACION: 314
Mejor Solucion:  33 38 2 49 36 12 23 16 27 0 6 18 42 15 28 35 24 3 9 13 14 39 7 48 17 11 37 41 31 34 30 26 4 47 1 40 32 20 5 45 29 46 8 22 10 19 44 43 25 21
Coste: 52350

GENERACION: 315
Mejor Solucion:  33 38 2 49 36 12 23 16 27 0 6 18 42 15 28 35 24 3 9 13 14 39 7 48 17 11 37 41 31 34 30 26 4 47 1 40 32 20 5 45 29 46 8 22 10 19 44 43 25 21
Coste: 52350

GENERACION: 316
Mejor Solucion:  33 38 2 49 36 12 23 16 27 0 6 18 42 15 28 35 24 3 9 13 14 39 7 48 17 11 37 41 31 34 30 26 4 47 1 40 32 20 5 45 29 46 8 22 10 19 44 43 25 21
Coste: 52350

GENERACION: 317
Mejor Solucion:  33 38 2 49 36 12 23 16 27 0 6 18 42 15 28 35 24 3 9 13 14 39 7 48 17 11 37 41 31 34 30 26 4 47 1 40 32 20 5 45 29 46 8 22 10 19 44 43 25 21
Coste: 52350

GENERACION: 318
Mejor Solucion:  33 38 2 49 36 12 23 16 27 0 6 18 42 15 28 35 24 3 9 13 14 39 7 48 17 11 37 41 31 34 30 26 4 47 1 40 32 20 5 45 29 46 8 22 10 19 44 43 25 21
Coste: 52350

GENERACION: 319
Mejor Solucion:  33 38 2 49 36 12 23 16 27 0 6 18 42 15 28 35 24 3 9 13 14 39 7 48 17 11 37 41 31 34 30 26 4 47 1 40 32 20 5 45 29 46 8 22 10 19 44 43 25 21
Coste: 52350

GENERACION: 320
Mejor Solucion:  33 38 2 49 36 12 23 16 27 0 6 18 42 15 28 35 24 3 9 13 14 39 7 48 17 11 37 41 31 34 30 26 4 47 1 40 32 20 5 45 29 46 8 22 10 19 44 43 25 21
Coste: 52350

GENERACION: 321
Mejor Solucion:  33 38 2 49 36 12 23 16 27 0 6 18 42 15 28 35 24 3 9 13 14 39 7 48 17 11 37 41 31 34 30 26 4 47 1 40 32 20 5 45 29 46 8 22 10 19 44 43 25 21
Coste: 52350

GENERACION: 322
Mejor Solucion:  33 38 2 49 36 12 23 16 27 0 6 18 42 15 28 35 24 3 9 13 14 39 7 48 17 11 37 41 31 34 30 26 4 47 1 40 32 20 5 45 29 46 8 22 10 19 44 43 25 21
Coste: 52350

GENERACION: 323
Mejor Solucion:  33 38 2 49 36 12 23 16 27 0 6 18 42 15 28 35 24 3 9 13 14 39 7 48 17 11 37 41 31 34 30 26 4 47 1 40 32 20 5 45 29 46 8 22 10 19 44 43 25 21
Coste: 52350

GENERACION: 324
Mejor Solucion:  33 38 2 49 36 12 23 16 27 0 6 18 42 15 28 35 24 3 9 13 14 39 7 48 17 11 37 41 31 34 30 26 4 47 1 40 32 20 5 45 29 46 8 22 10 19 44 43 25 21
Coste: 52350

GENERACION: 325
Mejor Solucion:  33 38 2 49 36 12 23 16 27 0 6 18 42 15 28 35 24 3 9 13 14 39 7 48 17 11 37 41 31 34 30 26 4 47 1 40 32 20 5 45 29 46 8 22 10 19 44 43 25 21
Coste: 52350

GENERACION: 326
Mejor Solucion:  33 38 2 49 36 12 23 16 27 0 6 18 42 15 28 35 24 3 9 13 14 39 7 48 17 11 37 41 31 34 30 26 4 47 1 40 32 20 5 45 29 46 8 22 10 19 44 43 25 21
Coste: 52350

GENERACION: 327
Mejor Solucion:  33 38 2 49 36 12 23 16 27 0 6 18 42 15 28 35 24 3 9 13 14 39 7 48 17 11 37 41 31 34 30 26 4 47 1 40 32 20 5 45 29 46 8 22 10 19 44 43 25 21
Coste: 52350

GENERACION: 328
Mejor Solucion:  33 38 2 49 36 12 23 16 27 0 6 18 42 15 28 35 24 3 9 13 14 39 7 48 17 11 37 41 31 34 30 26 4 47 1 40 32 20 5 45 29 46 8 22 10 19 44 43 25 21
Coste: 52350

GENERACION: 329
Mejor Solucion:  33 38 2 49 36 12 23 16 27 0 6 18 42 15 28 35 24 3 9 13 14 39 7 48 17 11 37 41 31 34 30 26 4 47 1 40 32 20 5 45 29 46 8 22 10 19 44 43 25 21
Coste: 52350

GENERACION: 330
Mejor Solucion:  33 38 2 49 36 12 23 16 27 0 6 18 42 15 28 35 24 3 9 13 14 39 7 48 17 11 37 41 31 34 30 26 4 47 1 40 32 20 5 45 29 46 8 22 10 19 44 43 25 21
Coste: 52350

GENERACION: 331
Mejor Solucion:  33 38 2 49 36 12 23 16 27 0 6 18 42 15 28 35 24 3 9 13 14 39 7 48 17 11 37 41 31 34 30 26 4 47 1 40 32 20 5 45 29 46 8 22 10 19 44 43 25 21
Coste: 52350

GENERACION: 332
Mejor Solucion:  33 38 2 49 36 12 23 16 27 0 6 18 42 15 28 35 24 3 9 13 14 39 7 48 17 11 37 41 31 34 30 26 4 47 1 40 32 20 5 45 29 46 8 22 10 19 44 43 25 21
Coste: 52350

GENERACION: 333
Mejor Solucion:  33 38 2 49 36 12 23 16 27 0 6 18 42 15 28 35 24 3 9 13 14 39 7 48 17 11 37 41 31 34 30 26 4 47 1 40 32 20 5 45 29 46 8 22 10 19 44 43 25 21
Coste: 52350

GENERACION: 334
Mejor Solucion:  33 38 2 49 36 12 23 16 27 0 6 18 42 15 28 35 24 3 9 13 14 39 7 48 17 11 37 41 31 34 30 26 4 47 1 40 32 20 5 45 29 46 8 22 10 19 44 43 25 21
Coste: 52350

GENERACION: 335
Mejor Solucion:  33 38 2 49 36 12 23 16 27 0 6 18 42 15 28 35 24 3 9 13 14 39 7 48 17 11 37 41 31 34 30 26 4 47 1 40 32 20 5 45 29 46 8 22 10 19 44 43 25 21
Coste: 52350

GENERACION: 336
Mejor Solucion:  33 38 2 49 36 12 23 16 27 0 6 18 42 15 28 35 24 3 9 13 14 39 7 48 17 11 37 41 31 34 30 26 4 47 1 40 32 20 5 45 29 46 8 22 10 19 44 43 25 21
Coste: 52350

GENERACION: 337
Mejor Solucion:  33 38 2 49 36 12 23 16 27 0 6 18 42 15 28 35 24 3 9 13 14 39 7 48 17 11 37 41 31 34 30 26 4 47 1 40 32 20 5 45 29 46 8 22 10 19 44 43 25 21
Coste: 52350

GENERACION: 338
Mejor Solucion:  33 38 2 49 36 12 23 16 27 0 6 18 42 15 28 35 24 3 9 13 14 39 7 48 17 11 37 41 31 34 30 26 4 47 1 40 32 20 5 45 29 46 8 22 10 19 44 43 25 21
Coste: 52350

GENERACION: 339
Mejor Solucion:  33 38 2 49 36 12 23 16 27 0 6 18 42 15 28 35 24 3 9 13 14 39 7 48 17 11 37 41 31 34 30 26 4 47 1 40 32 20 5 45 29 46 8 22 10 19 44 43 25 21
Coste: 52350

GENERACION: 340
Mejor Solucion:  33 38 2 49 36 12 23 16 27 0 6 18 42 15 28 35 24 3 9 13 14 39 7 48 17 11 37 41 31 34 30 26 4 47 1 40 32 20 5 45 29 46 8 22 10 19 44 43 25 21
Coste: 52350

GENERACION: 341
Mejor Solucion:  33 38 2 49 36 12 23 16 27 0 6 18 42 15 28 35 24 3 9 13 14 39 7 48 17 11 37 41 31 34 30 26 4 47 1 40 32 20 5 45 29 46 8 22 10 19 44 43 25 21
Coste: 52350

GENERACION: 342
Mejor Solucion:  33 38 2 49 36 12 23 16 27 0 6 18 42 15 28 35 24 3 9 13 14 39 7 48 17 11 37 41 31 34 30 26 4 47 1 40 32 20 5 45 29 46 8 22 10 19 44 43 25 21
Coste: 52350

GENERACION: 343
Mejor Solucion:  33 38 2 49 36 12 23 16 27 0 6 18 42 15 28 35 24 3 9 13 14 39 7 48 17 11 37 41 31 34 30 26 4 47 1 40 32 20 5 45 29 46 8 22 10 19 44 43 25 21
Coste: 52350

GENERACION: 344
Mejor Solucion:  33 38 2 49 36 12 23 16 27 0 6 18 42 15 28 35 24 3 9 13 14 39 7 48 17 11 37 41 31 34 30 26 4 47 1 40 32 20 5 45 29 46 8 22 10 19 44 43 25 21
Coste: 52350

GENERACION: 345
Mejor Solucion:  33 38 2 49 36 12 23 16 27 0 6 18 42 15 28 35 24 3 9 13 14 39 7 48 17 11 37 41 31 34 30 26 4 47 1 40 32 20 5 45 29 46 8 22 10 19 44 43 25 21
Coste: 52350

GENERACION: 346
Mejor Solucion:  33 38 2 49 36 12 23 16 27 0 6 18 42 15 28 35 24 3 9 13 14 39 7 48 17 11 37 41 31 34 30 26 4 47 1 40 32 20 5 45 29 46 8 22 10 19 44 43 25 21
Coste: 52350

GENERACION: 347
Mejor Solucion:  33 38 2 49 36 12 23 16 27 0 6 18 42 15 28 35 24 3 9 13 14 39 7 48 17 11 37 41 31 34 30 26 4 47 1 40 32 20 5 45 29 46 8 22 10 19 44 43 25 21
Coste: 52350

GENERACION: 348
Mejor Solucion:  33 38 2 49 36 12 23 16 27 0 6 18 42 15 28 35 24 3 9 13 14 39 7 48 17 11 37 41 31 34 30 26 4 47 1 40 32 20 5 45 29 46 8 22 10 19 44 43 25 21
Coste: 52350

GENERACION: 349
Mejor Solucion:  33 38 2 49 36 12 23 16 27 0 6 18 42 15 28 35 24 3 9 13 14 39 7 48 17 11 37 41 31 34 30 26 4 47 1 40 32 20 5 45 29 46 8 22 10 19 44 43 25 21
Coste: 52350

GENERACION: 350
Mejor Solucion:  33 38 2 49 36 12 23 16 27 0 6 18 42 15 28 35 24 3 9 13 14 39 7 48 17 11 37 41 31 34 30 26 4 47 1 40 32 20 5 45 29 46 8 22 10 19 44 43 25 21
Coste: 52350

GENERACION: 351
Mejor Solucion:  33 38 2 49 36 12 23 16 27 0 6 18 42 15 28 35 24 3 9 13 14 39 7 48 17 11 37 41 31 34 30 26 4 47 1 40 32 20 5 45 29 46 8 22 10 19 44 43 25 21
Coste: 52350

GENERACION: 352
Mejor Solucion:  33 38 2 49 36 12 23 16 27 0 6 18 42 15 28 35 24 3 9 13 14 39 7 48 17 11 37 41 31 34 30 26 4 47 1 40 32 20 5 45 29 46 8 22 10 19 44 43 25 21
Coste: 52350

GENERACION: 353
Mejor Solucion:  33 38 2 49 36 12 23 16 27 0 6 18 42 15 28 35 24 3 9 13 14 39 7 48 17 11 37 41 31 34 30 26 4 47 1 40 32 20 5 45 29 46 8 22 10 19 44 43 25 21
Coste: 52350

GENERACION: 354
Mejor Solucion:  33 38 2 49 36 12 23 16 27 0 6 18 42 15 28 35 24 3 9 13 14 39 7 48 17 11 37 41 31 34 30 26 4 47 1 40 32 20 5 45 29 46 8 22 10 19 44 43 25 21
Coste: 52350

GENERACION: 355
Mejor Solucion:  33 38 2 49 36 12 23 16 27 0 6 18 42 15 28 35 24 3 9 13 14 39 7 48 17 11 37 41 31 34 30 26 4 47 1 40 32 20 5 45 29 46 8 22 10 19 44 43 25 21
Coste: 52350

GENERACION: 356
Mejor Solucion:  33 38 2 49 36 12 23 16 27 0 6 18 42 15 28 35 24 3 9 13 14 39 7 48 17 11 37 41 31 34 30 26 4 47 1 40 32 20 5 45 29 46 8 22 10 19 44 43 25 21
Coste: 52350

GENERACION: 357
Mejor Solucion:  33 38 2 49 36 12 23 16 27 0 6 18 42 15 28 35 24 3 9 13 14 39 7 48 17 11 37 41 31 34 30 26 4 47 1 40 32 20 5 45 29 46 8 22 10 19 44 43 25 21
Coste: 52350

GENERACION: 358
Mejor Solucion:  33 38 2 49 36 12 23 16 27 0 6 18 42 15 28 35 24 3 9 13 14 39 7 48 17 11 37 41 31 34 30 26 4 47 1 40 32 20 5 45 29 46 8 22 10 19 44 43 25 21
Coste: 52350

GENERACION: 359
Mejor Solucion:  33 38 2 49 36 12 23 16 27 0 6 18 42 15 28 35 24 3 9 13 14 39 7 48 17 11 37 41 31 34 30 26 4 47 1 40 32 20 5 45 29 46 8 22 10 19 44 43 25 21
Coste: 52350

GENERACION: 360
Mejor Solucion:  33 38 2 49 36 12 23 16 27 0 6 18 42 15 28 35 24 3 9 13 14 39 7 48 17 11 37 41 31 34 30 26 4 47 1 40 32 20 5 45 29 46 8 22 10 19 44 43 25 21
Coste: 52350

GENERACION: 361
Mejor Solucion:  33 38 2 49 36 12 23 16 27 0 6 18 42 15 28 35 24 3 9 13 14 39 7 48 17 11 37 41 31 34 30 26 4 47 1 40 32 20 5 45 29 46 8 22 10 19 44 43 25 21
Coste: 52350

GENERACION: 362
Mejor Solucion:  33 38 2 49 36 12 23 16 27 0 6 18 42 15 28 35 24 3 9 13 14 39 7 48 17 11 37 41 31 34 30 26 4 47 1 40 32 20 5 45 29 46 8 22 10 19 44 43 25 21
Coste: 52350

GENERACION: 363
Mejor Solucion:  33 38 2 49 36 12 23 16 27 0 6 18 42 15 28 35 24 3 9 13 14 39 7 48 17 11 37 41 31 34 30 26 4 47 1 40 32 20 5 45 29 46 8 22 10 19 44 43 25 21
Coste: 52350

GENERACION: 364
Mejor Solucion:  33 38 2 49 36 12 23 16 27 0 6 18 42 15 28 35 24 3 9 13 14 39 7 48 17 11 37 41 31 34 30 26 4 47 1 40 32 20 5 45 29 46 8 22 10 19 44 43 25 21
Coste: 52350

GENERACION: 365
Mejor Solucion:  33 38 2 49 36 12 23 16 27 0 6 18 42 15 28 35 24 3 9 13 14 39 7 48 17 11 37 41 31 34 30 26 4 47 1 40 32 20 5 45 29 46 8 22 10 19 44 43 25 21
Coste: 52350

GENERACION: 366
Mejor Solucion:  33 38 2 49 36 12 23 16 27 0 6 18 42 15 28 35 24 3 9 13 14 39 7 48 17 11 37 41 31 34 30 26 4 47 1 40 32 20 5 45 29 46 8 22 10 19 44 43 25 21
Coste: 52350

GENERACION: 367
Mejor Solucion:  33 38 2 49 36 12 23 16 27 0 6 18 42 15 28 35 24 3 9 13 14 39 7 48 17 11 37 41 31 34 30 26 4 47 1 40 32 20 5 45 29 46 8 22 10 19 44 43 25 21
Coste: 52350

GENERACION: 368
Mejor Solucion:  33 38 2 49 36 12 23 16 27 0 6 18 42 15 28 35 24 3 9 13 14 39 7 48 17 11 37 41 31 34 30 26 4 47 1 40 32 20 5 45 29 46 8 22 10 19 44 43 25 21
Coste: 52350

GENERACION: 369
Mejor Solucion:  33 38 2 49 36 12 23 16 27 0 6 18 42 15 28 35 24 3 9 13 14 39 7 48 17 11 37 41 31 34 30 26 4 47 1 40 32 20 5 45 29 46 8 22 10 19 44 43 25 21
Coste: 52350

GENERACION: 370
Mejor Solucion:  33 38 2 49 36 12 23 16 27 0 6 18 42 15 28 35 24 3 9 13 14 39 7 48 17 11 37 41 31 34 30 26 4 47 1 40 32 20 5 45 29 46 8 22 10 19 44 43 25 21
Coste: 52350

GENERACION: 371
Mejor Solucion:  33 38 2 49 36 12 23 16 27 0 6 18 42 15 28 35 24 3 9 13 14 39 7 48 17 11 37 41 31 34 30 26 4 47 1 40 32 20 5 45 29 46 8 22 10 19 44 43 25 21
Coste: 52350

GENERACION: 372
Mejor Solucion:  33 38 2 49 36 12 23 16 27 0 6 18 42 15 28 35 24 3 9 13 14 39 7 48 17 11 37 41 31 34 30 26 4 47 1 40 32 20 5 45 29 46 8 22 10 19 44 43 25 21
Coste: 52350

GENERACION: 373
Mejor Solucion:  33 38 2 49 36 12 23 16 27 0 6 18 42 15 28 35 24 3 9 13 14 39 7 48 17 11 37 41 31 34 30 26 4 47 1 40 32 20 5 45 29 46 8 22 10 19 44 43 25 21
Coste: 52350

GENERACION: 374
Mejor Solucion:  33 38 2 49 36 12 23 16 27 0 6 18 42 15 28 35 24 3 9 13 14 39 7 48 17 11 37 41 31 34 30 26 4 47 1 40 32 20 5 45 29 46 8 22 10 19 44 43 25 21
Coste: 52350

GENERACION: 375
Mejor Solucion:  33 38 2 49 36 12 23 16 27 0 6 18 42 15 28 35 24 3 9 13 14 39 7 48 17 11 37 41 31 34 30 26 4 47 1 40 32 20 5 45 29 46 8 22 10 19 44 43 25 21
Coste: 52350

GENERACION: 376
Mejor Solucion:  33 38 2 49 36 12 23 16 27 0 6 18 42 15 28 35 24 3 9 13 14 39 7 48 17 11 37 41 31 34 30 26 4 47 1 40 32 20 5 45 29 46 8 22 10 19 44 43 25 21
Coste: 52350

GENERACION: 377
Mejor Solucion:  33 38 2 49 36 12 23 16 27 0 6 18 42 15 28 35 24 3 9 13 14 39 7 48 17 11 37 41 31 34 30 26 4 47 1 40 32 20 5 45 29 46 8 22 10 19 44 43 25 21
Coste: 52350

GENERACION: 378
Mejor Solucion:  33 38 2 49 36 12 23 16 27 0 6 18 42 15 28 35 24 3 9 13 14 39 7 48 17 11 37 41 31 34 30 26 4 47 1 40 32 20 5 45 29 46 8 22 10 19 44 43 25 21
Coste: 52350

GENERACION: 379
Mejor Solucion:  33 38 2 49 36 12 23 16 27 0 6 18 42 15 28 35 24 3 9 13 14 39 7 48 17 11 37 41 31 34 30 26 4 47 1 40 32 20 5 45 29 46 8 22 10 19 44 43 25 21
Coste: 52350

GENERACION: 380
Mejor Solucion:  33 38 2 49 36 12 23 16 27 0 6 18 42 15 28 35 24 3 9 13 14 39 7 48 17 11 37 41 31 34 30 26 4 47 1 40 32 20 5 45 29 46 8 22 10 19 44 43 25 21
Coste: 52350

GENERACION: 381
Mejor Solucion:  33 38 2 49 36 12 23 16 27 0 6 18 42 15 28 35 24 3 9 13 14 39 7 48 17 11 37 41 31 34 30 26 4 47 1 40 32 20 5 45 29 46 8 22 10 19 44 43 25 21
Coste: 52350

GENERACION: 382
Mejor Solucion:  33 38 2 49 36 12 23 16 27 0 6 18 42 15 28 35 24 3 9 13 14 39 7 48 17 11 37 41 31 34 30 26 4 47 1 40 32 20 5 45 29 46 8 22 10 19 44 43 25 21
Coste: 52350

GENERACION: 383
Mejor Solucion:  33 38 2 49 36 12 23 16 27 0 6 18 42 15 28 35 24 3 9 13 14 39 7 48 17 11 37 41 31 34 30 26 4 47 1 40 32 20 5 45 29 46 8 22 10 19 44 43 25 21
Coste: 52350

GENERACION: 384
Mejor Solucion:  33 38 2 49 36 12 23 16 27 0 6 18 42 15 28 35 24 3 9 13 14 39 7 48 17 11 37 41 31 34 30 26 4 47 1 40 32 20 5 45 29 46 8 22 10 19 44 43 25 21
Coste: 52350

GENERACION: 385
Mejor Solucion:  33 38 2 49 36 12 23 16 27 0 6 18 42 15 28 35 24 3 9 13 14 39 7 48 17 11 37 41 31 34 30 26 4 47 1 40 32 20 5 45 29 46 8 22 10 19 44 43 25 21
Coste: 52350

GENERACION: 386
Mejor Solucion:  33 38 2 49 36 12 23 16 27 0 6 18 42 15 28 35 24 3 9 13 14 39 7 48 17 11 37 41 31 34 30 26 4 47 1 40 32 20 5 45 29 46 8 22 10 19 44 43 25 21
Coste: 52350

GENERACION: 387
Mejor Solucion:  33 38 2 49 36 12 23 16 27 0 6 18 42 15 28 35 24 3 9 13 14 39 7 48 17 11 37 41 31 34 30 26 4 47 1 40 32 20 5 45 29 46 8 22 10 19 44 43 25 21
Coste: 52350

GENERACION: 388
Mejor Solucion:  33 38 2 49 36 12 23 16 27 0 6 18 42 15 28 35 24 3 9 13 14 39 7 48 17 11 37 41 31 34 30 26 4 47 1 40 32 20 5 45 29 46 8 22 10 19 44 43 25 21
Coste: 52350

GENERACION: 389
Mejor Solucion:  33 38 2 49 36 12 23 16 27 0 6 18 42 15 28 35 24 3 9 13 14 39 7 48 17 11 37 41 31 34 30 26 4 47 1 40 32 20 5 45 29 46 8 22 10 19 44 43 25 21
Coste: 52350

GENERACION: 390
Mejor Solucion:  33 38 2 49 36 12 23 16 27 0 6 18 42 15 28 35 24 3 9 13 14 39 7 48 17 11 37 41 31 34 30 26 4 47 1 40 32 20 5 45 29 46 8 22 10 19 44 43 25 21
Coste: 52350

GENERACION: 391
Mejor Solucion:  33 38 2 49 36 12 23 16 27 0 6 18 42 15 28 35 24 3 9 13 14 39 7 48 17 11 37 41 31 34 30 26 4 47 1 40 32 20 5 45 29 46 8 22 10 19 44 43 25 21
Coste: 52350

GENERACION: 392
Mejor Solucion:  33 38 2 49 36 12 23 16 27 0 6 18 42 15 28 35 24 3 9 13 14 39 7 48 17 11 37 41 31 34 30 26 4 47 1 40 32 20 5 45 29 46 8 22 10 19 44 43 25 21
Coste: 52350

GENERACION: 393
Mejor Solucion:  33 38 2 49 36 12 23 16 27 0 6 18 42 15 28 35 24 3 9 13 14 39 7 48 17 11 37 41 31 34 30 26 4 47 1 40 32 20 5 45 29 46 8 22 10 19 44 43 25 21
Coste: 52350

GENERACION: 394
Mejor Solucion:  33 38 2 49 36 12 23 16 27 0 6 18 42 15 28 35 24 3 9 13 14 39 7 48 17 11 37 41 31 34 30 26 4 47 1 40 32 20 5 45 29 46 8 22 10 19 44 43 25 21
Coste: 52350

GENERACION: 395
Mejor Solucion:  33 38 2 49 36 12 23 16 27 0 6 18 42 15 28 35 24 3 9 13 14 39 7 48 17 11 37 41 31 34 30 26 4 47 1 40 32 20 5 45 29 46 8 22 10 19 44 43 25 21
Coste: 52350

GENERACION: 396
Mejor Solucion:  33 38 2 49 36 12 23 16 27 0 6 18 42 15 28 35 24 3 9 13 14 39 7 48 17 11 37 41 31 34 30 26 4 47 1 40 32 20 5 45 29 46 8 22 10 19 44 43 25 21
Coste: 52350

GENERACION: 397
Mejor Solucion:  33 38 2 49 36 12 23 16 27 0 6 18 42 15 28 35 24 3 9 13 14 39 7 48 17 11 37 41 31 34 30 26 4 47 1 40 32 20 5 45 29 46 8 22 10 19 44 43 25 21
Coste: 52350

GENERACION: 398
Mejor Solucion:  33 38 2 49 36 12 23 16 27 0 6 18 42 15 28 35 24 3 9 13 14 39 7 48 17 11 37 41 31 34 30 26 4 47 1 40 32 20 5 45 29 46 8 22 10 19 44 43 25 21
Coste: 52350

GENERACION: 399
Mejor Solucion:  33 38 2 49 36 12 23 16 27 0 6 18 42 15 28 35 24 3 9 13 14 39 7 48 17 11 37 41 31 34 30 26 4 47 1 40 32 20 5 45 29 46 8 22 10 19 44 43 25 21
Coste: 52350

GENERACION: 400
Mejor Solucion:  33 38 2 49 36 12 23 16 27 0 6 18 42 15 28 35 24 3 9 13 14 39 7 48 17 11 37 41 31 34 30 26 4 47 1 40 32 20 5 45 29 46 8 22 10 19 44 43 25 21
Coste: 52350

GENERACION: 401
Mejor Solucion:  33 38 2 49 36 12 23 16 27 0 6 18 42 15 28 35 24 3 9 13 14 39 7 48 17 11 37 41 31 34 30 26 4 47 1 40 32 20 5 45 29 46 8 22 10 19 44 43 25 21
Coste: 52350

GENERACION: 402
Mejor Solucion:  33 38 2 49 36 12 23 16 27 0 6 18 42 15 28 35 24 3 9 13 14 39 7 48 17 11 37 41 31 34 30 26 4 47 1 40 32 20 5 45 29 46 8 22 10 19 44 43 25 21
Coste: 52350

GENERACION: 403
Mejor Solucion:  33 38 2 49 36 12 23 16 27 0 6 18 42 15 28 35 24 3 9 13 14 39 7 48 17 11 37 41 31 34 30 26 4 47 1 40 32 20 5 45 29 46 8 22 10 19 44 43 25 21
Coste: 52350

GENERACION: 404
Mejor Solucion:  33 38 2 49 36 12 23 16 27 0 6 18 42 15 28 35 24 3 9 13 14 39 7 48 17 11 37 41 31 34 30 26 4 47 1 40 32 20 5 45 29 46 8 22 10 19 44 43 25 21
Coste: 52350

GENERACION: 405
Mejor Solucion:  33 38 2 49 36 12 23 16 27 0 6 18 42 15 28 35 24 3 9 13 14 39 7 48 17 11 37 41 31 34 30 26 4 47 1 40 32 20 5 45 29 46 8 22 10 19 44 43 25 21
Coste: 52350

GENERACION: 406
Mejor Solucion:  33 38 2 49 36 12 23 16 27 0 6 18 42 15 28 35 24 3 9 13 14 39 7 48 17 11 37 41 31 34 30 26 4 47 1 40 32 20 5 45 29 46 8 22 10 19 44 43 25 21
Coste: 52350

GENERACION: 407
Mejor Solucion:  33 38 2 49 36 12 23 16 27 0 6 18 42 15 28 35 24 3 9 13 14 39 7 48 17 11 37 41 31 34 30 26 4 47 1 40 32 20 5 45 29 46 8 22 10 19 44 43 25 21
Coste: 52350

GENERACION: 408
Mejor Solucion:  33 38 2 49 36 12 23 16 27 0 6 18 42 15 28 35 24 3 9 13 14 39 7 48 17 11 37 41 31 34 30 26 4 47 1 40 32 20 5 45 29 46 8 22 10 19 44 43 25 21
Coste: 52350

GENERACION: 409
Mejor Solucion:  33 38 2 49 36 12 23 16 27 0 6 18 42 15 28 35 24 3 9 13 14 39 7 48 17 11 37 41 31 34 30 26 4 47 1 40 32 20 5 45 29 46 8 22 10 19 44 43 25 21
Coste: 52350

GENERACION: 410
Mejor Solucion:  33 38 2 49 36 12 23 16 27 0 6 18 42 15 28 35 24 3 9 13 14 39 7 48 17 11 37 41 31 34 30 26 4 47 1 40 32 20 5 45 29 46 8 22 10 19 44 43 25 21
Coste: 52350

GENERACION: 411
Mejor Solucion:  33 38 2 49 36 12 23 16 27 0 6 18 42 15 28 35 24 3 9 13 14 39 7 48 17 11 37 41 31 34 30 26 4 47 1 40 32 20 5 45 29 46 8 22 10 19 44 43 25 21
Coste: 52350

GENERACION: 412
Mejor Solucion:  33 38 2 49 36 12 23 16 27 0 6 18 42 15 28 35 24 3 9 13 14 39 7 48 17 11 37 41 31 34 30 26 4 47 1 40 32 20 5 45 29 46 8 22 10 19 44 43 25 21
Coste: 52350

GENERACION: 413
Mejor Solucion:  33 38 2 49 36 12 23 16 27 0 6 18 42 15 28 35 24 3 9 13 14 39 7 48 17 11 37 41 31 34 30 26 4 47 1 40 32 20 5 45 29 46 8 22 10 19 44 43 25 21
Coste: 52350

GENERACION: 414
Mejor Solucion:  33 38 2 49 36 12 23 16 27 0 6 18 42 15 28 35 24 3 9 13 14 39 7 48 17 11 37 41 31 34 30 26 4 47 1 40 32 20 5 45 29 46 8 22 10 19 44 43 25 21
Coste: 52350

GENERACION: 415
Mejor Solucion:  33 38 2 49 36 12 23 16 27 0 6 18 42 15 28 35 24 3 9 13 14 39 7 48 17 11 37 41 31 34 30 26 4 47 1 40 32 20 5 45 29 46 8 22 10 19 44 43 25 21
Coste: 52350

