GENERACION: 1
Mejor Solucion:  60 74 70 98 29 11 83 124 39 116 72 126 112 68 67 23 35 94 52 102 2 17 69 5 31 123 90 40 58 33 122 78 7 3 57 47 25 56 50 10 86 24 62 55 22 66 105 38 65 53 109 28 127 36 46 121 103 104 4 113 9 13 71 43 73 99 42 118 49 84 114 110 85 97 87 27 88 34 91 115 76 61 41 32 101 108 1 93 75 21 20 119 48 14 117 95 51 64 77 26 0 81 120 79 59 92 54 111 19 15 100 82 44 107 16 96 125 6 63 18 106 45 8 89 30 80 37 12
Coste: 282

GENERACION: 2
Mejor Solucion:  60 74 70 98 29 11 83 124 39 116 72 126 112 68 67 23 35 94 52 102 2 17 69 5 31 123 90 40 58 33 122 78 7 3 57 47 25 56 50 10 86 24 62 55 22 66 105 38 65 53 109 28 127 36 46 121 103 104 4 113 9 13 71 43 73 99 42 118 49 84 114 110 85 97 87 27 88 34 91 115 76 61 41 32 101 108 1 93 75 21 20 119 48 14 117 95 51 64 77 26 0 81 120 79 59 92 54 111 19 15 100 82 44 107 16 96 125 6 63 18 106 45 8 89 30 80 37 12
Coste: 282

GENERACION: 3
Mejor Solucion:  60 74 70 98 29 11 83 124 39 116 72 126 112 68 67 23 35 94 52 102 2 17 69 5 31 123 90 40 58 33 122 78 7 3 57 47 25 56 50 10 86 24 62 55 22 66 105 38 65 53 109 28 127 36 46 121 103 104 4 113 9 13 71 43 73 99 42 118 49 84 114 110 85 97 87 27 88 34 91 115 76 61 41 32 101 108 1 93 75 21 20 119 48 14 117 95 51 64 77 26 0 81 120 79 59 92 54 111 19 15 100 82 44 107 16 96 125 6 63 18 106 45 8 89 30 80 37 12
Coste: 282

GENERACION: 4
Mejor Solucion:  60 74 70 98 29 11 83 124 39 116 72 126 112 68 67 23 35 94 52 102 2 17 69 5 31 123 90 40 58 33 122 78 7 3 57 47 25 56 50 10 86 24 62 55 22 66 105 38 65 53 109 28 127 36 46 121 103 104 4 113 9 13 71 43 73 99 42 118 49 84 114 110 85 97 87 27 88 34 91 115 76 61 41 32 101 108 1 93 75 21 20 119 48 14 117 95 51 64 77 26 0 81 120 79 59 92 54 111 19 15 100 82 44 107 16 96 125 6 63 18 106 45 8 89 30 80 37 12
Coste: 282

GENERACION: 5
Mejor Solucion:  60 74 70 98 29 11 83 124 39 116 72 126 112 68 67 23 35 94 52 102 2 17 69 5 31 123 90 40 58 33 122 78 7 3 57 47 25 56 50 10 86 24 62 55 22 66 105 38 65 53 109 28 127 36 46 121 103 104 4 113 9 13 71 43 73 99 42 118 49 84 114 110 85 97 87 27 88 34 91 115 76 61 41 32 101 108 1 93 75 21 20 119 48 14 117 95 51 64 77 26 0 81 120 79 59 92 54 111 19 15 100 82 44 107 16 96 125 6 63 18 106 45 8 89 30 80 37 12
Coste: 282

GENERACION: 6
Mejor Solucion:  60 74 70 98 29 11 83 124 39 116 72 126 112 68 67 23 35 94 52 102 2 17 69 5 31 123 90 40 58 33 122 78 7 3 57 47 25 56 50 10 86 24 62 55 22 66 105 38 65 53 109 28 127 36 46 121 103 104 4 113 9 13 71 43 73 99 42 118 49 84 114 110 85 97 87 27 88 34 91 115 76 61 41 32 101 108 1 93 75 21 20 119 48 14 117 95 51 64 77 26 0 81 120 79 59 92 54 111 19 15 100 82 44 107 16 96 125 6 63 18 106 45 8 89 30 80 37 12
Coste: 282

GENERACION: 7
Mejor Solucion:  60 74 70 98 29 11 83 124 39 116 72 126 112 68 67 23 35 94 52 102 2 17 69 5 31 123 90 40 58 33 122 78 7 3 57 47 25 56 50 10 86 24 62 55 22 66 105 38 65 53 109 28 127 36 46 121 103 104 4 113 9 13 71 43 73 99 42 118 49 84 114 110 85 97 87 27 88 34 91 115 76 61 41 32 101 108 1 93 75 21 20 119 48 14 117 95 51 64 77 26 0 81 120 79 59 92 54 111 19 15 100 82 44 107 16 96 125 6 63 18 106 45 8 89 30 80 37 12
Coste: 282

GENERACION: 8
Mejor Solucion:  60 75 22 108 28 113 83 124 31 121 72 70 29 68 67 23 35 94 0 55 34 17 126 5 4 123 16 40 58 33 122 78 7 3 57 47 12 56 50 10 86 24 62 112 69 66 105 38 65 53 109 52 127 36 46 116 103 104 39 11 9 13 21 43 73 99 42 118 49 106 114 110 85 20 87 27 88 2 91 115 76 61 41 32 101 98 1 93 74 71 125 119 48 14 117 95 51 45 77 26 102 81 120 79 59 92 54 111 19 15 100 82 44 107 90 96 97 6 63 18 84 64 8 89 30 80 37 25
Coste: 280

GENERACION: 9
Mejor Solucion:  60 75 22 108 28 113 83 124 31 121 72 70 29 68 67 23 35 94 0 55 34 17 126 5 4 123 16 40 58 33 122 78 7 3 57 47 12 56 50 10 86 24 62 112 69 66 105 38 65 53 109 52 127 36 46 116 103 104 39 11 9 13 21 43 73 99 42 118 49 106 114 110 85 20 87 27 88 2 91 115 76 61 41 32 101 98 1 93 74 71 125 119 48 14 117 95 51 45 77 26 102 81 120 79 59 92 54 111 19 15 100 82 44 107 90 96 97 6 63 18 84 64 8 89 30 80 37 25
Coste: 280

GENERACION: 10
Mejor Solucion:  60 75 22 108 28 113 83 124 31 121 72 70 29 68 67 23 35 94 0 55 34 17 126 5 4 123 16 40 58 33 122 78 7 3 57 47 12 56 50 10 86 24 62 112 69 66 105 38 65 53 109 52 127 36 46 116 103 104 39 11 9 13 21 43 73 99 42 118 49 106 114 110 85 20 87 27 88 2 91 115 76 61 41 32 101 98 1 93 74 71 125 119 48 14 117 95 51 45 77 26 102 81 120 79 59 92 54 111 19 15 100 82 44 107 90 96 97 6 63 18 84 64 8 89 30 80 37 25
Coste: 280

GENERACION: 11
Mejor Solucion:  60 75 22 108 28 113 83 124 31 121 72 70 29 68 67 23 35 94 0 55 34 17 126 5 4 123 16 40 58 33 122 78 7 3 57 47 12 56 50 10 86 24 62 112 69 66 105 38 65 53 109 52 127 36 46 116 103 104 39 11 9 13 21 43 73 99 42 118 49 106 114 110 85 20 87 27 88 2 91 115 76 61 41 32 101 98 1 93 74 71 125 119 48 14 117 95 51 45 77 26 102 81 120 79 59 92 54 111 19 15 100 82 44 107 90 96 97 6 63 18 84 64 8 89 30 80 37 25
Coste: 280

GENERACION: 12
Mejor Solucion:  60 75 22 108 28 113 83 124 31 121 72 70 29 68 67 23 35 94 0 55 34 17 126 5 4 123 16 40 58 33 122 78 7 3 57 47 12 56 50 10 86 24 62 112 69 66 105 38 65 53 109 52 127 36 46 116 103 104 39 11 9 13 21 43 73 99 42 118 49 106 114 110 85 20 87 27 88 2 91 115 76 61 41 32 101 98 1 93 74 71 125 119 48 14 117 95 51 45 77 26 102 81 120 79 59 92 54 111 19 15 100 82 44 107 90 96 97 6 63 18 84 64 8 89 30 80 37 25
Coste: 280

GENERACION: 13
Mejor Solucion:  60 75 22 108 28 113 83 124 31 121 72 70 29 68 67 23 35 94 0 55 34 17 126 5 4 123 16 40 58 33 122 78 7 3 57 47 12 56 50 10 86 24 62 112 69 66 105 38 65 53 109 52 127 36 46 116 103 104 39 11 9 13 21 43 73 99 42 118 49 106 114 110 85 20 87 27 88 2 91 115 76 61 41 32 101 98 1 93 74 71 125 119 48 14 117 95 51 45 77 26 102 81 120 79 59 92 54 111 19 15 100 82 44 107 90 96 97 6 63 18 84 64 8 89 30 80 37 25
Coste: 280

GENERACION: 14
Mejor Solucion:  60 75 22 108 28 113 83 124 31 121 72 70 29 68 67 23 35 94 0 55 34 17 126 5 4 123 16 40 58 33 122 78 7 3 57 47 12 56 50 10 86 24 62 112 69 66 105 38 65 53 109 52 127 36 46 116 103 104 39 11 9 13 21 43 73 99 42 118 49 106 114 110 85 20 87 27 88 2 91 115 76 61 41 32 101 98 1 93 74 71 125 119 48 14 117 95 51 45 77 26 102 81 120 79 59 92 54 111 19 15 100 82 44 107 90 96 97 6 63 18 84 64 8 89 30 80 37 25
Coste: 280

GENERACION: 15
Mejor Solucion:  60 75 22 108 28 113 83 124 31 121 72 70 29 68 67 23 35 94 0 55 34 17 126 5 4 123 16 40 58 33 122 78 7 3 57 47 12 56 50 10 86 24 62 112 69 66 105 38 65 53 109 52 127 36 46 116 103 104 39 11 9 13 21 43 73 99 42 118 49 106 114 110 85 20 87 27 88 2 91 115 76 61 41 32 101 98 1 93 74 71 125 119 48 14 117 95 51 45 77 26 102 81 120 79 59 92 54 111 19 15 100 82 44 107 90 96 97 6 63 18 84 64 8 89 30 80 37 25
Coste: 280

GENERACION: 16
Mejor Solucion:  60 75 22 108 28 113 83 124 31 121 72 70 29 68 67 23 35 94 0 55 34 17 126 5 4 123 16 40 58 33 122 78 7 3 57 47 12 56 50 10 86 24 62 112 69 66 105 38 65 53 109 52 127 36 46 116 103 104 39 11 9 13 21 43 73 99 42 118 49 106 114 110 85 20 87 27 88 2 91 115 76 61 41 32 101 98 1 93 74 71 125 119 48 14 117 95 51 45 77 26 102 81 120 79 59 92 54 111 19 15 100 82 44 107 90 96 97 6 63 18 84 64 8 89 30 80 37 25
Coste: 280

GENERACION: 17
Mejor Solucion:  60 75 22 108 28 113 83 124 31 121 72 70 29 68 67 23 35 94 0 55 34 17 126 5 4 123 16 40 58 33 122 78 7 3 57 47 12 56 50 10 86 24 62 112 69 66 105 38 65 53 109 52 127 36 46 116 103 104 39 11 9 13 21 43 73 99 42 118 49 106 114 110 85 20 87 27 88 2 91 115 76 61 41 32 101 98 1 93 74 71 125 119 48 14 117 95 51 45 77 26 102 81 120 79 59 92 54 111 19 15 100 82 44 107 90 96 97 6 63 18 84 64 8 89 30 80 37 25
Coste: 280

GENERACION: 18
Mejor Solucion:  60 75 22 108 28 113 83 124 31 121 72 70 29 68 67 23 35 94 0 55 34 17 126 5 4 123 16 40 58 33 122 78 7 3 57 47 12 56 50 10 86 24 62 112 69 66 105 38 65 53 109 52 127 36 46 116 103 104 39 11 9 13 21 43 73 99 42 118 49 106 114 110 85 20 87 27 88 2 91 115 76 61 41 32 101 98 1 93 74 71 125 119 48 14 117 95 51 45 77 26 102 81 120 79 59 92 54 111 19 15 100 82 44 107 90 96 97 6 63 18 84 64 8 89 30 80 37 25
Coste: 280

GENERACION: 19
Mejor Solucion:  60 75 22 108 28 113 83 124 31 121 72 70 29 68 67 23 35 94 0 55 34 17 126 5 4 123 16 40 58 33 122 78 7 3 57 47 12 56 50 10 86 24 62 112 69 66 105 38 65 53 109 52 127 36 46 116 103 104 39 11 9 13 21 43 73 99 42 118 49 106 114 110 85 20 87 27 88 2 91 115 76 61 41 32 101 98 1 93 74 71 125 119 48 14 117 95 51 45 77 26 102 81 120 79 59 92 54 111 19 15 100 82 44 107 90 96 97 6 63 18 84 64 8 89 30 80 37 25
Coste: 280

GENERACION: 20
Mejor Solucion:  60 75 22 108 28 113 83 124 31 121 72 70 29 68 67 23 35 94 0 55 34 17 126 5 4 123 16 40 58 33 122 78 7 3 57 47 12 56 50 10 86 24 62 112 69 66 105 38 65 53 109 52 127 36 46 116 103 104 39 11 9 13 21 43 73 99 42 118 49 106 114 110 85 20 87 27 88 2 91 115 76 61 41 32 101 98 1 93 74 71 125 119 48 14 117 95 51 45 77 26 102 81 120 79 59 92 54 111 19 15 100 82 44 107 90 96 97 6 63 18 84 64 8 89 30 80 37 25
Coste: 280

GENERACION: 21
Mejor Solucion:  60 75 22 108 28 113 83 124 31 121 72 70 29 68 67 23 35 94 0 55 34 17 126 5 4 123 16 40 58 33 122 78 7 3 57 47 12 56 50 10 86 24 62 112 69 66 105 38 65 53 109 52 127 36 46 116 103 104 39 11 9 13 21 43 73 99 42 118 49 106 114 110 85 20 87 27 88 2 91 115 76 61 41 32 101 98 1 93 74 71 125 119 48 14 117 95 51 45 77 26 102 81 120 79 59 92 54 111 19 15 100 82 44 107 90 96 97 6 63 18 84 64 8 89 30 80 37 25
Coste: 280

GENERACION: 22
Mejor Solucion:  60 75 22 108 28 113 83 124 31 121 72 70 29 68 67 23 35 94 0 55 34 17 126 5 4 123 16 40 58 33 122 78 7 3 57 47 12 56 50 10 86 24 62 112 69 66 105 38 65 53 109 52 127 36 46 116 103 104 39 11 9 13 21 43 73 99 42 118 49 106 114 110 85 20 87 27 88 2 91 115 76 61 41 32 101 98 1 93 74 71 125 119 48 14 117 95 51 45 77 26 102 81 120 79 59 92 54 111 19 15 100 82 44 107 90 96 97 6 63 18 84 64 8 89 30 80 37 25
Coste: 280

GENERACION: 23
Mejor Solucion:  60 75 22 108 28 113 83 124 31 121 72 70 29 68 67 23 35 94 0 55 34 17 126 5 4 123 16 40 58 33 122 78 7 3 57 47 12 56 50 10 86 24 62 112 69 66 105 38 65 53 109 52 127 36 46 116 103 104 39 11 9 13 21 43 73 99 42 118 49 106 114 110 85 20 87 27 88 2 91 115 76 61 41 32 101 98 1 93 74 71 125 119 48 14 117 95 51 45 77 26 102 81 120 79 59 92 54 111 19 15 100 82 44 107 90 96 97 6 63 18 84 64 8 89 30 80 37 25
Coste: 280

GENERACION: 24
Mejor Solucion:  60 75 22 108 28 113 83 124 31 121 72 70 29 68 67 23 35 94 0 55 34 17 126 5 4 123 16 40 58 33 122 78 7 3 57 47 12 56 50 10 86 24 62 112 69 66 105 38 65 53 109 52 127 36 46 116 103 104 39 11 9 13 21 43 73 99 42 118 49 106 114 110 85 20 87 27 88 2 91 115 76 61 41 32 101 98 1 93 74 71 125 119 48 14 117 95 51 45 77 26 102 81 120 79 59 92 54 111 19 15 100 82 44 107 90 96 97 6 63 18 84 64 8 89 30 80 37 25
Coste: 280

GENERACION: 25
Mejor Solucion:  60 75 22 108 28 113 83 124 31 121 72 70 29 68 67 23 35 94 0 55 34 17 126 5 4 123 16 40 58 33 122 78 7 3 57 47 12 56 50 10 86 24 62 112 69 66 105 38 65 53 109 52 127 36 46 116 103 104 39 11 9 13 21 43 73 99 42 118 49 106 114 110 85 20 87 27 88 2 91 115 76 61 41 32 101 98 1 93 74 71 125 119 48 14 117 95 51 45 77 26 102 81 120 79 59 92 54 111 19 15 100 82 44 107 90 96 97 6 63 18 84 64 8 89 30 80 37 25
Coste: 280

GENERACION: 26
Mejor Solucion:  60 75 22 108 28 113 83 124 31 121 72 70 29 68 67 23 35 94 0 55 34 17 126 5 4 123 16 40 58 33 122 78 7 3 57 47 12 56 50 10 86 24 62 112 69 66 105 38 65 53 109 52 127 36 46 116 103 104 39 11 9 13 21 43 73 99 42 118 49 106 114 110 85 20 87 27 88 2 91 115 76 61 41 32 101 98 1 93 74 71 125 119 48 14 117 95 51 45 77 26 102 81 120 79 59 92 54 111 19 15 100 82 44 107 90 96 97 6 63 18 84 64 8 89 30 80 37 25
Coste: 280

GENERACION: 27
Mejor Solucion:  4 44 60 14 0 117 111 77 115 7 10 62 59 99 29 65 95 24 96 23 90 104 126 102 27 123 16 76 51 78 110 113 69 118 12 11 33 66 13 82 21 106 41 89 109 3 61 119 79 86 55 112 127 98 58 50 38 81 22 101 107 46 124 6 25 57 80 45 43 8 116 91 73 100 114 64 32 54 120 40 71 39 42 30 5 9 63 15 87 103 17 56 48 35 47 26 125 83 18 93 2 75 68 31 37 108 36 1 67 49 97 72 84 53 122 19 92 28 52 74 34 88 105 94 20 85 121 70
Coste: 277

GENERACION: 28
Mejor Solucion:  4 44 60 14 0 117 111 49 115 7 10 62 59 99 29 65 95 108 36 23 90 104 47 21 27 123 16 76 51 78 110 113 69 118 37 11 33 66 13 73 102 106 41 89 109 3 61 119 79 86 55 71 127 98 58 50 38 81 22 101 48 46 124 6 25 57 80 45 24 8 116 91 82 100 114 64 32 54 120 40 112 39 42 63 5 9 30 15 87 103 17 56 43 35 126 26 125 83 18 93 2 75 88 31 12 107 68 1 67 77 97 72 84 53 122 19 92 28 52 74 34 96 105 94 20 85 121 70
Coste: 259

GENERACION: 29
Mejor Solucion:  4 44 60 14 0 117 111 49 115 7 10 62 59 99 29 65 95 108 36 23 90 104 47 21 27 123 16 76 51 78 110 113 69 118 37 11 33 66 13 73 102 106 41 89 109 3 61 119 79 86 55 71 127 98 58 50 38 81 22 101 48 46 124 6 25 57 80 45 24 8 116 91 82 100 114 64 32 54 120 40 112 39 42 63 5 9 30 15 87 103 17 56 43 35 126 26 125 83 18 93 2 75 88 31 12 107 68 1 67 77 97 72 84 53 122 19 92 28 52 74 34 96 105 94 20 85 121 70
Coste: 259

GENERACION: 30
Mejor Solucion:  4 44 60 14 0 117 111 49 115 7 10 62 59 99 29 65 95 108 36 23 90 104 47 21 27 123 16 76 51 78 110 113 69 118 37 11 33 66 13 73 102 106 41 89 109 3 61 119 79 86 55 71 127 98 58 50 38 81 22 101 48 46 124 6 25 57 80 45 24 8 116 91 82 100 114 64 32 54 120 40 112 39 42 63 5 9 30 15 87 103 17 56 43 35 126 26 125 83 18 93 2 75 88 31 12 107 68 1 67 77 97 72 84 53 122 19 92 28 52 74 34 96 105 94 20 85 121 70
Coste: 259

GENERACION: 31
Mejor Solucion:  4 44 60 14 0 117 111 49 115 7 10 62 59 99 29 65 95 108 36 23 90 104 47 21 27 123 16 76 51 78 110 113 69 118 37 11 33 66 13 73 102 106 41 89 109 3 61 119 79 86 55 71 127 98 58 50 38 81 22 101 48 46 124 6 25 57 80 45 24 8 116 91 82 100 114 64 32 54 120 40 112 39 42 63 5 9 30 15 87 103 17 56 43 35 126 26 125 83 18 93 2 75 88 31 12 107 68 1 67 77 97 72 84 53 122 19 92 28 52 74 34 96 105 94 20 85 121 70
Coste: 259

GENERACION: 32
Mejor Solucion:  4 44 108 90 72 117 111 49 55 7 10 62 59 99 29 65 95 60 121 23 14 67 47 26 27 123 33 76 51 0 110 113 69 118 37 11 16 66 13 73 38 106 41 89 109 3 93 119 79 86 82 71 127 85 58 50 102 56 22 101 48 46 124 6 81 57 80 45 24 8 116 91 115 100 114 64 32 125 120 40 1 39 42 63 5 9 30 15 87 103 17 25 43 35 126 21 54 83 18 61 2 75 88 31 12 107 68 112 104 77 97 78 84 53 122 19 92 28 52 74 34 96 105 94 20 98 36 70
Coste: 258

GENERACION: 33
Mejor Solucion:  4 44 108 90 72 117 111 49 55 7 10 62 59 99 29 65 95 60 121 23 14 67 47 26 27 123 33 76 51 0 110 113 69 118 37 11 16 66 13 73 38 106 41 89 109 3 93 119 79 86 82 71 127 85 58 50 102 56 22 101 48 46 124 6 81 57 80 45 24 8 116 91 115 100 114 64 32 125 120 40 1 39 42 63 5 9 30 15 87 103 17 25 43 35 126 21 54 83 18 61 2 75 88 31 12 107 68 112 104 77 97 78 84 53 122 19 92 28 52 74 34 96 105 94 20 98 36 70
Coste: 258

GENERACION: 34
Mejor Solucion:  4 44 108 90 72 117 111 49 55 7 10 62 59 99 29 65 95 60 121 23 14 67 47 26 27 123 33 76 51 0 110 113 69 118 37 11 16 66 13 73 38 106 41 89 109 3 93 119 79 86 82 71 127 85 58 50 102 56 22 101 48 46 124 6 81 57 80 45 24 8 116 91 115 100 114 64 32 125 120 40 1 39 42 63 5 9 30 15 87 103 17 25 43 35 126 21 54 83 18 61 2 75 88 31 12 107 68 112 104 77 97 78 84 53 122 19 92 28 52 74 34 96 105 94 20 98 36 70
Coste: 258

GENERACION: 35
Mejor Solucion:  4 44 108 90 72 117 111 49 55 7 10 62 59 99 29 65 95 60 121 23 14 67 47 26 27 123 33 76 51 0 110 113 69 118 37 11 16 66 13 73 38 106 41 89 109 3 93 119 79 86 82 71 127 85 58 50 102 56 22 101 48 46 124 6 81 57 80 45 24 8 116 91 115 100 114 64 32 125 120 40 1 39 42 63 5 9 30 15 87 103 17 25 43 35 126 21 54 83 18 61 2 75 88 31 12 107 68 112 104 77 97 78 84 53 122 19 92 28 52 74 34 96 105 94 20 98 36 70
Coste: 258

GENERACION: 36
Mejor Solucion:  4 44 108 90 72 117 111 49 55 7 10 62 59 99 29 65 95 60 121 23 14 67 47 26 27 123 33 76 51 0 110 113 69 118 37 11 16 66 13 73 38 106 41 89 109 3 93 119 79 86 82 71 127 85 58 50 102 56 22 101 48 46 124 6 81 57 80 45 24 8 116 91 115 100 114 64 32 125 120 40 1 39 42 63 5 9 30 15 87 103 17 25 43 35 126 21 54 83 18 61 2 75 88 31 12 107 68 112 104 77 97 78 84 53 122 19 92 28 52 74 34 96 105 94 20 98 36 70
Coste: 258

GENERACION: 37
Mejor Solucion:  4 44 108 90 72 117 111 49 55 7 10 62 59 99 29 65 95 60 121 23 14 67 47 26 27 123 33 76 51 0 110 113 69 118 37 11 16 66 13 73 38 106 41 89 109 3 93 119 79 86 82 71 127 85 58 50 102 56 22 101 48 46 124 6 81 57 80 45 24 8 116 91 115 100 114 64 32 125 120 40 1 39 42 63 5 9 30 15 87 103 17 25 43 35 126 21 54 83 18 61 2 75 88 31 12 107 68 112 104 77 97 78 84 53 122 19 92 28 52 74 34 96 105 94 20 98 36 70
Coste: 258

GENERACION: 38
Mejor Solucion:  4 44 108 90 72 117 111 49 55 7 10 62 59 99 29 65 95 60 121 23 14 67 47 26 27 123 33 76 51 0 110 113 69 118 37 11 16 66 13 73 38 106 41 89 109 3 93 119 79 86 82 71 127 85 58 50 102 56 22 101 48 46 124 6 81 57 80 45 24 8 116 91 115 100 114 64 32 125 120 40 1 39 42 63 5 9 30 15 87 103 17 25 43 35 126 21 54 83 18 61 2 75 88 31 12 107 68 112 104 77 97 78 84 53 122 19 92 28 52 74 34 96 105 94 20 98 36 70
Coste: 258

GENERACION: 39
Mejor Solucion:  4 44 108 90 72 117 111 49 55 7 10 62 59 99 29 65 95 60 121 23 14 67 47 26 27 123 33 76 51 0 110 113 69 118 37 11 16 66 13 73 38 106 41 89 109 3 93 119 79 86 82 71 127 85 58 50 102 56 22 101 48 46 124 6 81 57 80 45 24 8 116 91 115 100 114 64 32 125 120 40 1 39 42 63 5 9 30 15 87 103 17 25 43 35 126 21 54 83 18 61 2 75 88 31 12 107 68 112 104 77 97 78 84 53 122 19 92 28 52 74 34 96 105 94 20 98 36 70
Coste: 258

GENERACION: 40
Mejor Solucion:  4 44 108 90 72 117 111 49 55 7 10 62 59 99 29 65 95 60 121 23 14 67 47 26 27 123 33 76 51 0 110 113 69 118 37 11 16 66 13 73 38 106 41 89 109 3 93 119 79 86 82 71 127 85 58 50 102 56 22 101 48 46 124 6 81 57 80 45 24 8 116 91 115 100 114 64 32 125 120 40 1 39 42 63 5 9 30 15 87 103 17 25 43 35 126 21 54 83 18 61 2 75 88 31 12 107 68 112 104 77 97 78 84 53 122 19 92 28 52 74 34 96 105 94 20 98 36 70
Coste: 258

GENERACION: 41
Mejor Solucion:  4 44 108 90 72 117 111 49 55 7 10 62 59 99 29 65 95 60 121 23 14 67 47 26 27 123 33 76 51 0 110 113 69 118 37 11 16 66 13 73 38 106 41 89 109 3 93 119 79 86 82 71 127 85 58 50 102 56 22 101 48 46 124 6 81 57 80 45 24 8 116 91 115 100 114 64 32 125 120 40 1 39 42 63 5 9 30 15 87 103 17 25 43 35 126 21 54 83 18 61 2 75 88 31 12 107 68 112 104 77 97 78 84 53 122 19 92 28 52 74 34 96 105 94 20 98 36 70
Coste: 258

GENERACION: 42
Mejor Solucion:  4 44 108 90 72 117 111 49 55 7 10 62 59 99 29 65 95 60 121 23 14 67 47 26 27 123 33 76 51 0 110 113 69 118 37 11 16 66 13 73 38 106 41 89 109 3 93 119 79 86 82 71 127 85 58 50 102 56 22 101 48 46 124 6 81 57 80 45 24 8 116 91 115 100 114 64 32 125 120 40 1 39 42 63 5 9 30 15 87 103 17 25 43 35 126 21 54 83 18 61 2 75 88 31 12 107 68 112 104 77 97 78 84 53 122 19 92 28 52 74 34 96 105 94 20 98 36 70
Coste: 258

GENERACION: 43
Mejor Solucion:  4 44 108 90 72 117 111 49 55 7 10 62 59 99 29 65 95 60 121 23 14 67 47 26 27 123 33 76 51 0 110 113 69 118 37 11 16 66 13 73 38 106 41 89 109 3 93 119 79 86 82 71 127 85 58 50 102 56 22 101 48 46 124 6 81 57 80 45 24 8 116 91 115 100 114 64 32 125 120 40 1 39 42 63 5 9 30 15 87 103 17 25 43 35 126 21 54 83 18 61 2 75 88 31 12 107 68 112 104 77 97 78 84 53 122 19 92 28 52 74 34 96 105 94 20 98 36 70
Coste: 258

GENERACION: 44
Mejor Solucion:  4 44 108 90 72 117 111 49 55 7 10 62 59 99 29 65 95 60 121 23 14 67 47 26 27 123 33 76 51 0 110 113 69 118 37 11 16 66 13 73 38 106 41 89 109 3 93 119 79 86 82 71 127 85 58 50 102 56 22 101 48 46 124 6 81 57 80 45 24 8 116 91 115 100 114 64 32 125 120 40 1 39 42 63 5 9 30 15 87 103 17 25 43 35 126 21 54 83 18 61 2 75 88 31 12 107 68 112 104 77 97 78 84 53 122 19 92 28 52 74 34 96 105 94 20 98 36 70
Coste: 258

GENERACION: 45
Mejor Solucion:  4 44 108 90 72 117 111 49 55 7 10 62 59 99 29 65 95 60 121 23 14 67 47 26 27 123 33 76 51 0 110 113 69 118 37 11 16 66 13 73 38 106 41 89 109 3 93 119 79 86 82 71 127 85 58 50 102 56 22 101 48 46 124 6 81 57 80 45 24 8 116 91 115 100 114 64 32 125 120 40 1 39 42 63 5 9 30 15 87 103 17 25 43 35 126 21 54 83 18 61 2 75 88 31 12 107 68 112 104 77 97 78 84 53 122 19 92 28 52 74 34 96 105 94 20 98 36 70
Coste: 258

GENERACION: 46
Mejor Solucion:  4 44 108 90 72 117 111 49 55 7 10 62 59 99 29 65 95 60 121 23 14 67 47 26 27 123 33 76 51 0 110 113 69 118 37 11 16 66 13 73 38 106 41 89 109 3 93 119 79 86 82 71 127 85 58 50 102 56 22 101 48 46 124 6 81 57 80 45 24 8 116 91 115 100 114 64 32 125 120 40 1 39 42 63 5 9 30 15 87 103 17 25 43 35 126 21 54 83 18 61 2 75 88 31 12 107 68 112 104 77 97 78 84 53 122 19 92 28 52 74 34 96 105 94 20 98 36 70
Coste: 258

GENERACION: 47
Mejor Solucion:  4 44 108 90 72 117 111 49 55 7 10 62 59 99 29 65 95 60 121 23 14 67 47 26 27 123 33 76 51 0 110 113 69 118 37 11 16 66 13 73 38 106 41 89 109 3 93 119 79 86 82 71 127 85 58 50 102 56 22 101 48 46 124 6 81 57 80 45 24 8 116 91 115 100 114 64 32 125 120 40 1 39 42 63 5 9 30 15 87 103 17 25 43 35 126 21 54 83 18 61 2 75 88 31 12 107 68 112 104 77 97 78 84 53 122 19 92 28 52 74 34 96 105 94 20 98 36 70
Coste: 258

GENERACION: 48
Mejor Solucion:  4 44 108 90 72 117 111 49 55 7 10 62 59 99 29 65 95 60 121 23 14 67 47 26 27 123 33 76 51 0 110 113 69 118 37 11 16 66 13 73 38 106 41 89 109 3 93 119 79 86 82 71 127 85 58 50 102 56 22 101 48 46 124 6 81 57 80 45 24 8 116 91 115 100 114 64 32 125 120 40 1 39 42 63 5 9 30 15 87 103 17 25 43 35 126 21 54 83 18 61 2 75 88 31 12 107 68 112 104 77 97 78 84 53 122 19 92 28 52 74 34 96 105 94 20 98 36 70
Coste: 258

GENERACION: 49
Mejor Solucion:  4 44 108 90 72 117 111 49 55 7 10 62 59 99 29 65 95 60 121 23 14 67 47 26 27 123 33 76 51 0 110 113 69 118 37 11 16 66 13 73 38 106 41 89 109 3 93 119 79 86 82 71 127 85 58 50 102 56 22 101 48 46 124 6 81 57 80 45 24 8 116 91 115 100 114 64 32 125 120 40 1 39 42 63 5 9 30 15 87 103 17 25 43 35 126 21 54 83 18 61 2 75 88 31 12 107 68 112 104 77 97 78 84 53 122 19 92 28 52 74 34 96 105 94 20 98 36 70
Coste: 258

GENERACION: 50
Mejor Solucion:  4 44 108 90 72 117 111 49 55 7 10 62 59 99 29 65 95 60 121 23 14 67 47 26 27 123 33 76 51 0 110 113 69 118 37 11 16 66 13 73 38 106 41 89 109 3 93 119 79 86 82 71 127 85 58 50 102 56 22 101 48 46 124 6 81 57 80 45 24 8 116 91 115 100 114 64 32 125 120 40 1 39 42 63 5 9 30 15 87 103 17 25 43 35 126 21 54 83 18 61 2 75 88 31 12 107 68 112 104 77 97 78 84 53 122 19 92 28 52 74 34 96 105 94 20 98 36 70
Coste: 258

GENERACION: 51
Mejor Solucion:  4 44 108 90 72 117 111 49 55 7 10 62 59 99 29 65 95 60 121 23 14 67 47 26 27 123 33 76 51 0 110 113 69 118 37 11 16 66 13 73 38 106 41 89 109 3 93 119 79 86 82 71 127 85 58 50 102 56 22 101 48 46 124 6 81 57 80 45 24 8 116 91 115 100 114 64 32 125 120 40 1 39 42 63 5 9 30 15 87 103 17 25 43 35 126 21 54 83 18 61 2 75 88 31 12 107 68 112 104 77 97 78 84 53 122 19 92 28 52 74 34 96 105 94 20 98 36 70
Coste: 258

GENERACION: 52
Mejor Solucion:  4 44 108 90 72 117 111 49 55 7 10 62 59 99 29 65 95 60 121 23 14 67 47 26 27 123 33 76 51 0 110 113 69 118 37 11 16 66 13 73 38 106 41 89 109 3 93 119 79 86 82 71 127 85 58 50 102 56 22 101 48 46 124 6 81 57 80 45 24 8 116 91 115 100 114 64 32 125 120 40 1 39 42 63 5 9 30 15 87 103 17 25 43 35 126 21 54 83 18 61 2 75 88 31 12 107 68 112 104 77 97 78 84 53 122 19 92 28 52 74 34 96 105 94 20 98 36 70
Coste: 258

GENERACION: 53
Mejor Solucion:  4 44 108 90 72 117 111 49 55 7 10 62 59 99 29 65 95 60 121 23 14 67 47 26 27 123 33 76 51 0 110 113 69 118 37 11 16 66 13 73 38 106 41 89 109 3 93 119 79 86 82 71 127 85 58 50 102 56 22 101 48 46 124 6 81 57 80 45 24 8 116 91 115 100 114 64 32 125 120 40 1 39 42 63 5 9 30 15 87 103 17 25 43 35 126 21 54 83 18 61 2 75 88 31 12 107 68 112 104 77 97 78 84 53 122 19 92 28 52 74 34 96 105 94 20 98 36 70
Coste: 258

GENERACION: 54
Mejor Solucion:  4 44 108 90 72 117 111 49 55 7 10 62 59 99 29 65 95 60 121 23 14 67 47 26 27 123 33 76 51 0 110 113 69 118 37 11 16 66 13 73 38 106 41 89 109 3 93 119 79 86 82 71 127 85 58 50 102 56 22 101 48 46 124 6 81 57 80 45 24 8 116 91 115 100 114 64 32 125 120 40 1 39 42 63 5 9 30 15 87 103 17 25 43 35 126 21 54 83 18 61 2 75 88 31 12 107 68 112 104 77 97 78 84 53 122 19 92 28 52 74 34 96 105 94 20 98 36 70
Coste: 258

GENERACION: 55
Mejor Solucion:  4 44 108 90 72 117 111 49 55 7 10 62 59 99 29 65 95 60 121 23 14 67 47 26 27 123 33 76 51 0 110 113 69 118 37 11 16 66 13 73 38 106 41 89 109 3 93 119 79 86 82 71 127 85 58 50 102 56 22 101 48 46 124 6 81 57 80 45 24 8 116 91 115 100 114 64 32 125 120 40 1 39 42 63 5 9 30 15 87 103 17 25 43 35 126 21 54 83 18 61 2 75 88 31 12 107 68 112 104 77 97 78 84 53 122 19 92 28 52 74 34 96 105 94 20 98 36 70
Coste: 258

GENERACION: 56
Mejor Solucion:  4 44 108 90 72 117 111 49 55 7 10 62 59 99 29 65 95 60 121 23 14 67 47 26 27 123 33 76 51 0 110 113 69 118 37 11 16 66 13 73 38 106 41 89 109 3 93 119 79 86 82 71 127 85 58 50 102 56 22 101 48 46 124 6 81 57 80 45 24 8 116 91 115 100 114 64 32 125 120 40 1 39 42 63 5 9 30 15 87 103 17 25 43 35 126 21 54 83 18 61 2 75 88 31 12 107 68 112 104 77 97 78 84 53 122 19 92 28 52 74 34 96 105 94 20 98 36 70
Coste: 258

GENERACION: 57
Mejor Solucion:  4 44 108 90 72 117 111 49 55 7 10 62 59 99 29 65 95 60 121 23 14 67 47 26 27 123 33 76 51 0 110 113 69 118 37 11 16 66 13 73 38 106 41 89 109 3 93 119 79 86 82 71 127 85 58 50 102 56 22 101 48 46 124 6 81 57 80 45 24 8 116 91 115 100 114 64 32 125 120 40 1 39 42 63 5 9 30 15 87 103 17 25 43 35 126 21 54 83 18 61 2 75 88 31 12 107 68 112 104 77 97 78 84 53 122 19 92 28 52 74 34 96 105 94 20 98 36 70
Coste: 258

GENERACION: 58
Mejor Solucion:  4 44 108 90 72 117 111 49 55 7 10 62 59 99 29 65 95 60 121 23 14 67 47 26 27 123 33 76 51 0 110 113 69 118 37 11 16 66 13 73 38 106 41 89 109 3 93 119 79 86 82 71 127 85 58 50 102 56 22 101 48 46 124 6 81 57 80 45 24 8 116 91 115 100 114 64 32 125 120 40 1 39 42 63 5 9 30 15 87 103 17 25 43 35 126 21 54 83 18 61 2 75 88 31 12 107 68 112 104 77 97 78 84 53 122 19 92 28 52 74 34 96 105 94 20 98 36 70
Coste: 258

GENERACION: 59
Mejor Solucion:  4 44 108 90 72 117 111 49 55 7 10 62 59 99 29 65 95 60 121 23 14 67 47 26 27 123 33 76 51 0 110 113 69 118 37 11 16 66 13 73 38 106 41 89 109 3 93 119 79 86 82 71 127 85 58 50 102 56 22 101 48 46 124 6 81 57 80 45 24 8 116 91 115 100 114 64 32 125 120 40 1 39 42 63 5 9 30 15 87 103 17 25 43 35 126 21 54 83 18 61 2 75 88 31 12 107 68 112 104 77 97 78 84 53 122 19 92 28 52 74 34 96 105 94 20 98 36 70
Coste: 258

GENERACION: 60
Mejor Solucion:  4 44 108 90 72 117 111 49 55 7 10 62 59 99 29 65 95 60 121 23 14 67 47 26 27 123 33 76 51 0 110 113 69 118 37 11 16 66 13 73 38 106 41 89 109 3 93 119 79 86 82 71 127 85 58 50 102 56 22 101 48 46 124 6 81 57 80 45 24 8 116 91 115 100 114 64 32 125 120 40 1 39 42 63 5 9 30 15 87 103 17 25 43 35 126 21 54 83 18 61 2 75 88 31 12 107 68 112 104 77 97 78 84 53 122 19 92 28 52 74 34 96 105 94 20 98 36 70
Coste: 258

GENERACION: 61
Mejor Solucion:  4 44 108 90 72 117 111 49 55 7 10 62 59 99 29 65 95 60 121 23 14 67 47 26 27 123 33 76 51 0 110 113 69 118 37 11 16 66 13 73 38 106 41 89 109 3 93 119 79 86 82 71 127 85 58 50 102 56 22 101 48 46 124 6 81 57 80 45 24 8 116 91 115 100 114 64 32 125 120 40 1 39 42 63 5 9 30 15 87 103 17 25 43 35 126 21 54 83 18 61 2 75 88 31 12 107 68 112 104 77 97 78 84 53 122 19 92 28 52 74 34 96 105 94 20 98 36 70
Coste: 258

GENERACION: 62
Mejor Solucion:  4 44 108 90 72 117 111 49 55 7 10 62 59 99 29 65 95 60 121 23 14 67 47 26 27 123 33 76 51 0 110 113 69 118 37 11 16 66 13 73 38 106 41 89 109 3 93 119 79 86 82 71 127 85 58 50 102 56 22 101 48 46 124 6 81 57 80 45 24 8 116 91 115 100 114 64 32 125 120 40 1 39 42 63 5 9 30 15 87 103 17 25 43 35 126 21 54 83 18 61 2 75 88 31 12 107 68 112 104 77 97 78 84 53 122 19 92 28 52 74 34 96 105 94 20 98 36 70
Coste: 258

GENERACION: 63
Mejor Solucion:  4 44 108 90 72 117 111 49 55 7 10 62 59 99 29 65 95 60 121 23 14 67 47 26 27 123 33 76 51 0 110 113 69 118 37 11 16 66 13 73 38 106 41 89 109 3 93 119 79 86 82 71 127 85 58 50 102 56 22 101 48 46 124 6 81 57 80 45 24 8 116 91 115 100 114 64 32 125 120 40 1 39 42 63 5 9 30 15 87 103 17 25 43 35 126 21 54 83 18 61 2 75 88 31 12 107 68 112 104 77 97 78 84 53 122 19 92 28 52 74 34 96 105 94 20 98 36 70
Coste: 258

GENERACION: 64
Mejor Solucion:  4 44 108 90 72 117 111 49 55 7 10 62 59 99 29 65 95 60 121 23 14 67 47 26 27 123 33 76 51 0 110 113 69 118 37 11 16 66 13 73 38 106 41 89 109 3 93 119 79 86 82 71 127 85 58 50 102 56 22 101 48 46 124 6 81 57 80 45 24 8 116 91 115 100 114 64 32 125 120 40 1 39 42 63 5 9 30 15 87 103 17 25 43 35 126 21 54 83 18 61 2 75 88 31 12 107 68 112 104 77 97 78 84 53 122 19 92 28 52 74 34 96 105 94 20 98 36 70
Coste: 258

GENERACION: 65
Mejor Solucion:  4 44 108 90 72 117 111 49 55 7 10 62 59 99 29 65 95 60 121 23 14 67 47 26 27 123 33 76 51 0 110 113 69 118 37 11 16 66 13 73 38 106 41 89 109 3 93 119 79 86 82 71 127 85 58 50 102 56 22 101 48 46 124 6 81 57 80 45 24 8 116 91 115 100 114 64 32 125 120 40 1 39 42 63 5 9 30 15 87 103 17 25 43 35 126 21 54 83 18 61 2 75 88 31 12 107 68 112 104 77 97 78 84 53 122 19 92 28 52 74 34 96 105 94 20 98 36 70
Coste: 258

GENERACION: 66
Mejor Solucion:  4 44 108 90 72 117 111 49 55 7 10 62 59 99 29 65 95 60 121 23 14 67 47 26 27 123 33 76 51 0 110 113 69 118 37 11 16 66 13 73 38 106 41 89 109 3 93 119 79 86 82 71 127 85 58 50 102 56 22 101 48 46 124 6 81 57 80 45 24 8 116 91 115 100 114 64 32 125 120 40 1 39 42 63 5 9 30 15 87 103 17 25 43 35 126 21 54 83 18 61 2 75 88 31 12 107 68 112 104 77 97 78 84 53 122 19 92 28 52 74 34 96 105 94 20 98 36 70
Coste: 258

GENERACION: 67
Mejor Solucion:  4 44 108 90 72 117 111 49 55 7 10 62 59 99 29 65 95 60 121 23 14 67 47 26 27 123 33 76 51 0 110 113 69 118 37 11 16 66 13 73 38 106 41 89 109 3 93 119 79 86 82 71 127 85 58 50 102 56 22 101 48 46 124 6 81 57 80 45 24 8 116 91 115 100 114 64 32 125 120 40 1 39 42 63 5 9 30 15 87 103 17 25 43 35 126 21 54 83 18 61 2 75 88 31 12 107 68 112 104 77 97 78 84 53 122 19 92 28 52 74 34 96 105 94 20 98 36 70
Coste: 258

GENERACION: 68
Mejor Solucion:  4 44 108 90 72 117 111 49 55 7 10 62 59 99 29 65 95 60 121 23 14 67 47 26 27 123 33 76 51 0 110 113 69 118 37 11 16 66 13 73 38 106 41 89 109 3 93 119 79 86 82 71 127 85 58 50 102 56 22 101 48 46 124 6 81 57 80 45 24 8 116 91 115 100 114 64 32 125 120 40 1 39 42 63 5 9 30 15 87 103 17 25 43 35 126 21 54 83 18 61 2 75 88 31 12 107 68 112 104 77 97 78 84 53 122 19 92 28 52 74 34 96 105 94 20 98 36 70
Coste: 258

GENERACION: 69
Mejor Solucion:  4 44 108 90 72 117 111 49 55 7 10 62 59 99 29 65 95 60 121 23 14 67 47 26 27 123 33 76 51 0 110 113 69 118 37 11 16 66 13 73 38 106 41 89 109 3 93 119 79 86 82 71 127 85 58 50 102 56 22 101 48 46 124 6 81 57 80 45 24 8 116 91 115 100 114 64 32 125 120 40 1 39 42 63 5 9 30 15 87 103 17 25 43 35 126 21 54 83 18 61 2 75 88 31 12 107 68 112 104 77 97 78 84 53 122 19 92 28 52 74 34 96 105 94 20 98 36 70
Coste: 258

GENERACION: 70
Mejor Solucion:  4 44 108 90 72 117 111 49 55 7 10 62 59 99 29 65 95 60 121 23 14 67 47 26 27 123 33 76 51 0 110 113 69 118 37 11 16 66 13 73 38 106 41 89 109 3 93 119 79 86 82 71 127 85 58 50 102 56 22 101 48 46 124 6 81 57 80 45 24 8 116 91 115 100 114 64 32 125 120 40 1 39 42 63 5 9 30 15 87 103 17 25 43 35 126 21 54 83 18 61 2 75 88 31 12 107 68 112 104 77 97 78 84 53 122 19 92 28 52 74 34 96 105 94 20 98 36 70
Coste: 258

GENERACION: 71
Mejor Solucion:  4 44 108 90 72 117 111 49 55 7 10 62 59 99 29 65 95 60 121 23 14 67 47 26 27 123 33 76 51 0 110 113 69 118 37 11 16 66 13 73 38 106 41 89 109 3 93 119 79 86 82 71 127 85 58 50 102 56 22 101 48 46 124 6 81 57 80 45 24 8 116 91 115 100 114 64 32 125 120 40 1 39 42 63 5 9 30 15 87 103 17 25 43 35 126 21 54 83 18 61 2 75 88 31 12 107 68 112 104 77 97 78 84 53 122 19 92 28 52 74 34 96 105 94 20 98 36 70
Coste: 258

GENERACION: 72
Mejor Solucion:  4 44 108 90 72 117 111 49 55 7 10 62 59 99 29 65 95 60 121 23 14 67 47 26 27 123 33 76 51 0 110 113 69 118 37 11 16 66 13 73 38 106 41 89 109 3 93 119 79 86 82 71 127 85 58 50 102 56 22 101 48 46 124 6 81 57 80 45 24 8 116 91 115 100 114 64 32 125 120 40 1 39 42 63 5 9 30 15 87 103 17 25 43 35 126 21 54 83 18 61 2 75 88 31 12 107 68 112 104 77 97 78 84 53 122 19 92 28 52 74 34 96 105 94 20 98 36 70
Coste: 258

GENERACION: 73
Mejor Solucion:  4 44 108 90 72 117 111 49 55 7 10 62 59 99 29 65 95 60 121 23 14 67 47 26 27 123 33 76 51 0 110 113 69 118 37 11 16 66 13 73 38 106 41 89 109 3 93 119 79 86 82 71 127 85 58 50 102 56 22 101 48 46 124 6 81 57 80 45 24 8 116 91 115 100 114 64 32 125 120 40 1 39 42 63 5 9 30 15 87 103 17 25 43 35 126 21 54 83 18 61 2 75 88 31 12 107 68 112 104 77 97 78 84 53 122 19 92 28 52 74 34 96 105 94 20 98 36 70
Coste: 258

GENERACION: 74
Mejor Solucion:  4 44 108 90 72 117 111 49 55 7 10 62 59 99 29 65 95 60 121 23 14 67 47 26 27 123 33 76 51 0 110 113 69 118 37 11 16 66 13 73 38 106 41 89 109 3 93 119 79 86 82 71 127 85 58 50 102 56 22 101 48 46 124 6 81 57 80 45 24 8 116 91 115 100 114 64 32 125 120 40 1 39 42 63 5 9 30 15 87 103 17 25 43 35 126 21 54 83 18 61 2 75 88 31 12 107 68 112 104 77 97 78 84 53 122 19 92 28 52 74 34 96 105 94 20 98 36 70
Coste: 258

GENERACION: 75
Mejor Solucion:  4 44 108 90 72 117 111 49 55 7 10 62 59 99 29 65 95 60 121 23 14 67 47 26 27 123 33 76 51 0 110 113 69 118 37 11 16 66 13 73 38 106 41 89 109 3 93 119 79 86 82 71 127 85 58 50 102 56 22 101 48 46 124 6 81 57 80 45 24 8 116 91 115 100 114 64 32 125 120 40 1 39 42 63 5 9 30 15 87 103 17 25 43 35 126 21 54 83 18 61 2 75 88 31 12 107 68 112 104 77 97 78 84 53 122 19 92 28 52 74 34 96 105 94 20 98 36 70
Coste: 258

GENERACION: 76
Mejor Solucion:  4 44 108 90 72 117 111 49 55 7 10 62 59 99 29 65 95 60 121 23 14 67 47 26 27 123 33 76 51 0 110 113 69 118 37 11 16 66 13 73 38 106 41 89 109 3 93 119 79 86 82 71 127 85 58 50 102 56 22 101 48 46 124 6 81 57 80 45 24 8 116 91 115 100 114 64 32 125 120 40 1 39 42 63 5 9 30 15 87 103 17 25 43 35 126 21 54 83 18 61 2 75 88 31 12 107 68 112 104 77 97 78 84 53 122 19 92 28 52 74 34 96 105 94 20 98 36 70
Coste: 258

GENERACION: 77
Mejor Solucion:  4 44 108 90 72 117 111 49 55 7 10 62 59 99 29 65 95 60 121 23 14 67 47 26 27 123 33 76 51 0 110 113 69 118 37 11 16 66 13 73 38 106 41 89 109 3 93 119 79 86 82 71 127 85 58 50 102 56 22 101 48 46 124 6 81 57 80 45 24 8 116 91 115 100 114 64 32 125 120 40 1 39 42 63 5 9 30 15 87 103 17 25 43 35 126 21 54 83 18 61 2 75 88 31 12 107 68 112 104 77 97 78 84 53 122 19 92 28 52 74 34 96 105 94 20 98 36 70
Coste: 258

GENERACION: 78
Mejor Solucion:  4 44 108 90 72 117 111 49 55 7 10 62 59 99 29 65 95 60 121 23 14 67 47 26 27 123 33 76 51 0 110 113 69 118 37 11 16 66 13 73 38 106 41 89 109 3 93 119 79 86 82 71 127 85 58 50 102 56 22 101 48 46 124 6 81 57 80 45 24 8 116 91 115 100 114 64 32 125 120 40 1 39 42 63 5 9 30 15 87 103 17 25 43 35 126 21 54 83 18 61 2 75 88 31 12 107 68 112 104 77 97 78 84 53 122 19 92 28 52 74 34 96 105 94 20 98 36 70
Coste: 258

GENERACION: 79
Mejor Solucion:  4 44 108 90 72 117 111 49 55 7 10 62 59 99 29 65 95 60 121 23 14 67 47 26 27 123 33 76 51 0 110 113 69 118 37 11 16 66 13 73 38 106 41 89 109 3 93 119 79 86 82 71 127 85 58 50 102 56 22 101 48 46 124 6 81 57 80 45 24 8 116 91 115 100 114 64 32 125 120 40 1 39 42 63 5 9 30 15 87 103 17 25 43 35 126 21 54 83 18 61 2 75 88 31 12 107 68 112 104 77 97 78 84 53 122 19 92 28 52 74 34 96 105 94 20 98 36 70
Coste: 258

GENERACION: 80
Mejor Solucion:  4 44 108 90 72 117 111 49 55 7 10 62 59 99 29 65 95 60 121 23 14 67 47 26 27 123 33 76 51 0 110 113 69 118 37 11 16 66 13 73 38 106 41 89 109 3 93 119 79 86 82 71 127 85 58 50 102 56 22 101 48 46 124 6 81 57 80 45 24 8 116 91 115 100 114 64 32 125 120 40 1 39 42 63 5 9 30 15 87 103 17 25 43 35 126 21 54 83 18 61 2 75 88 31 12 107 68 112 104 77 97 78 84 53 122 19 92 28 52 74 34 96 105 94 20 98 36 70
Coste: 258

GENERACION: 81
Mejor Solucion:  4 44 108 90 72 117 111 49 55 7 10 62 59 99 29 65 95 60 121 23 14 67 47 26 27 123 33 76 51 0 110 113 69 118 37 11 16 66 13 73 38 106 41 89 109 3 93 119 79 86 82 71 127 85 58 50 102 56 22 101 48 46 124 6 81 57 80 45 24 8 116 91 115 100 114 64 32 125 120 40 1 39 42 63 5 9 30 15 87 103 17 25 43 35 126 21 54 83 18 61 2 75 88 31 12 107 68 112 104 77 97 78 84 53 122 19 92 28 52 74 34 96 105 94 20 98 36 70
Coste: 258

GENERACION: 82
Mejor Solucion:  4 44 108 90 72 117 111 49 55 7 10 62 59 99 29 65 95 60 121 23 14 67 47 26 27 123 33 76 51 0 110 113 69 118 37 11 16 66 13 73 38 106 41 89 109 3 93 119 79 86 82 71 127 85 58 50 102 56 22 101 48 46 124 6 81 57 80 45 24 8 116 91 115 100 114 64 32 125 120 40 1 39 42 63 5 9 30 15 87 103 17 25 43 35 126 21 54 83 18 61 2 75 88 31 12 107 68 112 104 77 97 78 84 53 122 19 92 28 52 74 34 96 105 94 20 98 36 70
Coste: 258

GENERACION: 83
Mejor Solucion:  4 44 108 90 72 117 111 49 55 7 10 62 59 99 29 65 95 60 121 23 14 67 47 26 27 123 33 76 51 0 110 113 69 118 37 11 16 66 13 73 38 106 41 89 109 3 93 119 79 86 82 71 127 85 58 50 102 56 22 101 48 46 124 6 81 57 80 45 24 8 116 91 115 100 114 64 32 125 120 40 1 39 42 63 5 9 30 15 87 103 17 25 43 35 126 21 54 83 18 61 2 75 88 31 12 107 68 112 104 77 97 78 84 53 122 19 92 28 52 74 34 96 105 94 20 98 36 70
Coste: 258

