GENERACION: 1
Mejor Solucion:  83 45 8 48 39 13 85 15 35 6 74 80 14 24 69 37 3 2 110 46 23 144 28 38 93 127 68 142 32 44 79 84 106 94 54 17 61 91 125 57 47 90 134 103 78 133 102 117 11 4 75 50 112 89 18 141 136 10 111 101 30 119 20 22 56 19 140 9 53 7 49 26 107 87 146 58 108 96 67 92 128 123 70 25 138 120 114 76 113 77 33 143 104 99 86 135 65 147 55 64 52 34 31 82 12 59 51 124 131 139 60 21 81 1 88 72 129 5 41 137 149 66 16 95 98 71 132 105 43 109 126 148 145 118 0 121 100 27 97 130 62 115 63 40 122 29 36 73 116 42
Coste: 636799766

GENERACION: 2
Mejor Solucion:  83 45 8 48 39 13 85 15 35 6 74 80 14 24 69 37 3 2 110 46 23 144 28 38 93 127 68 142 32 44 79 84 106 94 54 17 61 91 125 57 47 90 134 103 78 133 102 117 11 4 75 50 112 89 18 141 136 10 111 101 30 119 20 22 56 19 140 9 53 7 49 26 107 87 146 58 108 96 67 92 128 123 70 25 138 120 114 76 113 77 33 143 104 99 86 135 65 147 55 64 52 34 31 82 12 59 51 124 131 139 60 21 81 1 88 72 129 5 41 137 149 66 16 95 98 71 132 105 43 109 126 148 145 118 0 121 100 27 97 130 62 115 63 40 122 29 36 73 116 42
Coste: 636799766

GENERACION: 3
Mejor Solucion:  83 45 8 48 39 13 85 15 35 6 74 80 14 24 69 37 3 2 110 46 23 144 28 38 93 127 68 142 32 44 79 84 106 94 54 17 61 91 125 57 47 90 134 103 78 133 102 117 11 4 75 50 112 89 18 141 136 10 111 101 30 119 20 22 56 19 140 9 53 7 49 26 107 87 146 58 108 96 67 92 128 123 70 25 138 120 114 76 113 77 33 143 104 99 86 135 65 147 55 64 52 34 31 82 12 59 51 124 131 139 60 21 81 1 88 72 129 5 41 137 149 66 16 95 98 71 132 105 43 109 126 148 145 118 0 121 100 27 97 130 62 115 63 40 122 29 36 73 116 42
Coste: 636799766

GENERACION: 4
Mejor Solucion:  83 45 8 48 39 13 85 15 35 6 74 80 14 24 69 37 3 2 110 46 23 144 28 38 93 127 68 142 32 44 79 84 106 94 54 17 61 91 125 57 47 90 134 103 78 133 102 117 11 4 75 50 112 89 18 141 136 10 111 101 30 119 20 22 56 19 140 9 53 7 49 26 107 87 146 58 108 96 67 92 128 123 70 25 138 120 114 76 113 77 33 143 104 99 86 135 65 147 55 64 52 34 31 82 12 59 51 124 131 139 60 21 81 1 88 72 129 5 41 137 149 66 16 95 98 71 132 105 43 109 126 148 145 118 0 121 100 27 97 130 62 115 63 40 122 29 36 73 116 42
Coste: 636799766

GENERACION: 5
Mejor Solucion:  83 45 8 48 39 13 85 15 35 6 74 80 14 24 69 37 3 2 110 46 23 144 28 38 93 127 68 142 32 44 79 84 106 94 54 17 61 91 125 57 47 90 134 103 78 133 102 117 11 4 75 50 112 89 18 141 136 10 111 101 30 119 20 22 56 19 140 9 53 7 49 26 107 87 146 58 108 96 67 92 128 123 70 25 138 120 114 76 113 77 33 143 104 99 86 135 65 147 55 64 52 34 31 82 12 59 51 124 131 139 60 21 81 1 88 72 129 5 41 137 149 66 16 95 98 71 132 105 43 109 126 148 145 118 0 121 100 27 97 130 62 115 63 40 122 29 36 73 116 42
Coste: 636799766

GENERACION: 6
Mejor Solucion:  83 45 8 48 39 13 85 15 35 6 74 80 14 24 69 37 3 2 110 46 23 144 28 38 93 127 68 142 32 44 79 84 106 94 54 17 61 91 125 57 47 90 134 103 78 133 102 117 11 4 75 50 112 89 18 141 136 10 111 101 30 119 20 22 56 19 140 9 53 7 49 26 107 87 146 58 108 96 67 92 128 123 70 25 138 120 114 76 113 77 33 143 104 99 86 135 65 147 55 64 52 34 31 82 12 59 51 124 131 139 60 21 81 1 88 72 129 5 41 137 149 66 16 95 98 71 132 105 43 109 126 148 145 118 0 121 100 27 97 130 62 115 63 40 122 29 36 73 116 42
Coste: 636799766

GENERACION: 7
Mejor Solucion:  83 45 8 48 39 13 85 15 35 6 74 80 14 24 69 37 3 2 110 46 23 144 28 38 93 127 68 142 32 44 79 84 106 94 54 17 61 91 125 57 47 90 134 103 78 133 102 117 11 4 75 50 112 89 18 141 136 10 111 101 30 119 20 22 56 19 140 9 53 7 49 26 107 87 146 58 108 96 67 92 128 123 70 25 138 120 114 76 113 77 33 143 104 99 86 135 65 147 55 64 52 34 31 82 12 59 51 124 131 139 60 21 81 1 88 72 129 5 41 137 149 66 16 95 98 71 132 105 43 109 126 148 145 118 0 121 100 27 97 130 62 115 63 40 122 29 36 73 116 42
Coste: 636799766

GENERACION: 8
Mejor Solucion:  83 45 8 48 39 13 85 15 35 6 74 80 14 24 69 37 3 2 110 46 23 144 28 38 93 127 68 142 32 44 79 84 106 94 54 17 61 91 125 57 47 90 134 103 78 133 102 117 11 4 75 50 112 89 18 141 136 10 111 101 30 119 20 22 56 19 140 9 53 7 49 26 107 87 146 58 108 96 67 92 128 123 70 25 138 120 114 76 113 77 33 143 104 99 86 135 65 147 55 64 52 34 31 82 12 59 51 124 131 139 60 21 81 1 88 72 129 5 41 137 149 66 16 95 98 71 132 105 43 109 126 148 145 118 0 121 100 27 97 130 62 115 63 40 122 29 36 73 116 42
Coste: 636799766

GENERACION: 9
Mejor Solucion:  83 45 8 48 39 13 85 15 35 6 74 80 14 24 69 37 3 2 110 46 23 144 28 38 93 127 68 142 32 44 79 84 106 94 54 17 61 91 125 57 47 90 134 103 78 133 102 117 11 4 75 50 112 89 18 141 136 10 111 101 30 119 20 22 56 19 140 9 53 7 49 26 107 87 146 58 108 96 67 92 128 123 70 25 138 120 114 76 113 77 33 143 104 99 86 135 65 147 55 64 52 34 31 82 12 59 51 124 131 139 60 21 81 1 88 72 129 5 41 137 149 66 16 95 98 71 132 105 43 109 126 148 145 118 0 121 100 27 97 130 62 115 63 40 122 29 36 73 116 42
Coste: 636799766

GENERACION: 10
Mejor Solucion:  83 45 8 48 39 13 85 15 35 6 74 80 14 24 69 37 3 2 110 46 23 144 28 38 93 127 68 142 32 44 79 84 106 94 54 17 61 91 125 57 47 90 134 103 78 133 102 117 11 4 75 50 112 89 18 141 136 10 111 101 30 119 20 22 56 19 140 9 53 7 49 26 107 87 146 58 108 96 67 92 128 123 70 25 138 120 114 76 113 77 33 143 104 99 86 135 65 147 55 64 52 34 31 82 12 59 51 124 131 139 60 21 81 1 88 72 129 5 41 137 149 66 16 95 98 71 132 105 43 109 126 148 145 118 0 121 100 27 97 130 62 115 63 40 122 29 36 73 116 42
Coste: 636799766

GENERACION: 11
Mejor Solucion:  83 45 8 48 39 13 85 15 35 6 74 80 14 24 69 37 3 2 110 46 23 144 28 38 93 127 68 142 32 44 79 84 106 94 54 17 61 91 125 57 47 90 134 103 78 133 102 117 11 4 75 50 112 89 18 141 136 10 111 101 30 119 20 22 56 19 140 9 53 7 49 26 107 87 146 58 108 96 67 92 128 123 70 25 138 120 114 76 113 77 33 143 104 99 86 135 65 147 55 64 52 34 31 82 12 59 51 124 131 139 60 21 81 1 88 72 129 5 41 137 149 66 16 95 98 71 132 105 43 109 126 148 145 118 0 121 100 27 97 130 62 115 63 40 122 29 36 73 116 42
Coste: 636799766

GENERACION: 12
Mejor Solucion:  83 45 8 48 39 13 85 15 35 6 74 80 14 24 69 37 3 2 110 46 23 144 28 38 93 127 68 142 32 44 79 84 106 94 54 17 61 91 125 57 47 90 134 103 78 133 102 117 11 4 75 50 112 89 18 141 136 10 111 101 30 119 20 22 56 19 140 9 53 7 49 26 107 87 146 58 108 96 67 92 128 123 70 25 138 120 114 76 113 77 33 143 104 99 86 135 65 147 55 64 52 34 31 82 12 59 51 124 131 139 60 21 81 1 88 72 129 5 41 137 149 66 16 95 98 71 132 105 43 109 126 148 145 118 0 121 100 27 97 130 62 115 63 40 122 29 36 73 116 42
Coste: 636799766

GENERACION: 13
Mejor Solucion:  83 45 8 48 39 13 85 15 35 6 74 80 14 24 69 37 3 2 110 46 23 144 28 38 93 127 68 142 32 44 79 84 106 94 54 17 61 91 125 57 47 90 134 103 78 133 102 117 11 4 75 50 112 89 18 141 136 10 111 101 30 119 20 22 56 19 140 9 53 7 49 26 107 87 146 58 108 96 67 92 128 123 70 25 138 120 114 76 113 77 33 143 104 99 86 135 65 147 55 64 52 34 31 82 12 59 51 124 131 139 60 21 81 1 88 72 129 5 41 137 149 66 16 95 98 71 132 105 43 109 126 148 145 118 0 121 100 27 97 130 62 115 63 40 122 29 36 73 116 42
Coste: 636799766

GENERACION: 14
Mejor Solucion:  83 45 8 48 39 13 85 15 35 6 74 80 14 24 69 37 3 2 110 46 23 144 28 38 93 127 68 142 32 44 79 84 106 94 54 17 61 91 125 57 47 90 134 103 78 133 102 117 11 4 75 50 112 89 18 141 136 10 111 101 30 119 20 22 56 19 140 9 53 7 49 26 107 87 146 58 108 96 67 92 128 123 70 25 138 120 114 76 113 77 33 143 104 99 86 135 65 147 55 64 52 34 31 82 12 59 51 124 131 139 60 21 81 1 88 72 129 5 41 137 149 66 16 95 98 71 132 105 43 109 126 148 145 118 0 121 100 27 97 130 62 115 63 40 122 29 36 73 116 42
Coste: 636799766

GENERACION: 15
Mejor Solucion:  83 45 8 48 39 13 85 15 35 6 74 80 14 24 69 37 3 2 110 46 23 144 28 38 93 127 68 142 32 44 79 84 106 94 54 17 61 91 125 57 47 90 134 103 78 133 102 117 11 4 75 50 112 89 18 141 136 10 111 101 30 119 20 22 56 19 140 9 53 7 49 26 107 87 146 58 108 96 67 92 128 123 70 25 138 120 114 76 113 77 33 143 104 99 86 135 65 147 55 64 52 34 31 82 12 59 51 124 131 139 60 21 81 1 88 72 129 5 41 137 149 66 16 95 98 71 132 105 43 109 126 148 145 118 0 121 100 27 97 130 62 115 63 40 122 29 36 73 116 42
Coste: 636799766

GENERACION: 16
Mejor Solucion:  83 45 8 48 39 13 85 15 35 6 74 80 14 24 69 37 3 2 110 46 23 144 28 38 93 127 68 142 32 44 79 84 106 94 54 17 61 91 125 57 47 90 134 103 78 133 102 117 11 4 75 50 112 89 18 141 136 10 111 101 30 119 20 22 56 19 140 9 53 7 49 26 107 87 146 58 108 96 67 92 128 123 70 25 138 120 114 76 113 77 33 143 104 99 86 135 65 147 55 64 52 34 31 82 12 59 51 124 131 139 60 21 81 1 88 72 129 5 41 137 149 66 16 95 98 71 132 105 43 109 126 148 145 118 0 121 100 27 97 130 62 115 63 40 122 29 36 73 116 42
Coste: 636799766

GENERACION: 17
Mejor Solucion:  83 45 8 48 39 13 85 15 35 6 74 80 14 24 69 37 3 2 110 46 23 144 28 38 93 127 68 142 32 44 79 84 106 94 54 17 61 91 125 57 47 90 134 103 78 133 102 117 11 4 75 50 112 89 18 141 136 10 111 101 30 119 20 22 56 19 140 9 53 7 49 26 107 87 146 58 108 96 67 92 128 123 70 25 138 120 114 76 113 77 33 143 104 99 86 135 65 147 55 64 52 34 31 82 12 59 51 124 131 139 60 21 81 1 88 72 129 5 41 137 149 66 16 95 98 71 132 105 43 109 126 148 145 118 0 121 100 27 97 130 62 115 63 40 122 29 36 73 116 42
Coste: 636799766

GENERACION: 18
Mejor Solucion:  83 45 8 48 39 13 85 15 35 6 74 80 14 24 69 37 3 2 110 46 23 144 28 38 93 127 68 142 32 44 79 84 106 94 54 17 61 91 125 57 47 90 134 103 78 133 102 117 11 4 75 50 112 89 18 141 136 10 111 101 30 119 20 22 56 19 140 9 53 7 49 26 107 87 146 58 108 96 67 92 128 123 70 25 138 120 114 76 113 77 33 143 104 99 86 135 65 147 55 64 52 34 31 82 12 59 51 124 131 139 60 21 81 1 88 72 129 5 41 137 149 66 16 95 98 71 132 105 43 109 126 148 145 118 0 121 100 27 97 130 62 115 63 40 122 29 36 73 116 42
Coste: 636799766

GENERACION: 19
Mejor Solucion:  83 45 8 48 39 13 85 15 35 6 74 80 14 24 69 37 3 2 110 46 23 144 28 38 93 127 68 142 32 44 79 84 106 94 54 17 61 91 125 57 47 90 134 103 78 133 102 117 11 4 75 50 112 89 18 141 136 10 111 101 30 119 20 22 56 19 140 9 53 7 49 26 107 87 146 58 108 96 67 92 128 123 70 25 138 120 114 76 113 77 33 143 104 99 86 135 65 147 55 64 52 34 31 82 12 59 51 124 131 139 60 21 81 1 88 72 129 5 41 137 149 66 16 95 98 71 132 105 43 109 126 148 145 118 0 121 100 27 97 130 62 115 63 40 122 29 36 73 116 42
Coste: 636799766

GENERACION: 20
Mejor Solucion:  148 91 20 114 69 3 2 46 141 144 116 10 11 21 44 78 51 16 87 61 40 32 132 125 134 63 34 133 117 90 4 118 50 57 89 18 29 127 79 22 43 19 14 75 7 24 49 107 120 13 142 121 41 76 71 112 77 25 62 96 15 123 17 45 53 108 26 143 119 145 99 70 86 105 83 113 106 135 65 84 64 52 0 82 12 73 124 56 58 47 110 6 37 104 59 94 97 23 1 111 147 109 33 138 9 129 60 95 93 28 115 68 103 92 66 85 126 140 100 139 130 31 128 136 36 98 42 48 74 8 39 35 101 80 137 72 131 149 54 81 38 5 122 27 102 55 146 30 67 88
Coste: 635908947

GENERACION: 21
Mejor Solucion:  148 91 20 114 69 3 2 46 141 144 116 10 11 21 44 78 51 16 87 61 40 32 132 125 134 63 34 133 117 90 4 118 50 57 89 18 29 127 79 22 43 19 14 75 7 24 49 107 120 13 142 121 41 76 71 112 77 25 62 96 15 123 17 45 53 108 26 143 119 145 99 70 86 105 83 113 106 135 65 84 64 52 0 82 12 73 124 56 58 47 110 6 37 104 59 94 97 23 1 111 147 109 33 138 9 129 60 95 93 28 115 68 103 92 66 85 126 140 100 139 130 31 128 136 36 98 42 48 74 8 39 35 101 80 137 72 131 149 54 81 38 5 122 27 102 55 146 30 67 88
Coste: 635908947

GENERACION: 22
Mejor Solucion:  56 32 136 41 143 87 58 141 85 144 134 130 73 21 44 3 51 16 78 70 7 91 132 61 116 63 34 62 117 123 31 118 50 57 89 18 29 127 79 22 43 19 14 6 40 115 107 120 13 142 114 71 112 77 1 126 96 15 28 17 45 108 69 111 145 125 49 86 105 35 119 103 135 65 84 64 52 0 82 100 53 92 88 37 47 110 93 2 104 59 94 80 4 25 113 147 109 97 9 129 60 95 75 90 20 46 106 42 66 68 27 140 12 139 10 23 128 24 36 98 124 48 74 8 39 101 33 137 131 149 54 81 38 5 122 133 138 55 26 99 11 76 83 121 102 72 146 30 67 148
Coste: 634541725

GENERACION: 23
Mejor Solucion:  56 32 136 41 143 87 58 141 85 144 134 130 73 21 44 3 51 16 78 70 7 91 132 61 116 63 34 62 117 123 31 118 50 57 89 18 29 127 79 22 43 19 14 6 40 115 107 120 13 142 114 71 112 77 1 126 96 15 28 17 45 108 69 111 145 125 49 86 105 35 119 103 135 65 84 64 52 0 82 100 53 92 88 37 47 110 93 2 104 59 94 80 4 25 113 147 109 97 9 129 60 95 75 90 20 46 106 42 66 68 27 140 12 139 10 23 128 24 36 98 124 48 74 8 39 101 33 137 131 149 54 81 38 5 122 133 138 55 26 99 11 76 83 121 102 72 146 30 67 148
Coste: 634541725

GENERACION: 24
Mejor Solucion:  56 32 136 41 143 87 58 141 85 144 134 130 73 21 44 3 51 16 78 70 7 91 132 61 116 63 34 62 117 123 31 118 50 57 89 18 29 127 79 22 43 19 14 6 40 115 107 120 13 142 114 71 112 77 1 126 96 15 28 17 45 108 69 111 145 125 49 86 105 35 119 103 135 65 84 64 52 0 82 100 53 92 88 37 47 110 93 2 104 59 94 80 4 25 113 147 109 97 9 129 60 95 75 90 20 46 106 42 66 68 27 140 12 139 10 23 128 24 36 98 124 48 74 8 39 101 33 137 131 149 54 81 38 5 122 133 138 55 26 99 11 76 83 121 102 72 146 30 67 148
Coste: 634541725

GENERACION: 25
Mejor Solucion:  56 32 136 41 143 87 58 141 85 144 134 130 73 21 44 3 51 16 78 70 7 91 132 61 116 63 34 62 117 123 31 118 50 57 89 18 29 127 79 22 43 19 14 6 40 115 107 120 13 142 114 71 112 77 1 126 96 15 28 17 45 108 69 111 145 125 49 86 105 35 119 103 135 65 84 64 52 0 82 100 53 92 88 37 47 110 93 2 104 59 94 80 4 25 113 147 109 97 9 129 60 95 75 90 20 46 106 42 66 68 27 140 12 139 10 23 128 24 36 98 124 48 74 8 39 101 33 137 131 149 54 81 38 5 122 133 138 55 26 99 11 76 83 121 102 72 146 30 67 148
Coste: 634541725

GENERACION: 26
Mejor Solucion:  56 32 136 41 143 87 58 141 85 144 134 130 73 21 44 3 51 16 78 70 7 91 132 61 116 63 34 62 117 123 31 118 50 57 89 18 29 127 79 22 43 19 14 6 40 115 107 120 13 142 114 71 112 77 1 126 96 15 28 17 45 108 69 111 145 125 49 86 105 35 119 103 135 65 84 64 52 0 82 100 53 92 88 37 47 110 93 2 104 59 94 80 4 25 113 147 109 97 9 129 60 95 75 90 20 46 106 42 66 68 27 140 12 139 10 23 128 24 36 98 124 48 74 8 39 101 33 137 131 149 54 81 38 5 122 133 138 55 26 99 11 76 83 121 102 72 146 30 67 148
Coste: 634541725

GENERACION: 27
Mejor Solucion:  56 32 136 41 143 87 58 141 85 144 134 130 73 21 44 3 51 16 78 70 7 91 132 61 116 63 34 62 117 123 31 118 50 57 89 18 29 127 79 22 43 19 14 6 40 115 107 120 13 142 114 71 112 77 1 126 96 15 28 17 45 108 69 111 145 125 49 86 105 35 119 103 135 65 84 64 52 0 82 100 53 92 88 37 47 110 93 2 104 59 94 80 4 25 113 147 109 97 9 129 60 95 75 90 20 46 106 42 66 68 27 140 12 139 10 23 128 24 36 98 124 48 74 8 39 101 33 137 131 149 54 81 38 5 122 133 138 55 26 99 11 76 83 121 102 72 146 30 67 148
Coste: 634541725

GENERACION: 28
Mejor Solucion:  56 32 136 41 143 87 58 141 85 144 134 130 73 21 44 3 51 16 78 70 7 91 132 61 116 63 34 62 117 123 31 118 50 57 89 18 29 127 79 22 43 19 14 6 40 115 107 120 13 142 114 71 112 77 1 126 96 15 28 17 45 108 69 111 145 125 49 86 105 35 119 103 135 65 84 64 52 0 82 100 53 92 88 37 47 110 93 2 104 59 94 80 4 25 113 147 109 97 9 129 60 95 75 90 20 46 106 42 66 68 27 140 12 139 10 23 128 24 36 98 124 48 74 8 39 101 33 137 131 149 54 81 38 5 122 133 138 55 26 99 11 76 83 121 102 72 146 30 67 148
Coste: 634541725

GENERACION: 29
Mejor Solucion:  56 32 136 41 143 87 58 141 85 144 134 130 73 21 44 3 51 16 78 70 7 91 132 61 116 63 34 62 117 123 31 118 50 57 89 18 29 127 79 22 43 19 14 6 40 115 107 120 13 142 114 71 112 77 1 126 96 15 28 17 45 108 69 111 145 125 49 86 105 35 119 103 135 65 84 64 52 0 82 100 53 92 88 37 47 110 93 2 104 59 94 80 4 25 113 147 109 97 9 129 60 95 75 90 20 46 106 42 66 68 27 140 12 139 10 23 128 24 36 98 124 48 74 8 39 101 33 137 131 149 54 81 38 5 122 133 138 55 26 99 11 76 83 121 102 72 146 30 67 148
Coste: 634541725

GENERACION: 30
Mejor Solucion:  56 32 136 41 143 87 58 141 85 144 134 130 73 21 44 3 51 16 78 70 7 91 132 61 116 63 34 62 117 123 31 118 50 57 89 18 29 127 79 22 43 19 14 6 40 115 107 120 13 142 114 71 112 77 1 126 96 15 28 17 45 108 69 111 145 125 49 86 105 35 119 103 135 65 84 64 52 0 82 100 53 92 88 37 47 110 93 2 104 59 94 80 4 25 113 147 109 97 9 129 60 95 75 90 20 46 106 42 66 68 27 140 12 139 10 23 128 24 36 98 124 48 74 8 39 101 33 137 131 149 54 81 38 5 122 133 138 55 26 99 11 76 83 121 102 72 146 30 67 148
Coste: 634541725

GENERACION: 31
Mejor Solucion:  56 32 136 41 143 87 58 141 85 144 134 130 73 21 44 3 51 16 78 70 7 91 132 61 116 63 34 62 117 123 31 118 50 57 89 18 29 127 79 22 43 19 14 6 40 115 107 120 13 142 114 71 112 77 1 126 96 15 28 17 45 108 69 111 145 125 49 86 105 35 119 103 135 65 84 64 52 0 82 100 53 92 88 37 47 110 93 2 104 59 94 80 4 25 113 147 109 97 9 129 60 95 75 90 20 46 106 42 66 68 27 140 12 139 10 23 128 24 36 98 124 48 74 8 39 101 33 137 131 149 54 81 38 5 122 133 138 55 26 99 11 76 83 121 102 72 146 30 67 148
Coste: 634541725

GENERACION: 32
Mejor Solucion:  56 32 136 41 143 87 58 141 85 144 134 130 73 21 44 3 51 16 78 70 7 91 132 61 116 63 34 62 117 123 31 118 50 57 89 18 29 127 79 22 43 19 14 6 40 115 107 120 13 142 114 71 112 77 1 126 96 15 28 17 45 108 69 111 145 125 49 86 105 35 119 103 135 65 84 64 52 0 82 100 53 92 88 37 47 110 93 2 104 59 94 80 4 25 113 147 109 97 9 129 60 95 75 90 20 46 106 42 66 68 27 140 12 139 10 23 128 24 36 98 124 48 74 8 39 101 33 137 131 149 54 81 38 5 122 133 138 55 26 99 11 76 83 121 102 72 146 30 67 148
Coste: 634541725

GENERACION: 33
Mejor Solucion:  56 32 136 41 143 87 58 141 85 144 134 130 73 21 44 3 51 16 78 70 7 91 132 61 116 63 34 62 117 123 31 118 50 57 89 18 29 127 79 22 43 19 14 6 40 115 107 120 13 142 114 71 112 77 1 126 96 15 28 17 45 108 69 111 145 125 49 86 105 35 119 103 135 65 84 64 52 0 82 100 53 92 88 37 47 110 93 2 104 59 94 80 4 25 113 147 109 97 9 129 60 95 75 90 20 46 106 42 66 68 27 140 12 139 10 23 128 24 36 98 124 48 74 8 39 101 33 137 131 149 54 81 38 5 122 133 138 55 26 99 11 76 83 121 102 72 146 30 67 148
Coste: 634541725

GENERACION: 34
Mejor Solucion:  56 32 136 41 143 87 58 141 85 144 134 130 73 21 44 3 51 16 78 70 7 91 132 61 116 63 34 62 117 123 31 118 50 57 89 18 29 127 79 22 43 19 14 6 40 115 107 120 13 142 114 71 112 77 1 126 96 15 28 17 45 108 69 111 145 125 49 86 105 35 119 103 135 65 84 64 52 0 82 100 53 92 88 37 47 110 93 2 104 59 94 80 4 25 113 147 109 97 9 129 60 95 75 90 20 46 106 42 66 68 27 140 12 139 10 23 128 24 36 98 124 48 74 8 39 101 33 137 131 149 54 81 38 5 122 133 138 55 26 99 11 76 83 121 102 72 146 30 67 148
Coste: 634541725

GENERACION: 35
Mejor Solucion:  136 135 143 87 141 85 134 130 73 21 113 3 51 16 96 108 7 91 42 44 116 63 31 62 117 34 118 98 57 89 18 29 127 79 22 43 54 53 6 124 107 120 13 142 114 112 77 1 126 100 28 17 45 24 69 111 145 125 105 35 119 99 41 65 84 64 52 0 82 15 14 92 88 47 110 93 2 104 140 94 80 4 25 61 147 9 50 109 129 81 95 75 58 20 46 106 132 66 68 59 12 139 144 23 128 70 36 97 40 48 74 8 39 101 33 137 131 149 19 38 5 122 133 55 26 11 76 103 121 102 83 37 78 115 138 49 123 72 10 71 60 30 86 148 27 90 146 32 67 56
Coste: 634136740

GENERACION: 36
Mejor Solucion:  136 135 143 87 141 85 134 130 73 21 113 3 51 16 96 108 7 91 42 44 116 63 31 62 117 34 118 98 57 89 18 29 127 79 22 43 54 53 6 124 107 120 13 142 114 112 77 1 126 100 28 17 45 24 69 111 145 125 105 35 119 99 41 65 84 64 52 0 82 15 14 92 88 47 110 93 2 104 140 94 80 4 25 61 147 9 50 109 129 81 95 75 58 20 46 106 132 66 68 59 12 139 144 23 128 70 36 97 40 48 74 8 39 101 33 137 131 149 19 38 5 122 133 55 26 11 76 103 121 102 83 37 78 115 138 49 123 72 10 71 60 30 86 148 27 90 146 32 67 56
Coste: 634136740

GENERACION: 37
Mejor Solucion:  136 135 143 87 141 85 134 130 73 21 113 3 51 16 96 108 7 91 42 44 116 63 31 62 117 34 118 98 57 89 18 29 127 79 22 43 54 53 6 124 107 120 13 142 114 112 77 1 126 100 28 17 45 24 69 111 145 125 105 35 119 99 41 65 84 64 52 0 82 15 14 92 88 47 110 93 2 104 140 94 80 4 25 61 147 9 50 109 129 81 95 75 58 20 46 106 132 66 68 59 12 139 144 23 128 70 36 97 40 48 74 8 39 101 33 137 131 149 19 38 5 122 133 55 26 11 76 103 121 102 83 37 78 115 138 49 123 72 10 71 60 30 86 148 27 90 146 32 67 56
Coste: 634136740

GENERACION: 38
Mejor Solucion:  136 135 143 87 141 85 134 130 73 21 113 3 51 16 96 108 7 91 42 44 116 63 31 62 117 34 118 98 57 89 18 29 127 79 22 43 54 53 6 124 107 120 13 142 114 112 77 1 126 100 28 17 45 24 69 111 145 125 105 35 119 99 41 65 84 64 52 0 82 15 14 92 88 47 110 93 2 104 140 94 80 4 25 61 147 9 50 109 129 81 95 75 58 20 46 106 132 66 68 59 12 139 144 23 128 70 36 97 40 48 74 8 39 101 33 137 131 149 19 38 5 122 133 55 26 11 76 103 121 102 83 37 78 115 138 49 123 72 10 71 60 30 86 148 27 90 146 32 67 56
Coste: 634136740

GENERACION: 39
Mejor Solucion:  136 135 143 87 141 85 134 130 73 21 113 3 51 16 96 108 7 91 42 44 116 63 31 62 117 34 118 98 57 89 18 29 127 79 22 43 54 53 6 124 107 120 13 142 114 112 77 1 126 100 28 17 45 24 69 111 145 125 105 35 119 99 41 65 84 64 52 0 82 15 14 92 88 47 110 93 2 104 140 94 80 4 25 61 147 9 50 109 129 81 95 75 58 20 46 106 132 66 68 59 12 139 144 23 128 70 36 97 40 48 74 8 39 101 33 137 131 149 19 38 5 122 133 55 26 11 76 103 121 102 83 37 78 115 138 49 123 72 10 71 60 30 86 148 27 90 146 32 67 56
Coste: 634136740

GENERACION: 40
Mejor Solucion:  136 135 143 87 141 85 134 130 73 21 113 3 51 16 96 108 7 91 42 44 116 63 31 62 117 34 118 98 57 89 18 29 127 79 22 43 54 53 6 124 107 120 13 142 114 112 77 1 126 100 28 17 45 24 69 111 145 125 105 35 119 99 41 65 84 64 52 0 82 15 14 92 88 47 110 93 2 104 140 94 80 4 25 61 147 9 50 109 129 81 95 75 58 20 46 106 132 66 68 59 12 139 144 23 128 70 36 97 40 48 74 8 39 101 33 137 131 149 19 38 5 122 133 55 26 11 76 103 121 102 83 37 78 115 138 49 123 72 10 71 60 30 86 148 27 90 146 32 67 56
Coste: 634136740

GENERACION: 41
Mejor Solucion:  136 135 143 87 141 85 134 130 73 21 113 3 51 16 96 108 7 91 42 44 116 63 31 62 117 34 118 98 57 89 18 29 127 79 22 43 54 53 6 124 107 120 13 142 114 112 77 1 126 100 28 17 45 24 69 111 145 125 105 35 119 99 41 65 84 64 52 0 82 15 14 92 88 47 110 93 2 104 140 94 80 4 25 61 147 9 50 109 129 81 95 75 58 20 46 106 132 66 68 59 12 139 144 23 128 70 36 97 40 48 74 8 39 101 33 137 131 149 19 38 5 122 133 55 26 11 76 103 121 102 83 37 78 115 138 49 123 72 10 71 60 30 86 148 27 90 146 32 67 56
Coste: 634136740

GENERACION: 42
Mejor Solucion:  136 135 143 87 141 85 134 130 73 21 113 3 51 16 96 108 7 91 42 44 116 63 31 62 117 34 118 98 57 89 18 29 127 79 22 43 54 53 6 124 107 120 13 142 114 112 77 1 126 100 28 17 45 24 69 111 145 125 105 35 119 99 41 65 84 64 52 0 82 15 14 92 88 47 110 93 2 104 140 94 80 4 25 61 147 9 50 109 129 81 95 75 58 20 46 106 132 66 68 59 12 139 144 23 128 70 36 97 40 48 74 8 39 101 33 137 131 149 19 38 5 122 133 55 26 11 76 103 121 102 83 37 78 115 138 49 123 72 10 71 60 30 86 148 27 90 146 32 67 56
Coste: 634136740

GENERACION: 43
Mejor Solucion:  136 135 143 87 141 85 134 130 73 21 113 3 51 16 96 108 7 91 42 44 116 63 31 62 117 34 118 98 57 89 18 29 127 79 22 43 54 53 6 124 107 120 13 142 114 112 77 1 126 100 28 17 45 24 69 111 145 125 105 35 119 99 41 65 84 64 52 0 82 15 14 92 88 47 110 93 2 104 140 94 80 4 25 61 147 9 50 109 129 81 95 75 58 20 46 106 132 66 68 59 12 139 144 23 128 70 36 97 40 48 74 8 39 101 33 137 131 149 19 38 5 122 133 55 26 11 76 103 121 102 83 37 78 115 138 49 123 72 10 71 60 30 86 148 27 90 146 32 67 56
Coste: 634136740

GENERACION: 44
Mejor Solucion:  136 135 143 87 141 85 134 130 73 21 113 3 51 16 96 108 7 91 42 44 116 63 31 62 117 34 118 98 57 89 18 29 127 79 22 43 54 53 6 124 107 120 13 142 114 112 77 1 126 100 28 17 45 24 69 111 145 125 105 35 119 99 41 65 84 64 52 0 82 15 14 92 88 47 110 93 2 104 140 94 80 4 25 61 147 9 50 109 129 81 95 75 58 20 46 106 132 66 68 59 12 139 144 23 128 70 36 97 40 48 74 8 39 101 33 137 131 149 19 38 5 122 133 55 26 11 76 103 121 102 83 37 78 115 138 49 123 72 10 71 60 30 86 148 27 90 146 32 67 56
Coste: 634136740

GENERACION: 45
Mejor Solucion:  136 135 143 87 141 85 134 130 73 21 113 3 51 16 96 108 7 91 42 44 116 63 31 62 117 34 118 98 57 89 18 29 127 79 22 43 54 53 6 124 107 120 13 142 114 112 77 1 126 100 28 17 45 24 69 111 145 125 105 35 119 99 41 65 84 64 52 0 82 15 14 92 88 47 110 93 2 104 140 94 80 4 25 61 147 9 50 109 129 81 95 75 58 20 46 106 132 66 68 59 12 139 144 23 128 70 36 97 40 48 74 8 39 101 33 137 131 149 19 38 5 122 133 55 26 11 76 103 121 102 83 37 78 115 138 49 123 72 10 71 60 30 86 148 27 90 146 32 67 56
Coste: 634136740

GENERACION: 46
Mejor Solucion:  136 135 143 87 141 85 134 130 73 21 113 3 51 16 96 108 7 91 42 44 116 63 31 62 117 34 118 98 57 89 18 29 127 79 22 43 54 53 6 124 107 120 13 142 114 112 77 1 126 100 28 17 45 24 69 111 145 125 105 35 119 99 41 65 84 64 52 0 82 15 14 92 88 47 110 93 2 104 140 94 80 4 25 61 147 9 50 109 129 81 95 75 58 20 46 106 132 66 68 59 12 139 144 23 128 70 36 97 40 48 74 8 39 101 33 137 131 149 19 38 5 122 133 55 26 11 76 103 121 102 83 37 78 115 138 49 123 72 10 71 60 30 86 148 27 90 146 32 67 56
Coste: 634136740

GENERACION: 47
Mejor Solucion:  136 135 143 87 141 85 134 130 73 21 113 3 51 16 96 108 7 91 42 44 116 63 31 62 117 34 118 98 57 89 18 29 127 79 22 43 54 53 6 124 107 120 13 142 114 112 77 1 126 100 28 17 45 24 69 111 145 125 105 35 119 99 41 65 84 64 52 0 82 15 14 92 88 47 110 93 2 104 140 94 80 4 25 61 147 9 50 109 129 81 95 75 58 20 46 106 132 66 68 59 12 139 144 23 128 70 36 97 40 48 74 8 39 101 33 137 131 149 19 38 5 122 133 55 26 11 76 103 121 102 83 37 78 115 138 49 123 72 10 71 60 30 86 148 27 90 146 32 67 56
Coste: 634136740

GENERACION: 48
Mejor Solucion:  136 135 143 87 141 85 134 130 73 21 113 3 51 16 96 108 7 91 42 44 116 63 31 62 117 34 118 98 57 89 18 29 127 79 22 43 54 53 6 124 107 120 13 142 114 112 77 1 126 100 28 17 45 24 69 111 145 125 105 35 119 99 41 65 84 64 52 0 82 15 14 92 88 47 110 93 2 104 140 94 80 4 25 61 147 9 50 109 129 81 95 75 58 20 46 106 132 66 68 59 12 139 144 23 128 70 36 97 40 48 74 8 39 101 33 137 131 149 19 38 5 122 133 55 26 11 76 103 121 102 83 37 78 115 138 49 123 72 10 71 60 30 86 148 27 90 146 32 67 56
Coste: 634136740

GENERACION: 49
Mejor Solucion:  136 135 143 87 141 85 134 130 73 21 113 3 51 16 96 108 7 91 42 44 116 63 31 62 117 34 118 98 57 89 18 29 127 79 22 43 54 53 6 124 107 120 13 142 114 112 77 1 126 100 28 17 45 24 69 111 145 125 105 35 119 99 41 65 84 64 52 0 82 15 14 92 88 47 110 93 2 104 140 94 80 4 25 61 147 9 50 109 129 81 95 75 58 20 46 106 132 66 68 59 12 139 144 23 128 70 36 97 40 48 74 8 39 101 33 137 131 149 19 38 5 122 133 55 26 11 76 103 121 102 83 37 78 115 138 49 123 72 10 71 60 30 86 148 27 90 146 32 67 56
Coste: 634136740

GENERACION: 50
Mejor Solucion:  136 135 143 87 141 85 134 130 73 21 113 3 51 16 96 108 7 91 42 44 116 63 31 62 117 34 118 98 57 89 18 29 127 79 22 43 54 53 6 124 107 120 13 142 114 112 77 1 126 100 28 17 45 24 69 111 145 125 105 35 119 99 41 65 84 64 52 0 82 15 14 92 88 47 110 93 2 104 140 94 80 4 25 61 147 9 50 109 129 81 95 75 58 20 46 106 132 66 68 59 12 139 144 23 128 70 36 97 40 48 74 8 39 101 33 137 131 149 19 38 5 122 133 55 26 11 76 103 121 102 83 37 78 115 138 49 123 72 10 71 60 30 86 148 27 90 146 32 67 56
Coste: 634136740

GENERACION: 51
Mejor Solucion:  136 135 143 87 141 85 134 130 73 21 113 3 51 16 96 108 7 91 42 44 116 63 31 62 117 34 118 98 57 89 18 29 127 79 22 43 54 53 6 124 107 120 13 142 114 112 77 1 126 100 28 17 45 24 69 111 145 125 105 35 119 99 41 65 84 64 52 0 82 15 14 92 88 47 110 93 2 104 140 94 80 4 25 61 147 9 50 109 129 81 95 75 58 20 46 106 132 66 68 59 12 139 144 23 128 70 36 97 40 48 74 8 39 101 33 137 131 149 19 38 5 122 133 55 26 11 76 103 121 102 83 37 78 115 138 49 123 72 10 71 60 30 86 148 27 90 146 32 67 56
Coste: 634136740

GENERACION: 52
Mejor Solucion:  136 135 143 87 141 85 134 130 73 21 113 3 51 16 96 108 7 91 42 44 116 63 31 62 117 34 118 98 57 89 18 29 127 79 22 43 54 53 6 124 107 120 13 142 114 112 77 1 126 100 28 17 45 24 69 111 145 125 105 35 119 99 41 65 84 64 52 0 82 15 14 92 88 47 110 93 2 104 140 94 80 4 25 61 147 9 50 109 129 81 95 75 58 20 46 106 132 66 68 59 12 139 144 23 128 70 36 97 40 48 74 8 39 101 33 137 131 149 19 38 5 122 133 55 26 11 76 103 121 102 83 37 78 115 138 49 123 72 10 71 60 30 86 148 27 90 146 32 67 56
Coste: 634136740

GENERACION: 53
Mejor Solucion:  136 135 143 87 141 85 134 130 73 21 113 3 51 16 96 108 7 91 42 44 116 63 31 62 117 34 118 98 57 89 18 29 127 79 22 43 54 53 6 124 107 120 13 142 114 112 77 1 126 100 28 17 45 24 69 111 145 125 105 35 119 99 41 65 84 64 52 0 82 15 14 92 88 47 110 93 2 104 140 94 80 4 25 61 147 9 50 109 129 81 95 75 58 20 46 106 132 66 68 59 12 139 144 23 128 70 36 97 40 48 74 8 39 101 33 137 131 149 19 38 5 122 133 55 26 11 76 103 121 102 83 37 78 115 138 49 123 72 10 71 60 30 86 148 27 90 146 32 67 56
Coste: 634136740

GENERACION: 54
Mejor Solucion:  136 135 143 87 141 85 134 130 73 21 113 3 51 16 96 108 7 91 42 44 116 63 31 62 117 34 118 98 57 89 18 29 127 79 22 43 54 53 6 124 107 120 13 142 114 112 77 1 126 100 28 17 45 24 69 111 145 125 105 35 119 99 41 65 84 64 52 0 82 15 14 92 88 47 110 93 2 104 140 94 80 4 25 61 147 9 50 109 129 81 95 75 58 20 46 106 132 66 68 59 12 139 144 23 128 70 36 97 40 48 74 8 39 101 33 137 131 149 19 38 5 122 133 55 26 11 76 103 121 102 83 37 78 115 138 49 123 72 10 71 60 30 86 148 27 90 146 32 67 56
Coste: 634136740

GENERACION: 55
Mejor Solucion:  136 135 143 87 141 85 134 130 73 21 113 3 51 16 96 108 7 91 42 44 116 63 31 62 117 34 118 98 57 89 18 29 127 79 22 43 54 53 6 124 107 120 13 142 114 112 77 1 126 100 28 17 45 24 69 111 145 125 105 35 119 99 41 65 84 64 52 0 82 15 14 92 88 47 110 93 2 104 140 94 80 4 25 61 147 9 50 109 129 81 95 75 58 20 46 106 132 66 68 59 12 139 144 23 128 70 36 97 40 48 74 8 39 101 33 137 131 149 19 38 5 122 133 55 26 11 76 103 121 102 83 37 78 115 138 49 123 72 10 71 60 30 86 148 27 90 146 32 67 56
Coste: 634136740

GENERACION: 56
Mejor Solucion:  136 135 143 87 141 85 134 130 73 21 113 3 51 16 96 108 7 91 42 44 116 63 31 62 117 34 118 98 57 89 18 29 127 79 22 43 54 53 6 124 107 120 13 142 114 112 77 1 126 100 28 17 45 24 69 111 145 125 105 35 119 99 41 65 84 64 52 0 82 15 14 92 88 47 110 93 2 104 140 94 80 4 25 61 147 9 50 109 129 81 95 75 58 20 46 106 132 66 68 59 12 139 144 23 128 70 36 97 40 48 74 8 39 101 33 137 131 149 19 38 5 122 133 55 26 11 76 103 121 102 83 37 78 115 138 49 123 72 10 71 60 30 86 148 27 90 146 32 67 56
Coste: 634136740

GENERACION: 57
Mejor Solucion:  136 135 143 87 141 85 134 130 73 21 113 3 51 16 96 108 7 91 42 44 116 63 31 62 117 34 118 98 57 89 18 29 127 79 22 43 54 53 6 124 107 120 13 142 114 112 77 1 126 100 28 17 45 24 69 111 145 125 105 35 119 99 41 65 84 64 52 0 82 15 14 92 88 47 110 93 2 104 140 94 80 4 25 61 147 9 50 109 129 81 95 75 58 20 46 106 132 66 68 59 12 139 144 23 128 70 36 97 40 48 74 8 39 101 33 137 131 149 19 38 5 122 133 55 26 11 76 103 121 102 83 37 78 115 138 49 123 72 10 71 60 30 86 148 27 90 146 32 67 56
Coste: 634136740

GENERACION: 58
Mejor Solucion:  136 135 143 87 141 85 134 130 73 21 113 3 51 16 96 108 7 91 42 44 116 63 31 62 117 34 118 98 57 89 18 29 127 79 22 43 54 53 6 124 107 120 13 142 114 112 77 1 126 100 28 17 45 24 69 111 145 125 105 35 119 99 41 65 84 64 52 0 82 15 14 92 88 47 110 93 2 104 140 94 80 4 25 61 147 9 50 109 129 81 95 75 58 20 46 106 132 66 68 59 12 139 144 23 128 70 36 97 40 48 74 8 39 101 33 137 131 149 19 38 5 122 133 55 26 11 76 103 121 102 83 37 78 115 138 49 123 72 10 71 60 30 86 148 27 90 146 32 67 56
Coste: 634136740

GENERACION: 59
Mejor Solucion:  136 135 143 87 141 85 134 130 73 21 113 3 51 16 96 108 7 91 42 44 116 63 31 62 117 34 118 98 57 89 18 29 127 79 22 43 54 53 6 124 107 120 13 142 114 112 77 1 126 100 28 17 45 24 69 111 145 125 105 35 119 99 41 65 84 64 52 0 82 15 14 92 88 47 110 93 2 104 140 94 80 4 25 61 147 9 50 109 129 81 95 75 58 20 46 106 132 66 68 59 12 139 144 23 128 70 36 97 40 48 74 8 39 101 33 137 131 149 19 38 5 122 133 55 26 11 76 103 121 102 83 37 78 115 138 49 123 72 10 71 60 30 86 148 27 90 146 32 67 56
Coste: 634136740

GENERACION: 60
Mejor Solucion:  136 135 143 87 141 85 134 130 73 21 113 3 51 16 96 108 7 91 42 44 116 63 31 62 117 34 118 98 57 89 18 29 127 79 22 43 54 53 6 124 107 120 13 142 114 112 77 1 126 100 28 17 45 24 69 111 145 125 105 35 119 99 41 65 84 64 52 0 82 15 14 92 88 47 110 93 2 104 140 94 80 4 25 61 147 9 50 109 129 81 95 75 58 20 46 106 132 66 68 59 12 139 144 23 128 70 36 97 40 48 74 8 39 101 33 137 131 149 19 38 5 122 133 55 26 11 76 103 121 102 83 37 78 115 138 49 123 72 10 71 60 30 86 148 27 90 146 32 67 56
Coste: 634136740

GENERACION: 61
Mejor Solucion:  136 135 143 87 141 85 134 130 73 21 113 3 51 16 96 108 7 91 42 44 116 63 31 62 117 34 118 98 57 89 18 29 127 79 22 43 54 53 6 124 107 120 13 142 114 112 77 1 126 100 28 17 45 24 69 111 145 125 105 35 119 99 41 65 84 64 52 0 82 15 14 92 88 47 110 93 2 104 140 94 80 4 25 61 147 9 50 109 129 81 95 75 58 20 46 106 132 66 68 59 12 139 144 23 128 70 36 97 40 48 74 8 39 101 33 137 131 149 19 38 5 122 133 55 26 11 76 103 121 102 83 37 78 115 138 49 123 72 10 71 60 30 86 148 27 90 146 32 67 56
Coste: 634136740

