GENERACION: 1
Mejor Solucion:  22 81 103 100 46 36 112 60 67 63 31 14 34 83 104 48 40 24 54 118 28 50 94 59 120 25 20 76 56 88 79 90 115 109 27 3 8 58 127 87 80 71 101 93 10 77 2 125 92 75 97 86 19 99 82 73 84 126 108 16 6 43 45 111 15 96 74 26 98 30 113 91 52 124 33 5 13 85 123 65 70 55 116 106 68 9 17 49 69 7 107 1 35 42 18 89 12 23 38 95 29 4 53 117 21 51 114 119 121 61 122 11 78 47 0 110 64 57 72 39 44 62 102 66 105 32 37 41
Coste: 288

GENERACION: 2
Mejor Solucion:  22 81 103 100 46 36 112 60 67 63 31 14 34 83 104 48 40 24 54 118 28 50 94 59 120 25 20 76 56 88 79 90 115 109 27 3 8 58 127 87 80 71 101 93 10 77 2 125 92 75 97 86 19 99 82 73 84 126 108 16 6 43 45 111 15 96 74 26 98 30 113 91 52 124 33 5 13 85 123 65 70 55 116 106 68 9 17 49 69 7 107 1 35 42 18 89 12 23 38 95 29 4 53 117 21 51 114 119 121 61 122 11 78 47 0 110 64 57 72 39 44 62 102 66 105 32 37 41
Coste: 288

GENERACION: 3
Mejor Solucion:  22 81 103 100 46 36 112 60 67 63 31 14 34 83 104 48 40 24 54 118 28 50 94 59 120 25 20 76 56 88 79 90 115 109 27 3 8 58 127 87 80 71 101 93 10 77 2 125 92 75 97 86 19 99 82 73 84 126 108 16 6 43 45 111 15 96 74 26 98 30 113 91 52 124 33 5 13 85 123 65 70 55 116 106 68 9 17 49 69 7 107 1 35 42 18 89 12 23 38 95 29 4 53 117 21 51 114 119 121 61 122 11 78 47 0 110 64 57 72 39 44 62 102 66 105 32 37 41
Coste: 288

GENERACION: 4
Mejor Solucion:  22 81 103 100 46 36 112 60 67 63 31 14 34 83 104 48 40 24 54 118 28 50 94 59 120 25 20 76 56 88 79 90 115 109 27 3 8 58 127 87 80 71 101 93 10 77 2 125 92 75 97 86 19 99 82 73 84 126 108 16 6 43 45 111 15 96 74 26 98 30 113 91 52 124 33 5 13 85 123 65 70 55 116 106 68 9 17 49 69 7 107 1 35 42 18 89 12 23 38 95 29 4 53 117 21 51 114 119 121 61 122 11 78 47 0 110 64 57 72 39 44 62 102 66 105 32 37 41
Coste: 288

GENERACION: 5
Mejor Solucion:  22 81 103 100 46 36 112 60 67 63 31 14 34 83 104 48 40 24 54 118 28 50 94 59 120 25 20 76 56 88 79 90 115 109 27 3 8 58 127 87 80 71 101 93 10 77 2 125 92 75 97 86 19 99 82 73 84 126 108 16 6 43 45 111 15 96 74 26 98 30 113 91 52 124 33 5 13 85 123 65 70 55 116 106 68 9 17 49 69 7 107 1 35 42 18 89 12 23 38 95 29 4 53 117 21 51 114 119 121 61 122 11 78 47 0 110 64 57 72 39 44 62 102 66 105 32 37 41
Coste: 288

GENERACION: 6
Mejor Solucion:  95 86 77 112 80 4 71 30 79 0 124 5 98 127 100 45 28 115 117 47 10 25 119 36 39 57 107 89 122 19 125 32 7 73 46 14 69 22 2 54 50 103 51 42 81 82 126 108 3 31 64 11 56 33 84 68 53 88 18 106 20 116 121 70 24 74 90 91 114 92 75 109 96 65 78 52 58 12 6 102 113 23 93 101 111 59 44 60 41 38 8 94 85 37 72 99 26 118 63 61 123 34 49 55 29 48 35 9 13 67 66 43 83 27 16 105 120 62 15 40 1 76 110 87 21 104 17 97
Coste: 277

GENERACION: 7
Mejor Solucion:  95 86 77 112 80 4 71 30 79 0 124 5 98 127 100 45 28 115 117 47 10 25 119 36 39 57 107 89 122 19 125 32 7 73 46 14 69 22 2 54 50 103 51 42 81 82 126 108 3 31 64 11 56 33 84 68 53 88 18 106 20 116 121 70 24 74 90 91 114 92 75 109 96 65 78 52 58 12 6 102 113 23 93 101 111 59 44 60 41 38 8 94 85 37 72 99 26 118 63 61 123 34 49 55 29 48 35 9 13 67 66 43 83 27 16 105 120 62 15 40 1 76 110 87 21 104 17 97
Coste: 277

GENERACION: 8
Mejor Solucion:  95 86 77 112 80 4 71 30 79 0 124 5 98 127 100 45 28 115 117 47 10 25 119 36 39 57 107 89 122 19 125 32 7 73 46 14 69 22 2 54 50 103 51 42 81 82 126 108 3 31 64 11 56 33 84 68 53 88 18 106 20 116 121 70 24 74 90 91 114 92 75 109 96 65 78 52 58 12 6 102 113 23 93 101 111 59 44 60 41 38 8 94 85 37 72 99 26 118 63 61 123 34 49 55 29 48 35 9 13 67 66 43 83 27 16 105 120 62 15 40 1 76 110 87 21 104 17 97
Coste: 277

GENERACION: 9
Mejor Solucion:  95 86 77 112 80 4 71 30 79 0 124 5 98 127 100 45 28 115 117 47 10 25 119 36 39 57 107 89 122 19 125 32 7 73 46 14 69 22 2 54 50 103 51 42 81 82 126 108 3 31 64 11 56 33 84 68 53 88 18 106 20 116 121 70 24 74 90 91 114 92 75 109 96 65 78 52 58 12 6 102 113 23 93 101 111 59 44 60 41 38 8 94 85 37 72 99 26 118 63 61 123 34 49 55 29 48 35 9 13 67 66 43 83 27 16 105 120 62 15 40 1 76 110 87 21 104 17 97
Coste: 277

GENERACION: 10
Mejor Solucion:  95 86 77 112 80 4 71 30 79 0 124 5 98 127 100 45 28 115 117 47 10 25 119 36 39 57 107 89 122 19 125 32 7 73 46 14 69 22 2 54 50 103 51 42 81 82 126 108 3 31 64 11 56 33 84 68 53 88 18 106 20 116 121 70 24 74 90 91 114 92 75 109 96 65 78 52 58 12 6 102 113 23 93 101 111 59 44 60 41 38 8 94 85 37 72 99 26 118 63 61 123 34 49 55 29 48 35 9 13 67 66 43 83 27 16 105 120 62 15 40 1 76 110 87 21 104 17 97
Coste: 277

GENERACION: 11
Mejor Solucion:  95 86 77 112 80 4 71 30 79 0 124 5 98 127 100 45 28 115 117 47 10 25 119 36 39 57 107 89 122 19 125 32 7 73 46 14 69 22 2 54 50 103 51 42 81 82 126 108 3 31 64 11 56 33 84 68 53 88 18 106 20 116 121 70 24 74 90 91 114 92 75 109 96 65 78 52 58 12 6 102 113 23 93 101 111 59 44 60 41 38 8 94 85 37 72 99 26 118 63 61 123 34 49 55 29 48 35 9 13 67 66 43 83 27 16 105 120 62 15 40 1 76 110 87 21 104 17 97
Coste: 277

GENERACION: 12
Mejor Solucion:  95 86 77 112 80 4 71 30 79 0 124 5 98 127 100 45 28 115 117 47 10 25 119 36 39 57 107 89 122 19 125 32 7 73 46 14 69 22 2 54 50 103 51 42 81 82 126 108 3 31 64 11 56 33 84 68 53 88 18 106 20 116 121 70 24 74 90 91 114 92 75 109 96 65 78 52 58 12 6 102 113 23 93 101 111 59 44 60 41 38 8 94 85 37 72 99 26 118 63 61 123 34 49 55 29 48 35 9 13 67 66 43 83 27 16 105 120 62 15 40 1 76 110 87 21 104 17 97
Coste: 277

GENERACION: 13
Mejor Solucion:  100 126 90 36 110 10 25 120 54 59 18 97 83 89 80 19 53 84 109 73 58 14 76 24 113 103 13 35 107 64 1 88 94 108 27 0 123 74 87 92 7 16 95 68 91 11 40 56 111 38 44 42 37 33 82 86 125 31 2 72 20 116 75 70 22 114 51 8 62 34 99 104 96 65 78 52 12 39 6 102 50 23 93 101 47 43 60 41 32 63 28 85 71 124 3 118 17 48 9 67 119 15 30 21 127 112 29 79 26 5 81 66 4 69 46 122 121 55 105 77 49 98 115 106 57 45 117 61
Coste: 274

GENERACION: 14
Mejor Solucion:  100 126 90 36 110 10 25 120 54 59 18 97 83 89 80 19 53 84 109 73 58 14 76 24 113 103 13 35 107 64 1 88 94 108 27 0 123 74 87 92 7 16 95 68 91 11 40 56 111 38 44 42 37 33 82 86 125 31 2 72 20 116 75 70 22 114 51 8 62 34 99 104 96 65 78 52 12 39 6 102 50 23 93 101 47 43 60 41 32 63 28 85 71 124 3 118 17 48 9 67 119 15 30 21 127 112 29 79 26 5 81 66 4 69 46 122 121 55 105 77 49 98 115 106 57 45 117 61
Coste: 274

GENERACION: 15
Mejor Solucion:  100 126 90 36 110 10 25 120 54 59 18 97 83 89 80 19 53 84 109 73 58 14 76 24 113 103 13 35 107 64 1 88 94 108 27 0 123 74 87 92 7 16 95 68 91 11 40 56 111 38 44 42 37 33 82 86 125 31 2 72 20 116 75 70 22 114 51 8 62 34 99 104 96 65 78 52 12 39 6 102 50 23 93 101 47 43 60 41 32 63 28 85 71 124 3 118 17 48 9 67 119 15 30 21 127 112 29 79 26 5 81 66 4 69 46 122 121 55 105 77 49 98 115 106 57 45 117 61
Coste: 274

GENERACION: 16
Mejor Solucion:  100 126 90 36 110 10 25 120 54 59 18 97 83 89 80 19 53 84 109 73 58 14 76 24 113 103 13 35 107 64 1 88 94 108 27 0 123 74 87 92 7 16 95 68 91 11 40 56 111 38 44 42 37 33 82 86 125 31 2 72 20 116 75 70 22 114 51 8 62 34 99 104 96 65 78 52 12 39 6 102 50 23 93 101 47 43 60 41 32 63 28 85 71 124 3 118 17 48 9 67 119 15 30 21 127 112 29 79 26 5 81 66 4 69 46 122 121 55 105 77 49 98 115 106 57 45 117 61
Coste: 274

GENERACION: 17
Mejor Solucion:  100 126 90 36 110 10 25 120 54 59 18 97 83 89 80 19 53 84 109 73 58 14 76 24 113 103 13 35 107 64 1 88 94 108 27 0 123 74 87 92 7 16 95 68 91 11 40 56 111 38 44 42 37 33 82 86 125 31 2 72 20 116 75 70 22 114 51 8 62 34 99 104 96 65 78 52 12 39 6 102 50 23 93 101 47 43 60 41 32 63 28 85 71 124 3 118 17 48 9 67 119 15 30 21 127 112 29 79 26 5 81 66 4 69 46 122 121 55 105 77 49 98 115 106 57 45 117 61
Coste: 274

GENERACION: 18
Mejor Solucion:  100 126 90 36 110 10 25 120 54 59 18 97 83 89 80 19 53 84 109 73 58 14 76 24 113 103 13 35 107 64 1 88 94 108 27 0 123 74 87 92 7 16 95 68 91 11 40 56 111 38 44 42 37 33 82 86 125 31 2 72 20 116 75 70 22 114 51 8 62 34 99 104 96 65 78 52 12 39 6 102 50 23 93 101 47 43 60 41 32 63 28 85 71 124 3 118 17 48 9 67 119 15 30 21 127 112 29 79 26 5 81 66 4 69 46 122 121 55 105 77 49 98 115 106 57 45 117 61
Coste: 274

GENERACION: 19
Mejor Solucion:  100 126 90 36 110 10 25 120 54 59 18 97 83 89 80 19 53 84 109 73 58 14 76 24 113 103 13 35 107 64 1 88 94 108 27 0 123 74 87 92 7 16 95 68 91 11 40 56 111 38 44 42 37 33 82 86 125 31 2 72 20 116 75 70 22 114 51 8 62 34 99 104 96 65 78 52 12 39 6 102 50 23 93 101 47 43 60 41 32 63 28 85 71 124 3 118 17 48 9 67 119 15 30 21 127 112 29 79 26 5 81 66 4 69 46 122 121 55 105 77 49 98 115 106 57 45 117 61
Coste: 274

GENERACION: 20
Mejor Solucion:  100 126 90 36 110 10 25 120 54 59 18 97 83 89 80 19 53 84 109 73 58 14 76 24 113 103 13 35 107 64 1 88 94 108 27 0 123 74 87 92 7 16 95 68 91 11 40 56 111 38 44 42 37 33 82 86 125 31 2 72 20 116 75 70 22 114 51 8 62 34 99 104 96 65 78 52 12 39 6 102 50 23 93 101 47 43 60 41 32 63 28 85 71 124 3 118 17 48 9 67 119 15 30 21 127 112 29 79 26 5 81 66 4 69 46 122 121 55 105 77 49 98 115 106 57 45 117 61
Coste: 274

GENERACION: 21
Mejor Solucion:  100 126 90 36 110 10 25 120 54 59 18 97 83 89 80 19 53 84 109 73 58 14 76 24 113 103 13 35 107 64 1 88 94 108 27 0 123 74 87 92 7 16 95 68 91 11 40 56 111 38 44 42 37 33 82 86 125 31 2 72 20 116 75 70 22 114 51 8 62 34 99 104 96 65 78 52 12 39 6 102 50 23 93 101 47 43 60 41 32 63 28 85 71 124 3 118 17 48 9 67 119 15 30 21 127 112 29 79 26 5 81 66 4 69 46 122 121 55 105 77 49 98 115 106 57 45 117 61
Coste: 274

GENERACION: 22
Mejor Solucion:  100 126 90 36 110 10 25 120 54 59 18 97 83 89 80 19 53 84 109 73 58 14 76 24 113 103 13 35 107 64 1 88 94 108 27 0 123 74 87 92 7 16 95 68 91 11 40 56 111 38 44 42 37 33 82 86 125 31 2 72 20 116 75 70 22 114 51 8 62 34 99 104 96 65 78 52 12 39 6 102 50 23 93 101 47 43 60 41 32 63 28 85 71 124 3 118 17 48 9 67 119 15 30 21 127 112 29 79 26 5 81 66 4 69 46 122 121 55 105 77 49 98 115 106 57 45 117 61
Coste: 274

GENERACION: 23
Mejor Solucion:  100 126 90 36 110 10 25 120 54 59 18 97 83 89 80 19 53 84 109 73 58 14 76 24 113 103 13 35 107 64 1 88 94 108 27 0 123 74 87 92 7 16 95 68 91 11 40 56 111 38 44 42 37 33 82 86 125 31 2 72 20 116 75 70 22 114 51 8 62 34 99 104 96 65 78 52 12 39 6 102 50 23 93 101 47 43 60 41 32 63 28 85 71 124 3 118 17 48 9 67 119 15 30 21 127 112 29 79 26 5 81 66 4 69 46 122 121 55 105 77 49 98 115 106 57 45 117 61
Coste: 274

GENERACION: 24
Mejor Solucion:  100 126 90 36 110 10 25 120 54 59 18 97 83 89 80 19 53 84 109 73 58 14 76 24 113 103 13 35 107 64 1 88 94 108 27 0 123 74 87 92 7 16 95 68 91 11 40 56 111 38 44 42 37 33 82 86 125 31 2 72 20 116 75 70 22 114 51 8 62 34 99 104 96 65 78 52 12 39 6 102 50 23 93 101 47 43 60 41 32 63 28 85 71 124 3 118 17 48 9 67 119 15 30 21 127 112 29 79 26 5 81 66 4 69 46 122 121 55 105 77 49 98 115 106 57 45 117 61
Coste: 274

GENERACION: 25
Mejor Solucion:  100 126 90 36 110 10 25 120 54 59 18 97 83 89 80 19 53 84 109 73 58 14 76 24 113 103 13 35 107 64 1 88 94 108 27 0 123 74 87 92 7 16 95 68 91 11 40 56 111 38 44 42 37 33 82 86 125 31 2 72 20 116 75 70 22 114 51 8 62 34 99 104 96 65 78 52 12 39 6 102 50 23 93 101 47 43 60 41 32 63 28 85 71 124 3 118 17 48 9 67 119 15 30 21 127 112 29 79 26 5 81 66 4 69 46 122 121 55 105 77 49 98 115 106 57 45 117 61
Coste: 274

GENERACION: 26
Mejor Solucion:  100 126 90 36 110 10 25 120 54 59 18 97 83 89 80 19 53 84 109 73 58 14 76 24 113 103 13 35 107 64 1 88 94 108 27 0 123 74 87 92 7 16 95 68 91 11 40 56 111 38 44 42 37 33 82 86 125 31 2 72 20 116 75 70 22 114 51 8 62 34 99 104 96 65 78 52 12 39 6 102 50 23 93 101 47 43 60 41 32 63 28 85 71 124 3 118 17 48 9 67 119 15 30 21 127 112 29 79 26 5 81 66 4 69 46 122 121 55 105 77 49 98 115 106 57 45 117 61
Coste: 274

GENERACION: 27
Mejor Solucion:  100 126 90 36 110 10 25 120 54 59 18 97 83 89 80 19 53 84 109 73 58 14 76 24 113 103 13 35 107 64 1 88 94 108 27 0 123 74 87 92 7 16 95 68 91 11 40 56 111 38 44 42 37 33 82 86 125 31 2 72 20 116 75 70 22 114 51 8 62 34 99 104 96 65 78 52 12 39 6 102 50 23 93 101 47 43 60 41 32 63 28 85 71 124 3 118 17 48 9 67 119 15 30 21 127 112 29 79 26 5 81 66 4 69 46 122 121 55 105 77 49 98 115 106 57 45 117 61
Coste: 274

GENERACION: 28
Mejor Solucion:  100 126 90 36 110 10 25 120 54 59 18 97 83 89 80 19 53 84 109 73 58 14 76 24 113 103 13 35 107 64 1 88 94 108 27 0 123 74 87 92 7 16 95 68 91 11 40 56 111 38 44 42 37 33 82 86 125 31 2 72 20 116 75 70 22 114 51 8 62 34 99 104 96 65 78 52 12 39 6 102 50 23 93 101 47 43 60 41 32 63 28 85 71 124 3 118 17 48 9 67 119 15 30 21 127 112 29 79 26 5 81 66 4 69 46 122 121 55 105 77 49 98 115 106 57 45 117 61
Coste: 274

GENERACION: 29
Mejor Solucion:  100 126 90 36 110 10 25 120 54 59 18 97 83 89 80 19 53 84 109 73 58 14 76 24 113 103 13 35 107 64 1 88 94 108 27 0 123 74 87 92 7 16 95 68 91 11 40 56 111 38 44 42 37 33 82 86 125 31 2 72 20 116 75 70 22 114 51 8 62 34 99 104 96 65 78 52 12 39 6 102 50 23 93 101 47 43 60 41 32 63 28 85 71 124 3 118 17 48 9 67 119 15 30 21 127 112 29 79 26 5 81 66 4 69 46 122 121 55 105 77 49 98 115 106 57 45 117 61
Coste: 274

GENERACION: 30
Mejor Solucion:  100 126 90 36 110 10 25 120 54 59 18 97 83 89 80 19 53 84 109 73 58 14 76 24 113 103 13 35 107 64 1 88 94 108 27 0 123 74 87 92 7 16 95 68 91 11 40 56 111 38 44 42 37 33 82 86 125 31 2 72 20 116 75 70 22 114 51 8 62 34 99 104 96 65 78 52 12 39 6 102 50 23 93 101 47 43 60 41 32 63 28 85 71 124 3 118 17 48 9 67 119 15 30 21 127 112 29 79 26 5 81 66 4 69 46 122 121 55 105 77 49 98 115 106 57 45 117 61
Coste: 274

GENERACION: 31
Mejor Solucion:  100 126 90 36 110 10 25 120 54 59 18 97 83 89 80 19 53 84 109 73 58 14 76 24 113 103 13 35 107 64 1 88 94 108 27 0 123 74 87 92 7 16 95 68 91 11 40 56 111 38 44 42 37 33 82 86 125 31 2 72 20 116 75 70 22 114 51 8 62 34 99 104 96 65 78 52 12 39 6 102 50 23 93 101 47 43 60 41 32 63 28 85 71 124 3 118 17 48 9 67 119 15 30 21 127 112 29 79 26 5 81 66 4 69 46 122 121 55 105 77 49 98 115 106 57 45 117 61
Coste: 274

GENERACION: 32
Mejor Solucion:  100 126 90 36 110 10 25 120 54 59 18 97 83 89 80 19 53 84 109 73 58 14 76 24 113 103 13 35 107 64 1 88 94 108 27 0 123 74 87 92 7 16 95 68 91 11 40 56 111 38 44 42 37 33 82 86 125 31 2 72 20 116 75 70 22 114 51 8 62 34 99 104 96 65 78 52 12 39 6 102 50 23 93 101 47 43 60 41 32 63 28 85 71 124 3 118 17 48 9 67 119 15 30 21 127 112 29 79 26 5 81 66 4 69 46 122 121 55 105 77 49 98 115 106 57 45 117 61
Coste: 274

GENERACION: 33
Mejor Solucion:  100 126 90 36 110 10 25 120 54 59 18 97 83 89 80 19 53 84 109 73 58 14 76 24 113 103 13 35 107 64 1 88 94 108 27 0 123 74 87 92 7 16 95 68 91 11 40 56 111 38 44 42 37 33 82 86 125 31 2 72 20 116 75 70 22 114 51 8 62 34 99 104 96 65 78 52 12 39 6 102 50 23 93 101 47 43 60 41 32 63 28 85 71 124 3 118 17 48 9 67 119 15 30 21 127 112 29 79 26 5 81 66 4 69 46 122 121 55 105 77 49 98 115 106 57 45 117 61
Coste: 274

GENERACION: 34
Mejor Solucion:  100 126 90 36 110 10 25 120 54 59 18 97 83 89 80 19 53 84 109 73 58 14 76 24 113 103 13 35 107 64 1 88 94 108 27 0 123 74 87 92 7 16 95 68 91 11 40 56 111 38 44 42 37 33 82 86 125 31 2 72 20 116 75 70 22 114 51 8 62 34 99 104 96 65 78 52 12 39 6 102 50 23 93 101 47 43 60 41 32 63 28 85 71 124 3 118 17 48 9 67 119 15 30 21 127 112 29 79 26 5 81 66 4 69 46 122 121 55 105 77 49 98 115 106 57 45 117 61
Coste: 274

GENERACION: 35
Mejor Solucion:  100 126 90 36 110 10 25 120 54 59 18 97 83 89 80 19 53 84 109 73 58 14 76 24 113 103 13 35 107 64 1 88 94 108 27 0 123 74 87 92 7 16 95 68 91 11 40 56 111 38 44 42 37 33 82 86 125 31 2 72 20 116 75 70 22 114 51 8 62 34 99 104 96 65 78 52 12 39 6 102 50 23 93 101 47 43 60 41 32 63 28 85 71 124 3 118 17 48 9 67 119 15 30 21 127 112 29 79 26 5 81 66 4 69 46 122 121 55 105 77 49 98 115 106 57 45 117 61
Coste: 274

GENERACION: 36
Mejor Solucion:  100 126 90 36 110 10 25 120 54 59 18 97 83 89 80 19 53 84 109 73 58 14 76 24 113 103 13 35 107 64 1 88 94 108 27 0 123 74 87 92 7 16 95 68 91 11 40 56 111 38 44 42 37 33 82 86 125 31 2 72 20 116 75 70 22 114 51 8 62 34 99 104 96 65 78 52 12 39 6 102 50 23 93 101 47 43 60 41 32 63 28 85 71 124 3 118 17 48 9 67 119 15 30 21 127 112 29 79 26 5 81 66 4 69 46 122 121 55 105 77 49 98 115 106 57 45 117 61
Coste: 274

GENERACION: 37
Mejor Solucion:  100 126 90 36 110 10 25 120 54 59 18 97 83 89 80 19 53 84 109 73 58 14 76 24 113 103 13 35 107 64 1 88 94 108 27 0 123 74 87 92 7 16 95 68 91 11 40 56 111 38 44 42 37 33 82 86 125 31 2 72 20 116 75 70 22 114 51 8 62 34 99 104 96 65 78 52 12 39 6 102 50 23 93 101 47 43 60 41 32 63 28 85 71 124 3 118 17 48 9 67 119 15 30 21 127 112 29 79 26 5 81 66 4 69 46 122 121 55 105 77 49 98 115 106 57 45 117 61
Coste: 274

GENERACION: 38
Mejor Solucion:  100 126 90 36 110 10 25 120 54 59 18 97 83 89 80 19 53 84 109 73 58 14 76 24 113 103 13 35 107 64 1 88 94 108 27 0 123 74 87 92 7 16 95 68 91 11 40 56 111 38 44 42 37 33 82 86 125 31 2 72 20 116 75 70 22 114 51 8 62 34 99 104 96 65 78 52 12 39 6 102 50 23 93 101 47 43 60 41 32 63 28 85 71 124 3 118 17 48 9 67 119 15 30 21 127 112 29 79 26 5 81 66 4 69 46 122 121 55 105 77 49 98 115 106 57 45 117 61
Coste: 274

GENERACION: 39
Mejor Solucion:  100 126 90 36 110 10 25 120 54 59 18 97 83 89 80 19 53 84 109 73 58 14 76 24 113 103 13 35 107 64 1 88 94 108 27 0 123 74 87 92 7 16 95 68 91 11 40 56 111 38 44 42 37 33 82 86 125 31 2 72 20 116 75 70 22 114 51 8 62 34 99 104 96 65 78 52 12 39 6 102 50 23 93 101 47 43 60 41 32 63 28 85 71 124 3 118 17 48 9 67 119 15 30 21 127 112 29 79 26 5 81 66 4 69 46 122 121 55 105 77 49 98 115 106 57 45 117 61
Coste: 274

GENERACION: 40
Mejor Solucion:  100 126 90 36 110 10 25 120 54 59 18 97 83 89 80 19 53 84 109 73 58 14 76 24 113 103 13 35 107 64 1 88 94 108 27 0 123 74 87 92 7 16 95 68 91 11 40 56 111 38 44 42 37 33 82 86 125 31 2 72 20 116 75 70 22 114 51 8 62 34 99 104 96 65 78 52 12 39 6 102 50 23 93 101 47 43 60 41 32 63 28 85 71 124 3 118 17 48 9 67 119 15 30 21 127 112 29 79 26 5 81 66 4 69 46 122 121 55 105 77 49 98 115 106 57 45 117 61
Coste: 274

GENERACION: 41
Mejor Solucion:  100 126 90 36 110 10 25 120 54 59 18 97 83 89 80 19 53 84 109 73 58 14 76 24 113 103 13 35 107 64 1 88 94 108 27 0 123 74 87 92 7 16 95 68 91 11 40 56 111 38 44 42 37 33 82 86 125 31 2 72 20 116 75 70 22 114 51 8 62 34 99 104 96 65 78 52 12 39 6 102 50 23 93 101 47 43 60 41 32 63 28 85 71 124 3 118 17 48 9 67 119 15 30 21 127 112 29 79 26 5 81 66 4 69 46 122 121 55 105 77 49 98 115 106 57 45 117 61
Coste: 274

GENERACION: 42
Mejor Solucion:  100 126 90 36 110 10 25 120 54 59 18 97 83 89 80 19 53 84 109 73 58 14 76 24 113 103 13 35 107 64 1 88 94 108 27 0 123 74 87 92 7 16 95 68 91 11 40 56 111 38 44 42 37 33 82 86 125 31 2 72 20 116 75 70 22 114 51 8 62 34 99 104 96 65 78 52 12 39 6 102 50 23 93 101 47 43 60 41 32 63 28 85 71 124 3 118 17 48 9 67 119 15 30 21 127 112 29 79 26 5 81 66 4 69 46 122 121 55 105 77 49 98 115 106 57 45 117 61
Coste: 274

GENERACION: 43
Mejor Solucion:  100 126 90 36 110 10 25 120 54 59 18 97 83 89 80 19 53 84 109 73 58 14 76 24 113 103 13 35 107 64 1 88 94 108 27 0 123 74 87 92 7 16 95 68 91 11 40 56 111 38 44 42 37 33 82 86 125 31 2 72 20 116 75 70 22 114 51 8 62 34 99 104 96 65 78 52 12 39 6 102 50 23 93 101 47 43 60 41 32 63 28 85 71 124 3 118 17 48 9 67 119 15 30 21 127 112 29 79 26 5 81 66 4 69 46 122 121 55 105 77 49 98 115 106 57 45 117 61
Coste: 274

GENERACION: 44
Mejor Solucion:  100 126 90 36 110 10 25 120 54 59 18 97 83 89 80 19 53 84 109 73 58 14 76 24 113 103 13 35 107 64 1 88 94 108 27 0 123 74 87 92 7 16 95 68 91 11 40 56 111 38 44 42 37 33 82 86 125 31 2 72 20 116 75 70 22 114 51 8 62 34 99 104 96 65 78 52 12 39 6 102 50 23 93 101 47 43 60 41 32 63 28 85 71 124 3 118 17 48 9 67 119 15 30 21 127 112 29 79 26 5 81 66 4 69 46 122 121 55 105 77 49 98 115 106 57 45 117 61
Coste: 274

GENERACION: 45
Mejor Solucion:  100 126 90 36 110 10 25 120 54 59 18 97 83 89 80 19 53 84 109 73 58 14 76 24 113 103 13 35 107 64 1 88 94 108 27 0 123 74 87 92 7 16 95 68 91 11 40 56 111 38 44 42 37 33 82 86 125 31 2 72 20 116 75 70 22 114 51 8 62 34 99 104 96 65 78 52 12 39 6 102 50 23 93 101 47 43 60 41 32 63 28 85 71 124 3 118 17 48 9 67 119 15 30 21 127 112 29 79 26 5 81 66 4 69 46 122 121 55 105 77 49 98 115 106 57 45 117 61
Coste: 274

GENERACION: 46
Mejor Solucion:  100 126 90 36 110 10 25 120 54 59 18 97 83 89 80 19 53 84 109 73 58 14 76 24 113 103 13 35 107 64 1 88 94 108 27 0 123 74 87 92 7 16 95 68 91 11 40 56 111 38 44 42 37 33 82 86 125 31 2 72 20 116 75 70 22 114 51 8 62 34 99 104 96 65 78 52 12 39 6 102 50 23 93 101 47 43 60 41 32 63 28 85 71 124 3 118 17 48 9 67 119 15 30 21 127 112 29 79 26 5 81 66 4 69 46 122 121 55 105 77 49 98 115 106 57 45 117 61
Coste: 274

GENERACION: 47
Mejor Solucion:  20 47 50 44 114 81 99 5 104 123 34 97 14 107 116 82 28 62 94 22 86 96 111 110 126 10 58 75 49 113 15 42 9 98 109 68 37 38 84 80 55 65 89 16 0 66 3 118 59 29 77 127 25 90 100 33 61 1 43 7 122 60 83 53 12 72 119 6 24 101 63 35 88 112 93 2 27 78 121 124 39 71 70 74 23 46 91 17 108 36 31 64 87 85 8 21 30 56 26 79 67 106 48 52 32 117 41 4 54 19 13 115 40 76 120 92 125 11 18 73 51 57 105 69 45 103 102 95
Coste: 267

GENERACION: 48
Mejor Solucion:  20 47 50 44 114 81 99 5 104 123 34 97 14 107 116 82 28 62 94 22 86 96 111 110 126 10 58 75 49 113 15 42 9 98 109 68 37 38 84 80 55 65 89 16 0 66 3 118 59 29 77 127 25 90 100 33 61 1 43 7 122 60 83 53 12 72 119 6 24 101 63 35 88 112 93 2 27 78 121 124 39 71 70 74 23 46 91 17 108 36 31 64 87 85 8 21 30 56 26 79 67 106 48 52 32 117 41 4 54 19 13 115 40 76 120 92 125 11 18 73 51 57 105 69 45 103 102 95
Coste: 267

GENERACION: 49
Mejor Solucion:  20 47 50 44 114 81 99 5 104 123 34 97 14 107 116 82 28 62 94 22 86 96 111 110 126 10 58 75 49 113 15 42 9 98 109 68 37 38 84 80 55 65 89 16 0 66 3 118 59 29 77 127 25 90 100 33 61 1 43 7 122 60 83 53 12 72 119 6 24 101 63 35 88 112 93 2 27 78 121 124 39 71 70 74 23 46 91 17 108 36 31 64 87 85 8 21 30 56 26 79 67 106 48 52 32 117 41 4 54 19 13 115 40 76 120 92 125 11 18 73 51 57 105 69 45 103 102 95
Coste: 267

GENERACION: 50
Mejor Solucion:  20 47 50 44 114 81 99 5 104 123 34 97 14 107 116 82 28 62 94 22 86 96 111 110 126 10 58 75 49 113 15 42 9 98 109 68 37 38 84 80 55 65 89 16 0 66 3 118 59 29 77 127 25 90 100 33 61 1 43 7 122 60 83 53 12 72 119 6 24 101 63 35 88 112 93 2 27 78 121 124 39 71 70 74 23 46 91 17 108 36 31 64 87 85 8 21 30 56 26 79 67 106 48 52 32 117 41 4 54 19 13 115 40 76 120 92 125 11 18 73 51 57 105 69 45 103 102 95
Coste: 267

GENERACION: 51
Mejor Solucion:  20 47 50 44 114 81 99 5 104 123 34 97 14 107 116 82 28 62 94 22 86 96 111 110 126 10 58 75 49 113 15 42 9 98 109 68 37 38 84 80 55 65 89 16 0 66 3 118 59 29 77 127 25 90 100 33 61 1 43 7 122 60 83 53 12 72 119 6 24 101 63 35 88 112 93 2 27 78 121 124 39 71 70 74 23 46 91 17 108 36 31 64 87 85 8 21 30 56 26 79 67 106 48 52 32 117 41 4 54 19 13 115 40 76 120 92 125 11 18 73 51 57 105 69 45 103 102 95
Coste: 267

GENERACION: 52
Mejor Solucion:  20 47 50 44 114 81 99 5 104 123 34 97 14 107 116 82 28 62 94 22 86 96 111 110 126 10 58 75 49 113 15 42 9 98 109 68 37 38 84 80 55 65 89 16 0 66 3 118 59 29 77 127 25 90 100 33 61 1 43 7 122 60 83 53 12 72 119 6 24 101 63 35 88 112 93 2 27 78 121 124 39 71 70 74 23 46 91 17 108 36 31 64 87 85 8 21 30 56 26 79 67 106 48 52 32 117 41 4 54 19 13 115 40 76 120 92 125 11 18 73 51 57 105 69 45 103 102 95
Coste: 267

GENERACION: 53
Mejor Solucion:  20 47 50 44 114 81 99 5 104 123 34 97 14 107 116 82 28 62 94 22 86 96 111 110 126 10 58 75 49 113 15 42 9 98 109 68 37 38 84 80 55 65 89 16 0 66 3 118 59 29 77 127 25 90 100 33 61 1 43 7 122 60 83 53 12 72 119 6 24 101 63 35 88 112 93 2 27 78 121 124 39 71 70 74 23 46 91 17 108 36 31 64 87 85 8 21 30 56 26 79 67 106 48 52 32 117 41 4 54 19 13 115 40 76 120 92 125 11 18 73 51 57 105 69 45 103 102 95
Coste: 267

GENERACION: 54
Mejor Solucion:  20 47 50 44 114 81 99 5 104 123 34 97 14 107 116 82 28 62 94 22 86 96 111 110 126 10 58 75 49 113 15 42 9 98 109 68 37 38 84 80 55 65 89 16 0 66 3 118 59 29 77 127 25 90 100 33 61 1 43 7 122 60 83 53 12 72 119 6 24 101 63 35 88 112 93 2 27 78 121 124 39 71 70 74 23 46 91 17 108 36 31 64 87 85 8 21 30 56 26 79 67 106 48 52 32 117 41 4 54 19 13 115 40 76 120 92 125 11 18 73 51 57 105 69 45 103 102 95
Coste: 267

GENERACION: 55
Mejor Solucion:  20 47 50 44 114 81 99 5 104 123 34 97 14 107 116 82 28 62 94 22 86 96 111 110 126 10 58 75 49 113 15 42 9 98 109 68 37 38 84 80 55 65 89 16 0 66 3 118 59 29 77 127 25 90 100 33 61 1 43 7 122 60 83 53 12 72 119 6 24 101 63 35 88 112 93 2 27 78 121 124 39 71 70 74 23 46 91 17 108 36 31 64 87 85 8 21 30 56 26 79 67 106 48 52 32 117 41 4 54 19 13 115 40 76 120 92 125 11 18 73 51 57 105 69 45 103 102 95
Coste: 267

GENERACION: 56
Mejor Solucion:  44 96 103 123 20 7 22 51 86 62 5 104 18 102 94 99 110 114 111 14 34 57 45 100 126 47 58 95 49 113 15 42 10 98 109 68 37 38 84 80 55 65 89 91 0 121 3 118 59 29 77 127 25 90 11 33 61 1 43 116 122 79 83 53 12 27 119 6 24 101 63 35 88 112 93 78 72 2 23 124 32 71 70 74 48 46 16 17 108 36 31 64 87 85 8 21 30 56 26 60 67 106 66 52 39 117 41 4 54 19 75 115 40 76 120 92 125 50 82 105 9 97 73 107 13 81 28 69
Coste: 263

GENERACION: 57
Mejor Solucion:  45 96 103 123 20 7 32 51 81 62 5 104 18 44 94 69 110 114 53 125 106 57 102 76 126 47 58 95 49 113 15 42 10 98 109 31 37 38 84 80 55 65 89 91 0 121 3 118 59 120 77 127 24 90 88 33 61 1 119 116 122 23 87 111 12 27 43 56 25 101 63 35 11 112 93 78 72 2 9 21 22 71 70 124 48 108 16 17 46 36 68 64 83 85 8 74 30 6 26 60 67 79 66 52 39 117 41 4 54 19 75 115 40 100 29 92 14 50 82 105 34 97 73 107 13 86 28 99
Coste: 252

GENERACION: 58
Mejor Solucion:  45 96 103 123 20 7 32 51 81 62 5 104 18 44 94 69 110 114 53 125 106 57 102 76 126 47 58 95 49 113 15 42 10 98 109 31 37 38 84 80 55 65 89 91 0 121 3 118 59 120 77 127 24 90 88 33 61 1 119 116 122 23 87 111 12 27 43 56 25 101 63 35 11 112 93 78 72 2 9 21 22 71 70 124 48 108 16 17 46 36 68 64 83 85 8 74 30 6 26 60 67 79 66 52 39 117 41 4 54 19 75 115 40 100 29 92 14 50 82 105 34 97 73 107 13 86 28 99
Coste: 252

GENERACION: 59
Mejor Solucion:  45 96 103 123 20 7 32 51 81 62 5 104 18 44 94 69 110 114 53 125 106 57 102 76 126 47 58 95 49 113 15 42 10 98 109 31 37 38 84 80 55 65 89 91 0 121 3 118 59 120 77 127 24 90 88 33 61 1 119 116 122 23 87 111 12 27 43 56 25 101 63 35 11 112 93 78 72 2 9 21 22 71 70 124 48 108 16 17 46 36 68 64 83 85 8 74 30 6 26 60 67 79 66 52 39 117 41 4 54 19 75 115 40 100 29 92 14 50 82 105 34 97 73 107 13 86 28 99
Coste: 252

GENERACION: 60
Mejor Solucion:  45 96 103 123 20 7 32 51 81 62 5 104 18 44 94 69 110 114 53 125 106 57 102 76 126 47 58 95 49 113 15 42 10 98 109 31 37 38 84 80 55 65 89 91 0 121 3 118 59 120 77 127 24 90 88 33 61 1 119 116 122 23 87 111 12 27 43 56 25 101 63 35 11 112 93 78 72 2 9 21 22 71 70 124 48 108 16 17 46 36 68 64 83 85 8 74 30 6 26 60 67 79 66 52 39 117 41 4 54 19 75 115 40 100 29 92 14 50 82 105 34 97 73 107 13 86 28 99
Coste: 252

GENERACION: 61
Mejor Solucion:  45 96 103 123 20 7 32 51 81 62 5 104 18 44 94 69 110 114 53 125 106 57 102 76 126 47 58 95 49 113 15 42 10 98 109 31 37 38 84 80 55 65 89 91 0 121 3 118 59 120 77 127 24 90 88 33 61 1 119 116 122 23 87 111 12 27 43 56 25 101 63 35 11 112 93 78 72 2 9 21 22 71 70 124 48 108 16 17 46 36 68 64 83 85 8 74 30 6 26 60 67 79 66 52 39 117 41 4 54 19 75 115 40 100 29 92 14 50 82 105 34 97 73 107 13 86 28 99
Coste: 252

GENERACION: 62
Mejor Solucion:  45 96 103 123 20 7 32 51 81 62 5 104 18 44 94 69 110 114 53 125 106 57 102 76 126 47 58 95 49 113 15 42 10 98 109 31 37 38 84 80 55 65 89 91 0 121 3 118 59 120 77 127 24 90 88 33 61 1 119 116 122 23 87 111 12 27 43 56 25 101 63 35 11 112 93 78 72 2 9 21 22 71 70 124 48 108 16 17 46 36 68 64 83 85 8 74 30 6 26 60 67 79 66 52 39 117 41 4 54 19 75 115 40 100 29 92 14 50 82 105 34 97 73 107 13 86 28 99
Coste: 252

GENERACION: 63
Mejor Solucion:  45 96 103 123 20 7 32 51 81 62 5 104 18 44 94 69 110 114 53 125 106 57 102 76 126 47 58 95 49 113 15 42 10 98 109 31 37 38 84 80 55 65 89 91 0 121 3 118 59 120 77 127 24 90 88 33 61 1 119 116 122 23 87 111 12 27 43 56 25 101 63 35 11 112 93 78 72 2 9 21 22 71 70 124 48 108 16 17 46 36 68 64 83 85 8 74 30 6 26 60 67 79 66 52 39 117 41 4 54 19 75 115 40 100 29 92 14 50 82 105 34 97 73 107 13 86 28 99
Coste: 252

GENERACION: 64
Mejor Solucion:  45 96 103 123 20 7 32 51 81 62 5 104 18 44 94 69 110 114 53 125 106 57 102 76 126 47 58 95 49 113 15 42 10 98 109 31 37 38 84 80 55 65 89 91 0 121 3 118 59 120 77 127 24 90 88 33 61 1 119 116 122 23 87 111 12 27 43 56 25 101 63 35 11 112 93 78 72 2 9 21 22 71 70 124 48 108 16 17 46 36 68 64 83 85 8 74 30 6 26 60 67 79 66 52 39 117 41 4 54 19 75 115 40 100 29 92 14 50 82 105 34 97 73 107 13 86 28 99
Coste: 252

GENERACION: 65
Mejor Solucion:  45 96 103 123 20 7 32 51 81 62 5 104 18 44 94 69 110 114 53 125 106 57 102 76 126 47 58 95 49 113 15 42 10 98 109 31 37 38 84 80 55 65 89 91 0 121 3 118 59 120 77 127 24 90 88 33 61 1 119 116 122 23 87 111 12 27 43 56 25 101 63 35 11 112 93 78 72 2 9 21 22 71 70 124 48 108 16 17 46 36 68 64 83 85 8 74 30 6 26 60 67 79 66 52 39 117 41 4 54 19 75 115 40 100 29 92 14 50 82 105 34 97 73 107 13 86 28 99
Coste: 252

GENERACION: 66
Mejor Solucion:  45 96 103 123 20 7 32 51 81 62 5 104 18 44 94 69 110 114 53 125 106 57 102 76 126 47 58 95 49 113 15 42 10 98 109 31 37 38 84 80 55 65 89 91 0 121 3 118 59 120 77 127 24 90 88 33 61 1 119 116 122 23 87 111 12 27 43 56 25 101 63 35 11 112 93 78 72 2 9 21 22 71 70 124 48 108 16 17 46 36 68 64 83 85 8 74 30 6 26 60 67 79 66 52 39 117 41 4 54 19 75 115 40 100 29 92 14 50 82 105 34 97 73 107 13 86 28 99
Coste: 252

GENERACION: 67
Mejor Solucion:  45 96 103 123 20 7 32 51 81 62 5 104 18 44 94 69 110 114 53 125 106 57 102 76 126 47 58 95 49 113 15 42 10 98 109 31 37 38 84 80 55 65 89 91 0 121 3 118 59 120 77 127 24 90 88 33 61 1 119 116 122 23 87 111 12 27 43 56 25 101 63 35 11 112 93 78 72 2 9 21 22 71 70 124 48 108 16 17 46 36 68 64 83 85 8 74 30 6 26 60 67 79 66 52 39 117 41 4 54 19 75 115 40 100 29 92 14 50 82 105 34 97 73 107 13 86 28 99
Coste: 252

GENERACION: 68
Mejor Solucion:  45 96 103 123 20 7 32 51 81 62 5 104 18 44 94 69 110 114 53 125 106 57 102 76 126 47 58 95 49 113 15 42 10 98 109 31 37 38 84 80 55 65 89 91 0 121 3 118 59 120 77 127 24 90 88 33 61 1 119 116 122 23 87 111 12 27 43 56 25 101 63 35 11 112 93 78 72 2 9 21 22 71 70 124 48 108 16 17 46 36 68 64 83 85 8 74 30 6 26 60 67 79 66 52 39 117 41 4 54 19 75 115 40 100 29 92 14 50 82 105 34 97 73 107 13 86 28 99
Coste: 252

GENERACION: 69
Mejor Solucion:  45 96 103 123 20 7 32 51 81 62 5 104 18 44 94 69 110 114 53 125 106 57 102 76 126 47 58 95 49 113 15 42 10 98 109 31 37 38 84 80 55 65 89 91 0 121 3 118 59 120 77 127 24 90 88 33 61 1 119 116 122 23 87 111 12 27 43 56 25 101 63 35 11 112 93 78 72 2 9 21 22 71 70 124 48 108 16 17 46 36 68 64 83 85 8 74 30 6 26 60 67 79 66 52 39 117 41 4 54 19 75 115 40 100 29 92 14 50 82 105 34 97 73 107 13 86 28 99
Coste: 252

GENERACION: 70
Mejor Solucion:  45 96 103 123 20 7 32 51 81 62 5 104 18 44 94 69 110 114 53 125 106 57 102 76 126 47 58 95 49 113 15 42 10 98 109 31 37 38 84 80 55 65 89 91 0 121 3 118 59 120 77 127 24 90 88 33 61 1 119 116 122 23 87 111 12 27 43 56 25 101 63 35 11 112 93 78 72 2 9 21 22 71 70 124 48 108 16 17 46 36 68 64 83 85 8 74 30 6 26 60 67 79 66 52 39 117 41 4 54 19 75 115 40 100 29 92 14 50 82 105 34 97 73 107 13 86 28 99
Coste: 252

GENERACION: 71
Mejor Solucion:  45 96 103 123 20 7 32 51 81 62 5 104 18 44 94 69 110 114 53 125 106 57 102 76 126 47 58 95 49 113 15 42 10 98 109 31 37 38 84 80 55 65 89 91 0 121 3 118 59 120 77 127 24 90 88 33 61 1 119 116 122 23 87 111 12 27 43 56 25 101 63 35 11 112 93 78 72 2 9 21 22 71 70 124 48 108 16 17 46 36 68 64 83 85 8 74 30 6 26 60 67 79 66 52 39 117 41 4 54 19 75 115 40 100 29 92 14 50 82 105 34 97 73 107 13 86 28 99
Coste: 252

GENERACION: 72
Mejor Solucion:  45 96 103 123 20 7 32 51 81 62 5 104 18 44 94 69 110 114 53 125 106 57 102 76 126 47 58 95 49 113 15 42 10 98 109 31 37 38 84 80 55 65 89 91 0 121 3 118 59 120 77 127 24 90 88 33 61 1 119 116 122 23 87 111 12 27 43 56 25 101 63 35 11 112 93 78 72 2 9 21 22 71 70 124 48 108 16 17 46 36 68 64 83 85 8 74 30 6 26 60 67 79 66 52 39 117 41 4 54 19 75 115 40 100 29 92 14 50 82 105 34 97 73 107 13 86 28 99
Coste: 252

GENERACION: 73
Mejor Solucion:  45 96 103 123 20 7 32 51 81 62 5 104 18 44 94 69 110 114 53 125 106 57 102 76 126 47 58 95 49 113 15 42 10 98 109 31 37 38 84 80 55 65 89 91 0 121 3 118 59 120 77 127 24 90 88 33 61 1 119 116 122 23 87 111 12 27 43 56 25 101 63 35 11 112 93 78 72 2 9 21 22 71 70 124 48 108 16 17 46 36 68 64 83 85 8 74 30 6 26 60 67 79 66 52 39 117 41 4 54 19 75 115 40 100 29 92 14 50 82 105 34 97 73 107 13 86 28 99
Coste: 252

GENERACION: 74
Mejor Solucion:  45 96 103 123 20 7 32 51 81 62 5 104 18 44 94 69 110 114 53 125 106 57 102 76 126 47 58 95 49 113 15 42 10 98 109 31 37 38 84 80 55 65 89 91 0 121 3 118 59 120 77 127 24 90 88 33 61 1 119 116 122 23 87 111 12 27 43 56 25 101 63 35 11 112 93 78 72 2 9 21 22 71 70 124 48 108 16 17 46 36 68 64 83 85 8 74 30 6 26 60 67 79 66 52 39 117 41 4 54 19 75 115 40 100 29 92 14 50 82 105 34 97 73 107 13 86 28 99
Coste: 252

GENERACION: 75
Mejor Solucion:  45 96 103 123 20 7 32 51 81 62 5 104 18 44 94 69 110 114 53 125 106 57 102 76 126 47 58 95 49 113 15 42 10 98 109 31 37 38 84 80 55 65 89 91 0 121 3 118 59 120 77 127 24 90 88 33 61 1 119 116 122 23 87 111 12 27 43 56 25 101 63 35 11 112 93 78 72 2 9 21 22 71 70 124 48 108 16 17 46 36 68 64 83 85 8 74 30 6 26 60 67 79 66 52 39 117 41 4 54 19 75 115 40 100 29 92 14 50 82 105 34 97 73 107 13 86 28 99
Coste: 252

GENERACION: 76
Mejor Solucion:  45 96 103 123 20 7 32 51 81 62 5 104 18 44 94 69 110 114 53 125 106 57 102 76 126 47 58 95 49 113 15 42 10 98 109 31 37 38 84 80 55 65 89 91 0 121 3 118 59 120 77 127 24 90 88 33 61 1 119 116 122 23 87 111 12 27 43 56 25 101 63 35 11 112 93 78 72 2 9 21 22 71 70 124 48 108 16 17 46 36 68 64 83 85 8 74 30 6 26 60 67 79 66 52 39 117 41 4 54 19 75 115 40 100 29 92 14 50 82 105 34 97 73 107 13 86 28 99
Coste: 252

GENERACION: 77
Mejor Solucion:  45 96 103 123 20 7 32 51 81 62 5 104 18 44 94 69 110 114 53 125 106 57 102 76 126 47 58 95 49 113 15 42 10 98 109 31 37 38 84 80 55 65 89 91 0 121 3 118 59 120 77 127 24 90 88 33 61 1 119 116 122 23 87 111 12 27 43 56 25 101 63 35 11 112 93 78 72 2 9 21 22 71 70 124 48 108 16 17 46 36 68 64 83 85 8 74 30 6 26 60 67 79 66 52 39 117 41 4 54 19 75 115 40 100 29 92 14 50 82 105 34 97 73 107 13 86 28 99
Coste: 252

GENERACION: 78
Mejor Solucion:  45 96 103 123 20 7 32 51 81 62 5 104 18 44 94 69 110 114 53 125 106 57 102 76 126 47 58 95 49 113 15 42 10 98 109 31 37 38 84 80 55 65 89 91 0 121 3 118 59 120 77 127 24 90 88 33 61 1 119 116 122 23 87 111 12 27 43 56 25 101 63 35 11 112 93 78 72 2 9 21 22 71 70 124 48 108 16 17 46 36 68 64 83 85 8 74 30 6 26 60 67 79 66 52 39 117 41 4 54 19 75 115 40 100 29 92 14 50 82 105 34 97 73 107 13 86 28 99
Coste: 252

GENERACION: 79
Mejor Solucion:  45 96 103 123 20 7 32 51 81 62 5 104 18 44 94 69 110 114 53 125 106 57 102 76 126 47 58 95 49 113 15 42 10 98 109 31 37 38 84 80 55 65 89 91 0 121 3 118 59 120 77 127 24 90 88 33 61 1 119 116 122 23 87 111 12 27 43 56 25 101 63 35 11 112 93 78 72 2 9 21 22 71 70 124 48 108 16 17 46 36 68 64 83 85 8 74 30 6 26 60 67 79 66 52 39 117 41 4 54 19 75 115 40 100 29 92 14 50 82 105 34 97 73 107 13 86 28 99
Coste: 252

GENERACION: 80
Mejor Solucion:  45 96 103 123 20 7 32 51 81 62 5 104 18 44 94 69 110 114 53 125 106 57 102 76 126 47 58 95 49 113 15 42 10 98 109 31 37 38 84 80 55 65 89 91 0 121 3 118 59 120 77 127 24 90 88 33 61 1 119 116 122 23 87 111 12 27 43 56 25 101 63 35 11 112 93 78 72 2 9 21 22 71 70 124 48 108 16 17 46 36 68 64 83 85 8 74 30 6 26 60 67 79 66 52 39 117 41 4 54 19 75 115 40 100 29 92 14 50 82 105 34 97 73 107 13 86 28 99
Coste: 252

GENERACION: 81
Mejor Solucion:  45 96 103 123 20 7 32 51 81 62 5 104 18 44 94 69 110 114 53 125 106 57 102 76 126 47 58 95 49 113 15 42 10 98 109 31 37 38 84 80 55 65 89 91 0 121 3 118 59 120 77 127 24 90 88 33 61 1 119 116 122 23 87 111 12 27 43 56 25 101 63 35 11 112 93 78 72 2 9 21 22 71 70 124 48 108 16 17 46 36 68 64 83 85 8 74 30 6 26 60 67 79 66 52 39 117 41 4 54 19 75 115 40 100 29 92 14 50 82 105 34 97 73 107 13 86 28 99
Coste: 252

GENERACION: 82
Mejor Solucion:  45 96 103 123 20 7 32 51 81 62 5 104 18 44 94 69 110 114 53 125 106 57 102 76 126 47 58 95 49 113 15 42 10 98 109 31 37 38 84 80 55 65 89 91 0 121 3 118 59 120 77 127 24 90 88 33 61 1 119 116 122 23 87 111 12 27 43 56 25 101 63 35 11 112 93 78 72 2 9 21 22 71 70 124 48 108 16 17 46 36 68 64 83 85 8 74 30 6 26 60 67 79 66 52 39 117 41 4 54 19 75 115 40 100 29 92 14 50 82 105 34 97 73 107 13 86 28 99
Coste: 252

