GENERACION: 1
Mejor Solucion:  60 74 70 98 29 11 83 124 39 116 72 126 112 68 67 23 35 94 52 102 2 17 69 5 31 123 90 40 58 33 122 78 7 3 57 47 25 56 50 10 86 24 62 55 22 66 105 38 65 53 109 28 127 36 46 121 103 104 4 113 9 13 71 43 73 99 42 118 49 84 114 110 85 97 87 27 88 34 91 115 76 61 41 32 101 108 1 93 75 21 20 119 48 14 117 95 51 64 77 26 0 81 120 79 59 92 54 111 19 15 100 82 44 107 16 96 125 6 63 18 106 45 8 89 30 80 37 12
Coste: 282

GENERACION: 2
Mejor Solucion:  60 74 70 98 29 11 83 124 39 116 72 126 112 68 67 23 35 94 52 102 2 17 69 5 31 123 90 40 58 33 122 78 7 3 57 47 25 56 50 10 86 24 62 55 22 66 105 38 65 53 109 28 127 36 46 121 103 104 4 113 9 13 71 43 73 99 42 118 49 84 114 110 85 97 87 27 88 34 91 115 76 61 41 32 101 108 1 93 75 21 20 119 48 14 117 95 51 64 77 26 0 81 120 79 59 92 54 111 19 15 100 82 44 107 16 96 125 6 63 18 106 45 8 89 30 80 37 12
Coste: 282

GENERACION: 3
Mejor Solucion:  60 74 70 98 29 11 83 124 39 116 72 126 112 68 67 23 35 94 52 102 2 17 69 5 31 123 90 40 58 33 122 78 7 3 57 47 25 56 50 10 86 24 62 55 22 66 105 38 65 53 109 28 127 36 46 121 103 104 4 113 9 13 71 43 73 99 42 118 49 84 114 110 85 97 87 27 88 34 91 115 76 61 41 32 101 108 1 93 75 21 20 119 48 14 117 95 51 64 77 26 0 81 120 79 59 92 54 111 19 15 100 82 44 107 16 96 125 6 63 18 106 45 8 89 30 80 37 12
Coste: 282

GENERACION: 4
Mejor Solucion:  60 74 70 98 29 11 83 124 39 116 72 126 112 68 67 23 35 94 52 102 2 17 69 5 31 123 90 40 58 33 122 78 7 3 57 47 25 56 50 10 86 24 62 55 22 66 105 38 65 53 109 28 127 36 46 121 103 104 4 113 9 13 71 43 73 99 42 118 49 84 114 110 85 97 87 27 88 34 91 115 76 61 41 32 101 108 1 93 75 21 20 119 48 14 117 95 51 64 77 26 0 81 120 79 59 92 54 111 19 15 100 82 44 107 16 96 125 6 63 18 106 45 8 89 30 80 37 12
Coste: 282

GENERACION: 5
Mejor Solucion:  60 74 70 98 29 11 83 124 39 116 72 126 112 68 67 23 35 94 52 102 2 17 69 5 31 123 90 40 58 33 122 78 7 3 57 47 25 56 50 10 86 24 62 55 22 66 105 38 65 53 109 28 127 36 46 121 103 104 4 113 9 13 71 43 73 99 42 118 49 84 114 110 85 97 87 27 88 34 91 115 76 61 41 32 101 108 1 93 75 21 20 119 48 14 117 95 51 64 77 26 0 81 120 79 59 92 54 111 19 15 100 82 44 107 16 96 125 6 63 18 106 45 8 89 30 80 37 12
Coste: 282

GENERACION: 6
Mejor Solucion:  124 39 116 72 126 68 67 23 52 102 69 22 108 90 40 122 7 57 25 30 50 10 86 24 62 66 38 65 28 127 36 46 121 103 104 4 113 9 71 73 99 42 118 3 114 85 80 51 88 34 91 115 76 19 101 31 93 75 21 48 14 117 95 27 64 77 81 120 123 59 92 54 111 84 100 82 70 110 119 6 0 33 97 20 11 47 96 105 8 61 1 109 41 112 89 5 58 15 35 78 13 32 83 63 94 55 2 79 87 43 17 49 44 107 16 125 18 106 45 53 56 26 37 12 60 74 98 29
Coste: 280

GENERACION: 7
Mejor Solucion:  124 39 116 72 126 68 67 23 52 102 69 22 108 90 40 122 7 57 25 30 50 10 86 24 62 66 38 65 28 127 36 46 121 103 104 4 113 9 71 73 99 42 118 3 114 85 80 51 88 34 91 115 76 19 101 31 93 75 21 48 14 117 95 27 64 77 81 120 123 59 92 54 111 84 100 82 70 110 119 6 0 33 97 20 11 47 96 105 8 61 1 109 41 112 89 5 58 15 35 78 13 32 83 63 94 55 2 79 87 43 17 49 44 107 16 125 18 106 45 53 56 26 37 12 60 74 98 29
Coste: 280

GENERACION: 8
Mejor Solucion:  124 39 116 72 126 68 67 23 52 102 69 22 108 90 40 122 7 57 25 30 50 10 86 24 62 66 38 65 28 127 36 46 121 103 104 4 113 9 71 73 99 42 118 3 114 85 80 51 88 34 91 115 76 19 101 31 93 75 21 48 14 117 95 27 64 77 81 120 123 59 92 54 111 84 100 82 70 110 119 6 0 33 97 20 11 47 96 105 8 61 1 109 41 112 89 5 58 15 35 78 13 32 83 63 94 55 2 79 87 43 17 49 44 107 16 125 18 106 45 53 56 26 37 12 60 74 98 29
Coste: 280

GENERACION: 9
Mejor Solucion:  40 7 48 25 30 101 10 120 24 62 66 38 65 28 44 43 121 36 113 68 45 3 85 19 75 21 57 14 117 64 77 81 86 123 108 16 125 111 100 15 59 50 13 53 37 71 73 9 118 114 110 127 80 27 79 34 91 115 76 61 47 8 1 82 93 84 4 103 42 126 92 54 106 56 22 122 70 31 119 6 0 33 97 20 11 99 96 105 69 95 18 109 26 112 89 5 58 41 35 78 12 32 83 63 94 55 107 88 87 46 17 49 104 2 51 60 98 29 124 116 39 72 74 67 23 52 102 90
Coste: 274

GENERACION: 10
Mejor Solucion:  40 7 48 25 30 101 10 120 24 62 66 38 65 28 44 43 121 36 113 68 45 3 85 19 75 21 57 14 117 64 77 81 86 123 108 16 125 111 100 15 59 50 13 53 37 71 73 9 118 114 110 127 80 27 79 34 91 115 76 61 47 8 1 82 93 84 4 103 42 126 92 54 106 56 22 122 70 31 119 6 0 33 97 20 11 99 96 105 69 95 18 109 26 112 89 5 58 41 35 78 12 32 83 63 94 55 107 88 87 46 17 49 104 2 51 60 98 29 124 116 39 72 74 67 23 52 102 90
Coste: 274

GENERACION: 11
Mejor Solucion:  40 7 48 25 30 101 10 120 24 62 66 38 65 28 44 43 121 36 113 68 45 3 85 19 75 21 57 14 117 64 77 81 86 123 108 16 125 111 100 15 59 50 13 53 37 71 73 9 118 114 110 127 80 27 79 34 91 115 76 61 47 8 1 82 93 84 4 103 42 126 92 54 106 56 22 122 70 31 119 6 0 33 97 20 11 99 96 105 69 95 18 109 26 112 89 5 58 41 35 78 12 32 83 63 94 55 107 88 87 46 17 49 104 2 51 60 98 29 124 116 39 72 74 67 23 52 102 90
Coste: 274

GENERACION: 12
Mejor Solucion:  40 7 48 25 30 101 10 120 24 62 66 38 65 28 44 43 121 36 113 68 45 3 85 19 75 21 57 14 117 64 77 81 86 123 108 16 125 111 100 15 59 50 13 53 37 71 73 9 118 114 110 127 80 27 79 34 91 115 76 61 47 8 1 82 93 84 4 103 42 126 92 54 106 56 22 122 70 31 119 6 0 33 97 20 11 99 96 105 69 95 18 109 26 112 89 5 58 41 35 78 12 32 83 63 94 55 107 88 87 46 17 49 104 2 51 60 98 29 124 116 39 72 74 67 23 52 102 90
Coste: 274

GENERACION: 13
Mejor Solucion:  40 7 48 25 30 101 10 120 24 62 66 38 65 28 44 43 121 36 113 68 45 3 85 19 75 21 57 14 117 64 77 81 86 123 108 16 125 111 100 15 59 50 13 53 37 71 73 9 118 114 110 127 80 27 79 34 91 115 76 61 47 8 1 82 93 84 4 103 42 126 92 54 106 56 22 122 70 31 119 6 0 33 97 20 11 99 96 105 69 95 18 109 26 112 89 5 58 41 35 78 12 32 83 63 94 55 107 88 87 46 17 49 104 2 51 60 98 29 124 116 39 72 74 67 23 52 102 90
Coste: 274

GENERACION: 14
Mejor Solucion:  40 37 48 25 30 101 10 120 24 62 66 38 80 28 44 88 121 36 113 68 45 3 85 19 15 21 11 119 89 64 77 81 86 123 108 16 125 111 100 75 59 50 13 53 7 71 73 2 118 114 110 127 65 27 76 34 91 39 79 61 47 52 1 82 93 84 4 103 42 126 46 54 106 29 22 122 70 31 14 6 0 33 97 20 57 99 96 105 69 117 18 109 26 112 95 98 58 41 35 78 12 32 83 63 94 55 107 43 87 92 17 49 104 9 51 60 5 56 124 116 115 72 74 67 23 8 102 90
Coste: 271

GENERACION: 15
Mejor Solucion:  40 37 98 25 30 101 10 120 34 38 66 76 80 28 44 88 121 36 113 9 45 3 85 19 15 21 11 119 89 64 77 81 70 123 108 16 125 111 100 75 59 50 13 67 7 71 73 2 118 114 110 18 65 27 62 24 91 90 79 61 47 52 1 82 93 84 4 103 42 126 46 54 106 29 22 122 86 31 56 6 0 33 97 20 57 99 96 105 69 117 127 109 26 112 95 48 58 41 35 78 12 32 83 63 94 55 107 43 87 53 17 49 104 68 51 60 5 14 124 116 115 72 74 92 23 8 102 39
Coste: 270

GENERACION: 16
Mejor Solucion:  40 37 98 25 30 101 10 120 34 38 66 76 80 28 44 88 121 36 113 9 45 3 85 19 15 21 11 119 89 64 77 81 70 123 108 16 125 111 100 75 59 50 13 67 7 71 73 2 118 114 110 18 65 27 62 24 91 90 79 61 47 52 1 82 93 84 4 103 42 126 46 54 106 29 22 122 86 31 56 6 0 33 97 20 57 99 96 105 69 117 127 109 26 112 95 48 58 41 35 78 12 32 83 63 94 55 107 43 87 53 17 49 104 68 51 60 5 14 124 116 115 72 74 92 23 8 102 39
Coste: 270

GENERACION: 17
Mejor Solucion:  40 37 98 25 30 101 10 120 34 38 66 76 80 28 44 88 121 36 113 9 45 3 85 19 15 21 11 119 89 64 77 81 70 123 108 16 125 111 100 75 59 50 13 67 7 71 73 2 118 114 110 18 65 27 62 24 91 90 79 61 47 52 1 82 93 84 4 103 42 126 46 54 106 29 22 122 86 31 56 6 0 33 97 20 57 99 96 105 69 117 127 109 26 112 95 48 58 41 35 78 12 32 83 63 94 55 107 43 87 53 17 49 104 68 51 60 5 14 124 116 115 72 74 92 23 8 102 39
Coste: 270

GENERACION: 18
Mejor Solucion:  24 66 38 20 113 88 121 49 45 72 5 107 21 119 55 64 77 124 86 123 54 16 14 92 100 75 104 50 13 53 40 73 118 120 32 62 114 15 65 67 47 69 46 9 95 37 36 34 19 26 110 57 44 27 76 97 91 39 79 61 3 52 23 82 93 8 4 103 42 126 35 108 106 29 1 122 70 31 68 6 0 33 90 30 127 99 96 105 11 71 18 109 41 2 125 98 58 12 56 84 94 48 117 43 87 17 81 59 51 60 85 112 28 63 115 116 74 22 7 102 83 111 89 25 80 101 10 78
Coste: 257

GENERACION: 19
Mejor Solucion:  24 66 38 20 113 88 121 49 45 72 5 107 21 119 55 64 77 124 86 123 54 16 14 92 100 75 104 50 13 53 40 73 118 120 32 62 114 15 65 67 47 69 46 9 95 37 36 34 19 26 110 57 44 27 76 97 91 39 79 61 3 52 23 82 93 8 4 103 42 126 35 108 106 29 1 122 70 31 68 6 0 33 90 30 127 99 96 105 11 71 18 109 41 2 125 98 58 12 56 84 94 48 117 43 87 17 81 59 51 60 85 112 28 63 115 116 74 22 7 102 83 111 89 25 80 101 10 78
Coste: 257

GENERACION: 20
Mejor Solucion:  24 66 38 20 113 88 121 49 45 72 5 107 21 119 55 64 77 124 86 123 54 16 14 92 100 75 104 50 13 53 40 73 118 120 32 62 114 15 65 67 47 69 46 9 95 37 36 34 19 26 110 57 44 27 76 97 91 39 79 61 3 52 23 82 93 8 4 103 42 126 35 108 106 29 1 122 70 31 68 6 0 33 90 30 127 99 96 105 11 71 18 109 41 2 125 98 58 12 56 84 94 48 117 43 87 17 81 59 51 60 85 112 28 63 115 116 74 22 7 102 83 111 89 25 80 101 10 78
Coste: 257

GENERACION: 21
Mejor Solucion:  24 66 38 20 113 88 121 49 45 72 5 107 21 119 55 64 77 124 86 123 54 16 14 92 100 75 104 50 13 53 40 73 118 120 32 62 114 15 65 67 47 69 46 9 95 37 36 34 19 26 110 57 44 27 76 97 91 39 79 61 3 52 23 82 93 8 4 103 42 126 35 108 106 29 1 122 70 31 68 6 0 33 90 30 127 99 96 105 11 71 18 109 41 2 125 98 58 12 56 84 94 48 117 43 87 17 81 59 51 60 85 112 28 63 115 116 74 22 7 102 83 111 89 25 80 101 10 78
Coste: 257

GENERACION: 22
Mejor Solucion:  24 66 38 20 113 88 121 49 45 72 5 107 21 119 55 64 77 124 86 123 54 16 14 92 100 75 104 50 13 53 40 73 118 120 32 62 114 15 65 67 47 69 46 9 95 37 36 34 19 26 110 57 44 27 76 97 91 39 79 61 3 52 23 82 93 8 4 103 42 126 35 108 106 29 1 122 70 31 68 6 0 33 90 30 127 99 96 105 11 71 18 109 41 2 125 98 58 12 56 84 94 48 117 43 87 17 81 59 51 60 85 112 28 63 115 116 74 22 7 102 83 111 89 25 80 101 10 78
Coste: 257

GENERACION: 23
Mejor Solucion:  24 66 38 20 113 88 121 49 45 72 5 107 21 119 55 64 77 124 86 123 54 16 14 92 100 75 104 50 13 53 40 73 118 120 32 62 114 15 65 67 47 69 46 9 95 37 36 34 19 26 110 57 44 27 76 97 91 39 79 61 3 52 23 82 93 8 4 103 42 126 35 108 106 29 1 122 70 31 68 6 0 33 90 30 127 99 96 105 11 71 18 109 41 2 125 98 58 12 56 84 94 48 117 43 87 17 81 59 51 60 85 112 28 63 115 116 74 22 7 102 83 111 89 25 80 101 10 78
Coste: 257

GENERACION: 24
Mejor Solucion:  24 66 38 20 113 88 121 49 45 72 5 107 21 119 55 64 77 124 86 123 54 16 14 92 100 75 104 50 13 53 40 73 118 120 32 62 114 15 65 67 47 69 46 9 95 37 36 34 19 26 110 57 44 27 76 97 91 39 79 61 3 52 23 82 93 8 4 103 42 126 35 108 106 29 1 122 70 31 68 6 0 33 90 30 127 99 96 105 11 71 18 109 41 2 125 98 58 12 56 84 94 48 117 43 87 17 81 59 51 60 85 112 28 63 115 116 74 22 7 102 83 111 89 25 80 101 10 78
Coste: 257

GENERACION: 25
Mejor Solucion:  24 66 38 20 113 88 121 49 45 72 5 107 21 119 55 64 77 124 86 123 54 16 14 92 100 75 104 50 13 53 40 73 118 120 32 62 114 15 65 67 47 69 46 9 95 37 36 34 19 26 110 57 44 27 76 97 91 39 79 61 3 52 23 82 93 8 4 103 42 126 35 108 106 29 1 122 70 31 68 6 0 33 90 30 127 99 96 105 11 71 18 109 41 2 125 98 58 12 56 84 94 48 117 43 87 17 81 59 51 60 85 112 28 63 115 116 74 22 7 102 83 111 89 25 80 101 10 78
Coste: 257

GENERACION: 26
Mejor Solucion:  24 66 38 20 113 88 121 49 45 72 5 107 21 119 55 64 77 124 86 123 54 16 14 92 100 75 104 50 13 53 40 73 118 120 32 62 114 15 65 67 47 69 46 9 95 37 36 34 19 26 110 57 44 27 76 97 91 39 79 61 3 52 23 82 93 8 4 103 42 126 35 108 106 29 1 122 70 31 68 6 0 33 90 30 127 99 96 105 11 71 18 109 41 2 125 98 58 12 56 84 94 48 117 43 87 17 81 59 51 60 85 112 28 63 115 116 74 22 7 102 83 111 89 25 80 101 10 78
Coste: 257

GENERACION: 27
Mejor Solucion:  79 89 95 48 14 4 21 75 50 1 120 40 86 94 67 123 63 35 37 38 30 124 104 17 58 71 61 69 92 122 108 84 32 116 5 34 114 110 111 78 46 9 105 97 19 26 115 68 42 83 22 49 23 76 55 62 31 12 90 103 27 70 93 96 52 113 126 77 59 44 29 47 57 16 24 117 33 36 56 127 99 101 107 11 18 87 39 125 98 54 80 51 100 43 85 10 3 64 45 81 72 6 0 28 109 112 20 7 102 73 25 13 8 41 66 106 74 2 88 121 118 60 65 91 82 119 15 53
Coste: 256

GENERACION: 28
Mejor Solucion:  79 89 95 48 14 4 21 75 50 1 120 40 86 94 67 123 63 35 37 38 30 124 104 17 58 71 61 69 92 122 108 84 32 116 5 34 114 110 111 78 46 9 105 97 19 26 115 68 42 83 22 49 23 76 55 62 31 12 90 103 27 70 93 96 52 113 126 77 59 44 29 47 57 16 24 117 33 36 56 127 99 101 107 11 18 87 39 125 98 54 80 51 100 43 85 10 3 64 45 81 72 6 0 28 109 112 20 7 102 73 25 13 8 41 66 106 74 2 88 121 118 60 65 91 82 119 15 53
Coste: 256

GENERACION: 29
Mejor Solucion:  79 89 95 48 14 4 21 75 50 1 120 40 86 94 67 123 63 35 37 38 30 124 104 17 58 71 61 69 92 122 108 84 32 116 5 34 114 110 111 78 46 9 105 97 19 26 115 68 42 83 22 49 23 76 55 62 31 12 90 103 27 70 93 96 52 113 126 77 59 44 29 47 57 16 24 117 33 36 56 127 99 101 107 11 18 87 39 125 98 54 80 51 100 43 85 10 3 64 45 81 72 6 0 28 109 112 20 7 102 73 25 13 8 41 66 106 74 2 88 121 118 60 65 91 82 119 15 53
Coste: 256

GENERACION: 30
Mejor Solucion:  79 89 95 48 14 4 21 75 50 1 120 40 86 94 67 123 63 35 37 38 30 124 104 17 58 71 61 69 92 122 108 84 32 116 5 34 114 110 111 78 46 9 105 97 19 26 115 68 42 83 22 49 23 76 55 62 31 12 90 103 27 70 93 96 52 113 126 77 59 44 29 47 57 16 24 117 33 36 56 127 99 101 107 11 18 87 39 125 98 54 80 51 100 43 85 10 3 64 45 81 72 6 0 28 109 112 20 7 102 73 25 13 8 41 66 106 74 2 88 121 118 60 65 91 82 119 15 53
Coste: 256

GENERACION: 31
Mejor Solucion:  79 89 95 48 14 4 21 75 50 1 120 40 86 94 67 123 63 35 37 38 30 124 104 17 58 71 61 69 92 122 108 84 32 116 5 34 114 110 111 78 46 9 105 97 19 26 115 68 42 83 22 49 23 76 55 62 31 12 90 103 27 70 93 96 52 113 126 77 59 44 29 47 57 16 24 117 33 36 56 127 99 101 107 11 18 87 39 125 98 54 80 51 100 43 85 10 3 64 45 81 72 6 0 28 109 112 20 7 102 73 25 13 8 41 66 106 74 2 88 121 118 60 65 91 82 119 15 53
Coste: 256

GENERACION: 32
Mejor Solucion:  79 89 95 48 14 4 21 75 50 1 120 40 86 94 67 123 63 35 37 38 30 124 104 17 58 71 61 69 92 122 108 84 32 116 5 34 114 110 111 78 46 9 105 97 19 26 115 68 42 83 22 49 23 76 55 62 31 12 90 103 27 70 93 96 52 113 126 77 59 44 29 47 57 16 24 117 33 36 56 127 99 101 107 11 18 87 39 125 98 54 80 51 100 43 85 10 3 64 45 81 72 6 0 28 109 112 20 7 102 73 25 13 8 41 66 106 74 2 88 121 118 60 65 91 82 119 15 53
Coste: 256

GENERACION: 33
Mejor Solucion:  79 89 95 48 14 4 21 75 50 1 120 40 86 94 67 123 63 35 37 38 30 124 104 17 58 71 61 69 92 122 108 84 32 116 5 34 114 110 111 78 46 9 105 97 19 26 115 68 42 83 22 49 23 76 55 62 31 12 90 103 27 70 93 96 52 113 126 77 59 44 29 47 57 16 24 117 33 36 56 127 99 101 107 11 18 87 39 125 98 54 80 51 100 43 85 10 3 64 45 81 72 6 0 28 109 112 20 7 102 73 25 13 8 41 66 106 74 2 88 121 118 60 65 91 82 119 15 53
Coste: 256

GENERACION: 34
Mejor Solucion:  79 89 95 48 14 4 21 75 50 1 120 40 86 94 67 123 63 35 37 38 30 124 104 17 58 71 61 69 92 122 108 84 32 116 5 34 114 110 111 78 46 9 105 97 19 26 115 68 42 83 22 49 23 76 55 62 31 12 90 103 27 70 93 96 52 113 126 77 59 44 29 47 57 16 24 117 33 36 56 127 99 101 107 11 18 87 39 125 98 54 80 51 100 43 85 10 3 64 45 81 72 6 0 28 109 112 20 7 102 73 25 13 8 41 66 106 74 2 88 121 118 60 65 91 82 119 15 53
Coste: 256

GENERACION: 35
Mejor Solucion:  79 89 95 48 14 4 21 75 50 1 120 40 86 94 67 123 63 35 37 38 30 124 104 17 58 71 61 69 92 122 108 84 32 116 5 34 114 110 111 78 46 9 105 97 19 26 115 68 42 83 22 49 23 76 55 62 31 12 90 103 27 70 93 96 52 113 126 77 59 44 29 47 57 16 24 117 33 36 56 127 99 101 107 11 18 87 39 125 98 54 80 51 100 43 85 10 3 64 45 81 72 6 0 28 109 112 20 7 102 73 25 13 8 41 66 106 74 2 88 121 118 60 65 91 82 119 15 53
Coste: 256

GENERACION: 36
Mejor Solucion:  79 89 95 48 14 4 21 75 50 1 120 40 86 94 67 123 63 35 37 38 30 124 104 17 58 71 61 69 92 122 108 84 32 116 5 34 114 110 111 78 46 9 105 97 19 26 115 68 42 83 22 49 23 76 55 62 31 12 90 103 27 70 93 96 52 113 126 77 59 44 29 47 57 16 24 117 33 36 56 127 99 101 107 11 18 87 39 125 98 54 80 51 100 43 85 10 3 64 45 81 72 6 0 28 109 112 20 7 102 73 25 13 8 41 66 106 74 2 88 121 118 60 65 91 82 119 15 53
Coste: 256

GENERACION: 37
Mejor Solucion:  79 89 95 48 14 4 21 75 50 1 120 40 86 94 67 123 63 35 37 38 30 124 104 17 58 71 61 69 92 122 108 84 32 116 5 34 114 110 111 78 46 9 105 97 19 26 115 68 42 83 22 49 23 76 55 62 31 12 90 103 27 70 93 96 52 113 126 77 59 44 29 47 57 16 24 117 33 36 56 127 99 101 107 11 18 87 39 125 98 54 80 51 100 43 85 10 3 64 45 81 72 6 0 28 109 112 20 7 102 73 25 13 8 41 66 106 74 2 88 121 118 60 65 91 82 119 15 53
Coste: 256

GENERACION: 38
Mejor Solucion:  79 89 95 48 14 4 21 75 50 1 120 40 86 94 67 123 63 35 37 38 30 124 104 17 58 71 61 69 92 122 108 84 32 116 5 34 114 110 111 78 46 9 105 97 19 26 115 68 42 83 22 49 23 76 55 62 31 12 90 103 27 70 93 96 52 113 126 77 59 44 29 47 57 16 24 117 33 36 56 127 99 101 107 11 18 87 39 125 98 54 80 51 100 43 85 10 3 64 45 81 72 6 0 28 109 112 20 7 102 73 25 13 8 41 66 106 74 2 88 121 118 60 65 91 82 119 15 53
Coste: 256

GENERACION: 39
Mejor Solucion:  79 89 95 48 14 4 21 75 50 1 120 40 86 94 67 123 63 35 37 38 30 124 104 17 58 71 61 69 92 122 108 84 32 116 5 34 114 110 111 78 46 9 105 97 19 26 115 68 42 83 22 49 23 76 55 62 31 12 90 103 27 70 93 96 52 113 126 77 59 44 29 47 57 16 24 117 33 36 56 127 99 101 107 11 18 87 39 125 98 54 80 51 100 43 85 10 3 64 45 81 72 6 0 28 109 112 20 7 102 73 25 13 8 41 66 106 74 2 88 121 118 60 65 91 82 119 15 53
Coste: 256

GENERACION: 40
Mejor Solucion:  79 89 95 48 14 4 21 75 50 1 120 40 86 94 67 123 63 35 37 38 30 124 104 17 58 71 61 69 92 122 108 84 32 116 5 34 114 110 111 78 46 9 105 97 19 26 115 68 42 83 22 49 23 76 55 62 31 12 90 103 27 70 93 96 52 113 126 77 59 44 29 47 57 16 24 117 33 36 56 127 99 101 107 11 18 87 39 125 98 54 80 51 100 43 85 10 3 64 45 81 72 6 0 28 109 112 20 7 102 73 25 13 8 41 66 106 74 2 88 121 118 60 65 91 82 119 15 53
Coste: 256

GENERACION: 41
Mejor Solucion:  79 89 95 48 14 4 21 75 50 1 120 40 86 94 67 123 63 35 37 38 30 124 104 17 58 71 61 69 92 122 108 84 32 116 5 34 114 110 111 78 46 9 105 97 19 26 115 68 42 83 22 49 23 76 55 62 31 12 90 103 27 70 93 96 52 113 126 77 59 44 29 47 57 16 24 117 33 36 56 127 99 101 107 11 18 87 39 125 98 54 80 51 100 43 85 10 3 64 45 81 72 6 0 28 109 112 20 7 102 73 25 13 8 41 66 106 74 2 88 121 118 60 65 91 82 119 15 53
Coste: 256

GENERACION: 42
Mejor Solucion:  79 89 95 48 14 4 21 75 50 1 120 40 86 94 67 123 63 35 37 38 30 124 104 17 58 71 61 69 92 122 108 84 32 116 5 34 114 110 111 78 46 9 105 97 19 26 115 68 42 83 22 49 23 76 55 62 31 12 90 103 27 70 93 96 52 113 126 77 59 44 29 47 57 16 24 117 33 36 56 127 99 101 107 11 18 87 39 125 98 54 80 51 100 43 85 10 3 64 45 81 72 6 0 28 109 112 20 7 102 73 25 13 8 41 66 106 74 2 88 121 118 60 65 91 82 119 15 53
Coste: 256

GENERACION: 43
Mejor Solucion:  79 89 95 48 14 4 21 75 50 1 120 40 86 94 67 123 63 35 37 38 30 124 104 17 58 71 61 69 92 122 108 84 32 116 5 34 114 110 111 78 46 9 105 97 19 26 115 68 42 83 22 49 23 76 55 62 31 12 90 103 27 70 93 96 52 113 126 77 59 44 29 47 57 16 24 117 33 36 56 127 99 101 107 11 18 87 39 125 98 54 80 51 100 43 85 10 3 64 45 81 72 6 0 28 109 112 20 7 102 73 25 13 8 41 66 106 74 2 88 121 118 60 65 91 82 119 15 53
Coste: 256

GENERACION: 44
Mejor Solucion:  79 89 95 48 14 4 21 75 50 1 120 40 86 94 67 123 63 35 37 38 30 124 104 17 58 71 61 69 92 122 108 84 32 116 5 34 114 110 111 78 46 9 105 97 19 26 115 68 42 83 22 49 23 76 55 62 31 12 90 103 27 70 93 96 52 113 126 77 59 44 29 47 57 16 24 117 33 36 56 127 99 101 107 11 18 87 39 125 98 54 80 51 100 43 85 10 3 64 45 81 72 6 0 28 109 112 20 7 102 73 25 13 8 41 66 106 74 2 88 121 118 60 65 91 82 119 15 53
Coste: 256

GENERACION: 45
Mejor Solucion:  79 89 95 48 14 4 21 75 50 1 120 40 86 94 67 123 63 35 37 38 30 124 104 17 58 71 61 69 92 122 108 84 32 116 5 34 114 110 111 78 46 9 105 97 19 26 115 68 42 83 22 49 23 76 55 62 31 12 90 103 27 70 93 96 52 113 126 77 59 44 29 47 57 16 24 117 33 36 56 127 99 101 107 11 18 87 39 125 98 54 80 51 100 43 85 10 3 64 45 81 72 6 0 28 109 112 20 7 102 73 25 13 8 41 66 106 74 2 88 121 118 60 65 91 82 119 15 53
Coste: 256

GENERACION: 46
Mejor Solucion:  79 89 95 48 14 4 21 75 50 1 120 40 86 94 67 123 63 35 37 38 30 124 104 17 58 71 61 69 92 122 108 84 32 116 5 34 114 110 111 78 46 9 105 97 19 26 115 68 42 83 22 49 23 76 55 62 31 12 90 103 27 70 93 96 52 113 126 77 59 44 29 47 57 16 24 117 33 36 56 127 99 101 107 11 18 87 39 125 98 54 80 51 100 43 85 10 3 64 45 81 72 6 0 28 109 112 20 7 102 73 25 13 8 41 66 106 74 2 88 121 118 60 65 91 82 119 15 53
Coste: 256

GENERACION: 47
Mejor Solucion:  64 103 48 38 4 21 18 50 70 120 40 104 94 67 123 63 35 37 14 30 124 66 17 58 71 31 69 92 122 108 22 46 116 5 34 114 110 90 78 32 49 105 97 19 82 115 68 42 83 84 9 23 76 55 62 127 43 12 16 95 72 1 93 96 52 113 126 77 59 44 29 47 57 111 24 117 33 36 56 54 101 107 11 75 87 39 125 98 99 80 51 100 61 85 10 3 89 45 81 27 6 0 28 109 112 20 7 102 73 25 13 8 41 86 106 74 2 88 121 118 60 65 91 26 119 15 53 79
Coste: 254

GENERACION: 48
Mejor Solucion:  64 103 48 38 4 21 18 50 70 120 40 104 94 67 123 63 35 37 14 30 124 66 17 58 71 31 69 92 122 108 22 46 116 5 34 114 110 90 78 32 49 105 97 19 82 115 68 42 83 84 9 23 76 55 62 127 43 12 16 95 72 1 93 96 52 113 126 77 59 44 29 47 57 111 24 117 33 36 56 54 101 107 11 75 87 39 125 98 99 80 51 100 61 85 10 3 89 45 81 27 6 0 28 109 112 20 7 102 73 25 13 8 41 86 106 74 2 88 121 118 60 65 91 26 119 15 53 79
Coste: 254

GENERACION: 49
Mejor Solucion:  64 103 48 38 4 21 18 50 70 120 40 104 94 67 123 63 35 37 14 30 124 66 17 58 71 31 69 92 122 108 22 46 116 5 34 114 110 90 78 32 49 105 97 19 82 115 68 42 83 84 9 23 76 55 62 127 43 12 16 95 72 1 93 96 52 113 126 77 59 44 29 47 57 111 24 117 33 36 56 54 101 107 11 75 87 39 125 98 99 80 51 100 61 85 10 3 89 45 81 27 6 0 28 109 112 20 7 102 73 25 13 8 41 86 106 74 2 88 121 118 60 65 91 26 119 15 53 79
Coste: 254

GENERACION: 50
Mejor Solucion:  64 103 48 38 4 21 18 50 70 120 40 104 94 67 123 63 35 37 14 30 124 66 17 58 71 31 69 92 122 108 22 46 116 5 34 114 110 90 78 32 49 105 97 19 82 115 68 42 83 84 9 23 76 55 62 127 43 12 16 95 72 1 93 96 52 113 126 77 59 44 29 47 57 111 24 117 33 36 56 54 101 107 11 75 87 39 125 98 99 80 51 100 61 85 10 3 89 45 81 27 6 0 28 109 112 20 7 102 73 25 13 8 41 86 106 74 2 88 121 118 60 65 91 26 119 15 53 79
Coste: 254

GENERACION: 51
Mejor Solucion:  64 103 48 38 4 21 18 50 70 120 40 104 94 67 123 63 35 37 14 30 124 66 17 58 71 31 69 92 122 108 22 46 116 5 34 114 110 90 78 32 49 105 97 19 82 115 68 42 83 84 9 23 76 55 62 127 43 12 16 95 72 1 93 96 52 113 126 77 59 44 29 47 57 111 24 117 33 36 56 54 101 107 11 75 87 39 125 98 99 80 51 100 61 85 10 3 89 45 81 27 6 0 28 109 112 20 7 102 73 25 13 8 41 86 106 74 2 88 121 118 60 65 91 26 119 15 53 79
Coste: 254

GENERACION: 52
Mejor Solucion:  64 103 48 38 4 21 18 50 70 120 40 104 94 67 123 63 35 37 14 30 124 66 17 58 71 31 69 92 122 108 22 46 116 5 34 114 110 90 78 32 49 105 97 19 82 115 68 42 83 84 9 23 76 55 62 127 43 12 16 95 72 1 93 96 52 113 126 77 59 44 29 47 57 111 24 117 33 36 56 54 101 107 11 75 87 39 125 98 99 80 51 100 61 85 10 3 89 45 81 27 6 0 28 109 112 20 7 102 73 25 13 8 41 86 106 74 2 88 121 118 60 65 91 26 119 15 53 79
Coste: 254

GENERACION: 53
Mejor Solucion:  64 103 48 38 4 21 18 50 70 120 40 104 94 67 123 63 35 37 14 30 124 66 17 58 71 31 69 92 122 108 22 46 116 5 34 114 110 90 78 32 49 105 97 19 82 115 68 42 83 84 9 23 76 55 62 127 43 12 16 95 72 1 93 96 52 113 126 77 59 44 29 47 57 111 24 117 33 36 56 54 101 107 11 75 87 39 125 98 99 80 51 100 61 85 10 3 89 45 81 27 6 0 28 109 112 20 7 102 73 25 13 8 41 86 106 74 2 88 121 118 60 65 91 26 119 15 53 79
Coste: 254

GENERACION: 54
Mejor Solucion:  64 103 48 38 4 21 18 50 70 120 40 104 94 67 123 63 35 37 14 30 124 66 17 58 71 31 69 92 122 108 22 46 116 5 34 114 110 90 78 32 49 105 97 19 82 115 68 42 83 84 9 23 76 55 62 127 43 12 16 95 72 1 93 96 52 113 126 77 59 44 29 47 57 111 24 117 33 36 56 54 101 107 11 75 87 39 125 98 99 80 51 100 61 85 10 3 89 45 81 27 6 0 28 109 112 20 7 102 73 25 13 8 41 86 106 74 2 88 121 118 60 65 91 26 119 15 53 79
Coste: 254

GENERACION: 55
Mejor Solucion:  64 103 48 38 4 21 18 50 70 120 40 104 94 67 123 63 35 37 14 30 124 66 17 58 71 31 69 92 122 108 22 46 116 5 34 114 110 90 78 32 49 105 97 19 82 115 68 42 83 84 9 23 76 55 62 127 43 12 16 95 72 1 93 96 52 113 126 77 59 44 29 47 57 111 24 117 33 36 56 54 101 107 11 75 87 39 125 98 99 80 51 100 61 85 10 3 89 45 81 27 6 0 28 109 112 20 7 102 73 25 13 8 41 86 106 74 2 88 121 118 60 65 91 26 119 15 53 79
Coste: 254

GENERACION: 56
Mejor Solucion:  64 103 48 38 4 21 18 50 70 120 40 104 94 67 123 63 35 37 14 30 124 66 17 58 71 31 69 92 122 108 22 46 116 5 34 114 110 90 78 32 49 105 97 19 82 115 68 42 83 84 9 23 76 55 62 127 43 12 16 95 72 1 93 96 52 113 126 77 59 44 29 47 57 111 24 117 33 36 56 54 101 107 11 75 87 39 125 98 99 80 51 100 61 85 10 3 89 45 81 27 6 0 28 109 112 20 7 102 73 25 13 8 41 86 106 74 2 88 121 118 60 65 91 26 119 15 53 79
Coste: 254

GENERACION: 57
Mejor Solucion:  64 103 48 38 4 21 18 50 70 120 40 104 94 67 123 63 35 37 14 30 124 66 17 58 71 31 69 92 122 108 22 46 116 5 34 114 110 90 78 32 49 105 97 19 82 115 68 42 83 84 9 23 76 55 62 127 43 12 16 95 72 1 93 96 52 113 126 77 59 44 29 47 57 111 24 117 33 36 56 54 101 107 11 75 87 39 125 98 99 80 51 100 61 85 10 3 89 45 81 27 6 0 28 109 112 20 7 102 73 25 13 8 41 86 106 74 2 88 121 118 60 65 91 26 119 15 53 79
Coste: 254

GENERACION: 58
Mejor Solucion:  64 103 48 38 4 21 18 50 70 120 40 104 94 67 123 63 35 37 14 30 124 66 17 58 71 31 69 92 122 108 22 46 116 5 34 114 110 90 78 32 49 105 97 19 82 115 68 42 83 84 9 23 76 55 62 127 43 12 16 95 72 1 93 96 52 113 126 77 59 44 29 47 57 111 24 117 33 36 56 54 101 107 11 75 87 39 125 98 99 80 51 100 61 85 10 3 89 45 81 27 6 0 28 109 112 20 7 102 73 25 13 8 41 86 106 74 2 88 121 118 60 65 91 26 119 15 53 79
Coste: 254

GENERACION: 59
Mejor Solucion:  64 103 48 38 4 21 18 50 70 120 40 104 94 67 123 63 35 37 14 30 124 66 17 58 71 31 69 92 122 108 22 46 116 5 34 114 110 90 78 32 49 105 97 19 82 115 68 42 83 84 9 23 76 55 62 127 43 12 16 95 72 1 93 96 52 113 126 77 59 44 29 47 57 111 24 117 33 36 56 54 101 107 11 75 87 39 125 98 99 80 51 100 61 85 10 3 89 45 81 27 6 0 28 109 112 20 7 102 73 25 13 8 41 86 106 74 2 88 121 118 60 65 91 26 119 15 53 79
Coste: 254

GENERACION: 60
Mejor Solucion:  64 103 48 38 4 21 18 50 70 120 40 104 94 67 123 63 35 37 14 30 124 66 17 58 71 31 69 92 122 108 22 46 116 5 34 114 110 90 78 32 49 105 97 19 82 115 68 42 83 84 9 23 76 55 62 127 43 12 16 95 72 1 93 96 52 113 126 77 59 44 29 47 57 111 24 117 33 36 56 54 101 107 11 75 87 39 125 98 99 80 51 100 61 85 10 3 89 45 81 27 6 0 28 109 112 20 7 102 73 25 13 8 41 86 106 74 2 88 121 118 60 65 91 26 119 15 53 79
Coste: 254

GENERACION: 61
Mejor Solucion:  64 103 48 38 4 21 18 50 70 120 40 104 94 67 123 63 35 37 14 30 124 66 17 58 71 31 69 92 122 108 22 46 116 5 34 114 110 90 78 32 49 105 97 19 82 115 68 42 83 84 9 23 76 55 62 127 43 12 16 95 72 1 93 96 52 113 126 77 59 44 29 47 57 111 24 117 33 36 56 54 101 107 11 75 87 39 125 98 99 80 51 100 61 85 10 3 89 45 81 27 6 0 28 109 112 20 7 102 73 25 13 8 41 86 106 74 2 88 121 118 60 65 91 26 119 15 53 79
Coste: 254

GENERACION: 62
Mejor Solucion:  64 103 48 38 4 21 18 50 70 120 40 104 94 67 123 63 35 37 14 30 124 66 17 58 71 31 69 92 122 108 22 46 116 5 34 114 110 90 78 32 49 105 97 19 82 115 68 42 83 84 9 23 76 55 62 127 43 12 16 95 72 1 93 96 52 113 126 77 59 44 29 47 57 111 24 117 33 36 56 54 101 107 11 75 87 39 125 98 99 80 51 100 61 85 10 3 89 45 81 27 6 0 28 109 112 20 7 102 73 25 13 8 41 86 106 74 2 88 121 118 60 65 91 26 119 15 53 79
Coste: 254

GENERACION: 63
Mejor Solucion:  64 103 48 38 4 21 18 50 70 120 40 104 94 67 123 63 35 37 14 30 124 66 17 58 71 31 69 92 122 108 22 46 116 5 34 114 110 90 78 32 49 105 97 19 82 115 68 42 83 84 9 23 76 55 62 127 43 12 16 95 72 1 93 96 52 113 126 77 59 44 29 47 57 111 24 117 33 36 56 54 101 107 11 75 87 39 125 98 99 80 51 100 61 85 10 3 89 45 81 27 6 0 28 109 112 20 7 102 73 25 13 8 41 86 106 74 2 88 121 118 60 65 91 26 119 15 53 79
Coste: 254

GENERACION: 64
Mejor Solucion:  64 103 48 38 4 21 18 50 70 120 40 104 94 67 123 63 35 37 14 30 124 66 17 58 71 31 69 92 122 108 22 46 116 5 34 114 110 90 78 32 49 105 97 19 82 115 68 42 83 84 9 23 76 55 62 127 43 12 16 95 72 1 93 96 52 113 126 77 59 44 29 47 57 111 24 117 33 36 56 54 101 107 11 75 87 39 125 98 99 80 51 100 61 85 10 3 89 45 81 27 6 0 28 109 112 20 7 102 73 25 13 8 41 86 106 74 2 88 121 118 60 65 91 26 119 15 53 79
Coste: 254

GENERACION: 65
Mejor Solucion:  64 103 48 38 4 21 18 50 70 120 40 104 94 67 123 63 35 37 14 30 124 66 17 58 71 31 69 92 122 108 22 46 116 5 34 114 110 90 78 32 49 105 97 19 82 115 68 42 83 84 9 23 76 55 62 127 43 12 16 95 72 1 93 96 52 113 126 77 59 44 29 47 57 111 24 117 33 36 56 54 101 107 11 75 87 39 125 98 99 80 51 100 61 85 10 3 89 45 81 27 6 0 28 109 112 20 7 102 73 25 13 8 41 86 106 74 2 88 121 118 60 65 91 26 119 15 53 79
Coste: 254

GENERACION: 66
Mejor Solucion:  64 103 48 38 4 21 18 50 70 120 40 104 94 67 123 63 35 37 14 30 124 66 17 58 71 31 69 92 122 108 22 46 116 5 34 114 110 90 78 32 49 105 97 19 82 115 68 42 83 84 9 23 76 55 62 127 43 12 16 95 72 1 93 96 52 113 126 77 59 44 29 47 57 111 24 117 33 36 56 54 101 107 11 75 87 39 125 98 99 80 51 100 61 85 10 3 89 45 81 27 6 0 28 109 112 20 7 102 73 25 13 8 41 86 106 74 2 88 121 118 60 65 91 26 119 15 53 79
Coste: 254

GENERACION: 67
Mejor Solucion:  64 103 48 38 4 21 18 50 70 120 40 104 94 67 123 63 35 37 14 30 124 66 17 58 71 31 69 92 122 108 22 46 116 5 34 114 110 90 78 32 49 105 97 19 82 115 68 42 83 84 9 23 76 55 62 127 43 12 16 95 72 1 93 96 52 113 126 77 59 44 29 47 57 111 24 117 33 36 56 54 101 107 11 75 87 39 125 98 99 80 51 100 61 85 10 3 89 45 81 27 6 0 28 109 112 20 7 102 73 25 13 8 41 86 106 74 2 88 121 118 60 65 91 26 119 15 53 79
Coste: 254

GENERACION: 68
Mejor Solucion:  64 103 48 38 4 21 18 50 70 120 40 104 94 67 123 63 35 37 14 30 124 66 17 58 71 31 69 92 122 108 22 46 116 5 34 114 110 90 78 32 49 105 97 19 82 115 68 42 83 84 9 23 76 55 62 127 43 12 16 95 72 1 93 96 52 113 126 77 59 44 29 47 57 111 24 117 33 36 56 54 101 107 11 75 87 39 125 98 99 80 51 100 61 85 10 3 89 45 81 27 6 0 28 109 112 20 7 102 73 25 13 8 41 86 106 74 2 88 121 118 60 65 91 26 119 15 53 79
Coste: 254

GENERACION: 69
Mejor Solucion:  64 103 48 38 4 21 18 50 70 120 40 104 94 67 123 63 35 37 14 30 124 66 17 58 71 31 69 92 122 108 22 46 116 5 34 114 110 90 78 32 49 105 97 19 82 115 68 42 83 84 9 23 76 55 62 127 43 12 16 95 72 1 93 96 52 113 126 77 59 44 29 47 57 111 24 117 33 36 56 54 101 107 11 75 87 39 125 98 99 80 51 100 61 85 10 3 89 45 81 27 6 0 28 109 112 20 7 102 73 25 13 8 41 86 106 74 2 88 121 118 60 65 91 26 119 15 53 79
Coste: 254

GENERACION: 70
Mejor Solucion:  64 103 48 38 4 21 18 50 70 120 40 104 94 67 123 63 35 37 14 30 124 66 17 58 71 31 69 92 122 108 22 46 116 5 34 114 110 90 78 32 49 105 97 19 82 115 68 42 83 84 9 23 76 55 62 127 43 12 16 95 72 1 93 96 52 113 126 77 59 44 29 47 57 111 24 117 33 36 56 54 101 107 11 75 87 39 125 98 99 80 51 100 61 85 10 3 89 45 81 27 6 0 28 109 112 20 7 102 73 25 13 8 41 86 106 74 2 88 121 118 60 65 91 26 119 15 53 79
Coste: 254

GENERACION: 71
Mejor Solucion:  64 103 48 38 4 21 18 50 70 120 40 104 94 67 123 63 35 37 14 30 124 66 17 58 71 31 69 92 122 108 22 46 116 5 34 114 110 90 78 32 49 105 97 19 82 115 68 42 83 84 9 23 76 55 62 127 43 12 16 95 72 1 93 96 52 113 126 77 59 44 29 47 57 111 24 117 33 36 56 54 101 107 11 75 87 39 125 98 99 80 51 100 61 85 10 3 89 45 81 27 6 0 28 109 112 20 7 102 73 25 13 8 41 86 106 74 2 88 121 118 60 65 91 26 119 15 53 79
Coste: 254

GENERACION: 72
Mejor Solucion:  64 103 48 38 4 21 18 50 70 120 40 104 94 67 123 63 35 37 14 30 124 66 17 58 71 31 69 92 122 108 22 46 116 5 34 114 110 90 78 32 49 105 97 19 82 115 68 42 83 84 9 23 76 55 62 127 43 12 16 95 72 1 93 96 52 113 126 77 59 44 29 47 57 111 24 117 33 36 56 54 101 107 11 75 87 39 125 98 99 80 51 100 61 85 10 3 89 45 81 27 6 0 28 109 112 20 7 102 73 25 13 8 41 86 106 74 2 88 121 118 60 65 91 26 119 15 53 79
Coste: 254

GENERACION: 73
Mejor Solucion:  64 103 48 38 4 21 18 50 70 120 40 104 94 67 123 63 35 37 14 30 124 66 17 58 71 31 69 92 122 108 22 46 116 5 34 114 110 90 78 32 49 105 97 19 82 115 68 42 83 84 9 23 76 55 62 127 43 12 16 95 72 1 93 96 52 113 126 77 59 44 29 47 57 111 24 117 33 36 56 54 101 107 11 75 87 39 125 98 99 80 51 100 61 85 10 3 89 45 81 27 6 0 28 109 112 20 7 102 73 25 13 8 41 86 106 74 2 88 121 118 60 65 91 26 119 15 53 79
Coste: 254

GENERACION: 74
Mejor Solucion:  64 103 48 38 4 21 18 50 70 120 40 104 94 67 123 63 35 37 14 30 124 66 17 58 71 31 69 92 122 108 22 46 116 5 34 114 110 90 78 32 49 105 97 19 82 115 68 42 83 84 9 23 76 55 62 127 43 12 16 95 72 1 93 96 52 113 126 77 59 44 29 47 57 111 24 117 33 36 56 54 101 107 11 75 87 39 125 98 99 80 51 100 61 85 10 3 89 45 81 27 6 0 28 109 112 20 7 102 73 25 13 8 41 86 106 74 2 88 121 118 60 65 91 26 119 15 53 79
Coste: 254

GENERACION: 75
Mejor Solucion:  64 103 48 38 4 21 18 50 70 120 40 104 94 67 123 63 35 37 14 30 124 66 17 58 71 31 69 92 122 108 22 46 116 5 34 114 110 90 78 32 49 105 97 19 82 115 68 42 83 84 9 23 76 55 62 127 43 12 16 95 72 1 93 96 52 113 126 77 59 44 29 47 57 111 24 117 33 36 56 54 101 107 11 75 87 39 125 98 99 80 51 100 61 85 10 3 89 45 81 27 6 0 28 109 112 20 7 102 73 25 13 8 41 86 106 74 2 88 121 118 60 65 91 26 119 15 53 79
Coste: 254

GENERACION: 76
Mejor Solucion:  64 103 48 38 4 21 18 50 70 120 40 104 94 67 123 63 35 37 14 30 124 66 17 58 71 31 69 92 122 108 22 46 116 5 34 114 110 90 78 32 49 105 97 19 82 115 68 42 83 84 9 23 76 55 62 127 43 12 16 95 72 1 93 96 52 113 126 77 59 44 29 47 57 111 24 117 33 36 56 54 101 107 11 75 87 39 125 98 99 80 51 100 61 85 10 3 89 45 81 27 6 0 28 109 112 20 7 102 73 25 13 8 41 86 106 74 2 88 121 118 60 65 91 26 119 15 53 79
Coste: 254

GENERACION: 77
Mejor Solucion:  64 103 48 38 4 21 18 50 70 120 40 104 94 67 123 63 35 37 14 30 124 66 17 58 71 31 69 92 122 108 22 46 116 5 34 114 110 90 78 32 49 105 97 19 82 115 68 42 83 84 9 23 76 55 62 127 43 12 16 95 72 1 93 96 52 113 126 77 59 44 29 47 57 111 24 117 33 36 56 54 101 107 11 75 87 39 125 98 99 80 51 100 61 85 10 3 89 45 81 27 6 0 28 109 112 20 7 102 73 25 13 8 41 86 106 74 2 88 121 118 60 65 91 26 119 15 53 79
Coste: 254

GENERACION: 78
Mejor Solucion:  64 103 48 38 4 21 18 50 70 120 40 104 94 67 123 63 35 37 14 30 124 66 17 58 71 31 69 92 122 108 22 46 116 5 34 114 110 90 78 32 49 105 97 19 82 115 68 42 83 84 9 23 76 55 62 127 43 12 16 95 72 1 93 96 52 113 126 77 59 44 29 47 57 111 24 117 33 36 56 54 101 107 11 75 87 39 125 98 99 80 51 100 61 85 10 3 89 45 81 27 6 0 28 109 112 20 7 102 73 25 13 8 41 86 106 74 2 88 121 118 60 65 91 26 119 15 53 79
Coste: 254

GENERACION: 79
Mejor Solucion:  64 103 48 38 4 21 18 50 70 120 40 104 94 67 123 63 35 37 14 30 124 66 17 58 71 31 69 92 122 108 22 46 116 5 34 114 110 90 78 32 49 105 97 19 82 115 68 42 83 84 9 23 76 55 62 127 43 12 16 95 72 1 93 96 52 113 126 77 59 44 29 47 57 111 24 117 33 36 56 54 101 107 11 75 87 39 125 98 99 80 51 100 61 85 10 3 89 45 81 27 6 0 28 109 112 20 7 102 73 25 13 8 41 86 106 74 2 88 121 118 60 65 91 26 119 15 53 79
Coste: 254

GENERACION: 80
Mejor Solucion:  64 103 48 38 4 21 18 50 70 120 40 104 94 67 123 63 35 37 14 30 124 66 17 58 71 31 69 92 122 108 22 46 116 5 34 114 110 90 78 32 49 105 97 19 82 115 68 42 83 84 9 23 76 55 62 127 43 12 16 95 72 1 93 96 52 113 126 77 59 44 29 47 57 111 24 117 33 36 56 54 101 107 11 75 87 39 125 98 99 80 51 100 61 85 10 3 89 45 81 27 6 0 28 109 112 20 7 102 73 25 13 8 41 86 106 74 2 88 121 118 60 65 91 26 119 15 53 79
Coste: 254

GENERACION: 81
Mejor Solucion:  64 103 48 38 4 21 18 50 70 120 40 104 94 67 123 63 35 37 14 30 124 66 17 58 71 31 69 92 122 108 22 46 116 5 34 114 110 90 78 32 49 105 97 19 82 115 68 42 83 84 9 23 76 55 62 127 43 12 16 95 72 1 93 96 52 113 126 77 59 44 29 47 57 111 24 117 33 36 56 54 101 107 11 75 87 39 125 98 99 80 51 100 61 85 10 3 89 45 81 27 6 0 28 109 112 20 7 102 73 25 13 8 41 86 106 74 2 88 121 118 60 65 91 26 119 15 53 79
Coste: 254

