GENERACION: 1
Mejor Solucion:  19 20 92 44 45 12 83 74 91 89 36 35 87 67 69 58 43 81 98 86 65 23 9 73 49 52 88 18 77 78 71 56 53 16 51 1 11 7 21 38 29 93 5 37 27 28 50 8 24 57 31 85 48 63 66 84 34 55 22 72 76 96 42 15 47 61 17 54 14 94 40 95 0 39 46 41 62 99 68 30 3 75 70 32 6 64 4 59 2 33 60 80 25 90 97 13 26 10 79 82
Coste: 1695054581

GENERACION: 2
Mejor Solucion:  19 20 92 44 45 12 83 74 91 89 36 35 87 67 69 58 43 81 98 86 65 23 9 73 49 52 88 18 77 78 71 56 53 16 51 1 11 7 21 38 29 93 5 37 27 28 50 8 24 57 31 85 48 63 66 84 34 55 22 72 76 96 42 15 47 61 17 54 14 94 40 95 0 39 46 41 62 99 68 30 3 75 70 32 6 64 4 59 2 33 60 80 25 90 97 13 26 10 79 82
Coste: 1695054581

GENERACION: 3
Mejor Solucion:  19 20 92 44 45 12 83 74 91 89 36 35 87 67 69 58 43 81 98 86 65 23 9 73 49 52 88 18 77 78 71 56 53 16 51 1 11 7 21 38 29 93 5 37 27 28 50 8 24 57 31 85 48 63 66 84 34 55 22 72 76 96 42 15 47 61 17 54 14 94 40 95 0 39 46 41 62 99 68 30 3 75 70 32 6 64 4 59 2 33 60 80 25 90 97 13 26 10 79 82
Coste: 1695054581

GENERACION: 4
Mejor Solucion:  19 20 92 44 45 12 83 74 91 89 36 35 87 67 69 58 43 81 98 86 65 23 9 73 49 52 88 18 77 78 71 56 53 16 51 1 11 7 21 38 29 93 5 37 27 28 50 8 24 57 31 85 48 63 66 84 34 55 22 72 76 96 42 15 47 61 17 54 14 94 40 95 0 39 46 41 62 99 68 30 3 75 70 32 6 64 4 59 2 33 60 80 25 90 97 13 26 10 79 82
Coste: 1695054581

GENERACION: 5
Mejor Solucion:  19 20 92 44 45 12 83 74 91 89 36 35 87 67 69 58 43 81 98 86 65 23 9 73 49 52 88 18 77 78 71 56 53 16 51 1 11 7 21 38 29 93 5 37 27 28 50 8 24 57 31 85 48 63 66 84 34 55 22 72 76 96 42 15 47 61 17 54 14 94 40 95 0 39 46 41 62 99 68 30 3 75 70 32 6 64 4 59 2 33 60 80 25 90 97 13 26 10 79 82
Coste: 1695054581

GENERACION: 6
Mejor Solucion:  79 86 33 57 62 10 44 28 65 55 61 47 93 27 7 63 85 24 41 98 54 39 35 89 1 56 16 2 42 77 15 4 92 71 37 72 90 22 60 88 75 17 84 78 46 45 69 95 96 13 67 83 30 81 64 48 34 58 53 18 73 14 97 94 32 43 9 12 31 80 26 5 70 87 40 66 11 23 91 52 38 20 50 6 0 59 8 29 25 21 82 51 68 19 76 99 3 49 74 36
Coste: 1688192557

GENERACION: 7
Mejor Solucion:  79 86 33 57 45 10 44 28 58 55 61 47 93 27 7 63 85 24 41 98 54 39 35 89 1 56 16 2 42 77 21 4 92 71 37 72 90 22 60 88 75 17 84 78 46 62 69 95 96 13 67 83 30 81 64 48 9 65 53 18 73 14 97 94 32 43 34 12 31 80 26 5 70 87 40 66 11 23 91 52 38 20 50 6 0 59 8 29 25 15 82 51 68 19 76 99 3 49 74 36
Coste: 1672849427

GENERACION: 8
Mejor Solucion:  79 86 33 57 45 10 44 28 58 55 61 47 93 27 7 63 85 24 41 98 54 39 35 89 1 56 16 2 42 77 21 4 92 71 37 72 90 22 60 88 75 17 84 78 46 62 69 95 96 13 67 83 30 81 64 48 9 65 53 18 73 14 97 94 32 43 34 12 31 80 26 5 70 87 40 66 11 23 91 52 38 20 50 6 0 59 8 29 25 15 82 51 68 19 76 99 3 49 74 36
Coste: 1672849427

GENERACION: 9
Mejor Solucion:  79 86 33 57 45 10 44 28 58 55 61 47 93 27 7 63 85 24 41 98 54 39 35 89 1 56 16 2 42 77 21 4 92 71 37 72 90 22 60 88 75 17 84 78 46 62 69 95 96 13 67 83 30 81 64 48 9 65 53 18 73 14 97 94 32 43 34 12 31 80 26 5 70 87 40 66 11 23 91 52 38 20 50 6 0 59 8 29 25 15 82 51 68 19 76 99 3 49 74 36
Coste: 1672849427

GENERACION: 10
Mejor Solucion:  79 86 33 57 45 10 44 28 58 55 61 47 93 27 7 63 85 24 41 98 54 39 35 89 1 56 16 2 42 77 21 4 92 71 37 72 90 22 60 88 75 17 84 78 46 62 69 95 96 13 67 83 30 81 64 48 9 65 53 18 73 14 97 94 32 43 34 12 31 80 26 5 70 87 40 66 11 23 91 52 38 20 50 6 0 59 8 29 25 15 82 51 68 19 76 99 3 49 74 36
Coste: 1672849427

GENERACION: 11
Mejor Solucion:  79 86 33 57 45 10 44 28 58 55 61 47 93 27 7 63 85 24 41 98 54 39 35 89 1 56 16 2 42 77 21 4 92 71 37 72 90 22 60 88 75 17 84 78 46 62 69 95 96 13 67 83 30 81 64 48 9 65 53 18 73 14 97 94 32 43 34 12 31 80 26 5 70 87 40 66 11 23 91 52 38 20 50 6 0 59 8 29 25 15 82 51 68 19 76 99 3 49 74 36
Coste: 1672849427

GENERACION: 12
Mejor Solucion:  79 86 33 57 45 10 44 28 58 55 61 47 93 27 7 63 85 24 41 98 54 39 35 89 1 56 16 2 42 77 21 4 92 71 37 72 90 22 60 88 75 17 84 78 46 62 69 95 96 13 67 83 30 81 64 48 9 65 53 18 73 14 97 94 32 43 34 12 31 80 26 5 70 87 40 66 11 23 91 52 38 20 50 6 0 59 8 29 25 15 82 51 68 19 76 99 3 49 74 36
Coste: 1672849427

GENERACION: 13
Mejor Solucion:  79 86 33 57 45 10 44 28 58 55 61 47 93 27 7 63 85 24 41 98 54 39 35 89 1 56 16 2 42 77 21 4 92 71 37 72 90 22 60 88 75 17 84 78 46 62 69 95 96 13 67 83 30 81 64 48 9 65 53 18 73 14 97 94 32 43 34 12 31 80 26 5 70 87 40 66 11 23 91 52 38 20 50 6 0 59 8 29 25 15 82 51 68 19 76 99 3 49 74 36
Coste: 1672849427

GENERACION: 14
Mejor Solucion:  79 86 33 57 45 10 44 28 58 55 61 47 93 27 7 63 85 24 41 98 54 39 35 89 1 56 16 2 42 77 21 4 92 71 37 72 90 22 60 88 75 17 84 78 46 62 69 95 96 13 67 83 30 81 64 48 9 65 53 18 73 14 97 94 32 43 34 12 31 80 26 5 70 87 40 66 11 23 91 52 38 20 50 6 0 59 8 29 25 15 82 51 68 19 76 99 3 49 74 36
Coste: 1672849427

GENERACION: 15
Mejor Solucion:  79 86 33 57 45 10 44 28 58 55 61 47 93 27 7 63 85 24 41 98 54 39 35 89 1 56 16 2 42 77 21 4 92 71 37 72 90 22 60 88 75 17 84 78 46 62 69 95 96 13 67 83 30 81 64 48 9 65 53 18 73 14 97 94 32 43 34 12 31 80 26 5 70 87 40 66 11 23 91 52 38 20 50 6 0 59 8 29 25 15 82 51 68 19 76 99 3 49 74 36
Coste: 1672849427

GENERACION: 16
Mejor Solucion:  79 86 33 57 45 10 44 28 58 55 61 47 93 27 7 63 85 24 41 98 54 39 35 89 1 56 16 2 42 77 21 4 92 71 37 72 90 22 60 88 75 17 84 78 46 62 69 95 96 13 67 83 30 81 64 48 9 65 53 18 73 14 97 94 32 43 34 12 31 80 26 5 70 87 40 66 11 23 91 52 38 20 50 6 0 59 8 29 25 15 82 51 68 19 76 99 3 49 74 36
Coste: 1672849427

GENERACION: 17
Mejor Solucion:  79 86 33 57 45 10 44 28 58 55 61 47 93 27 7 63 85 24 41 98 54 39 35 89 1 56 16 2 42 77 21 4 92 71 37 72 90 22 60 88 75 17 84 78 46 62 69 95 96 13 67 83 30 81 64 48 9 65 53 18 73 14 97 94 32 43 34 12 31 80 26 5 70 87 40 66 11 23 91 52 38 20 50 6 0 59 8 29 25 15 82 51 68 19 76 99 3 49 74 36
Coste: 1672849427

GENERACION: 18
Mejor Solucion:  79 86 33 57 45 10 44 28 58 55 61 47 93 27 7 63 85 24 41 98 54 39 35 89 1 56 16 2 42 77 21 4 92 71 37 72 90 22 60 88 75 17 84 78 46 62 69 95 96 13 67 83 30 81 64 48 9 65 53 18 73 14 97 94 32 43 34 12 31 80 26 5 70 87 40 66 11 23 91 52 38 20 50 6 0 59 8 29 25 15 82 51 68 19 76 99 3 49 74 36
Coste: 1672849427

GENERACION: 19
Mejor Solucion:  79 86 33 57 45 10 44 28 58 55 61 47 93 27 7 63 85 24 41 98 54 39 35 89 1 56 16 2 42 77 21 4 92 71 37 72 90 22 60 88 75 17 84 78 46 62 69 95 96 13 67 83 30 81 64 48 9 65 53 18 73 14 97 94 32 43 34 12 31 80 26 5 70 87 40 66 11 23 91 52 38 20 50 6 0 59 8 29 25 15 82 51 68 19 76 99 3 49 74 36
Coste: 1672849427

GENERACION: 20
Mejor Solucion:  79 86 33 57 45 10 44 28 58 55 61 47 93 27 7 63 85 24 41 98 54 39 35 89 1 56 16 2 42 77 21 4 92 71 37 72 90 22 60 88 75 17 84 78 46 62 69 95 96 13 67 83 30 81 64 48 9 65 53 18 73 14 97 94 32 43 34 12 31 80 26 5 70 87 40 66 11 23 91 52 38 20 50 6 0 59 8 29 25 15 82 51 68 19 76 99 3 49 74 36
Coste: 1672849427

GENERACION: 21
Mejor Solucion:  79 86 33 57 45 10 44 28 58 55 61 47 93 27 7 63 85 24 41 98 54 39 35 89 1 56 16 2 42 77 21 4 92 71 37 72 90 22 60 88 75 17 84 78 46 62 69 95 96 13 67 83 30 81 64 48 9 65 53 18 73 14 97 94 32 43 34 12 31 80 26 5 70 87 40 66 11 23 91 52 38 20 50 6 0 59 8 29 25 15 82 51 68 19 76 99 3 49 74 36
Coste: 1672849427

GENERACION: 22
Mejor Solucion:  79 86 33 57 45 10 44 28 58 55 61 47 93 27 7 63 85 24 41 98 54 39 35 89 1 56 16 2 42 77 21 4 92 71 37 72 90 22 60 88 75 17 84 78 46 62 69 95 96 13 67 83 30 81 64 48 9 65 53 18 73 14 97 94 32 43 34 12 31 80 26 5 70 87 40 66 11 23 91 52 38 20 50 6 0 59 8 29 25 15 82 51 68 19 76 99 3 49 74 36
Coste: 1672849427

GENERACION: 23
Mejor Solucion:  79 86 33 57 45 10 44 28 58 55 61 47 93 27 7 63 85 24 41 98 54 39 35 89 1 56 16 2 42 77 21 4 92 71 37 72 90 22 60 88 75 17 84 78 46 62 69 95 96 13 67 83 30 81 64 48 9 65 53 18 73 14 97 94 32 43 34 12 31 80 26 5 70 87 40 66 11 23 91 52 38 20 50 6 0 59 8 29 25 15 82 51 68 19 76 99 3 49 74 36
Coste: 1672849427

GENERACION: 24
Mejor Solucion:  79 86 33 57 45 10 44 28 58 55 61 47 93 27 7 63 85 24 41 98 54 39 35 89 1 56 16 2 42 77 21 4 92 71 37 72 90 22 60 88 75 17 84 78 46 62 69 95 96 13 67 83 30 81 64 48 9 65 53 18 73 14 97 94 32 43 34 12 31 80 26 5 70 87 40 66 11 23 91 52 38 20 50 6 0 59 8 29 25 15 82 51 68 19 76 99 3 49 74 36
Coste: 1672849427

GENERACION: 25
Mejor Solucion:  79 86 33 57 45 10 44 28 58 55 61 47 93 27 7 63 85 24 41 98 54 39 35 89 1 56 16 2 42 77 21 4 92 71 37 72 90 22 60 88 75 17 84 78 46 62 69 95 96 13 67 83 30 81 64 48 9 65 53 18 73 14 97 94 32 43 34 12 31 80 26 5 70 87 40 66 11 23 91 52 38 20 50 6 0 59 8 29 25 15 82 51 68 19 76 99 3 49 74 36
Coste: 1672849427

GENERACION: 26
Mejor Solucion:  79 86 33 57 45 10 44 28 58 55 61 47 93 27 7 63 85 24 41 98 54 39 35 89 1 56 16 2 42 77 21 4 92 71 37 72 90 22 60 88 75 17 84 78 46 62 69 95 96 13 67 83 30 81 64 48 9 65 53 18 73 14 97 94 32 43 34 12 31 80 26 5 70 87 40 66 11 23 91 52 38 20 50 6 0 59 8 29 25 15 82 51 68 19 76 99 3 49 74 36
Coste: 1672849427

GENERACION: 27
Mejor Solucion:  79 86 33 57 45 10 44 28 58 55 61 47 93 27 7 63 85 24 41 98 54 39 35 89 1 56 16 2 42 77 21 4 92 71 37 72 90 22 60 88 75 17 84 78 46 62 69 95 96 13 67 83 30 81 64 48 9 65 53 18 73 14 97 94 32 43 34 12 31 80 26 5 70 87 40 66 11 23 91 52 38 20 50 6 0 59 8 29 25 15 82 51 68 19 76 99 3 49 74 36
Coste: 1672849427

GENERACION: 28
Mejor Solucion:  79 86 33 57 45 10 44 28 58 55 61 47 93 27 7 63 85 24 41 98 54 39 35 89 1 56 16 2 42 77 21 4 92 71 37 72 90 22 60 88 75 17 84 78 46 62 69 95 96 13 67 83 30 81 64 48 9 65 53 18 73 14 97 94 32 43 34 12 31 80 26 5 70 87 40 66 11 23 91 52 38 20 50 6 0 59 8 29 25 15 82 51 68 19 76 99 3 49 74 36
Coste: 1672849427

GENERACION: 29
Mejor Solucion:  79 86 33 57 45 10 44 28 58 55 61 47 93 27 7 63 85 24 41 98 54 39 35 89 1 56 16 2 42 77 21 4 92 71 37 72 90 22 60 88 75 17 84 78 46 62 69 95 96 13 67 83 30 81 64 48 9 65 53 18 73 14 97 94 32 43 34 12 31 80 26 5 70 87 40 66 11 23 91 52 38 20 50 6 0 59 8 29 25 15 82 51 68 19 76 99 3 49 74 36
Coste: 1672849427

GENERACION: 30
Mejor Solucion:  79 86 33 57 45 10 44 28 58 55 61 47 93 27 7 63 85 24 41 98 54 39 35 89 1 56 16 2 42 77 21 4 92 71 37 72 90 22 60 88 75 17 84 78 46 62 69 95 96 13 67 83 30 81 64 48 9 65 53 18 73 14 97 94 32 43 34 12 31 80 26 5 70 87 40 66 11 23 91 52 38 20 50 6 0 59 8 29 25 15 82 51 68 19 76 99 3 49 74 36
Coste: 1672849427

GENERACION: 31
Mejor Solucion:  79 86 33 57 45 10 44 28 58 55 61 47 93 27 7 63 85 24 41 98 54 39 35 89 1 56 16 2 42 77 21 4 92 71 37 72 90 22 60 88 75 17 84 78 46 62 69 95 96 13 67 83 30 81 64 48 9 65 53 18 73 14 97 94 32 43 34 12 31 80 26 5 70 87 40 66 11 23 91 52 38 20 50 6 0 59 8 29 25 15 82 51 68 19 76 99 3 49 74 36
Coste: 1672849427

GENERACION: 32
Mejor Solucion:  79 86 33 57 45 10 44 28 58 55 61 47 93 27 7 63 85 24 41 98 54 39 35 89 1 56 16 2 42 77 21 4 92 71 37 72 90 22 60 88 75 17 84 78 46 62 69 95 96 13 67 83 30 81 64 48 9 65 53 18 73 14 97 94 32 43 34 12 31 80 26 5 70 87 40 66 11 23 91 52 38 20 50 6 0 59 8 29 25 15 82 51 68 19 76 99 3 49 74 36
Coste: 1672849427

GENERACION: 33
Mejor Solucion:  79 86 33 57 45 10 44 28 58 55 61 47 93 27 7 63 85 24 41 98 54 39 35 89 1 56 16 2 42 77 21 4 92 71 37 72 90 22 60 88 75 17 84 78 46 62 69 95 96 13 67 83 30 81 64 48 9 65 53 18 73 14 97 94 32 43 34 12 31 80 26 5 70 87 40 66 11 23 91 52 38 20 50 6 0 59 8 29 25 15 82 51 68 19 76 99 3 49 74 36
Coste: 1672849427

GENERACION: 34
Mejor Solucion:  79 86 33 57 45 10 44 28 58 55 61 47 93 27 7 63 85 24 41 98 54 39 35 89 1 56 16 2 42 77 21 4 92 71 37 72 90 22 60 88 75 17 84 78 46 62 69 95 96 13 67 83 30 81 64 48 9 65 53 18 73 14 97 94 32 43 34 12 31 80 26 5 70 87 40 66 11 23 91 52 38 20 50 6 0 59 8 29 25 15 82 51 68 19 76 99 3 49 74 36
Coste: 1672849427

GENERACION: 35
Mejor Solucion:  79 86 33 57 45 10 44 28 58 55 61 47 93 27 7 63 85 24 41 98 54 39 35 89 1 56 16 2 42 77 21 4 92 71 37 72 90 22 60 88 75 17 84 78 46 62 69 95 96 13 67 83 30 81 64 48 9 65 53 18 73 14 97 94 32 43 34 12 31 80 26 5 70 87 40 66 11 23 91 52 38 20 50 6 0 59 8 29 25 15 82 51 68 19 76 99 3 49 74 36
Coste: 1672849427

GENERACION: 36
Mejor Solucion:  79 86 33 57 45 10 44 28 58 55 61 47 93 27 7 63 85 24 41 98 54 39 35 89 1 56 16 2 42 77 21 4 92 71 37 72 90 22 60 88 75 17 84 78 46 62 69 95 96 13 67 83 30 81 64 48 9 65 53 18 73 14 97 94 32 43 34 12 31 80 26 5 70 87 40 66 11 23 91 52 38 20 50 6 0 59 8 29 25 15 82 51 68 19 76 99 3 49 74 36
Coste: 1672849427

GENERACION: 37
Mejor Solucion:  79 86 33 57 45 10 44 28 58 55 61 47 93 27 7 63 85 24 41 98 54 39 35 89 1 56 16 2 42 77 21 4 92 71 37 72 90 22 60 88 75 17 84 78 46 62 69 95 96 13 67 83 30 81 64 48 9 65 53 18 73 14 97 94 32 43 34 12 31 80 26 5 70 87 40 66 11 23 91 52 38 20 50 6 0 59 8 29 25 15 82 51 68 19 76 99 3 49 74 36
Coste: 1672849427

GENERACION: 38
Mejor Solucion:  79 86 33 57 45 10 44 28 58 55 61 47 93 27 7 63 85 24 41 98 54 39 35 89 1 56 16 2 42 77 21 4 92 71 37 72 90 22 60 88 75 17 84 78 46 62 69 95 96 13 67 83 30 81 64 48 9 65 53 18 73 14 97 94 32 43 34 12 31 80 26 5 70 87 40 66 11 23 91 52 38 20 50 6 0 59 8 29 25 15 82 51 68 19 76 99 3 49 74 36
Coste: 1672849427

GENERACION: 39
Mejor Solucion:  79 86 33 57 45 10 44 28 58 55 61 47 93 27 7 63 85 24 41 98 54 39 35 89 1 56 16 2 42 77 21 4 92 71 37 72 90 22 60 88 75 17 84 78 46 62 69 95 96 13 67 83 30 81 64 48 9 65 53 18 73 14 97 94 32 43 34 12 31 80 26 5 70 87 40 66 11 23 91 52 38 20 50 6 0 59 8 29 25 15 82 51 68 19 76 99 3 49 74 36
Coste: 1672849427

GENERACION: 40
Mejor Solucion:  79 86 33 57 45 10 44 28 58 55 61 47 93 27 7 63 85 24 41 98 54 39 35 89 1 56 16 2 42 77 21 4 92 71 37 72 90 22 60 88 75 17 84 78 46 62 69 95 96 13 67 83 30 81 64 48 9 65 53 18 73 14 97 94 32 43 34 12 31 80 26 5 70 87 40 66 11 23 91 52 38 20 50 6 0 59 8 29 25 15 82 51 68 19 76 99 3 49 74 36
Coste: 1672849427

GENERACION: 41
Mejor Solucion:  79 86 33 57 45 10 44 28 58 55 61 47 93 27 7 63 85 24 41 98 54 39 35 89 1 56 16 2 42 77 21 4 92 71 37 72 90 22 60 88 75 17 84 78 46 62 69 95 96 13 67 83 30 81 64 48 9 65 53 18 73 14 97 94 32 43 34 12 31 80 26 5 70 87 40 66 11 23 91 52 38 20 50 6 0 59 8 29 25 15 82 51 68 19 76 99 3 49 74 36
Coste: 1672849427

GENERACION: 42
Mejor Solucion:  79 86 33 57 45 10 44 28 58 55 61 47 93 27 7 63 85 24 41 98 54 39 35 89 1 56 16 2 42 77 21 4 92 71 37 72 90 22 60 88 75 17 84 78 46 62 69 95 96 13 67 83 30 81 64 48 9 65 53 18 73 14 97 94 32 43 34 12 31 80 26 5 70 87 40 66 11 23 91 52 38 20 50 6 0 59 8 29 25 15 82 51 68 19 76 99 3 49 74 36
Coste: 1672849427

GENERACION: 43
Mejor Solucion:  79 86 33 57 45 10 44 28 58 55 61 47 93 27 7 63 85 24 41 98 54 39 35 89 1 56 16 2 42 77 21 4 92 71 37 72 90 22 60 88 75 17 84 78 46 62 69 95 96 13 67 83 30 81 64 48 9 65 53 18 73 14 97 94 32 43 34 12 31 80 26 5 70 87 40 66 11 23 91 52 38 20 50 6 0 59 8 29 25 15 82 51 68 19 76 99 3 49 74 36
Coste: 1672849427

GENERACION: 44
Mejor Solucion:  79 86 33 57 45 10 44 28 58 55 61 47 93 27 7 63 85 24 41 98 54 39 35 89 1 56 16 2 42 77 21 4 92 71 37 72 90 22 60 88 75 17 84 78 46 62 69 95 96 13 67 83 30 81 64 48 9 65 53 18 73 14 97 94 32 43 34 12 31 80 26 5 70 87 40 66 11 23 91 52 38 20 50 6 0 59 8 29 25 15 82 51 68 19 76 99 3 49 74 36
Coste: 1672849427

GENERACION: 45
Mejor Solucion:  79 86 33 57 45 10 44 28 58 55 61 47 93 27 7 63 85 24 41 98 54 39 35 89 1 56 16 2 42 77 21 4 92 71 37 72 90 22 60 88 75 17 84 78 46 62 69 95 96 13 67 83 30 81 64 48 9 65 53 18 73 14 97 94 32 43 34 12 31 80 26 5 70 87 40 66 11 23 91 52 38 20 50 6 0 59 8 29 25 15 82 51 68 19 76 99 3 49 74 36
Coste: 1672849427

GENERACION: 46
Mejor Solucion:  79 86 33 57 45 10 44 28 58 55 61 47 93 27 7 63 85 24 41 98 54 39 35 89 1 56 16 2 42 77 21 4 92 71 37 72 90 22 60 88 75 17 84 78 46 62 69 95 96 13 67 83 30 81 64 48 9 65 53 18 73 14 97 94 32 43 34 12 31 80 26 5 70 87 40 66 11 23 91 52 38 20 50 6 0 59 8 29 25 15 82 51 68 19 76 99 3 49 74 36
Coste: 1672849427

GENERACION: 47
Mejor Solucion:  79 86 33 57 45 10 44 28 58 55 61 47 93 27 7 63 85 24 41 98 54 39 35 89 1 56 16 2 42 77 21 4 92 71 37 72 90 22 60 88 75 17 84 78 46 62 69 95 96 13 67 83 30 81 64 48 9 65 53 18 73 14 97 94 32 43 34 12 31 80 26 5 70 87 40 66 11 23 91 52 38 20 50 6 0 59 8 29 25 15 82 51 68 19 76 99 3 49 74 36
Coste: 1672849427

GENERACION: 48
Mejor Solucion:  79 86 33 57 45 10 44 28 58 55 61 47 93 27 7 63 85 24 41 98 54 39 35 89 1 56 16 2 42 77 21 4 92 71 37 72 90 22 60 88 75 17 84 78 46 62 69 95 96 13 67 83 30 81 64 48 9 65 53 18 73 14 97 94 32 43 34 12 31 80 26 5 70 87 40 66 11 23 91 52 38 20 50 6 0 59 8 29 25 15 82 51 68 19 76 99 3 49 74 36
Coste: 1672849427

GENERACION: 49
Mejor Solucion:  79 86 33 57 45 10 44 28 58 55 61 47 93 27 7 63 85 24 41 98 54 39 35 89 1 56 16 2 42 77 21 4 92 71 37 72 90 22 60 88 75 17 84 78 46 62 69 95 96 13 67 83 30 81 64 48 9 65 53 18 73 14 97 94 32 43 34 12 31 80 26 5 70 87 40 66 11 23 91 52 38 20 50 6 0 59 8 29 25 15 82 51 68 19 76 99 3 49 74 36
Coste: 1672849427

GENERACION: 50
Mejor Solucion:  79 86 33 57 45 10 44 28 58 55 61 47 93 27 7 63 85 24 41 98 54 39 35 89 1 56 16 2 42 77 21 4 92 71 37 72 90 22 60 88 75 17 84 78 46 62 69 95 96 13 67 83 30 81 64 48 9 65 53 18 73 14 97 94 32 43 34 12 31 80 26 5 70 87 40 66 11 23 91 52 38 20 50 6 0 59 8 29 25 15 82 51 68 19 76 99 3 49 74 36
Coste: 1672849427

GENERACION: 51
Mejor Solucion:  79 86 33 57 45 10 44 28 58 55 61 47 93 27 7 63 85 24 41 98 54 39 35 89 1 56 16 2 42 77 21 4 92 71 37 72 90 22 60 88 75 17 84 78 46 62 69 95 96 13 67 83 30 81 64 48 9 65 53 18 73 14 97 94 32 43 34 12 31 80 26 5 70 87 40 66 11 23 91 52 38 20 50 6 0 59 8 29 25 15 82 51 68 19 76 99 3 49 74 36
Coste: 1672849427

GENERACION: 52
Mejor Solucion:  79 86 33 57 45 10 44 28 58 55 61 47 93 27 7 63 85 24 41 98 54 39 35 89 1 56 16 2 42 77 21 4 92 71 37 72 90 22 60 88 75 17 84 78 46 62 69 95 96 13 67 83 30 81 64 48 9 65 53 18 73 14 97 94 32 43 34 12 31 80 26 5 70 87 40 66 11 23 91 52 38 20 50 6 0 59 8 29 25 15 82 51 68 19 76 99 3 49 74 36
Coste: 1672849427

GENERACION: 53
Mejor Solucion:  79 86 33 57 45 10 44 28 58 55 61 47 93 27 7 63 85 24 41 98 54 39 35 89 1 56 16 2 42 77 21 4 92 71 37 72 90 22 60 88 75 17 84 78 46 62 69 95 96 13 67 83 30 81 64 48 9 65 53 18 73 14 97 94 32 43 34 12 31 80 26 5 70 87 40 66 11 23 91 52 38 20 50 6 0 59 8 29 25 15 82 51 68 19 76 99 3 49 74 36
Coste: 1672849427

GENERACION: 54
Mejor Solucion:  79 86 33 57 45 10 44 28 58 55 61 47 93 27 7 63 85 24 41 98 54 39 35 89 1 56 16 2 42 77 21 4 92 71 37 72 90 22 60 88 75 17 84 78 46 62 69 95 96 13 67 83 30 81 64 48 9 65 53 18 73 14 97 94 32 43 34 12 31 80 26 5 70 87 40 66 11 23 91 52 38 20 50 6 0 59 8 29 25 15 82 51 68 19 76 99 3 49 74 36
Coste: 1672849427

GENERACION: 55
Mejor Solucion:  79 86 33 57 45 10 44 28 58 55 61 47 93 27 7 63 85 24 41 98 54 39 35 89 1 56 16 2 42 77 21 4 92 71 37 72 90 22 60 88 75 17 84 78 46 62 69 95 96 13 67 83 30 81 64 48 9 65 53 18 73 14 97 94 32 43 34 12 31 80 26 5 70 87 40 66 11 23 91 52 38 20 50 6 0 59 8 29 25 15 82 51 68 19 76 99 3 49 74 36
Coste: 1672849427

GENERACION: 56
Mejor Solucion:  79 86 33 57 45 10 44 28 58 55 61 47 93 27 7 63 85 24 41 98 54 39 35 89 1 56 16 2 42 77 21 4 92 71 37 72 90 22 60 88 75 17 84 78 46 62 69 95 96 13 67 83 30 81 64 48 9 65 53 18 73 14 97 94 32 43 34 12 31 80 26 5 70 87 40 66 11 23 91 52 38 20 50 6 0 59 8 29 25 15 82 51 68 19 76 99 3 49 74 36
Coste: 1672849427

GENERACION: 57
Mejor Solucion:  79 86 33 57 45 10 44 28 58 55 61 47 93 27 7 63 85 24 41 98 54 39 35 89 1 56 16 2 42 77 21 4 92 71 37 72 90 22 60 88 75 17 84 78 46 62 69 95 96 13 67 83 30 81 64 48 9 65 53 18 73 14 97 94 32 43 34 12 31 80 26 5 70 87 40 66 11 23 91 52 38 20 50 6 0 59 8 29 25 15 82 51 68 19 76 99 3 49 74 36
Coste: 1672849427

GENERACION: 58
Mejor Solucion:  79 86 33 57 45 10 44 28 58 55 61 47 93 27 7 63 85 24 41 98 54 39 35 89 1 56 16 2 42 77 21 4 92 71 37 72 90 22 60 88 75 17 84 78 46 62 69 95 96 13 67 83 30 81 64 48 9 65 53 18 73 14 97 94 32 43 34 12 31 80 26 5 70 87 40 66 11 23 91 52 38 20 50 6 0 59 8 29 25 15 82 51 68 19 76 99 3 49 74 36
Coste: 1672849427

GENERACION: 59
Mejor Solucion:  79 86 33 57 45 10 44 28 58 55 61 47 93 27 7 63 85 24 41 98 54 39 35 89 1 56 16 2 42 77 21 4 92 71 37 72 90 22 60 88 75 17 84 78 46 62 69 95 96 13 67 83 30 81 64 48 9 65 53 18 73 14 97 94 32 43 34 12 31 80 26 5 70 87 40 66 11 23 91 52 38 20 50 6 0 59 8 29 25 15 82 51 68 19 76 99 3 49 74 36
Coste: 1672849427

GENERACION: 60
Mejor Solucion:  79 86 33 57 45 10 44 28 58 55 61 47 93 27 7 63 85 24 41 98 54 39 35 89 1 56 16 2 42 77 21 4 92 71 37 72 90 22 60 88 75 17 84 78 46 62 69 95 96 13 67 83 30 81 64 48 9 65 53 18 73 14 97 94 32 43 34 12 31 80 26 5 70 87 40 66 11 23 91 52 38 20 50 6 0 59 8 29 25 15 82 51 68 19 76 99 3 49 74 36
Coste: 1672849427

GENERACION: 61
Mejor Solucion:  79 86 33 57 45 10 44 28 58 55 61 47 93 27 7 63 85 24 41 98 54 39 35 89 1 56 16 2 42 77 21 4 92 71 37 72 90 22 60 88 75 17 84 78 46 62 69 95 96 13 67 83 30 81 64 48 9 65 53 18 73 14 97 94 32 43 34 12 31 80 26 5 70 87 40 66 11 23 91 52 38 20 50 6 0 59 8 29 25 15 82 51 68 19 76 99 3 49 74 36
Coste: 1672849427

GENERACION: 62
Mejor Solucion:  79 86 33 57 45 10 44 28 58 55 61 47 93 27 7 63 85 24 41 98 54 39 35 89 1 56 16 2 42 77 21 4 92 71 37 72 90 22 60 88 75 17 84 78 46 62 69 95 96 13 67 83 30 81 64 48 9 65 53 18 73 14 97 94 32 43 34 12 31 80 26 5 70 87 40 66 11 23 91 52 38 20 50 6 0 59 8 29 25 15 82 51 68 19 76 99 3 49 74 36
Coste: 1672849427

GENERACION: 63
Mejor Solucion:  79 86 33 57 45 10 44 28 58 55 61 47 93 27 7 63 85 24 41 98 54 39 35 89 1 56 16 2 42 77 21 4 92 71 37 72 90 22 60 88 75 17 84 78 46 62 69 95 96 13 67 83 30 81 64 48 9 65 53 18 73 14 97 94 32 43 34 12 31 80 26 5 70 87 40 66 11 23 91 52 38 20 50 6 0 59 8 29 25 15 82 51 68 19 76 99 3 49 74 36
Coste: 1672849427

GENERACION: 64
Mejor Solucion:  79 86 33 57 45 10 44 28 58 55 61 47 93 27 7 63 85 24 41 98 54 39 35 89 1 56 16 2 42 77 21 4 92 71 37 72 90 22 60 88 75 17 84 78 46 62 69 95 96 13 67 83 30 81 64 48 9 65 53 18 73 14 97 94 32 43 34 12 31 80 26 5 70 87 40 66 11 23 91 52 38 20 50 6 0 59 8 29 25 15 82 51 68 19 76 99 3 49 74 36
Coste: 1672849427

GENERACION: 65
Mejor Solucion:  79 86 33 57 45 10 44 28 58 55 61 47 93 27 7 63 85 24 41 98 54 39 35 89 1 56 16 2 42 77 21 4 92 71 37 72 90 22 60 88 75 17 84 78 46 62 69 95 96 13 67 83 30 81 64 48 9 65 53 18 73 14 97 94 32 43 34 12 31 80 26 5 70 87 40 66 11 23 91 52 38 20 50 6 0 59 8 29 25 15 82 51 68 19 76 99 3 49 74 36
Coste: 1672849427

GENERACION: 66
Mejor Solucion:  79 86 33 57 45 10 44 28 58 55 61 47 93 27 7 63 85 24 41 98 54 39 35 89 1 56 16 2 42 77 21 4 92 71 37 72 90 22 60 88 75 17 84 78 46 62 69 95 96 13 67 83 30 81 64 48 9 65 53 18 73 14 97 94 32 43 34 12 31 80 26 5 70 87 40 66 11 23 91 52 38 20 50 6 0 59 8 29 25 15 82 51 68 19 76 99 3 49 74 36
Coste: 1672849427

GENERACION: 67
Mejor Solucion:  79 86 33 57 45 10 44 28 58 55 61 47 93 27 7 63 85 24 41 98 54 39 35 89 1 56 16 2 42 77 21 4 92 71 37 72 90 22 60 88 75 17 84 78 46 62 69 95 96 13 67 83 30 81 64 48 9 65 53 18 73 14 97 94 32 43 34 12 31 80 26 5 70 87 40 66 11 23 91 52 38 20 50 6 0 59 8 29 25 15 82 51 68 19 76 99 3 49 74 36
Coste: 1672849427

GENERACION: 68
Mejor Solucion:  79 86 33 57 45 10 44 28 58 55 61 47 93 27 7 63 85 24 41 98 54 39 35 89 1 56 16 2 42 77 21 4 92 71 37 72 90 22 60 88 75 17 84 78 46 62 69 95 96 13 67 83 30 81 64 48 9 65 53 18 73 14 97 94 32 43 34 12 31 80 26 5 70 87 40 66 11 23 91 52 38 20 50 6 0 59 8 29 25 15 82 51 68 19 76 99 3 49 74 36
Coste: 1672849427

GENERACION: 69
Mejor Solucion:  79 86 33 57 45 10 44 28 58 55 61 47 93 27 7 63 85 24 41 98 54 39 35 89 1 56 16 2 42 77 21 4 92 71 37 72 90 22 60 88 75 17 84 78 46 62 69 95 96 13 67 83 30 81 64 48 9 65 53 18 73 14 97 94 32 43 34 12 31 80 26 5 70 87 40 66 11 23 91 52 38 20 50 6 0 59 8 29 25 15 82 51 68 19 76 99 3 49 74 36
Coste: 1672849427

GENERACION: 70
Mejor Solucion:  79 86 33 57 45 10 44 28 58 55 61 47 93 27 7 63 85 24 41 98 54 39 35 89 1 56 16 2 42 77 21 4 92 71 37 72 90 22 60 88 75 17 84 78 46 62 69 95 96 13 67 83 30 81 64 48 9 65 53 18 73 14 97 94 32 43 34 12 31 80 26 5 70 87 40 66 11 23 91 52 38 20 50 6 0 59 8 29 25 15 82 51 68 19 76 99 3 49 74 36
Coste: 1672849427

GENERACION: 71
Mejor Solucion:  79 86 33 57 45 10 44 28 58 55 61 47 93 27 7 63 85 24 41 98 54 39 35 89 1 56 16 2 42 77 21 4 92 71 37 72 90 22 60 88 75 17 84 78 46 62 69 95 96 13 67 83 30 81 64 48 9 65 53 18 73 14 97 94 32 43 34 12 31 80 26 5 70 87 40 66 11 23 91 52 38 20 50 6 0 59 8 29 25 15 82 51 68 19 76 99 3 49 74 36
Coste: 1672849427

GENERACION: 72
Mejor Solucion:  79 86 33 57 45 10 44 28 58 55 61 47 93 27 7 63 85 24 41 98 54 39 35 89 1 56 16 2 42 77 21 4 92 71 37 72 90 22 60 88 75 17 84 78 46 62 69 95 96 13 67 83 30 81 64 48 9 65 53 18 73 14 97 94 32 43 34 12 31 80 26 5 70 87 40 66 11 23 91 52 38 20 50 6 0 59 8 29 25 15 82 51 68 19 76 99 3 49 74 36
Coste: 1672849427

GENERACION: 73
Mejor Solucion:  79 86 33 57 45 10 44 28 58 55 61 47 93 27 7 63 85 24 41 98 54 39 35 89 1 56 16 2 42 77 21 4 92 71 37 72 90 22 60 88 75 17 84 78 46 62 69 95 96 13 67 83 30 81 64 48 9 65 53 18 73 14 97 94 32 43 34 12 31 80 26 5 70 87 40 66 11 23 91 52 38 20 50 6 0 59 8 29 25 15 82 51 68 19 76 99 3 49 74 36
Coste: 1672849427

GENERACION: 74
Mejor Solucion:  79 86 33 57 45 10 44 28 58 55 61 47 93 27 7 63 85 24 41 98 54 39 35 89 1 56 16 2 42 77 21 4 92 71 37 72 90 22 60 88 75 17 84 78 46 62 69 95 96 13 67 83 30 81 64 48 9 65 53 18 73 14 97 94 32 43 34 12 31 80 26 5 70 87 40 66 11 23 91 52 38 20 50 6 0 59 8 29 25 15 82 51 68 19 76 99 3 49 74 36
Coste: 1672849427

GENERACION: 75
Mejor Solucion:  79 86 33 57 45 10 44 28 58 55 61 47 93 27 7 63 85 24 41 98 54 39 35 89 1 56 16 2 42 77 21 4 92 71 37 72 90 22 60 88 75 17 84 78 46 62 69 95 96 13 67 83 30 81 64 48 9 65 53 18 73 14 97 94 32 43 34 12 31 80 26 5 70 87 40 66 11 23 91 52 38 20 50 6 0 59 8 29 25 15 82 51 68 19 76 99 3 49 74 36
Coste: 1672849427

GENERACION: 76
Mejor Solucion:  79 86 33 57 45 10 44 28 58 55 61 47 93 27 7 63 85 24 41 98 54 39 35 89 1 56 16 2 42 77 21 4 92 71 37 72 90 22 60 88 75 17 84 78 46 62 69 95 96 13 67 83 30 81 64 48 9 65 53 18 73 14 97 94 32 43 34 12 31 80 26 5 70 87 40 66 11 23 91 52 38 20 50 6 0 59 8 29 25 15 82 51 68 19 76 99 3 49 74 36
Coste: 1672849427

GENERACION: 77
Mejor Solucion:  79 86 33 57 45 10 44 28 58 55 61 47 93 27 7 63 85 24 41 98 54 39 35 89 1 56 16 2 42 77 21 4 92 71 37 72 90 22 60 88 75 17 84 78 46 62 69 95 96 13 67 83 30 81 64 48 9 65 53 18 73 14 97 94 32 43 34 12 31 80 26 5 70 87 40 66 11 23 91 52 38 20 50 6 0 59 8 29 25 15 82 51 68 19 76 99 3 49 74 36
Coste: 1672849427

GENERACION: 78
Mejor Solucion:  79 86 33 57 45 10 44 28 58 55 61 47 93 27 7 63 85 24 41 98 54 39 35 89 1 56 16 2 42 77 21 4 92 71 37 72 90 22 60 88 75 17 84 78 46 62 69 95 96 13 67 83 30 81 64 48 9 65 53 18 73 14 97 94 32 43 34 12 31 80 26 5 70 87 40 66 11 23 91 52 38 20 50 6 0 59 8 29 25 15 82 51 68 19 76 99 3 49 74 36
Coste: 1672849427

GENERACION: 79
Mejor Solucion:  79 86 33 57 45 10 44 28 58 55 61 47 93 27 7 63 85 24 41 98 54 39 35 89 1 56 16 2 42 77 21 4 92 71 37 72 90 22 60 88 75 17 84 78 46 62 69 95 96 13 67 83 30 81 64 48 9 65 53 18 73 14 97 94 32 43 34 12 31 80 26 5 70 87 40 66 11 23 91 52 38 20 50 6 0 59 8 29 25 15 82 51 68 19 76 99 3 49 74 36
Coste: 1672849427

GENERACION: 80
Mejor Solucion:  79 86 33 57 45 10 44 28 58 55 61 47 93 27 7 63 85 24 41 98 54 39 35 89 1 56 16 2 42 77 21 4 92 71 37 72 90 22 60 88 75 17 84 78 46 62 69 95 96 13 67 83 30 81 64 48 9 65 53 18 73 14 97 94 32 43 34 12 31 80 26 5 70 87 40 66 11 23 91 52 38 20 50 6 0 59 8 29 25 15 82 51 68 19 76 99 3 49 74 36
Coste: 1672849427

GENERACION: 81
Mejor Solucion:  79 86 33 57 45 10 44 28 58 55 61 47 93 27 7 63 85 24 41 98 54 39 35 89 1 56 16 2 42 77 21 4 92 71 37 72 90 22 60 88 75 17 84 78 46 62 69 95 96 13 67 83 30 81 64 48 9 65 53 18 73 14 97 94 32 43 34 12 31 80 26 5 70 87 40 66 11 23 91 52 38 20 50 6 0 59 8 29 25 15 82 51 68 19 76 99 3 49 74 36
Coste: 1672849427

GENERACION: 82
Mejor Solucion:  79 86 33 57 45 10 44 28 58 55 61 47 93 27 7 63 85 24 41 98 54 39 35 89 1 56 16 2 42 77 21 4 92 71 37 72 90 22 60 88 75 17 84 78 46 62 69 95 96 13 67 83 30 81 64 48 9 65 53 18 73 14 97 94 32 43 34 12 31 80 26 5 70 87 40 66 11 23 91 52 38 20 50 6 0 59 8 29 25 15 82 51 68 19 76 99 3 49 74 36
Coste: 1672849427

GENERACION: 83
Mejor Solucion:  79 86 33 57 45 10 44 28 58 55 61 47 93 27 7 63 85 24 41 98 54 39 35 89 1 56 16 2 42 77 21 4 92 71 37 72 90 22 60 88 75 17 84 78 46 62 69 95 96 13 67 83 30 81 64 48 9 65 53 18 73 14 97 94 32 43 34 12 31 80 26 5 70 87 40 66 11 23 91 52 38 20 50 6 0 59 8 29 25 15 82 51 68 19 76 99 3 49 74 36
Coste: 1672849427

GENERACION: 84
Mejor Solucion:  79 86 33 57 45 10 44 28 58 55 61 47 93 27 7 63 85 24 41 98 54 39 35 89 1 56 16 2 42 77 21 4 92 71 37 72 90 22 60 88 75 17 84 78 46 62 69 95 96 13 67 83 30 81 64 48 9 65 53 18 73 14 97 94 32 43 34 12 31 80 26 5 70 87 40 66 11 23 91 52 38 20 50 6 0 59 8 29 25 15 82 51 68 19 76 99 3 49 74 36
Coste: 1672849427

GENERACION: 85
Mejor Solucion:  79 86 33 57 45 10 44 28 58 55 61 47 93 27 7 63 85 24 41 98 54 39 35 89 1 56 16 2 42 77 21 4 92 71 37 72 90 22 60 88 75 17 84 78 46 62 69 95 96 13 67 83 30 81 64 48 9 65 53 18 73 14 97 94 32 43 34 12 31 80 26 5 70 87 40 66 11 23 91 52 38 20 50 6 0 59 8 29 25 15 82 51 68 19 76 99 3 49 74 36
Coste: 1672849427

GENERACION: 86
Mejor Solucion:  79 86 33 57 45 10 44 28 58 55 61 47 93 27 7 63 85 24 41 98 54 39 35 89 1 56 16 2 42 77 21 4 92 71 37 72 90 22 60 88 75 17 84 78 46 62 69 95 96 13 67 83 30 81 64 48 9 65 53 18 73 14 97 94 32 43 34 12 31 80 26 5 70 87 40 66 11 23 91 52 38 20 50 6 0 59 8 29 25 15 82 51 68 19 76 99 3 49 74 36
Coste: 1672849427

GENERACION: 87
Mejor Solucion:  79 86 33 57 45 10 44 28 58 55 61 47 93 27 7 63 85 24 41 98 54 39 35 89 1 56 16 2 42 77 21 4 92 71 37 72 90 22 60 88 75 17 84 78 46 62 69 95 96 13 67 83 30 81 64 48 9 65 53 18 73 14 97 94 32 43 34 12 31 80 26 5 70 87 40 66 11 23 91 52 38 20 50 6 0 59 8 29 25 15 82 51 68 19 76 99 3 49 74 36
Coste: 1672849427

GENERACION: 88
Mejor Solucion:  79 86 33 57 45 10 44 28 58 55 61 47 93 27 7 63 85 24 41 98 54 39 35 89 1 56 16 2 42 77 21 4 92 71 37 72 90 22 60 88 75 17 84 78 46 62 69 95 96 13 67 83 30 81 64 48 9 65 53 18 73 14 97 94 32 43 34 12 31 80 26 5 70 87 40 66 11 23 91 52 38 20 50 6 0 59 8 29 25 15 82 51 68 19 76 99 3 49 74 36
Coste: 1672849427

GENERACION: 89
Mejor Solucion:  79 86 33 57 45 10 44 28 58 55 61 47 93 27 7 63 85 24 41 98 54 39 35 89 1 56 16 2 42 77 21 4 92 71 37 72 90 22 60 88 75 17 84 78 46 62 69 95 96 13 67 83 30 81 64 48 9 65 53 18 73 14 97 94 32 43 34 12 31 80 26 5 70 87 40 66 11 23 91 52 38 20 50 6 0 59 8 29 25 15 82 51 68 19 76 99 3 49 74 36
Coste: 1672849427

GENERACION: 90
Mejor Solucion:  79 86 33 57 45 10 44 28 58 55 61 47 93 27 7 63 85 24 41 98 54 39 35 89 1 56 16 2 42 77 21 4 92 71 37 72 90 22 60 88 75 17 84 78 46 62 69 95 96 13 67 83 30 81 64 48 9 65 53 18 73 14 97 94 32 43 34 12 31 80 26 5 70 87 40 66 11 23 91 52 38 20 50 6 0 59 8 29 25 15 82 51 68 19 76 99 3 49 74 36
Coste: 1672849427

GENERACION: 91
Mejor Solucion:  79 86 33 57 45 10 44 28 58 55 61 47 93 27 7 63 85 24 41 98 54 39 35 89 1 56 16 2 42 77 21 4 92 71 37 72 90 22 60 88 75 17 84 78 46 62 69 95 96 13 67 83 30 81 64 48 9 65 53 18 73 14 97 94 32 43 34 12 31 80 26 5 70 87 40 66 11 23 91 52 38 20 50 6 0 59 8 29 25 15 82 51 68 19 76 99 3 49 74 36
Coste: 1672849427

GENERACION: 92
Mejor Solucion:  79 86 33 57 45 10 44 28 58 55 61 47 93 27 7 63 85 24 41 98 54 39 35 89 1 56 16 2 42 77 21 4 92 71 37 72 90 22 60 88 75 17 84 78 46 62 69 95 96 13 67 83 30 81 64 48 9 65 53 18 73 14 97 94 32 43 34 12 31 80 26 5 70 87 40 66 11 23 91 52 38 20 50 6 0 59 8 29 25 15 82 51 68 19 76 99 3 49 74 36
Coste: 1672849427

GENERACION: 93
Mejor Solucion:  79 86 33 57 45 10 44 28 58 55 61 47 93 27 7 63 85 24 41 98 54 39 35 89 1 56 16 2 42 77 21 4 92 71 37 72 90 22 60 88 75 17 84 78 46 62 69 95 96 13 67 83 30 81 64 48 9 65 53 18 73 14 97 94 32 43 34 12 31 80 26 5 70 87 40 66 11 23 91 52 38 20 50 6 0 59 8 29 25 15 82 51 68 19 76 99 3 49 74 36
Coste: 1672849427

GENERACION: 94
Mejor Solucion:  79 86 33 57 45 10 44 28 58 55 61 47 93 27 7 63 85 24 41 98 54 39 35 89 1 56 16 2 42 77 21 4 92 71 37 72 90 22 60 88 75 17 84 78 46 62 69 95 96 13 67 83 30 81 64 48 9 65 53 18 73 14 97 94 32 43 34 12 31 80 26 5 70 87 40 66 11 23 91 52 38 20 50 6 0 59 8 29 25 15 82 51 68 19 76 99 3 49 74 36
Coste: 1672849427

GENERACION: 95
Mejor Solucion:  79 86 33 57 45 10 44 28 58 55 61 47 93 27 7 63 85 24 41 98 54 39 35 89 1 56 16 2 42 77 21 4 92 71 37 72 90 22 60 88 75 17 84 78 46 62 69 95 96 13 67 83 30 81 64 48 9 65 53 18 73 14 97 94 32 43 34 12 31 80 26 5 70 87 40 66 11 23 91 52 38 20 50 6 0 59 8 29 25 15 82 51 68 19 76 99 3 49 74 36
Coste: 1672849427

GENERACION: 96
Mejor Solucion:  79 86 33 57 45 10 44 28 58 55 61 47 93 27 7 63 85 24 41 98 54 39 35 89 1 56 16 2 42 77 21 4 92 71 37 72 90 22 60 88 75 17 84 78 46 62 69 95 96 13 67 83 30 81 64 48 9 65 53 18 73 14 97 94 32 43 34 12 31 80 26 5 70 87 40 66 11 23 91 52 38 20 50 6 0 59 8 29 25 15 82 51 68 19 76 99 3 49 74 36
Coste: 1672849427

GENERACION: 97
Mejor Solucion:  79 86 33 57 45 10 44 28 58 55 61 47 93 27 7 63 85 24 41 98 54 39 35 89 1 56 16 2 42 77 21 4 92 71 37 72 90 22 60 88 75 17 84 78 46 62 69 95 96 13 67 83 30 81 64 48 9 65 53 18 73 14 97 94 32 43 34 12 31 80 26 5 70 87 40 66 11 23 91 52 38 20 50 6 0 59 8 29 25 15 82 51 68 19 76 99 3 49 74 36
Coste: 1672849427

GENERACION: 98
Mejor Solucion:  79 86 33 57 45 10 44 28 58 55 61 47 93 27 7 63 85 24 41 98 54 39 35 89 1 56 16 2 42 77 21 4 92 71 37 72 90 22 60 88 75 17 84 78 46 62 69 95 96 13 67 83 30 81 64 48 9 65 53 18 73 14 97 94 32 43 34 12 31 80 26 5 70 87 40 66 11 23 91 52 38 20 50 6 0 59 8 29 25 15 82 51 68 19 76 99 3 49 74 36
Coste: 1672849427

GENERACION: 99
Mejor Solucion:  79 86 33 57 45 10 44 28 58 55 61 47 93 27 7 63 85 24 41 98 54 39 35 89 1 56 16 2 42 77 21 4 92 71 37 72 90 22 60 88 75 17 84 78 46 62 69 95 96 13 67 83 30 81 64 48 9 65 53 18 73 14 97 94 32 43 34 12 31 80 26 5 70 87 40 66 11 23 91 52 38 20 50 6 0 59 8 29 25 15 82 51 68 19 76 99 3 49 74 36
Coste: 1672849427

GENERACION: 100
Mejor Solucion:  79 86 33 57 45 10 44 28 58 55 61 47 93 27 7 63 85 24 41 98 54 39 35 89 1 56 16 2 42 77 21 4 92 71 37 72 90 22 60 88 75 17 84 78 46 62 69 95 96 13 67 83 30 81 64 48 9 65 53 18 73 14 97 94 32 43 34 12 31 80 26 5 70 87 40 66 11 23 91 52 38 20 50 6 0 59 8 29 25 15 82 51 68 19 76 99 3 49 74 36
Coste: 1672849427

GENERACION: 101
Mejor Solucion:  79 86 33 57 45 10 44 28 58 55 61 47 93 27 7 63 85 24 41 98 54 39 35 89 1 56 16 2 42 77 21 4 92 71 37 72 90 22 60 88 75 17 84 78 46 62 69 95 96 13 67 83 30 81 64 48 9 65 53 18 73 14 97 94 32 43 34 12 31 80 26 5 70 87 40 66 11 23 91 52 38 20 50 6 0 59 8 29 25 15 82 51 68 19 76 99 3 49 74 36
Coste: 1672849427

GENERACION: 102
Mejor Solucion:  79 86 33 57 45 10 44 28 58 55 61 47 93 27 7 63 85 24 41 98 54 39 35 89 1 56 16 2 42 77 21 4 92 71 37 72 90 22 60 88 75 17 84 78 46 62 69 95 96 13 67 83 30 81 64 48 9 65 53 18 73 14 97 94 32 43 34 12 31 80 26 5 70 87 40 66 11 23 91 52 38 20 50 6 0 59 8 29 25 15 82 51 68 19 76 99 3 49 74 36
Coste: 1672849427

GENERACION: 103
Mejor Solucion:  79 86 33 57 45 10 44 28 58 55 61 47 93 27 7 63 85 24 41 98 54 39 35 89 1 56 16 2 42 77 21 4 92 71 37 72 90 22 60 88 75 17 84 78 46 62 69 95 96 13 67 83 30 81 64 48 9 65 53 18 73 14 97 94 32 43 34 12 31 80 26 5 70 87 40 66 11 23 91 52 38 20 50 6 0 59 8 29 25 15 82 51 68 19 76 99 3 49 74 36
Coste: 1672849427

GENERACION: 104
Mejor Solucion:  79 86 33 57 45 10 44 28 58 55 61 47 93 27 7 63 85 24 41 98 54 39 35 89 1 56 16 2 42 77 21 4 92 71 37 72 90 22 60 88 75 17 84 78 46 62 69 95 96 13 67 83 30 81 64 48 9 65 53 18 73 14 97 94 32 43 34 12 31 80 26 5 70 87 40 66 11 23 91 52 38 20 50 6 0 59 8 29 25 15 82 51 68 19 76 99 3 49 74 36
Coste: 1672849427

GENERACION: 105
Mejor Solucion:  79 86 33 57 45 10 44 28 58 55 61 47 93 27 7 63 85 24 41 98 54 39 35 89 1 56 16 2 42 77 21 4 92 71 37 72 90 22 60 88 75 17 84 78 46 62 69 95 96 13 67 83 30 81 64 48 9 65 53 18 73 14 97 94 32 43 34 12 31 80 26 5 70 87 40 66 11 23 91 52 38 20 50 6 0 59 8 29 25 15 82 51 68 19 76 99 3 49 74 36
Coste: 1672849427

GENERACION: 106
Mejor Solucion:  79 86 33 57 45 10 44 28 58 55 61 47 93 27 7 63 85 24 41 98 54 39 35 89 1 56 16 2 42 77 21 4 92 71 37 72 90 22 60 88 75 17 84 78 46 62 69 95 96 13 67 83 30 81 64 48 9 65 53 18 73 14 97 94 32 43 34 12 31 80 26 5 70 87 40 66 11 23 91 52 38 20 50 6 0 59 8 29 25 15 82 51 68 19 76 99 3 49 74 36
Coste: 1672849427

GENERACION: 107
Mejor Solucion:  79 86 33 57 45 10 44 28 58 55 61 47 93 27 7 63 85 24 41 98 54 39 35 89 1 56 16 2 42 77 21 4 92 71 37 72 90 22 60 88 75 17 84 78 46 62 69 95 96 13 67 83 30 81 64 48 9 65 53 18 73 14 97 94 32 43 34 12 31 80 26 5 70 87 40 66 11 23 91 52 38 20 50 6 0 59 8 29 25 15 82 51 68 19 76 99 3 49 74 36
Coste: 1672849427

GENERACION: 108
Mejor Solucion:  79 86 33 57 45 10 44 28 58 55 61 47 93 27 7 63 85 24 41 98 54 39 35 89 1 56 16 2 42 77 21 4 92 71 37 72 90 22 60 88 75 17 84 78 46 62 69 95 96 13 67 83 30 81 64 48 9 65 53 18 73 14 97 94 32 43 34 12 31 80 26 5 70 87 40 66 11 23 91 52 38 20 50 6 0 59 8 29 25 15 82 51 68 19 76 99 3 49 74 36
Coste: 1672849427

GENERACION: 109
Mejor Solucion:  79 86 33 57 45 10 44 28 58 55 61 47 93 27 7 63 85 24 41 98 54 39 35 89 1 56 16 2 42 77 21 4 92 71 37 72 90 22 60 88 75 17 84 78 46 62 69 95 96 13 67 83 30 81 64 48 9 65 53 18 73 14 97 94 32 43 34 12 31 80 26 5 70 87 40 66 11 23 91 52 38 20 50 6 0 59 8 29 25 15 82 51 68 19 76 99 3 49 74 36
Coste: 1672849427

GENERACION: 110
Mejor Solucion:  79 86 33 57 45 10 44 28 58 55 61 47 93 27 7 63 85 24 41 98 54 39 35 89 1 56 16 2 42 77 21 4 92 71 37 72 90 22 60 88 75 17 84 78 46 62 69 95 96 13 67 83 30 81 64 48 9 65 53 18 73 14 97 94 32 43 34 12 31 80 26 5 70 87 40 66 11 23 91 52 38 20 50 6 0 59 8 29 25 15 82 51 68 19 76 99 3 49 74 36
Coste: 1672849427

GENERACION: 111
Mejor Solucion:  79 86 33 57 45 10 44 28 58 55 61 47 93 27 7 63 85 24 41 98 54 39 35 89 1 56 16 2 42 77 21 4 92 71 37 72 90 22 60 88 75 17 84 78 46 62 69 95 96 13 67 83 30 81 64 48 9 65 53 18 73 14 97 94 32 43 34 12 31 80 26 5 70 87 40 66 11 23 91 52 38 20 50 6 0 59 8 29 25 15 82 51 68 19 76 99 3 49 74 36
Coste: 1672849427

GENERACION: 112
Mejor Solucion:  79 86 33 57 45 10 44 28 58 55 61 47 93 27 7 63 85 24 41 98 54 39 35 89 1 56 16 2 42 77 21 4 92 71 37 72 90 22 60 88 75 17 84 78 46 62 69 95 96 13 67 83 30 81 64 48 9 65 53 18 73 14 97 94 32 43 34 12 31 80 26 5 70 87 40 66 11 23 91 52 38 20 50 6 0 59 8 29 25 15 82 51 68 19 76 99 3 49 74 36
Coste: 1672849427

GENERACION: 113
Mejor Solucion:  79 86 33 57 45 10 44 28 58 55 61 47 93 27 7 63 85 24 41 98 54 39 35 89 1 56 16 2 42 77 21 4 92 71 37 72 90 22 60 88 75 17 84 78 46 62 69 95 96 13 67 83 30 81 64 48 9 65 53 18 73 14 97 94 32 43 34 12 31 80 26 5 70 87 40 66 11 23 91 52 38 20 50 6 0 59 8 29 25 15 82 51 68 19 76 99 3 49 74 36
Coste: 1672849427

GENERACION: 114
Mejor Solucion:  79 86 33 57 45 10 44 28 58 55 61 47 93 27 7 63 85 24 41 98 54 39 35 89 1 56 16 2 42 77 21 4 92 71 37 72 90 22 60 88 75 17 84 78 46 62 69 95 96 13 67 83 30 81 64 48 9 65 53 18 73 14 97 94 32 43 34 12 31 80 26 5 70 87 40 66 11 23 91 52 38 20 50 6 0 59 8 29 25 15 82 51 68 19 76 99 3 49 74 36
Coste: 1672849427

GENERACION: 115
Mejor Solucion:  79 86 33 57 45 10 44 28 58 55 61 47 93 27 7 63 85 24 41 98 54 39 35 89 1 56 16 2 42 77 21 4 92 71 37 72 90 22 60 88 75 17 84 78 46 62 69 95 96 13 67 83 30 81 64 48 9 65 53 18 73 14 97 94 32 43 34 12 31 80 26 5 70 87 40 66 11 23 91 52 38 20 50 6 0 59 8 29 25 15 82 51 68 19 76 99 3 49 74 36
Coste: 1672849427

GENERACION: 116
Mejor Solucion:  79 86 33 57 45 10 44 28 58 55 61 47 93 27 7 63 85 24 41 98 54 39 35 89 1 56 16 2 42 77 21 4 92 71 37 72 90 22 60 88 75 17 84 78 46 62 69 95 96 13 67 83 30 81 64 48 9 65 53 18 73 14 97 94 32 43 34 12 31 80 26 5 70 87 40 66 11 23 91 52 38 20 50 6 0 59 8 29 25 15 82 51 68 19 76 99 3 49 74 36
Coste: 1672849427

GENERACION: 117
Mejor Solucion:  79 86 33 57 45 10 44 28 58 55 61 47 93 27 7 63 85 24 41 98 54 39 35 89 1 56 16 2 42 77 21 4 92 71 37 72 90 22 60 88 75 17 84 78 46 62 69 95 96 13 67 83 30 81 64 48 9 65 53 18 73 14 97 94 32 43 34 12 31 80 26 5 70 87 40 66 11 23 91 52 38 20 50 6 0 59 8 29 25 15 82 51 68 19 76 99 3 49 74 36
Coste: 1672849427

GENERACION: 118
Mejor Solucion:  79 86 33 57 45 10 44 28 58 55 61 47 93 27 7 63 85 24 41 98 54 39 35 89 1 56 16 2 42 77 21 4 92 71 37 72 90 22 60 88 75 17 84 78 46 62 69 95 96 13 67 83 30 81 64 48 9 65 53 18 73 14 97 94 32 43 34 12 31 80 26 5 70 87 40 66 11 23 91 52 38 20 50 6 0 59 8 29 25 15 82 51 68 19 76 99 3 49 74 36
Coste: 1672849427

GENERACION: 119
Mejor Solucion:  79 86 33 57 45 10 44 28 58 55 61 47 93 27 7 63 85 24 41 98 54 39 35 89 1 56 16 2 42 77 21 4 92 71 37 72 90 22 60 88 75 17 84 78 46 62 69 95 96 13 67 83 30 81 64 48 9 65 53 18 73 14 97 94 32 43 34 12 31 80 26 5 70 87 40 66 11 23 91 52 38 20 50 6 0 59 8 29 25 15 82 51 68 19 76 99 3 49 74 36
Coste: 1672849427

GENERACION: 120
Mejor Solucion:  79 86 33 57 45 10 44 28 58 55 61 47 93 27 7 63 85 24 41 98 54 39 35 89 1 56 16 2 42 77 21 4 92 71 37 72 90 22 60 88 75 17 84 78 46 62 69 95 96 13 67 83 30 81 64 48 9 65 53 18 73 14 97 94 32 43 34 12 31 80 26 5 70 87 40 66 11 23 91 52 38 20 50 6 0 59 8 29 25 15 82 51 68 19 76 99 3 49 74 36
Coste: 1672849427

GENERACION: 121
Mejor Solucion:  79 86 33 57 45 10 44 28 58 55 61 47 93 27 7 63 85 24 41 98 54 39 35 89 1 56 16 2 42 77 21 4 92 71 37 72 90 22 60 88 75 17 84 78 46 62 69 95 96 13 67 83 30 81 64 48 9 65 53 18 73 14 97 94 32 43 34 12 31 80 26 5 70 87 40 66 11 23 91 52 38 20 50 6 0 59 8 29 25 15 82 51 68 19 76 99 3 49 74 36
Coste: 1672849427

GENERACION: 122
Mejor Solucion:  79 86 33 57 45 10 44 28 58 55 61 47 93 27 7 63 85 24 41 98 54 39 35 89 1 56 16 2 42 77 21 4 92 71 37 72 90 22 60 88 75 17 84 78 46 62 69 95 96 13 67 83 30 81 64 48 9 65 53 18 73 14 97 94 32 43 34 12 31 80 26 5 70 87 40 66 11 23 91 52 38 20 50 6 0 59 8 29 25 15 82 51 68 19 76 99 3 49 74 36
Coste: 1672849427

GENERACION: 123
Mejor Solucion:  79 86 33 57 45 10 44 28 58 55 61 47 93 27 7 63 85 24 41 98 54 39 35 89 1 56 16 2 42 77 21 4 92 71 37 72 90 22 60 88 75 17 84 78 46 62 69 95 96 13 67 83 30 81 64 48 9 65 53 18 73 14 97 94 32 43 34 12 31 80 26 5 70 87 40 66 11 23 91 52 38 20 50 6 0 59 8 29 25 15 82 51 68 19 76 99 3 49 74 36
Coste: 1672849427

GENERACION: 124
Mejor Solucion:  79 86 33 57 45 10 44 28 58 55 61 47 93 27 7 63 85 24 41 98 54 39 35 89 1 56 16 2 42 77 21 4 92 71 37 72 90 22 60 88 75 17 84 78 46 62 69 95 96 13 67 83 30 81 64 48 9 65 53 18 73 14 97 94 32 43 34 12 31 80 26 5 70 87 40 66 11 23 91 52 38 20 50 6 0 59 8 29 25 15 82 51 68 19 76 99 3 49 74 36
Coste: 1672849427

GENERACION: 125
Mejor Solucion:  94 16 44 36 12 84 25 66 55 20 30 59 41 40 69 68 28 58 80 87 56 46 29 53 3 42 51 8 64 72 23 10 19 92 24 35 50 45 9 81 43 89 52 76 32 70 98 15 99 26 97 75 71 61 2 83 73 5 31 91 7 37 47 14 85 6 13 63 49 38 74 11 95 90 93 79 34 18 33 17 96 48 77 4 88 0 82 62 39 67 54 21 86 57 22 65 1 60 27 78
Coste: 1666599996

GENERACION: 126
Mejor Solucion:  94 16 44 36 12 84 25 66 55 20 30 59 41 40 69 68 28 58 80 87 56 46 29 53 3 42 51 8 64 72 23 10 19 92 24 35 50 45 9 81 43 89 52 76 32 70 98 15 99 26 97 75 71 61 2 83 73 5 31 91 7 37 47 14 85 6 13 63 49 38 74 11 95 90 93 79 34 18 33 17 96 48 77 4 88 0 82 62 39 67 54 21 86 57 22 65 1 60 27 78
Coste: 1666599996

GENERACION: 127
Mejor Solucion:  94 16 44 36 12 84 25 66 55 20 30 59 41 40 69 68 28 58 80 87 56 46 29 53 3 42 51 8 64 72 23 10 19 92 24 35 50 45 9 81 43 89 52 76 32 70 98 15 99 26 97 75 71 61 2 83 73 5 31 91 7 37 47 14 85 6 13 63 49 38 74 11 95 90 93 79 34 18 33 17 96 48 77 4 88 0 82 62 39 67 54 21 86 57 22 65 1 60 27 78
Coste: 1666599996

GENERACION: 128
Mejor Solucion:  94 16 44 36 12 84 25 66 55 20 30 59 41 40 69 68 28 58 80 87 56 46 29 53 3 42 51 8 64 72 23 10 19 92 24 35 50 45 9 81 43 89 52 76 32 70 98 15 99 26 97 75 71 61 2 83 73 5 31 91 7 37 47 14 85 6 13 63 49 38 74 11 95 90 93 79 34 18 33 17 96 48 77 4 88 0 82 62 39 67 54 21 86 57 22 65 1 60 27 78
Coste: 1666599996

GENERACION: 129
Mejor Solucion:  94 16 44 36 12 84 25 66 55 20 30 59 41 40 69 68 28 58 80 87 56 46 29 53 3 42 51 8 64 72 23 10 19 92 24 35 50 45 9 81 43 89 52 76 32 70 98 15 99 26 97 75 71 61 2 83 73 5 31 91 7 37 47 14 85 6 13 63 49 38 74 11 95 90 93 79 34 18 33 17 96 48 77 4 88 0 82 62 39 67 54 21 86 57 22 65 1 60 27 78
Coste: 1666599996

GENERACION: 130
Mejor Solucion:  94 16 44 36 12 84 25 66 55 20 30 59 41 40 69 68 28 58 80 87 56 46 29 53 3 42 51 8 64 72 23 10 19 92 24 35 50 45 9 81 43 89 52 76 32 70 98 15 99 26 97 75 71 61 2 83 73 5 31 91 7 37 47 14 85 6 13 63 49 38 74 11 95 90 93 79 34 18 33 17 96 48 77 4 88 0 82 62 39 67 54 21 86 57 22 65 1 60 27 78
Coste: 1666599996

GENERACION: 131
Mejor Solucion:  94 16 44 36 12 84 25 66 55 20 30 59 41 40 69 68 28 58 80 87 56 46 29 53 3 42 51 8 64 72 23 10 19 92 24 35 50 45 9 81 43 89 52 76 32 70 98 15 99 26 97 75 71 61 2 83 73 5 31 91 7 37 47 14 85 6 13 63 49 38 74 11 95 90 93 79 34 18 33 17 96 48 77 4 88 0 82 62 39 67 54 21 86 57 22 65 1 60 27 78
Coste: 1666599996

GENERACION: 132
Mejor Solucion:  94 16 44 36 12 84 25 66 55 20 30 59 41 40 69 68 28 58 80 87 56 46 29 53 3 42 51 8 64 72 23 10 19 92 24 35 50 45 9 81 43 89 52 76 32 70 98 15 99 26 97 75 71 61 2 83 73 5 31 91 7 37 47 14 85 6 13 63 49 38 74 11 95 90 93 79 34 18 33 17 96 48 77 4 88 0 82 62 39 67 54 21 86 57 22 65 1 60 27 78
Coste: 1666599996

