GENERACION: 1
Mejor Solucion:  15 5 39 23 20 28 0 26 35 44 48 42 30 4 1 22 6 3 47 21 29 31 9 27 37 45 10 41 18 49 7 34 8 2 43 13 33 12 36 38 19 24 46 25 40 16 14 11 17 32
Coste: 54637

GENERACION: 2
Mejor Solucion:  13 5 43 23 20 28 0 26 35 44 48 42 30 4 1 22 6 3 47 21 29 31 9 27 37 45 10 7 18 49 11 34 8 2 39 15 33 12 36 38 19 24 46 25 40 16 14 41 17 32
Coste: 54539

GENERACION: 3
Mejor Solucion:  13 5 43 23 20 28 0 26 35 44 48 42 30 4 1 22 6 3 47 21 29 31 9 27 37 45 10 7 18 49 11 34 8 2 39 15 33 12 36 38 19 24 46 25 40 16 14 41 17 32
Coste: 54539

GENERACION: 4
Mejor Solucion:  13 5 43 23 20 28 0 26 35 44 48 42 30 4 1 22 6 3 47 21 29 31 9 27 37 45 10 7 18 49 11 34 8 2 39 15 33 12 36 38 19 24 46 25 40 16 14 41 17 32
Coste: 54539

GENERACION: 5
Mejor Solucion:  15 5 39 23 20 28 0 26 35 44 48 42 30 4 1 22 6 3 47 21 29 31 9 27 37 45 10 41 18 49 7 34 8 2 43 13 33 12 36 38 19 24 46 25 40 16 14 11 17 32
Coste: 54524

GENERACION: 6
Mejor Solucion:  15 5 39 23 20 28 0 26 35 44 48 42 30 4 1 22 6 3 47 21 29 31 9 27 37 45 10 41 18 49 7 34 8 2 43 13 33 12 36 38 19 24 46 25 40 16 14 11 17 32
Coste: 54524

GENERACION: 7
Mejor Solucion:  15 5 39 23 20 28 0 26 35 44 48 42 30 4 1 22 6 3 47 21 29 31 9 27 37 45 10 41 18 49 7 34 8 2 43 13 33 12 36 38 19 24 46 25 40 16 14 11 17 32
Coste: 54524

GENERACION: 8
Mejor Solucion:  15 5 39 23 20 28 0 26 35 44 48 42 30 4 1 22 6 3 47 21 29 31 9 27 37 45 10 41 18 49 7 34 8 2 43 13 33 12 36 38 19 24 46 25 40 16 14 11 17 32
Coste: 54524

GENERACION: 9
Mejor Solucion:  20 0 28 35 44 48 42 30 9 37 22 6 3 47 21 29 31 4 27 1 45 10 41 34 43 7 18 49 13 8 2 39 15 33 12 36 38 19 24 46 25 40 16 14 11 23 17 26 5 32
Coste: 54482

GENERACION: 10
Mejor Solucion:  20 0 28 35 44 48 42 30 9 37 22 6 3 47 21 29 31 4 27 1 45 10 41 34 43 7 18 49 13 8 2 39 15 33 12 36 38 19 24 46 25 40 16 14 11 23 17 26 5 32
Coste: 54482

GENERACION: 11
Mejor Solucion:  20 0 28 44 48 22 42 30 9 37 35 6 3 47 21 29 31 4 27 1 45 10 41 34 43 7 18 49 13 8 2 39 15 33 12 36 38 19 24 46 25 40 16 14 11 23 17 26 5 32
Coste: 54440

GENERACION: 12
Mejor Solucion:  20 0 28 44 48 22 42 30 9 37 35 6 3 47 21 29 31 4 27 1 45 10 41 34 43 7 18 49 13 8 2 39 15 33 12 36 38 19 24 46 25 40 16 14 11 23 17 26 5 32
Coste: 54440

GENERACION: 13
Mejor Solucion:  20 0 28 44 48 22 42 30 9 37 35 6 3 47 21 29 31 4 27 1 45 10 41 34 43 7 18 49 13 8 2 39 15 33 12 36 38 19 24 46 25 40 16 14 11 23 17 26 5 32
Coste: 54440

GENERACION: 14
Mejor Solucion:  20 0 28 44 48 22 42 30 9 37 35 6 3 47 21 29 31 4 27 1 45 10 41 34 43 7 18 49 13 8 2 39 15 33 12 36 38 19 24 46 25 40 16 14 11 23 17 26 5 32
Coste: 54440

GENERACION: 15
Mejor Solucion:  20 0 25 44 48 22 42 30 33 37 35 6 3 47 21 29 31 4 27 1 45 10 41 34 43 7 15 49 13 8 2 39 18 9 12 36 38 19 24 46 28 40 14 16 11 23 17 26 5 32
Coste: 54368

GENERACION: 16
Mejor Solucion:  20 0 25 44 48 22 42 30 33 37 35 6 3 47 21 29 31 4 27 1 45 10 41 34 43 7 15 49 13 8 2 39 18 9 12 36 38 19 24 46 28 40 14 16 11 23 17 26 5 32
Coste: 54368

GENERACION: 17
Mejor Solucion:  20 0 25 44 48 22 42 30 33 37 35 6 3 47 21 29 31 4 27 1 45 10 41 34 43 7 15 49 13 8 2 39 18 9 12 36 38 19 24 46 28 40 14 16 11 23 17 26 5 32
Coste: 54368

GENERACION: 18
Mejor Solucion:  0 25 44 22 30 3 6 37 36 21 31 4 41 34 7 2 42 28 17 45 18 10 19 15 43 1 16 49 13 27 39 32 33 12 48 38 8 24 46 29 40 9 14 11 23 47 26 5 35 20
Coste: 54324

GENERACION: 19
Mejor Solucion:  0 25 44 22 30 3 6 37 36 21 31 4 41 34 7 2 42 28 17 45 18 10 19 15 43 1 16 49 13 27 39 32 33 12 48 38 8 24 46 29 40 9 14 11 23 47 26 5 35 20
Coste: 54324

GENERACION: 20
Mejor Solucion:  0 25 44 22 30 3 6 37 36 21 31 4 41 34 7 2 42 28 17 45 18 10 19 15 43 1 16 49 13 27 39 32 33 12 48 38 8 24 46 29 40 9 14 11 23 47 26 5 35 20
Coste: 54324

GENERACION: 21
Mejor Solucion:  0 25 44 22 30 3 6 37 36 21 31 4 41 34 7 2 42 28 17 45 18 10 19 15 43 1 16 49 13 27 39 32 33 12 48 38 8 24 46 29 40 9 14 11 23 47 26 5 35 20
Coste: 54324

GENERACION: 22
Mejor Solucion:  0 25 44 22 30 3 6 37 36 21 31 4 41 34 7 2 42 28 17 45 18 10 19 15 43 1 16 49 13 27 39 32 33 12 48 38 8 24 46 29 40 9 14 11 23 47 26 5 35 20
Coste: 54324

GENERACION: 23
Mejor Solucion:  0 25 44 22 30 3 6 37 36 21 31 4 41 34 7 2 42 28 17 45 18 10 19 15 43 1 16 49 13 27 39 32 33 12 48 38 8 24 46 29 40 9 14 11 23 47 26 5 35 20
Coste: 54324

GENERACION: 24
Mejor Solucion:  0 25 44 22 30 3 6 37 36 21 31 4 41 34 7 2 42 28 17 45 18 10 19 15 43 1 16 49 13 27 39 32 33 12 48 38 8 24 46 29 40 9 14 11 23 47 26 5 35 20
Coste: 54324

GENERACION: 25
Mejor Solucion:  0 25 44 22 30 3 6 37 36 21 31 4 41 34 7 2 42 28 17 45 18 10 19 15 43 1 16 49 13 27 39 32 33 12 48 38 8 24 46 29 40 9 14 11 23 47 26 5 35 20
Coste: 54324

GENERACION: 26
Mejor Solucion:  0 25 44 22 30 3 6 37 36 21 31 4 41 34 7 2 42 28 17 45 18 10 19 15 43 1 16 49 13 27 39 32 33 12 48 38 8 24 46 29 40 9 14 11 23 47 26 5 35 20
Coste: 54324

GENERACION: 27
Mejor Solucion:  0 25 44 22 30 3 6 37 36 21 31 4 41 34 7 2 42 28 17 45 18 10 19 15 43 1 16 49 13 27 39 32 33 12 48 38 8 24 46 29 40 9 14 11 23 47 26 5 35 20
Coste: 54324

GENERACION: 28
Mejor Solucion:  0 25 44 22 30 3 6 37 36 21 31 4 41 34 7 2 42 28 17 45 18 10 19 15 43 1 16 49 13 27 39 32 33 12 48 38 8 24 46 29 40 9 14 11 23 47 26 5 35 20
Coste: 54324

GENERACION: 29
Mejor Solucion:  0 25 44 22 30 3 6 37 36 21 31 4 41 34 7 2 42 28 17 45 18 10 19 15 43 1 16 49 13 27 39 32 33 12 48 38 8 24 46 29 40 9 14 11 23 47 26 5 35 20
Coste: 54324

GENERACION: 30
Mejor Solucion:  0 25 44 22 30 3 6 37 36 21 31 4 41 34 7 2 42 28 17 45 18 10 19 15 43 1 16 49 13 27 39 32 33 12 48 38 8 24 46 29 40 9 14 11 23 47 26 5 35 20
Coste: 54324

GENERACION: 31
Mejor Solucion:  0 25 44 22 30 3 6 37 36 21 31 4 41 34 7 2 42 28 17 45 18 10 19 15 43 1 16 49 13 27 39 32 33 12 48 38 8 24 46 29 40 9 14 11 23 47 26 5 35 20
Coste: 54324

GENERACION: 32
Mejor Solucion:  0 25 44 22 30 3 6 37 36 21 31 4 41 34 7 2 42 28 17 45 18 10 19 15 43 1 16 49 13 27 39 32 33 12 48 38 8 24 46 29 40 9 14 11 23 47 26 5 35 20
Coste: 54324

GENERACION: 33
Mejor Solucion:  0 25 44 22 30 3 6 37 36 21 31 4 41 34 7 2 42 28 17 45 18 10 19 15 43 1 16 49 13 27 39 32 33 12 48 38 8 24 46 29 40 9 14 11 23 47 26 5 35 20
Coste: 54324

GENERACION: 34
Mejor Solucion:  0 25 44 22 30 3 6 37 36 21 31 4 41 34 7 2 42 28 17 45 18 10 19 15 43 1 16 49 13 27 39 32 33 12 48 38 8 24 46 29 40 9 14 11 23 47 26 5 35 20
Coste: 54324

GENERACION: 35
Mejor Solucion:  0 25 44 22 30 3 6 37 36 21 31 4 41 34 7 2 42 28 17 45 18 10 19 15 43 1 16 49 13 27 39 32 33 12 48 38 8 24 46 29 40 9 14 11 23 47 26 5 35 20
Coste: 54324

GENERACION: 36
Mejor Solucion:  0 25 44 22 30 3 6 37 36 21 31 4 41 34 7 2 42 28 17 45 18 10 19 15 43 1 16 49 13 27 39 32 33 12 48 38 8 24 46 29 40 9 14 11 23 47 26 5 35 20
Coste: 54324

GENERACION: 37
Mejor Solucion:  18 25 44 22 42 35 6 26 21 31 4 41 34 7 2 30 12 17 45 5 10 19 15 43 40 16 49 13 36 27 39 32 33 28 48 38 8 24 46 29 1 9 14 11 23 47 37 3 20 0
Coste: 54256

GENERACION: 38
Mejor Solucion:  18 25 44 22 42 35 16 26 21 8 4 41 34 7 2 30 12 17 45 5 10 19 15 43 40 6 49 13 36 27 39 32 33 28 48 38 31 24 46 29 1 9 14 11 23 47 37 3 20 0
Coste: 54100

GENERACION: 39
Mejor Solucion:  18 26 44 22 42 35 16 25 21 8 4 41 34 7 47 30 12 17 45 5 10 19 40 43 15 6 49 13 36 27 1 32 33 28 48 38 31 24 46 29 39 9 14 11 23 2 37 3 20 0
Coste: 53930

GENERACION: 40
Mejor Solucion:  18 16 44 22 23 35 11 25 21 8 4 9 34 7 47 30 12 17 45 5 10 19 40 43 15 6 49 13 36 27 1 32 31 28 48 38 33 24 46 29 39 41 14 26 42 2 37 3 20 0
Coste: 53759

GENERACION: 41
Mejor Solucion:  18 16 44 22 23 35 11 25 21 8 4 9 34 7 47 30 12 17 45 5 10 19 40 43 15 6 49 13 36 27 1 32 31 28 48 38 33 24 46 29 39 41 14 26 42 2 37 3 20 0
Coste: 53759

GENERACION: 42
Mejor Solucion:  18 16 44 22 23 35 11 25 21 8 4 9 34 7 47 30 12 17 45 5 10 19 40 43 15 6 49 13 36 27 1 32 31 28 48 38 33 24 46 29 39 41 14 26 42 2 37 3 20 0
Coste: 53759

GENERACION: 43
Mejor Solucion:  18 16 44 22 23 35 11 25 21 8 4 9 34 7 47 30 12 17 45 5 10 19 40 43 15 6 49 13 36 27 1 32 31 28 48 38 33 24 46 29 39 41 14 26 42 2 37 3 20 0
Coste: 53759

GENERACION: 44
Mejor Solucion:  18 16 44 22 23 35 11 25 21 8 4 9 34 7 47 30 12 17 45 5 10 19 40 43 15 6 49 13 36 27 1 32 31 28 48 38 33 24 46 29 39 41 14 26 42 2 37 3 20 0
Coste: 53759

GENERACION: 45
Mejor Solucion:  18 16 44 22 23 35 11 25 21 8 4 9 34 7 47 30 12 17 45 5 10 19 40 43 15 6 49 13 36 27 1 32 31 28 48 38 33 24 46 29 39 41 14 26 42 2 37 3 20 0
Coste: 53759

GENERACION: 46
Mejor Solucion:  18 16 44 22 23 35 13 25 21 8 4 9 34 7 47 30 12 17 45 5 10 19 40 43 15 6 49 11 36 27 1 32 31 28 48 38 33 24 46 29 39 41 14 26 42 2 37 3 20 0
Coste: 53737

GENERACION: 47
Mejor Solucion:  18 16 44 22 23 35 13 25 21 8 4 9 34 7 47 30 12 17 45 5 10 19 40 43 15 6 49 11 36 27 1 32 31 28 48 38 33 24 46 29 39 41 14 26 42 2 37 3 20 0
Coste: 53737

GENERACION: 48
Mejor Solucion:  18 16 44 22 23 35 13 25 21 8 4 9 34 7 47 30 12 17 45 5 10 19 40 43 15 6 49 11 36 27 1 32 31 28 48 38 33 24 46 29 39 41 14 26 42 2 37 3 20 0
Coste: 53737

GENERACION: 49
Mejor Solucion:  18 16 44 22 23 35 13 25 21 8 4 9 34 7 47 30 12 17 45 5 10 19 40 43 15 6 49 11 36 27 1 32 31 28 48 38 33 24 46 29 39 41 14 26 42 2 37 3 20 0
Coste: 53737

GENERACION: 50
Mejor Solucion:  18 16 44 22 23 35 13 25 21 8 4 9 34 7 47 30 12 17 45 5 10 19 40 43 15 6 49 11 36 27 1 32 31 28 48 38 33 24 46 29 39 41 14 26 42 2 37 3 20 0
Coste: 53737

GENERACION: 51
Mejor Solucion:  18 16 44 22 23 35 13 25 21 8 4 9 34 7 47 30 12 17 45 5 10 19 40 43 15 6 49 11 36 27 1 32 31 28 48 38 33 24 46 29 39 41 14 26 42 2 37 3 20 0
Coste: 53737

GENERACION: 52
Mejor Solucion:  18 16 44 22 23 35 13 25 21 8 4 9 34 7 47 30 12 17 45 5 10 19 40 43 15 6 49 11 36 27 1 32 31 28 48 38 33 24 46 29 39 41 14 26 42 2 37 3 20 0
Coste: 53737

GENERACION: 53
Mejor Solucion:  18 16 44 22 23 35 13 25 21 8 4 9 34 7 47 30 12 17 45 5 10 19 40 43 15 6 49 11 36 27 1 32 31 28 48 38 33 24 46 29 39 41 14 26 42 2 37 3 20 0
Coste: 53737

GENERACION: 54
Mejor Solucion:  18 16 44 22 23 35 13 25 21 8 4 9 34 7 47 30 12 17 45 5 10 19 40 43 15 6 49 11 36 27 1 32 31 28 48 38 33 24 46 29 39 41 14 26 42 2 37 3 20 0
Coste: 53737

GENERACION: 55
Mejor Solucion:  18 16 44 22 23 35 13 25 21 8 4 9 34 7 47 30 12 17 45 5 10 19 40 43 15 6 49 11 36 27 1 32 31 28 48 38 33 24 46 29 39 41 14 26 42 2 37 3 20 0
Coste: 53737

GENERACION: 56
Mejor Solucion:  18 16 44 22 23 35 13 25 21 8 4 9 34 7 47 30 12 17 45 5 10 19 40 43 15 6 49 11 36 27 1 32 31 28 48 38 33 24 46 29 39 41 14 26 42 2 37 3 20 0
Coste: 53737

GENERACION: 57
Mejor Solucion:  18 16 44 22 23 35 13 25 21 8 4 9 34 7 47 30 12 17 45 5 10 19 40 43 15 6 49 11 36 27 1 32 31 28 48 38 33 24 46 29 39 41 14 26 42 2 37 3 20 0
Coste: 53737

GENERACION: 58
Mejor Solucion:  18 16 44 22 23 35 13 25 21 8 4 9 34 7 47 30 12 17 45 5 10 19 40 43 15 6 49 11 36 27 1 32 31 28 48 38 33 24 46 29 39 41 14 26 42 2 37 3 20 0
Coste: 53737

GENERACION: 59
Mejor Solucion:  18 16 44 22 23 35 13 25 21 8 4 9 34 7 47 30 12 17 45 5 10 19 40 43 15 6 49 11 36 27 1 32 31 28 48 38 33 24 46 29 39 41 14 26 42 2 37 3 20 0
Coste: 53737

GENERACION: 60
Mejor Solucion:  18 16 44 22 23 35 13 25 21 8 4 9 34 7 47 30 12 17 45 5 10 19 40 43 15 6 49 11 36 27 1 32 31 28 48 38 33 24 46 29 39 41 14 26 42 2 37 3 20 0
Coste: 53737

GENERACION: 61
Mejor Solucion:  18 16 44 22 23 35 13 25 21 8 4 9 34 7 47 30 12 17 45 5 10 19 40 43 15 6 49 11 36 27 1 32 31 28 48 38 33 24 46 29 39 41 14 26 42 2 37 3 20 0
Coste: 53737

GENERACION: 62
Mejor Solucion:  18 16 44 22 23 35 13 25 21 8 4 9 34 7 47 30 12 17 45 5 10 19 40 43 15 6 49 11 36 27 1 32 31 28 48 38 33 24 46 29 39 41 14 26 42 2 37 3 20 0
Coste: 53737

GENERACION: 63
Mejor Solucion:  18 16 44 22 23 35 13 25 21 8 4 9 34 7 47 30 12 17 45 5 10 19 40 43 15 6 49 11 36 27 1 32 31 28 48 38 33 24 46 29 39 41 14 26 42 2 37 3 20 0
Coste: 53737

GENERACION: 64
Mejor Solucion:  18 16 44 22 23 35 13 25 21 8 4 9 34 7 47 30 12 17 45 5 10 19 40 43 15 6 49 11 36 27 1 32 31 28 48 38 33 24 46 29 39 41 14 26 42 2 37 3 20 0
Coste: 53737

GENERACION: 65
Mejor Solucion:  18 16 44 22 23 35 13 25 21 8 4 9 34 7 47 30 12 17 45 5 10 19 40 43 15 6 49 11 36 27 1 32 31 28 48 38 33 24 46 29 39 41 14 26 42 2 37 3 20 0
Coste: 53737

GENERACION: 66
Mejor Solucion:  18 16 44 22 23 35 13 25 21 8 4 9 34 7 47 30 12 17 45 5 10 19 40 43 15 6 49 11 36 27 1 32 31 28 48 38 33 24 46 29 39 41 14 26 42 2 37 3 20 0
Coste: 53737

GENERACION: 67
Mejor Solucion:  18 16 44 22 23 35 13 25 21 8 4 9 34 7 47 30 12 17 45 5 10 19 40 43 15 6 49 11 36 27 1 32 31 28 48 38 33 24 46 29 39 41 14 26 42 2 37 3 20 0
Coste: 53737

GENERACION: 68
Mejor Solucion:  18 16 44 22 23 35 13 25 21 8 4 9 34 7 47 30 12 17 45 5 10 19 40 43 15 6 49 11 36 27 1 32 31 28 48 38 33 24 46 29 39 41 14 26 42 2 37 3 20 0
Coste: 53737

GENERACION: 69
Mejor Solucion:  18 16 44 22 23 35 13 25 21 8 4 9 34 7 47 30 12 17 45 5 10 19 40 43 15 6 49 11 36 27 1 32 31 28 48 38 33 24 46 29 39 41 14 26 42 2 37 3 20 0
Coste: 53737

GENERACION: 70
Mejor Solucion:  18 16 44 22 23 35 13 25 21 8 4 9 34 7 47 30 12 17 45 5 10 19 40 43 15 6 49 11 36 27 1 32 31 28 48 38 33 24 46 29 39 41 14 26 42 2 37 3 20 0
Coste: 53737

GENERACION: 71
Mejor Solucion:  18 16 44 22 23 35 13 25 21 8 4 9 34 7 47 30 12 17 45 5 10 19 40 43 15 6 49 11 36 27 1 32 31 28 48 38 33 24 46 29 39 41 14 26 42 2 37 3 20 0
Coste: 53737

GENERACION: 72
Mejor Solucion:  18 16 44 22 23 35 13 25 21 8 4 9 34 7 47 30 12 17 45 5 10 19 40 43 15 6 49 11 36 27 1 32 31 28 48 38 33 24 46 29 39 41 14 26 42 2 37 3 20 0
Coste: 53737

GENERACION: 73
Mejor Solucion:  18 16 44 22 23 35 13 25 21 8 4 9 34 7 47 30 12 17 45 5 10 19 40 43 15 6 49 11 36 27 1 32 31 28 48 38 33 24 46 29 39 41 14 26 42 2 37 3 20 0
Coste: 53737

GENERACION: 74
Mejor Solucion:  18 16 44 22 23 35 13 25 21 8 4 9 34 7 47 30 12 17 45 5 10 19 40 43 15 6 49 11 36 27 1 32 31 28 48 38 33 24 46 29 39 41 14 26 42 2 37 3 20 0
Coste: 53737

GENERACION: 75
Mejor Solucion:  18 16 44 22 23 35 13 25 21 8 4 9 34 7 47 30 12 17 45 5 10 19 40 43 15 6 49 11 36 27 1 32 31 28 48 38 33 24 46 29 39 41 14 26 42 2 37 3 20 0
Coste: 53737

GENERACION: 76
Mejor Solucion:  18 16 44 22 23 35 13 25 21 8 4 9 34 7 47 30 12 17 45 5 10 19 40 43 15 6 49 11 36 27 1 32 31 28 48 38 33 24 46 29 39 41 14 26 42 2 37 3 20 0
Coste: 53737

GENERACION: 77
Mejor Solucion:  18 16 44 22 23 35 13 25 21 8 4 9 34 7 47 30 12 17 45 5 10 19 40 43 15 6 49 11 36 27 1 32 31 28 48 38 33 24 46 29 39 41 14 26 42 2 37 3 20 0
Coste: 53737

GENERACION: 78
Mejor Solucion:  18 16 44 22 23 35 13 25 21 8 4 9 34 7 47 30 12 17 45 5 10 19 40 43 15 6 49 11 36 27 1 32 31 28 48 38 33 24 46 29 39 41 14 26 42 2 37 3 20 0
Coste: 53737

GENERACION: 79
Mejor Solucion:  18 16 44 22 23 35 13 25 21 8 4 9 34 7 47 30 12 17 45 5 10 19 40 43 15 6 49 11 36 27 1 32 31 28 48 38 33 24 46 29 39 41 14 26 42 2 37 3 20 0
Coste: 53737

GENERACION: 80
Mejor Solucion:  18 16 44 22 23 35 13 25 21 8 4 9 34 7 47 30 12 17 45 5 10 19 40 43 15 6 49 11 36 27 1 32 31 28 48 38 33 24 46 29 39 41 14 26 42 2 37 3 20 0
Coste: 53737

GENERACION: 81
Mejor Solucion:  18 16 44 22 23 35 13 25 21 8 4 9 34 7 47 30 12 17 45 5 10 19 40 43 15 6 49 11 36 27 1 32 31 28 48 38 33 24 46 29 39 41 14 26 42 2 37 3 20 0
Coste: 53737

GENERACION: 82
Mejor Solucion:  18 16 44 22 23 35 13 25 21 8 4 9 34 7 47 30 12 17 45 5 10 19 40 43 15 6 49 11 36 27 1 32 31 28 48 38 33 24 46 29 39 41 14 26 42 2 37 3 20 0
Coste: 53737

GENERACION: 83
Mejor Solucion:  18 16 44 22 23 35 13 25 21 8 4 9 34 7 47 30 12 17 45 5 10 19 40 43 15 6 49 11 36 27 1 32 31 28 48 38 33 24 46 29 39 41 14 26 42 2 37 3 20 0
Coste: 53737

GENERACION: 84
Mejor Solucion:  18 16 44 22 23 35 13 25 21 8 4 9 34 7 47 30 12 17 45 5 10 19 40 43 15 6 49 11 36 27 1 32 31 28 48 38 33 24 46 29 39 41 14 26 42 2 37 3 20 0
Coste: 53737

GENERACION: 85
Mejor Solucion:  18 16 44 22 23 35 13 25 21 8 4 9 34 7 47 30 12 17 45 5 10 19 40 43 15 6 49 11 36 27 1 32 31 28 48 38 33 24 46 29 39 41 14 26 42 2 37 3 20 0
Coste: 53737

GENERACION: 86
Mejor Solucion:  18 16 44 22 23 35 13 25 21 8 4 9 34 7 47 30 12 17 45 5 10 19 40 43 15 6 49 11 36 27 1 32 31 28 48 38 33 24 46 29 39 41 14 26 42 2 37 3 20 0
Coste: 53737

GENERACION: 87
Mejor Solucion:  18 16 44 22 23 35 13 25 21 8 4 9 34 7 47 30 12 17 45 5 10 19 40 43 15 6 49 11 36 27 1 32 31 28 48 38 33 24 46 29 39 41 14 26 42 2 37 3 20 0
Coste: 53737

GENERACION: 88
Mejor Solucion:  18 16 44 22 23 35 13 25 21 8 4 9 34 7 47 30 12 17 45 5 10 19 40 43 15 6 49 11 36 27 1 32 31 28 48 38 33 24 46 29 39 41 14 26 42 2 37 3 20 0
Coste: 53737

GENERACION: 89
Mejor Solucion:  18 16 44 22 23 35 13 25 21 8 4 9 34 7 47 30 12 17 45 5 10 19 40 43 15 6 49 11 36 27 1 32 31 28 48 38 33 24 46 29 39 41 14 26 42 2 37 3 20 0
Coste: 53737

GENERACION: 90
Mejor Solucion:  18 16 44 22 23 35 13 25 21 8 4 9 34 7 47 30 12 17 45 5 10 19 40 43 15 6 49 11 36 27 1 32 31 28 48 38 33 24 46 29 39 41 14 26 42 2 37 3 20 0
Coste: 53737

GENERACION: 91
Mejor Solucion:  18 16 44 22 23 35 13 25 21 8 4 9 34 7 47 30 12 17 45 5 10 19 40 43 15 6 49 11 36 27 1 32 31 28 48 38 33 24 46 29 39 41 14 26 42 2 37 3 20 0
Coste: 53737

GENERACION: 92
Mejor Solucion:  18 16 44 22 23 35 13 25 21 8 4 9 34 7 47 30 12 17 45 5 10 19 40 43 15 6 49 11 36 27 1 32 31 28 48 38 33 24 46 29 39 41 14 26 42 2 37 3 20 0
Coste: 53737

GENERACION: 93
Mejor Solucion:  18 16 44 22 23 35 13 25 21 8 4 9 34 7 47 30 12 17 45 5 10 19 40 43 15 6 49 11 36 27 1 32 31 28 48 38 33 24 46 29 39 41 14 26 42 2 37 3 20 0
Coste: 53737

GENERACION: 94
Mejor Solucion:  18 16 44 22 23 35 13 25 21 8 4 9 34 7 47 30 12 17 45 5 10 19 40 43 15 6 49 11 36 27 1 32 31 28 48 38 33 24 46 29 39 41 14 26 42 2 37 3 20 0
Coste: 53737

GENERACION: 95
Mejor Solucion:  18 16 44 22 23 35 13 25 21 8 4 9 34 7 47 30 12 17 45 5 10 19 40 43 15 6 49 11 36 27 1 32 31 28 48 38 33 24 46 29 39 41 14 26 42 2 37 3 20 0
Coste: 53737

GENERACION: 96
Mejor Solucion:  18 16 44 22 23 35 13 25 21 8 4 9 34 7 47 30 12 17 45 5 10 19 40 43 15 6 49 11 36 27 1 32 31 28 48 38 33 24 46 29 39 41 14 26 42 2 37 3 20 0
Coste: 53737

GENERACION: 97
Mejor Solucion:  18 16 44 22 23 35 13 25 21 8 4 9 34 7 47 30 12 17 45 5 10 19 40 43 15 6 49 11 36 27 1 32 31 28 48 38 33 24 46 29 39 41 14 26 42 2 37 3 20 0
Coste: 53737

GENERACION: 98
Mejor Solucion:  18 16 44 22 23 35 13 25 21 8 4 9 34 7 47 30 12 17 45 5 10 19 40 43 15 6 49 11 36 27 1 32 31 28 48 38 33 24 46 29 39 41 14 26 42 2 37 3 20 0
Coste: 53737

GENERACION: 99
Mejor Solucion:  18 16 44 22 23 35 13 25 21 8 4 9 34 7 47 30 12 17 45 5 10 19 40 43 15 6 49 11 36 27 1 32 31 28 48 38 33 24 46 29 39 41 14 26 42 2 37 3 20 0
Coste: 53737

GENERACION: 100
Mejor Solucion:  18 16 44 22 23 35 13 25 21 8 4 9 34 7 47 30 12 17 45 5 10 19 40 43 15 6 49 11 36 27 1 32 31 28 48 38 33 24 46 29 39 41 14 26 42 2 37 3 20 0
Coste: 53737

GENERACION: 101
Mejor Solucion:  18 16 44 22 23 35 13 25 21 8 4 9 34 7 47 30 12 17 45 5 10 19 40 43 15 6 49 11 36 27 1 32 31 28 48 38 33 24 46 29 39 41 14 26 42 2 37 3 20 0
Coste: 53737

GENERACION: 102
Mejor Solucion:  18 16 44 22 23 35 13 25 21 8 4 9 34 7 47 30 12 17 45 5 10 19 40 43 15 6 49 11 36 27 1 32 31 28 48 38 33 24 46 29 39 41 14 26 42 2 37 3 20 0
Coste: 53737

GENERACION: 103
Mejor Solucion:  18 16 44 22 23 35 13 25 21 8 4 9 34 7 47 30 12 17 45 5 10 19 40 43 15 6 49 11 36 27 1 32 31 28 48 38 33 24 46 29 39 41 14 26 42 2 37 3 20 0
Coste: 53737

GENERACION: 104
Mejor Solucion:  18 16 44 22 23 35 13 25 21 8 4 9 34 7 47 30 12 17 45 5 10 19 40 43 15 6 49 11 36 27 1 32 31 28 48 38 33 24 46 29 39 41 14 26 42 2 37 3 20 0
Coste: 53737

GENERACION: 105
Mejor Solucion:  18 16 44 22 23 35 13 25 21 8 4 9 34 7 47 30 12 17 45 5 10 19 40 43 15 6 49 11 36 27 1 32 31 28 48 38 33 24 46 29 39 41 14 26 42 2 37 3 20 0
Coste: 53737

GENERACION: 106
Mejor Solucion:  18 16 44 22 23 35 13 25 21 8 4 9 34 7 47 30 12 17 45 5 10 19 40 43 15 6 49 11 36 27 1 32 31 28 48 38 33 24 46 29 39 41 14 26 42 2 37 3 20 0
Coste: 53737

GENERACION: 107
Mejor Solucion:  18 16 44 22 23 35 13 25 21 8 4 9 34 7 47 30 12 17 45 5 10 19 40 43 15 6 49 11 36 27 1 32 31 28 48 38 33 24 46 29 39 41 14 26 42 2 37 3 20 0
Coste: 53737

GENERACION: 108
Mejor Solucion:  18 16 44 22 23 35 13 25 21 8 4 9 34 7 47 30 12 17 45 5 10 19 40 43 15 6 49 11 36 27 1 32 31 28 48 38 33 24 46 29 39 41 14 26 42 2 37 3 20 0
Coste: 53737

GENERACION: 109
Mejor Solucion:  18 16 44 22 23 35 13 25 21 8 4 9 34 7 47 30 12 17 45 5 10 19 40 43 15 6 49 11 36 27 1 32 31 28 48 38 33 24 46 29 39 41 14 26 42 2 37 3 20 0
Coste: 53737

GENERACION: 110
Mejor Solucion:  18 16 44 22 23 35 13 25 21 8 4 9 34 7 47 30 12 17 45 5 10 19 40 43 15 6 49 11 36 27 1 32 31 28 48 38 33 24 46 29 39 41 14 26 42 2 37 3 20 0
Coste: 53737

GENERACION: 111
Mejor Solucion:  18 16 44 22 23 35 13 25 21 8 4 9 34 7 47 30 12 17 45 5 10 19 40 43 15 6 49 11 36 27 1 32 31 28 48 38 33 24 46 29 39 41 14 26 42 2 37 3 20 0
Coste: 53737

GENERACION: 112
Mejor Solucion:  18 16 44 22 23 35 13 25 21 8 4 9 34 7 47 30 12 17 45 5 10 19 40 43 15 6 49 11 36 27 1 32 31 28 48 38 33 24 46 29 39 41 14 26 42 2 37 3 20 0
Coste: 53737

GENERACION: 113
Mejor Solucion:  18 16 44 22 23 35 13 25 21 8 4 9 34 7 47 30 12 17 45 5 10 19 40 43 15 6 49 11 36 27 1 32 31 28 48 38 33 24 46 29 39 41 14 26 42 2 37 3 20 0
Coste: 53737

GENERACION: 114
Mejor Solucion:  18 16 44 22 23 35 13 25 21 8 4 9 34 7 47 30 12 17 45 5 10 19 40 43 15 6 49 11 36 27 1 32 31 28 48 38 33 24 46 29 39 41 14 26 42 2 37 3 20 0
Coste: 53737

GENERACION: 115
Mejor Solucion:  18 16 44 22 23 35 13 25 21 8 4 9 34 7 47 30 12 17 45 5 10 19 40 43 15 6 49 11 36 27 1 32 31 28 48 38 33 24 46 29 39 41 14 26 42 2 37 3 20 0
Coste: 53737

GENERACION: 116
Mejor Solucion:  18 16 44 22 23 35 13 25 21 8 4 9 34 7 47 30 12 17 45 5 10 19 40 43 15 6 49 11 36 27 1 32 31 28 48 38 33 24 46 29 39 41 14 26 42 2 37 3 20 0
Coste: 53737

GENERACION: 117
Mejor Solucion:  18 16 44 22 23 35 13 25 21 8 4 9 34 7 47 30 12 17 45 5 10 19 40 43 15 6 49 11 36 27 1 32 31 28 48 38 33 24 46 29 39 41 14 26 42 2 37 3 20 0
Coste: 53737

GENERACION: 118
Mejor Solucion:  18 16 44 22 23 35 13 25 21 8 4 9 34 7 47 30 12 17 45 5 10 19 40 43 15 6 49 11 36 27 1 32 31 28 48 38 33 24 46 29 39 41 14 26 42 2 37 3 20 0
Coste: 53737

GENERACION: 119
Mejor Solucion:  18 16 44 22 23 35 13 25 21 8 4 9 34 7 47 30 12 17 45 5 10 19 40 43 15 6 49 11 36 27 1 32 31 28 48 38 33 24 46 29 39 41 14 26 42 2 37 3 20 0
Coste: 53737

GENERACION: 120
Mejor Solucion:  18 16 44 22 23 35 13 25 21 8 4 9 34 7 47 30 12 17 45 5 10 19 40 43 15 6 49 11 36 27 1 32 31 28 48 38 33 24 46 29 39 41 14 26 42 2 37 3 20 0
Coste: 53737

GENERACION: 121
Mejor Solucion:  18 16 44 22 23 35 13 25 21 8 4 9 34 7 47 30 12 17 45 5 10 19 40 43 15 6 49 11 36 27 1 32 31 28 48 38 33 24 46 29 39 41 14 26 42 2 37 3 20 0
Coste: 53737

GENERACION: 122
Mejor Solucion:  18 16 44 22 23 35 13 25 21 8 4 9 34 7 47 30 12 17 45 5 10 19 40 43 15 6 49 11 36 27 1 32 31 28 48 38 33 24 46 29 39 41 14 26 42 2 37 3 20 0
Coste: 53737

GENERACION: 123
Mejor Solucion:  18 16 44 22 23 35 13 25 21 8 4 9 34 7 47 30 12 17 45 5 10 19 40 43 15 6 49 11 36 27 1 32 31 28 48 38 33 24 46 29 39 41 14 26 42 2 37 3 20 0
Coste: 53737

GENERACION: 124
Mejor Solucion:  18 16 44 22 23 35 13 25 21 8 4 9 34 7 47 30 12 17 45 5 10 19 40 43 15 6 49 11 36 27 1 32 31 28 48 38 33 24 46 29 39 41 14 26 42 2 37 3 20 0
Coste: 53737

GENERACION: 125
Mejor Solucion:  18 16 44 22 23 35 13 25 21 8 4 9 34 7 47 30 12 17 45 5 10 19 40 43 15 6 49 11 36 27 1 32 31 28 48 38 33 24 46 29 39 41 14 26 42 2 37 3 20 0
Coste: 53737

GENERACION: 126
Mejor Solucion:  18 16 44 22 23 35 13 25 21 8 4 9 34 7 47 30 12 17 45 5 10 19 40 43 15 6 49 11 36 27 1 32 31 28 48 38 33 24 46 29 39 41 14 26 42 2 37 3 20 0
Coste: 53737

GENERACION: 127
Mejor Solucion:  18 16 44 22 23 35 13 25 21 8 4 9 34 7 47 30 12 17 45 5 10 19 40 43 15 6 49 11 36 27 1 32 31 28 48 38 33 24 46 29 39 41 14 26 42 2 37 3 20 0
Coste: 53737

GENERACION: 128
Mejor Solucion:  18 16 44 22 23 35 13 25 21 8 4 9 34 7 47 30 12 17 45 5 10 19 40 43 15 6 49 11 36 27 1 32 31 28 48 38 33 24 46 29 39 41 14 26 42 2 37 3 20 0
Coste: 53737

GENERACION: 129
Mejor Solucion:  18 16 44 22 23 35 13 25 21 8 4 9 34 7 47 30 12 17 45 5 10 19 40 43 15 6 49 11 36 27 1 32 31 28 48 38 33 24 46 29 39 41 14 26 42 2 37 3 20 0
Coste: 53737

GENERACION: 130
Mejor Solucion:  18 16 44 22 23 35 13 25 21 8 4 9 34 7 47 30 12 17 45 5 10 19 40 43 15 6 49 11 36 27 1 32 31 28 48 38 33 24 46 29 39 41 14 26 42 2 37 3 20 0
Coste: 53737

GENERACION: 131
Mejor Solucion:  18 16 44 22 23 35 13 25 21 8 4 9 34 7 47 30 12 17 45 5 10 19 40 43 15 6 49 11 36 27 1 32 31 28 48 38 33 24 46 29 39 41 14 26 42 2 37 3 20 0
Coste: 53737

GENERACION: 132
Mejor Solucion:  18 16 44 22 23 35 13 25 21 8 4 9 34 7 47 30 12 17 45 5 10 19 40 43 15 6 49 11 36 27 1 32 31 28 48 38 33 24 46 29 39 41 14 26 42 2 37 3 20 0
Coste: 53737

GENERACION: 133
Mejor Solucion:  18 16 44 22 23 35 13 25 21 8 4 9 34 7 47 30 12 17 45 5 10 19 40 43 15 6 49 11 36 27 1 32 31 28 48 38 33 24 46 29 39 41 14 26 42 2 37 3 20 0
Coste: 53737

GENERACION: 134
Mejor Solucion:  18 16 44 22 23 35 13 25 21 8 4 9 34 7 47 30 12 17 45 5 10 19 40 43 15 6 49 11 36 27 1 32 31 28 48 38 33 24 46 29 39 41 14 26 42 2 37 3 20 0
Coste: 53737

GENERACION: 135
Mejor Solucion:  18 16 44 22 23 35 13 25 21 8 4 9 34 7 47 30 12 17 45 5 10 19 40 43 15 6 49 11 36 27 1 32 31 28 48 38 33 24 46 29 39 41 14 26 42 2 37 3 20 0
Coste: 53737

GENERACION: 136
Mejor Solucion:  18 16 44 22 23 35 13 25 21 8 4 9 34 7 47 30 12 17 45 5 10 19 40 43 15 6 49 11 36 27 1 32 31 28 48 38 33 24 46 29 39 41 14 26 42 2 37 3 20 0
Coste: 53737

GENERACION: 137
Mejor Solucion:  18 16 44 22 23 35 13 25 21 8 4 9 34 7 47 30 12 17 45 5 10 19 40 43 15 6 49 11 36 27 1 32 31 28 48 38 33 24 46 29 39 41 14 26 42 2 37 3 20 0
Coste: 53737

GENERACION: 138
Mejor Solucion:  18 16 44 22 23 35 13 25 21 8 4 9 34 7 47 30 12 17 45 5 10 19 40 43 15 6 49 11 36 27 1 32 31 28 48 38 33 24 46 29 39 41 14 26 42 2 37 3 20 0
Coste: 53737

GENERACION: 139
Mejor Solucion:  18 16 44 22 23 35 13 25 21 8 4 9 34 7 47 30 12 17 45 5 10 19 40 43 15 6 49 11 36 27 1 32 31 28 48 38 33 24 46 29 39 41 14 26 42 2 37 3 20 0
Coste: 53737

GENERACION: 140
Mejor Solucion:  18 16 44 22 23 35 13 25 21 8 4 9 34 7 47 30 12 17 45 5 10 19 40 43 15 6 49 11 36 27 1 32 31 28 48 38 33 24 46 29 39 41 14 26 42 2 37 3 20 0
Coste: 53737

GENERACION: 141
Mejor Solucion:  18 16 44 22 23 35 13 25 21 8 4 9 34 7 47 30 12 17 45 5 10 19 40 43 15 6 49 11 36 27 1 32 31 28 48 38 33 24 46 29 39 41 14 26 42 2 37 3 20 0
Coste: 53737

GENERACION: 142
Mejor Solucion:  18 16 44 22 23 35 13 25 21 8 4 9 34 7 47 30 12 17 45 5 10 19 40 43 15 6 49 11 36 27 1 32 31 28 48 38 33 24 46 29 39 41 14 26 42 2 37 3 20 0
Coste: 53737

GENERACION: 143
Mejor Solucion:  18 16 44 22 23 35 13 25 21 8 4 9 34 7 47 30 12 17 45 5 10 19 40 43 15 6 49 11 36 27 1 32 31 28 48 38 33 24 46 29 39 41 14 26 42 2 37 3 20 0
Coste: 53737

GENERACION: 144
Mejor Solucion:  18 16 44 22 23 35 13 25 21 8 4 9 34 7 47 30 12 17 45 5 10 19 40 43 15 6 49 11 36 27 1 32 31 28 48 38 33 24 46 29 39 41 14 26 42 2 37 3 20 0
Coste: 53737

GENERACION: 145
Mejor Solucion:  18 16 44 22 23 35 13 25 21 8 4 9 34 7 47 30 12 17 45 5 10 19 40 43 15 6 49 11 36 27 1 32 31 28 48 38 33 24 46 29 39 41 14 26 42 2 37 3 20 0
Coste: 53737

GENERACION: 146
Mejor Solucion:  18 16 44 22 23 35 13 25 21 8 4 9 34 7 47 30 12 17 45 5 10 19 40 43 15 6 49 11 36 27 1 32 31 28 48 38 33 24 46 29 39 41 14 26 42 2 37 3 20 0
Coste: 53737

GENERACION: 147
Mejor Solucion:  18 16 44 22 23 35 13 25 21 8 4 9 34 7 47 30 12 17 45 5 10 19 40 43 15 6 49 11 36 27 1 32 31 28 48 38 33 24 46 29 39 41 14 26 42 2 37 3 20 0
Coste: 53737

GENERACION: 148
Mejor Solucion:  18 16 44 22 23 35 13 25 21 8 4 9 34 7 47 30 12 17 45 5 10 19 40 43 15 6 49 11 36 27 1 32 31 28 48 38 33 24 46 29 39 41 14 26 42 2 37 3 20 0
Coste: 53737

GENERACION: 149
Mejor Solucion:  18 16 44 22 23 35 13 25 21 8 4 9 34 7 47 30 12 17 45 5 10 19 40 43 15 6 49 11 36 27 1 32 31 28 48 38 33 24 46 29 39 41 14 26 42 2 37 3 20 0
Coste: 53737

GENERACION: 150
Mejor Solucion:  18 16 44 22 23 35 13 25 21 8 4 9 34 7 47 30 12 17 45 5 10 19 40 43 15 6 49 11 36 27 1 32 31 28 48 38 33 24 46 29 39 41 14 26 42 2 37 3 20 0
Coste: 53737

GENERACION: 151
Mejor Solucion:  18 16 44 22 23 35 13 25 21 8 4 9 34 7 47 30 12 17 45 5 10 19 40 43 15 6 49 11 36 27 1 32 31 28 48 38 33 24 46 29 39 41 14 26 42 2 37 3 20 0
Coste: 53737

GENERACION: 152
Mejor Solucion:  18 16 44 22 23 35 13 25 21 8 4 9 34 7 47 30 12 17 45 5 10 19 40 43 15 6 49 11 36 27 1 32 31 28 48 38 33 24 46 29 39 41 14 26 42 2 37 3 20 0
Coste: 53737

GENERACION: 153
Mejor Solucion:  18 16 44 22 23 35 13 25 21 8 4 9 34 7 47 30 12 17 45 5 10 19 40 43 15 6 49 11 36 27 1 32 31 28 48 38 33 24 46 29 39 41 14 26 42 2 37 3 20 0
Coste: 53737

GENERACION: 154
Mejor Solucion:  18 16 44 22 23 35 13 25 21 8 4 9 34 7 47 30 12 17 45 5 10 19 40 43 15 6 49 11 36 27 1 32 31 28 48 38 33 24 46 29 39 41 14 26 42 2 37 3 20 0
Coste: 53737

GENERACION: 155
Mejor Solucion:  18 16 44 22 23 35 13 25 21 8 4 9 34 7 47 30 12 17 45 5 10 19 40 43 15 6 49 11 36 27 1 32 31 28 48 38 33 24 46 29 39 41 14 26 42 2 37 3 20 0
Coste: 53737

GENERACION: 156
Mejor Solucion:  18 16 44 22 23 35 13 25 21 8 4 9 34 7 47 30 12 17 45 5 10 19 40 43 15 6 49 11 36 27 1 32 31 28 48 38 33 24 46 29 39 41 14 26 42 2 37 3 20 0
Coste: 53737

GENERACION: 157
Mejor Solucion:  18 16 44 22 23 35 13 25 21 8 4 9 34 7 47 30 12 17 45 5 10 19 40 43 15 6 49 11 36 27 1 32 31 28 48 38 33 24 46 29 39 41 14 26 42 2 37 3 20 0
Coste: 53737

GENERACION: 158
Mejor Solucion:  18 16 44 22 23 35 13 25 21 8 4 9 34 7 47 30 12 17 45 5 10 19 40 43 15 6 49 11 36 27 1 32 31 28 48 38 33 24 46 29 39 41 14 26 42 2 37 3 20 0
Coste: 53737

GENERACION: 159
Mejor Solucion:  18 16 44 22 23 35 13 25 21 8 4 9 34 7 47 30 12 17 45 5 10 19 40 43 15 6 49 11 36 27 1 32 31 28 48 38 33 24 46 29 39 41 14 26 42 2 37 3 20 0
Coste: 53737

GENERACION: 160
Mejor Solucion:  18 16 44 22 23 35 13 25 21 8 4 9 34 7 47 30 12 17 45 5 10 19 40 43 15 6 49 11 36 27 1 32 31 28 48 38 33 24 46 29 39 41 14 26 42 2 37 3 20 0
Coste: 53737

GENERACION: 161
Mejor Solucion:  18 16 44 22 23 35 13 25 21 8 4 9 34 7 47 30 12 17 45 5 10 19 40 43 15 6 49 11 36 27 1 32 31 28 48 38 33 24 46 29 39 41 14 26 42 2 37 3 20 0
Coste: 53737

GENERACION: 162
Mejor Solucion:  18 16 44 22 23 35 13 25 21 8 4 9 34 7 47 30 12 17 45 5 10 19 40 43 15 6 49 11 36 27 1 32 31 28 48 38 33 24 46 29 39 41 14 26 42 2 37 3 20 0
Coste: 53737

GENERACION: 163
Mejor Solucion:  18 16 44 22 23 35 13 25 21 8 4 9 34 7 47 30 12 17 45 5 10 19 40 43 15 6 49 11 36 27 1 32 31 28 48 38 33 24 46 29 39 41 14 26 42 2 37 3 20 0
Coste: 53737

GENERACION: 164
Mejor Solucion:  18 16 44 22 23 35 13 25 21 8 4 9 34 7 47 30 12 17 45 5 10 19 40 43 15 6 49 11 36 27 1 32 31 28 48 38 33 24 46 29 39 41 14 26 42 2 37 3 20 0
Coste: 53737

GENERACION: 165
Mejor Solucion:  18 16 44 22 23 35 13 25 21 8 4 9 34 7 47 30 12 17 45 5 10 19 40 43 15 6 49 11 36 27 1 32 31 28 48 38 33 24 46 29 39 41 14 26 42 2 37 3 20 0
Coste: 53737

GENERACION: 166
Mejor Solucion:  18 16 44 22 23 35 13 25 21 8 4 9 34 7 47 30 12 17 45 5 10 19 40 43 15 6 49 11 36 27 1 32 31 28 48 38 33 24 46 29 39 41 14 26 42 2 37 3 20 0
Coste: 53737

GENERACION: 167
Mejor Solucion:  18 16 44 22 23 35 13 25 21 8 4 9 34 7 47 30 12 17 45 5 10 19 40 43 15 6 49 11 36 27 1 32 31 28 48 38 33 24 46 29 39 41 14 26 42 2 37 3 20 0
Coste: 53737

GENERACION: 168
Mejor Solucion:  18 16 44 22 23 35 13 25 21 8 4 9 34 7 47 30 12 17 45 5 10 19 40 43 15 6 49 11 36 27 1 32 31 28 48 38 33 24 46 29 39 41 14 26 42 2 37 3 20 0
Coste: 53737

GENERACION: 169
Mejor Solucion:  18 16 44 22 23 35 13 25 21 8 4 9 34 7 47 30 12 17 45 5 10 19 40 43 15 6 49 11 36 27 1 32 31 28 48 38 33 24 46 29 39 41 14 26 42 2 37 3 20 0
Coste: 53737

GENERACION: 170
Mejor Solucion:  18 16 44 22 23 35 13 25 21 8 4 9 34 7 47 30 12 17 45 5 10 19 40 43 15 6 49 11 36 27 1 32 31 28 48 38 33 24 46 29 39 41 14 26 42 2 37 3 20 0
Coste: 53737

GENERACION: 171
Mejor Solucion:  18 16 44 22 23 35 13 25 21 8 4 9 34 7 47 30 12 17 45 5 10 19 40 43 15 6 49 11 36 27 1 32 31 28 48 38 33 24 46 29 39 41 14 26 42 2 37 3 20 0
Coste: 53737

GENERACION: 172
Mejor Solucion:  18 16 44 22 23 35 13 25 21 8 4 9 34 7 47 30 12 17 45 5 10 19 40 43 15 6 49 11 36 27 1 32 31 28 48 38 33 24 46 29 39 41 14 26 42 2 37 3 20 0
Coste: 53737

GENERACION: 173
Mejor Solucion:  18 16 44 22 23 35 13 25 21 8 4 9 34 7 47 30 12 17 45 5 10 19 40 43 15 6 49 11 36 27 1 32 31 28 48 38 33 24 46 29 39 41 14 26 42 2 37 3 20 0
Coste: 53737

GENERACION: 174
Mejor Solucion:  18 16 44 22 23 35 13 25 21 8 4 9 34 7 47 30 12 17 45 5 10 19 40 43 15 6 49 11 36 27 1 32 31 28 48 38 33 24 46 29 39 41 14 26 42 2 37 3 20 0
Coste: 53737

GENERACION: 175
Mejor Solucion:  18 16 44 22 23 35 13 25 21 8 4 9 34 7 47 30 12 17 45 5 10 19 40 43 15 6 49 11 36 27 1 32 31 28 48 38 33 24 46 29 39 41 14 26 42 2 37 3 20 0
Coste: 53737

GENERACION: 176
Mejor Solucion:  18 16 44 22 23 35 13 25 21 8 4 9 34 7 47 30 12 17 45 5 10 19 40 43 15 6 49 11 36 27 1 32 31 28 48 38 33 24 46 29 39 41 14 26 42 2 37 3 20 0
Coste: 53737

GENERACION: 177
Mejor Solucion:  18 16 44 22 23 35 13 25 21 8 4 9 34 7 47 30 12 17 45 5 10 19 40 43 15 6 49 11 36 27 1 32 31 28 48 38 33 24 46 29 39 41 14 26 42 2 37 3 20 0
Coste: 53737

GENERACION: 178
Mejor Solucion:  18 16 44 22 23 35 13 25 21 8 4 9 34 7 47 30 12 17 45 5 10 19 40 43 15 6 49 11 36 27 1 32 31 28 48 38 33 24 46 29 39 41 14 26 42 2 37 3 20 0
Coste: 53737

GENERACION: 179
Mejor Solucion:  18 16 44 22 23 35 13 25 21 8 4 9 34 7 47 30 12 17 45 5 10 19 40 43 15 6 49 11 36 27 1 32 31 28 48 38 33 24 46 29 39 41 14 26 42 2 37 3 20 0
Coste: 53737

GENERACION: 180
Mejor Solucion:  18 16 44 22 23 35 13 25 21 8 4 9 34 7 47 30 12 17 45 5 10 19 40 43 15 6 49 11 36 27 1 32 31 28 48 38 33 24 46 29 39 41 14 26 42 2 37 3 20 0
Coste: 53737

GENERACION: 181
Mejor Solucion:  18 16 44 22 23 35 13 25 21 8 4 9 34 7 47 30 12 17 45 5 10 19 40 43 15 6 49 11 36 27 1 32 31 28 48 38 33 24 46 29 39 41 14 26 42 2 37 3 20 0
Coste: 53737

GENERACION: 182
Mejor Solucion:  18 16 44 22 23 35 13 25 21 8 4 9 34 7 47 30 12 17 45 5 10 19 40 43 15 6 49 11 36 27 1 32 31 28 48 38 33 24 46 29 39 41 14 26 42 2 37 3 20 0
Coste: 53737

GENERACION: 183
Mejor Solucion:  18 16 44 22 23 35 13 25 21 8 4 9 34 7 47 30 12 17 45 5 10 19 40 43 15 6 49 11 36 27 1 32 31 28 48 38 33 24 46 29 39 41 14 26 42 2 37 3 20 0
Coste: 53737

GENERACION: 184
Mejor Solucion:  18 16 44 22 23 35 13 25 21 8 4 9 34 7 47 30 12 17 45 5 10 19 40 43 15 6 49 11 36 27 1 32 31 28 48 38 33 24 46 29 39 41 14 26 42 2 37 3 20 0
Coste: 53737

GENERACION: 185
Mejor Solucion:  18 16 44 22 23 35 13 25 21 8 4 9 34 7 47 30 12 17 45 5 10 19 40 43 15 6 49 11 36 27 1 32 31 28 48 38 33 24 46 29 39 41 14 26 42 2 37 3 20 0
Coste: 53737

GENERACION: 186
Mejor Solucion:  18 16 44 22 23 35 13 25 21 8 4 9 34 7 47 30 12 17 45 5 10 19 40 43 15 6 49 11 36 27 1 32 31 28 48 38 33 24 46 29 39 41 14 26 42 2 37 3 20 0
Coste: 53737

GENERACION: 187
Mejor Solucion:  18 16 44 22 23 35 13 25 21 8 4 9 34 7 47 30 12 17 45 5 10 19 40 43 15 6 49 11 36 27 1 32 31 28 48 38 33 24 46 29 39 41 14 26 42 2 37 3 20 0
Coste: 53737

GENERACION: 188
Mejor Solucion:  18 16 44 22 23 35 13 25 21 8 4 9 34 7 47 30 12 17 45 5 10 19 40 43 15 6 49 11 36 27 1 32 31 28 48 38 33 24 46 29 39 41 14 26 42 2 37 3 20 0
Coste: 53737

GENERACION: 189
Mejor Solucion:  18 16 44 22 23 35 13 25 21 8 4 9 34 7 47 30 12 17 45 5 10 19 40 43 15 6 49 11 36 27 1 32 31 28 48 38 33 24 46 29 39 41 14 26 42 2 37 3 20 0
Coste: 53737

GENERACION: 190
Mejor Solucion:  18 16 44 22 23 35 13 25 21 8 4 9 34 7 47 30 12 17 45 5 10 19 40 43 15 6 49 11 36 27 1 32 31 28 48 38 33 24 46 29 39 41 14 26 42 2 37 3 20 0
Coste: 53737

GENERACION: 191
Mejor Solucion:  18 16 44 22 23 35 13 25 21 8 4 9 34 7 47 30 12 17 45 5 10 19 40 43 15 6 49 11 36 27 1 32 31 28 48 38 33 24 46 29 39 41 14 26 42 2 37 3 20 0
Coste: 53737

GENERACION: 192
Mejor Solucion:  18 16 44 22 23 35 13 25 21 8 4 9 34 7 47 30 12 17 45 5 10 19 40 43 15 6 49 11 36 27 1 32 31 28 48 38 33 24 46 29 39 41 14 26 42 2 37 3 20 0
Coste: 53737

GENERACION: 193
Mejor Solucion:  18 16 44 22 23 35 13 25 21 8 4 9 34 7 47 30 12 17 45 5 10 19 40 43 15 6 49 11 36 27 1 32 31 28 48 38 33 24 46 29 39 41 14 26 42 2 37 3 20 0
Coste: 53737

GENERACION: 194
Mejor Solucion:  18 16 44 22 23 35 13 25 21 8 4 9 34 7 47 30 12 17 45 5 10 19 40 43 15 6 49 11 36 27 1 32 31 28 48 38 33 24 46 29 39 41 14 26 42 2 37 3 20 0
Coste: 53737

GENERACION: 195
Mejor Solucion:  18 16 44 22 23 35 13 25 21 8 4 9 34 7 47 30 12 17 45 5 10 19 40 43 15 6 49 11 36 27 1 32 31 28 48 38 33 24 46 29 39 41 14 26 42 2 37 3 20 0
Coste: 53737

GENERACION: 196
Mejor Solucion:  18 16 44 22 23 35 13 25 21 8 4 9 34 7 47 30 12 17 45 5 10 19 40 43 15 6 49 11 36 27 1 32 31 28 48 38 33 24 46 29 39 41 14 26 42 2 37 3 20 0
Coste: 53737

GENERACION: 197
Mejor Solucion:  18 16 44 22 23 35 13 25 21 8 4 9 34 7 47 30 12 17 45 5 10 19 40 43 15 6 49 11 36 27 1 32 31 28 48 38 33 24 46 29 39 41 14 26 42 2 37 3 20 0
Coste: 53737

GENERACION: 198
Mejor Solucion:  18 16 44 22 23 35 13 25 21 8 4 9 34 7 47 30 12 17 45 5 10 19 40 43 15 6 49 11 36 27 1 32 31 28 48 38 33 24 46 29 39 41 14 26 42 2 37 3 20 0
Coste: 53737

GENERACION: 199
Mejor Solucion:  18 16 44 22 23 35 13 25 21 8 4 9 34 7 47 30 12 17 45 5 10 19 40 43 15 6 49 11 36 27 1 32 31 28 48 38 33 24 46 29 39 41 14 26 42 2 37 3 20 0
Coste: 53737

GENERACION: 200
Mejor Solucion:  18 16 44 22 23 35 13 25 21 8 4 9 34 7 47 30 12 17 45 5 10 19 40 43 15 6 49 11 36 27 1 32 31 28 48 38 33 24 46 29 39 41 14 26 42 2 37 3 20 0
Coste: 53737

GENERACION: 201
Mejor Solucion:  18 16 44 22 23 35 13 25 21 8 4 9 34 7 47 30 12 17 45 5 10 19 40 43 15 6 49 11 36 27 1 32 31 28 48 38 33 24 46 29 39 41 14 26 42 2 37 3 20 0
Coste: 53737

GENERACION: 202
Mejor Solucion:  18 16 44 22 23 35 13 25 21 8 4 9 34 7 47 30 12 17 45 5 10 19 40 43 15 6 49 11 36 27 1 32 31 28 48 38 33 24 46 29 39 41 14 26 42 2 37 3 20 0
Coste: 53737

GENERACION: 203
Mejor Solucion:  18 16 44 22 23 35 13 25 21 8 4 9 34 7 47 30 12 17 45 5 10 19 40 43 15 6 49 11 36 27 1 32 31 28 48 38 33 24 46 29 39 41 14 26 42 2 37 3 20 0
Coste: 53737

GENERACION: 204
Mejor Solucion:  18 16 44 22 23 35 13 25 21 8 4 9 34 7 47 30 12 17 45 5 10 19 40 43 15 6 49 11 36 27 1 32 31 28 48 38 33 24 46 29 39 41 14 26 42 2 37 3 20 0
Coste: 53737

GENERACION: 205
Mejor Solucion:  18 16 44 22 23 35 13 25 21 8 4 9 34 7 47 30 12 17 45 5 10 19 40 43 15 6 49 11 36 27 1 32 31 28 48 38 33 24 46 29 39 41 14 26 42 2 37 3 20 0
Coste: 53737

GENERACION: 206
Mejor Solucion:  18 16 44 22 23 35 13 25 21 8 4 9 34 7 47 30 12 17 45 5 10 19 40 43 15 6 49 11 36 27 1 32 31 28 48 38 33 24 46 29 39 41 14 26 42 2 37 3 20 0
Coste: 53737

GENERACION: 207
Mejor Solucion:  18 16 44 22 23 35 13 25 21 8 4 9 34 7 47 30 12 17 45 5 10 19 40 43 15 6 49 11 36 27 1 32 31 28 48 38 33 24 46 29 39 41 14 26 42 2 37 3 20 0
Coste: 53737

GENERACION: 208
Mejor Solucion:  18 16 44 22 23 35 13 25 21 8 4 9 34 7 47 30 12 17 45 5 10 19 40 43 15 6 49 11 36 27 1 32 31 28 48 38 33 24 46 29 39 41 14 26 42 2 37 3 20 0
Coste: 53737

GENERACION: 209
Mejor Solucion:  18 16 44 22 23 35 13 25 21 8 4 9 34 7 47 30 12 17 45 5 10 19 40 43 15 6 49 11 36 27 1 32 31 28 48 38 33 24 46 29 39 41 14 26 42 2 37 3 20 0
Coste: 53737

GENERACION: 210
Mejor Solucion:  18 16 44 22 23 35 13 25 21 8 4 9 34 7 47 30 12 17 45 5 10 19 40 43 15 6 49 11 36 27 1 32 31 28 48 38 33 24 46 29 39 41 14 26 42 2 37 3 20 0
Coste: 53737

GENERACION: 211
Mejor Solucion:  18 16 44 22 23 35 13 25 21 8 4 9 34 7 47 30 12 17 45 5 10 19 40 43 15 6 49 11 36 27 1 32 31 28 48 38 33 24 46 29 39 41 14 26 42 2 37 3 20 0
Coste: 53737

GENERACION: 212
Mejor Solucion:  18 16 44 22 23 35 13 25 21 8 4 9 34 7 47 30 12 17 45 5 10 19 40 43 15 6 49 11 36 27 1 32 31 28 48 38 33 24 46 29 39 41 14 26 42 2 37 3 20 0
Coste: 53737

GENERACION: 213
Mejor Solucion:  18 16 44 22 23 35 13 25 21 8 4 9 34 7 47 30 12 17 45 5 10 19 40 43 15 6 49 11 36 27 1 32 31 28 48 38 33 24 46 29 39 41 14 26 42 2 37 3 20 0
Coste: 53737

GENERACION: 214
Mejor Solucion:  18 16 44 22 23 35 13 25 21 8 4 9 34 7 47 30 12 17 45 5 10 19 40 43 15 6 49 11 36 27 1 32 31 28 48 38 33 24 46 29 39 41 14 26 42 2 37 3 20 0
Coste: 53737

GENERACION: 215
Mejor Solucion:  18 16 44 22 23 35 13 25 21 8 4 9 34 7 47 30 12 17 45 5 10 19 40 43 15 6 49 11 36 27 1 32 31 28 48 38 33 24 46 29 39 41 14 26 42 2 37 3 20 0
Coste: 53737

GENERACION: 216
Mejor Solucion:  18 16 44 22 23 35 13 25 21 8 4 9 34 7 47 30 12 17 45 5 10 19 40 43 15 6 49 11 36 27 1 32 31 28 48 38 33 24 46 29 39 41 14 26 42 2 37 3 20 0
Coste: 53737

GENERACION: 217
Mejor Solucion:  18 16 44 22 23 35 13 25 21 8 4 9 34 7 47 30 12 17 45 5 10 19 40 43 15 6 49 11 36 27 1 32 31 28 48 38 33 24 46 29 39 41 14 26 42 2 37 3 20 0
Coste: 53737

GENERACION: 218
Mejor Solucion:  18 16 44 22 23 35 13 25 21 8 4 9 34 7 47 30 12 17 45 5 10 19 40 43 15 6 49 11 36 27 1 32 31 28 48 38 33 24 46 29 39 41 14 26 42 2 37 3 20 0
Coste: 53737

GENERACION: 219
Mejor Solucion:  18 16 44 22 23 35 13 25 21 8 4 9 34 7 47 30 12 17 45 5 10 19 40 43 15 6 49 11 36 27 1 32 31 28 48 38 33 24 46 29 39 41 14 26 42 2 37 3 20 0
Coste: 53737

GENERACION: 220
Mejor Solucion:  18 16 44 22 23 35 13 25 21 8 4 9 34 7 47 30 12 17 45 5 10 19 40 43 15 6 49 11 36 27 1 32 31 28 48 38 33 24 46 29 39 41 14 26 42 2 37 3 20 0
Coste: 53737

GENERACION: 221
Mejor Solucion:  18 16 44 22 23 35 13 25 21 8 4 9 34 7 47 30 12 17 45 5 10 19 40 43 15 6 49 11 36 27 1 32 31 28 48 38 33 24 46 29 39 41 14 26 42 2 37 3 20 0
Coste: 53737

GENERACION: 222
Mejor Solucion:  18 16 44 22 23 35 13 25 21 8 4 9 34 7 47 30 12 17 45 5 10 19 40 43 15 6 49 11 36 27 1 32 31 28 48 38 33 24 46 29 39 41 14 26 42 2 37 3 20 0
Coste: 53737

GENERACION: 223
Mejor Solucion:  18 16 44 22 23 35 13 25 21 8 4 9 34 7 47 30 12 17 45 5 10 19 40 43 15 6 49 11 36 27 1 32 31 28 48 38 33 24 46 29 39 41 14 26 42 2 37 3 20 0
Coste: 53737

GENERACION: 224
Mejor Solucion:  18 16 44 22 23 35 13 25 21 8 4 9 34 7 47 30 12 17 45 5 10 19 40 43 15 6 49 11 36 27 1 32 31 28 48 38 33 24 46 29 39 41 14 26 42 2 37 3 20 0
Coste: 53737

GENERACION: 225
Mejor Solucion:  18 16 44 22 23 35 13 25 21 8 4 9 34 7 47 30 12 17 45 5 10 19 40 43 15 6 49 11 36 27 1 32 31 28 48 38 33 24 46 29 39 41 14 26 42 2 37 3 20 0
Coste: 53737

GENERACION: 226
Mejor Solucion:  18 16 44 22 23 35 13 25 21 8 4 9 34 7 47 30 12 17 45 5 10 19 40 43 15 6 49 11 36 27 1 32 31 28 48 38 33 24 46 29 39 41 14 26 42 2 37 3 20 0
Coste: 53737

GENERACION: 227
Mejor Solucion:  18 16 44 22 23 35 13 25 21 8 4 9 34 7 47 30 12 17 45 5 10 19 40 43 15 6 49 11 36 27 1 32 31 28 48 38 33 24 46 29 39 41 14 26 42 2 37 3 20 0
Coste: 53737

GENERACION: 228
Mejor Solucion:  18 16 44 22 23 35 13 25 21 8 4 9 34 7 47 30 12 17 45 5 10 19 40 43 15 6 49 11 36 27 1 32 31 28 48 38 33 24 46 29 39 41 14 26 42 2 37 3 20 0
Coste: 53737

GENERACION: 229
Mejor Solucion:  18 16 44 22 23 35 13 25 21 8 4 9 34 7 47 30 12 17 45 5 10 19 40 43 15 6 49 11 36 27 1 32 31 28 48 38 33 24 46 29 39 41 14 26 42 2 37 3 20 0
Coste: 53737

GENERACION: 230
Mejor Solucion:  18 16 44 22 23 35 13 25 21 8 4 9 34 7 47 30 12 17 45 5 10 19 40 43 15 6 49 11 36 27 1 32 31 28 48 38 33 24 46 29 39 41 14 26 42 2 37 3 20 0
Coste: 53737

GENERACION: 231
Mejor Solucion:  18 16 44 22 23 35 13 25 21 8 4 9 34 7 47 30 12 17 45 5 10 19 40 43 15 6 49 11 36 27 1 32 31 28 48 38 33 24 46 29 39 41 14 26 42 2 37 3 20 0
Coste: 53737

GENERACION: 232
Mejor Solucion:  18 16 44 22 23 35 13 25 21 8 4 9 34 7 47 30 12 17 45 5 10 19 40 43 15 6 49 11 36 27 1 32 31 28 48 38 33 24 46 29 39 41 14 26 42 2 37 3 20 0
Coste: 53737

GENERACION: 233
Mejor Solucion:  18 16 44 22 23 35 13 25 21 8 4 9 34 7 47 30 12 17 45 5 10 19 40 43 15 6 49 11 36 27 1 32 31 28 48 38 33 24 46 29 39 41 14 26 42 2 37 3 20 0
Coste: 53737

GENERACION: 234
Mejor Solucion:  18 16 44 22 23 35 13 25 21 8 4 9 34 7 47 30 12 17 45 5 10 19 40 43 15 6 49 11 36 27 1 32 31 28 48 38 33 24 46 29 39 41 14 26 42 2 37 3 20 0
Coste: 53737

GENERACION: 235
Mejor Solucion:  18 16 44 22 23 35 13 25 21 8 4 9 34 7 47 30 12 17 45 5 10 19 40 43 15 6 49 11 36 27 1 32 31 28 48 38 33 24 46 29 39 41 14 26 42 2 37 3 20 0
Coste: 53737

GENERACION: 236
Mejor Solucion:  18 16 44 22 23 35 13 25 21 8 4 9 34 7 47 30 12 17 45 5 10 19 40 43 15 6 49 11 36 27 1 32 31 28 48 38 33 24 46 29 39 41 14 26 42 2 37 3 20 0
Coste: 53737

GENERACION: 237
Mejor Solucion:  18 16 44 22 23 35 13 25 21 8 4 9 34 7 47 30 12 17 45 5 10 19 40 43 15 6 49 11 36 27 1 32 31 28 48 38 33 24 46 29 39 41 14 26 42 2 37 3 20 0
Coste: 53737

GENERACION: 238
Mejor Solucion:  18 16 44 22 23 35 13 25 21 8 4 9 34 7 47 30 12 17 45 5 10 19 40 43 15 6 49 11 36 27 1 32 31 28 48 38 33 24 46 29 39 41 14 26 42 2 37 3 20 0
Coste: 53737

GENERACION: 239
Mejor Solucion:  18 16 44 22 23 35 13 25 21 8 4 9 34 7 47 30 12 17 45 5 10 19 40 43 15 6 49 11 36 27 1 32 31 28 48 38 33 24 46 29 39 41 14 26 42 2 37 3 20 0
Coste: 53737

GENERACION: 240
Mejor Solucion:  18 16 44 22 23 35 13 25 21 8 4 9 34 7 47 30 12 17 45 5 10 19 40 43 15 6 49 11 36 27 1 32 31 28 48 38 33 24 46 29 39 41 14 26 42 2 37 3 20 0
Coste: 53737

GENERACION: 241
Mejor Solucion:  18 16 44 22 23 35 13 25 21 8 4 9 34 7 47 30 12 17 45 5 10 19 40 43 15 6 49 11 36 27 1 32 31 28 48 38 33 24 46 29 39 41 14 26 42 2 37 3 20 0
Coste: 53737

GENERACION: 242
Mejor Solucion:  18 16 44 22 23 35 13 25 21 8 4 9 34 7 47 30 12 17 45 5 10 19 40 43 15 6 49 11 36 27 1 32 31 28 48 38 33 24 46 29 39 41 14 26 42 2 37 3 20 0
Coste: 53737

GENERACION: 243
Mejor Solucion:  18 16 44 22 23 35 13 25 21 8 4 9 34 7 47 30 12 17 45 5 10 19 40 43 15 6 49 11 36 27 1 32 31 28 48 38 33 24 46 29 39 41 14 26 42 2 37 3 20 0
Coste: 53737

GENERACION: 244
Mejor Solucion:  18 16 44 22 23 35 13 25 21 8 4 9 34 7 47 30 12 17 45 5 10 19 40 43 15 6 49 11 36 27 1 32 31 28 48 38 33 24 46 29 39 41 14 26 42 2 37 3 20 0
Coste: 53737

GENERACION: 245
Mejor Solucion:  18 16 44 22 23 35 13 25 21 8 4 9 34 7 47 30 12 17 45 5 10 19 40 43 15 6 49 11 36 27 1 32 31 28 48 38 33 24 46 29 39 41 14 26 42 2 37 3 20 0
Coste: 53737

GENERACION: 246
Mejor Solucion:  18 16 44 22 23 35 13 25 21 8 4 9 34 7 47 30 12 17 45 5 10 19 40 43 15 6 49 11 36 27 1 32 31 28 48 38 33 24 46 29 39 41 14 26 42 2 37 3 20 0
Coste: 53737

GENERACION: 247
Mejor Solucion:  18 16 44 22 23 35 13 25 21 8 4 9 34 7 47 30 12 17 45 5 10 19 40 43 15 6 49 11 36 27 1 32 31 28 48 38 33 24 46 29 39 41 14 26 42 2 37 3 20 0
Coste: 53737

GENERACION: 248
Mejor Solucion:  18 16 44 22 23 35 13 25 21 8 4 9 34 7 47 30 12 17 45 5 10 19 40 43 15 6 49 11 36 27 1 32 31 28 48 38 33 24 46 29 39 41 14 26 42 2 37 3 20 0
Coste: 53737

GENERACION: 249
Mejor Solucion:  18 16 44 22 23 35 13 25 21 8 4 9 34 7 47 30 12 17 45 5 10 19 40 43 15 6 49 11 36 27 1 32 31 28 48 38 33 24 46 29 39 41 14 26 42 2 37 3 20 0
Coste: 53737

GENERACION: 250
Mejor Solucion:  18 16 44 22 23 35 13 25 21 8 4 9 34 7 47 30 12 17 45 5 10 19 40 43 15 6 49 11 36 27 1 32 31 28 48 38 33 24 46 29 39 41 14 26 42 2 37 3 20 0
Coste: 53737

GENERACION: 251
Mejor Solucion:  18 16 44 22 23 35 13 25 21 8 4 9 34 7 47 30 12 17 45 5 10 19 40 43 15 6 49 11 36 27 1 32 31 28 48 38 33 24 46 29 39 41 14 26 42 2 37 3 20 0
Coste: 53737

GENERACION: 252
Mejor Solucion:  18 16 44 22 23 35 13 25 21 8 4 9 34 7 47 30 12 17 45 5 10 19 40 43 15 6 49 11 36 27 1 32 31 28 48 38 33 24 46 29 39 41 14 26 42 2 37 3 20 0
Coste: 53737

GENERACION: 253
Mejor Solucion:  18 16 44 22 23 35 13 25 21 8 4 9 34 7 47 30 12 17 45 5 10 19 40 43 15 6 49 11 36 27 1 32 31 28 48 38 33 24 46 29 39 41 14 26 42 2 37 3 20 0
Coste: 53737

GENERACION: 254
Mejor Solucion:  18 16 44 22 23 35 13 25 21 8 4 9 34 7 47 30 12 17 45 5 10 19 40 43 15 6 49 11 36 27 1 32 31 28 48 38 33 24 46 29 39 41 14 26 42 2 37 3 20 0
Coste: 53737

GENERACION: 255
Mejor Solucion:  18 16 44 22 23 35 13 25 21 8 4 9 34 7 47 30 12 17 45 5 10 19 40 43 15 6 49 11 36 27 1 32 31 28 48 38 33 24 46 29 39 41 14 26 42 2 37 3 20 0
Coste: 53737

GENERACION: 256
Mejor Solucion:  18 16 44 22 23 35 13 25 21 8 4 9 34 7 47 30 12 17 45 5 10 19 40 43 15 6 49 11 36 27 1 32 31 28 48 38 33 24 46 29 39 41 14 26 42 2 37 3 20 0
Coste: 53737

GENERACION: 257
Mejor Solucion:  18 16 44 22 23 35 13 25 21 8 4 9 34 7 47 30 12 17 45 5 10 19 40 43 15 6 49 11 36 27 1 32 31 28 48 38 33 24 46 29 39 41 14 26 42 2 37 3 20 0
Coste: 53737

GENERACION: 258
Mejor Solucion:  18 16 44 22 23 35 13 25 21 8 4 9 34 7 47 30 12 17 45 5 10 19 40 43 15 6 49 11 36 27 1 32 31 28 48 38 33 24 46 29 39 41 14 26 42 2 37 3 20 0
Coste: 53737

GENERACION: 259
Mejor Solucion:  18 16 44 22 23 35 13 25 21 8 4 9 34 7 47 30 12 17 45 5 10 19 40 43 15 6 49 11 36 27 1 32 31 28 48 38 33 24 46 29 39 41 14 26 42 2 37 3 20 0
Coste: 53737

GENERACION: 260
Mejor Solucion:  18 16 44 22 23 35 13 25 21 8 4 9 34 7 47 30 12 17 45 5 10 19 40 43 15 6 49 11 36 27 1 32 31 28 48 38 33 24 46 29 39 41 14 26 42 2 37 3 20 0
Coste: 53737

GENERACION: 261
Mejor Solucion:  18 16 44 22 23 35 13 25 21 8 4 9 34 7 47 30 12 17 45 5 10 19 40 43 15 6 49 11 36 27 1 32 31 28 48 38 33 24 46 29 39 41 14 26 42 2 37 3 20 0
Coste: 53737

GENERACION: 262
Mejor Solucion:  18 16 44 22 23 35 13 25 21 8 4 9 34 7 47 30 12 17 45 5 10 19 40 43 15 6 49 11 36 27 1 32 31 28 48 38 33 24 46 29 39 41 14 26 42 2 37 3 20 0
Coste: 53737

GENERACION: 263
Mejor Solucion:  18 16 44 22 23 35 13 25 21 8 4 9 34 7 47 30 12 17 45 5 10 19 40 43 15 6 49 11 36 27 1 32 31 28 48 38 33 24 46 29 39 41 14 26 42 2 37 3 20 0
Coste: 53737

GENERACION: 264
Mejor Solucion:  18 16 44 22 23 35 13 25 21 8 4 9 34 7 47 30 12 17 45 5 10 19 40 43 15 6 49 11 36 27 1 32 31 28 48 38 33 24 46 29 39 41 14 26 42 2 37 3 20 0
Coste: 53737

GENERACION: 265
Mejor Solucion:  18 16 44 22 23 35 13 25 21 8 4 9 34 7 47 30 12 17 45 5 10 19 40 43 15 6 49 11 36 27 1 32 31 28 48 38 33 24 46 29 39 41 14 26 42 2 37 3 20 0
Coste: 53737

GENERACION: 266
Mejor Solucion:  18 16 44 22 23 35 13 25 21 8 4 9 34 7 47 30 12 17 45 5 10 19 40 43 15 6 49 11 36 27 1 32 31 28 48 38 33 24 46 29 39 41 14 26 42 2 37 3 20 0
Coste: 53737

GENERACION: 267
Mejor Solucion:  18 16 44 22 23 35 13 25 21 8 4 9 34 7 47 30 12 17 45 5 10 19 40 43 15 6 49 11 36 27 1 32 31 28 48 38 33 24 46 29 39 41 14 26 42 2 37 3 20 0
Coste: 53737

GENERACION: 268
Mejor Solucion:  18 16 44 22 23 35 13 25 21 8 4 9 34 7 47 30 12 17 45 5 10 19 40 43 15 6 49 11 36 27 1 32 31 28 48 38 33 24 46 29 39 41 14 26 42 2 37 3 20 0
Coste: 53737

GENERACION: 269
Mejor Solucion:  18 16 44 22 23 35 13 25 21 8 4 9 34 7 47 30 12 17 45 5 10 19 40 43 15 6 49 11 36 27 1 32 31 28 48 38 33 24 46 29 39 41 14 26 42 2 37 3 20 0
Coste: 53737

GENERACION: 270
Mejor Solucion:  18 16 44 22 23 35 13 25 21 8 4 9 34 7 47 30 12 17 45 5 10 19 40 43 15 6 49 11 36 27 1 32 31 28 48 38 33 24 46 29 39 41 14 26 42 2 37 3 20 0
Coste: 53737

GENERACION: 271
Mejor Solucion:  18 16 44 22 23 35 13 25 21 8 4 9 34 7 47 30 12 17 45 5 10 19 40 43 15 6 49 11 36 27 1 32 31 28 48 38 33 24 46 29 39 41 14 26 42 2 37 3 20 0
Coste: 53737

GENERACION: 272
Mejor Solucion:  18 16 44 22 23 35 13 25 21 8 4 9 34 7 47 30 12 17 45 5 10 19 40 43 15 6 49 11 36 27 1 32 31 28 48 38 33 24 46 29 39 41 14 26 42 2 37 3 20 0
Coste: 53737

GENERACION: 273
Mejor Solucion:  18 16 44 22 23 35 13 25 21 8 4 9 34 7 47 30 12 17 45 5 10 19 40 43 15 6 49 11 36 27 1 32 31 28 48 38 33 24 46 29 39 41 14 26 42 2 37 3 20 0
Coste: 53737

GENERACION: 274
Mejor Solucion:  18 16 44 22 23 35 13 25 21 8 4 9 34 7 47 30 12 17 45 5 10 19 40 43 15 6 49 11 36 27 1 32 31 28 48 38 33 24 46 29 39 41 14 26 42 2 37 3 20 0
Coste: 53737

GENERACION: 275
Mejor Solucion:  18 16 44 22 23 35 13 25 21 8 4 9 34 7 47 30 12 17 45 5 10 19 40 43 15 6 49 11 36 27 1 32 31 28 48 38 33 24 46 29 39 41 14 26 42 2 37 3 20 0
Coste: 53737

GENERACION: 276
Mejor Solucion:  18 16 44 22 23 35 13 25 21 8 4 9 34 7 47 30 12 17 45 5 10 19 40 43 15 6 49 11 36 27 1 32 31 28 48 38 33 24 46 29 39 41 14 26 42 2 37 3 20 0
Coste: 53737

GENERACION: 277
Mejor Solucion:  18 16 44 22 23 35 13 25 21 8 4 9 34 7 47 30 12 17 45 5 10 19 40 43 15 6 49 11 36 27 1 32 31 28 48 38 33 24 46 29 39 41 14 26 42 2 37 3 20 0
Coste: 53737

GENERACION: 278
Mejor Solucion:  18 16 44 22 23 35 13 25 21 8 4 9 34 7 47 30 12 17 45 5 10 19 40 43 15 6 49 11 36 27 1 32 31 28 48 38 33 24 46 29 39 41 14 26 42 2 37 3 20 0
Coste: 53737

GENERACION: 279
Mejor Solucion:  18 16 44 22 23 35 13 25 21 8 4 9 34 7 47 30 12 17 45 5 10 19 40 43 15 6 49 11 36 27 1 32 31 28 48 38 33 24 46 29 39 41 14 26 42 2 37 3 20 0
Coste: 53737

GENERACION: 280
Mejor Solucion:  18 16 44 22 23 35 13 25 21 8 4 9 34 7 47 30 12 17 45 5 10 19 40 43 15 6 49 11 36 27 1 32 31 28 48 38 33 24 46 29 39 41 14 26 42 2 37 3 20 0
Coste: 53737

GENERACION: 281
Mejor Solucion:  18 16 44 22 23 35 13 25 21 8 4 9 34 7 47 30 12 17 45 5 10 19 40 43 15 6 49 11 36 27 1 32 31 28 48 38 33 24 46 29 39 41 14 26 42 2 37 3 20 0
Coste: 53737

GENERACION: 282
Mejor Solucion:  18 16 44 22 23 35 13 25 21 8 4 9 34 7 47 30 12 17 45 5 10 19 40 43 15 6 49 11 36 27 1 32 31 28 48 38 33 24 46 29 39 41 14 26 42 2 37 3 20 0
Coste: 53737

GENERACION: 283
Mejor Solucion:  18 16 44 22 23 35 13 25 21 8 4 9 34 7 47 30 12 17 45 5 10 19 40 43 15 6 49 11 36 27 1 32 31 28 48 38 33 24 46 29 39 41 14 26 42 2 37 3 20 0
Coste: 53737

GENERACION: 284
Mejor Solucion:  18 16 44 22 23 35 13 25 21 8 4 9 34 7 47 30 12 17 45 5 10 19 40 43 15 6 49 11 36 27 1 32 31 28 48 38 33 24 46 29 39 41 14 26 42 2 37 3 20 0
Coste: 53737

GENERACION: 285
Mejor Solucion:  18 16 44 22 23 35 13 25 21 8 4 9 34 7 47 30 12 17 45 5 10 19 40 43 15 6 49 11 36 27 1 32 31 28 48 38 33 24 46 29 39 41 14 26 42 2 37 3 20 0
Coste: 53737

GENERACION: 286
Mejor Solucion:  18 16 44 22 23 35 13 25 21 8 4 9 34 7 47 30 12 17 45 5 10 19 40 43 15 6 49 11 36 27 1 32 31 28 48 38 33 24 46 29 39 41 14 26 42 2 37 3 20 0
Coste: 53737

GENERACION: 287
Mejor Solucion:  18 16 44 22 23 35 13 25 21 8 4 9 34 7 47 30 12 17 45 5 10 19 40 43 15 6 49 11 36 27 1 32 31 28 48 38 33 24 46 29 39 41 14 26 42 2 37 3 20 0
Coste: 53737

GENERACION: 288
Mejor Solucion:  18 16 44 22 23 35 13 25 21 8 4 9 34 7 47 30 12 17 45 5 10 19 40 43 15 6 49 11 36 27 1 32 31 28 48 38 33 24 46 29 39 41 14 26 42 2 37 3 20 0
Coste: 53737

GENERACION: 289
Mejor Solucion:  18 16 44 22 23 35 13 25 21 8 4 9 34 7 47 30 12 17 45 5 10 19 40 43 15 6 49 11 36 27 1 32 31 28 48 38 33 24 46 29 39 41 14 26 42 2 37 3 20 0
Coste: 53737

GENERACION: 290
Mejor Solucion:  18 16 44 22 23 35 13 25 21 8 4 9 34 7 47 30 12 17 45 5 10 19 40 43 15 6 49 11 36 27 1 32 31 28 48 38 33 24 46 29 39 41 14 26 42 2 37 3 20 0
Coste: 53737

GENERACION: 291
Mejor Solucion:  18 16 44 22 23 35 13 25 21 8 4 9 34 7 47 30 12 17 45 5 10 19 40 43 15 6 49 11 36 27 1 32 31 28 48 38 33 24 46 29 39 41 14 26 42 2 37 3 20 0
Coste: 53737

GENERACION: 292
Mejor Solucion:  18 16 44 22 23 35 13 25 21 8 4 9 34 7 47 30 12 17 45 5 10 19 40 43 15 6 49 11 36 27 1 32 31 28 48 38 33 24 46 29 39 41 14 26 42 2 37 3 20 0
Coste: 53737

GENERACION: 293
Mejor Solucion:  18 16 44 22 23 35 13 25 21 8 4 9 34 7 47 30 12 17 45 5 10 19 40 43 15 6 49 11 36 27 1 32 31 28 48 38 33 24 46 29 39 41 14 26 42 2 37 3 20 0
Coste: 53737

GENERACION: 294
Mejor Solucion:  18 16 44 22 23 35 13 25 21 8 4 9 34 7 47 30 12 17 45 5 10 19 40 43 15 6 49 11 36 27 1 32 31 28 48 38 33 24 46 29 39 41 14 26 42 2 37 3 20 0
Coste: 53737

GENERACION: 295
Mejor Solucion:  18 16 44 22 23 35 13 25 21 8 4 9 34 7 47 30 12 17 45 5 10 19 40 43 15 6 49 11 36 27 1 32 31 28 48 38 33 24 46 29 39 41 14 26 42 2 37 3 20 0
Coste: 53737

GENERACION: 296
Mejor Solucion:  18 16 44 22 23 35 13 25 21 8 4 9 34 7 47 30 12 17 45 5 10 19 40 43 15 6 49 11 36 27 1 32 31 28 48 38 33 24 46 29 39 41 14 26 42 2 37 3 20 0
Coste: 53737

GENERACION: 297
Mejor Solucion:  18 16 44 22 23 35 13 25 21 8 4 9 34 7 47 30 12 17 45 5 10 19 40 43 15 6 49 11 36 27 1 32 31 28 48 38 33 24 46 29 39 41 14 26 42 2 37 3 20 0
Coste: 53737

GENERACION: 298
Mejor Solucion:  18 16 44 22 23 35 13 25 21 8 4 9 34 7 47 30 12 17 45 5 10 19 40 43 15 6 49 11 36 27 1 32 31 28 48 38 33 24 46 29 39 41 14 26 42 2 37 3 20 0
Coste: 53737

GENERACION: 299
Mejor Solucion:  18 16 44 22 23 35 13 25 21 8 4 9 34 7 47 30 12 17 45 5 10 19 40 43 15 6 49 11 36 27 1 32 31 28 48 38 33 24 46 29 39 41 14 26 42 2 37 3 20 0
Coste: 53737

GENERACION: 300
Mejor Solucion:  18 16 44 22 23 35 13 25 21 8 4 9 34 7 47 30 12 17 45 5 10 19 40 43 15 6 49 11 36 27 1 32 31 28 48 38 33 24 46 29 39 41 14 26 42 2 37 3 20 0
Coste: 53737

GENERACION: 301
Mejor Solucion:  18 16 44 22 23 35 13 25 21 8 4 9 34 7 47 30 12 17 45 5 10 19 40 43 15 6 49 11 36 27 1 32 31 28 48 38 33 24 46 29 39 41 14 26 42 2 37 3 20 0
Coste: 53737

GENERACION: 302
Mejor Solucion:  18 16 44 22 23 35 13 25 21 8 4 9 34 7 47 30 12 17 45 5 10 19 40 43 15 6 49 11 36 27 1 32 31 28 48 38 33 24 46 29 39 41 14 26 42 2 37 3 20 0
Coste: 53737

GENERACION: 303
Mejor Solucion:  18 16 44 22 23 35 13 25 21 8 4 9 34 7 47 30 12 17 45 5 10 19 40 43 15 6 49 11 36 27 1 32 31 28 48 38 33 24 46 29 39 41 14 26 42 2 37 3 20 0
Coste: 53737

GENERACION: 304
Mejor Solucion:  18 16 44 22 23 35 13 25 21 8 4 9 34 7 47 30 12 17 45 5 10 19 40 43 15 6 49 11 36 27 1 32 31 28 48 38 33 24 46 29 39 41 14 26 42 2 37 3 20 0
Coste: 53737

GENERACION: 305
Mejor Solucion:  18 16 44 22 23 35 13 25 21 8 4 9 34 7 47 30 12 17 45 5 10 19 40 43 15 6 49 11 36 27 1 32 31 28 48 38 33 24 46 29 39 41 14 26 42 2 37 3 20 0
Coste: 53737

GENERACION: 306
Mejor Solucion:  18 16 44 22 23 35 13 25 21 8 4 9 34 7 47 30 12 17 45 5 10 19 40 43 15 6 49 11 36 27 1 32 31 28 48 38 33 24 46 29 39 41 14 26 42 2 37 3 20 0
Coste: 53737

GENERACION: 307
Mejor Solucion:  18 16 44 22 23 35 13 25 21 8 4 9 34 7 47 30 12 17 45 5 10 19 40 43 15 6 49 11 36 27 1 32 31 28 48 38 33 24 46 29 39 41 14 26 42 2 37 3 20 0
Coste: 53737

GENERACION: 308
Mejor Solucion:  18 16 44 22 23 35 13 25 21 8 4 9 34 7 47 30 12 17 45 5 10 19 40 43 15 6 49 11 36 27 1 32 31 28 48 38 33 24 46 29 39 41 14 26 42 2 37 3 20 0
Coste: 53737

GENERACION: 309
Mejor Solucion:  18 16 44 22 23 35 13 25 21 8 4 9 34 7 47 30 12 17 45 5 10 19 40 43 15 6 49 11 36 27 1 32 31 28 48 38 33 24 46 29 39 41 14 26 42 2 37 3 20 0
Coste: 53737

GENERACION: 310
Mejor Solucion:  18 16 44 22 23 35 13 25 21 8 4 9 34 7 47 30 12 17 45 5 10 19 40 43 15 6 49 11 36 27 1 32 31 28 48 38 33 24 46 29 39 41 14 26 42 2 37 3 20 0
Coste: 53737

GENERACION: 311
Mejor Solucion:  18 16 44 22 23 35 13 25 21 8 4 9 34 7 47 30 12 17 45 5 10 19 40 43 15 6 49 11 36 27 1 32 31 28 48 38 33 24 46 29 39 41 14 26 42 2 37 3 20 0
Coste: 53737

GENERACION: 312
Mejor Solucion:  18 16 44 22 23 35 13 25 21 8 4 9 34 7 47 30 12 17 45 5 10 19 40 43 15 6 49 11 36 27 1 32 31 28 48 38 33 24 46 29 39 41 14 26 42 2 37 3 20 0
Coste: 53737

GENERACION: 313
Mejor Solucion:  18 16 44 22 23 35 13 25 21 8 4 9 34 7 47 30 12 17 45 5 10 19 40 43 15 6 49 11 36 27 1 32 31 28 48 38 33 24 46 29 39 41 14 26 42 2 37 3 20 0
Coste: 53737

GENERACION: 314
Mejor Solucion:  18 16 44 22 23 35 13 25 21 8 4 9 34 7 47 30 12 17 45 5 10 19 40 43 15 6 49 11 36 27 1 32 31 28 48 38 33 24 46 29 39 41 14 26 42 2 37 3 20 0
Coste: 53737

GENERACION: 315
Mejor Solucion:  18 16 44 22 23 35 13 25 21 8 4 9 34 7 47 30 12 17 45 5 10 19 40 43 15 6 49 11 36 27 1 32 31 28 48 38 33 24 46 29 39 41 14 26 42 2 37 3 20 0
Coste: 53737

GENERACION: 316
Mejor Solucion:  18 16 44 22 23 35 13 25 21 8 4 9 34 7 47 30 12 17 45 5 10 19 40 43 15 6 49 11 36 27 1 32 31 28 48 38 33 24 46 29 39 41 14 26 42 2 37 3 20 0
Coste: 53737

GENERACION: 317
Mejor Solucion:  18 16 44 22 23 35 13 25 21 8 4 9 34 7 47 30 12 17 45 5 10 19 40 43 15 6 49 11 36 27 1 32 31 28 48 38 33 24 46 29 39 41 14 26 42 2 37 3 20 0
Coste: 53737

GENERACION: 318
Mejor Solucion:  18 16 44 22 23 35 13 25 21 8 4 9 34 7 47 30 12 17 45 5 10 19 40 43 15 6 49 11 36 27 1 32 31 28 48 38 33 24 46 29 39 41 14 26 42 2 37 3 20 0
Coste: 53737

GENERACION: 319
Mejor Solucion:  18 16 44 22 23 35 13 25 21 8 4 9 34 7 47 30 12 17 45 5 10 19 40 43 15 6 49 11 36 27 1 32 31 28 48 38 33 24 46 29 39 41 14 26 42 2 37 3 20 0
Coste: 53737

GENERACION: 320
Mejor Solucion:  18 16 44 22 23 35 13 25 21 8 4 9 34 7 47 30 12 17 45 5 10 19 40 43 15 6 49 11 36 27 1 32 31 28 48 38 33 24 46 29 39 41 14 26 42 2 37 3 20 0
Coste: 53737

GENERACION: 321
Mejor Solucion:  18 16 44 22 23 35 13 25 21 8 4 9 34 7 47 30 12 17 45 5 10 19 40 43 15 6 49 11 36 27 1 32 31 28 48 38 33 24 46 29 39 41 14 26 42 2 37 3 20 0
Coste: 53737

GENERACION: 322
Mejor Solucion:  18 16 44 22 23 35 13 25 21 8 4 9 34 7 47 30 12 17 45 5 10 19 40 43 15 6 49 11 36 27 1 32 31 28 48 38 33 24 46 29 39 41 14 26 42 2 37 3 20 0
Coste: 53737

GENERACION: 323
Mejor Solucion:  18 16 44 22 23 35 13 25 21 8 4 9 34 7 47 30 12 17 45 5 10 19 40 43 15 6 49 11 36 27 1 32 31 28 48 38 33 24 46 29 39 41 14 26 42 2 37 3 20 0
Coste: 53737

GENERACION: 324
Mejor Solucion:  18 16 44 22 23 35 13 25 21 8 4 9 34 7 47 30 12 17 45 5 10 19 40 43 15 6 49 11 36 27 1 32 31 28 48 38 33 24 46 29 39 41 14 26 42 2 37 3 20 0
Coste: 53737

GENERACION: 325
Mejor Solucion:  18 16 44 22 23 35 13 25 21 8 4 9 34 7 47 30 12 17 45 5 10 19 40 43 15 6 49 11 36 27 1 32 31 28 48 38 33 24 46 29 39 41 14 26 42 2 37 3 20 0
Coste: 53737

GENERACION: 326
Mejor Solucion:  18 16 44 22 23 35 13 25 21 8 4 9 34 7 47 30 12 17 45 5 10 19 40 43 15 6 49 11 36 27 1 32 31 28 48 38 33 24 46 29 39 41 14 26 42 2 37 3 20 0
Coste: 53737

GENERACION: 327
Mejor Solucion:  18 16 44 22 23 35 13 25 21 8 4 9 34 7 47 30 12 17 45 5 10 19 40 43 15 6 49 11 36 27 1 32 31 28 48 38 33 24 46 29 39 41 14 26 42 2 37 3 20 0
Coste: 53737

GENERACION: 328
Mejor Solucion:  18 16 44 22 23 35 13 25 21 8 4 9 34 7 47 30 12 17 45 5 10 19 40 43 15 6 49 11 36 27 1 32 31 28 48 38 33 24 46 29 39 41 14 26 42 2 37 3 20 0
Coste: 53737

GENERACION: 329
Mejor Solucion:  18 16 44 22 23 35 13 25 21 8 4 9 34 7 47 30 12 17 45 5 10 19 40 43 15 6 49 11 36 27 1 32 31 28 48 38 33 24 46 29 39 41 14 26 42 2 37 3 20 0
Coste: 53737

GENERACION: 330
Mejor Solucion:  18 16 44 22 23 35 13 25 21 8 4 9 34 7 47 30 12 17 45 5 10 19 40 43 15 6 49 11 36 27 1 32 31 28 48 38 33 24 46 29 39 41 14 26 42 2 37 3 20 0
Coste: 53737

GENERACION: 331
Mejor Solucion:  18 16 44 22 23 35 13 25 21 8 4 9 34 7 47 30 12 17 45 5 10 19 40 43 15 6 49 11 36 27 1 32 31 28 48 38 33 24 46 29 39 41 14 26 42 2 37 3 20 0
Coste: 53737

GENERACION: 332
Mejor Solucion:  18 16 44 22 23 35 13 25 21 8 4 9 34 7 47 30 12 17 45 5 10 19 40 43 15 6 49 11 36 27 1 32 31 28 48 38 33 24 46 29 39 41 14 26 42 2 37 3 20 0
Coste: 53737

GENERACION: 333
Mejor Solucion:  18 16 44 22 23 35 13 25 21 8 4 9 34 7 47 30 12 17 45 5 10 19 40 43 15 6 49 11 36 27 1 32 31 28 48 38 33 24 46 29 39 41 14 26 42 2 37 3 20 0
Coste: 53737

GENERACION: 334
Mejor Solucion:  18 16 44 22 23 35 13 25 21 8 4 9 34 7 47 30 12 17 45 5 10 19 40 43 15 6 49 11 36 27 1 32 31 28 48 38 33 24 46 29 39 41 14 26 42 2 37 3 20 0
Coste: 53737

GENERACION: 335
Mejor Solucion:  18 16 44 22 23 35 13 25 21 8 4 9 34 7 47 30 12 17 45 5 10 19 40 43 15 6 49 11 36 27 1 32 31 28 48 38 33 24 46 29 39 41 14 26 42 2 37 3 20 0
Coste: 53737

GENERACION: 336
Mejor Solucion:  18 16 44 22 23 35 13 25 21 8 4 9 34 7 47 30 12 17 45 5 10 19 40 43 15 6 49 11 36 27 1 32 31 28 48 38 33 24 46 29 39 41 14 26 42 2 37 3 20 0
Coste: 53737

GENERACION: 337
Mejor Solucion:  18 16 44 22 23 35 13 25 21 8 4 9 34 7 47 30 12 17 45 5 10 19 40 43 15 6 49 11 36 27 1 32 31 28 48 38 33 24 46 29 39 41 14 26 42 2 37 3 20 0
Coste: 53737

GENERACION: 338
Mejor Solucion:  18 16 44 22 23 35 13 25 21 8 4 9 34 7 47 30 12 17 45 5 10 19 40 43 15 6 49 11 36 27 1 32 31 28 48 38 33 24 46 29 39 41 14 26 42 2 37 3 20 0
Coste: 53737

GENERACION: 339
Mejor Solucion:  18 16 44 22 23 35 13 25 21 8 4 9 34 7 47 30 12 17 45 5 10 19 40 43 15 6 49 11 36 27 1 32 31 28 48 38 33 24 46 29 39 41 14 26 42 2 37 3 20 0
Coste: 53737

GENERACION: 340
Mejor Solucion:  18 16 44 22 23 35 13 25 21 8 4 9 34 7 47 30 12 17 45 5 10 19 40 43 15 6 49 11 36 27 1 32 31 28 48 38 33 24 46 29 39 41 14 26 42 2 37 3 20 0
Coste: 53737

GENERACION: 341
Mejor Solucion:  18 16 44 22 23 35 13 25 21 8 4 9 34 7 47 30 12 17 45 5 10 19 40 43 15 6 49 11 36 27 1 32 31 28 48 38 33 24 46 29 39 41 14 26 42 2 37 3 20 0
Coste: 53737

GENERACION: 342
Mejor Solucion:  18 16 44 22 23 35 13 25 21 8 4 9 34 7 47 30 12 17 45 5 10 19 40 43 15 6 49 11 36 27 1 32 31 28 48 38 33 24 46 29 39 41 14 26 42 2 37 3 20 0
Coste: 53737

GENERACION: 343
Mejor Solucion:  18 16 44 22 23 35 13 25 21 8 4 9 34 7 47 30 12 17 45 5 10 19 40 43 15 6 49 11 36 27 1 32 31 28 48 38 33 24 46 29 39 41 14 26 42 2 37 3 20 0
Coste: 53737

GENERACION: 344
Mejor Solucion:  18 16 44 22 23 35 13 25 21 8 4 9 34 7 47 30 12 17 45 5 10 19 40 43 15 6 49 11 36 27 1 32 31 28 48 38 33 24 46 29 39 41 14 26 42 2 37 3 20 0
Coste: 53737

GENERACION: 345
Mejor Solucion:  18 16 44 22 23 35 13 25 21 8 4 9 34 7 47 30 12 17 45 5 10 19 40 43 15 6 49 11 36 27 1 32 31 28 48 38 33 24 46 29 39 41 14 26 42 2 37 3 20 0
Coste: 53737

GENERACION: 346
Mejor Solucion:  18 16 44 22 23 35 13 25 21 8 4 9 34 7 47 30 12 17 45 5 10 19 40 43 15 6 49 11 36 27 1 32 31 28 48 38 33 24 46 29 39 41 14 26 42 2 37 3 20 0
Coste: 53737

GENERACION: 347
Mejor Solucion:  18 16 44 22 23 35 13 25 21 8 4 9 34 7 47 30 12 17 45 5 10 19 40 43 15 6 49 11 36 27 1 32 31 28 48 38 33 24 46 29 39 41 14 26 42 2 37 3 20 0
Coste: 53737

GENERACION: 348
Mejor Solucion:  18 16 44 22 23 35 13 25 21 8 4 9 34 7 47 30 12 17 45 5 10 19 40 43 15 6 49 11 36 27 1 32 31 28 48 38 33 24 46 29 39 41 14 26 42 2 37 3 20 0
Coste: 53737

GENERACION: 349
Mejor Solucion:  18 16 44 22 23 35 13 25 21 8 4 9 34 7 47 30 12 17 45 5 10 19 40 43 15 6 49 11 36 27 1 32 31 28 48 38 33 24 46 29 39 41 14 26 42 2 37 3 20 0
Coste: 53737

GENERACION: 350
Mejor Solucion:  18 16 44 22 23 35 13 25 21 8 4 9 34 7 47 30 12 17 45 5 10 19 40 43 15 6 49 11 36 27 1 32 31 28 48 38 33 24 46 29 39 41 14 26 42 2 37 3 20 0
Coste: 53737

GENERACION: 351
Mejor Solucion:  18 16 44 22 23 35 13 25 21 8 4 9 34 7 47 30 12 17 45 5 10 19 40 43 15 6 49 11 36 27 1 32 31 28 48 38 33 24 46 29 39 41 14 26 42 2 37 3 20 0
Coste: 53737

GENERACION: 352
Mejor Solucion:  18 16 44 22 23 35 13 25 21 8 4 9 34 7 47 30 12 17 45 5 10 19 40 43 15 6 49 11 36 27 1 32 31 28 48 38 33 24 46 29 39 41 14 26 42 2 37 3 20 0
Coste: 53737

GENERACION: 353
Mejor Solucion:  18 16 44 22 23 35 13 25 21 8 4 9 34 7 47 30 12 17 45 5 10 19 40 43 15 6 49 11 36 27 1 32 31 28 48 38 33 24 46 29 39 41 14 26 42 2 37 3 20 0
Coste: 53737

GENERACION: 354
Mejor Solucion:  18 16 44 22 23 35 13 25 21 8 4 9 34 7 47 30 12 17 45 5 10 19 40 43 15 6 49 11 36 27 1 32 31 28 48 38 33 24 46 29 39 41 14 26 42 2 37 3 20 0
Coste: 53737

GENERACION: 355
Mejor Solucion:  18 16 44 22 23 35 13 25 21 8 4 9 34 7 47 30 12 17 45 5 10 19 40 43 15 6 49 11 36 27 1 32 31 28 48 38 33 24 46 29 39 41 14 26 42 2 37 3 20 0
Coste: 53737

GENERACION: 356
Mejor Solucion:  18 16 44 22 23 35 13 25 21 8 4 9 34 7 47 30 12 17 45 5 10 19 40 43 15 6 49 11 36 27 1 32 31 28 48 38 33 24 46 29 39 41 14 26 42 2 37 3 20 0
Coste: 53737

GENERACION: 357
Mejor Solucion:  18 16 44 22 23 35 13 25 21 8 4 9 34 7 47 30 12 17 45 5 10 19 40 43 15 6 49 11 36 27 1 32 31 28 48 38 33 24 46 29 39 41 14 26 42 2 37 3 20 0
Coste: 53737

GENERACION: 358
Mejor Solucion:  18 16 44 22 23 35 13 25 21 8 4 9 34 7 47 30 12 17 45 5 10 19 40 43 15 6 49 11 36 27 1 32 31 28 48 38 33 24 46 29 39 41 14 26 42 2 37 3 20 0
Coste: 53737

GENERACION: 359
Mejor Solucion:  18 16 44 22 23 35 13 25 21 8 4 9 34 7 47 30 12 17 45 5 10 19 40 43 15 6 49 11 36 27 1 32 31 28 48 38 33 24 46 29 39 41 14 26 42 2 37 3 20 0
Coste: 53737

GENERACION: 360
Mejor Solucion:  18 16 44 22 23 35 13 25 21 8 4 9 34 7 47 30 12 17 45 5 10 19 40 43 15 6 49 11 36 27 1 32 31 28 48 38 33 24 46 29 39 41 14 26 42 2 37 3 20 0
Coste: 53737

GENERACION: 361
Mejor Solucion:  18 16 44 22 23 35 13 25 21 8 4 9 34 7 47 30 12 17 45 5 10 19 40 43 15 6 49 11 36 27 1 32 31 28 48 38 33 24 46 29 39 41 14 26 42 2 37 3 20 0
Coste: 53737

GENERACION: 362
Mejor Solucion:  18 16 44 22 23 35 13 25 21 8 4 9 34 7 47 30 12 17 45 5 10 19 40 43 15 6 49 11 36 27 1 32 31 28 48 38 33 24 46 29 39 41 14 26 42 2 37 3 20 0
Coste: 53737

GENERACION: 363
Mejor Solucion:  18 16 44 22 23 35 13 25 21 8 4 9 34 7 47 30 12 17 45 5 10 19 40 43 15 6 49 11 36 27 1 32 31 28 48 38 33 24 46 29 39 41 14 26 42 2 37 3 20 0
Coste: 53737

GENERACION: 364
Mejor Solucion:  18 16 44 22 23 35 13 25 21 8 4 9 34 7 47 30 12 17 45 5 10 19 40 43 15 6 49 11 36 27 1 32 31 28 48 38 33 24 46 29 39 41 14 26 42 2 37 3 20 0
Coste: 53737

GENERACION: 365
Mejor Solucion:  18 16 44 22 23 35 13 25 21 8 4 9 34 7 47 30 12 17 45 5 10 19 40 43 15 6 49 11 36 27 1 32 31 28 48 38 33 24 46 29 39 41 14 26 42 2 37 3 20 0
Coste: 53737

GENERACION: 366
Mejor Solucion:  18 16 44 22 23 35 13 25 21 8 4 9 34 7 47 30 12 17 45 5 10 19 40 43 15 6 49 11 36 27 1 32 31 28 48 38 33 24 46 29 39 41 14 26 42 2 37 3 20 0
Coste: 53737

GENERACION: 367
Mejor Solucion:  18 16 44 22 23 35 13 25 21 8 4 9 34 7 47 30 12 17 45 5 10 19 40 43 15 6 49 11 36 27 1 32 31 28 48 38 33 24 46 29 39 41 14 26 42 2 37 3 20 0
Coste: 53737

GENERACION: 368
Mejor Solucion:  18 16 44 22 23 35 13 25 21 8 4 9 34 7 47 30 12 17 45 5 10 19 40 43 15 6 49 11 36 27 1 32 31 28 48 38 33 24 46 29 39 41 14 26 42 2 37 3 20 0
Coste: 53737

GENERACION: 369
Mejor Solucion:  18 16 44 22 23 35 13 25 21 8 4 9 34 7 47 30 12 17 45 5 10 19 40 43 15 6 49 11 36 27 1 32 31 28 48 38 33 24 46 29 39 41 14 26 42 2 37 3 20 0
Coste: 53737

GENERACION: 370
Mejor Solucion:  18 16 44 22 23 35 13 25 21 8 4 9 34 7 47 30 12 17 45 5 10 19 40 43 15 6 49 11 36 27 1 32 31 28 48 38 33 24 46 29 39 41 14 26 42 2 37 3 20 0
Coste: 53737

GENERACION: 371
Mejor Solucion:  18 16 44 22 23 35 13 25 21 8 4 9 34 7 47 30 12 17 45 5 10 19 40 43 15 6 49 11 36 27 1 32 31 28 48 38 33 24 46 29 39 41 14 26 42 2 37 3 20 0
Coste: 53737

GENERACION: 372
Mejor Solucion:  18 16 44 22 23 35 13 25 21 8 4 9 34 7 47 30 12 17 45 5 10 19 40 43 15 6 49 11 36 27 1 32 31 28 48 38 33 24 46 29 39 41 14 26 42 2 37 3 20 0
Coste: 53737

GENERACION: 373
Mejor Solucion:  18 16 44 22 23 35 13 25 21 8 4 9 34 7 47 30 12 17 45 5 10 19 40 43 15 6 49 11 36 27 1 32 31 28 48 38 33 24 46 29 39 41 14 26 42 2 37 3 20 0
Coste: 53737

GENERACION: 374
Mejor Solucion:  18 16 44 22 23 35 13 25 21 8 4 9 34 7 47 30 12 17 45 5 10 19 40 43 15 6 49 11 36 27 1 32 31 28 48 38 33 24 46 29 39 41 14 26 42 2 37 3 20 0
Coste: 53737

GENERACION: 375
Mejor Solucion:  18 16 44 22 23 35 13 25 21 8 4 9 34 7 47 30 12 17 45 5 10 19 40 43 15 6 49 11 36 27 1 32 31 28 48 38 33 24 46 29 39 41 14 26 42 2 37 3 20 0
Coste: 53737

GENERACION: 376
Mejor Solucion:  18 16 44 22 23 35 13 25 21 8 4 9 34 7 47 30 12 17 45 5 10 19 40 43 15 6 49 11 36 27 1 32 31 28 48 38 33 24 46 29 39 41 14 26 42 2 37 3 20 0
Coste: 53737

GENERACION: 377
Mejor Solucion:  18 16 44 22 23 35 13 25 21 8 4 9 34 7 47 30 12 17 45 5 10 19 40 43 15 6 49 11 36 27 1 32 31 28 48 38 33 24 46 29 39 41 14 26 42 2 37 3 20 0
Coste: 53737

GENERACION: 378
Mejor Solucion:  18 16 44 22 23 35 13 25 21 8 4 9 34 7 47 30 12 17 45 5 10 19 40 43 15 6 49 11 36 27 1 32 31 28 48 38 33 24 46 29 39 41 14 26 42 2 37 3 20 0
Coste: 53737

GENERACION: 379
Mejor Solucion:  18 16 44 22 23 35 13 25 21 8 4 9 34 7 47 30 12 17 45 5 10 19 40 43 15 6 49 11 36 27 1 32 31 28 48 38 33 24 46 29 39 41 14 26 42 2 37 3 20 0
Coste: 53737

GENERACION: 380
Mejor Solucion:  18 16 44 22 23 35 13 25 21 8 4 9 34 7 47 30 12 17 45 5 10 19 40 43 15 6 49 11 36 27 1 32 31 28 48 38 33 24 46 29 39 41 14 26 42 2 37 3 20 0
Coste: 53737

GENERACION: 381
Mejor Solucion:  18 16 44 22 23 35 13 25 21 8 4 9 34 7 47 30 12 17 45 5 10 19 40 43 15 6 49 11 36 27 1 32 31 28 48 38 33 24 46 29 39 41 14 26 42 2 37 3 20 0
Coste: 53737

GENERACION: 382
Mejor Solucion:  18 16 44 22 23 35 13 25 21 8 4 9 34 7 47 30 12 17 45 5 10 19 40 43 15 6 49 11 36 27 1 32 31 28 48 38 33 24 46 29 39 41 14 26 42 2 37 3 20 0
Coste: 53737

GENERACION: 383
Mejor Solucion:  18 16 44 22 23 35 13 25 21 8 4 9 34 7 47 30 12 17 45 5 10 19 40 43 15 6 49 11 36 27 1 32 31 28 48 38 33 24 46 29 39 41 14 26 42 2 37 3 20 0
Coste: 53737

GENERACION: 384
Mejor Solucion:  18 16 44 22 23 35 13 25 21 8 4 9 34 7 47 30 12 17 45 5 10 19 40 43 15 6 49 11 36 27 1 32 31 28 48 38 33 24 46 29 39 41 14 26 42 2 37 3 20 0
Coste: 53737

GENERACION: 385
Mejor Solucion:  18 16 44 22 23 35 13 25 21 8 4 9 34 7 47 30 12 17 45 5 10 19 40 43 15 6 49 11 36 27 1 32 31 28 48 38 33 24 46 29 39 41 14 26 42 2 37 3 20 0
Coste: 53737

GENERACION: 386
Mejor Solucion:  18 16 44 22 23 35 13 25 21 8 4 9 34 7 47 30 12 17 45 5 10 19 40 43 15 6 49 11 36 27 1 32 31 28 48 38 33 24 46 29 39 41 14 26 42 2 37 3 20 0
Coste: 53737

GENERACION: 387
Mejor Solucion:  18 16 44 22 23 35 13 25 21 8 4 9 34 7 47 30 12 17 45 5 10 19 40 43 15 6 49 11 36 27 1 32 31 28 48 38 33 24 46 29 39 41 14 26 42 2 37 3 20 0
Coste: 53737

GENERACION: 388
Mejor Solucion:  18 16 44 22 23 35 13 25 21 8 4 9 34 7 47 30 12 17 45 5 10 19 40 43 15 6 49 11 36 27 1 32 31 28 48 38 33 24 46 29 39 41 14 26 42 2 37 3 20 0
Coste: 53737

GENERACION: 389
Mejor Solucion:  18 16 44 22 23 35 13 25 21 8 4 9 34 7 47 30 12 17 45 5 10 19 40 43 15 6 49 11 36 27 1 32 31 28 48 38 33 24 46 29 39 41 14 26 42 2 37 3 20 0
Coste: 53737

GENERACION: 390
Mejor Solucion:  18 16 44 22 23 35 13 25 21 8 4 9 34 7 47 30 12 17 45 5 10 19 40 43 15 6 49 11 36 27 1 32 31 28 48 38 33 24 46 29 39 41 14 26 42 2 37 3 20 0
Coste: 53737

GENERACION: 391
Mejor Solucion:  18 16 44 22 23 35 13 25 21 8 4 9 34 7 47 30 12 17 45 5 10 19 40 43 15 6 49 11 36 27 1 32 31 28 48 38 33 24 46 29 39 41 14 26 42 2 37 3 20 0
Coste: 53737

GENERACION: 392
Mejor Solucion:  18 16 44 22 23 35 13 25 21 8 4 9 34 7 47 30 12 17 45 5 10 19 40 43 15 6 49 11 36 27 1 32 31 28 48 38 33 24 46 29 39 41 14 26 42 2 37 3 20 0
Coste: 53737

GENERACION: 393
Mejor Solucion:  18 16 44 22 23 35 13 25 21 8 4 9 34 7 47 30 12 17 45 5 10 19 40 43 15 6 49 11 36 27 1 32 31 28 48 38 33 24 46 29 39 41 14 26 42 2 37 3 20 0
Coste: 53737

GENERACION: 394
Mejor Solucion:  18 16 44 22 23 35 13 25 21 8 4 9 34 7 47 30 12 17 45 5 10 19 40 43 15 6 49 11 36 27 1 32 31 28 48 38 33 24 46 29 39 41 14 26 42 2 37 3 20 0
Coste: 53737

GENERACION: 395
Mejor Solucion:  18 16 44 22 23 35 13 25 21 8 4 9 34 7 47 30 12 17 45 5 10 19 40 43 15 6 49 11 36 27 1 32 31 28 48 38 33 24 46 29 39 41 14 26 42 2 37 3 20 0
Coste: 53737

GENERACION: 396
Mejor Solucion:  18 16 44 22 23 35 13 25 21 8 4 9 34 7 47 30 12 17 45 5 10 19 40 43 15 6 49 11 36 27 1 32 31 28 48 38 33 24 46 29 39 41 14 26 42 2 37 3 20 0
Coste: 53737

GENERACION: 397
Mejor Solucion:  18 16 44 22 23 35 13 25 21 8 4 9 34 7 47 30 12 17 45 5 10 19 40 43 15 6 49 11 36 27 1 32 31 28 48 38 33 24 46 29 39 41 14 26 42 2 37 3 20 0
Coste: 53737

GENERACION: 398
Mejor Solucion:  18 16 44 22 23 35 13 25 21 8 4 9 34 7 47 30 12 17 45 5 10 19 40 43 15 6 49 11 36 27 1 32 31 28 48 38 33 24 46 29 39 41 14 26 42 2 37 3 20 0
Coste: 53737

GENERACION: 399
Mejor Solucion:  18 16 44 22 23 35 13 25 21 8 4 9 34 7 47 30 12 17 45 5 10 19 40 43 15 6 49 11 36 27 1 32 31 28 48 38 33 24 46 29 39 41 14 26 42 2 37 3 20 0
Coste: 53737

GENERACION: 400
Mejor Solucion:  18 16 44 22 23 35 13 25 21 8 4 9 34 7 47 30 12 17 45 5 10 19 40 43 15 6 49 11 36 27 1 32 31 28 48 38 33 24 46 29 39 41 14 26 42 2 37 3 20 0
Coste: 53737

GENERACION: 401
Mejor Solucion:  18 16 44 22 23 35 13 25 21 8 4 9 34 7 47 30 12 17 45 5 10 19 40 43 15 6 49 11 36 27 1 32 31 28 48 38 33 24 46 29 39 41 14 26 42 2 37 3 20 0
Coste: 53737

GENERACION: 402
Mejor Solucion:  18 16 44 22 23 35 13 25 21 8 4 9 34 7 47 30 12 17 45 5 10 19 40 43 15 6 49 11 36 27 1 32 31 28 48 38 33 24 46 29 39 41 14 26 42 2 37 3 20 0
Coste: 53737

GENERACION: 403
Mejor Solucion:  18 16 44 22 23 35 13 25 21 8 4 9 34 7 47 30 12 17 45 5 10 19 40 43 15 6 49 11 36 27 1 32 31 28 48 38 33 24 46 29 39 41 14 26 42 2 37 3 20 0
Coste: 53737

GENERACION: 404
Mejor Solucion:  18 16 44 22 23 35 13 25 21 8 4 9 34 7 47 30 12 17 45 5 10 19 40 43 15 6 49 11 36 27 1 32 31 28 48 38 33 24 46 29 39 41 14 26 42 2 37 3 20 0
Coste: 53737

GENERACION: 405
Mejor Solucion:  18 16 44 22 23 35 13 25 21 8 4 9 34 7 47 30 12 17 45 5 10 19 40 43 15 6 49 11 36 27 1 32 31 28 48 38 33 24 46 29 39 41 14 26 42 2 37 3 20 0
Coste: 53737

GENERACION: 406
Mejor Solucion:  18 16 44 22 23 35 13 25 21 8 4 9 34 7 47 30 12 17 45 5 10 19 40 43 15 6 49 11 36 27 1 32 31 28 48 38 33 24 46 29 39 41 14 26 42 2 37 3 20 0
Coste: 53737

GENERACION: 407
Mejor Solucion:  18 16 44 22 23 35 13 25 21 8 4 9 34 7 47 30 12 17 45 5 10 19 40 43 15 6 49 11 36 27 1 32 31 28 48 38 33 24 46 29 39 41 14 26 42 2 37 3 20 0
Coste: 53737

GENERACION: 408
Mejor Solucion:  8 25 9 47 30 38 24 3 37 0 4 13 28 14 26 5 12 17 45 21 10 19 40 43 15 6 49 11 36 27 1 32 31 34 48 33 46 2 42 23 39 41 29 18 7 20 16 44 22 35
Coste: 53630

GENERACION: 409
Mejor Solucion:  8 25 9 47 30 38 24 3 37 0 4 13 28 14 26 5 12 17 45 21 10 19 40 43 15 6 49 11 36 27 1 32 31 34 48 33 46 2 42 23 39 41 29 18 7 20 16 44 22 35
Coste: 53630

GENERACION: 410
Mejor Solucion:  8 25 9 47 30 38 24 3 37 0 4 13 28 14 26 5 12 17 45 21 10 19 40 43 15 6 49 11 36 27 1 32 31 34 48 33 46 2 42 23 39 41 29 18 7 20 16 44 22 35
Coste: 53630

GENERACION: 411
Mejor Solucion:  8 25 9 47 30 38 24 3 37 0 4 13 28 14 26 5 12 17 45 21 10 19 40 43 15 6 49 11 36 27 1 32 31 34 48 33 46 2 42 23 39 41 29 18 7 20 16 44 22 35
Coste: 53630

GENERACION: 412
Mejor Solucion:  8 25 9 47 30 38 24 3 37 0 4 13 28 14 26 5 12 17 45 21 10 19 40 43 15 6 49 11 36 27 1 32 31 34 48 33 46 2 42 23 39 41 29 18 7 20 16 44 22 35
Coste: 53630

GENERACION: 413
Mejor Solucion:  8 25 9 47 30 38 24 3 37 0 4 13 28 14 26 5 12 17 45 21 10 19 40 43 15 6 49 11 36 27 1 32 31 34 48 33 46 2 42 23 39 41 29 18 7 20 16 44 22 35
Coste: 53630

GENERACION: 414
Mejor Solucion:  8 25 9 47 30 38 24 3 37 0 4 13 28 14 26 5 12 17 45 21 10 19 40 43 15 6 49 11 36 27 1 32 31 34 48 33 46 2 42 23 39 41 29 18 7 20 16 44 22 35
Coste: 53630

GENERACION: 415
Mejor Solucion:  8 25 9 47 30 38 24 3 37 0 4 13 28 14 26 5 12 17 45 21 10 19 40 43 15 6 49 11 36 27 1 32 31 34 48 33 46 2 42 23 39 41 29 18 7 20 16 44 22 35
Coste: 53630

