GENERACION: 1
Mejor Solucion:  10 23 2 46 15 3 37 36 5 12 26 31 48 41 33 30 16 32 0 9 6 18 47 45 13 28 20 40 38 19 17 24 22 42 14 4 35 49 25 44 11 39 8 1 43 7 21 29 27 34
Coste: 53976

GENERACION: 2
Mejor Solucion:  10 23 2 46 15 3 37 36 5 12 26 31 48 41 33 30 16 32 0 9 6 18 47 45 13 28 20 40 38 19 17 24 22 42 14 4 35 49 25 44 11 39 8 1 43 7 21 29 27 34
Coste: 53976

GENERACION: 3
Mejor Solucion:  10 23 2 46 15 3 37 36 5 12 26 31 48 41 33 30 16 32 0 9 6 18 47 45 13 28 20 40 38 19 17 24 22 42 14 4 35 49 25 44 11 39 8 1 43 7 21 29 27 34
Coste: 53976

GENERACION: 4
Mejor Solucion:  10 23 2 46 15 3 37 36 5 12 26 31 48 41 33 30 16 32 0 9 6 18 47 45 13 28 20 40 38 19 17 24 22 42 14 4 35 49 25 44 11 39 8 1 43 7 21 29 27 34
Coste: 53976

GENERACION: 5
Mejor Solucion:  10 23 2 46 15 3 37 36 5 12 26 31 48 41 33 30 16 32 0 9 6 18 47 45 13 28 20 40 38 19 17 24 22 42 14 4 35 49 25 44 11 39 8 1 43 7 21 29 27 34
Coste: 53976

GENERACION: 6
Mejor Solucion:  10 23 2 46 15 3 37 36 5 12 26 31 48 41 33 30 16 32 0 9 6 18 47 45 13 28 20 40 38 19 17 24 22 42 14 4 35 49 25 44 11 39 8 1 43 7 21 29 27 34
Coste: 53976

GENERACION: 7
Mejor Solucion:  10 23 2 46 15 3 37 36 5 12 26 31 48 41 33 30 16 32 0 9 6 18 47 45 13 28 20 40 38 19 17 24 22 42 14 4 35 49 25 44 11 39 8 1 43 7 21 29 27 34
Coste: 53976

GENERACION: 8
Mejor Solucion:  10 23 2 46 15 3 37 36 5 12 26 31 48 41 33 30 16 32 0 9 6 18 47 45 13 28 20 40 38 19 17 24 22 42 14 4 35 49 25 44 11 39 8 1 43 7 21 29 27 34
Coste: 53976

GENERACION: 9
Mejor Solucion:  10 23 2 46 15 3 37 36 5 12 26 31 48 41 33 30 16 32 0 9 6 18 47 45 13 28 20 40 38 19 17 24 22 42 14 4 35 49 25 44 11 39 8 1 43 7 21 29 27 34
Coste: 53976

GENERACION: 10
Mejor Solucion:  10 23 2 46 15 3 37 36 5 12 26 31 48 41 33 30 16 32 0 9 6 18 47 45 13 28 20 40 38 19 17 24 22 42 14 4 35 49 25 44 11 39 8 1 43 7 21 29 27 34
Coste: 53976

GENERACION: 11
Mejor Solucion:  10 23 2 46 15 3 37 36 5 12 26 31 48 41 33 30 16 32 0 9 6 18 47 45 13 28 20 40 38 19 17 24 22 42 14 4 35 49 25 44 11 39 8 1 43 7 21 29 27 34
Coste: 53976

GENERACION: 12
Mejor Solucion:  10 23 2 46 15 3 37 36 5 12 26 31 48 41 33 30 16 32 0 9 6 18 47 45 13 28 20 40 38 19 17 24 22 42 14 4 35 49 25 44 11 39 8 1 43 7 21 29 27 34
Coste: 53976

GENERACION: 13
Mejor Solucion:  10 23 2 46 15 3 37 36 5 12 26 31 48 41 33 30 16 32 0 9 6 18 47 45 13 28 20 40 38 19 17 24 22 42 14 4 35 49 25 44 11 39 8 1 43 7 21 29 27 34
Coste: 53976

GENERACION: 14
Mejor Solucion:  10 23 2 46 15 3 37 36 5 12 26 31 48 41 33 30 16 32 0 9 6 18 47 45 13 28 20 40 38 19 17 24 22 42 14 4 35 49 25 44 11 39 8 1 43 7 21 29 27 34
Coste: 53976

GENERACION: 15
Mejor Solucion:  10 23 2 46 15 3 37 36 5 12 26 31 48 41 33 30 16 32 0 9 6 18 47 45 13 28 20 40 38 19 17 24 22 42 14 4 35 49 25 44 11 39 8 1 43 7 21 29 27 34
Coste: 53976

GENERACION: 16
Mejor Solucion:  10 23 2 46 15 3 37 36 5 12 26 31 48 41 33 30 16 32 0 9 6 18 47 45 13 28 20 40 38 19 17 24 22 42 14 4 35 49 25 44 11 39 8 1 43 7 21 29 27 34
Coste: 53976

GENERACION: 17
Mejor Solucion:  10 23 2 46 15 3 37 36 5 12 26 31 48 41 33 30 16 32 0 9 6 18 47 45 13 28 20 40 38 19 17 24 22 42 14 4 35 49 25 44 11 39 8 1 43 7 21 29 27 34
Coste: 53976

GENERACION: 18
Mejor Solucion:  10 23 2 46 15 3 37 36 5 12 26 31 48 41 33 30 16 32 0 9 6 18 47 45 13 28 20 40 38 19 17 24 22 42 14 4 35 49 25 44 11 39 8 1 43 7 21 29 27 34
Coste: 53976

GENERACION: 19
Mejor Solucion:  10 23 2 46 15 3 37 36 5 12 26 31 48 41 33 30 16 32 0 9 6 18 47 45 13 28 20 40 38 19 17 24 22 42 14 4 35 49 25 44 11 39 8 1 43 7 21 29 27 34
Coste: 53976

GENERACION: 20
Mejor Solucion:  10 23 2 46 15 3 37 36 5 12 26 31 48 41 33 30 16 32 0 9 6 18 47 45 13 28 20 40 38 19 17 24 22 42 14 4 35 49 25 44 11 39 8 1 43 7 21 29 27 34
Coste: 53976

GENERACION: 21
Mejor Solucion:  10 23 2 46 15 3 37 36 5 12 26 31 48 41 33 30 16 32 0 9 6 18 47 45 13 28 20 40 38 19 17 24 22 42 14 4 35 49 25 44 11 39 8 1 43 7 21 29 27 34
Coste: 53976

GENERACION: 22
Mejor Solucion:  10 23 2 46 15 3 37 36 5 12 26 31 48 41 33 30 16 32 0 9 6 18 47 45 13 28 20 40 38 19 17 24 22 42 14 4 35 49 25 44 11 39 8 1 43 7 21 29 27 34
Coste: 53976

GENERACION: 23
Mejor Solucion:  10 23 2 46 15 3 37 36 5 12 26 31 48 41 33 30 16 32 0 9 6 18 47 45 13 28 20 40 38 19 17 24 22 42 14 4 35 49 25 44 11 39 8 1 43 7 21 29 27 34
Coste: 53976

GENERACION: 24
Mejor Solucion:  10 23 2 46 15 3 37 36 5 12 26 31 48 41 33 30 16 32 0 9 6 18 47 45 13 28 20 40 38 19 17 24 22 42 14 4 35 49 25 44 11 39 8 1 43 7 21 29 27 34
Coste: 53976

GENERACION: 25
Mejor Solucion:  10 23 2 46 15 3 37 36 5 12 26 31 48 41 33 30 16 32 0 9 6 18 47 45 13 28 20 40 38 19 17 24 22 42 14 4 35 49 25 44 11 39 8 1 43 7 21 29 27 34
Coste: 53976

GENERACION: 26
Mejor Solucion:  10 23 2 46 15 3 37 36 5 12 26 31 48 41 33 30 16 32 0 9 6 18 47 45 13 28 20 40 38 19 17 24 22 42 14 4 35 49 25 44 11 39 8 1 43 7 21 29 27 34
Coste: 53976

GENERACION: 27
Mejor Solucion:  10 23 2 46 15 3 37 36 5 12 26 31 48 41 33 30 16 32 0 9 6 18 47 45 13 28 20 40 38 19 17 24 22 42 14 4 35 49 25 44 11 39 8 1 43 7 21 29 27 34
Coste: 53976

GENERACION: 28
Mejor Solucion:  10 23 2 46 15 3 37 36 5 12 26 31 48 41 33 30 16 32 0 9 6 18 47 45 13 28 20 40 38 19 17 24 22 42 14 4 35 49 25 44 11 39 8 1 43 7 21 29 27 34
Coste: 53976

GENERACION: 29
Mejor Solucion:  10 23 2 46 15 3 37 36 5 12 26 31 48 41 33 30 16 32 0 9 6 18 47 45 13 28 20 40 38 19 17 24 22 42 14 4 35 49 25 44 11 39 8 1 43 7 21 29 27 34
Coste: 53976

GENERACION: 30
Mejor Solucion:  10 23 2 46 15 3 37 36 5 12 26 31 48 41 33 30 16 32 0 9 6 18 47 45 13 28 20 40 38 19 17 24 22 42 14 4 35 49 25 44 11 39 8 1 43 7 21 29 27 34
Coste: 53976

GENERACION: 31
Mejor Solucion:  10 23 2 46 15 3 37 36 5 12 26 31 48 41 33 30 16 32 0 9 6 18 47 45 13 28 20 40 38 19 17 24 22 42 14 4 35 49 25 44 11 39 8 1 43 7 21 29 27 34
Coste: 53976

GENERACION: 32
Mejor Solucion:  10 23 2 46 15 3 37 36 5 12 26 31 48 41 33 30 16 32 0 9 6 18 47 45 13 28 20 40 38 19 17 24 22 42 14 4 35 49 25 44 11 39 8 1 43 7 21 29 27 34
Coste: 53976

GENERACION: 33
Mejor Solucion:  10 23 2 46 15 3 37 36 5 12 26 31 48 41 33 30 16 32 0 9 6 18 47 45 13 28 20 40 38 19 17 24 22 42 14 4 35 49 25 44 11 39 8 1 43 7 21 29 27 34
Coste: 53976

GENERACION: 34
Mejor Solucion:  10 23 2 46 15 3 37 36 5 12 26 31 48 41 33 30 16 32 0 9 6 18 47 45 13 28 20 40 38 19 17 24 22 42 14 4 35 49 25 44 11 39 8 1 43 7 21 29 27 34
Coste: 53976

GENERACION: 35
Mejor Solucion:  10 23 2 46 15 3 37 36 5 12 26 31 48 41 33 30 16 32 0 9 6 18 47 45 13 28 20 40 38 19 17 24 22 42 14 4 35 49 25 44 11 39 8 1 43 7 21 29 27 34
Coste: 53976

GENERACION: 36
Mejor Solucion:  10 23 2 46 15 3 37 36 5 12 26 31 48 41 33 30 16 32 0 9 6 18 47 45 13 28 20 40 38 19 17 24 22 42 14 4 35 49 25 44 11 39 8 1 43 7 21 29 27 34
Coste: 53976

GENERACION: 37
Mejor Solucion:  10 23 2 46 15 3 37 36 5 12 26 31 48 41 33 30 16 32 0 9 6 18 47 45 13 28 20 40 38 19 17 24 22 42 14 4 35 49 25 44 11 39 8 1 43 7 21 29 27 34
Coste: 53976

GENERACION: 38
Mejor Solucion:  10 23 2 46 15 3 37 36 5 12 26 31 48 41 33 30 16 32 0 9 6 18 47 45 13 28 20 40 38 19 17 24 22 42 14 4 35 49 25 44 11 39 8 1 43 7 21 29 27 34
Coste: 53976

GENERACION: 39
Mejor Solucion:  10 23 2 46 15 3 37 36 5 12 26 31 48 41 33 30 16 32 0 9 6 18 47 45 13 28 20 40 38 19 17 24 22 42 14 4 35 49 25 44 11 39 8 1 43 7 21 29 27 34
Coste: 53976

GENERACION: 40
Mejor Solucion:  10 23 2 46 15 3 37 36 5 12 26 31 48 41 33 30 16 32 0 9 6 18 47 45 13 28 20 40 38 19 17 24 22 42 14 4 35 49 25 44 11 39 8 1 43 7 21 29 27 34
Coste: 53976

GENERACION: 41
Mejor Solucion:  10 23 2 46 15 3 37 36 5 12 26 31 48 41 33 30 16 32 0 9 6 18 47 45 13 28 20 40 38 19 17 24 22 42 14 4 35 49 25 44 11 39 8 1 43 7 21 29 27 34
Coste: 53976

GENERACION: 42
Mejor Solucion:  10 23 2 46 15 3 37 36 5 12 26 31 48 41 33 30 16 32 0 9 6 18 47 45 13 28 20 40 38 19 17 24 22 42 14 4 35 49 25 44 11 39 8 1 43 7 21 29 27 34
Coste: 53976

GENERACION: 43
Mejor Solucion:  10 23 2 46 15 3 37 36 5 12 26 31 48 41 33 30 16 32 0 9 6 18 47 45 13 28 20 40 38 19 17 24 22 42 14 4 35 49 25 44 11 39 8 1 43 7 21 29 27 34
Coste: 53976

GENERACION: 44
Mejor Solucion:  10 23 2 46 15 3 37 36 5 12 26 31 48 41 33 30 16 32 0 9 6 18 47 45 13 28 20 40 38 19 17 24 22 42 14 4 35 49 25 44 11 39 8 1 43 7 21 29 27 34
Coste: 53976

GENERACION: 45
Mejor Solucion:  10 23 2 46 15 3 37 36 5 12 26 31 48 41 33 30 16 32 0 9 6 18 47 45 13 28 20 40 38 19 17 24 22 42 14 4 35 49 25 44 11 39 8 1 43 7 21 29 27 34
Coste: 53976

GENERACION: 46
Mejor Solucion:  10 23 2 46 15 3 37 36 5 12 26 31 48 41 33 30 16 32 0 9 6 18 47 45 13 28 20 40 38 19 17 24 22 42 14 4 35 49 25 44 11 39 8 1 43 7 21 29 27 34
Coste: 53976

GENERACION: 47
Mejor Solucion:  10 23 2 46 15 3 37 36 5 12 26 31 48 41 33 30 16 32 0 9 6 18 47 45 13 28 20 40 38 19 17 24 22 42 14 4 35 49 25 44 11 39 8 1 43 7 21 29 27 34
Coste: 53976

GENERACION: 48
Mejor Solucion:  10 23 2 46 15 3 37 36 5 12 26 31 48 41 33 30 16 32 0 9 6 18 47 45 13 28 20 40 38 19 17 24 22 42 14 4 35 49 25 44 11 39 8 1 43 7 21 29 27 34
Coste: 53976

GENERACION: 49
Mejor Solucion:  10 23 2 46 15 3 37 36 5 12 26 31 48 41 33 30 16 32 0 9 6 18 47 45 13 28 20 40 38 19 17 24 22 42 14 4 35 49 25 44 11 39 8 1 43 7 21 29 27 34
Coste: 53976

GENERACION: 50
Mejor Solucion:  10 23 2 46 15 3 37 36 5 12 26 31 48 41 33 30 16 32 0 9 6 18 47 45 13 28 20 40 38 19 17 24 22 42 14 4 35 49 25 44 11 39 8 1 43 7 21 29 27 34
Coste: 53976

GENERACION: 51
Mejor Solucion:  10 23 2 46 15 3 37 36 5 12 26 31 48 41 33 30 16 32 0 9 6 18 47 45 13 28 20 40 38 19 17 24 22 42 14 4 35 49 25 44 11 39 8 1 43 7 21 29 27 34
Coste: 53976

GENERACION: 52
Mejor Solucion:  10 23 2 46 15 3 37 36 5 12 26 31 48 41 33 30 16 32 0 9 6 18 47 45 13 28 20 40 38 19 17 24 22 42 14 4 35 49 25 44 11 39 8 1 43 7 21 29 27 34
Coste: 53976

GENERACION: 53
Mejor Solucion:  10 23 2 46 15 3 37 36 5 12 26 31 48 41 33 30 16 32 0 9 6 18 47 45 13 28 20 40 38 19 17 24 22 42 14 4 35 49 25 44 11 39 8 1 43 7 21 29 27 34
Coste: 53976

GENERACION: 54
Mejor Solucion:  10 23 2 46 15 3 37 36 5 12 26 31 48 41 33 30 16 32 0 9 6 18 47 45 13 28 20 40 38 19 17 24 22 42 14 4 35 49 25 44 11 39 8 1 43 7 21 29 27 34
Coste: 53976

GENERACION: 55
Mejor Solucion:  10 23 2 46 15 3 37 36 5 12 26 31 48 41 33 30 16 32 0 9 6 18 47 45 13 28 20 40 38 19 17 24 22 42 14 4 35 49 25 44 11 39 8 1 43 7 21 29 27 34
Coste: 53976

GENERACION: 56
Mejor Solucion:  10 23 2 46 15 3 37 36 5 12 26 31 48 41 33 30 16 32 0 9 6 18 47 45 13 28 20 40 38 19 17 24 22 42 14 4 35 49 25 44 11 39 8 1 43 7 21 29 27 34
Coste: 53976

GENERACION: 57
Mejor Solucion:  10 23 2 46 15 3 37 36 5 12 26 31 48 41 33 30 16 32 0 9 6 18 47 45 13 28 20 40 38 19 17 24 22 42 14 4 35 49 25 44 11 39 8 1 43 7 21 29 27 34
Coste: 53976

GENERACION: 58
Mejor Solucion:  10 23 2 46 15 3 37 36 5 12 26 31 48 41 33 30 16 32 0 9 6 18 47 45 13 28 20 40 38 19 17 24 22 42 14 4 35 49 25 44 11 39 8 1 43 7 21 29 27 34
Coste: 53976

GENERACION: 59
Mejor Solucion:  10 23 2 46 15 3 37 36 5 12 26 31 48 41 33 30 16 32 0 9 6 18 47 45 13 28 20 40 38 19 17 24 22 42 14 4 35 49 25 44 11 39 8 1 43 7 21 29 27 34
Coste: 53976

GENERACION: 60
Mejor Solucion:  10 23 2 46 15 3 37 36 5 12 26 31 48 41 33 30 16 32 0 9 6 18 47 45 13 28 20 40 38 19 17 24 22 42 14 4 35 49 25 44 11 39 8 1 43 7 21 29 27 34
Coste: 53976

GENERACION: 61
Mejor Solucion:  10 23 2 46 15 3 37 36 5 12 26 31 48 41 33 30 16 32 0 9 6 18 47 45 13 28 20 40 38 19 17 24 22 42 14 4 35 49 25 44 11 39 8 1 43 7 21 29 27 34
Coste: 53976

GENERACION: 62
Mejor Solucion:  10 23 2 46 15 3 37 36 5 12 26 31 48 41 33 30 16 32 0 9 6 18 47 45 13 28 20 40 38 19 17 24 22 42 14 4 35 49 25 44 11 39 8 1 43 7 21 29 27 34
Coste: 53976

GENERACION: 63
Mejor Solucion:  10 23 2 46 15 3 37 36 5 12 26 31 48 41 33 30 16 32 0 9 6 18 47 45 13 28 20 40 38 19 17 24 22 42 14 4 35 49 25 44 11 39 8 1 43 7 21 29 27 34
Coste: 53976

GENERACION: 64
Mejor Solucion:  10 23 2 46 15 3 37 36 5 12 26 31 48 41 33 30 16 32 0 9 6 18 47 45 13 28 20 40 38 19 17 24 22 42 14 4 35 49 25 44 11 39 8 1 43 7 21 29 27 34
Coste: 53976

GENERACION: 65
Mejor Solucion:  10 23 2 46 15 3 37 36 5 12 26 31 48 41 33 30 16 32 0 9 6 18 47 45 13 28 20 40 38 19 17 24 22 42 14 4 35 49 25 44 11 39 8 1 43 7 21 29 27 34
Coste: 53976

GENERACION: 66
Mejor Solucion:  10 23 2 46 15 3 37 36 5 12 26 31 48 41 33 30 16 32 0 9 6 18 47 45 13 28 20 40 38 19 17 24 22 42 14 4 35 49 25 44 11 39 8 1 43 7 21 29 27 34
Coste: 53976

GENERACION: 67
Mejor Solucion:  10 23 2 46 15 3 37 36 5 12 26 31 48 41 33 30 16 32 0 9 6 18 47 45 13 28 20 40 38 19 17 24 22 42 14 4 35 49 25 44 11 39 8 1 43 7 21 29 27 34
Coste: 53976

GENERACION: 68
Mejor Solucion:  10 23 2 46 15 3 37 36 5 12 26 31 48 41 33 30 16 32 0 9 6 18 47 45 13 28 20 40 38 19 17 24 22 42 14 4 35 49 25 44 11 39 8 1 43 7 21 29 27 34
Coste: 53976

GENERACION: 69
Mejor Solucion:  10 23 2 46 15 3 37 36 5 12 26 31 48 41 33 30 16 32 0 9 6 18 47 45 13 28 20 40 38 19 17 24 22 42 14 4 35 49 25 44 11 39 8 1 43 7 21 29 27 34
Coste: 53976

GENERACION: 70
Mejor Solucion:  10 23 2 46 15 3 37 36 5 12 26 31 48 41 33 30 16 32 0 9 6 18 47 45 13 28 20 40 38 19 17 24 22 42 14 4 35 49 25 44 11 39 8 1 43 7 21 29 27 34
Coste: 53976

GENERACION: 71
Mejor Solucion:  10 23 2 46 15 3 37 36 5 12 26 31 48 41 33 30 16 32 0 9 6 18 47 45 13 28 20 40 38 19 17 24 22 42 14 4 35 49 25 44 11 39 8 1 43 7 21 29 27 34
Coste: 53976

GENERACION: 72
Mejor Solucion:  10 23 2 46 15 3 37 36 5 12 26 31 48 41 33 30 16 32 0 9 6 18 47 45 13 28 20 40 38 19 17 24 22 42 14 4 35 49 25 44 11 39 8 1 43 7 21 29 27 34
Coste: 53976

GENERACION: 73
Mejor Solucion:  10 23 2 46 15 3 37 36 5 12 26 31 48 41 33 30 16 32 0 9 6 18 47 45 13 28 20 40 38 19 17 24 22 42 14 4 35 49 25 44 11 39 8 1 43 7 21 29 27 34
Coste: 53976

GENERACION: 74
Mejor Solucion:  10 23 2 46 15 3 37 36 5 12 26 32 48 41 33 30 16 31 0 9 6 11 47 45 13 28 20 40 38 19 17 24 22 42 14 4 35 49 25 44 18 39 8 1 43 7 21 29 27 34
Coste: 53923

GENERACION: 75
Mejor Solucion:  10 23 2 46 15 3 37 36 5 12 26 32 48 41 33 30 16 31 0 9 6 11 47 45 13 28 20 40 38 19 17 24 22 42 14 4 35 49 25 44 18 39 8 1 43 7 21 29 27 34
Coste: 53923

GENERACION: 76
Mejor Solucion:  10 23 2 46 15 3 37 36 5 12 26 32 48 41 33 30 16 31 0 9 6 11 47 45 13 28 20 40 38 19 17 24 22 42 14 4 35 49 25 44 18 39 8 1 43 7 21 29 27 34
Coste: 53923

GENERACION: 77
Mejor Solucion:  10 23 2 46 15 3 37 36 5 12 26 32 48 41 33 30 16 31 0 9 6 11 47 45 13 28 20 40 38 19 17 24 22 42 14 4 35 49 25 44 18 39 8 1 43 7 21 29 27 34
Coste: 53923

GENERACION: 78
Mejor Solucion:  10 23 2 46 15 3 37 36 5 12 26 32 48 41 33 30 16 31 0 9 6 11 47 45 13 28 20 40 38 19 17 24 22 42 14 4 35 49 25 44 18 39 8 1 43 7 21 29 27 34
Coste: 53923

GENERACION: 79
Mejor Solucion:  10 23 2 46 15 3 37 36 5 12 26 32 48 41 33 30 16 31 0 9 6 11 47 45 13 28 20 40 38 19 17 24 22 42 14 4 35 49 25 44 18 39 8 1 43 7 21 29 27 34
Coste: 53923

GENERACION: 80
Mejor Solucion:  10 23 2 46 15 3 37 36 5 12 26 32 48 41 33 30 16 31 0 9 6 11 47 45 13 28 20 40 38 19 17 24 22 42 14 4 35 49 25 44 18 39 8 1 43 7 21 29 27 34
Coste: 53923

GENERACION: 81
Mejor Solucion:  10 23 2 46 15 3 37 36 5 12 26 32 48 41 33 30 16 31 0 9 6 11 47 45 13 28 20 40 38 19 17 24 22 42 14 4 35 49 25 44 18 39 8 1 43 7 21 29 27 34
Coste: 53923

GENERACION: 82
Mejor Solucion:  10 23 2 46 15 3 37 36 5 12 26 32 48 41 33 30 16 31 0 9 6 11 47 45 13 28 20 40 38 19 17 24 22 42 14 4 35 49 25 44 18 39 8 1 43 7 21 29 27 34
Coste: 53923

GENERACION: 83
Mejor Solucion:  10 23 2 46 15 3 37 36 5 12 26 32 48 41 33 30 16 31 0 9 6 11 47 45 13 28 20 40 38 19 17 24 22 42 14 4 35 49 25 44 18 39 8 1 43 7 21 29 27 34
Coste: 53923

GENERACION: 84
Mejor Solucion:  10 23 2 46 15 3 37 36 5 12 26 32 48 41 33 30 16 31 0 9 6 11 47 45 13 28 20 40 38 19 17 24 22 42 14 4 35 49 25 44 18 39 8 1 43 7 21 29 27 34
Coste: 53923

GENERACION: 85
Mejor Solucion:  10 23 2 46 15 3 37 36 5 12 26 32 48 41 33 30 16 31 0 9 6 11 47 45 13 28 20 40 38 19 17 24 22 42 14 4 35 49 25 44 18 39 8 1 43 7 21 29 27 34
Coste: 53923

GENERACION: 86
Mejor Solucion:  10 23 2 46 15 3 37 36 5 12 26 32 48 41 33 30 16 31 0 9 6 11 47 45 13 28 20 40 38 19 17 24 22 42 14 4 35 49 25 44 18 39 8 1 43 7 21 29 27 34
Coste: 53923

GENERACION: 87
Mejor Solucion:  10 23 2 46 15 3 37 36 5 12 26 32 48 41 33 30 16 31 0 9 6 11 47 45 13 28 20 40 38 19 17 24 22 42 14 4 35 49 25 44 18 39 8 1 43 7 21 29 27 34
Coste: 53923

GENERACION: 88
Mejor Solucion:  10 23 2 46 15 3 37 36 5 12 26 32 48 41 33 30 16 31 0 9 6 11 47 45 13 28 20 40 38 19 17 24 22 42 14 4 35 49 25 44 18 39 8 1 43 7 21 29 27 34
Coste: 53923

GENERACION: 89
Mejor Solucion:  10 23 2 46 15 3 37 36 5 12 26 32 48 41 33 30 16 31 0 9 6 11 47 45 13 28 20 40 38 19 17 24 22 42 14 4 35 49 25 44 18 39 8 1 43 7 21 29 27 34
Coste: 53923

GENERACION: 90
Mejor Solucion:  10 23 2 46 15 3 37 36 5 12 26 32 48 41 33 30 16 31 0 9 6 11 47 45 13 28 20 40 38 19 17 24 22 42 14 4 35 49 25 44 18 39 8 1 43 7 21 29 27 34
Coste: 53923

GENERACION: 91
Mejor Solucion:  10 23 2 46 15 3 37 36 5 12 26 32 48 41 33 30 16 31 0 9 6 11 47 45 13 28 20 40 38 19 17 24 22 42 14 4 35 49 25 44 18 39 8 1 43 7 21 29 27 34
Coste: 53923

GENERACION: 92
Mejor Solucion:  10 23 2 46 15 3 37 36 5 12 26 32 48 41 33 30 16 31 0 9 6 11 47 45 13 28 20 40 38 19 17 24 22 42 14 4 35 49 25 44 18 39 8 1 43 7 21 29 27 34
Coste: 53923

GENERACION: 93
Mejor Solucion:  10 23 2 46 15 3 37 36 5 12 26 32 48 41 33 30 16 31 0 9 6 11 47 45 13 28 20 40 38 19 17 24 22 42 14 4 35 49 25 44 18 39 8 1 43 7 21 29 27 34
Coste: 53923

GENERACION: 94
Mejor Solucion:  10 23 2 46 15 3 37 36 5 12 26 32 48 41 33 30 16 31 0 9 6 11 47 45 13 28 20 40 38 19 17 24 22 42 14 4 35 49 25 44 18 39 8 1 43 7 21 29 27 34
Coste: 53923

GENERACION: 95
Mejor Solucion:  10 23 2 46 15 3 37 36 5 12 26 32 48 41 33 30 16 31 0 9 6 11 47 45 13 28 20 40 38 19 17 24 22 42 14 4 35 49 25 44 18 39 8 1 43 7 21 29 27 34
Coste: 53923

GENERACION: 96
Mejor Solucion:  10 23 2 46 15 3 37 36 5 12 26 32 48 41 33 30 16 31 0 9 6 11 47 45 13 28 20 40 38 19 17 24 22 42 14 4 35 49 25 44 18 39 8 1 43 7 21 29 27 34
Coste: 53923

GENERACION: 97
Mejor Solucion:  10 23 2 46 15 3 37 36 5 12 26 32 48 41 33 30 16 31 0 9 6 11 47 45 13 28 20 40 38 19 17 24 22 42 14 4 35 49 25 44 18 39 8 1 43 7 21 29 27 34
Coste: 53923

GENERACION: 98
Mejor Solucion:  10 23 2 46 15 3 37 36 5 12 26 32 48 41 33 30 16 31 0 9 6 11 47 45 13 28 20 40 38 19 17 24 22 42 14 4 35 49 25 44 18 39 8 1 43 7 21 29 27 34
Coste: 53923

GENERACION: 99
Mejor Solucion:  10 23 2 46 15 3 37 36 5 12 26 32 48 41 33 30 16 31 0 9 6 11 47 45 13 28 20 40 38 19 17 24 22 42 14 4 35 49 25 44 18 39 8 1 43 7 21 29 27 34
Coste: 53923

GENERACION: 100
Mejor Solucion:  10 23 2 46 15 3 37 36 5 12 26 32 48 41 33 30 16 31 0 9 6 11 47 45 13 28 20 40 38 19 17 24 22 42 14 4 35 49 25 44 18 39 8 1 43 7 21 29 27 34
Coste: 53923

GENERACION: 101
Mejor Solucion:  10 23 2 46 15 3 37 36 5 12 26 32 48 41 33 30 16 31 0 9 6 11 47 45 13 28 20 40 38 19 17 24 22 42 14 4 35 49 25 44 18 39 8 1 43 7 21 29 27 34
Coste: 53923

GENERACION: 102
Mejor Solucion:  10 23 2 46 15 3 37 36 5 12 26 32 48 41 33 30 16 31 0 9 6 11 47 45 13 28 20 40 38 19 17 24 22 42 14 4 35 49 25 44 18 39 8 1 43 7 21 29 27 34
Coste: 53923

GENERACION: 103
Mejor Solucion:  10 23 2 46 15 3 37 36 5 12 26 32 48 41 33 30 16 31 0 9 6 11 47 45 13 28 20 40 38 19 17 24 22 42 14 4 35 49 25 44 18 39 8 1 43 7 21 29 27 34
Coste: 53923

GENERACION: 104
Mejor Solucion:  10 23 2 46 15 3 37 36 5 12 26 32 48 41 33 30 16 31 0 9 6 11 47 45 13 28 20 40 38 19 17 24 22 42 14 4 35 49 25 44 18 39 8 1 43 7 21 29 27 34
Coste: 53923

GENERACION: 105
Mejor Solucion:  10 23 2 46 15 3 37 36 5 12 26 32 48 41 33 30 16 31 0 9 6 11 47 45 13 28 20 40 38 19 17 24 22 42 14 4 35 49 25 44 18 39 8 1 43 7 21 29 27 34
Coste: 53923

GENERACION: 106
Mejor Solucion:  10 23 2 46 15 3 37 36 5 12 26 32 48 41 33 30 16 31 0 9 6 11 47 45 13 28 20 40 38 19 17 24 22 42 14 4 35 49 25 44 18 39 8 1 43 7 21 29 27 34
Coste: 53923

GENERACION: 107
Mejor Solucion:  10 23 2 46 15 3 37 36 5 12 26 32 48 41 33 30 16 31 0 9 6 11 47 45 13 28 20 40 38 19 17 24 22 42 14 4 35 49 25 44 18 39 8 1 43 7 21 29 27 34
Coste: 53923

GENERACION: 108
Mejor Solucion:  10 23 2 46 15 3 37 36 5 12 26 32 48 41 33 30 16 31 0 9 6 11 47 45 13 28 20 40 38 19 17 24 22 42 14 4 35 49 25 44 18 39 8 1 43 7 21 29 27 34
Coste: 53923

GENERACION: 109
Mejor Solucion:  10 23 2 46 15 3 37 36 5 12 26 32 48 41 33 30 16 31 0 9 6 11 47 45 13 28 20 40 38 19 17 24 22 42 14 4 35 49 25 44 18 39 8 1 43 7 21 29 27 34
Coste: 53923

GENERACION: 110
Mejor Solucion:  10 23 2 46 15 3 37 36 5 12 26 32 48 41 33 30 16 31 0 9 6 11 47 45 13 28 20 40 38 19 17 24 22 42 14 4 35 49 25 44 18 39 8 1 43 7 21 29 27 34
Coste: 53923

GENERACION: 111
Mejor Solucion:  10 23 2 46 15 3 37 36 5 12 26 32 48 41 33 30 16 31 0 9 6 11 47 45 13 28 20 40 38 19 17 24 22 42 14 4 35 49 25 44 18 39 8 1 43 7 21 29 27 34
Coste: 53923

GENERACION: 112
Mejor Solucion:  10 23 2 46 15 3 37 36 5 12 26 32 48 41 33 30 16 31 0 9 6 11 47 45 13 28 20 40 38 19 17 24 22 42 14 4 35 49 25 44 18 39 8 1 43 7 21 29 27 34
Coste: 53923

GENERACION: 113
Mejor Solucion:  10 23 2 46 15 3 37 36 5 12 26 32 48 41 33 30 16 31 0 9 6 11 47 45 13 28 20 40 38 19 17 24 22 42 14 4 35 49 25 44 18 39 8 1 43 7 21 29 27 34
Coste: 53923

GENERACION: 114
Mejor Solucion:  10 23 2 46 15 3 37 36 5 12 26 32 48 41 33 30 16 31 0 9 6 11 47 45 13 28 20 40 38 19 17 24 22 42 14 4 35 49 25 44 18 39 8 1 43 7 21 29 27 34
Coste: 53923

GENERACION: 115
Mejor Solucion:  10 23 2 46 15 3 37 36 5 12 26 32 48 41 33 30 16 31 0 9 6 11 47 45 13 28 20 40 38 19 17 24 22 42 14 4 35 49 25 44 18 39 8 1 43 7 21 29 27 34
Coste: 53923

GENERACION: 116
Mejor Solucion:  10 23 2 46 15 3 37 36 5 12 26 32 48 41 33 30 16 31 0 9 6 11 47 45 13 28 20 40 38 19 17 24 22 42 14 4 35 49 25 44 18 39 8 1 43 7 21 29 27 34
Coste: 53923

GENERACION: 117
Mejor Solucion:  10 23 2 46 15 3 37 36 5 12 26 32 48 41 33 30 16 31 0 9 6 11 47 45 13 28 20 40 38 19 17 24 22 42 14 4 35 49 25 44 18 39 8 1 43 7 21 29 27 34
Coste: 53923

GENERACION: 118
Mejor Solucion:  10 23 2 46 15 3 37 36 5 12 26 32 48 41 33 30 16 31 0 9 6 11 47 45 13 28 20 40 38 19 17 24 22 42 14 4 35 49 25 44 18 39 8 1 43 7 21 29 27 34
Coste: 53923

GENERACION: 119
Mejor Solucion:  10 23 2 46 15 3 37 36 5 12 26 32 48 41 33 30 16 31 0 9 6 11 47 45 13 28 20 40 38 19 17 24 22 42 14 4 35 49 25 44 18 39 8 1 43 7 21 29 27 34
Coste: 53923

GENERACION: 120
Mejor Solucion:  10 23 2 46 15 3 37 36 5 12 26 32 48 41 33 30 16 31 0 9 6 11 47 45 13 28 20 40 38 19 17 24 22 42 14 4 35 49 25 44 18 39 8 1 43 7 21 29 27 34
Coste: 53923

GENERACION: 121
Mejor Solucion:  10 23 2 46 15 3 37 36 5 12 26 32 48 41 33 30 16 31 0 9 6 11 47 45 13 28 20 40 38 19 17 24 22 42 14 4 35 49 25 44 18 39 8 1 43 7 21 29 27 34
Coste: 53923

GENERACION: 122
Mejor Solucion:  10 23 2 46 15 3 37 36 5 12 26 32 48 41 33 43 16 31 0 9 6 11 47 45 13 28 20 40 38 19 17 24 22 42 14 4 35 49 25 44 18 39 8 1 30 7 21 29 27 34
Coste: 53754

GENERACION: 123
Mejor Solucion:  10 23 2 46 15 3 37 36 5 12 26 32 48 41 33 43 16 31 0 9 6 11 47 45 13 28 20 40 38 19 17 24 22 42 14 4 35 49 25 44 18 39 8 1 30 7 21 29 27 34
Coste: 53754

GENERACION: 124
Mejor Solucion:  10 23 2 46 15 3 37 36 5 12 26 32 48 41 33 43 16 31 0 9 6 11 47 45 13 28 20 40 38 19 17 24 22 42 14 4 35 49 25 44 18 39 8 1 30 7 21 29 27 34
Coste: 53754

GENERACION: 125
Mejor Solucion:  10 23 2 46 15 3 37 36 5 12 26 32 48 41 33 43 16 31 0 9 6 11 47 45 13 28 20 40 38 19 17 24 22 42 14 4 35 49 25 44 18 39 8 1 30 7 21 29 27 34
Coste: 53754

GENERACION: 126
Mejor Solucion:  10 23 2 46 15 3 37 36 5 12 26 32 48 41 33 43 16 31 0 9 6 11 47 45 13 28 20 40 38 19 17 24 22 42 14 4 35 49 25 44 18 39 8 1 30 7 21 29 27 34
Coste: 53754

GENERACION: 127
Mejor Solucion:  10 23 2 46 15 3 37 36 5 12 26 32 48 41 33 43 16 31 0 9 6 11 47 45 13 28 20 40 38 19 17 24 22 42 14 4 35 49 25 44 18 39 8 1 30 7 21 29 27 34
Coste: 53754

GENERACION: 128
Mejor Solucion:  10 23 2 46 15 3 37 36 5 12 26 32 48 41 33 43 16 31 0 9 6 11 47 45 13 28 20 40 38 19 17 24 22 42 14 4 35 49 25 44 18 39 8 1 30 7 21 29 27 34
Coste: 53754

GENERACION: 129
Mejor Solucion:  10 23 2 46 15 3 37 36 5 12 26 32 48 41 33 43 16 31 0 9 6 11 47 45 13 28 20 40 38 19 17 24 22 42 14 4 35 49 25 44 18 39 8 1 30 7 21 29 27 34
Coste: 53754

GENERACION: 130
Mejor Solucion:  10 23 2 46 15 3 37 36 5 12 26 32 48 41 33 43 16 31 0 9 6 11 47 45 13 28 20 40 38 19 17 24 22 42 14 4 35 49 25 44 18 39 8 1 30 7 21 29 27 34
Coste: 53754

GENERACION: 131
Mejor Solucion:  10 23 2 46 15 3 37 36 5 12 26 32 48 41 33 43 16 31 0 9 6 11 47 45 13 28 20 40 38 19 17 24 22 42 14 4 35 49 25 44 18 39 8 1 30 7 21 29 27 34
Coste: 53754

GENERACION: 132
Mejor Solucion:  10 23 2 46 15 3 37 36 5 12 26 32 48 41 33 43 16 31 0 9 6 11 47 45 13 28 20 40 38 19 17 24 22 42 14 4 35 49 25 44 18 39 8 1 30 7 21 29 27 34
Coste: 53754

GENERACION: 133
Mejor Solucion:  10 23 2 46 15 3 37 36 5 12 26 32 48 41 33 43 16 31 0 9 6 11 47 45 13 28 20 40 38 19 17 24 22 42 14 4 35 49 25 44 18 39 8 1 30 7 21 29 27 34
Coste: 53754

GENERACION: 134
Mejor Solucion:  10 23 2 46 15 3 37 36 5 12 26 32 48 41 33 43 16 31 0 9 6 11 47 45 13 28 20 40 38 19 17 24 22 42 14 4 35 49 25 44 18 39 8 1 30 7 21 29 27 34
Coste: 53754

GENERACION: 135
Mejor Solucion:  10 23 2 46 15 3 37 36 5 12 26 32 48 41 33 43 16 31 0 9 6 11 47 45 13 28 20 40 38 19 17 24 22 42 14 4 35 49 25 44 18 39 8 1 30 7 21 29 27 34
Coste: 53754

GENERACION: 136
Mejor Solucion:  10 23 2 46 15 3 37 36 5 12 26 32 48 41 33 43 16 31 0 9 6 11 47 45 13 28 20 40 38 19 17 24 22 42 14 4 35 49 25 44 18 39 8 1 30 7 21 29 27 34
Coste: 53754

GENERACION: 137
Mejor Solucion:  10 23 2 46 15 3 37 36 5 12 26 32 48 41 33 43 16 31 0 9 6 11 47 45 13 28 20 40 38 19 17 24 22 42 14 4 35 49 25 44 18 39 8 1 30 7 21 29 27 34
Coste: 53754

GENERACION: 138
Mejor Solucion:  10 23 2 46 15 3 37 36 5 12 26 32 48 41 33 43 16 31 0 9 6 11 47 45 13 28 20 40 38 19 17 24 22 42 14 4 35 49 25 44 18 39 8 1 30 7 21 29 27 34
Coste: 53754

GENERACION: 139
Mejor Solucion:  10 23 2 46 15 3 37 36 5 12 26 32 48 41 33 43 16 31 0 9 6 11 47 45 13 28 20 40 38 19 17 24 22 42 14 4 35 49 25 44 18 39 8 1 30 7 21 29 27 34
Coste: 53754

GENERACION: 140
Mejor Solucion:  10 23 2 46 15 3 37 36 5 12 26 32 48 41 33 43 16 31 0 9 6 11 47 45 13 28 20 40 38 19 17 24 22 42 14 4 35 49 25 44 18 39 8 1 30 7 21 29 27 34
Coste: 53754

GENERACION: 141
Mejor Solucion:  10 23 2 46 15 3 37 36 5 12 26 32 48 41 33 43 16 31 0 9 6 11 47 45 13 28 20 40 38 19 17 24 22 42 14 4 35 49 25 44 18 39 8 1 30 7 21 29 27 34
Coste: 53754

GENERACION: 142
Mejor Solucion:  10 23 2 46 15 3 37 36 5 12 26 32 48 41 33 43 16 31 0 9 6 11 47 45 13 28 20 40 38 19 17 24 22 42 14 4 35 49 25 44 18 39 8 1 30 7 21 29 27 34
Coste: 53754

GENERACION: 143
Mejor Solucion:  10 23 2 46 15 3 37 36 5 12 26 32 48 41 33 43 16 31 0 9 6 11 47 45 13 28 20 40 38 19 17 24 22 42 14 4 35 49 25 44 18 39 8 1 30 7 21 29 27 34
Coste: 53754

GENERACION: 144
Mejor Solucion:  10 23 2 46 15 3 37 36 5 12 26 32 48 41 33 43 16 31 0 9 6 11 47 45 13 28 20 40 38 19 17 24 22 42 14 4 35 49 25 44 18 39 8 1 30 7 21 29 27 34
Coste: 53754

GENERACION: 145
Mejor Solucion:  10 23 2 46 15 3 37 36 5 12 26 32 48 41 33 43 16 31 0 9 6 11 47 45 13 28 20 40 38 19 17 24 22 42 14 4 35 49 25 44 18 39 8 1 30 7 21 29 27 34
Coste: 53754

GENERACION: 146
Mejor Solucion:  10 23 2 46 15 3 37 36 5 12 26 32 48 41 33 43 16 31 0 9 6 11 47 45 13 28 20 40 38 19 17 24 22 42 14 4 35 49 25 44 18 39 8 1 30 7 21 29 27 34
Coste: 53754

GENERACION: 147
Mejor Solucion:  10 23 2 46 15 3 37 36 5 12 26 32 48 41 33 43 16 31 0 9 6 11 47 45 13 28 20 40 38 19 17 24 22 42 14 4 35 49 25 44 18 39 8 1 30 7 21 29 27 34
Coste: 53754

GENERACION: 148
Mejor Solucion:  10 23 2 46 15 3 37 36 5 12 26 32 48 41 33 43 16 31 0 9 6 11 47 45 13 28 20 40 38 19 17 24 22 42 14 4 35 49 25 44 18 39 8 1 30 7 21 29 27 34
Coste: 53754

GENERACION: 149
Mejor Solucion:  10 23 2 46 15 3 37 36 5 12 26 32 48 41 33 43 16 31 0 9 6 11 47 45 13 28 20 40 38 19 17 24 22 42 14 4 35 49 25 44 18 39 8 1 30 7 21 29 27 34
Coste: 53754

GENERACION: 150
Mejor Solucion:  10 23 2 46 15 3 37 36 5 12 26 32 48 41 33 43 16 31 0 9 6 11 47 45 13 28 20 40 38 19 17 24 22 42 14 4 35 49 25 44 18 39 8 1 30 7 21 29 27 34
Coste: 53754

GENERACION: 151
Mejor Solucion:  10 23 2 46 15 3 37 36 5 12 26 32 48 41 33 43 16 31 0 9 6 11 47 45 13 28 20 40 38 19 17 24 22 42 14 4 35 49 25 44 18 39 8 1 30 7 21 29 27 34
Coste: 53754

GENERACION: 152
Mejor Solucion:  10 23 2 46 15 3 37 36 5 12 26 32 48 41 33 43 16 31 0 9 6 11 47 45 13 28 20 40 38 19 17 24 22 42 14 4 35 49 25 44 18 39 8 1 30 7 21 29 27 34
Coste: 53754

GENERACION: 153
Mejor Solucion:  10 23 2 46 15 3 37 36 5 12 26 32 48 41 33 43 16 31 0 9 6 11 47 45 13 28 20 40 38 19 17 24 22 42 14 4 35 49 25 44 18 39 8 1 30 7 21 29 27 34
Coste: 53754

GENERACION: 154
Mejor Solucion:  10 23 2 46 15 3 37 36 5 12 26 32 48 41 33 43 16 31 0 9 6 11 47 45 13 28 20 40 38 19 17 24 22 42 14 4 35 49 25 44 18 39 8 1 30 7 21 29 27 34
Coste: 53754

GENERACION: 155
Mejor Solucion:  10 23 2 46 15 3 37 36 5 12 26 32 48 41 33 43 16 31 0 9 6 11 47 45 13 28 20 40 38 19 17 24 22 42 14 4 35 49 25 44 18 39 8 1 30 7 21 29 27 34
Coste: 53754

GENERACION: 156
Mejor Solucion:  10 23 2 46 15 3 37 36 5 12 26 32 48 41 33 43 16 31 0 9 6 11 47 45 13 28 20 40 38 19 17 24 22 42 14 4 35 49 25 44 18 39 8 1 30 7 21 29 27 34
Coste: 53754

GENERACION: 157
Mejor Solucion:  10 23 2 46 15 3 37 36 5 12 26 32 48 41 33 43 16 31 0 9 6 11 47 45 13 28 20 40 38 19 17 24 22 42 14 4 35 49 25 44 18 39 8 1 30 7 21 29 27 34
Coste: 53754

GENERACION: 158
Mejor Solucion:  10 23 2 46 15 3 37 36 5 12 26 32 48 41 33 43 16 31 0 9 6 11 47 45 13 28 20 40 38 19 17 24 22 42 14 4 35 49 25 44 18 39 8 1 30 7 21 29 27 34
Coste: 53754

GENERACION: 159
Mejor Solucion:  10 23 2 46 15 3 37 36 5 12 26 32 48 41 33 43 16 31 0 9 6 11 47 45 13 28 20 40 38 19 17 24 22 42 14 4 35 49 25 44 18 39 8 1 30 7 21 29 27 34
Coste: 53754

GENERACION: 160
Mejor Solucion:  10 23 2 46 15 3 37 36 5 12 26 32 48 41 33 43 16 31 0 9 6 11 47 45 13 28 20 40 38 19 17 24 22 42 14 4 35 49 25 44 18 39 8 1 30 7 21 29 27 34
Coste: 53754

GENERACION: 161
Mejor Solucion:  10 23 2 46 15 3 37 36 5 12 26 32 48 41 33 43 16 31 0 9 6 11 47 45 13 28 20 40 38 19 17 24 22 42 14 4 35 49 25 44 18 39 8 1 30 7 21 29 27 34
Coste: 53754

GENERACION: 162
Mejor Solucion:  10 23 2 46 15 3 37 36 5 12 26 32 48 41 33 43 16 31 0 9 6 11 47 45 13 28 20 40 38 19 17 24 22 42 14 4 35 49 25 44 18 39 8 1 30 7 21 29 27 34
Coste: 53754

GENERACION: 163
Mejor Solucion:  10 23 2 46 15 3 37 36 5 12 26 32 48 41 33 43 16 31 0 9 6 11 47 45 13 28 20 40 38 19 17 24 22 42 14 4 35 49 25 44 18 39 8 1 30 7 21 29 27 34
Coste: 53754

GENERACION: 164
Mejor Solucion:  10 23 2 46 15 3 37 36 5 12 26 32 48 41 33 43 16 31 0 9 6 11 47 45 13 28 20 40 38 19 17 24 22 42 14 4 35 49 25 44 18 39 8 1 30 7 21 29 27 34
Coste: 53754

GENERACION: 165
Mejor Solucion:  10 23 2 46 15 3 37 36 5 12 26 32 48 41 33 43 16 31 0 9 6 11 47 45 13 28 20 40 38 19 17 24 22 42 14 4 35 49 25 44 18 39 8 1 30 7 21 29 27 34
Coste: 53754

GENERACION: 166
Mejor Solucion:  10 23 2 46 15 3 37 36 5 12 26 32 48 41 33 43 16 31 0 9 6 11 47 45 13 28 20 40 38 19 17 24 22 42 14 4 35 49 25 44 18 39 8 1 30 7 21 29 27 34
Coste: 53754

GENERACION: 167
Mejor Solucion:  10 23 2 46 15 3 37 36 5 12 26 32 48 41 33 43 16 31 0 9 6 11 47 45 13 28 20 40 38 19 17 24 22 42 14 4 35 49 25 44 18 39 8 1 30 7 21 29 27 34
Coste: 53754

GENERACION: 168
Mejor Solucion:  10 23 2 46 15 3 37 36 5 12 26 32 48 41 33 43 16 31 0 9 6 11 47 45 13 28 20 40 38 19 17 24 22 42 14 4 35 49 25 44 18 39 8 1 30 7 21 29 27 34
Coste: 53754

GENERACION: 169
Mejor Solucion:  10 23 2 46 15 3 37 36 5 12 26 32 48 41 33 43 16 31 0 9 6 11 47 45 13 28 20 40 38 19 17 24 22 42 14 4 35 49 25 44 18 39 8 1 30 7 21 29 27 34
Coste: 53754

GENERACION: 170
Mejor Solucion:  10 23 2 46 15 3 37 36 5 12 26 32 48 41 33 43 16 31 0 9 6 11 47 45 13 28 20 40 38 19 17 24 22 42 14 4 35 49 25 44 18 39 8 1 30 7 21 29 27 34
Coste: 53754

GENERACION: 171
Mejor Solucion:  10 23 2 46 15 3 37 36 5 12 26 32 48 41 33 43 16 31 0 9 6 11 47 45 13 28 20 40 38 19 17 24 22 42 14 4 35 49 25 44 18 39 8 1 30 7 21 29 27 34
Coste: 53754

GENERACION: 172
Mejor Solucion:  10 23 2 46 15 3 37 36 5 12 26 32 48 41 33 43 16 31 0 9 6 11 47 45 13 28 20 40 38 19 17 24 22 42 14 4 35 49 25 44 18 39 8 1 30 7 21 29 27 34
Coste: 53754

GENERACION: 173
Mejor Solucion:  10 23 2 46 15 3 37 36 5 12 26 32 48 41 33 43 16 31 0 9 6 11 47 45 13 28 20 40 38 19 17 24 22 42 14 4 35 49 25 44 18 39 8 1 30 7 21 29 27 34
Coste: 53754

GENERACION: 174
Mejor Solucion:  10 23 2 46 15 3 37 36 5 12 26 32 48 41 33 43 16 31 0 9 6 11 47 45 13 28 20 40 38 19 17 24 22 42 14 4 35 49 25 44 18 39 8 1 30 7 21 29 27 34
Coste: 53754

GENERACION: 175
Mejor Solucion:  10 23 2 46 15 3 37 36 5 12 26 32 48 41 33 43 16 31 0 9 6 11 47 45 13 28 20 40 38 19 17 24 22 42 14 4 35 49 25 44 18 39 8 1 30 7 21 29 27 34
Coste: 53754

GENERACION: 176
Mejor Solucion:  10 23 2 46 15 3 37 36 5 12 26 32 48 41 33 43 16 31 0 9 6 11 47 45 13 28 20 40 38 19 17 24 22 42 14 4 35 49 25 44 18 39 8 1 30 7 21 29 27 34
Coste: 53754

GENERACION: 177
Mejor Solucion:  10 23 2 46 15 3 37 36 5 12 26 32 48 41 33 43 16 31 0 9 6 11 47 45 13 28 20 40 38 19 17 24 22 42 14 4 35 49 25 44 18 39 8 1 30 7 21 29 27 34
Coste: 53754

GENERACION: 178
Mejor Solucion:  10 23 2 46 15 3 37 36 5 12 26 32 48 41 33 43 16 31 0 9 6 11 47 45 13 28 20 40 38 19 17 24 22 42 14 4 35 49 25 44 18 39 8 1 30 7 21 29 27 34
Coste: 53754

GENERACION: 179
Mejor Solucion:  10 23 2 46 15 3 37 36 5 12 26 32 48 41 33 43 16 31 0 9 6 11 47 45 13 28 20 40 38 19 17 24 22 42 14 4 35 49 25 44 18 39 8 1 30 7 21 29 27 34
Coste: 53754

GENERACION: 180
Mejor Solucion:  10 23 2 46 15 3 37 36 5 12 26 32 48 41 33 43 16 31 0 9 6 11 47 45 13 28 20 40 38 19 17 24 22 42 14 4 35 49 25 44 18 39 8 1 30 7 21 29 27 34
Coste: 53754

GENERACION: 181
Mejor Solucion:  10 23 2 46 15 3 37 36 5 12 26 32 48 41 33 43 16 31 0 9 6 11 47 45 13 28 20 40 38 19 17 24 22 42 14 4 35 49 25 44 18 39 8 1 30 7 21 29 27 34
Coste: 53754

GENERACION: 182
Mejor Solucion:  10 23 2 46 15 3 37 36 5 12 26 32 48 41 33 43 16 31 0 9 6 11 47 45 13 28 20 40 38 19 17 24 22 42 14 4 35 49 25 44 18 39 8 1 30 7 21 29 27 34
Coste: 53754

GENERACION: 183
Mejor Solucion:  10 23 2 46 15 3 37 36 5 12 26 32 48 41 33 43 16 31 0 9 6 11 47 45 13 28 20 40 38 19 17 24 22 42 14 4 35 49 25 44 18 39 8 1 30 7 21 29 27 34
Coste: 53754

GENERACION: 184
Mejor Solucion:  10 23 2 46 15 3 37 36 5 12 26 32 48 41 33 43 16 31 0 9 6 11 47 45 13 28 20 40 38 19 17 24 22 42 14 4 35 49 25 44 18 39 8 1 30 7 21 29 27 34
Coste: 53754

GENERACION: 185
Mejor Solucion:  10 23 2 46 15 3 37 36 5 12 26 32 48 41 33 43 16 31 0 9 6 11 47 45 13 28 20 40 38 19 17 24 22 42 14 4 35 49 25 44 18 39 8 1 30 7 21 29 27 34
Coste: 53754

GENERACION: 186
Mejor Solucion:  10 23 2 46 15 3 37 36 5 12 26 32 48 41 33 43 16 31 0 9 6 11 47 45 13 28 20 40 38 19 17 24 22 42 14 4 35 49 25 44 18 39 8 1 30 7 21 29 27 34
Coste: 53754

GENERACION: 187
Mejor Solucion:  10 23 2 46 15 3 37 36 5 12 26 32 48 41 33 43 16 31 0 9 6 11 47 45 13 28 20 40 38 19 17 24 22 42 14 4 35 49 25 44 18 39 8 1 30 7 21 29 27 34
Coste: 53754

GENERACION: 188
Mejor Solucion:  10 23 2 46 15 3 37 36 5 12 26 32 48 41 33 43 16 31 0 9 6 11 47 45 13 28 20 40 38 17 24 22 42 14 4 19 27 49 25 44 18 39 8 1 30 7 21 29 35 34
Coste: 53729

GENERACION: 189
Mejor Solucion:  10 23 2 46 15 3 37 36 5 12 26 32 48 41 33 43 16 31 0 9 6 11 47 45 13 28 20 40 38 17 24 22 42 14 4 19 27 49 25 44 18 39 8 1 30 7 21 29 35 34
Coste: 53729

GENERACION: 190
Mejor Solucion:  10 23 2 46 15 3 37 36 5 12 26 32 48 41 33 43 16 31 0 9 6 11 47 45 13 28 20 40 38 17 24 22 42 14 4 19 27 49 25 44 18 39 8 1 30 7 21 29 35 34
Coste: 53729

GENERACION: 191
Mejor Solucion:  10 23 2 46 15 3 37 36 5 12 26 32 48 41 33 43 16 31 0 9 6 11 47 45 13 28 20 40 38 17 24 22 42 14 4 19 27 49 25 44 18 39 8 1 30 7 21 29 35 34
Coste: 53729

GENERACION: 192
Mejor Solucion:  10 23 2 46 15 3 37 36 5 12 26 32 48 41 33 43 16 31 0 9 6 11 47 45 13 28 20 40 38 17 24 22 42 14 4 19 27 49 25 44 18 39 8 1 30 7 21 29 35 34
Coste: 53729

GENERACION: 193
Mejor Solucion:  10 23 2 46 15 3 37 36 5 12 26 32 48 41 33 43 16 31 0 9 6 11 47 45 13 28 20 40 38 17 24 22 42 14 4 19 27 49 25 44 18 39 8 1 30 7 21 29 35 34
Coste: 53729

GENERACION: 194
Mejor Solucion:  10 23 2 46 15 3 37 36 5 12 26 32 48 41 33 43 16 31 0 9 6 11 47 45 13 28 20 40 38 17 24 22 42 14 4 19 27 49 25 44 18 39 8 1 30 7 21 29 35 34
Coste: 53729

GENERACION: 195
Mejor Solucion:  10 23 2 46 15 3 37 36 5 12 26 32 48 41 33 43 16 31 0 9 6 11 47 45 13 28 20 40 38 17 24 22 42 14 4 19 27 49 25 44 18 39 8 1 30 7 21 29 35 34
Coste: 53729

GENERACION: 196
Mejor Solucion:  10 23 2 46 15 3 37 36 5 12 26 32 48 41 33 43 16 31 0 9 6 11 47 45 13 28 20 40 38 17 24 22 42 14 4 19 27 49 25 44 18 39 8 1 30 7 21 29 35 34
Coste: 53729

GENERACION: 197
Mejor Solucion:  10 23 2 46 15 3 37 36 5 12 26 32 48 41 33 43 16 31 0 9 6 11 47 45 13 28 20 40 38 17 24 22 42 14 4 19 27 49 25 44 18 39 8 1 30 7 21 29 35 34
Coste: 53729

GENERACION: 198
Mejor Solucion:  10 23 2 46 15 3 37 36 5 19 26 48 41 33 43 9 31 0 16 6 11 47 49 13 28 20 40 38 17 24 22 42 14 4 32 12 27 45 25 44 18 39 8 1 30 7 21 29 35 34
Coste: 53574

GENERACION: 199
Mejor Solucion:  10 23 2 46 15 3 37 36 5 19 26 48 41 33 43 9 31 0 16 6 11 47 49 13 28 20 40 38 17 24 22 42 14 4 32 12 27 45 25 44 18 39 8 1 30 7 21 29 35 34
Coste: 53574

GENERACION: 200
Mejor Solucion:  10 23 2 46 15 3 37 36 5 19 26 48 41 33 43 9 31 0 16 6 11 47 49 13 28 20 40 38 17 24 22 42 14 4 32 12 27 45 25 44 18 39 8 1 30 7 21 29 35 34
Coste: 53574

GENERACION: 201
Mejor Solucion:  10 23 2 46 15 3 37 36 5 19 26 48 41 33 43 9 31 0 16 6 11 47 49 13 28 20 40 38 17 24 22 42 14 4 32 12 27 45 25 44 18 39 8 1 30 7 21 29 35 34
Coste: 53574

GENERACION: 202
Mejor Solucion:  10 23 2 46 15 3 37 36 5 19 26 48 41 33 43 9 31 0 16 6 11 47 49 13 28 20 40 38 17 24 22 42 14 4 32 12 27 45 25 44 18 39 8 1 30 7 21 29 35 34
Coste: 53574

GENERACION: 203
Mejor Solucion:  10 23 2 46 15 3 37 36 5 19 26 48 41 33 43 9 31 0 16 6 11 47 49 13 28 20 40 38 17 24 22 42 14 4 32 12 27 45 25 44 18 39 8 1 30 7 21 29 35 34
Coste: 53574

GENERACION: 204
Mejor Solucion:  25 23 2 46 15 3 37 36 5 19 26 48 33 43 9 31 0 16 6 11 47 49 13 28 20 40 38 44 24 42 22 41 14 4 32 12 27 45 10 17 18 39 8 1 30 7 21 29 35 34
Coste: 53547

GENERACION: 205
Mejor Solucion:  25 23 2 46 15 3 37 36 5 19 26 48 33 43 9 31 0 16 6 11 47 49 13 28 20 40 38 44 24 42 22 41 14 4 32 12 27 45 10 17 18 39 8 1 30 7 21 29 35 34
Coste: 53547

GENERACION: 206
Mejor Solucion:  25 23 46 15 3 37 36 5 19 26 48 43 33 29 9 31 0 40 6 11 47 49 13 28 20 16 38 44 24 42 22 41 14 4 32 12 27 45 10 17 18 39 8 1 30 7 21 2 35 34
Coste: 53475

GENERACION: 207
Mejor Solucion:  25 23 46 15 3 37 36 5 19 26 48 43 33 29 9 31 0 40 6 11 47 49 13 28 20 16 38 44 24 42 22 41 14 4 32 12 27 45 10 17 18 39 8 1 30 7 21 2 35 34
Coste: 53475

GENERACION: 208
Mejor Solucion:  25 23 2 46 15 3 12 36 5 19 26 48 33 43 9 31 0 16 6 11 47 49 13 28 20 40 38 44 24 17 22 41 14 4 32 37 27 45 10 42 18 39 8 1 30 7 21 29 35 34
Coste: 53396

GENERACION: 209
Mejor Solucion:  25 23 2 46 15 3 12 36 5 19 26 48 33 43 9 31 0 16 6 11 47 49 13 28 20 40 38 44 24 17 22 41 14 4 32 37 27 45 10 42 18 39 8 1 30 7 21 29 35 34
Coste: 53396

GENERACION: 210
Mejor Solucion:  25 23 2 46 15 3 12 36 5 19 26 48 33 43 9 31 0 16 6 11 47 49 13 28 20 40 38 44 24 17 22 41 14 4 32 37 27 45 10 42 18 39 8 1 30 7 21 29 35 34
Coste: 53396

GENERACION: 211
Mejor Solucion:  25 23 2 46 15 3 12 36 5 19 26 48 33 43 9 31 0 16 6 11 47 49 13 28 20 40 38 44 24 17 22 41 14 4 32 37 27 45 10 42 18 39 8 1 30 7 21 29 35 34
Coste: 53396

GENERACION: 212
Mejor Solucion:  25 23 2 46 15 3 12 36 5 19 26 48 33 43 9 31 0 16 6 11 47 49 13 28 20 40 38 44 24 17 22 41 14 4 32 37 27 45 10 42 18 39 8 1 30 7 21 29 35 34
Coste: 53396

GENERACION: 213
Mejor Solucion:  25 23 2 46 15 3 12 36 5 19 26 48 33 43 9 31 0 16 6 11 47 49 13 28 20 40 38 44 24 17 22 41 14 4 32 37 27 45 10 42 18 39 8 1 30 7 21 29 35 34
Coste: 53396

GENERACION: 214
Mejor Solucion:  25 23 2 46 15 3 12 36 5 19 26 48 33 43 9 31 0 16 6 11 47 49 13 28 20 40 38 44 24 17 22 41 14 4 32 37 27 45 10 42 18 39 8 1 30 7 21 29 35 34
Coste: 53396

GENERACION: 215
Mejor Solucion:  25 23 2 46 15 3 12 36 5 19 26 48 33 43 9 31 0 16 6 11 47 49 13 28 20 40 38 44 24 17 22 41 14 4 32 37 27 45 10 42 18 39 8 1 30 7 21 29 35 34
Coste: 53396

GENERACION: 216
Mejor Solucion:  25 23 2 46 15 3 12 36 5 19 26 48 33 43 9 31 0 16 6 11 47 49 13 28 20 40 38 44 24 17 22 41 14 4 32 37 27 45 10 42 18 39 8 1 30 7 21 29 35 34
Coste: 53396

GENERACION: 217
Mejor Solucion:  25 23 2 46 15 3 12 36 5 19 26 48 33 43 9 31 0 16 6 11 47 49 13 28 20 40 38 44 24 17 22 41 14 4 32 37 27 45 10 42 18 39 8 1 30 7 21 29 35 34
Coste: 53396

GENERACION: 218
Mejor Solucion:  25 23 2 46 15 3 12 36 5 19 26 48 33 43 9 31 0 16 6 11 47 49 13 28 20 40 38 44 24 17 22 41 14 4 32 37 27 45 10 42 18 39 8 1 30 7 21 29 35 34
Coste: 53396

GENERACION: 219
Mejor Solucion:  25 23 2 46 15 3 12 36 5 19 26 48 33 43 9 31 0 16 6 11 47 49 13 28 20 40 38 44 24 17 22 41 14 4 32 37 27 45 10 42 18 39 8 1 30 7 21 29 35 34
Coste: 53396

GENERACION: 220
Mejor Solucion:  25 23 2 46 15 3 12 36 5 19 26 48 33 43 9 31 0 16 6 11 47 49 13 28 20 40 38 44 24 17 22 41 14 4 32 37 27 45 10 42 18 39 8 1 30 7 21 29 35 34
Coste: 53396

GENERACION: 221
Mejor Solucion:  25 23 2 46 15 3 12 36 5 19 26 48 33 43 9 31 0 16 6 11 47 49 13 28 20 40 38 44 24 17 22 41 14 4 32 37 27 45 10 42 18 39 8 1 30 7 21 29 35 34
Coste: 53396

GENERACION: 222
Mejor Solucion:  25 23 2 46 15 3 12 36 5 19 26 48 33 43 9 31 0 16 6 11 47 49 13 28 20 40 38 44 24 17 22 41 14 4 32 37 27 45 10 42 18 39 8 1 30 7 21 29 35 34
Coste: 53396

GENERACION: 223
Mejor Solucion:  25 23 2 46 15 3 12 36 5 19 26 48 33 43 9 31 0 16 6 11 47 49 13 28 20 40 38 44 24 17 22 41 14 4 32 37 27 45 10 42 18 39 8 1 30 7 21 29 35 34
Coste: 53396

GENERACION: 224
Mejor Solucion:  25 23 2 46 15 3 12 36 5 19 26 48 33 43 9 31 0 16 6 11 47 49 13 28 20 40 38 44 24 17 22 41 14 4 32 37 27 45 10 42 18 39 8 1 30 7 21 29 35 34
Coste: 53396

GENERACION: 225
Mejor Solucion:  25 23 2 46 15 3 12 36 5 19 26 48 33 43 9 31 0 16 6 11 47 49 13 28 20 40 38 44 24 17 22 41 14 4 32 37 27 45 10 42 18 39 8 1 30 7 21 29 35 34
Coste: 53396

GENERACION: 226
Mejor Solucion:  25 23 2 46 15 3 12 36 5 19 26 48 33 43 9 31 0 16 6 11 47 49 13 28 20 40 38 44 24 17 22 41 14 4 32 37 27 45 10 42 18 39 8 1 30 7 21 29 35 34
Coste: 53396

GENERACION: 227
Mejor Solucion:  25 23 2 46 15 3 12 36 5 19 26 48 33 43 9 31 0 16 6 11 47 49 13 28 20 40 38 44 24 17 22 41 14 4 32 37 27 45 10 42 18 39 8 1 30 7 21 29 35 34
Coste: 53396

GENERACION: 228
Mejor Solucion:  25 23 2 46 15 3 12 36 5 19 26 48 33 43 9 31 0 16 6 11 47 49 13 28 20 40 38 44 24 17 22 41 14 4 32 37 27 45 10 42 18 39 8 1 30 7 21 29 35 34
Coste: 53396

GENERACION: 229
Mejor Solucion:  25 23 2 46 15 3 12 36 5 19 26 48 33 43 9 31 0 16 6 11 47 49 13 28 20 40 38 44 24 17 22 41 14 4 32 37 27 45 10 42 18 39 8 1 30 7 21 29 35 34
Coste: 53396

GENERACION: 230
Mejor Solucion:  25 23 2 46 15 3 12 36 5 19 26 48 33 43 9 31 0 16 6 11 47 49 13 28 20 40 38 44 24 17 22 41 14 4 32 37 27 45 10 42 18 39 8 1 30 7 21 29 35 34
Coste: 53396

GENERACION: 231
Mejor Solucion:  25 23 2 46 15 3 12 36 5 19 26 48 33 43 9 31 0 16 6 11 47 49 13 28 20 40 38 44 24 17 22 41 14 4 32 37 27 45 10 42 18 39 8 1 30 7 21 29 35 34
Coste: 53396

GENERACION: 232
Mejor Solucion:  25 23 2 46 15 3 12 36 5 19 26 48 33 43 9 31 0 16 6 11 47 49 13 28 20 40 38 44 24 17 22 41 14 4 32 37 27 45 10 42 18 39 8 1 30 7 21 29 35 34
Coste: 53396

GENERACION: 233
Mejor Solucion:  25 23 2 46 15 3 12 36 5 19 26 48 33 43 9 31 0 16 6 11 47 49 13 28 20 40 38 44 24 17 22 41 14 4 32 37 27 45 10 42 18 39 8 1 30 7 21 29 35 34
Coste: 53396

GENERACION: 234
Mejor Solucion:  25 23 2 46 15 3 12 36 5 19 26 48 33 43 9 31 0 16 6 11 47 49 13 28 20 40 38 44 24 17 22 41 14 4 32 37 27 45 10 42 18 39 8 1 30 7 21 29 35 34
Coste: 53396

GENERACION: 235
Mejor Solucion:  25 23 2 46 15 3 12 36 5 19 26 48 33 43 9 31 0 16 6 11 47 49 13 28 20 40 38 44 24 17 22 41 14 4 32 37 27 45 10 42 18 39 8 1 30 7 21 29 35 34
Coste: 53396

GENERACION: 236
Mejor Solucion:  25 23 2 46 15 3 12 36 5 19 26 48 33 43 9 31 0 16 6 11 47 49 13 28 20 40 38 44 24 17 22 41 14 4 32 37 27 45 10 42 18 39 8 1 30 7 21 29 35 34
Coste: 53396

GENERACION: 237
Mejor Solucion:  25 23 2 46 15 3 12 36 5 19 26 48 33 43 9 31 0 16 6 11 47 49 13 28 20 40 38 44 24 17 22 41 14 4 32 37 27 45 10 42 18 39 8 1 30 7 21 29 35 34
Coste: 53396

GENERACION: 238
Mejor Solucion:  25 23 2 46 15 3 12 36 5 19 26 48 33 43 9 31 0 16 6 11 47 49 13 28 20 40 38 44 24 17 22 41 14 4 32 37 27 45 10 42 18 39 8 1 30 7 21 29 35 34
Coste: 53396

GENERACION: 239
Mejor Solucion:  25 23 2 46 15 3 12 36 5 19 26 48 33 43 9 31 0 16 6 11 47 49 13 28 20 40 38 44 24 17 22 41 14 4 32 37 27 45 10 42 18 39 8 1 30 7 21 29 35 34
Coste: 53396

GENERACION: 240
Mejor Solucion:  25 23 2 46 15 3 12 36 5 19 26 48 33 43 9 31 0 16 6 11 47 49 13 28 20 40 38 44 24 17 22 41 14 4 32 37 27 45 10 42 18 39 8 1 30 7 21 29 35 34
Coste: 53396

GENERACION: 241
Mejor Solucion:  25 23 2 46 15 3 12 36 5 19 26 48 33 43 9 31 0 16 6 11 47 49 13 28 20 40 38 44 24 17 22 41 14 4 32 37 27 45 10 42 18 39 8 1 30 7 21 29 35 34
Coste: 53396

GENERACION: 242
Mejor Solucion:  25 23 2 46 15 3 12 36 5 19 26 48 33 43 9 31 0 16 6 11 47 49 13 28 20 40 38 44 24 17 22 41 14 4 32 37 27 45 10 42 18 39 8 1 30 7 21 29 35 34
Coste: 53396

GENERACION: 243
Mejor Solucion:  25 23 2 46 15 3 12 36 5 19 26 48 33 43 9 31 0 16 6 11 47 49 13 28 20 40 38 44 24 17 22 41 14 4 32 37 27 45 10 42 18 39 8 1 30 7 21 29 35 34
Coste: 53396

GENERACION: 244
Mejor Solucion:  25 23 2 46 15 3 12 36 5 19 26 48 33 43 9 31 0 16 6 11 47 49 13 28 20 40 38 44 24 17 22 41 14 4 32 37 27 45 10 42 18 39 8 1 30 7 21 29 35 34
Coste: 53396

GENERACION: 245
Mejor Solucion:  25 23 2 46 15 3 12 36 5 19 26 48 33 43 9 31 0 16 6 11 47 49 13 28 20 40 38 44 24 17 22 41 14 4 32 37 27 45 10 42 18 39 8 1 30 7 21 29 35 34
Coste: 53396

GENERACION: 246
Mejor Solucion:  25 23 2 46 15 3 12 36 5 19 26 48 33 43 9 31 0 16 6 11 47 49 13 28 20 40 38 44 24 17 22 41 14 4 32 37 27 45 10 42 18 39 8 1 30 7 21 29 35 34
Coste: 53396

GENERACION: 247
Mejor Solucion:  25 23 2 46 15 3 12 36 5 19 26 48 33 43 9 31 0 16 6 11 47 49 13 28 20 40 38 44 24 17 22 41 14 4 32 37 27 45 10 42 18 39 8 1 30 7 21 29 35 34
Coste: 53396

GENERACION: 248
Mejor Solucion:  25 23 2 46 15 3 12 36 5 19 26 48 33 43 9 31 0 16 6 11 47 49 13 28 20 40 38 44 24 17 22 41 14 4 32 37 27 45 10 42 18 39 8 1 30 7 21 29 35 34
Coste: 53396

GENERACION: 249
Mejor Solucion:  25 23 2 46 15 3 12 36 5 19 26 48 33 43 9 31 0 16 6 11 47 49 13 28 20 40 38 44 24 17 22 41 14 4 32 37 27 45 10 42 18 39 8 1 30 7 21 29 35 34
Coste: 53396

GENERACION: 250
Mejor Solucion:  25 23 2 46 15 3 12 36 5 19 26 48 33 43 9 31 0 16 6 11 47 49 13 28 20 40 38 44 24 17 22 41 14 4 32 37 27 45 10 42 18 39 8 1 30 7 21 29 35 34
Coste: 53396

GENERACION: 251
Mejor Solucion:  25 23 2 46 15 3 12 36 5 19 26 48 33 43 9 31 0 16 6 11 47 49 13 28 20 40 38 44 24 17 22 41 14 4 32 37 27 45 10 42 18 39 8 1 30 7 21 29 35 34
Coste: 53396

GENERACION: 252
Mejor Solucion:  25 23 2 46 15 3 12 36 5 19 26 48 33 43 9 31 0 16 6 11 47 49 13 28 20 40 38 44 24 17 22 41 14 4 32 37 27 45 10 42 18 39 8 1 30 7 21 29 35 34
Coste: 53396

GENERACION: 253
Mejor Solucion:  25 23 2 46 15 3 12 36 5 19 26 48 33 43 9 31 0 16 6 11 47 49 13 28 20 40 38 44 24 17 22 41 14 4 32 37 27 45 10 42 18 39 8 1 30 7 21 29 35 34
Coste: 53396

GENERACION: 254
Mejor Solucion:  25 23 2 46 15 3 12 36 5 19 26 48 33 43 9 31 0 16 6 11 47 49 13 28 20 40 38 44 24 17 22 41 14 4 32 37 27 45 10 42 18 39 8 1 30 7 21 29 35 34
Coste: 53396

GENERACION: 255
Mejor Solucion:  25 23 2 46 15 3 12 36 5 19 26 48 33 43 9 31 0 16 6 11 47 49 13 28 20 40 38 44 24 17 22 41 14 4 32 37 27 45 10 42 18 39 8 1 30 7 21 29 35 34
Coste: 53396

GENERACION: 256
Mejor Solucion:  25 23 2 46 15 3 12 36 5 19 26 48 33 43 9 31 0 16 6 11 47 49 13 28 20 40 38 44 24 17 22 41 14 4 32 37 27 45 10 42 18 39 8 1 30 7 21 29 35 34
Coste: 53396

GENERACION: 257
Mejor Solucion:  25 23 2 46 15 3 12 36 5 19 26 48 33 43 9 31 0 16 6 11 47 49 13 28 20 40 38 44 24 17 22 41 14 4 32 37 27 45 10 42 18 39 8 1 30 7 21 29 35 34
Coste: 53396

GENERACION: 258
Mejor Solucion:  25 23 2 46 15 3 12 36 5 19 26 48 33 43 9 31 0 16 6 11 47 49 13 28 20 40 38 44 24 17 22 41 14 4 32 37 27 45 10 42 18 39 8 1 30 7 21 29 35 34
Coste: 53396

GENERACION: 259
Mejor Solucion:  25 23 2 46 15 3 12 36 5 19 26 48 33 43 9 31 0 16 6 11 47 49 13 28 20 40 38 44 24 17 22 41 14 4 32 37 27 45 10 42 18 39 8 1 30 7 21 29 35 34
Coste: 53396

GENERACION: 260
Mejor Solucion:  25 23 2 46 15 3 12 36 5 19 26 48 33 43 9 31 0 16 6 11 47 49 13 28 20 40 38 44 24 17 22 41 14 4 32 37 27 45 10 42 18 39 8 1 30 7 21 29 35 34
Coste: 53396

GENERACION: 261
Mejor Solucion:  25 23 2 46 15 3 12 36 5 19 26 48 33 43 9 31 0 16 6 11 47 49 13 28 20 40 38 44 24 17 22 41 14 4 32 37 27 45 10 42 18 39 8 1 30 7 21 29 35 34
Coste: 53396

GENERACION: 262
Mejor Solucion:  25 23 2 46 15 3 12 36 5 19 26 48 33 43 9 31 0 16 6 11 47 49 13 28 20 40 38 44 24 17 22 41 14 4 32 37 27 45 10 42 18 39 8 1 30 7 21 29 35 34
Coste: 53396

GENERACION: 263
Mejor Solucion:  25 23 2 46 15 3 12 36 5 19 26 48 33 43 9 31 0 16 6 11 47 49 13 28 20 40 38 44 24 17 22 41 14 4 32 37 27 45 10 42 18 39 8 1 30 7 21 29 35 34
Coste: 53396

GENERACION: 264
Mejor Solucion:  25 23 2 46 15 3 12 36 5 19 26 48 33 43 9 31 0 16 6 11 47 49 13 28 20 40 38 44 24 17 22 41 14 4 32 37 27 45 10 42 18 39 8 1 30 7 21 29 35 34
Coste: 53396

GENERACION: 265
Mejor Solucion:  25 23 2 46 15 3 12 36 5 19 26 48 33 43 9 31 0 16 6 11 47 49 13 28 20 40 38 44 24 17 22 41 14 4 32 37 27 45 10 42 18 39 8 1 30 7 21 29 35 34
Coste: 53396

GENERACION: 266
Mejor Solucion:  25 23 2 46 15 3 12 36 5 19 26 48 33 43 9 31 0 16 6 11 47 49 13 28 20 40 38 44 24 17 22 41 14 4 32 37 27 45 10 42 18 39 8 1 30 7 21 29 35 34
Coste: 53396

GENERACION: 267
Mejor Solucion:  25 23 2 46 15 3 12 36 5 19 26 48 33 43 9 31 0 16 6 11 47 49 13 28 20 40 38 44 24 17 22 41 14 4 32 37 27 45 10 42 18 39 8 1 30 7 21 29 35 34
Coste: 53396

GENERACION: 268
Mejor Solucion:  25 23 2 46 15 3 12 36 5 19 26 48 33 43 9 31 0 16 6 11 47 49 13 28 20 40 38 44 24 17 22 41 14 4 32 37 27 45 10 42 18 39 8 1 30 7 21 29 35 34
Coste: 53396

GENERACION: 269
Mejor Solucion:  25 23 2 46 15 3 12 36 5 19 26 48 33 43 9 31 0 16 6 11 47 49 13 28 20 40 38 44 24 17 22 41 14 4 32 37 27 45 10 42 18 39 8 1 30 7 21 29 35 34
Coste: 53396

GENERACION: 270
Mejor Solucion:  25 23 2 46 15 3 12 36 5 19 26 48 33 43 9 31 0 16 6 11 47 49 13 28 20 40 38 44 24 17 22 41 14 4 32 37 27 45 10 42 18 39 8 1 30 7 21 29 35 34
Coste: 53396

GENERACION: 271
Mejor Solucion:  25 23 2 46 15 3 12 36 5 19 26 48 33 43 9 31 0 16 6 11 47 49 13 28 20 40 38 44 24 17 22 41 14 4 32 37 27 45 10 42 18 39 8 1 30 7 21 29 35 34
Coste: 53396

GENERACION: 272
Mejor Solucion:  25 23 2 46 15 3 12 36 5 19 26 48 33 43 9 31 0 16 6 11 47 49 13 28 20 40 38 44 24 17 22 41 14 4 32 37 27 45 10 42 18 39 8 1 30 7 21 29 35 34
Coste: 53396

GENERACION: 273
Mejor Solucion:  25 23 2 46 15 3 12 36 5 19 26 48 33 43 9 31 0 16 6 11 47 49 13 28 20 40 38 44 24 17 22 41 14 4 32 37 27 45 10 42 18 39 8 1 30 7 21 29 35 34
Coste: 53396

GENERACION: 274
Mejor Solucion:  25 23 2 46 15 3 12 36 5 19 26 48 33 43 9 31 0 16 6 11 47 49 13 28 20 40 38 44 24 17 22 41 14 4 32 37 27 45 10 42 18 39 8 1 30 7 21 29 35 34
Coste: 53396

GENERACION: 275
Mejor Solucion:  25 23 2 46 15 3 12 36 5 19 26 48 33 43 9 31 0 16 6 11 47 49 13 28 20 40 38 44 24 17 22 41 14 4 32 37 27 45 10 42 18 39 8 1 30 7 21 29 35 34
Coste: 53396

GENERACION: 276
Mejor Solucion:  25 23 2 46 15 3 12 36 5 19 26 48 33 43 9 31 0 16 6 11 47 49 13 28 20 40 38 44 24 17 22 41 14 4 32 37 27 45 10 42 18 39 8 1 30 7 21 29 35 34
Coste: 53396

GENERACION: 277
Mejor Solucion:  25 23 2 46 15 3 12 36 5 19 26 48 33 43 9 31 0 16 6 11 47 49 13 28 20 40 38 44 24 17 22 41 14 4 32 37 27 45 10 42 18 39 8 1 30 7 21 29 35 34
Coste: 53396

GENERACION: 278
Mejor Solucion:  25 23 2 46 15 3 12 36 5 19 26 48 33 43 9 31 0 16 6 11 47 49 13 28 20 40 38 44 24 17 22 41 14 4 32 37 27 45 10 42 18 39 8 1 30 7 21 29 35 34
Coste: 53396

GENERACION: 279
Mejor Solucion:  25 23 2 46 15 3 12 36 5 19 26 48 33 43 9 31 0 16 6 11 47 49 13 28 20 40 38 44 24 17 22 41 14 4 32 37 27 45 10 42 18 39 8 1 30 7 21 29 35 34
Coste: 53396

GENERACION: 280
Mejor Solucion:  25 23 2 46 15 3 12 36 5 19 26 48 33 43 9 31 0 16 6 11 47 49 13 28 20 40 38 44 24 17 22 41 14 4 32 37 27 45 10 42 18 39 8 1 30 7 21 29 35 34
Coste: 53396

GENERACION: 281
Mejor Solucion:  25 23 2 46 15 3 12 36 5 19 26 48 33 43 9 31 0 16 6 11 47 49 13 28 20 40 38 44 24 17 22 41 14 4 32 37 27 45 10 42 18 39 8 1 30 7 21 29 35 34
Coste: 53396

GENERACION: 282
Mejor Solucion:  25 23 2 46 15 3 12 36 5 19 26 48 33 43 9 31 0 16 6 11 47 49 13 28 20 40 38 44 24 17 22 41 14 4 32 37 27 45 10 42 18 39 8 1 30 7 21 29 35 34
Coste: 53396

GENERACION: 283
Mejor Solucion:  25 23 2 46 15 3 12 36 5 19 26 48 33 43 9 31 0 16 6 11 47 49 13 28 20 40 38 44 24 17 22 41 14 4 32 37 27 45 10 42 18 39 8 1 30 7 21 29 35 34
Coste: 53396

GENERACION: 284
Mejor Solucion:  25 23 2 46 15 3 12 36 5 19 26 48 33 43 9 31 0 16 6 11 47 49 13 28 20 40 38 44 24 17 22 41 14 4 32 37 27 45 10 42 18 39 8 1 30 7 21 29 35 34
Coste: 53396

GENERACION: 285
Mejor Solucion:  25 23 2 46 15 3 12 36 5 19 26 48 33 43 9 31 0 16 6 11 47 49 13 28 20 40 38 44 24 17 22 41 14 4 32 37 27 45 10 42 18 39 8 1 30 7 21 29 35 34
Coste: 53396

GENERACION: 286
Mejor Solucion:  25 23 2 46 15 3 12 36 5 19 26 48 33 43 9 31 0 16 6 11 47 49 13 28 20 40 38 44 24 17 22 41 14 4 32 37 27 45 10 42 18 39 8 1 30 7 21 29 35 34
Coste: 53396

GENERACION: 287
Mejor Solucion:  25 23 2 46 15 3 12 36 5 19 26 48 33 43 9 31 0 16 6 11 47 49 13 28 20 40 38 44 24 17 22 41 14 4 32 37 27 45 10 42 18 39 8 1 30 7 21 29 35 34
Coste: 53396

GENERACION: 288
Mejor Solucion:  25 23 2 46 15 3 12 36 5 19 26 48 33 43 9 31 0 16 6 11 47 49 13 28 20 40 38 44 24 17 22 41 14 4 32 37 27 45 10 42 18 39 8 1 30 7 21 29 35 34
Coste: 53396

GENERACION: 289
Mejor Solucion:  25 23 2 46 15 3 12 36 5 19 26 48 33 43 9 31 0 16 6 11 47 49 13 28 20 40 38 44 24 17 22 41 14 4 32 37 27 45 10 42 18 39 8 1 30 7 21 29 35 34
Coste: 53396

GENERACION: 290
Mejor Solucion:  39 23 2 46 15 3 12 27 24 19 26 48 33 43 9 31 0 16 6 11 47 49 13 28 20 40 38 44 5 17 22 41 14 4 32 37 36 45 10 42 18 1 8 25 30 7 21 29 35 34
Coste: 53386

GENERACION: 291
Mejor Solucion:  39 23 2 0 15 3 12 27 41 19 26 48 33 44 9 31 22 16 6 11 47 49 32 28 20 40 38 43 5 17 46 24 14 4 13 37 36 45 10 42 18 1 8 25 30 7 21 29 35 34
Coste: 53339

GENERACION: 292
Mejor Solucion:  39 23 2 0 15 3 12 27 41 19 26 48 33 44 9 31 22 16 6 11 47 49 32 28 20 40 38 43 5 17 46 24 14 4 13 37 36 45 10 42 18 1 8 25 30 7 21 29 35 34
Coste: 53339

GENERACION: 293
Mejor Solucion:  39 23 2 0 15 3 12 27 41 19 26 48 33 44 9 31 22 16 6 11 47 49 32 28 20 40 38 43 5 17 46 24 14 4 13 37 36 45 10 42 18 1 8 25 30 7 21 29 35 34
Coste: 53339

GENERACION: 294
Mejor Solucion:  39 23 2 0 15 3 12 27 41 19 26 48 33 44 9 31 22 16 6 11 47 49 32 28 20 40 38 43 5 17 46 24 14 4 13 37 36 45 10 42 18 1 8 25 30 7 21 29 35 34
Coste: 53339

GENERACION: 295
Mejor Solucion:  39 23 2 0 15 3 12 27 41 19 26 48 33 44 9 31 22 16 6 11 47 49 32 28 20 40 38 43 5 17 46 24 14 4 13 37 36 45 10 42 18 1 8 25 30 7 21 29 35 34
Coste: 53339

GENERACION: 296
Mejor Solucion:  39 23 2 0 15 3 12 27 41 19 26 48 33 44 9 31 22 16 6 11 47 49 32 28 20 40 38 43 5 17 46 24 14 4 13 37 36 45 10 42 18 1 8 25 30 7 21 29 35 34
Coste: 53339

GENERACION: 297
Mejor Solucion:  39 23 2 0 15 3 12 27 41 19 26 48 33 44 9 31 22 16 6 11 47 49 32 28 20 40 38 43 5 17 46 24 14 4 13 37 36 45 10 42 18 1 8 25 30 7 21 29 35 34
Coste: 53339

GENERACION: 298
Mejor Solucion:  39 23 2 0 15 3 12 27 41 19 26 48 33 44 9 31 22 16 6 11 47 49 32 28 20 40 38 43 5 17 46 24 14 4 13 37 36 45 10 42 18 1 8 25 30 7 21 29 35 34
Coste: 53339

GENERACION: 299
Mejor Solucion:  39 23 2 0 15 3 12 27 41 19 26 48 33 44 9 31 22 16 6 11 47 49 32 28 20 40 38 43 5 17 46 24 14 4 13 37 36 45 10 42 18 1 8 25 30 7 21 29 35 34
Coste: 53339

GENERACION: 300
Mejor Solucion:  39 23 2 0 15 3 12 27 41 19 26 48 33 44 9 31 22 16 6 11 47 49 32 28 20 40 38 43 5 17 46 24 14 4 13 37 36 45 10 42 18 1 8 25 30 7 21 29 35 34
Coste: 53339

GENERACION: 301
Mejor Solucion:  39 23 2 0 15 3 12 27 41 19 26 48 33 44 9 31 22 16 6 11 47 49 32 28 20 40 38 43 5 17 46 24 14 4 13 37 36 45 10 42 18 1 8 25 30 7 21 29 35 34
Coste: 53339

GENERACION: 302
Mejor Solucion:  39 23 2 0 15 3 12 27 41 19 26 48 33 44 9 31 22 16 6 11 47 49 32 28 20 40 38 43 5 17 46 24 14 4 13 37 36 45 10 42 18 1 8 25 30 7 21 29 35 34
Coste: 53339

GENERACION: 303
Mejor Solucion:  39 23 2 0 15 3 12 27 41 19 26 48 33 44 9 31 22 16 6 11 47 49 32 28 20 40 38 43 5 17 46 24 14 4 13 37 36 45 10 42 18 1 8 25 30 7 21 29 35 34
Coste: 53339

GENERACION: 304
Mejor Solucion:  39 23 2 0 15 3 12 27 41 19 26 48 33 44 9 31 22 16 6 11 47 49 32 28 20 40 38 43 5 17 46 24 14 4 13 37 36 45 10 42 18 1 8 25 30 7 21 29 35 34
Coste: 53339

GENERACION: 305
Mejor Solucion:  39 23 2 0 15 3 12 27 41 19 26 48 33 44 9 31 22 16 6 11 47 49 32 28 20 40 38 43 5 17 46 24 14 4 13 37 36 45 10 42 18 1 8 25 30 7 21 29 35 34
Coste: 53339

GENERACION: 306
Mejor Solucion:  39 23 2 0 15 3 12 27 41 19 26 48 33 44 9 31 22 16 6 11 47 49 32 28 20 40 38 43 5 17 46 24 14 4 13 37 36 45 10 42 18 1 8 25 30 7 21 29 35 34
Coste: 53339

GENERACION: 307
Mejor Solucion:  39 23 2 0 15 3 12 27 41 19 26 48 33 44 9 31 22 16 6 11 47 49 32 28 20 40 38 43 5 17 46 24 14 4 13 37 36 45 10 42 18 1 8 25 30 7 21 29 35 34
Coste: 53339

GENERACION: 308
Mejor Solucion:  39 23 2 0 15 3 12 27 41 19 26 48 33 44 9 31 22 16 6 11 47 49 32 28 20 40 38 43 5 17 46 24 14 4 13 37 36 45 10 42 18 1 8 25 30 7 21 29 35 34
Coste: 53339

GENERACION: 309
Mejor Solucion:  39 23 2 0 15 3 12 27 41 19 26 48 33 44 9 31 22 16 6 11 47 49 32 28 20 40 38 43 5 17 46 24 14 4 13 37 36 45 10 42 18 1 8 25 30 7 21 29 35 34
Coste: 53339

GENERACION: 310
Mejor Solucion:  39 23 2 0 15 3 12 27 41 19 26 48 33 44 9 31 22 16 6 11 47 49 32 28 20 40 38 43 5 17 46 24 14 4 13 37 36 45 10 42 18 1 8 25 30 7 21 29 35 34
Coste: 53339

GENERACION: 311
Mejor Solucion:  39 23 2 0 15 3 12 27 41 19 26 48 33 44 9 31 22 16 6 11 47 49 32 28 20 40 38 43 5 17 46 24 14 4 13 37 36 45 10 42 18 1 8 25 30 7 21 29 35 34
Coste: 53339

GENERACION: 312
Mejor Solucion:  39 23 2 0 15 3 12 27 41 19 26 48 33 44 9 31 22 16 6 11 47 49 32 28 20 40 38 43 5 17 46 24 14 4 13 37 36 45 10 42 18 1 8 25 30 7 21 29 35 34
Coste: 53339

GENERACION: 313
Mejor Solucion:  39 23 2 0 15 3 12 27 41 19 26 48 33 44 9 31 22 16 6 11 47 49 32 28 20 40 38 43 5 17 46 24 14 4 13 37 36 45 10 42 18 1 8 25 30 7 21 29 35 34
Coste: 53339

GENERACION: 314
Mejor Solucion:  39 23 2 0 15 3 12 27 41 19 26 48 33 44 9 31 22 16 6 11 47 49 32 28 20 40 38 43 5 17 46 24 14 4 13 37 36 45 10 42 18 1 8 25 30 7 21 29 35 34
Coste: 53339

GENERACION: 315
Mejor Solucion:  39 23 2 0 15 3 12 27 41 19 26 48 33 44 9 31 22 16 6 11 47 49 32 28 20 40 38 43 5 17 46 24 14 4 13 37 36 45 10 42 18 1 8 25 30 7 21 29 35 34
Coste: 53339

GENERACION: 316
Mejor Solucion:  39 23 2 0 15 3 12 27 41 19 26 48 33 44 9 31 22 16 6 11 47 49 32 28 20 40 38 43 5 17 46 24 14 4 13 37 36 45 10 42 18 1 8 25 30 7 21 29 35 34
Coste: 53339

GENERACION: 317
Mejor Solucion:  39 23 2 0 15 3 12 27 41 19 26 48 33 44 9 31 22 16 6 11 47 49 32 28 20 40 38 43 5 17 46 24 14 4 13 37 36 45 10 42 18 1 8 25 30 7 21 29 35 34
Coste: 53339

GENERACION: 318
Mejor Solucion:  39 23 2 0 15 3 12 27 41 19 26 48 33 44 9 31 22 16 6 11 47 49 32 28 20 40 38 43 5 17 46 24 14 4 13 37 36 45 10 42 18 1 8 25 30 7 21 29 35 34
Coste: 53339

GENERACION: 319
Mejor Solucion:  39 23 2 0 15 3 12 27 41 19 26 48 33 44 9 31 22 16 6 11 47 49 32 28 20 40 38 43 5 17 46 24 14 4 13 37 36 45 10 42 18 1 8 25 30 7 21 29 35 34
Coste: 53339

GENERACION: 320
Mejor Solucion:  39 23 2 0 15 3 12 27 41 19 26 48 33 44 9 31 22 16 6 11 47 49 32 28 20 40 38 43 5 17 46 24 14 4 13 37 36 45 10 42 18 1 8 25 30 7 21 29 35 34
Coste: 53339

GENERACION: 321
Mejor Solucion:  39 23 2 0 15 3 12 27 41 19 26 48 33 44 9 31 22 16 6 11 47 49 32 28 20 40 38 43 5 17 46 24 14 4 13 37 36 45 10 42 18 1 8 25 30 7 21 29 35 34
Coste: 53339

GENERACION: 322
Mejor Solucion:  39 23 2 0 15 3 12 27 41 19 26 48 33 44 9 31 22 16 6 11 47 49 32 28 20 40 38 43 5 17 46 24 14 4 13 37 36 45 10 42 18 1 8 25 30 7 21 29 35 34
Coste: 53339

GENERACION: 323
Mejor Solucion:  39 23 2 0 15 3 12 27 41 19 26 48 33 44 9 31 22 16 6 11 47 49 32 28 20 40 38 43 5 17 46 24 14 4 13 37 36 45 10 42 18 1 8 25 30 7 21 29 35 34
Coste: 53339

GENERACION: 324
Mejor Solucion:  39 23 2 0 15 3 12 27 41 19 26 48 33 44 9 31 22 16 6 11 47 49 32 28 20 40 38 43 5 17 46 24 14 4 13 37 36 45 10 42 18 1 8 25 30 7 21 29 35 34
Coste: 53339

GENERACION: 325
Mejor Solucion:  39 23 2 0 15 3 12 27 41 19 26 48 33 44 9 31 22 16 6 11 47 49 32 28 20 40 38 43 5 17 46 24 14 4 13 37 36 45 10 42 18 1 8 25 30 7 21 29 35 34
Coste: 53339

GENERACION: 326
Mejor Solucion:  39 23 2 0 15 3 12 27 41 19 26 48 33 44 9 31 22 16 6 11 47 49 32 28 20 40 38 43 5 17 46 24 14 4 13 37 36 45 10 42 18 1 8 25 30 7 21 29 35 34
Coste: 53339

GENERACION: 327
Mejor Solucion:  39 23 2 0 15 3 12 27 41 19 26 48 33 44 9 31 22 16 6 11 47 49 32 28 20 40 38 43 5 17 46 24 14 4 13 37 36 45 10 42 18 1 8 25 30 7 21 29 35 34
Coste: 53339

GENERACION: 328
Mejor Solucion:  39 23 2 0 15 3 12 27 41 19 26 48 33 44 9 31 22 16 6 11 47 49 32 28 20 40 38 43 5 17 46 24 14 4 13 37 36 45 10 42 18 1 8 25 30 7 21 29 35 34
Coste: 53339

GENERACION: 329
Mejor Solucion:  39 23 2 0 15 3 12 27 41 19 26 48 33 44 9 31 22 16 6 11 47 49 32 28 20 40 38 43 5 17 46 24 14 4 13 37 36 45 10 42 18 1 8 25 30 7 21 29 35 34
Coste: 53339

GENERACION: 330
Mejor Solucion:  39 23 2 0 15 3 12 27 41 19 26 48 33 44 9 31 22 16 6 11 47 49 32 28 20 40 38 43 5 17 46 24 14 4 13 37 36 45 10 42 18 1 8 25 30 7 21 29 35 34
Coste: 53339

GENERACION: 331
Mejor Solucion:  39 23 2 0 15 3 12 27 41 19 26 48 33 44 9 31 22 16 6 11 47 49 32 28 20 40 38 43 5 17 46 24 14 4 13 37 36 45 10 42 18 1 8 25 30 7 21 29 35 34
Coste: 53339

GENERACION: 332
Mejor Solucion:  39 23 2 0 15 3 12 27 41 19 26 48 33 44 9 31 22 16 6 11 47 49 32 28 20 40 38 43 5 17 46 24 14 4 13 37 36 45 10 42 18 1 8 25 30 7 21 29 35 34
Coste: 53339

GENERACION: 333
Mejor Solucion:  23 2 0 15 3 12 27 41 19 26 48 33 44 9 31 22 6 16 11 47 49 32 28 20 40 38 43 5 17 46 24 14 4 13 37 36 45 10 42 18 1 8 25 30 7 21 29 35 34 39
Coste: 53302

GENERACION: 334
Mejor Solucion:  23 2 0 15 3 12 27 41 19 26 48 33 44 9 31 22 6 16 11 47 49 32 28 20 40 38 43 5 17 46 24 14 4 13 37 36 45 10 42 18 1 8 25 30 7 21 29 35 34 39
Coste: 53302

GENERACION: 335
Mejor Solucion:  23 2 0 15 3 12 27 41 19 26 48 33 44 9 31 22 6 16 11 47 49 32 28 20 40 38 43 5 17 46 24 14 4 13 37 36 45 10 42 18 1 8 25 30 7 21 29 35 34 39
Coste: 53302

GENERACION: 336
Mejor Solucion:  23 2 0 15 3 12 27 41 19 26 48 33 44 9 31 22 6 16 11 47 49 32 28 20 40 38 5 43 17 46 24 14 4 13 37 36 45 10 7 42 18 1 8 25 30 21 29 35 34 39
Coste: 53293

GENERACION: 337
Mejor Solucion:  23 2 0 15 3 12 27 41 19 26 48 33 44 9 31 22 6 16 11 47 49 32 28 20 40 38 5 43 17 46 24 14 4 13 37 36 45 10 7 42 18 1 8 25 30 21 29 35 34 39
Coste: 53293

GENERACION: 338
Mejor Solucion:  23 2 0 15 3 12 27 41 19 26 48 33 44 9 31 22 6 16 11 47 49 32 28 20 40 38 5 43 17 46 24 14 4 13 37 36 45 10 7 42 18 1 8 25 30 21 29 35 34 39
Coste: 53293

GENERACION: 339
Mejor Solucion:  23 2 0 15 3 12 27 41 19 26 48 33 44 9 31 22 6 16 11 47 49 32 28 20 40 38 5 43 17 46 24 14 4 13 37 36 45 10 7 42 18 1 8 25 30 21 29 35 34 39
Coste: 53293

GENERACION: 340
Mejor Solucion:  23 2 0 15 3 12 27 41 19 26 48 33 44 9 31 22 6 16 11 47 49 32 28 20 40 38 5 43 17 46 24 14 4 13 37 36 45 10 7 42 18 1 8 25 30 21 29 35 34 39
Coste: 53293

GENERACION: 341
Mejor Solucion:  23 2 0 15 3 12 27 41 19 26 48 33 44 9 31 22 6 16 11 47 49 32 28 20 40 38 5 43 17 46 24 14 4 13 37 36 45 10 7 42 18 1 8 25 30 21 29 35 34 39
Coste: 53293

GENERACION: 342
Mejor Solucion:  23 2 0 15 3 12 27 41 19 26 48 33 44 9 31 22 6 16 11 47 49 32 28 20 40 38 5 43 17 46 24 14 4 13 37 36 45 10 7 42 18 1 8 25 30 21 29 35 34 39
Coste: 53293

GENERACION: 343
Mejor Solucion:  23 2 0 15 3 12 27 41 19 26 48 33 44 9 31 22 6 16 11 47 49 32 28 20 40 38 5 43 17 46 24 14 4 13 37 36 45 10 7 42 18 1 8 25 30 21 29 35 34 39
Coste: 53293

GENERACION: 344
Mejor Solucion:  23 2 0 15 3 12 27 41 19 26 48 33 44 9 31 22 6 16 11 47 49 32 28 20 40 38 5 43 17 46 24 14 4 13 37 36 45 10 7 42 18 1 8 25 30 21 29 35 34 39
Coste: 53293

GENERACION: 345
Mejor Solucion:  23 2 0 15 3 12 27 41 19 26 48 33 44 9 31 22 6 16 11 47 49 32 28 20 40 38 5 43 17 46 24 14 4 13 37 36 45 10 7 42 18 1 8 25 30 21 29 35 34 39
Coste: 53293

GENERACION: 346
Mejor Solucion:  23 2 0 15 3 12 27 41 19 26 48 33 44 9 31 22 6 16 11 47 49 32 28 20 40 38 5 43 17 46 24 14 4 13 37 36 45 10 7 42 18 1 8 25 30 21 29 35 34 39
Coste: 53293

GENERACION: 347
Mejor Solucion:  23 2 0 15 3 12 27 41 19 26 48 33 44 9 31 22 6 16 11 47 49 32 28 20 40 38 5 43 17 46 24 14 4 13 37 36 45 10 7 42 18 1 8 25 30 21 29 35 34 39
Coste: 53293

GENERACION: 348
Mejor Solucion:  23 2 0 15 3 12 27 41 19 26 48 33 44 9 31 22 6 16 11 47 49 32 28 20 40 38 5 43 17 46 24 14 4 13 37 36 45 10 7 42 18 1 8 25 30 21 29 35 34 39
Coste: 53293

GENERACION: 349
Mejor Solucion:  23 2 0 15 3 12 27 41 19 26 48 33 44 9 31 22 6 16 11 47 49 32 28 20 40 38 5 43 17 46 24 14 4 13 37 36 45 10 7 42 18 1 8 25 30 21 29 35 34 39
Coste: 53293

GENERACION: 350
Mejor Solucion:  23 2 0 15 3 12 27 41 19 26 48 33 44 9 31 22 6 16 11 47 49 32 28 20 40 38 5 43 17 46 24 14 4 13 37 36 45 10 7 42 18 1 8 25 30 21 29 35 34 39
Coste: 53293

GENERACION: 351
Mejor Solucion:  23 2 0 15 3 12 27 41 19 26 48 33 44 9 31 22 6 16 11 47 49 32 28 20 40 38 5 43 17 46 24 14 4 13 37 36 45 10 7 42 18 1 8 25 30 21 29 35 34 39
Coste: 53293

GENERACION: 352
Mejor Solucion:  23 2 0 15 3 12 27 41 19 26 48 33 44 9 31 22 6 16 11 47 49 32 28 20 40 38 5 43 17 46 24 14 4 13 37 36 45 10 7 42 18 1 8 25 30 21 29 35 34 39
Coste: 53293

GENERACION: 353
Mejor Solucion:  23 2 0 15 3 12 27 41 19 26 48 33 44 9 31 22 6 16 11 47 49 32 28 20 40 38 5 43 17 46 24 14 4 13 37 36 45 10 7 42 18 1 8 25 30 21 29 35 34 39
Coste: 53293

GENERACION: 354
Mejor Solucion:  23 2 0 15 3 12 27 41 19 26 48 33 44 9 31 22 6 16 11 47 49 32 28 20 40 38 5 43 17 46 24 14 4 13 37 36 45 10 7 42 18 1 8 25 30 21 29 35 34 39
Coste: 53293

GENERACION: 355
Mejor Solucion:  23 2 0 15 3 12 27 41 19 26 48 33 44 9 31 22 6 16 11 47 49 32 28 20 40 38 5 43 17 46 24 14 4 13 37 36 45 10 7 42 18 1 8 25 30 21 29 35 34 39
Coste: 53293

GENERACION: 356
Mejor Solucion:  23 2 0 15 3 12 27 41 19 26 48 33 44 9 31 22 6 16 11 47 49 32 28 20 40 38 5 43 17 46 24 14 4 13 37 36 45 10 7 42 18 1 8 25 30 21 29 35 34 39
Coste: 53293

GENERACION: 357
Mejor Solucion:  23 2 0 15 3 12 27 41 19 26 48 33 44 9 31 22 6 16 11 47 49 32 28 20 40 38 5 43 17 46 24 14 4 13 37 36 45 10 7 42 18 1 8 25 30 21 29 35 34 39
Coste: 53293

GENERACION: 358
Mejor Solucion:  23 2 0 15 3 12 27 41 19 26 48 33 44 9 31 22 6 16 11 47 49 32 28 20 40 38 5 43 17 46 24 14 4 13 37 36 45 10 7 42 18 1 8 25 30 21 29 35 34 39
Coste: 53293

GENERACION: 359
Mejor Solucion:  23 2 0 15 3 12 27 41 19 26 48 33 44 9 31 22 6 16 11 47 49 32 28 20 40 38 5 43 17 46 24 14 4 13 37 36 45 10 7 42 18 1 8 25 30 21 29 35 34 39
Coste: 53293

GENERACION: 360
Mejor Solucion:  23 2 0 15 3 12 27 41 19 26 48 33 44 9 31 22 6 16 11 47 49 32 28 20 40 38 5 43 17 46 24 14 4 13 37 36 45 10 7 42 18 1 8 25 30 21 29 35 34 39
Coste: 53293

GENERACION: 361
Mejor Solucion:  23 2 0 15 3 12 27 41 19 26 48 33 44 9 31 22 6 16 11 47 49 32 28 20 40 38 5 43 17 46 24 14 4 13 37 36 45 10 7 42 18 1 8 25 30 21 29 35 34 39
Coste: 53293

GENERACION: 362
Mejor Solucion:  23 2 0 15 3 12 27 41 19 26 48 33 44 9 31 22 6 16 11 47 49 32 28 20 40 38 5 43 17 46 24 14 4 13 37 36 45 10 7 42 18 1 8 25 30 21 29 35 34 39
Coste: 53293

GENERACION: 363
Mejor Solucion:  23 2 0 15 3 12 27 41 19 26 48 33 44 9 31 22 6 16 11 47 49 32 28 20 40 38 5 43 17 46 24 14 4 13 37 36 45 10 7 42 18 1 8 25 30 21 29 35 34 39
Coste: 53293

GENERACION: 364
Mejor Solucion:  23 2 0 15 3 12 27 41 19 26 48 33 44 9 31 22 6 16 11 47 49 32 28 20 40 38 5 43 17 46 24 14 4 13 37 36 45 10 7 42 18 1 8 25 30 21 29 35 34 39
Coste: 53293

GENERACION: 365
Mejor Solucion:  23 2 0 15 3 12 27 41 19 26 48 33 44 9 31 22 6 16 11 47 49 32 28 20 40 38 5 43 17 46 24 14 4 13 37 36 45 10 7 42 18 1 8 25 30 21 29 35 34 39
Coste: 53293

GENERACION: 366
Mejor Solucion:  23 2 0 15 3 12 27 41 19 26 48 33 44 9 31 22 6 16 11 47 49 32 28 20 40 38 5 43 17 46 24 14 4 13 37 36 45 10 7 42 18 1 8 25 30 21 29 35 34 39
Coste: 53293

GENERACION: 367
Mejor Solucion:  23 2 0 15 3 12 27 41 19 26 48 33 44 9 31 22 6 16 11 47 49 32 28 20 40 38 5 43 17 46 24 14 4 13 37 36 45 10 7 42 18 1 8 25 30 21 29 35 34 39
Coste: 53293

GENERACION: 368
Mejor Solucion:  23 2 0 15 3 12 27 41 19 26 48 33 44 9 31 22 6 16 11 47 49 32 28 20 40 38 5 43 17 46 24 14 4 13 37 36 45 10 7 42 18 1 8 25 30 21 29 35 34 39
Coste: 53293

GENERACION: 369
Mejor Solucion:  23 2 0 15 3 12 27 41 19 26 48 33 44 9 31 22 6 16 11 47 49 32 28 20 40 38 5 43 17 46 24 14 4 13 37 36 45 10 7 42 18 1 8 25 30 21 29 35 34 39
Coste: 53293

GENERACION: 370
Mejor Solucion:  23 2 0 15 3 12 27 41 19 26 48 33 44 9 31 22 6 16 11 47 49 32 28 20 40 38 5 43 17 46 24 14 4 13 37 36 45 10 7 42 18 1 8 25 30 21 29 35 34 39
Coste: 53293

GENERACION: 371
Mejor Solucion:  23 2 0 15 3 12 27 41 19 26 48 33 44 9 31 22 6 16 11 47 49 32 28 20 40 38 5 43 17 46 24 14 4 13 37 36 45 10 7 42 18 1 8 25 30 21 29 35 34 39
Coste: 53293

GENERACION: 372
Mejor Solucion:  23 2 0 15 3 12 27 41 19 26 48 33 44 9 31 22 6 16 11 47 49 32 28 20 40 38 5 43 17 46 24 14 4 13 37 36 45 10 7 42 18 1 8 25 30 21 29 35 34 39
Coste: 53293

GENERACION: 373
Mejor Solucion:  23 2 0 15 3 12 27 41 19 26 48 33 44 9 31 22 6 16 11 47 49 32 28 20 40 38 5 43 17 46 24 14 4 13 37 36 45 10 7 42 18 1 8 25 30 21 29 35 34 39
Coste: 53293

GENERACION: 374
Mejor Solucion:  23 2 0 15 3 12 27 41 19 26 48 33 44 9 31 22 6 16 11 47 49 32 28 20 40 38 5 43 17 46 24 14 4 13 37 36 45 10 7 42 18 1 8 25 30 21 29 35 34 39
Coste: 53293

GENERACION: 375
Mejor Solucion:  23 2 0 15 3 12 27 41 19 26 48 33 44 9 31 22 6 16 11 47 49 32 28 20 40 38 5 43 17 46 24 14 4 13 37 36 45 10 7 42 18 1 8 25 30 21 29 35 34 39
Coste: 53293

GENERACION: 376
Mejor Solucion:  23 2 0 15 3 12 27 41 19 26 48 33 44 9 31 22 6 16 11 47 49 32 28 20 40 38 5 43 17 46 24 14 4 13 37 36 45 10 7 42 18 1 8 25 30 21 29 35 34 39
Coste: 53293

GENERACION: 377
Mejor Solucion:  23 2 0 15 3 12 27 41 19 26 48 33 44 9 31 22 6 16 11 47 49 32 28 20 40 38 5 43 17 46 24 14 4 13 37 36 45 10 7 42 18 1 8 25 30 21 29 35 34 39
Coste: 53293

GENERACION: 378
Mejor Solucion:  23 2 0 15 3 12 27 41 19 26 48 33 44 9 31 22 6 16 11 47 49 32 28 20 40 38 5 43 17 46 24 14 4 13 37 36 45 10 7 42 18 1 8 25 30 21 29 35 34 39
Coste: 53293

GENERACION: 379
Mejor Solucion:  23 2 0 15 3 12 27 41 19 26 48 33 44 9 31 22 6 16 11 47 49 32 28 20 40 38 5 43 17 46 24 14 4 13 37 36 45 10 7 42 18 1 8 25 30 21 29 35 34 39
Coste: 53293

GENERACION: 380
Mejor Solucion:  23 2 0 15 3 12 27 41 19 26 48 33 44 9 31 22 6 16 11 47 49 32 28 20 40 38 5 43 17 46 24 14 4 13 37 36 45 10 7 42 18 1 8 25 30 21 29 35 34 39
Coste: 53293

GENERACION: 381
Mejor Solucion:  23 2 0 15 3 12 27 41 19 26 48 33 44 9 31 22 6 16 11 47 49 32 28 20 40 38 5 43 17 46 24 14 4 13 37 36 45 10 7 42 18 1 8 25 30 21 29 35 34 39
Coste: 53293

GENERACION: 382
Mejor Solucion:  23 2 0 15 3 12 27 41 19 26 48 33 44 9 31 22 6 16 11 47 49 32 28 20 40 38 5 43 17 46 24 14 4 13 37 36 45 10 7 42 18 1 8 25 30 21 29 35 34 39
Coste: 53293

GENERACION: 383
Mejor Solucion:  23 2 0 15 3 12 27 41 19 26 48 33 44 9 31 22 6 16 11 47 49 32 28 20 40 38 5 43 17 46 24 14 4 13 37 36 45 10 7 42 18 1 8 25 30 21 29 35 34 39
Coste: 53293

GENERACION: 384
Mejor Solucion:  23 2 0 15 3 12 27 41 19 26 48 33 44 9 31 22 6 16 11 47 49 32 28 20 40 38 5 43 17 46 24 14 4 13 37 36 45 10 7 42 18 1 8 25 30 21 29 35 34 39
Coste: 53293

GENERACION: 385
Mejor Solucion:  23 2 0 15 3 12 27 41 19 26 48 33 44 9 31 22 6 16 11 47 49 32 28 20 40 38 5 43 17 46 24 14 4 13 37 36 45 10 7 42 18 1 8 25 30 21 29 35 34 39
Coste: 53293

GENERACION: 386
Mejor Solucion:  23 2 0 15 3 12 27 41 19 26 48 33 44 9 31 22 6 16 11 47 49 32 28 20 40 38 5 43 17 46 24 14 4 13 37 36 45 10 7 42 18 1 8 25 30 21 29 35 34 39
Coste: 53293

GENERACION: 387
Mejor Solucion:  23 2 0 15 3 12 27 41 19 26 48 33 44 9 31 22 6 16 11 47 49 32 28 20 40 38 5 43 17 46 24 14 4 13 37 36 45 10 7 42 18 1 8 25 30 21 29 35 34 39
Coste: 53293

GENERACION: 388
Mejor Solucion:  23 2 0 15 3 12 27 41 19 26 48 33 44 9 31 22 6 16 11 47 49 32 28 20 40 38 5 43 17 46 24 14 4 13 37 36 45 10 7 42 18 1 8 25 30 21 29 35 34 39
Coste: 53293

GENERACION: 389
Mejor Solucion:  23 2 0 15 3 12 27 41 19 26 48 33 44 9 31 22 6 16 11 47 49 32 28 20 40 38 5 43 17 46 24 14 4 13 37 36 45 10 7 42 18 1 8 25 30 21 29 35 34 39
Coste: 53293

GENERACION: 390
Mejor Solucion:  23 2 0 15 3 12 27 41 19 26 48 33 44 9 31 22 6 16 11 47 49 32 28 20 40 38 5 43 17 46 24 14 4 13 37 36 45 10 7 42 18 1 8 25 30 21 29 35 34 39
Coste: 53293

GENERACION: 391
Mejor Solucion:  23 2 0 15 3 12 27 41 19 26 48 33 44 9 31 22 6 16 11 47 49 32 28 20 40 38 5 43 17 46 24 14 4 13 37 36 45 10 7 42 18 1 8 25 30 21 29 35 34 39
Coste: 53293

GENERACION: 392
Mejor Solucion:  23 2 0 15 3 12 27 41 19 26 48 33 44 9 31 22 6 16 11 47 49 32 28 20 40 38 5 43 17 46 24 14 4 13 37 36 45 10 7 42 18 1 8 25 30 21 29 35 34 39
Coste: 53293

GENERACION: 393
Mejor Solucion:  23 2 0 15 3 12 27 41 19 26 48 33 44 9 31 22 6 16 11 47 49 32 28 20 40 38 5 43 17 46 24 14 4 13 37 36 45 10 7 42 18 1 8 25 30 21 29 35 34 39
Coste: 53293

GENERACION: 394
Mejor Solucion:  23 2 0 15 3 12 27 41 19 26 48 33 44 9 31 22 6 16 11 47 49 32 28 20 40 38 5 43 17 46 24 14 4 13 37 36 45 10 7 42 18 1 8 25 30 21 29 35 34 39
Coste: 53293

GENERACION: 395
Mejor Solucion:  23 2 0 15 3 12 27 41 19 26 48 33 44 9 31 22 6 16 11 47 49 32 28 20 40 38 5 43 17 46 24 14 4 13 37 36 45 10 7 42 18 1 8 25 30 21 29 35 34 39
Coste: 53293

GENERACION: 396
Mejor Solucion:  23 2 0 15 3 12 27 41 19 26 48 33 44 9 31 22 6 16 11 47 49 32 28 20 40 38 5 43 17 46 24 14 4 13 37 36 45 10 7 42 18 1 8 25 30 21 29 35 34 39
Coste: 53293

GENERACION: 397
Mejor Solucion:  23 2 0 15 3 12 27 41 19 26 48 33 44 9 31 22 6 16 11 47 49 32 28 20 40 38 5 43 17 46 24 14 4 13 37 36 45 10 7 42 18 1 8 25 30 21 29 35 34 39
Coste: 53293

GENERACION: 398
Mejor Solucion:  23 2 0 15 3 12 27 41 19 26 48 33 44 9 31 22 6 16 11 47 49 32 28 20 40 38 5 43 17 46 24 14 4 13 37 36 45 10 7 42 18 1 8 25 30 21 29 35 34 39
Coste: 53293

GENERACION: 399
Mejor Solucion:  23 2 0 15 3 12 27 41 19 26 48 33 44 9 31 22 6 16 11 47 49 32 28 20 40 38 5 43 17 46 24 14 4 13 37 36 45 10 7 42 18 1 8 25 30 21 29 35 34 39
Coste: 53293

GENERACION: 400
Mejor Solucion:  23 2 0 15 3 12 27 41 19 26 48 33 44 9 31 22 6 16 11 47 49 32 28 20 40 38 5 43 17 46 24 14 4 13 37 36 45 10 7 42 18 1 8 25 30 21 29 35 34 39
Coste: 53293

GENERACION: 401
Mejor Solucion:  23 2 0 15 3 12 27 41 19 26 48 33 44 9 31 22 6 16 11 47 49 32 28 20 40 38 5 43 17 46 24 14 4 13 37 36 45 10 7 42 18 1 8 25 30 21 29 35 34 39
Coste: 53293

GENERACION: 402
Mejor Solucion:  23 2 0 15 3 12 27 41 19 26 48 33 44 9 31 22 6 16 11 47 49 32 28 20 40 38 5 43 17 46 24 14 4 13 37 36 45 10 7 42 18 1 8 25 30 21 29 35 34 39
Coste: 53293

GENERACION: 403
Mejor Solucion:  23 2 0 15 3 12 27 41 19 26 48 33 44 9 31 22 6 16 11 47 49 32 28 20 40 38 5 43 17 46 24 14 4 13 37 36 45 10 7 42 18 1 8 25 30 21 29 35 34 39
Coste: 53293

GENERACION: 404
Mejor Solucion:  23 2 0 15 3 12 27 41 19 26 48 33 44 9 31 22 6 16 11 47 49 32 28 20 40 38 5 43 17 46 24 14 4 13 37 36 45 10 7 42 18 1 8 25 30 21 29 35 34 39
Coste: 53293

GENERACION: 405
Mejor Solucion:  23 2 0 15 3 12 27 41 19 26 48 33 44 9 31 22 6 16 11 47 49 32 28 20 40 38 5 43 17 46 24 14 4 13 37 36 45 10 7 42 18 1 8 25 30 21 29 35 34 39
Coste: 53293

GENERACION: 406
Mejor Solucion:  23 2 0 15 3 12 27 41 19 26 48 33 44 9 31 22 6 16 11 47 49 32 28 20 40 38 5 43 17 46 24 14 4 13 37 36 45 10 7 42 18 1 8 25 30 21 29 35 34 39
Coste: 53293

