GENERACION: 1
Mejor Solucion:  39 26 43 14 32 45 38 37 31 13 24 49 40 46 34 20 17 30 5 3 0 8 15 41 22 2 7 44 9 42 6 48 47 25 29 21 18 23 27 36 11 1 10 28 12 4 16 33 19 35
Coste: 54406

GENERACION: 2
Mejor Solucion:  39 26 43 14 32 45 38 37 31 13 24 49 40 46 34 20 17 30 5 3 0 8 15 41 22 2 7 44 9 42 6 48 47 25 29 21 18 23 27 36 11 1 10 28 12 4 16 33 19 35
Coste: 54406

GENERACION: 3
Mejor Solucion:  39 26 43 14 32 45 38 37 31 13 24 49 40 46 34 20 17 30 5 3 0 8 15 41 22 2 7 44 9 42 6 48 47 25 29 21 18 23 27 36 11 1 10 28 12 4 16 33 19 35
Coste: 54406

GENERACION: 4
Mejor Solucion:  39 26 43 14 32 45 38 37 31 13 24 49 40 46 34 20 17 30 5 3 0 8 15 41 22 2 7 44 9 42 6 48 47 25 29 21 18 23 27 36 11 1 10 28 12 4 16 33 19 35
Coste: 54406

GENERACION: 5
Mejor Solucion:  39 26 43 14 32 45 38 37 31 13 24 49 40 46 34 20 17 30 5 3 0 8 15 41 22 2 7 44 9 42 6 48 47 25 29 21 18 23 27 36 11 1 10 28 12 4 16 33 19 35
Coste: 54406

GENERACION: 6
Mejor Solucion:  39 26 43 14 32 45 38 37 31 13 24 49 40 46 34 20 17 30 5 3 0 8 15 41 22 2 7 44 9 42 6 48 47 25 29 21 18 23 27 36 11 1 10 28 12 4 16 33 19 35
Coste: 54406

GENERACION: 7
Mejor Solucion:  39 26 43 14 32 45 38 37 31 13 24 49 40 46 34 20 17 30 5 3 0 8 15 41 22 2 7 44 9 42 6 48 47 25 29 21 18 23 27 36 11 1 10 28 12 4 16 33 19 35
Coste: 54406

GENERACION: 8
Mejor Solucion:  26 32 23 5 34 35 37 18 4 45 31 38 36 12 17 40 25 46 3 0 8 6 41 22 2 7 44 15 42 24 48 47 10 30 21 11 1 9 49 27 29 39 19 20 16 14 43 13 33 28
Coste: 54374

GENERACION: 9
Mejor Solucion:  26 32 23 5 34 35 37 18 4 45 31 38 36 12 17 40 25 46 3 0 8 6 41 22 2 7 44 15 42 24 48 47 10 30 21 11 1 9 49 27 29 39 19 20 16 14 43 13 33 28
Coste: 54374

GENERACION: 10
Mejor Solucion:  26 32 23 5 34 35 37 18 4 45 31 38 36 12 17 40 25 46 3 0 8 6 41 22 2 7 44 15 42 24 48 47 10 30 21 11 1 9 49 27 29 39 19 20 16 14 43 13 33 28
Coste: 54374

GENERACION: 11
Mejor Solucion:  26 32 23 5 34 35 37 18 4 45 31 38 36 12 17 40 25 46 3 0 8 6 41 22 2 7 44 15 42 24 48 47 10 30 21 11 1 9 49 27 29 39 19 20 16 14 43 13 33 28
Coste: 54374

GENERACION: 12
Mejor Solucion:  26 32 23 5 34 35 37 18 4 45 31 38 36 12 17 40 25 46 3 0 8 6 41 22 2 7 44 15 42 24 48 47 10 30 21 11 1 9 49 27 29 39 19 20 16 14 43 13 33 28
Coste: 54374

GENERACION: 13
Mejor Solucion:  26 32 23 5 34 35 37 18 4 45 31 38 36 12 17 40 25 46 3 0 8 6 41 22 2 7 44 15 42 24 48 47 10 30 21 11 1 9 49 27 29 39 19 20 16 14 43 13 33 28
Coste: 54374

GENERACION: 14
Mejor Solucion:  26 32 23 5 34 35 37 18 4 45 31 38 36 12 17 40 25 46 3 0 8 6 41 22 2 7 44 15 42 24 48 47 10 30 21 11 1 9 49 27 29 39 19 20 16 14 43 13 33 28
Coste: 54374

GENERACION: 15
Mejor Solucion:  35 37 16 29 43 1 49 36 18 5 22 14 33 12 19 44 25 46 3 0 8 6 41 4 2 7 40 24 42 15 30 47 20 27 21 11 9 48 45 39 17 10 38 31 13 28 26 32 23 34
Coste: 54313

GENERACION: 16
Mejor Solucion:  35 37 16 29 43 1 49 36 18 5 22 14 33 12 19 44 25 46 3 0 8 6 41 4 2 7 40 24 42 15 30 47 20 27 21 11 9 48 45 39 17 10 38 31 13 28 26 32 23 34
Coste: 54313

GENERACION: 17
Mejor Solucion:  35 37 16 29 43 1 49 36 18 5 22 14 33 12 19 44 25 46 3 0 8 6 41 4 2 7 40 24 42 15 30 47 20 27 21 11 9 48 45 39 17 10 38 31 13 28 26 32 23 34
Coste: 54313

GENERACION: 18
Mejor Solucion:  35 37 16 29 43 1 49 36 18 5 22 14 33 12 19 44 25 46 3 0 8 6 41 4 2 7 40 24 42 15 30 47 20 27 21 11 9 48 45 39 17 10 38 31 13 28 26 32 23 34
Coste: 54313

GENERACION: 19
Mejor Solucion:  35 37 16 29 43 1 49 36 18 5 22 14 33 12 19 44 25 46 3 0 8 6 41 4 2 7 40 24 42 15 30 47 20 27 21 11 9 48 45 39 17 10 38 31 13 28 26 32 23 34
Coste: 54313

GENERACION: 20
Mejor Solucion:  35 37 16 29 43 1 49 36 18 5 22 14 33 12 19 44 25 46 3 0 8 6 41 4 2 7 40 24 42 15 30 47 20 27 21 11 9 48 45 39 17 10 38 31 13 28 26 32 23 34
Coste: 54313

GENERACION: 21
Mejor Solucion:  35 37 16 29 43 1 49 36 18 5 22 14 33 12 19 44 25 46 3 0 8 6 41 4 2 7 40 24 42 15 30 47 20 27 21 11 9 48 45 39 17 10 38 31 13 28 26 32 23 34
Coste: 54313

GENERACION: 22
Mejor Solucion:  35 37 16 29 43 1 49 36 18 5 22 14 33 12 19 44 25 46 3 0 8 6 41 4 2 7 40 24 42 15 30 47 20 27 21 11 9 48 45 39 17 10 38 31 13 28 26 32 23 34
Coste: 54313

GENERACION: 23
Mejor Solucion:  35 37 16 29 43 1 49 36 18 5 22 14 33 12 19 44 25 46 3 0 8 6 41 4 2 7 40 24 42 15 30 47 20 27 21 11 9 48 45 39 17 10 38 31 13 28 26 32 23 34
Coste: 54313

GENERACION: 24
Mejor Solucion:  35 37 16 29 43 1 49 36 18 5 22 14 33 12 19 44 25 46 3 0 8 6 41 4 2 7 40 24 42 15 30 47 20 27 21 11 9 48 45 39 17 10 38 31 13 28 26 32 23 34
Coste: 54313

GENERACION: 25
Mejor Solucion:  35 37 16 29 43 1 49 36 18 5 22 14 33 12 19 44 25 46 3 0 8 6 41 4 2 7 40 24 42 15 30 47 20 27 21 11 9 48 45 39 17 10 38 31 13 28 26 32 23 34
Coste: 54313

GENERACION: 26
Mejor Solucion:  35 37 16 29 43 1 49 36 18 5 22 14 33 12 19 44 25 46 3 0 8 6 41 4 2 7 40 24 42 15 30 47 20 27 21 11 9 48 45 39 17 10 38 31 13 28 26 32 23 34
Coste: 54313

GENERACION: 27
Mejor Solucion:  35 37 16 29 43 1 49 36 18 5 22 14 33 12 19 44 25 46 3 0 8 6 41 4 2 7 40 24 42 15 30 47 20 27 21 11 9 48 45 39 17 10 38 31 13 28 26 32 23 34
Coste: 54313

GENERACION: 28
Mejor Solucion:  35 37 16 29 43 1 49 36 18 5 22 14 33 12 19 44 25 46 3 0 8 6 41 4 2 7 40 24 42 15 30 47 20 27 21 11 9 48 45 39 17 10 38 31 13 28 26 32 23 34
Coste: 54313

GENERACION: 29
Mejor Solucion:  35 37 16 29 43 1 49 36 18 5 22 14 33 12 19 44 25 46 3 0 8 6 41 4 2 7 40 24 42 15 30 47 20 27 21 11 9 48 45 39 17 10 38 31 13 28 26 32 23 34
Coste: 54313

GENERACION: 30
Mejor Solucion:  35 37 16 29 43 1 49 36 18 5 22 14 33 12 19 44 25 46 3 0 8 6 41 4 2 7 40 24 42 15 30 47 20 27 21 11 9 48 45 39 17 10 38 31 13 28 26 32 23 34
Coste: 54313

GENERACION: 31
Mejor Solucion:  35 37 16 29 43 1 49 36 18 5 22 14 33 12 19 44 25 46 3 0 8 6 41 4 2 7 40 24 42 15 30 47 20 27 21 11 9 48 45 39 17 10 38 31 13 28 26 32 23 34
Coste: 54313

GENERACION: 32
Mejor Solucion:  35 37 16 29 43 1 49 36 18 5 22 14 33 12 19 44 25 46 3 0 8 6 41 4 2 7 40 24 42 15 30 47 20 27 21 11 9 48 45 39 17 10 38 31 13 28 26 32 23 34
Coste: 54313

GENERACION: 33
Mejor Solucion:  35 37 16 29 43 1 49 36 18 5 22 14 33 12 19 44 25 46 3 0 8 6 41 4 2 7 40 24 42 15 30 47 20 27 21 11 9 48 45 39 17 10 38 31 13 28 26 32 23 34
Coste: 54313

GENERACION: 34
Mejor Solucion:  35 37 16 29 43 1 49 36 18 5 22 14 33 12 19 44 25 46 3 0 8 6 41 4 2 7 40 24 42 15 30 47 20 27 21 11 9 48 45 39 17 10 38 31 13 28 26 32 23 34
Coste: 54313

GENERACION: 35
Mejor Solucion:  35 37 16 29 43 1 49 36 18 5 22 14 33 12 19 44 25 46 3 0 8 6 41 4 2 7 40 24 42 15 30 47 20 27 21 11 9 48 45 39 17 10 38 31 13 28 26 32 23 34
Coste: 54313

GENERACION: 36
Mejor Solucion:  35 37 16 29 43 1 49 36 18 5 22 14 33 12 19 44 25 46 3 0 8 6 41 4 2 7 40 24 42 15 30 47 20 27 21 11 9 48 45 39 17 10 38 31 13 28 26 32 23 34
Coste: 54313

GENERACION: 37
Mejor Solucion:  14 19 4 35 0 9 48 29 47 41 10 25 18 13 15 8 6 5 2 3 24 42 43 28 26 40 30 20 27 21 11 45 39 17 1 38 34 12 16 36 32 22 49 23 46 37 44 7 33 31
Coste: 54162

GENERACION: 38
Mejor Solucion:  14 19 4 35 0 9 48 29 47 41 10 25 18 13 15 8 6 5 2 3 24 42 43 28 26 40 30 20 27 21 11 45 39 17 1 38 34 12 16 36 32 22 49 23 46 37 44 7 33 31
Coste: 54162

GENERACION: 39
Mejor Solucion:  14 19 4 35 0 9 48 29 47 41 10 25 18 13 15 8 6 5 2 3 24 42 43 28 26 40 30 20 27 21 11 45 39 17 1 38 34 12 16 36 32 22 49 23 46 37 44 7 33 31
Coste: 54162

GENERACION: 40
Mejor Solucion:  14 19 4 35 0 9 48 29 47 41 10 25 18 13 15 8 6 5 2 3 24 42 43 28 26 40 30 20 27 21 11 45 39 17 1 38 34 12 16 36 32 22 49 23 46 37 44 7 33 31
Coste: 54162

GENERACION: 41
Mejor Solucion:  14 19 4 35 0 9 48 29 47 41 10 25 18 13 15 8 6 5 2 3 24 42 43 28 26 40 30 20 27 21 11 45 39 17 1 38 34 12 16 36 32 22 49 23 46 37 44 7 33 31
Coste: 54162

GENERACION: 42
Mejor Solucion:  14 19 4 35 0 9 48 29 47 41 10 25 18 13 15 8 6 5 2 3 24 42 43 28 26 40 30 20 27 21 11 45 39 17 1 38 34 12 16 36 32 22 49 23 46 37 44 7 33 31
Coste: 54162

GENERACION: 43
Mejor Solucion:  14 19 4 35 0 9 48 29 47 41 10 25 18 13 15 8 6 5 2 3 24 42 43 28 26 40 30 20 27 21 11 45 39 17 1 38 34 12 16 36 32 22 49 23 46 37 44 7 33 31
Coste: 54162

GENERACION: 44
Mejor Solucion:  14 19 4 35 0 9 48 29 47 41 10 25 18 13 15 8 6 5 2 3 24 42 43 28 26 40 30 20 27 21 11 45 39 17 1 38 34 12 16 36 32 22 49 23 46 37 44 7 33 31
Coste: 54162

GENERACION: 45
Mejor Solucion:  14 19 4 35 0 9 48 29 47 41 10 25 18 13 15 8 6 5 2 3 24 42 43 28 26 40 30 20 27 21 11 45 39 17 1 38 34 12 16 36 32 22 49 23 46 37 44 7 33 31
Coste: 54162

GENERACION: 46
Mejor Solucion:  14 19 4 35 0 9 48 29 47 41 10 25 18 13 15 8 6 5 2 3 24 42 43 28 26 40 30 20 27 21 11 45 39 17 1 38 34 12 16 36 32 22 49 23 46 37 44 7 33 31
Coste: 54162

GENERACION: 47
Mejor Solucion:  14 19 4 35 0 9 48 29 47 41 10 25 18 13 15 8 6 5 2 3 24 42 43 28 26 40 30 20 27 21 11 45 39 17 1 38 34 12 16 36 32 22 49 23 46 37 44 7 33 31
Coste: 54162

GENERACION: 48
Mejor Solucion:  14 19 4 35 0 9 48 29 47 41 10 25 18 13 15 8 6 5 2 3 24 42 43 28 26 40 30 20 27 21 11 45 39 17 1 38 34 12 16 36 32 22 49 23 46 37 44 7 33 31
Coste: 54162

GENERACION: 49
Mejor Solucion:  14 19 4 35 0 9 48 29 47 41 10 25 18 13 15 8 6 5 2 3 24 42 43 28 26 40 30 20 27 21 11 45 39 17 1 38 34 12 16 36 32 22 49 23 46 37 44 7 33 31
Coste: 54162

GENERACION: 50
Mejor Solucion:  14 19 4 35 0 9 48 29 47 41 10 25 18 13 15 8 6 5 2 3 24 42 43 28 26 40 30 20 27 21 11 45 39 17 1 38 34 12 16 36 32 22 49 23 46 37 44 7 33 31
Coste: 54162

GENERACION: 51
Mejor Solucion:  14 19 4 35 0 9 48 29 47 41 10 25 18 13 15 8 6 5 2 3 24 42 43 28 26 40 30 20 27 21 11 45 39 17 1 38 34 12 16 36 32 22 49 23 46 37 44 7 33 31
Coste: 54162

GENERACION: 52
Mejor Solucion:  14 19 4 35 0 9 48 29 47 41 10 25 18 13 15 8 6 5 2 3 24 42 43 28 26 40 30 20 27 21 11 45 39 17 1 38 34 12 16 36 32 22 49 23 46 37 44 7 33 31
Coste: 54162

GENERACION: 53
Mejor Solucion:  14 19 4 35 0 9 48 29 47 41 10 25 18 13 15 8 6 5 2 3 24 42 43 28 26 40 30 20 27 21 11 45 39 17 1 38 34 12 16 36 32 22 49 23 46 37 44 7 33 31
Coste: 54162

GENERACION: 54
Mejor Solucion:  14 19 4 35 0 9 48 29 47 41 10 25 18 13 15 8 6 5 2 3 24 42 43 28 26 40 30 20 27 21 11 45 39 17 1 38 34 12 16 36 32 22 49 23 46 37 44 7 33 31
Coste: 54162

GENERACION: 55
Mejor Solucion:  14 19 4 35 0 9 48 29 47 41 10 25 18 13 15 8 6 5 2 3 24 42 43 28 26 40 30 20 27 21 11 45 39 17 1 38 34 12 16 36 32 22 49 23 46 37 44 7 33 31
Coste: 54162

GENERACION: 56
Mejor Solucion:  14 19 4 35 0 9 48 29 47 41 10 25 18 13 15 8 6 5 2 3 24 42 43 28 26 40 30 20 27 21 11 45 39 17 1 38 34 12 16 36 32 22 49 23 46 37 44 7 33 31
Coste: 54162

GENERACION: 57
Mejor Solucion:  14 19 4 35 0 9 48 29 47 41 10 25 18 13 15 8 6 5 2 3 24 42 43 28 26 40 30 20 27 21 11 45 39 17 1 38 34 12 16 36 32 22 49 23 46 37 44 7 33 31
Coste: 54162

GENERACION: 58
Mejor Solucion:  14 19 4 35 0 9 48 29 47 41 10 25 18 13 15 8 6 5 2 3 24 42 43 28 26 40 30 20 27 21 11 45 39 17 1 38 34 12 16 36 32 22 49 23 46 37 44 7 33 31
Coste: 54162

GENERACION: 59
Mejor Solucion:  14 19 4 35 0 9 48 29 47 41 10 25 18 13 15 8 6 5 2 3 24 42 43 28 26 40 30 20 27 21 11 45 39 17 1 38 34 12 16 36 32 22 49 23 46 37 44 7 33 31
Coste: 54162

GENERACION: 60
Mejor Solucion:  14 19 4 35 0 9 48 29 47 41 10 25 18 13 15 8 6 5 2 3 24 42 43 28 26 40 30 20 27 21 11 45 39 17 1 38 34 12 16 36 32 22 49 23 46 37 44 7 33 31
Coste: 54162

GENERACION: 61
Mejor Solucion:  14 19 4 35 0 9 48 29 47 41 10 25 18 13 15 8 6 5 2 3 24 42 43 28 26 40 30 20 27 21 11 45 39 17 1 38 34 12 16 36 32 22 49 23 46 37 44 7 33 31
Coste: 54162

GENERACION: 62
Mejor Solucion:  14 19 4 35 0 9 48 29 47 41 10 25 18 13 15 8 6 5 2 3 24 42 43 28 26 40 30 20 27 21 11 45 39 17 1 38 34 12 16 36 32 22 49 23 46 37 44 7 33 31
Coste: 54162

GENERACION: 63
Mejor Solucion:  14 19 4 35 0 9 48 29 47 41 10 25 18 13 15 8 6 5 2 3 24 42 43 28 26 40 30 20 27 21 11 45 39 17 1 38 34 12 16 36 32 22 49 23 46 37 44 7 33 31
Coste: 54162

GENERACION: 64
Mejor Solucion:  14 19 4 35 0 9 48 29 47 41 10 25 18 13 15 8 6 5 2 3 24 42 43 28 26 40 30 20 27 21 11 45 39 17 1 38 34 12 16 36 32 22 49 23 46 37 44 7 33 31
Coste: 54162

GENERACION: 65
Mejor Solucion:  14 19 4 35 0 9 48 29 47 41 10 25 18 13 15 8 6 5 2 3 24 42 43 28 26 40 30 20 27 21 11 45 39 17 1 38 34 12 16 36 32 22 49 23 46 37 44 7 33 31
Coste: 54162

GENERACION: 66
Mejor Solucion:  14 19 4 35 0 9 48 29 47 41 10 25 18 13 15 8 6 5 2 3 24 42 43 28 26 40 30 20 27 21 11 45 39 17 1 38 34 12 16 36 32 22 49 23 46 37 44 7 33 31
Coste: 54162

GENERACION: 67
Mejor Solucion:  14 19 4 35 0 9 48 29 47 41 10 25 18 13 15 8 6 5 2 3 24 42 43 28 26 40 30 20 27 21 11 45 39 17 1 38 34 12 16 36 32 22 49 23 46 37 44 7 33 31
Coste: 54162

GENERACION: 68
Mejor Solucion:  14 19 4 35 0 9 48 29 47 41 10 25 18 13 15 8 6 5 2 3 24 42 43 28 26 40 30 20 27 21 11 45 39 17 1 38 34 12 16 36 32 22 49 23 46 37 44 7 33 31
Coste: 54162

GENERACION: 69
Mejor Solucion:  14 19 4 35 0 9 48 29 47 41 10 25 18 13 15 8 6 5 2 3 24 42 43 28 26 40 30 20 27 21 11 45 39 17 1 38 34 12 16 36 32 22 49 23 46 37 44 7 33 31
Coste: 54162

GENERACION: 70
Mejor Solucion:  14 19 4 35 0 9 48 29 47 41 10 25 18 13 15 8 6 5 2 3 24 42 43 28 26 40 30 20 27 21 11 45 39 17 1 38 34 12 16 36 32 22 49 23 46 37 44 7 33 31
Coste: 54162

GENERACION: 71
Mejor Solucion:  14 19 4 35 0 9 48 29 47 41 10 25 18 13 15 8 6 5 2 3 24 42 43 28 26 40 30 20 27 21 11 45 39 17 1 38 34 12 16 36 32 22 49 23 46 37 44 7 33 31
Coste: 54162

GENERACION: 72
Mejor Solucion:  14 19 4 35 0 9 48 29 47 41 10 25 18 13 15 8 6 5 2 3 24 42 43 28 26 40 30 20 27 21 11 45 39 17 1 38 34 12 16 36 32 22 49 23 46 37 44 7 33 31
Coste: 54162

GENERACION: 73
Mejor Solucion:  14 19 4 35 0 9 48 29 47 41 10 25 18 13 15 8 6 5 2 3 24 42 43 28 26 40 30 20 27 21 11 45 39 17 1 38 34 12 16 36 32 22 49 23 46 37 44 7 33 31
Coste: 54162

GENERACION: 74
Mejor Solucion:  14 19 4 35 0 9 48 29 47 41 10 25 18 13 15 8 6 5 2 3 24 42 43 28 26 40 30 20 27 21 11 45 39 17 1 38 34 12 16 36 32 22 49 23 46 37 44 7 33 31
Coste: 54162

GENERACION: 75
Mejor Solucion:  14 19 4 35 0 9 48 29 47 41 10 25 18 13 15 8 6 5 2 3 24 42 43 28 26 40 30 20 27 21 11 45 39 17 1 38 34 12 16 36 32 22 49 23 46 37 44 7 33 31
Coste: 54162

GENERACION: 76
Mejor Solucion:  14 19 4 35 0 9 48 29 47 41 10 25 18 13 15 8 6 5 2 3 24 42 43 28 26 40 30 20 27 21 11 45 39 17 1 38 34 12 16 36 32 22 49 23 46 37 44 7 33 31
Coste: 54162

GENERACION: 77
Mejor Solucion:  14 19 4 35 0 9 48 29 47 41 10 25 18 13 15 8 6 5 2 3 24 42 43 28 26 40 30 20 27 21 11 45 39 17 1 38 34 12 16 36 32 22 49 23 46 37 44 7 33 31
Coste: 54162

GENERACION: 78
Mejor Solucion:  14 19 4 35 0 9 48 29 47 41 10 25 18 13 15 8 6 5 2 3 24 42 43 28 26 40 30 20 27 21 11 45 39 17 1 38 34 12 16 36 32 22 49 23 46 37 44 7 33 31
Coste: 54162

GENERACION: 79
Mejor Solucion:  14 19 4 35 0 9 48 29 47 41 10 25 18 13 15 8 6 5 2 3 24 42 43 28 26 40 30 20 27 21 11 45 39 17 1 38 34 12 16 36 32 22 49 23 46 37 44 7 33 31
Coste: 54162

GENERACION: 80
Mejor Solucion:  14 19 4 35 0 9 48 29 47 41 10 25 18 13 15 8 6 5 2 3 24 42 43 28 26 40 30 20 27 21 11 45 39 17 1 38 34 12 16 36 32 22 49 23 46 37 44 7 33 31
Coste: 54162

GENERACION: 81
Mejor Solucion:  14 19 4 35 0 9 48 29 47 41 10 25 18 13 15 8 6 5 2 3 24 42 43 28 26 40 30 20 27 21 11 45 39 17 1 38 34 12 16 36 32 22 49 23 46 37 44 7 33 31
Coste: 54162

GENERACION: 82
Mejor Solucion:  31 37 4 44 0 9 48 29 47 41 10 25 30 13 15 8 40 5 2 3 24 46 45 43 26 6 18 20 36 21 11 39 27 23 12 16 42 33 7 14 1 49 19 22 35 34 38 17 32 28
Coste: 53982

GENERACION: 83
Mejor Solucion:  31 37 4 44 0 9 48 29 47 41 10 25 30 45 15 8 40 5 2 3 24 46 13 43 26 6 35 20 36 21 11 39 28 23 12 16 42 18 7 14 1 49 19 22 33 34 38 17 32 27
Coste: 53878

GENERACION: 84
Mejor Solucion:  31 37 4 44 0 9 48 29 47 41 10 25 30 45 15 8 40 5 2 3 24 46 13 43 26 6 35 20 36 21 11 39 28 23 12 16 42 18 7 14 1 49 19 22 33 34 38 17 32 27
Coste: 53878

GENERACION: 85
Mejor Solucion:  31 37 4 44 0 9 48 29 47 41 10 25 30 45 15 8 40 5 2 3 24 46 13 43 26 6 35 20 36 21 11 39 28 23 12 16 42 18 7 14 1 49 19 22 33 34 38 17 32 27
Coste: 53878

GENERACION: 86
Mejor Solucion:  31 37 4 44 0 9 48 29 47 41 10 25 30 45 15 8 40 5 2 3 24 46 13 43 26 6 35 20 36 21 11 39 28 23 12 16 42 18 7 14 1 49 19 22 33 34 38 17 32 27
Coste: 53878

GENERACION: 87
Mejor Solucion:  31 37 4 44 0 9 48 29 47 41 10 25 30 45 15 8 40 5 2 3 24 46 13 43 26 6 35 20 36 21 11 39 28 23 12 16 42 18 7 14 1 49 19 22 33 34 38 17 32 27
Coste: 53878

GENERACION: 88
Mejor Solucion:  31 37 4 44 0 9 48 29 47 41 10 25 30 45 15 8 40 5 2 3 24 46 13 43 26 6 35 20 36 21 11 39 28 23 12 16 42 18 7 14 1 49 19 22 33 34 38 17 32 27
Coste: 53878

GENERACION: 89
Mejor Solucion:  31 37 4 44 0 9 48 29 47 41 10 25 30 45 15 8 40 5 2 3 24 46 13 43 26 6 35 20 36 21 11 39 28 23 12 16 42 18 7 14 1 49 19 22 33 34 38 17 32 27
Coste: 53878

GENERACION: 90
Mejor Solucion:  31 37 4 44 0 9 48 29 47 41 10 25 30 45 15 8 40 5 2 3 24 46 13 43 26 6 35 20 36 21 11 39 28 23 12 16 42 18 7 14 1 49 19 22 33 34 38 17 32 27
Coste: 53878

GENERACION: 91
Mejor Solucion:  31 37 4 44 0 9 48 29 47 41 10 25 30 45 15 8 40 5 2 3 24 46 13 43 26 6 35 20 36 21 11 39 28 23 12 16 42 18 7 14 1 49 19 22 33 34 38 17 32 27
Coste: 53878

GENERACION: 92
Mejor Solucion:  31 37 4 44 0 9 48 29 47 41 10 25 30 45 15 8 40 5 2 3 24 46 13 43 26 6 35 20 36 21 11 39 28 23 12 16 42 18 7 14 1 49 19 22 33 34 38 17 32 27
Coste: 53878

GENERACION: 93
Mejor Solucion:  31 37 4 44 0 9 48 29 47 41 10 25 30 45 15 8 40 5 2 3 24 46 13 43 26 6 35 20 36 21 11 39 28 23 12 16 42 18 7 14 1 49 19 22 33 34 38 17 32 27
Coste: 53878

GENERACION: 94
Mejor Solucion:  31 37 4 44 0 9 48 29 47 41 10 25 30 45 15 8 40 5 2 3 24 46 13 43 26 6 35 20 36 21 11 39 28 23 12 16 42 18 7 14 1 49 19 22 33 34 38 17 32 27
Coste: 53878

GENERACION: 95
Mejor Solucion:  31 37 4 44 0 9 48 29 47 41 10 25 30 45 15 8 40 5 2 3 24 46 13 43 26 6 35 20 36 21 11 39 28 23 12 16 42 18 7 14 1 49 19 22 33 34 38 17 32 27
Coste: 53878

GENERACION: 96
Mejor Solucion:  31 37 4 44 0 9 48 29 47 41 10 25 30 45 15 8 40 5 2 3 24 46 13 43 26 6 35 20 36 21 11 39 28 23 12 16 42 18 7 14 1 49 19 22 33 34 38 17 32 27
Coste: 53878

GENERACION: 97
Mejor Solucion:  31 37 4 44 0 9 48 29 47 41 10 25 30 45 15 8 40 5 2 3 24 46 13 43 26 6 35 20 36 21 11 39 28 23 12 16 42 18 7 14 1 49 19 22 33 34 38 17 32 27
Coste: 53878

GENERACION: 98
Mejor Solucion:  31 37 4 44 0 9 48 29 47 41 10 25 30 45 15 8 40 5 2 3 24 46 13 43 26 6 35 20 36 21 11 39 28 23 12 16 42 18 7 14 1 49 19 22 33 34 38 17 32 27
Coste: 53878

GENERACION: 99
Mejor Solucion:  31 37 4 44 0 9 48 29 47 41 10 25 30 45 15 8 40 5 2 3 24 46 13 43 26 6 35 20 36 21 11 39 28 23 12 16 42 18 7 14 1 49 19 22 33 34 38 17 32 27
Coste: 53878

GENERACION: 100
Mejor Solucion:  31 37 4 44 0 9 48 29 47 41 10 25 30 45 15 8 40 5 2 3 24 46 13 43 26 6 35 20 36 21 11 39 28 23 12 16 42 18 7 14 1 49 19 22 33 34 38 17 32 27
Coste: 53878

GENERACION: 101
Mejor Solucion:  31 37 4 44 0 9 48 29 47 41 10 25 30 45 15 8 40 5 2 3 24 46 13 43 26 6 35 20 36 21 11 39 28 23 12 16 42 18 7 14 1 49 19 22 33 34 38 17 32 27
Coste: 53878

GENERACION: 102
Mejor Solucion:  31 37 4 44 0 9 48 29 47 41 10 25 30 45 15 8 40 5 2 3 24 46 13 43 26 6 35 20 36 21 11 39 28 23 12 16 42 18 7 14 1 49 19 22 33 34 38 17 32 27
Coste: 53878

GENERACION: 103
Mejor Solucion:  31 37 4 44 0 9 48 29 47 41 10 25 30 45 15 8 40 5 2 3 24 46 13 43 26 6 35 20 36 21 11 39 28 23 12 16 42 18 7 14 1 49 19 22 33 34 38 17 32 27
Coste: 53878

GENERACION: 104
Mejor Solucion:  31 37 4 44 0 9 48 29 47 41 10 25 30 45 15 8 40 5 2 3 24 46 13 43 26 6 35 20 36 21 11 39 28 23 12 16 42 18 7 14 1 49 19 22 33 34 38 17 32 27
Coste: 53878

GENERACION: 105
Mejor Solucion:  31 37 4 44 0 9 48 29 47 41 10 25 30 45 15 8 40 5 2 3 24 46 13 43 26 6 35 20 36 21 11 39 28 23 12 16 42 18 7 14 1 49 19 22 33 34 38 17 32 27
Coste: 53878

GENERACION: 106
Mejor Solucion:  31 37 4 44 0 9 48 29 47 41 10 25 30 45 15 8 40 5 2 3 24 46 13 43 26 6 35 20 36 21 11 39 28 23 12 16 42 18 7 14 1 49 19 22 33 34 38 17 32 27
Coste: 53878

GENERACION: 107
Mejor Solucion:  31 37 4 44 0 9 48 29 47 41 10 25 30 45 15 8 40 5 2 3 24 46 13 43 26 6 35 20 36 21 11 39 28 23 12 16 42 18 7 14 1 49 19 22 33 34 38 17 32 27
Coste: 53878

GENERACION: 108
Mejor Solucion:  31 37 4 44 0 9 48 29 47 41 10 25 30 45 15 8 40 5 2 3 24 46 13 43 26 6 35 20 36 21 11 39 28 23 12 16 42 18 7 14 1 49 19 22 33 34 38 17 32 27
Coste: 53878

GENERACION: 109
Mejor Solucion:  31 37 4 44 0 9 48 29 47 41 10 25 30 45 15 8 40 5 2 3 24 46 13 43 26 6 35 20 36 21 11 39 28 23 12 16 42 18 7 14 1 49 19 22 33 34 38 17 32 27
Coste: 53878

GENERACION: 110
Mejor Solucion:  31 37 4 44 0 9 48 29 47 41 10 25 30 45 15 8 40 5 2 3 24 46 13 43 26 6 35 20 36 21 11 39 28 23 12 16 42 18 7 14 1 49 19 22 33 34 38 17 32 27
Coste: 53878

GENERACION: 111
Mejor Solucion:  31 37 4 44 0 9 48 29 47 41 10 25 30 45 15 8 40 5 2 3 24 46 13 43 26 6 35 20 36 21 11 39 28 23 12 16 42 18 7 14 1 49 19 22 33 34 38 17 32 27
Coste: 53878

GENERACION: 112
Mejor Solucion:  31 37 4 44 0 9 48 29 47 41 10 25 30 45 15 8 40 5 2 3 24 46 13 43 26 6 35 20 36 21 11 39 28 23 12 16 42 18 7 14 1 49 19 22 33 34 38 17 32 27
Coste: 53878

GENERACION: 113
Mejor Solucion:  31 37 4 44 0 9 48 29 47 41 10 25 30 45 15 8 40 5 2 3 24 46 13 43 26 6 35 20 36 21 11 39 28 23 12 16 42 18 7 14 1 49 19 22 33 34 38 17 32 27
Coste: 53878

GENERACION: 114
Mejor Solucion:  31 37 4 44 0 9 48 29 47 41 10 25 30 45 15 8 40 5 2 3 24 46 13 43 26 6 35 20 36 21 11 39 28 23 12 16 42 18 7 14 1 49 19 22 33 34 38 17 32 27
Coste: 53878

GENERACION: 115
Mejor Solucion:  31 37 4 44 0 9 48 29 47 41 10 25 30 45 15 8 40 5 2 3 24 46 13 43 26 6 35 20 36 21 11 39 28 23 12 16 42 18 7 14 1 49 19 22 33 34 38 17 32 27
Coste: 53878

GENERACION: 116
Mejor Solucion:  31 37 4 44 0 9 48 29 47 41 10 25 30 45 15 8 40 5 2 3 24 46 13 43 26 6 35 20 36 21 11 39 28 23 12 16 42 18 7 14 1 49 19 22 33 34 38 17 32 27
Coste: 53878

GENERACION: 117
Mejor Solucion:  31 37 4 44 0 9 48 29 47 41 10 25 30 45 15 8 40 5 2 3 24 46 13 43 26 6 35 20 36 21 11 39 28 23 12 16 42 18 7 14 1 49 19 22 33 34 38 17 32 27
Coste: 53878

GENERACION: 118
Mejor Solucion:  31 37 4 44 0 9 48 29 47 41 10 25 30 45 15 8 40 5 2 3 24 46 13 43 26 6 35 20 36 21 11 39 28 23 12 16 42 18 7 14 1 49 19 22 33 34 38 17 32 27
Coste: 53878

GENERACION: 119
Mejor Solucion:  31 37 4 44 0 9 48 29 47 41 10 25 30 45 15 8 40 5 2 3 24 46 13 43 26 6 35 20 36 21 11 39 28 23 12 16 42 18 7 14 1 49 19 22 33 34 38 17 32 27
Coste: 53878

GENERACION: 120
Mejor Solucion:  31 37 4 44 0 9 48 29 47 41 10 25 30 45 15 8 40 5 2 3 24 46 13 43 26 6 35 20 36 21 11 39 28 23 12 16 42 18 7 14 1 49 19 22 33 34 38 17 32 27
Coste: 53878

GENERACION: 121
Mejor Solucion:  31 37 4 44 0 9 48 29 47 41 10 25 30 45 15 8 40 5 2 3 24 46 13 43 26 6 35 20 36 21 11 39 28 23 12 16 42 18 7 14 1 49 19 22 33 34 38 17 32 27
Coste: 53878

GENERACION: 122
Mejor Solucion:  31 37 4 44 0 9 48 29 47 41 10 25 30 45 15 8 40 5 2 3 24 46 13 43 26 6 35 20 36 21 11 39 28 23 12 16 42 18 7 14 1 49 19 22 33 34 38 17 32 27
Coste: 53878

GENERACION: 123
Mejor Solucion:  31 37 4 44 0 9 48 29 47 41 10 25 30 45 15 8 40 5 2 3 24 46 13 43 26 6 35 20 36 21 11 39 28 23 12 16 42 18 7 14 1 49 19 22 33 34 38 17 32 27
Coste: 53878

GENERACION: 124
Mejor Solucion:  31 37 4 44 0 9 48 29 47 41 10 25 30 45 15 8 40 5 2 3 24 46 13 43 26 6 35 20 36 21 11 39 28 23 12 16 42 18 7 14 1 49 19 22 33 34 38 17 32 27
Coste: 53878

GENERACION: 125
Mejor Solucion:  31 37 4 44 0 9 48 29 47 41 10 25 30 45 15 8 40 5 2 3 24 46 13 43 26 6 35 20 36 21 11 39 28 23 12 16 42 18 7 14 1 49 19 22 33 34 38 17 32 27
Coste: 53878

GENERACION: 126
Mejor Solucion:  31 37 4 44 0 9 48 29 47 41 10 25 30 45 15 8 40 5 2 3 24 46 13 43 26 6 35 20 36 21 11 39 28 23 12 16 42 18 7 14 1 49 19 22 33 34 38 17 32 27
Coste: 53878

GENERACION: 127
Mejor Solucion:  31 37 4 44 0 9 48 29 47 41 10 25 30 45 15 8 40 5 2 3 24 46 13 43 26 6 35 20 36 21 11 39 28 23 12 16 42 18 7 14 1 49 19 22 33 34 38 17 32 27
Coste: 53878

GENERACION: 128
Mejor Solucion:  31 37 4 44 0 9 48 29 47 41 10 25 30 45 15 8 40 5 2 3 24 46 13 43 26 6 35 20 36 21 11 39 28 23 12 16 42 18 7 14 1 49 19 22 33 34 38 17 32 27
Coste: 53878

GENERACION: 129
Mejor Solucion:  31 37 4 44 0 9 48 29 47 41 10 25 30 45 15 8 40 5 2 3 24 46 13 43 26 6 35 20 36 21 11 39 28 23 12 16 42 18 7 14 1 49 19 22 33 34 38 17 32 27
Coste: 53878

GENERACION: 130
Mejor Solucion:  31 37 4 44 0 9 48 29 47 41 10 25 30 45 15 8 40 5 2 3 24 46 13 43 26 6 35 20 36 21 11 39 28 23 12 16 42 18 7 14 1 49 19 22 33 34 38 17 32 27
Coste: 53878

GENERACION: 131
Mejor Solucion:  31 37 4 44 0 9 48 29 47 41 10 25 30 45 15 8 40 5 2 3 24 46 13 43 26 6 35 20 36 21 11 39 28 23 12 16 42 18 7 14 1 49 19 22 33 34 38 17 32 27
Coste: 53878

GENERACION: 132
Mejor Solucion:  31 37 4 44 0 9 48 29 47 41 10 25 30 45 15 8 40 5 2 3 24 46 13 43 26 6 35 20 36 21 11 39 28 23 12 16 42 18 7 14 1 49 19 22 33 34 38 17 32 27
Coste: 53878

GENERACION: 133
Mejor Solucion:  31 37 4 44 0 9 48 29 47 41 10 25 30 45 15 8 40 5 2 3 24 46 13 43 26 6 35 20 36 21 11 39 28 23 12 16 42 18 7 14 1 49 19 22 33 34 38 17 32 27
Coste: 53878

GENERACION: 134
Mejor Solucion:  31 37 4 44 0 9 48 29 47 41 10 25 30 45 15 8 40 5 2 3 24 46 13 43 26 6 35 20 36 21 11 39 28 23 12 16 42 18 7 14 1 49 19 22 33 34 38 17 32 27
Coste: 53878

GENERACION: 135
Mejor Solucion:  31 37 4 44 0 9 48 29 47 41 10 26 30 45 15 8 40 43 2 3 24 46 13 5 25 6 35 20 36 21 11 39 28 23 12 14 42 18 7 16 1 49 19 22 17 33 32 34 38 27
Coste: 53794

GENERACION: 136
Mejor Solucion:  31 37 4 44 0 9 48 29 47 41 10 26 30 45 15 8 40 43 2 3 24 46 13 5 25 6 35 20 36 21 11 39 28 23 12 14 42 18 7 16 1 49 19 22 17 33 32 34 38 27
Coste: 53794

GENERACION: 137
Mejor Solucion:  31 37 4 44 0 9 48 29 47 41 10 26 30 45 15 8 40 43 2 3 24 46 13 5 25 6 35 20 36 21 11 39 28 23 12 14 42 18 7 16 1 49 19 22 17 33 32 34 38 27
Coste: 53794

GENERACION: 138
Mejor Solucion:  31 37 4 44 0 9 48 29 47 41 10 26 30 45 15 8 40 43 2 3 24 46 13 5 25 6 35 20 36 21 11 39 28 23 12 14 42 18 7 16 1 49 19 22 17 33 32 34 38 27
Coste: 53794

GENERACION: 139
Mejor Solucion:  31 37 4 44 0 9 48 29 47 41 10 26 30 45 15 8 40 43 2 3 24 46 13 5 25 6 35 20 36 21 11 39 28 23 12 14 42 18 7 16 1 49 19 22 17 33 32 34 38 27
Coste: 53794

GENERACION: 140
Mejor Solucion:  31 37 4 44 0 9 48 29 47 41 10 26 30 45 15 8 40 43 2 3 24 46 13 5 25 6 35 20 36 21 11 39 28 23 12 14 42 18 7 16 1 49 19 22 17 33 32 34 38 27
Coste: 53794

GENERACION: 141
Mejor Solucion:  31 37 4 44 0 9 48 29 47 41 10 26 30 45 15 8 40 43 2 3 24 46 13 5 25 6 35 20 36 21 11 39 28 23 12 14 42 18 7 16 1 49 19 22 17 33 32 34 38 27
Coste: 53794

GENERACION: 142
Mejor Solucion:  31 37 4 44 0 9 48 29 47 41 10 26 30 45 15 8 40 43 2 3 24 46 13 5 25 6 35 20 36 21 11 39 28 23 12 14 42 18 7 16 1 49 19 22 17 33 32 34 38 27
Coste: 53794

GENERACION: 143
Mejor Solucion:  31 37 4 44 0 9 48 29 47 41 10 26 30 45 15 8 40 43 2 3 24 46 13 5 25 6 35 20 36 21 11 39 28 23 12 14 42 18 7 16 1 49 19 22 17 33 32 34 38 27
Coste: 53794

GENERACION: 144
Mejor Solucion:  31 37 4 44 0 9 48 29 47 41 10 26 30 45 15 8 40 43 2 3 24 46 13 5 25 6 35 20 36 21 11 39 28 23 12 14 42 18 7 16 1 49 19 22 17 33 32 34 38 27
Coste: 53794

GENERACION: 145
Mejor Solucion:  31 37 4 44 0 9 48 29 47 41 10 26 30 45 15 8 40 43 2 3 24 46 13 5 25 6 35 20 36 21 11 39 28 23 12 14 42 18 7 16 1 49 19 22 17 33 32 34 38 27
Coste: 53794

GENERACION: 146
Mejor Solucion:  31 37 4 44 0 9 48 29 47 41 10 26 30 45 15 8 40 43 2 3 24 46 13 5 25 6 35 20 36 21 11 39 28 23 12 14 42 18 7 16 1 49 19 22 17 33 32 34 38 27
Coste: 53794

GENERACION: 147
Mejor Solucion:  31 37 4 44 0 9 48 29 47 41 10 26 30 45 15 8 40 43 2 3 24 46 13 5 25 6 35 20 36 21 11 39 28 23 12 14 42 18 7 16 1 49 19 22 17 33 32 34 38 27
Coste: 53794

GENERACION: 148
Mejor Solucion:  31 37 4 44 0 9 48 29 47 41 10 26 30 45 15 8 40 43 2 3 24 46 13 5 25 6 35 20 36 21 11 39 28 23 12 14 42 18 7 16 1 49 19 22 17 33 32 34 38 27
Coste: 53794

GENERACION: 149
Mejor Solucion:  31 37 4 44 0 9 48 29 47 41 10 26 30 45 15 8 40 43 2 3 24 46 13 5 25 6 35 20 36 21 11 39 28 23 12 14 42 18 7 16 1 49 19 22 17 33 32 34 38 27
Coste: 53794

GENERACION: 150
Mejor Solucion:  31 37 4 44 0 9 48 29 47 41 10 26 30 45 15 8 40 43 2 3 24 46 13 5 25 6 35 20 36 21 11 39 28 23 12 14 42 18 7 16 1 49 19 22 17 33 32 34 38 27
Coste: 53794

GENERACION: 151
Mejor Solucion:  31 37 4 44 0 9 48 29 47 41 10 26 30 45 15 8 40 43 2 3 24 46 13 5 25 6 35 20 36 21 11 39 28 23 12 14 42 18 7 16 1 49 19 22 17 33 32 34 38 27
Coste: 53794

GENERACION: 152
Mejor Solucion:  31 37 4 44 0 9 48 29 47 41 10 26 30 45 15 8 40 43 2 3 24 46 13 5 25 6 35 20 36 21 11 39 28 23 12 14 42 18 7 16 1 49 19 22 17 33 32 34 38 27
Coste: 53794

GENERACION: 153
Mejor Solucion:  37 4 0 9 48 5 29 47 41 26 30 15 8 40 34 31 10 43 2 3 24 46 13 44 25 6 35 20 36 21 11 39 28 23 12 14 42 18 7 16 1 49 19 22 17 33 32 38 27 45
Coste: 53500

GENERACION: 154
Mejor Solucion:  37 4 0 9 48 5 29 47 41 26 30 15 8 40 34 31 10 43 2 3 24 46 13 44 25 6 35 20 36 21 11 39 28 23 12 14 42 18 7 16 1 49 19 22 17 33 32 38 27 45
Coste: 53500

GENERACION: 155
Mejor Solucion:  37 4 0 9 48 5 29 47 41 26 30 15 8 40 34 31 10 43 2 3 24 46 13 44 25 6 35 20 36 21 11 39 28 23 12 14 42 18 7 16 1 49 19 22 17 33 32 38 27 45
Coste: 53500

GENERACION: 156
Mejor Solucion:  37 4 0 9 48 5 29 47 41 26 30 15 8 40 34 31 10 43 2 3 24 46 13 44 25 6 35 20 36 21 11 39 28 23 12 14 42 18 7 16 1 49 19 22 17 33 32 38 27 45
Coste: 53500

GENERACION: 157
Mejor Solucion:  37 4 0 9 48 5 29 47 41 26 30 15 8 40 34 31 10 43 2 3 24 46 13 44 25 6 35 20 36 21 11 39 28 23 12 14 42 18 7 16 1 49 19 22 17 33 32 38 27 45
Coste: 53500

GENERACION: 158
Mejor Solucion:  37 4 0 9 48 5 29 47 41 26 30 15 8 40 34 31 10 43 2 3 24 46 13 44 25 6 35 20 36 21 11 39 28 23 12 14 42 18 7 16 1 49 19 22 17 33 32 38 27 45
Coste: 53500

GENERACION: 159
Mejor Solucion:  37 4 0 9 48 5 29 47 41 26 30 15 8 40 34 31 10 43 2 3 24 46 13 44 25 6 35 20 36 21 11 39 28 23 12 14 42 18 7 16 1 49 19 22 17 33 32 38 27 45
Coste: 53500

GENERACION: 160
Mejor Solucion:  37 4 0 9 48 5 29 47 41 26 30 15 8 40 34 31 10 43 2 3 24 46 13 44 25 6 35 20 36 21 11 39 28 23 12 14 42 18 7 16 1 49 19 22 17 33 32 38 27 45
Coste: 53500

GENERACION: 161
Mejor Solucion:  37 4 0 9 48 5 29 47 41 26 30 15 8 40 34 31 10 43 2 3 24 46 13 44 25 6 35 20 36 21 11 39 28 23 12 14 42 18 7 16 1 49 19 22 17 33 32 38 27 45
Coste: 53500

GENERACION: 162
Mejor Solucion:  37 4 0 9 48 5 29 47 41 26 30 15 8 40 34 31 10 43 2 3 24 46 13 44 25 6 35 20 36 21 11 39 28 23 12 14 42 18 7 16 1 49 19 22 17 33 32 38 27 45
Coste: 53500

GENERACION: 163
Mejor Solucion:  37 4 0 9 48 5 29 47 41 26 30 15 8 40 34 31 10 43 2 3 24 46 13 44 25 6 35 20 36 21 11 39 28 23 12 14 42 18 7 16 1 49 19 22 17 33 32 38 27 45
Coste: 53500

GENERACION: 164
Mejor Solucion:  37 4 0 9 48 5 29 47 41 26 30 15 8 40 34 31 10 43 2 3 24 46 13 44 25 6 35 20 36 21 11 39 28 23 12 14 42 18 7 16 1 49 19 22 17 33 32 38 27 45
Coste: 53500

GENERACION: 165
Mejor Solucion:  37 4 0 9 48 5 29 47 41 26 30 15 8 40 34 31 10 43 2 3 24 46 13 44 25 6 35 20 36 21 11 39 28 23 12 14 42 18 7 16 1 49 19 22 17 33 32 38 27 45
Coste: 53500

GENERACION: 166
Mejor Solucion:  37 4 0 9 48 5 29 47 41 26 30 15 8 40 34 31 10 43 2 3 24 46 13 44 25 6 35 20 36 21 11 39 28 23 12 14 42 18 7 16 1 49 19 22 17 33 32 38 27 45
Coste: 53500

GENERACION: 167
Mejor Solucion:  37 4 0 9 48 5 29 47 41 26 30 15 8 40 34 31 10 43 2 3 24 46 13 44 25 6 35 20 36 21 11 39 28 23 12 14 42 18 7 16 1 49 19 22 17 33 32 38 27 45
Coste: 53500

GENERACION: 168
Mejor Solucion:  37 4 0 9 48 5 29 47 41 26 30 15 8 40 34 31 10 43 2 3 24 46 13 44 25 6 35 20 36 21 11 39 28 23 12 14 42 18 7 16 1 49 19 22 17 33 32 38 27 45
Coste: 53500

GENERACION: 169
Mejor Solucion:  37 4 0 9 48 5 29 47 41 26 30 15 8 40 34 31 10 43 2 3 24 46 13 44 25 6 35 20 36 21 11 39 28 23 12 14 42 18 7 16 1 49 19 22 17 33 32 38 27 45
Coste: 53500

GENERACION: 170
Mejor Solucion:  37 4 0 9 48 5 29 47 41 26 30 15 8 40 34 31 10 43 2 3 24 46 13 44 25 6 35 20 36 21 11 39 28 23 12 14 42 18 7 16 1 49 19 22 17 33 32 38 27 45
Coste: 53500

GENERACION: 171
Mejor Solucion:  37 4 0 9 48 5 29 47 41 26 30 15 8 40 34 31 10 43 2 3 24 46 13 44 25 6 35 20 36 21 11 39 28 23 12 14 42 18 7 16 1 49 19 22 17 33 32 38 27 45
Coste: 53500

GENERACION: 172
Mejor Solucion:  37 4 0 9 48 5 29 47 41 26 30 15 8 40 34 31 10 43 2 3 24 46 13 44 25 6 35 20 36 21 11 39 28 23 12 14 42 18 7 16 1 49 19 22 17 33 32 38 27 45
Coste: 53500

GENERACION: 173
Mejor Solucion:  37 4 0 9 48 5 29 47 41 26 30 15 8 40 34 31 10 43 2 3 24 46 13 44 25 6 35 20 36 21 11 39 28 23 12 14 42 18 7 16 1 49 19 22 17 33 32 38 27 45
Coste: 53500

GENERACION: 174
Mejor Solucion:  37 4 0 9 48 5 29 47 41 26 30 15 8 40 34 31 10 43 2 3 24 46 13 44 25 6 35 20 36 21 11 39 28 23 12 14 42 18 7 16 1 49 19 22 17 33 32 38 27 45
Coste: 53500

GENERACION: 175
Mejor Solucion:  37 4 0 9 48 5 29 47 41 26 30 15 8 40 34 31 10 43 2 3 24 46 13 44 25 6 35 20 36 21 11 39 28 23 12 14 42 18 7 16 1 49 19 22 17 33 32 38 27 45
Coste: 53500

GENERACION: 176
Mejor Solucion:  37 4 0 9 48 5 29 47 41 26 30 15 8 40 34 31 10 43 2 3 24 46 13 44 25 6 35 20 36 21 11 39 28 23 12 14 42 18 7 16 1 49 19 22 17 33 32 38 27 45
Coste: 53500

GENERACION: 177
Mejor Solucion:  37 4 0 9 48 5 29 47 41 26 30 15 8 40 34 31 10 43 2 3 24 46 13 44 25 6 35 20 36 21 11 39 28 23 12 14 42 18 7 16 1 49 19 22 17 33 32 38 27 45
Coste: 53500

GENERACION: 178
Mejor Solucion:  37 4 0 9 48 5 29 47 41 26 30 15 8 40 34 31 10 43 2 3 24 46 13 44 25 6 35 20 36 21 11 39 28 23 12 14 42 18 7 16 1 49 19 22 17 33 32 38 27 45
Coste: 53500

GENERACION: 179
Mejor Solucion:  37 4 0 9 48 5 29 47 41 26 30 15 8 40 34 31 10 43 2 3 24 46 13 44 25 6 35 20 36 21 11 39 28 23 12 14 42 18 7 16 1 49 19 22 17 33 32 38 27 45
Coste: 53500

GENERACION: 180
Mejor Solucion:  37 4 0 9 48 5 29 47 41 26 30 15 8 40 34 31 10 43 2 3 24 46 13 44 25 6 35 20 36 21 11 39 28 23 12 14 42 18 7 16 1 49 19 22 17 33 32 38 27 45
Coste: 53500

GENERACION: 181
Mejor Solucion:  37 4 0 9 48 5 29 47 41 26 30 15 8 40 34 31 10 43 2 3 24 46 13 44 25 6 35 20 36 21 11 39 28 23 12 14 42 18 7 16 1 49 19 22 17 33 32 38 27 45
Coste: 53500

GENERACION: 182
Mejor Solucion:  37 4 0 9 48 5 29 47 41 26 30 15 8 40 34 31 10 43 2 3 24 46 13 44 25 6 35 20 36 21 11 39 28 23 12 14 42 18 7 16 1 49 19 22 17 33 32 38 27 45
Coste: 53500

GENERACION: 183
Mejor Solucion:  37 4 0 9 48 5 29 47 41 26 30 15 8 40 34 31 10 43 2 3 24 46 13 44 25 6 35 20 36 21 11 39 28 23 12 14 42 18 7 16 1 49 19 22 17 33 32 38 27 45
Coste: 53500

GENERACION: 184
Mejor Solucion:  37 4 0 9 48 5 29 47 41 26 30 15 8 40 34 31 10 43 2 3 24 46 13 44 25 6 35 20 36 21 11 39 28 23 12 14 42 18 7 16 1 49 19 22 17 33 32 38 27 45
Coste: 53500

GENERACION: 185
Mejor Solucion:  37 4 0 9 48 5 29 47 41 26 30 15 8 40 34 31 10 43 2 3 24 46 13 44 25 6 35 20 36 21 11 39 28 23 12 14 42 18 7 16 1 49 19 22 17 33 32 38 27 45
Coste: 53500

GENERACION: 186
Mejor Solucion:  37 4 0 9 48 5 29 47 41 26 30 15 8 40 34 31 10 43 2 3 24 46 13 44 25 6 35 20 36 21 11 39 28 23 12 14 42 18 7 16 1 49 19 22 17 33 32 38 27 45
Coste: 53500

GENERACION: 187
Mejor Solucion:  37 4 0 9 48 5 29 47 41 26 30 15 8 40 34 31 10 43 2 3 24 46 13 44 25 6 35 20 36 21 11 39 28 23 12 14 42 18 7 16 1 49 19 22 17 33 32 38 27 45
Coste: 53500

GENERACION: 188
Mejor Solucion:  37 4 0 9 48 5 29 47 41 26 30 15 8 40 34 31 10 43 2 3 24 46 13 44 25 6 35 20 36 21 11 39 28 23 12 14 42 18 7 16 1 49 19 22 17 33 32 38 27 45
Coste: 53500

GENERACION: 189
Mejor Solucion:  37 4 0 9 48 5 29 47 41 26 30 15 8 40 34 31 10 43 2 3 24 46 13 44 25 6 35 20 36 21 11 39 28 23 12 14 42 18 7 16 1 49 19 22 17 33 32 38 27 45
Coste: 53500

GENERACION: 190
Mejor Solucion:  37 4 0 9 48 5 29 47 41 26 30 15 8 40 34 31 10 43 2 3 24 46 13 44 25 6 35 20 36 21 11 39 28 23 12 14 42 18 7 16 1 49 19 22 17 33 32 38 27 45
Coste: 53500

GENERACION: 191
Mejor Solucion:  37 4 0 9 48 5 29 47 41 26 30 15 8 40 34 31 10 43 2 3 24 46 13 44 25 6 35 20 36 21 11 39 28 23 12 14 42 18 7 16 1 49 19 22 17 33 32 38 27 45
Coste: 53500

GENERACION: 192
Mejor Solucion:  37 4 0 9 48 5 29 47 41 26 30 15 8 40 34 31 10 43 2 3 24 46 13 44 25 6 35 20 36 21 11 39 28 23 12 14 42 18 7 16 1 49 19 22 17 33 32 38 27 45
Coste: 53500

GENERACION: 193
Mejor Solucion:  37 4 0 9 48 5 29 47 41 26 30 15 8 40 34 31 10 43 2 3 24 46 13 44 25 6 35 20 36 21 11 39 28 23 12 14 42 18 7 16 1 49 19 22 17 33 32 38 27 45
Coste: 53500

GENERACION: 194
Mejor Solucion:  37 4 0 9 48 5 29 47 41 26 30 15 8 40 34 31 10 43 2 3 24 46 13 44 25 6 35 20 36 21 11 39 28 23 12 14 42 18 7 16 1 49 19 22 17 33 32 38 27 45
Coste: 53500

GENERACION: 195
Mejor Solucion:  37 4 0 9 48 5 29 47 41 26 30 15 8 40 34 31 10 43 2 3 24 46 13 44 25 6 35 20 36 21 11 39 28 23 12 14 42 18 7 16 1 49 19 22 17 33 32 38 27 45
Coste: 53500

GENERACION: 196
Mejor Solucion:  37 4 0 9 48 5 29 47 41 26 30 15 8 40 34 31 10 43 2 3 24 46 13 44 25 6 35 20 36 21 11 39 28 23 12 14 42 18 7 16 1 49 19 22 17 33 32 38 27 45
Coste: 53500

GENERACION: 197
Mejor Solucion:  37 4 0 9 48 5 29 47 41 26 30 15 8 40 34 31 10 43 2 3 24 46 13 44 25 6 35 20 36 21 11 39 28 23 12 14 42 18 7 16 1 49 19 22 17 33 32 38 27 45
Coste: 53500

GENERACION: 198
Mejor Solucion:  37 4 0 9 48 5 29 47 41 26 30 15 8 40 34 31 10 43 2 3 24 46 13 44 25 6 35 20 36 21 11 39 28 23 12 14 42 18 7 16 1 49 19 22 17 33 32 38 27 45
Coste: 53500

GENERACION: 199
Mejor Solucion:  37 4 0 9 48 5 29 47 41 26 30 15 8 40 34 31 10 43 2 3 24 46 13 44 25 6 35 20 36 21 11 39 28 23 12 14 42 18 7 16 1 49 19 22 17 33 32 38 27 45
Coste: 53500

GENERACION: 200
Mejor Solucion:  37 4 0 9 48 5 29 47 41 26 30 15 8 40 34 31 10 43 2 3 24 46 13 44 25 6 35 20 36 21 11 39 28 23 12 14 42 18 7 16 1 49 19 22 17 33 32 38 27 45
Coste: 53500

GENERACION: 201
Mejor Solucion:  37 4 0 9 48 5 29 47 41 26 30 15 8 40 34 31 10 43 2 3 24 46 13 44 25 6 35 20 36 21 11 39 28 23 12 14 42 18 7 16 1 49 19 22 17 33 32 38 27 45
Coste: 53500

GENERACION: 202
Mejor Solucion:  37 4 0 9 48 5 29 47 41 26 30 15 8 40 34 31 10 43 2 3 24 46 13 44 25 6 35 20 36 21 11 39 28 23 12 14 42 18 7 16 1 49 19 22 17 33 32 38 27 45
Coste: 53500

GENERACION: 203
Mejor Solucion:  37 4 0 9 48 5 29 47 41 26 30 15 8 40 34 31 10 43 2 3 24 46 13 44 25 6 35 20 36 21 11 39 28 23 12 14 42 18 7 16 1 49 19 22 17 33 32 38 27 45
Coste: 53500

GENERACION: 204
Mejor Solucion:  37 4 0 9 48 5 29 47 41 26 30 15 8 40 34 31 10 43 2 3 24 46 13 44 25 6 35 20 36 21 11 39 28 23 12 14 42 18 7 16 1 49 19 22 17 33 32 38 27 45
Coste: 53500

GENERACION: 205
Mejor Solucion:  37 4 0 9 48 5 29 47 41 26 30 15 8 40 34 31 10 43 2 3 24 46 13 44 25 6 35 20 36 21 11 39 28 23 12 14 42 18 7 16 1 49 19 22 17 33 32 38 27 45
Coste: 53500

GENERACION: 206
Mejor Solucion:  37 4 0 9 48 5 29 47 41 26 30 15 8 40 34 31 10 43 2 3 24 46 13 44 25 6 35 20 36 21 11 39 28 23 12 14 42 18 7 16 1 49 19 22 17 33 32 38 27 45
Coste: 53500

GENERACION: 207
Mejor Solucion:  37 4 0 9 48 5 29 47 41 26 30 15 8 40 34 31 10 43 2 3 24 46 13 44 25 6 35 20 36 21 11 39 28 23 12 14 42 18 7 16 1 49 19 22 17 33 32 38 27 45
Coste: 53500

GENERACION: 208
Mejor Solucion:  37 4 0 9 48 5 29 47 41 26 30 15 8 40 34 31 10 43 2 3 24 46 13 44 25 6 35 20 36 21 11 39 28 23 12 14 42 18 7 16 1 49 19 22 17 33 32 38 27 45
Coste: 53500

GENERACION: 209
Mejor Solucion:  37 4 0 9 48 5 29 47 41 26 30 15 8 40 34 31 10 43 2 3 24 46 13 44 25 6 35 20 36 21 11 39 28 23 12 14 42 18 7 16 1 49 19 22 17 33 32 38 27 45
Coste: 53500

GENERACION: 210
Mejor Solucion:  37 4 0 9 48 5 29 47 41 26 30 15 8 40 34 31 10 43 2 3 24 46 13 44 25 6 35 20 36 21 11 39 28 23 12 14 42 18 7 16 1 49 19 22 17 33 32 38 27 45
Coste: 53500

GENERACION: 211
Mejor Solucion:  37 4 0 9 48 5 29 47 41 26 30 15 8 40 34 31 10 43 2 3 24 46 13 44 25 6 35 20 36 21 11 39 28 23 12 14 42 18 7 16 1 49 19 22 17 33 32 38 27 45
Coste: 53500

GENERACION: 212
Mejor Solucion:  37 4 0 9 48 5 29 47 41 26 30 15 8 40 34 31 10 43 2 3 24 46 13 44 25 6 35 20 36 21 11 39 28 23 12 14 42 18 7 16 1 49 19 22 17 33 32 38 27 45
Coste: 53500

GENERACION: 213
Mejor Solucion:  37 4 0 9 48 5 29 47 41 26 30 15 8 40 34 31 10 43 2 3 24 46 13 44 25 6 35 20 36 21 11 39 28 23 12 14 42 18 7 16 1 49 19 22 17 33 32 38 27 45
Coste: 53500

GENERACION: 214
Mejor Solucion:  37 4 0 9 48 5 29 47 41 26 30 15 8 40 34 31 10 43 2 3 24 46 13 44 25 6 35 20 36 21 11 39 28 23 12 14 42 18 7 16 1 49 19 22 17 33 32 38 27 45
Coste: 53500

GENERACION: 215
Mejor Solucion:  37 4 0 9 48 5 29 47 41 26 30 15 8 40 34 31 10 43 2 3 24 46 13 44 25 6 35 20 36 21 11 39 28 23 12 14 42 18 7 16 1 49 19 22 17 33 32 38 27 45
Coste: 53500

GENERACION: 216
Mejor Solucion:  37 4 0 9 48 5 29 47 41 26 30 15 8 40 34 31 10 43 2 3 24 46 13 44 25 6 35 20 36 21 11 39 28 23 12 14 42 18 7 16 1 49 19 22 17 33 32 38 27 45
Coste: 53500

GENERACION: 217
Mejor Solucion:  37 4 0 9 48 5 29 47 41 26 30 15 8 40 34 31 10 43 2 3 24 46 13 44 25 6 35 20 36 21 11 39 28 23 12 14 42 18 7 16 1 49 19 22 17 33 32 38 27 45
Coste: 53500

GENERACION: 218
Mejor Solucion:  37 4 0 9 48 5 29 47 41 26 30 15 8 40 34 31 10 43 2 3 24 46 13 44 25 6 35 20 36 21 11 39 28 23 12 14 42 18 7 16 1 49 19 22 17 33 32 38 27 45
Coste: 53500

GENERACION: 219
Mejor Solucion:  37 4 0 9 48 5 29 47 41 26 30 15 8 40 34 31 10 43 2 3 24 46 13 44 25 6 35 20 36 21 11 39 28 23 12 14 42 18 7 16 1 49 19 22 17 33 32 38 27 45
Coste: 53500

GENERACION: 220
Mejor Solucion:  37 4 0 9 48 5 29 47 41 26 30 15 8 40 34 31 10 43 2 3 24 46 13 44 25 6 35 20 36 21 11 39 28 23 12 14 42 18 7 16 1 49 19 22 17 33 32 38 27 45
Coste: 53500

GENERACION: 221
Mejor Solucion:  37 4 0 9 48 5 29 47 41 26 30 15 8 40 34 31 10 43 2 3 24 46 13 44 25 6 35 20 36 21 11 39 28 23 12 14 42 18 7 16 1 49 19 22 17 33 32 38 27 45
Coste: 53500

GENERACION: 222
Mejor Solucion:  37 4 0 9 48 5 29 47 41 26 30 15 8 40 34 31 10 43 2 3 24 46 13 44 25 6 35 20 36 21 11 39 28 23 12 14 42 18 7 16 1 49 19 22 17 33 32 38 27 45
Coste: 53500

GENERACION: 223
Mejor Solucion:  37 4 0 9 48 5 29 47 41 26 30 15 8 40 34 31 10 43 2 3 24 46 13 44 25 6 35 20 36 21 11 39 28 23 12 14 42 18 7 16 1 49 19 22 17 33 32 38 27 45
Coste: 53500

GENERACION: 224
Mejor Solucion:  37 4 0 9 48 5 29 47 41 26 30 15 8 40 34 31 10 43 2 3 24 46 13 44 25 6 35 20 36 21 11 39 28 23 12 14 42 18 7 16 1 49 19 22 17 33 32 38 27 45
Coste: 53500

GENERACION: 225
Mejor Solucion:  37 4 0 9 48 5 29 47 41 26 30 15 8 40 34 31 10 43 2 3 24 46 13 44 25 6 35 20 36 21 11 39 28 23 12 14 42 18 7 16 1 49 19 22 17 33 32 38 27 45
Coste: 53500

GENERACION: 226
Mejor Solucion:  37 4 0 9 48 5 29 47 41 26 30 15 8 40 34 31 10 43 2 3 24 46 13 44 25 6 35 20 36 21 11 39 28 23 12 14 42 18 7 16 1 49 19 22 17 33 32 38 27 45
Coste: 53500

GENERACION: 227
Mejor Solucion:  37 4 0 9 48 5 29 47 41 26 30 15 8 40 34 31 10 43 2 3 24 46 13 44 25 6 35 20 36 21 11 39 28 23 12 14 42 18 7 16 1 49 19 22 17 33 32 38 27 45
Coste: 53500

GENERACION: 228
Mejor Solucion:  37 4 0 9 48 5 29 47 41 26 30 15 8 40 34 31 10 43 2 3 24 46 13 44 25 6 35 20 36 21 11 39 28 23 12 14 42 18 7 16 1 49 19 22 17 33 32 38 27 45
Coste: 53500

GENERACION: 229
Mejor Solucion:  37 4 0 9 48 5 29 47 41 26 30 15 8 40 34 31 10 43 2 3 24 46 13 44 25 6 35 20 36 21 11 39 28 23 12 14 42 18 7 16 1 49 19 22 17 33 32 38 27 45
Coste: 53500

GENERACION: 230
Mejor Solucion:  37 4 0 9 48 5 29 47 41 26 30 15 8 40 34 31 10 43 2 3 24 46 13 44 25 6 35 20 36 21 11 39 28 23 12 14 42 18 7 16 1 49 19 22 17 33 32 38 27 45
Coste: 53500

GENERACION: 231
Mejor Solucion:  37 4 0 9 48 5 29 47 41 26 30 15 8 40 34 31 10 43 2 3 24 46 13 44 25 6 35 20 36 21 11 39 28 23 12 14 42 18 7 16 1 49 19 22 17 33 32 38 27 45
Coste: 53500

GENERACION: 232
Mejor Solucion:  37 4 0 9 48 5 29 47 41 26 30 15 8 40 34 31 10 43 2 3 24 46 13 44 25 6 35 20 36 21 11 39 28 23 12 14 42 18 7 16 1 49 19 22 17 33 32 38 27 45
Coste: 53500

GENERACION: 233
Mejor Solucion:  37 4 0 9 48 5 29 47 41 26 30 15 8 40 34 31 10 43 2 3 24 46 13 44 25 6 35 20 36 21 11 39 28 23 12 14 42 18 7 16 1 49 19 22 17 33 32 38 27 45
Coste: 53500

GENERACION: 234
Mejor Solucion:  37 4 0 9 48 5 29 47 41 26 30 15 8 40 34 31 10 43 2 3 24 46 13 44 25 6 35 20 36 21 11 39 28 23 12 14 42 18 7 16 1 49 19 22 17 33 32 38 27 45
Coste: 53500

GENERACION: 235
Mejor Solucion:  37 4 0 9 48 5 29 47 41 26 30 15 8 40 34 31 10 43 2 3 24 46 13 44 25 6 35 20 36 21 11 39 28 23 12 14 42 18 7 16 1 49 19 22 17 33 32 38 27 45
Coste: 53500

GENERACION: 236
Mejor Solucion:  37 4 0 9 48 5 29 47 41 26 30 15 8 40 34 31 10 43 2 3 24 46 13 44 25 6 35 20 36 21 11 39 28 23 12 14 42 18 7 16 1 49 19 22 17 33 32 38 27 45
Coste: 53500

GENERACION: 237
Mejor Solucion:  37 4 0 9 48 5 29 47 41 26 30 15 8 40 34 31 10 43 2 3 24 46 13 44 25 6 35 20 36 21 11 39 28 23 12 14 42 18 7 16 1 49 19 22 17 33 32 38 27 45
Coste: 53500

GENERACION: 238
Mejor Solucion:  37 4 0 9 48 5 29 47 41 26 30 15 8 40 34 31 10 43 2 3 24 46 13 44 25 6 35 20 36 21 11 39 28 23 12 14 42 18 7 16 1 49 19 22 17 33 32 38 27 45
Coste: 53500

GENERACION: 239
Mejor Solucion:  37 4 0 9 48 5 29 47 41 26 30 15 8 40 34 31 10 43 2 3 24 46 13 44 25 6 35 20 36 21 11 39 28 23 12 14 42 18 7 16 1 49 19 22 17 33 32 38 27 45
Coste: 53500

GENERACION: 240
Mejor Solucion:  37 4 0 9 48 5 29 47 41 26 30 15 8 40 34 31 10 43 2 3 24 46 13 44 25 6 35 20 36 21 11 39 28 23 12 14 42 18 7 16 1 49 19 22 17 33 32 38 27 45
Coste: 53500

GENERACION: 241
Mejor Solucion:  37 4 0 9 48 5 29 47 41 26 30 15 8 40 34 31 10 43 2 3 24 46 13 44 25 6 35 20 36 21 11 39 28 23 12 14 42 18 7 16 1 49 19 22 17 33 32 38 27 45
Coste: 53500

GENERACION: 242
Mejor Solucion:  37 4 0 9 48 5 29 47 41 26 30 15 8 40 34 31 10 43 2 3 24 46 13 44 25 6 35 20 36 21 11 39 28 23 12 14 42 18 7 16 1 49 19 22 17 33 32 38 27 45
Coste: 53500

GENERACION: 243
Mejor Solucion:  37 4 0 9 48 5 29 47 41 26 30 15 8 40 34 31 10 43 2 3 24 46 13 44 25 6 35 20 36 21 11 39 28 23 12 14 42 18 7 16 1 49 19 22 17 33 32 38 27 45
Coste: 53500

GENERACION: 244
Mejor Solucion:  37 4 0 9 48 5 29 47 41 26 30 15 8 40 34 31 10 43 2 3 24 46 13 44 25 6 35 20 36 21 11 39 28 23 12 14 42 18 7 16 1 49 19 22 17 33 32 38 27 45
Coste: 53500

GENERACION: 245
Mejor Solucion:  37 4 0 9 48 5 29 47 41 26 30 15 8 40 34 31 10 43 2 3 24 46 13 44 25 6 35 20 36 21 11 39 28 23 12 14 42 18 7 16 1 49 19 22 17 33 32 38 27 45
Coste: 53500

GENERACION: 246
Mejor Solucion:  37 4 0 9 48 5 29 47 41 26 30 15 8 40 34 31 10 43 2 3 24 46 13 44 25 6 35 20 36 21 11 39 28 23 12 14 42 18 7 16 1 49 19 22 17 33 32 38 27 45
Coste: 53500

GENERACION: 247
Mejor Solucion:  37 4 0 9 48 5 29 47 41 26 30 15 8 40 34 31 10 43 2 3 24 46 13 44 25 6 35 20 36 21 11 39 28 23 12 14 42 18 7 16 1 49 19 22 17 33 32 38 27 45
Coste: 53500

GENERACION: 248
Mejor Solucion:  37 4 0 9 48 5 29 47 41 26 30 15 8 40 34 31 10 43 2 3 24 46 13 44 25 6 35 20 36 21 11 39 28 23 12 14 42 18 7 16 1 49 19 22 17 33 32 38 27 45
Coste: 53500

GENERACION: 249
Mejor Solucion:  37 4 0 9 48 5 29 47 41 26 30 15 8 40 34 31 10 43 2 3 24 46 13 44 25 6 35 20 36 21 11 39 28 23 12 14 42 18 7 16 1 49 19 22 17 33 32 38 27 45
Coste: 53500

GENERACION: 250
Mejor Solucion:  37 4 0 9 48 5 29 47 41 26 30 15 8 40 34 31 10 43 2 3 24 46 13 44 25 6 35 20 36 21 11 39 28 23 12 14 42 18 7 16 1 49 19 22 17 33 32 38 27 45
Coste: 53500

GENERACION: 251
Mejor Solucion:  37 4 0 9 48 5 29 47 41 26 30 15 8 40 34 31 10 43 2 3 24 46 13 44 25 6 35 20 36 21 11 39 28 23 12 14 42 18 7 16 1 49 19 22 17 33 32 38 27 45
Coste: 53500

GENERACION: 252
Mejor Solucion:  37 4 0 9 48 5 29 47 41 26 30 15 8 40 34 31 10 43 2 3 24 46 13 44 25 6 35 20 36 21 11 39 28 23 12 14 42 18 7 16 1 49 19 22 17 33 32 38 27 45
Coste: 53500

GENERACION: 253
Mejor Solucion:  37 4 0 9 48 5 29 47 41 26 30 15 8 40 34 31 10 43 2 3 24 46 13 44 25 6 35 20 36 21 11 39 28 23 12 14 42 18 7 16 1 49 19 22 17 33 32 38 27 45
Coste: 53500

GENERACION: 254
Mejor Solucion:  37 4 0 9 48 5 29 47 41 26 30 15 8 40 34 31 10 43 2 3 24 46 13 44 25 6 35 20 36 21 11 39 28 23 12 14 42 18 7 16 1 49 19 22 17 33 32 38 27 45
Coste: 53500

GENERACION: 255
Mejor Solucion:  37 4 0 9 48 5 29 47 41 26 30 15 8 40 34 31 10 43 2 3 24 46 13 44 25 6 35 20 36 21 11 39 28 23 12 14 42 18 7 16 1 49 19 22 17 33 32 38 27 45
Coste: 53500

GENERACION: 256
Mejor Solucion:  37 4 0 9 48 5 29 47 41 26 30 15 8 40 34 31 10 43 2 3 24 46 13 44 25 6 35 20 36 21 11 39 28 23 12 14 42 18 7 16 1 49 19 22 17 33 32 38 27 45
Coste: 53500

GENERACION: 257
Mejor Solucion:  37 4 0 9 48 5 29 47 41 26 30 15 8 40 34 31 10 43 2 3 24 46 13 44 25 6 35 20 36 21 11 39 28 23 12 14 42 18 7 16 1 49 19 22 17 33 32 38 27 45
Coste: 53500

GENERACION: 258
Mejor Solucion:  37 4 0 9 48 5 29 47 41 26 30 15 8 40 34 31 10 43 2 3 24 46 13 44 25 6 35 20 36 21 11 39 28 23 12 14 42 18 7 16 1 49 19 22 17 33 32 38 27 45
Coste: 53500

GENERACION: 259
Mejor Solucion:  37 4 0 9 48 5 29 47 41 26 30 15 8 40 34 31 10 43 2 3 24 46 13 44 25 6 35 20 36 21 11 39 28 23 12 14 42 18 7 16 1 49 19 22 17 33 32 38 27 45
Coste: 53500

GENERACION: 260
Mejor Solucion:  37 4 0 9 48 5 29 47 41 26 30 15 8 40 34 31 10 43 2 3 24 46 13 44 25 6 35 20 36 21 11 39 28 23 12 14 42 18 7 16 1 49 19 22 17 33 32 38 27 45
Coste: 53500

GENERACION: 261
Mejor Solucion:  37 4 0 9 48 5 29 47 41 26 30 15 8 40 34 31 10 43 2 3 24 46 13 44 25 6 35 20 36 21 11 39 28 23 12 14 42 18 7 16 1 49 19 22 17 33 32 38 27 45
Coste: 53500

GENERACION: 262
Mejor Solucion:  37 4 0 9 48 5 29 47 41 26 30 15 8 40 34 31 10 43 2 3 24 46 13 44 25 6 35 20 36 21 11 39 28 23 12 14 42 18 7 16 1 49 19 22 17 33 32 38 27 45
Coste: 53500

GENERACION: 263
Mejor Solucion:  37 4 0 9 48 5 29 47 41 26 30 15 8 40 34 31 10 43 2 3 24 46 13 44 25 6 35 20 36 21 11 39 28 23 12 14 42 18 7 16 1 49 19 22 17 33 32 38 27 45
Coste: 53500

GENERACION: 264
Mejor Solucion:  37 4 0 9 48 5 29 47 41 26 30 15 8 40 34 31 10 43 2 3 24 46 13 44 25 6 35 20 36 21 11 39 28 23 12 14 42 18 7 16 1 49 19 22 17 33 32 38 27 45
Coste: 53500

GENERACION: 265
Mejor Solucion:  37 4 0 9 48 5 29 47 41 26 30 15 8 40 34 31 10 43 2 3 24 46 13 44 25 6 35 20 36 21 11 39 28 23 12 14 42 18 7 16 1 49 19 22 17 33 32 38 27 45
Coste: 53500

GENERACION: 266
Mejor Solucion:  37 4 0 9 48 5 29 47 41 26 30 15 8 40 34 31 10 43 2 3 24 46 13 44 25 6 35 20 36 21 11 39 28 23 12 14 42 18 7 16 1 49 19 22 17 33 32 38 27 45
Coste: 53500

GENERACION: 267
Mejor Solucion:  37 4 0 9 48 5 29 47 41 26 30 15 8 40 34 31 10 43 2 3 24 46 13 44 25 6 35 20 36 21 11 39 28 23 12 14 42 18 7 16 1 49 19 22 17 33 32 38 27 45
Coste: 53500

GENERACION: 268
Mejor Solucion:  37 4 0 9 48 5 29 47 41 26 30 15 8 40 34 31 10 43 2 3 24 46 13 44 25 6 35 20 36 21 11 39 28 23 12 14 42 18 7 16 1 49 19 22 17 33 32 38 27 45
Coste: 53500

GENERACION: 269
Mejor Solucion:  37 4 0 9 48 5 29 47 41 26 30 15 8 40 34 31 10 43 2 3 24 46 13 44 25 6 35 20 36 21 11 39 28 23 12 14 42 18 7 16 1 49 19 22 17 33 32 38 27 45
Coste: 53500

GENERACION: 270
Mejor Solucion:  37 4 0 9 48 5 29 47 41 26 30 15 8 40 34 31 10 43 2 3 24 46 13 44 25 6 35 20 36 21 11 39 28 23 12 14 42 18 7 16 1 49 19 22 17 33 32 38 27 45
Coste: 53500

GENERACION: 271
Mejor Solucion:  37 4 0 9 48 5 29 47 41 26 30 15 8 40 34 31 10 43 2 3 24 46 13 44 25 6 35 20 36 21 11 39 28 23 12 14 42 18 7 16 1 49 19 22 17 33 32 38 27 45
Coste: 53500

GENERACION: 272
Mejor Solucion:  37 4 0 9 48 5 29 47 41 26 30 15 8 40 34 31 10 43 2 3 24 46 13 44 25 6 35 20 36 21 11 39 28 23 12 14 42 18 7 16 1 49 19 22 17 33 32 38 27 45
Coste: 53500

GENERACION: 273
Mejor Solucion:  37 4 0 9 48 5 29 47 41 26 30 15 8 40 34 31 10 43 2 3 24 46 13 44 25 6 35 20 36 21 11 39 28 23 12 14 42 18 7 16 1 49 19 22 17 33 32 38 27 45
Coste: 53500

GENERACION: 274
Mejor Solucion:  37 4 0 9 48 5 29 47 41 26 30 15 8 40 34 31 10 43 2 3 24 46 13 44 25 6 35 20 36 21 11 39 28 23 12 14 42 18 7 16 1 49 19 22 17 33 32 38 27 45
Coste: 53500

GENERACION: 275
Mejor Solucion:  37 4 0 9 48 5 29 47 41 26 30 15 8 40 34 31 10 43 2 3 24 46 13 44 25 6 35 20 36 21 11 39 28 23 12 14 42 18 7 16 1 49 19 22 17 33 32 38 27 45
Coste: 53500

GENERACION: 276
Mejor Solucion:  37 4 0 9 48 5 29 47 41 26 30 15 8 40 34 31 10 43 2 3 24 46 13 44 25 6 35 20 36 21 11 39 28 23 12 14 42 18 7 16 1 49 19 22 17 33 32 38 27 45
Coste: 53500

GENERACION: 277
Mejor Solucion:  37 4 0 9 48 5 29 47 41 26 30 15 8 40 34 31 10 43 2 3 24 46 13 44 25 6 35 20 36 21 11 39 28 23 12 14 42 18 7 16 1 49 19 22 17 33 32 38 27 45
Coste: 53500

GENERACION: 278
Mejor Solucion:  37 4 0 9 48 5 29 47 41 26 30 15 8 40 34 31 10 43 2 3 24 46 13 44 25 6 35 20 36 21 11 39 28 23 12 14 42 18 7 16 1 49 19 22 17 33 32 38 27 45
Coste: 53500

GENERACION: 279
Mejor Solucion:  37 4 0 9 48 5 29 47 41 26 30 15 8 40 34 31 10 43 2 3 24 46 13 44 25 6 35 20 36 21 11 39 28 23 12 14 42 18 7 16 1 49 19 22 17 33 32 38 27 45
Coste: 53500

GENERACION: 280
Mejor Solucion:  37 4 0 9 48 5 29 47 41 26 30 15 8 40 34 31 10 43 2 3 24 46 13 44 25 6 35 20 36 21 11 39 28 23 12 14 42 18 7 16 1 49 19 22 17 33 32 38 27 45
Coste: 53500

GENERACION: 281
Mejor Solucion:  37 4 0 9 48 5 29 47 41 26 30 15 8 40 34 31 10 43 2 3 24 46 13 44 25 6 35 20 36 21 11 39 28 23 12 14 42 18 7 16 1 49 19 22 17 33 32 38 27 45
Coste: 53500

GENERACION: 282
Mejor Solucion:  37 4 0 9 48 5 29 47 41 26 30 15 8 40 34 31 10 43 2 3 24 46 13 44 25 6 35 20 36 21 11 39 28 23 12 14 42 18 7 16 1 49 19 22 17 33 32 38 27 45
Coste: 53500

GENERACION: 283
Mejor Solucion:  37 4 0 9 48 5 29 47 41 26 30 15 8 40 34 31 10 43 2 3 24 46 13 44 25 6 35 20 36 21 11 39 28 23 12 14 42 18 7 16 1 49 19 22 17 33 32 38 27 45
Coste: 53500

GENERACION: 284
Mejor Solucion:  37 4 0 9 48 5 29 47 41 26 30 15 8 40 34 31 10 43 2 3 24 46 13 44 25 6 35 20 36 21 11 39 28 23 12 14 42 18 7 16 1 49 19 22 17 33 32 38 27 45
Coste: 53500

GENERACION: 285
Mejor Solucion:  37 4 0 9 48 5 29 47 41 26 30 15 8 40 34 31 10 43 2 3 24 46 13 44 25 6 35 20 36 21 11 39 28 23 12 14 42 18 7 16 1 49 19 22 17 33 32 38 27 45
Coste: 53500

GENERACION: 286
Mejor Solucion:  37 4 0 9 48 5 29 47 41 26 30 15 8 40 34 31 10 43 2 3 24 46 13 44 25 6 35 20 36 21 11 39 28 23 12 14 42 18 7 16 1 49 19 22 17 33 32 38 27 45
Coste: 53500

GENERACION: 287
Mejor Solucion:  37 4 0 9 48 5 29 47 41 26 30 15 8 40 34 31 10 43 2 3 24 46 13 44 25 6 35 20 36 21 11 39 28 23 12 14 42 18 7 16 1 49 19 22 17 33 32 38 27 45
Coste: 53500

GENERACION: 288
Mejor Solucion:  37 4 0 9 48 5 29 47 41 26 30 15 8 40 34 31 10 43 2 3 24 46 13 44 25 6 35 20 36 21 11 39 28 23 12 14 42 18 7 16 1 49 19 22 17 33 32 38 27 45
Coste: 53500

GENERACION: 289
Mejor Solucion:  37 4 0 9 48 5 29 47 41 26 30 15 8 40 34 31 10 43 2 3 24 46 13 44 25 6 35 20 36 21 11 39 28 23 12 14 42 18 7 16 1 49 19 22 17 33 32 38 27 45
Coste: 53500

GENERACION: 290
Mejor Solucion:  37 4 0 9 48 5 29 47 41 26 30 15 8 40 34 31 10 43 2 3 24 46 13 44 25 6 35 20 36 21 11 39 28 23 12 14 42 18 7 16 1 49 19 22 17 33 32 38 27 45
Coste: 53500

GENERACION: 291
Mejor Solucion:  37 4 0 9 48 5 29 47 41 26 30 15 8 40 34 31 10 43 2 3 24 46 13 44 25 6 35 20 36 21 11 39 28 23 12 14 42 18 7 16 1 49 19 22 17 33 32 38 27 45
Coste: 53500

GENERACION: 292
Mejor Solucion:  37 4 0 9 48 5 29 47 41 26 30 15 8 40 34 31 10 43 2 3 24 46 13 44 25 6 35 20 36 21 11 39 28 23 12 14 42 18 7 16 1 49 19 22 17 33 32 38 27 45
Coste: 53500

GENERACION: 293
Mejor Solucion:  37 4 0 9 48 5 29 47 41 26 30 15 8 40 34 31 10 43 2 3 24 46 13 44 25 6 35 20 36 21 11 39 28 23 12 14 42 18 7 16 1 49 19 22 17 33 32 38 27 45
Coste: 53500

GENERACION: 294
Mejor Solucion:  37 4 0 9 48 5 29 47 41 26 30 15 8 40 34 31 10 43 2 3 24 46 13 44 25 6 35 20 36 21 11 39 28 23 12 14 42 18 7 16 1 49 19 22 17 33 32 38 27 45
Coste: 53500

GENERACION: 295
Mejor Solucion:  37 4 0 9 48 5 29 47 41 26 30 15 8 40 34 31 10 43 2 3 24 46 13 44 25 6 35 20 36 21 11 39 28 23 12 14 42 18 7 16 1 49 19 22 17 33 32 38 27 45
Coste: 53500

GENERACION: 296
Mejor Solucion:  37 4 0 9 48 5 29 47 41 26 30 15 8 40 34 31 10 43 2 3 24 46 13 44 25 6 35 20 36 21 11 39 28 23 12 14 42 18 7 16 1 49 19 22 17 33 32 38 27 45
Coste: 53500

GENERACION: 297
Mejor Solucion:  37 4 0 9 48 5 29 47 41 26 30 15 8 40 34 31 10 43 2 3 24 46 13 44 25 6 35 20 36 21 11 39 28 23 12 14 42 18 7 16 1 49 19 22 17 33 32 38 27 45
Coste: 53500

GENERACION: 298
Mejor Solucion:  37 4 0 9 48 5 29 47 41 26 30 15 8 40 34 31 10 43 2 3 24 46 13 44 25 6 35 20 36 21 11 39 28 23 12 14 42 18 7 16 1 49 19 22 17 33 32 38 27 45
Coste: 53500

GENERACION: 299
Mejor Solucion:  37 4 0 9 48 5 29 47 41 26 30 15 8 40 34 31 10 43 2 3 24 46 13 44 25 6 35 20 36 21 11 39 28 23 12 14 42 18 7 16 1 49 19 22 17 33 32 38 27 45
Coste: 53500

GENERACION: 300
Mejor Solucion:  37 4 0 9 48 5 29 47 41 26 30 15 8 40 34 31 10 43 2 3 24 46 13 44 25 6 35 20 36 21 11 39 28 23 12 14 42 18 7 16 1 49 19 22 17 33 32 38 27 45
Coste: 53500

GENERACION: 301
Mejor Solucion:  37 4 0 9 48 5 29 47 41 26 30 15 8 40 34 31 10 43 2 3 24 46 13 44 25 6 35 20 36 21 11 39 28 23 12 14 42 18 7 16 1 49 19 22 17 33 32 38 27 45
Coste: 53500

GENERACION: 302
Mejor Solucion:  37 4 0 9 48 5 29 47 41 26 30 15 8 40 34 31 10 43 2 3 24 46 13 44 25 6 35 20 36 21 11 39 28 23 12 14 42 18 7 16 1 49 19 22 17 33 32 38 27 45
Coste: 53500

GENERACION: 303
Mejor Solucion:  37 4 0 9 48 5 29 47 41 26 30 15 8 40 34 31 10 43 2 3 24 46 13 44 25 6 35 20 36 21 11 39 28 23 12 14 42 18 7 16 1 49 19 22 17 33 32 38 27 45
Coste: 53500

GENERACION: 304
Mejor Solucion:  37 4 0 9 48 5 29 47 41 26 30 15 8 40 34 31 10 43 2 3 24 46 13 44 25 6 35 20 36 21 11 39 28 23 12 14 42 18 7 16 1 49 19 22 17 33 32 38 27 45
Coste: 53500

GENERACION: 305
Mejor Solucion:  37 4 0 9 48 5 29 47 41 26 30 15 8 40 34 31 10 43 2 3 24 46 13 44 25 6 35 20 36 21 11 39 28 23 12 14 42 18 7 16 1 49 19 22 17 33 32 38 27 45
Coste: 53500

GENERACION: 306
Mejor Solucion:  37 4 0 9 48 5 29 47 41 26 30 15 8 40 34 31 10 43 2 3 24 46 13 44 25 6 35 20 36 21 11 39 28 23 12 14 42 18 7 16 1 49 19 22 17 33 32 38 27 45
Coste: 53500

GENERACION: 307
Mejor Solucion:  37 4 0 9 48 5 29 47 41 26 30 15 8 40 34 31 10 43 2 3 24 46 13 44 25 6 35 20 36 21 11 39 28 23 12 14 42 18 7 16 1 49 19 22 17 33 32 38 27 45
Coste: 53500

GENERACION: 308
Mejor Solucion:  37 4 0 9 48 5 29 47 41 26 30 15 8 40 34 31 10 43 2 3 24 46 13 44 25 6 35 20 36 21 11 39 28 23 12 14 42 18 7 16 1 49 19 22 17 33 32 38 27 45
Coste: 53500

GENERACION: 309
Mejor Solucion:  37 4 0 9 48 5 29 47 41 26 30 15 8 40 34 31 10 43 2 3 24 46 13 44 25 6 35 20 36 21 11 39 28 23 12 14 42 18 7 16 1 49 19 22 17 33 32 38 27 45
Coste: 53500

GENERACION: 310
Mejor Solucion:  37 4 0 9 48 5 29 47 41 26 30 15 8 40 34 31 10 43 2 3 24 46 13 44 25 6 35 20 36 21 11 39 28 23 12 14 42 18 7 16 1 49 19 22 17 33 32 38 27 45
Coste: 53500

GENERACION: 311
Mejor Solucion:  37 4 0 9 48 5 29 47 41 26 30 15 8 40 34 31 10 43 2 3 24 46 13 44 25 6 35 20 36 21 11 39 28 23 12 14 42 18 7 16 1 49 19 22 17 33 32 38 27 45
Coste: 53500

GENERACION: 312
Mejor Solucion:  37 4 0 9 48 5 29 47 41 26 30 15 8 40 34 31 10 43 2 3 24 46 13 44 25 6 35 20 36 21 11 39 28 23 12 14 42 18 7 16 1 49 19 22 17 33 32 38 27 45
Coste: 53500

GENERACION: 313
Mejor Solucion:  37 4 0 9 48 5 29 47 41 26 30 15 8 40 34 31 10 43 2 3 24 46 13 44 25 6 35 20 36 21 11 39 28 23 12 14 42 18 7 16 1 49 19 22 17 33 32 38 27 45
Coste: 53500

GENERACION: 314
Mejor Solucion:  37 4 0 9 48 5 29 47 41 26 30 15 8 40 34 31 10 43 2 3 24 46 13 44 25 6 35 20 36 21 11 39 28 23 12 14 42 18 7 16 1 49 19 22 17 33 32 38 27 45
Coste: 53500

GENERACION: 315
Mejor Solucion:  37 4 0 9 48 5 29 47 41 26 30 15 8 40 34 31 10 43 2 3 24 46 13 44 25 6 35 20 36 21 11 39 28 23 12 14 42 18 7 16 1 49 19 22 17 33 32 38 27 45
Coste: 53500

GENERACION: 316
Mejor Solucion:  37 4 0 9 48 5 29 47 41 26 30 15 8 40 34 31 10 43 2 3 24 46 13 44 25 6 35 20 36 21 11 39 28 23 12 14 42 18 7 16 1 49 19 22 17 33 32 38 27 45
Coste: 53500

GENERACION: 317
Mejor Solucion:  37 4 0 9 48 5 29 47 41 26 30 15 8 40 34 31 10 43 2 3 24 46 13 44 25 6 35 20 36 21 11 39 28 23 12 14 42 18 7 16 1 49 19 22 17 33 32 38 27 45
Coste: 53500

GENERACION: 318
Mejor Solucion:  37 4 0 9 48 5 29 47 41 26 30 15 8 40 34 31 10 43 2 3 24 46 13 44 25 6 35 20 36 21 11 39 28 23 12 14 42 18 7 16 1 49 19 22 17 33 32 38 27 45
Coste: 53500

GENERACION: 319
Mejor Solucion:  37 4 0 9 48 5 29 47 41 26 30 15 8 40 34 31 10 43 2 3 24 46 13 44 25 6 35 20 36 21 11 39 28 23 12 14 42 18 7 16 1 49 19 22 17 33 32 38 27 45
Coste: 53500

GENERACION: 320
Mejor Solucion:  37 4 0 9 48 5 29 47 41 26 30 15 8 40 34 31 10 43 2 3 24 46 13 44 25 6 35 20 36 21 11 39 28 23 12 14 42 18 7 16 1 49 19 22 17 33 32 38 27 45
Coste: 53500

GENERACION: 321
Mejor Solucion:  37 4 0 9 48 5 29 47 41 26 30 15 8 40 34 31 10 43 2 3 24 46 13 44 25 6 35 20 36 21 11 39 28 23 12 14 42 18 7 16 1 49 19 22 17 33 32 38 27 45
Coste: 53500

GENERACION: 322
Mejor Solucion:  37 4 0 9 48 5 29 47 41 26 30 15 8 40 34 31 10 43 2 3 24 46 13 44 25 6 35 20 36 21 11 39 28 23 12 14 42 18 7 16 1 49 19 22 17 33 32 38 27 45
Coste: 53500

GENERACION: 323
Mejor Solucion:  37 4 0 9 48 5 29 47 41 26 30 15 8 40 34 31 10 43 2 3 24 46 13 44 25 6 35 20 36 21 11 39 28 23 12 14 42 18 7 16 1 49 19 22 17 33 32 38 27 45
Coste: 53500

GENERACION: 324
Mejor Solucion:  37 4 0 9 48 5 29 47 41 26 30 15 8 40 34 31 10 43 2 3 24 46 13 44 25 6 35 20 36 21 11 39 28 23 12 14 42 18 7 16 1 49 19 22 17 33 32 38 27 45
Coste: 53500

GENERACION: 325
Mejor Solucion:  37 4 0 9 48 5 29 47 41 26 30 15 8 40 34 31 10 43 2 3 24 46 13 44 25 6 35 20 36 21 11 39 28 23 12 14 42 18 7 16 1 49 19 22 17 33 32 38 27 45
Coste: 53500

GENERACION: 326
Mejor Solucion:  37 4 0 9 48 5 29 47 41 26 30 15 8 40 34 31 10 43 2 3 24 46 13 44 25 6 35 20 36 21 11 39 28 23 12 14 42 18 7 16 1 49 19 22 17 33 32 38 27 45
Coste: 53500

GENERACION: 327
Mejor Solucion:  37 4 0 9 48 5 29 47 41 26 30 15 8 40 34 31 10 43 2 3 24 46 13 44 25 6 35 20 36 21 11 39 28 23 12 14 42 18 7 16 1 49 19 22 17 33 32 38 27 45
Coste: 53500

GENERACION: 328
Mejor Solucion:  37 4 0 9 48 5 29 47 41 26 30 15 8 40 34 31 10 43 2 3 24 46 13 44 25 6 35 20 36 21 11 39 28 23 12 14 42 18 7 16 1 49 19 22 17 33 32 38 27 45
Coste: 53500

GENERACION: 329
Mejor Solucion:  37 4 0 9 48 5 29 47 41 26 30 15 8 40 34 31 10 43 2 3 24 46 13 44 25 6 35 20 36 21 11 39 28 23 12 14 42 18 7 16 1 49 19 22 17 33 32 38 27 45
Coste: 53500

GENERACION: 330
Mejor Solucion:  37 4 0 9 48 5 29 47 41 26 30 15 8 40 34 31 10 43 2 3 24 46 13 44 25 6 35 20 36 21 11 39 28 23 12 14 42 18 7 16 1 49 19 22 17 33 32 38 27 45
Coste: 53500

GENERACION: 331
Mejor Solucion:  37 4 0 9 48 5 29 47 41 26 30 15 8 40 34 31 10 43 2 3 24 46 13 44 25 6 35 20 36 21 11 39 28 23 12 14 42 18 7 16 1 49 19 22 17 33 32 38 27 45
Coste: 53500

GENERACION: 332
Mejor Solucion:  37 4 0 9 48 5 29 47 41 26 30 15 8 40 34 31 10 43 2 3 24 46 13 44 25 6 35 20 36 21 11 39 28 23 12 14 42 18 7 16 1 49 19 22 17 33 32 38 27 45
Coste: 53500

GENERACION: 333
Mejor Solucion:  37 4 0 9 48 5 29 47 41 26 30 15 8 40 34 31 10 43 2 3 24 46 13 44 25 6 35 20 36 21 11 39 28 23 12 14 42 18 7 16 1 49 19 22 17 33 32 38 27 45
Coste: 53500

GENERACION: 334
Mejor Solucion:  37 4 0 9 48 5 29 47 41 26 30 15 8 40 34 31 10 43 2 3 24 46 13 44 25 6 35 20 36 21 11 39 28 23 12 14 42 18 7 16 1 49 19 22 17 33 32 38 27 45
Coste: 53500

GENERACION: 335
Mejor Solucion:  37 4 0 9 48 5 29 47 41 26 30 15 8 40 34 31 10 43 2 3 24 46 13 44 25 6 35 20 36 21 11 39 28 23 12 14 42 18 7 16 1 49 19 22 17 33 32 38 27 45
Coste: 53500

GENERACION: 336
Mejor Solucion:  37 4 0 9 48 5 29 47 41 26 30 15 8 40 34 31 10 43 2 3 24 46 13 44 25 6 35 20 36 21 11 39 28 23 12 14 42 18 7 16 1 49 19 22 17 33 32 38 27 45
Coste: 53500

GENERACION: 337
Mejor Solucion:  37 4 0 9 48 5 29 47 41 26 30 15 8 40 34 31 10 43 2 3 24 46 13 44 25 6 35 20 36 21 11 39 28 23 12 14 42 18 7 16 1 49 19 22 17 33 32 38 27 45
Coste: 53500

GENERACION: 338
Mejor Solucion:  37 4 0 9 48 5 29 47 41 26 30 15 8 40 34 31 10 43 2 3 24 46 13 44 25 6 35 20 36 21 11 39 28 23 12 14 42 18 7 16 1 49 19 22 17 33 32 38 27 45
Coste: 53500

GENERACION: 339
Mejor Solucion:  37 4 0 9 48 5 29 47 41 26 30 15 8 40 34 31 10 43 2 3 24 46 13 44 25 6 35 20 36 21 11 39 28 23 12 14 42 18 7 16 1 49 19 22 17 33 32 38 27 45
Coste: 53500

GENERACION: 340
Mejor Solucion:  37 4 0 9 48 5 29 47 41 26 30 15 8 40 34 31 10 43 2 3 24 46 13 44 25 6 35 20 36 21 11 39 28 23 12 14 42 18 7 16 1 49 19 22 17 33 32 38 27 45
Coste: 53500

GENERACION: 341
Mejor Solucion:  37 4 0 9 48 5 29 47 41 26 30 15 8 40 34 31 10 43 2 3 24 46 13 44 25 6 35 20 36 21 11 39 28 23 12 14 42 18 7 16 1 49 19 22 17 33 32 38 27 45
Coste: 53500

GENERACION: 342
Mejor Solucion:  37 4 0 9 48 5 29 47 41 26 30 15 8 40 34 31 10 43 2 3 24 46 13 44 25 6 35 20 36 21 11 39 28 23 12 14 42 18 7 16 1 49 19 22 17 33 32 38 27 45
Coste: 53500

GENERACION: 343
Mejor Solucion:  37 4 0 9 48 5 29 47 41 26 30 15 8 40 34 31 10 43 2 3 24 46 13 44 25 6 35 20 36 21 11 39 28 23 12 14 42 18 7 16 1 49 19 22 17 33 32 38 27 45
Coste: 53500

GENERACION: 344
Mejor Solucion:  37 4 0 9 48 5 29 47 41 26 30 15 8 40 34 31 10 43 2 3 24 46 13 44 25 6 35 20 36 21 11 39 28 23 12 14 42 18 7 16 1 49 19 22 17 33 32 38 27 45
Coste: 53500

GENERACION: 345
Mejor Solucion:  37 4 0 9 48 5 29 47 41 26 30 15 8 40 34 31 10 43 2 3 24 46 13 44 25 6 35 20 36 21 11 39 28 23 12 14 42 18 7 16 1 49 19 22 17 33 32 38 27 45
Coste: 53500

GENERACION: 346
Mejor Solucion:  37 4 0 9 48 5 29 47 41 26 30 15 8 40 34 31 10 43 2 3 24 46 13 44 25 6 35 20 36 21 11 39 28 23 12 14 42 18 7 16 1 49 19 22 17 33 32 38 27 45
Coste: 53500

GENERACION: 347
Mejor Solucion:  37 4 0 9 48 5 29 47 41 26 30 15 8 40 34 31 10 43 2 3 24 46 13 44 25 6 35 20 36 21 11 39 28 23 12 14 42 18 7 16 1 49 19 22 17 33 32 38 27 45
Coste: 53500

GENERACION: 348
Mejor Solucion:  37 4 0 9 48 5 29 47 41 26 30 15 8 40 34 31 10 43 2 3 24 46 13 44 25 6 35 20 36 21 11 39 28 23 12 14 42 18 7 16 1 49 19 22 17 33 32 38 27 45
Coste: 53500

GENERACION: 349
Mejor Solucion:  37 4 0 9 48 5 29 47 41 26 30 15 8 40 34 31 10 43 2 3 24 46 13 44 25 6 35 20 36 21 11 39 28 23 12 14 42 18 7 16 1 49 19 22 17 33 32 38 27 45
Coste: 53500

GENERACION: 350
Mejor Solucion:  37 4 0 9 48 5 29 47 41 26 30 15 8 40 34 31 10 43 2 3 24 46 13 44 25 6 35 20 36 21 11 39 28 23 12 14 42 18 7 16 1 49 19 22 17 33 32 38 27 45
Coste: 53500

GENERACION: 351
Mejor Solucion:  37 4 0 9 48 5 29 47 41 26 30 15 8 40 34 31 10 43 2 3 24 46 13 44 25 6 35 20 36 21 11 39 28 23 12 14 42 18 7 16 1 49 19 22 17 33 32 38 27 45
Coste: 53500

GENERACION: 352
Mejor Solucion:  37 4 0 9 48 5 29 47 41 26 30 15 8 40 34 31 10 43 2 3 24 46 13 44 25 6 35 20 36 21 11 39 28 23 12 14 42 18 7 16 1 49 19 22 17 33 32 38 27 45
Coste: 53500

GENERACION: 353
Mejor Solucion:  37 4 0 9 48 5 29 47 41 26 30 15 8 40 34 31 10 43 2 3 24 46 13 44 25 6 35 20 36 21 11 39 28 23 12 14 42 18 7 16 1 49 19 22 17 33 32 38 27 45
Coste: 53500

GENERACION: 354
Mejor Solucion:  37 4 0 9 48 5 29 47 41 26 30 15 8 40 34 31 10 43 2 3 24 46 13 44 25 6 35 20 36 21 11 39 28 23 12 14 42 18 7 16 1 49 19 22 17 33 32 38 27 45
Coste: 53500

GENERACION: 355
Mejor Solucion:  37 4 0 9 48 5 29 47 41 26 30 15 8 40 34 31 10 43 2 3 24 46 13 44 25 6 35 20 36 21 11 39 28 23 12 14 42 18 7 16 1 49 19 22 17 33 32 38 27 45
Coste: 53500

GENERACION: 356
Mejor Solucion:  37 4 0 9 48 5 29 47 41 26 30 15 8 40 34 31 10 43 2 3 24 46 13 44 25 6 35 20 36 21 11 39 28 23 12 14 42 18 7 16 1 49 19 22 17 33 32 38 27 45
Coste: 53500

GENERACION: 357
Mejor Solucion:  37 4 0 9 48 5 29 47 41 26 30 15 8 40 34 31 10 43 2 3 24 46 13 44 25 6 35 20 36 21 11 39 28 23 12 14 42 18 7 16 1 49 19 22 17 33 32 38 27 45
Coste: 53500

GENERACION: 358
Mejor Solucion:  37 4 0 9 48 5 29 47 41 26 30 15 8 40 34 31 10 43 2 3 24 46 13 44 25 6 35 20 36 21 11 39 28 23 12 14 42 18 7 16 1 49 19 22 17 33 32 38 27 45
Coste: 53500

GENERACION: 359
Mejor Solucion:  37 4 0 9 48 5 29 47 41 26 30 15 8 40 34 31 10 43 2 3 24 46 13 44 25 6 35 20 36 21 11 39 28 23 12 14 42 18 7 16 1 49 19 22 17 33 32 38 27 45
Coste: 53500

GENERACION: 360
Mejor Solucion:  37 4 0 9 48 5 29 47 41 26 30 15 8 40 34 31 10 43 2 3 24 46 13 44 25 6 35 20 36 21 11 39 28 23 12 14 42 18 7 16 1 49 19 22 17 33 32 38 27 45
Coste: 53500

GENERACION: 361
Mejor Solucion:  37 4 0 9 48 5 29 47 41 26 30 15 8 40 34 31 10 43 2 3 24 46 13 44 25 6 35 20 36 21 11 39 28 23 12 14 42 18 7 16 1 49 19 22 17 33 32 38 27 45
Coste: 53500

GENERACION: 362
Mejor Solucion:  37 4 0 9 48 5 29 47 41 26 30 15 8 40 34 31 10 43 2 3 24 46 13 44 25 6 35 20 36 21 11 39 28 23 12 14 42 18 7 16 1 49 19 22 17 33 32 38 27 45
Coste: 53500

GENERACION: 363
Mejor Solucion:  37 4 0 9 48 5 29 47 41 26 30 15 8 40 34 31 10 43 2 3 24 46 13 44 25 6 35 20 36 21 11 39 28 23 12 14 42 18 7 16 1 49 19 22 17 33 32 38 27 45
Coste: 53500

GENERACION: 364
Mejor Solucion:  37 4 0 9 48 5 29 47 41 26 30 15 8 40 34 31 10 43 2 3 24 46 13 44 25 6 35 20 36 21 11 39 28 23 12 14 42 18 7 16 1 49 19 22 17 33 32 38 27 45
Coste: 53500

GENERACION: 365
Mejor Solucion:  37 4 0 9 48 5 29 47 41 26 30 15 8 40 34 31 10 43 2 3 24 46 13 44 25 6 35 20 36 21 11 39 28 23 12 14 42 18 7 16 1 49 19 22 17 33 32 38 27 45
Coste: 53500

GENERACION: 366
Mejor Solucion:  37 4 0 9 48 5 29 47 41 26 30 15 8 40 34 31 10 43 2 3 24 46 13 44 25 6 35 20 36 21 11 39 28 23 12 14 42 18 7 16 1 49 19 22 17 33 32 38 27 45
Coste: 53500

GENERACION: 367
Mejor Solucion:  37 4 0 9 48 5 29 47 41 26 30 15 8 40 34 31 10 43 2 3 24 46 13 44 25 6 35 20 36 21 11 39 28 23 12 14 42 18 7 16 1 49 19 22 17 33 32 38 27 45
Coste: 53500

GENERACION: 368
Mejor Solucion:  37 4 0 9 48 5 29 47 41 26 30 15 8 40 34 31 10 43 2 3 24 46 13 44 25 6 35 20 36 21 11 39 28 23 12 14 42 18 7 16 1 49 19 22 17 33 32 38 27 45
Coste: 53500

GENERACION: 369
Mejor Solucion:  37 4 0 9 48 5 29 47 41 26 30 15 8 40 34 31 10 43 2 3 24 46 13 44 25 6 35 20 36 21 11 39 28 23 12 14 42 18 7 16 1 49 19 22 17 33 32 38 27 45
Coste: 53500

GENERACION: 370
Mejor Solucion:  37 4 0 9 48 5 29 47 41 26 30 15 8 40 34 31 10 43 2 3 24 46 13 44 25 6 35 20 36 21 11 39 28 23 12 14 42 18 7 16 1 49 19 22 17 33 32 38 27 45
Coste: 53500

GENERACION: 371
Mejor Solucion:  37 4 0 9 48 5 29 47 41 26 30 15 8 40 34 31 10 43 2 3 24 46 13 44 25 6 35 20 36 21 11 39 28 23 12 14 42 18 7 16 1 49 19 22 17 33 32 38 27 45
Coste: 53500

GENERACION: 372
Mejor Solucion:  37 4 0 9 48 5 29 47 41 26 30 15 8 40 34 31 10 43 2 3 24 46 13 44 25 6 35 20 36 21 11 39 28 23 12 14 42 18 7 16 1 49 19 22 17 33 32 38 27 45
Coste: 53500

GENERACION: 373
Mejor Solucion:  37 4 0 9 48 5 29 47 41 26 30 15 8 40 34 31 10 43 2 3 24 46 13 44 25 6 35 20 36 21 11 39 28 23 12 14 42 18 7 16 1 49 19 22 17 33 32 38 27 45
Coste: 53500

GENERACION: 374
Mejor Solucion:  37 4 0 9 48 5 29 47 41 26 30 15 8 40 34 31 10 43 2 3 24 46 13 44 25 6 35 20 36 21 11 39 28 23 12 14 42 18 7 16 1 49 19 22 17 33 32 38 27 45
Coste: 53500

GENERACION: 375
Mejor Solucion:  37 4 0 9 48 5 29 47 41 26 30 15 8 40 34 31 10 43 2 3 24 46 13 44 25 6 35 20 36 21 11 39 28 23 12 14 42 18 7 16 1 49 19 22 17 33 32 38 27 45
Coste: 53500

GENERACION: 376
Mejor Solucion:  37 4 0 9 48 5 29 47 41 26 30 15 8 40 34 31 10 43 2 3 24 46 13 44 25 6 35 20 36 21 11 39 28 23 12 14 42 18 7 16 1 49 19 22 17 33 32 38 27 45
Coste: 53500

GENERACION: 377
Mejor Solucion:  37 4 0 9 48 5 29 47 41 26 30 15 8 40 34 31 10 43 2 3 24 46 13 44 25 6 35 20 36 21 11 39 28 23 12 14 42 18 7 16 1 49 19 22 17 33 32 38 27 45
Coste: 53500

GENERACION: 378
Mejor Solucion:  37 4 0 9 48 5 29 47 41 26 30 15 8 40 34 31 10 43 2 3 24 46 13 44 25 6 35 20 36 21 11 39 28 23 12 14 42 18 7 16 1 49 19 22 17 33 32 38 27 45
Coste: 53500

GENERACION: 379
Mejor Solucion:  37 4 0 9 48 5 29 47 41 26 30 15 8 40 34 31 10 43 2 3 24 46 13 44 25 6 35 20 36 21 11 39 28 23 12 14 42 18 7 16 1 49 19 22 17 33 32 38 27 45
Coste: 53500

GENERACION: 380
Mejor Solucion:  37 4 0 9 48 5 29 47 41 26 30 15 8 40 34 31 10 43 2 3 24 46 13 44 25 6 35 20 36 21 11 39 28 23 12 14 42 18 7 16 1 49 19 22 17 33 32 38 27 45
Coste: 53500

GENERACION: 381
Mejor Solucion:  37 4 0 9 48 5 29 47 41 26 30 15 8 40 34 31 10 43 2 3 24 46 13 44 25 6 35 20 36 21 11 39 28 23 12 14 42 18 7 16 1 49 19 22 17 33 32 38 27 45
Coste: 53500

GENERACION: 382
Mejor Solucion:  37 4 0 9 48 5 29 47 41 26 30 15 8 40 34 31 10 43 2 3 24 46 13 44 25 6 35 20 36 21 11 39 28 23 12 14 42 18 7 16 1 49 19 22 17 33 32 38 27 45
Coste: 53500

GENERACION: 383
Mejor Solucion:  37 4 0 9 48 5 29 47 41 26 30 15 8 40 34 31 10 43 2 3 24 46 13 44 25 6 35 20 36 21 11 39 28 23 12 14 42 18 7 16 1 49 19 22 17 33 32 38 27 45
Coste: 53500

GENERACION: 384
Mejor Solucion:  37 4 0 9 48 5 29 47 41 26 30 15 8 40 34 31 10 43 2 3 24 46 13 44 25 6 35 20 36 21 11 39 28 23 12 14 42 18 7 16 1 49 19 22 17 33 32 38 27 45
Coste: 53500

GENERACION: 385
Mejor Solucion:  37 4 0 9 48 5 29 47 41 26 30 15 8 40 34 31 10 43 2 3 24 46 13 44 25 6 35 20 36 21 11 39 28 23 12 14 42 18 7 16 1 49 19 22 17 33 32 38 27 45
Coste: 53500

GENERACION: 386
Mejor Solucion:  37 4 0 9 48 5 29 47 41 26 30 15 8 40 34 31 10 43 2 3 24 46 13 44 25 6 35 20 36 21 11 39 28 23 12 14 42 18 7 16 1 49 19 22 17 33 32 38 27 45
Coste: 53500

GENERACION: 387
Mejor Solucion:  37 4 0 9 48 5 29 47 41 26 30 15 8 40 34 31 10 43 2 3 24 46 13 44 25 6 35 20 36 21 11 39 28 23 12 14 42 18 7 16 1 49 19 22 17 33 32 38 27 45
Coste: 53500

GENERACION: 388
Mejor Solucion:  37 4 0 9 48 5 29 47 41 26 30 15 8 40 34 31 10 43 2 3 24 46 13 44 25 6 35 20 36 21 11 39 28 23 12 14 42 18 7 16 1 49 19 22 17 33 32 38 27 45
Coste: 53500

GENERACION: 389
Mejor Solucion:  37 4 0 9 48 5 29 47 41 26 30 15 8 40 34 31 10 43 2 3 24 46 13 44 25 6 35 20 36 21 11 39 28 23 12 14 42 18 7 16 1 49 19 22 17 33 32 38 27 45
Coste: 53500

GENERACION: 390
Mejor Solucion:  37 4 0 9 48 5 29 47 41 26 30 15 8 40 34 31 10 43 2 3 24 46 13 44 25 6 35 20 36 21 11 39 28 23 12 14 42 18 7 16 1 49 19 22 17 33 32 38 27 45
Coste: 53500

GENERACION: 391
Mejor Solucion:  37 4 0 9 48 5 29 47 41 26 30 15 8 40 34 31 10 43 2 3 24 46 13 44 25 6 35 20 36 21 11 39 28 23 12 14 42 18 7 16 1 49 19 22 17 33 32 38 27 45
Coste: 53500

GENERACION: 392
Mejor Solucion:  37 4 0 9 48 5 29 47 41 26 30 15 8 40 34 31 10 43 2 3 24 46 13 44 25 6 35 20 36 21 11 39 28 23 12 14 42 18 7 16 1 49 19 22 17 33 32 38 27 45
Coste: 53500

GENERACION: 393
Mejor Solucion:  37 4 0 9 48 5 29 47 41 26 30 15 8 40 34 31 10 43 2 3 24 46 13 44 25 6 35 20 36 21 11 39 28 23 12 14 42 18 7 16 1 49 19 22 17 33 32 38 27 45
Coste: 53500

GENERACION: 394
Mejor Solucion:  37 4 0 9 48 5 29 47 41 26 30 15 8 40 34 31 10 43 2 3 24 46 13 44 25 6 35 20 36 21 11 39 28 23 12 14 42 18 7 16 1 49 19 22 17 33 32 38 27 45
Coste: 53500

GENERACION: 395
Mejor Solucion:  37 4 0 9 48 5 29 47 41 26 30 15 8 40 34 31 10 43 2 3 24 46 13 44 25 6 35 20 36 21 11 39 28 23 12 14 42 18 7 16 1 49 19 22 17 33 32 38 27 45
Coste: 53500

GENERACION: 396
Mejor Solucion:  37 4 0 9 48 5 29 47 41 26 30 15 8 40 34 31 10 43 2 3 24 46 13 44 25 6 35 20 36 21 11 39 28 23 12 14 42 18 7 16 1 49 19 22 17 33 32 38 27 45
Coste: 53500

GENERACION: 397
Mejor Solucion:  37 4 0 9 48 5 29 47 41 26 30 15 8 40 34 31 10 43 2 3 24 46 13 44 25 6 35 20 36 21 11 39 28 23 12 14 42 18 7 16 1 49 19 22 17 33 32 38 27 45
Coste: 53500

GENERACION: 398
Mejor Solucion:  37 4 0 9 48 5 29 47 41 26 30 15 8 40 34 31 10 43 2 3 24 46 13 44 25 6 35 20 36 21 11 39 28 23 12 14 42 18 7 16 1 49 19 22 17 33 32 38 27 45
Coste: 53500

GENERACION: 399
Mejor Solucion:  37 4 0 9 48 5 29 47 41 26 30 15 8 40 34 31 10 43 2 3 24 46 13 44 25 6 35 20 36 21 11 39 28 23 12 14 42 18 7 16 1 49 19 22 17 33 32 38 27 45
Coste: 53500

GENERACION: 400
Mejor Solucion:  37 4 0 9 48 5 29 47 41 26 30 15 8 40 34 31 10 43 2 3 24 46 13 44 25 6 35 20 36 21 11 39 28 23 12 14 42 18 7 16 1 49 19 22 17 33 32 38 27 45
Coste: 53500

GENERACION: 401
Mejor Solucion:  37 4 0 9 48 5 29 47 41 26 30 15 8 40 34 31 10 43 2 3 24 46 13 44 25 6 35 20 36 21 11 39 28 23 12 14 42 18 7 16 1 49 19 22 17 33 32 38 27 45
Coste: 53500

GENERACION: 402
Mejor Solucion:  37 4 0 9 48 5 29 47 41 26 30 15 8 40 34 31 10 43 2 3 24 46 13 44 25 6 35 20 36 21 11 39 28 23 12 14 42 18 7 16 1 49 19 22 17 33 32 38 27 45
Coste: 53500

GENERACION: 403
Mejor Solucion:  37 4 0 9 48 5 29 47 41 26 30 15 8 40 34 31 10 43 2 3 24 46 13 44 25 6 35 20 36 21 11 39 28 23 12 14 42 18 7 16 1 49 19 22 17 33 32 38 27 45
Coste: 53500

GENERACION: 404
Mejor Solucion:  37 4 0 9 48 5 29 47 41 26 30 15 8 40 34 31 10 43 2 3 24 46 13 44 25 6 35 20 36 21 11 39 28 23 12 14 42 18 7 16 1 49 19 22 17 33 32 38 27 45
Coste: 53500

GENERACION: 405
Mejor Solucion:  37 4 0 9 48 5 29 47 41 26 30 15 8 40 34 31 10 43 2 3 24 46 13 44 25 6 35 20 36 21 11 39 28 23 12 14 42 18 7 16 1 49 19 22 17 33 32 38 27 45
Coste: 53500

GENERACION: 406
Mejor Solucion:  37 4 0 9 48 5 29 47 41 26 30 15 8 40 34 31 10 43 2 3 24 46 13 44 25 6 35 20 36 21 11 39 28 23 12 14 42 18 7 16 1 49 19 22 17 33 32 38 27 45
Coste: 53500

GENERACION: 407
Mejor Solucion:  37 4 0 9 48 5 29 47 41 26 30 15 8 40 34 31 10 43 2 3 24 46 13 44 25 6 35 20 36 21 11 39 28 23 12 14 42 18 7 16 1 49 19 22 17 33 32 38 27 45
Coste: 53500

GENERACION: 408
Mejor Solucion:  37 4 0 9 48 5 29 47 41 26 30 15 8 40 34 31 10 43 2 3 24 46 13 44 25 6 35 20 36 21 11 39 28 23 12 14 42 18 7 16 1 49 19 22 17 33 32 38 27 45
Coste: 53500

GENERACION: 409
Mejor Solucion:  37 4 0 9 48 5 29 47 41 26 30 15 8 40 34 31 10 43 2 3 24 46 13 44 25 6 35 20 36 21 11 39 28 23 12 14 42 18 7 16 1 49 19 22 17 33 32 38 27 45
Coste: 53500

GENERACION: 410
Mejor Solucion:  37 4 0 9 48 5 29 47 41 26 30 15 8 40 34 31 10 43 2 3 24 46 13 44 25 6 35 20 36 21 11 39 28 23 12 14 42 18 7 16 1 49 19 22 17 33 32 38 27 45
Coste: 53500

