GENERACION: 1
Mejor Solucion:  19 47 22 73 37 84 85 28 94 25 16 15 31 87 30 36 5 3 64 74 6 92 66 42 61 46 38 76 57 27 29 83 63 77 58 65 95 39 72 53 43 68 81 32 26 51 18 11 86 98 59 12 21 48 52 14 23 79 99 1 35 10 89 90 45 78 88 62 91 49 20 70 8 55 93 33 67 71 7 80 13 34 56 40 69 17 50 9 60 24 0 96 44 82 75 2 54 97 41 4
Coste: 23788192

GENERACION: 2
Mejor Solucion:  19 47 22 73 37 84 85 28 94 25 16 15 31 87 30 36 5 3 64 74 6 92 66 42 61 46 38 76 57 27 29 83 63 77 58 65 95 39 72 53 43 68 81 32 26 51 18 11 86 98 59 12 21 48 52 14 23 79 99 1 35 10 89 90 45 78 88 62 91 49 20 70 8 55 93 33 67 71 7 80 13 34 56 40 69 17 50 9 60 24 0 96 44 82 75 2 54 97 41 4
Coste: 23788192

GENERACION: 3
Mejor Solucion:  19 47 22 73 77 97 85 28 74 70 16 15 17 87 30 36 5 3 64 94 6 9 1 42 61 46 38 76 57 27 29 83 63 37 58 65 95 39 72 53 43 68 81 32 26 51 18 11 86 98 59 12 21 48 52 14 23 79 99 80 35 10 25 90 45 78 88 62 41 49 20 89 8 55 93 33 67 50 7 66 13 34 56 40 69 31 71 92 60 24 0 96 44 82 75 2 54 84 91 4
Coste: 23783868

GENERACION: 4
Mejor Solucion:  19 47 22 73 77 97 85 28 74 70 16 15 17 87 30 36 5 3 64 94 6 9 1 42 61 46 38 76 57 27 29 83 63 37 58 65 95 39 72 53 43 68 81 32 26 51 18 11 86 98 59 12 21 48 52 14 23 79 99 80 35 10 25 90 45 78 88 62 41 49 20 89 8 55 93 33 67 50 7 66 13 34 56 40 69 31 71 92 60 24 0 96 44 82 75 2 54 84 91 4
Coste: 23783868

GENERACION: 5
Mejor Solucion:  19 47 22 73 77 97 85 28 74 70 16 15 17 87 30 36 5 3 64 94 6 9 1 42 61 46 38 76 57 27 29 83 63 37 58 65 95 39 72 53 43 68 81 32 26 51 18 11 86 98 59 12 21 48 52 14 23 79 99 80 35 10 25 90 45 78 88 62 41 49 20 89 8 55 93 33 67 50 7 66 13 34 56 40 69 31 71 92 60 24 0 96 44 82 75 2 54 84 91 4
Coste: 23783868

GENERACION: 6
Mejor Solucion:  19 47 22 73 77 97 85 28 74 70 16 15 17 87 30 36 5 3 64 94 6 9 1 42 61 46 38 76 57 27 29 83 63 37 58 65 95 39 72 53 43 68 81 32 26 51 18 11 86 98 59 12 21 48 52 14 23 79 99 80 35 10 25 90 45 78 88 62 41 49 20 89 8 55 93 33 67 50 7 66 13 34 56 40 69 31 71 92 60 24 0 96 44 82 75 2 54 84 91 4
Coste: 23783868

GENERACION: 7
Mejor Solucion:  19 47 22 73 77 97 85 28 74 70 16 15 17 87 30 36 5 3 64 94 6 9 1 42 61 46 38 76 57 27 29 83 63 37 58 65 95 39 72 53 43 68 81 32 26 51 18 11 86 98 59 12 21 48 52 14 23 79 99 80 35 10 25 90 45 78 88 62 41 49 20 89 8 55 93 33 67 50 7 66 13 34 56 40 69 31 71 92 60 24 0 96 44 82 75 2 54 84 91 4
Coste: 23783868

GENERACION: 8
Mejor Solucion:  19 47 22 73 77 97 85 28 74 70 16 15 17 87 30 36 5 3 64 94 6 9 1 42 61 46 38 76 57 27 29 83 63 37 58 65 95 39 72 53 43 68 81 32 26 51 18 11 86 98 59 12 21 48 52 14 23 79 99 80 35 10 25 90 45 78 88 62 41 49 20 89 8 55 93 33 67 50 7 66 13 34 56 40 69 31 71 92 60 24 0 96 44 82 75 2 54 84 91 4
Coste: 23783868

GENERACION: 9
Mejor Solucion:  19 47 22 73 77 97 85 28 74 70 16 15 17 87 30 36 5 3 64 94 6 9 1 42 61 46 38 76 57 27 29 83 63 37 58 65 95 39 72 53 43 68 81 32 26 51 18 11 86 98 59 12 21 48 52 14 23 79 99 80 35 10 25 90 45 78 88 62 41 49 20 89 8 55 93 33 67 50 7 66 13 34 56 40 69 31 71 92 60 24 0 96 44 82 75 2 54 84 91 4
Coste: 23783868

GENERACION: 10
Mejor Solucion:  19 47 22 73 77 97 85 28 74 70 16 15 17 87 30 36 5 3 64 94 6 9 1 42 61 46 38 76 57 27 29 83 63 37 58 65 95 39 72 53 43 68 81 32 26 51 18 11 86 98 59 12 21 48 52 14 23 79 99 80 35 10 25 90 45 78 88 62 41 49 20 89 8 55 93 33 67 50 7 66 13 34 56 40 69 31 71 92 60 24 0 96 44 82 75 2 54 84 91 4
Coste: 23783868

GENERACION: 11
Mejor Solucion:  19 42 22 91 77 97 49 28 74 70 16 15 17 87 30 36 5 3 64 94 50 9 1 11 61 46 38 13 57 69 29 83 63 37 58 65 95 39 72 53 43 68 81 32 26 51 41 47 86 25 59 12 21 48 52 14 23 79 99 80 35 10 7 90 45 78 88 62 18 85 20 89 8 55 93 33 67 6 98 66 76 34 56 40 27 31 71 92 60 24 0 96 44 82 75 2 54 84 73 4
Coste: 23775137

GENERACION: 12
Mejor Solucion:  19 42 22 91 77 97 49 28 74 70 16 15 17 87 30 36 5 3 64 94 50 9 1 11 61 46 38 13 57 69 29 83 63 37 58 65 95 39 72 53 43 68 81 32 26 51 41 47 86 25 59 12 21 48 52 14 23 79 99 80 35 10 7 90 45 78 88 62 18 85 20 89 8 55 93 33 67 6 98 66 76 34 56 40 27 31 71 92 60 24 0 96 44 82 75 2 54 84 73 4
Coste: 23775137

GENERACION: 13
Mejor Solucion:  28 22 97 69 77 47 67 56 74 55 16 7 17 1 70 36 5 3 64 94 6 87 60 42 61 46 10 76 57 27 29 83 63 37 58 65 95 39 72 53 43 68 81 32 26 51 18 11 86 98 59 12 21 48 52 14 23 79 99 80 35 38 78 90 66 71 88 62 41 49 20 89 8 30 93 33 85 50 15 45 13 34 19 40 91 31 25 92 9 24 0 96 44 82 75 2 54 84 73 4
Coste: 23738853

GENERACION: 14
Mejor Solucion:  28 67 97 69 77 47 22 56 74 55 16 71 63 1 65 36 5 3 64 94 6 87 60 34 61 72 10 76 57 27 51 83 17 8 58 70 95 39 37 53 43 68 81 32 26 29 18 11 44 91 59 12 21 48 52 30 23 79 31 80 35 96 7 90 45 25 88 62 41 49 20 89 46 14 93 33 85 50 15 66 13 42 19 40 98 99 78 92 9 24 0 38 86 82 75 2 54 84 73 4
Coste: 23668549

GENERACION: 15
Mejor Solucion:  28 67 97 69 77 47 22 56 74 55 16 71 63 1 65 36 5 3 64 94 6 87 60 34 61 72 10 76 57 27 51 83 17 8 58 70 95 39 37 53 43 68 81 32 26 29 18 11 44 91 59 12 21 48 52 30 23 79 31 80 35 96 7 90 45 25 88 62 41 49 20 89 46 14 93 33 85 50 15 66 13 42 19 40 98 99 78 92 9 24 0 38 86 82 75 2 54 84 73 4
Coste: 23668549

GENERACION: 16
Mejor Solucion:  28 67 97 69 66 47 22 56 74 55 16 71 63 1 65 36 5 3 64 94 6 87 60 34 61 89 10 76 57 27 51 83 17 8 58 70 95 39 82 53 43 68 81 32 14 29 18 11 44 91 59 12 21 41 52 30 23 79 31 80 35 96 7 90 45 25 88 62 48 49 20 72 46 26 93 33 85 50 15 77 13 42 19 40 98 99 78 92 9 24 0 38 86 37 75 2 54 84 73 4
Coste: 23631827

GENERACION: 17
Mejor Solucion:  28 67 97 69 66 47 22 56 74 55 16 71 63 1 65 36 5 3 64 94 6 87 60 34 61 89 10 76 57 27 51 83 17 8 58 70 95 39 82 53 43 68 81 32 14 29 18 11 44 91 59 12 21 41 52 30 23 79 31 80 35 96 7 90 45 25 88 62 48 49 20 72 46 26 93 33 85 50 15 77 13 42 19 40 98 99 78 92 9 24 0 38 86 37 75 2 54 84 73 4
Coste: 23631827

GENERACION: 18
Mejor Solucion:  28 67 97 69 66 47 22 56 74 55 16 71 63 1 65 36 5 3 64 94 6 87 60 34 61 89 10 76 57 27 51 83 17 8 58 70 95 39 82 53 43 68 81 32 14 29 18 11 44 91 59 12 21 41 52 30 23 79 31 80 35 96 7 90 45 25 88 62 48 49 20 72 46 26 93 33 85 50 15 77 13 42 19 40 98 99 78 92 9 24 0 38 86 37 75 2 54 84 73 4
Coste: 23631827

GENERACION: 19
Mejor Solucion:  28 67 97 69 66 47 22 56 74 55 16 71 63 1 65 36 5 3 64 94 6 87 60 34 61 89 10 76 57 27 51 83 17 8 58 70 95 39 82 53 43 68 81 32 14 29 18 11 44 91 59 12 21 41 52 30 23 79 31 80 35 96 7 90 45 25 88 62 48 49 20 72 46 26 93 33 85 50 15 77 13 42 19 40 98 99 78 92 9 24 0 38 86 37 75 2 54 84 73 4
Coste: 23631827

GENERACION: 20
Mejor Solucion:  28 67 97 69 66 47 22 56 74 55 16 71 63 1 65 36 5 3 64 94 6 87 60 34 61 89 10 76 57 27 51 83 17 8 58 70 95 39 82 53 43 68 81 32 14 29 18 11 44 91 59 12 21 41 52 30 23 79 31 80 35 96 7 90 45 25 88 62 48 49 20 72 46 26 93 33 85 50 15 77 13 42 19 40 98 99 78 92 9 24 0 38 86 37 75 2 54 84 73 4
Coste: 23631827

GENERACION: 21
Mejor Solucion:  28 67 97 69 66 47 22 56 74 55 16 71 63 1 65 36 5 3 64 94 6 87 60 34 61 89 10 76 57 27 51 83 17 8 58 70 95 39 82 53 43 68 81 32 14 29 18 11 44 91 59 12 21 41 52 30 23 79 31 80 35 96 7 90 45 25 88 62 48 49 20 72 46 26 93 33 85 50 15 77 13 42 19 40 98 99 78 92 9 24 0 38 86 37 75 2 54 84 73 4
Coste: 23631827

GENERACION: 22
Mejor Solucion:  28 67 97 69 66 47 22 56 74 55 16 71 63 1 65 36 5 3 64 94 6 87 60 34 61 89 10 76 57 27 51 83 17 8 58 70 95 39 82 53 43 68 81 32 14 29 18 11 44 91 59 12 21 41 52 30 23 79 31 80 35 96 7 90 45 25 88 62 48 49 20 72 46 26 93 33 85 50 15 77 13 42 19 40 98 99 78 92 9 24 0 38 86 37 75 2 54 84 73 4
Coste: 23631827

GENERACION: 23
Mejor Solucion:  28 67 97 69 66 47 22 56 74 55 16 71 63 1 65 36 5 3 64 94 6 87 60 34 61 89 10 76 57 27 51 83 17 8 58 70 95 39 82 53 43 68 81 32 14 29 18 11 44 91 59 12 21 41 52 30 23 79 31 80 35 96 7 90 45 25 88 62 48 49 20 72 46 26 93 33 85 50 15 77 13 42 19 40 98 99 78 92 9 24 0 38 86 37 75 2 54 84 73 4
Coste: 23631827

GENERACION: 24
Mejor Solucion:  28 67 97 69 66 47 22 56 74 55 16 71 63 1 65 36 5 3 64 94 6 87 60 34 61 89 10 76 57 27 51 83 17 8 58 70 95 39 82 53 43 68 81 32 14 29 18 11 44 91 59 12 21 41 52 30 23 79 31 80 35 96 7 90 45 25 88 62 48 49 20 72 46 26 93 33 85 50 15 77 13 42 19 40 98 99 78 92 9 24 0 38 86 37 75 2 54 84 73 4
Coste: 23631827

GENERACION: 25
Mejor Solucion:  28 67 97 69 66 47 22 56 74 55 16 71 63 1 65 36 5 3 64 94 6 87 60 34 61 89 10 76 57 27 51 83 17 8 58 70 95 39 82 53 43 68 81 32 14 29 18 11 44 91 59 12 21 41 52 30 23 79 31 80 35 96 7 90 45 25 88 62 48 49 20 72 46 26 93 33 85 50 15 77 13 42 19 40 98 99 78 92 9 24 0 38 86 37 75 2 54 84 73 4
Coste: 23631827

GENERACION: 26
Mejor Solucion:  28 67 97 69 66 47 22 56 74 55 16 71 63 1 65 36 5 3 64 94 6 87 60 34 61 89 10 76 57 27 51 83 17 8 58 70 95 39 82 53 43 68 81 32 14 29 18 11 44 91 59 12 21 41 52 30 23 79 31 80 35 96 7 90 45 25 88 62 48 49 20 72 46 26 93 33 85 50 15 77 13 42 19 40 98 99 78 92 9 24 0 38 86 37 75 2 54 84 73 4
Coste: 23631827

GENERACION: 27
Mejor Solucion:  28 67 97 69 66 47 22 56 74 55 16 71 63 1 65 36 5 3 64 94 6 87 60 34 61 89 10 76 57 27 51 83 17 8 58 70 95 39 82 53 43 68 81 32 14 29 18 11 44 91 59 12 21 41 52 30 23 79 31 80 35 96 7 90 45 25 88 62 48 49 20 72 46 26 93 33 85 50 15 77 13 42 19 40 98 99 78 92 9 24 0 38 86 37 75 2 54 84 73 4
Coste: 23631827

GENERACION: 28
Mejor Solucion:  28 67 97 69 66 47 22 56 74 55 16 71 63 1 65 36 5 3 64 94 6 87 60 34 61 89 10 76 57 27 51 83 17 8 58 70 95 39 82 53 43 68 81 32 14 29 18 11 44 91 59 12 21 41 52 30 23 79 31 80 35 96 7 90 45 25 88 62 48 49 20 72 46 26 93 33 85 50 15 77 13 42 19 40 98 99 78 92 9 24 0 38 86 37 75 2 54 84 73 4
Coste: 23631827

GENERACION: 29
Mejor Solucion:  28 67 97 69 66 47 22 56 74 55 16 71 63 1 65 36 5 3 64 94 6 87 60 34 61 89 10 76 57 27 51 83 17 8 58 70 95 39 82 53 43 68 81 32 14 29 18 11 44 91 59 12 21 41 52 30 23 79 31 80 35 96 7 90 45 25 88 62 48 49 20 72 46 26 93 33 85 50 15 77 13 42 19 40 98 99 78 92 9 24 0 38 86 37 75 2 54 84 73 4
Coste: 23631827

GENERACION: 30
Mejor Solucion:  28 67 97 69 66 47 22 56 74 55 16 71 63 1 65 36 5 3 64 94 6 87 60 34 61 89 10 76 57 27 51 83 17 8 58 70 95 39 82 53 43 68 81 32 14 29 18 11 44 91 59 12 21 41 52 30 23 79 31 80 35 96 7 90 45 25 88 62 48 49 20 72 46 26 93 33 85 50 15 77 13 42 19 40 98 99 78 92 9 24 0 38 86 37 75 2 54 84 73 4
Coste: 23631827

GENERACION: 31
Mejor Solucion:  28 67 97 69 66 47 22 56 74 55 16 71 63 1 65 36 5 3 64 94 6 87 60 34 61 89 10 76 57 27 51 83 17 8 58 70 95 39 82 53 43 68 81 32 14 29 18 11 44 91 59 12 21 41 52 30 23 79 31 80 35 96 7 90 45 25 88 62 48 49 20 72 46 26 93 33 85 50 15 77 13 42 19 40 98 99 78 92 9 24 0 38 86 37 75 2 54 84 73 4
Coste: 23631827

GENERACION: 32
Mejor Solucion:  28 67 97 69 66 47 22 56 74 55 16 71 63 1 65 36 5 3 64 94 6 87 60 34 61 89 10 76 57 27 51 83 17 8 58 70 95 39 82 53 43 68 81 32 14 29 18 11 44 91 59 12 21 41 52 30 23 79 31 80 35 96 7 90 45 25 88 62 48 49 20 72 46 26 93 33 85 50 15 77 13 42 19 40 98 99 78 92 9 24 0 38 86 37 75 2 54 84 73 4
Coste: 23631827

GENERACION: 33
Mejor Solucion:  28 67 97 69 66 47 22 56 74 55 16 71 63 1 65 36 5 3 64 94 6 87 60 34 61 89 10 76 57 27 51 83 17 8 58 70 95 39 82 53 43 68 81 32 14 29 18 11 44 91 59 12 21 41 52 30 23 79 31 80 35 96 7 90 45 25 88 62 48 49 20 72 46 26 93 33 85 50 15 77 13 42 19 40 98 99 78 92 9 24 0 38 86 37 75 2 54 84 73 4
Coste: 23631827

GENERACION: 34
Mejor Solucion:  28 67 97 69 66 47 22 56 74 55 16 71 63 1 65 36 5 3 64 94 6 87 60 34 61 89 10 76 57 27 51 83 17 8 58 70 95 39 82 53 43 68 81 32 14 29 18 11 44 91 59 12 21 41 52 30 23 79 31 80 35 96 7 90 45 25 88 62 48 49 20 72 46 26 93 33 85 50 15 77 13 42 19 40 98 99 78 92 9 24 0 38 86 37 75 2 54 84 73 4
Coste: 23631827

GENERACION: 35
Mejor Solucion:  28 67 97 69 66 47 22 56 74 55 16 71 63 1 65 36 5 3 64 94 6 87 60 34 61 89 10 76 57 27 51 83 17 8 58 70 95 39 82 53 43 68 81 32 14 29 18 11 44 91 59 12 21 41 52 30 23 79 31 80 35 96 7 90 45 25 88 62 48 49 20 72 46 26 93 33 85 50 15 77 13 42 19 40 98 99 78 92 9 24 0 38 86 37 75 2 54 84 73 4
Coste: 23631827

GENERACION: 36
Mejor Solucion:  28 67 97 69 66 47 22 56 74 55 16 71 63 1 65 36 5 3 64 94 6 87 60 34 61 89 10 76 57 27 51 83 17 8 58 70 95 39 82 53 43 68 81 32 14 29 18 11 44 91 59 12 21 41 52 30 23 79 31 80 35 96 7 90 45 25 88 62 48 49 20 72 46 26 93 33 85 50 15 77 13 42 19 40 98 99 78 92 9 24 0 38 86 37 75 2 54 84 73 4
Coste: 23631827

GENERACION: 37
Mejor Solucion:  28 67 97 69 66 47 22 56 74 55 16 71 63 1 65 36 5 3 64 94 6 87 60 34 61 89 10 76 57 27 51 83 17 8 58 70 95 39 82 53 43 68 81 32 14 29 18 11 44 91 59 12 21 41 52 30 23 79 31 80 35 96 7 90 45 25 88 62 48 49 20 72 46 26 93 33 85 50 15 77 13 42 19 40 98 99 78 92 9 24 0 38 86 37 75 2 54 84 73 4
Coste: 23631827

GENERACION: 38
Mejor Solucion:  28 67 97 69 66 47 22 56 74 55 16 71 63 1 65 36 5 3 64 94 6 87 60 34 61 89 10 76 57 27 51 83 17 8 58 70 95 39 82 53 43 68 81 32 14 29 18 11 44 91 59 12 21 41 52 30 23 79 31 80 35 96 7 90 45 25 88 62 48 49 20 72 46 26 93 33 85 50 15 77 13 42 19 40 98 99 78 92 9 24 0 38 86 37 75 2 54 84 73 4
Coste: 23631827

GENERACION: 39
Mejor Solucion:  28 67 97 69 66 47 22 56 74 55 16 71 63 1 65 36 5 3 64 94 6 87 60 34 61 89 10 76 57 27 51 83 17 8 58 70 95 39 82 53 43 68 81 32 14 29 18 11 44 91 59 12 21 41 52 30 23 79 31 80 35 96 7 90 45 25 88 62 48 49 20 72 46 26 93 33 85 50 15 77 13 42 19 40 98 99 78 92 9 24 0 38 86 37 75 2 54 84 73 4
Coste: 23631827

GENERACION: 40
Mejor Solucion:  28 67 97 69 66 47 22 56 74 55 16 71 63 1 65 36 5 3 64 94 6 87 60 34 61 89 10 76 57 27 51 83 17 8 58 70 95 39 82 53 43 68 81 32 14 29 18 11 44 91 59 12 21 41 52 30 23 79 31 80 35 96 7 90 45 25 88 62 48 49 20 72 46 26 93 33 85 50 15 77 13 42 19 40 98 99 78 92 9 24 0 38 86 37 75 2 54 84 73 4
Coste: 23631827

GENERACION: 41
Mejor Solucion:  28 67 97 69 66 47 22 56 74 55 16 71 63 1 65 36 5 3 64 94 6 87 60 34 61 89 10 76 57 27 51 83 17 8 58 70 95 39 82 53 43 68 81 32 14 29 18 11 44 91 59 12 21 41 52 30 23 79 31 80 35 96 7 90 45 25 88 62 48 49 20 72 46 26 93 33 85 50 15 77 13 42 19 40 98 99 78 92 9 24 0 38 86 37 75 2 54 84 73 4
Coste: 23631827

GENERACION: 42
Mejor Solucion:  28 67 97 69 66 47 22 56 74 55 16 71 63 1 65 36 5 3 64 94 6 87 60 34 61 89 10 76 57 27 51 83 17 8 58 70 95 39 82 53 43 68 81 32 14 29 18 11 44 91 59 12 21 41 52 30 23 79 31 80 35 96 7 90 45 25 88 62 48 49 20 72 46 26 93 33 85 50 15 77 13 42 19 40 98 99 78 92 9 24 0 38 86 37 75 2 54 84 73 4
Coste: 23631827

GENERACION: 43
Mejor Solucion:  28 67 97 69 66 47 22 56 74 55 16 71 63 1 65 36 5 3 64 94 6 87 60 34 61 89 10 76 57 27 51 83 17 8 58 70 95 39 82 53 43 68 81 32 14 29 18 11 44 91 59 12 21 41 52 30 23 79 31 80 35 96 7 90 45 25 88 62 48 49 20 72 46 26 93 33 85 50 15 77 13 42 19 40 98 99 78 92 9 24 0 38 86 37 75 2 54 84 73 4
Coste: 23631827

GENERACION: 44
Mejor Solucion:  28 67 97 69 66 47 22 56 74 55 16 71 63 1 65 36 5 3 64 94 6 87 60 34 61 89 10 76 57 27 51 83 17 8 58 70 95 39 82 53 43 68 81 32 14 29 18 11 44 91 59 12 21 41 52 30 23 79 31 80 35 96 7 90 45 25 88 62 48 49 20 72 46 26 93 33 85 50 15 77 13 42 19 40 98 99 78 92 9 24 0 38 86 37 75 2 54 84 73 4
Coste: 23631827

GENERACION: 45
Mejor Solucion:  28 67 97 69 66 47 22 56 74 55 16 71 63 1 65 36 5 3 64 94 6 87 60 34 61 89 10 76 57 27 51 83 17 8 58 70 95 39 82 53 43 68 81 32 14 29 18 11 44 91 59 12 21 41 52 30 23 79 31 80 35 96 7 90 45 25 88 62 48 49 20 72 46 26 93 33 85 50 15 77 13 42 19 40 98 99 78 92 9 24 0 38 86 37 75 2 54 84 73 4
Coste: 23631827

GENERACION: 46
Mejor Solucion:  28 67 97 69 66 47 22 56 74 55 16 71 63 1 65 36 5 3 64 94 6 87 60 34 61 89 10 76 57 27 51 83 17 8 58 70 95 39 82 53 43 68 81 32 14 29 18 11 44 91 59 12 21 41 52 30 23 79 31 80 35 96 7 90 45 25 88 62 48 49 20 72 46 26 93 33 85 50 15 77 13 42 19 40 98 99 78 92 9 24 0 38 86 37 75 2 54 84 73 4
Coste: 23631827

GENERACION: 47
Mejor Solucion:  28 67 97 69 66 47 22 56 74 55 16 71 63 1 65 36 5 3 64 94 6 87 60 34 61 89 10 76 57 27 51 83 17 8 58 70 95 39 82 53 43 68 81 32 14 29 18 11 44 91 59 12 21 41 52 30 23 79 31 80 35 96 7 90 45 25 88 62 48 49 20 72 46 26 93 33 85 50 15 77 13 42 19 40 98 99 78 92 9 24 0 38 86 37 75 2 54 84 73 4
Coste: 23631827

GENERACION: 48
Mejor Solucion:  28 67 97 69 66 47 22 56 74 55 16 71 63 1 65 36 5 3 64 94 6 87 60 34 61 89 10 76 57 27 51 83 17 8 58 70 95 39 82 53 43 68 81 32 14 29 18 11 44 91 59 12 21 41 52 30 23 79 31 80 35 96 7 90 45 25 88 62 48 49 20 72 46 26 93 33 85 50 15 77 13 42 19 40 98 99 78 92 9 24 0 38 86 37 75 2 54 84 73 4
Coste: 23631827

GENERACION: 49
Mejor Solucion:  28 67 97 69 66 47 22 56 74 55 16 71 63 1 65 36 5 3 64 94 6 87 60 34 61 89 10 76 57 27 51 83 17 8 58 70 95 39 82 53 43 68 81 32 14 29 18 11 44 91 59 12 21 41 52 30 23 79 31 80 35 96 7 90 45 25 88 62 48 49 20 72 46 26 93 33 85 50 15 77 13 42 19 40 98 99 78 92 9 24 0 38 86 37 75 2 54 84 73 4
Coste: 23631827

GENERACION: 50
Mejor Solucion:  28 67 97 69 66 47 22 56 74 55 16 71 63 1 65 36 5 3 64 94 6 87 60 34 61 89 10 76 57 27 51 83 17 8 58 70 95 39 82 53 43 68 81 32 14 29 18 11 44 91 59 12 21 41 52 30 23 79 31 80 35 96 7 90 45 25 88 62 48 49 20 72 46 26 93 33 85 50 15 77 13 42 19 40 98 99 78 92 9 24 0 38 86 37 75 2 54 84 73 4
Coste: 23631827

GENERACION: 51
Mejor Solucion:  28 67 97 69 66 47 22 56 74 55 16 71 63 1 65 36 5 3 64 94 6 87 60 34 61 89 10 76 57 27 51 83 17 8 58 70 95 39 82 53 43 68 81 32 14 29 18 11 44 91 59 12 21 41 52 30 23 79 31 80 35 96 7 90 45 25 88 62 48 49 20 72 46 26 93 33 85 50 15 77 13 42 19 40 98 99 78 92 9 24 0 38 86 37 75 2 54 84 73 4
Coste: 23631827

GENERACION: 52
Mejor Solucion:  28 67 97 69 66 47 22 56 74 55 16 71 63 1 65 36 5 3 64 94 6 87 60 34 61 89 10 76 57 27 51 83 17 8 58 70 95 39 82 53 43 68 81 32 14 29 18 11 44 91 59 12 21 41 52 30 23 79 31 80 35 96 7 90 45 25 88 62 48 49 20 72 46 26 93 33 85 50 15 77 13 42 19 40 98 99 78 92 9 24 0 38 86 37 75 2 54 84 73 4
Coste: 23631827

GENERACION: 53
Mejor Solucion:  28 67 97 69 66 47 22 56 74 55 16 71 63 1 65 36 5 3 64 94 6 87 60 34 61 89 10 76 57 27 51 83 17 8 58 70 95 39 82 53 43 68 81 32 14 29 18 11 44 91 59 12 21 41 52 30 23 79 31 80 35 96 7 90 45 25 88 62 48 49 20 72 46 26 93 33 85 50 15 77 13 42 19 40 98 99 78 92 9 24 0 38 86 37 75 2 54 84 73 4
Coste: 23631827

GENERACION: 54
Mejor Solucion:  28 67 97 69 66 47 22 56 74 55 16 71 63 1 65 36 5 3 64 94 6 87 60 34 61 89 10 76 57 27 51 83 17 8 58 70 95 39 82 53 43 68 81 32 14 29 18 11 44 91 59 12 21 41 52 30 23 79 31 80 35 96 7 90 45 25 88 62 48 49 20 72 46 26 93 33 85 50 15 77 13 42 19 40 98 99 78 92 9 24 0 38 86 37 75 2 54 84 73 4
Coste: 23631827

GENERACION: 55
Mejor Solucion:  28 67 97 69 66 47 22 56 74 55 16 71 63 1 65 36 5 3 64 94 6 87 60 34 61 89 10 76 57 27 51 83 17 8 58 70 95 39 82 53 43 68 81 32 14 29 18 11 44 91 59 12 21 41 52 30 23 79 31 80 35 96 7 90 45 25 88 62 48 49 20 72 46 26 93 33 85 50 15 77 13 42 19 40 98 99 78 92 9 24 0 38 86 37 75 2 54 84 73 4
Coste: 23631827

GENERACION: 56
Mejor Solucion:  28 67 97 69 66 47 22 56 74 55 16 71 63 1 65 36 5 3 64 94 6 87 60 34 61 89 10 76 57 27 51 83 17 8 58 70 95 39 82 53 43 68 81 32 14 29 18 11 44 91 59 12 21 41 52 30 23 79 31 80 35 96 7 90 45 25 88 62 48 49 20 72 46 26 93 33 85 50 15 77 13 42 19 40 98 99 78 92 9 24 0 38 86 37 75 2 54 84 73 4
Coste: 23631827

GENERACION: 57
Mejor Solucion:  28 67 97 69 66 47 22 56 74 55 16 71 63 1 65 36 5 3 64 94 6 87 60 34 61 89 10 76 57 27 51 83 17 8 58 70 95 39 82 53 43 68 81 32 14 29 18 11 44 91 59 12 21 41 52 30 23 79 31 80 35 96 7 90 45 25 88 62 48 49 20 72 46 26 93 33 85 50 15 77 13 42 19 40 98 99 78 92 9 24 0 38 86 37 75 2 54 84 73 4
Coste: 23631827

GENERACION: 58
Mejor Solucion:  28 67 97 69 66 47 22 56 74 55 16 71 63 1 65 36 5 3 64 94 6 87 60 34 61 89 10 76 57 27 51 83 17 8 58 70 95 39 82 53 43 68 81 32 14 29 18 11 44 91 59 12 21 41 52 30 23 79 31 80 35 96 7 90 45 25 88 62 48 49 20 72 46 26 93 33 85 50 15 77 13 42 19 40 98 99 78 92 9 24 0 38 86 37 75 2 54 84 73 4
Coste: 23631827

GENERACION: 59
Mejor Solucion:  28 67 97 69 66 47 22 56 74 55 16 71 63 1 65 36 5 3 64 94 6 87 60 34 61 89 10 76 57 27 51 83 17 8 58 70 95 39 82 53 43 68 81 32 14 29 18 11 44 91 59 12 21 41 52 30 23 79 31 80 35 96 7 90 45 25 88 62 48 49 20 72 46 26 93 33 85 50 15 77 13 42 19 40 98 99 78 92 9 24 0 38 86 37 75 2 54 84 73 4
Coste: 23631827

GENERACION: 60
Mejor Solucion:  28 67 97 69 66 47 22 56 74 55 16 71 63 1 65 36 5 3 64 94 6 87 60 34 61 89 10 76 57 27 51 83 17 8 58 70 95 39 82 53 43 68 81 32 14 29 18 11 44 91 59 12 21 41 52 30 23 79 31 80 35 96 7 90 45 25 88 62 48 49 20 72 46 26 93 33 85 50 15 77 13 42 19 40 98 99 78 92 9 24 0 38 86 37 75 2 54 84 73 4
Coste: 23631827

GENERACION: 61
Mejor Solucion:  28 67 97 69 66 47 22 56 74 55 16 71 63 1 65 36 5 3 64 94 6 87 60 34 61 89 10 76 57 27 51 83 17 8 58 70 95 39 82 53 43 68 81 32 14 29 18 11 44 91 59 12 21 41 52 30 23 79 31 80 35 96 7 90 45 25 88 62 48 49 20 72 46 26 93 33 85 50 15 77 13 42 19 40 98 99 78 92 9 24 0 38 86 37 75 2 54 84 73 4
Coste: 23631827

GENERACION: 62
Mejor Solucion:  28 67 97 69 66 47 22 56 74 55 16 71 63 1 65 36 5 3 64 94 6 87 60 34 61 89 10 76 57 27 51 83 17 8 58 70 95 39 82 53 43 68 81 32 14 29 18 11 44 91 59 12 21 41 52 30 23 79 31 80 35 96 7 90 45 25 88 62 48 49 20 72 46 26 93 33 85 50 15 77 13 42 19 40 98 99 78 92 9 24 0 38 86 37 75 2 54 84 73 4
Coste: 23631827

GENERACION: 63
Mejor Solucion:  28 67 97 69 66 47 22 56 74 55 16 71 63 1 65 36 5 3 64 94 6 87 60 34 61 89 10 76 57 27 51 83 17 8 58 70 95 39 82 53 43 68 81 32 14 29 18 11 44 91 59 12 21 41 52 30 23 79 31 80 35 96 7 90 45 25 88 62 48 49 20 72 46 26 93 33 85 50 15 77 13 42 19 40 98 99 78 92 9 24 0 38 86 37 75 2 54 84 73 4
Coste: 23631827

GENERACION: 64
Mejor Solucion:  28 67 97 69 66 47 22 56 74 55 16 71 63 1 65 36 5 3 64 94 6 87 60 34 61 89 10 76 57 27 51 83 17 8 58 70 95 39 82 53 43 68 81 32 14 29 18 11 44 91 59 12 21 41 52 30 23 79 31 80 35 96 7 90 45 25 88 62 48 49 20 72 46 26 93 33 85 50 15 77 13 42 19 40 98 99 78 92 9 24 0 38 86 37 75 2 54 84 73 4
Coste: 23631827

GENERACION: 65
Mejor Solucion:  28 67 97 69 66 47 22 56 74 55 16 71 63 1 65 36 5 3 64 94 6 87 60 34 61 89 10 76 57 27 51 83 17 8 58 70 95 39 82 53 43 68 81 32 14 29 18 11 44 91 59 12 21 41 52 30 23 79 31 80 35 96 7 90 45 25 88 62 48 49 20 72 46 26 93 33 85 50 15 77 13 42 19 40 98 99 78 92 9 24 0 38 86 37 75 2 54 84 73 4
Coste: 23631827

GENERACION: 66
Mejor Solucion:  28 67 97 69 66 47 22 56 74 55 16 71 63 1 65 36 5 3 64 94 6 87 60 34 61 89 10 76 57 27 51 83 17 8 58 70 95 39 82 53 43 68 81 32 14 29 18 11 44 91 59 12 21 41 52 30 23 79 31 80 35 96 7 90 45 25 88 62 48 49 20 72 46 26 93 33 85 50 15 77 13 42 19 40 98 99 78 92 9 24 0 38 86 37 75 2 54 84 73 4
Coste: 23631827

GENERACION: 67
Mejor Solucion:  28 67 97 69 66 47 22 56 74 55 16 71 63 1 65 36 5 3 64 94 6 87 60 34 61 89 10 76 57 27 51 83 17 8 58 70 95 39 82 53 43 68 81 32 14 29 18 11 44 91 59 12 21 41 52 30 23 79 31 80 35 96 7 90 45 25 88 62 48 49 20 72 46 26 93 33 85 50 15 77 13 42 19 40 98 99 78 92 9 24 0 38 86 37 75 2 54 84 73 4
Coste: 23631827

GENERACION: 68
Mejor Solucion:  28 67 97 69 66 47 22 56 74 55 16 71 63 1 65 36 5 3 64 94 6 87 60 34 61 89 10 76 57 27 51 83 17 8 58 70 95 39 82 53 43 68 81 32 14 29 18 11 44 91 59 12 21 41 52 30 23 79 31 80 35 96 7 90 45 25 88 62 48 49 20 72 46 26 93 33 85 50 15 77 13 42 19 40 98 99 78 92 9 24 0 38 86 37 75 2 54 84 73 4
Coste: 23631827

GENERACION: 69
Mejor Solucion:  28 67 97 69 66 47 22 56 74 55 16 71 63 1 65 36 5 3 64 94 6 87 60 34 61 89 10 76 57 27 51 83 17 8 58 70 95 39 82 53 43 68 81 32 14 29 18 11 44 91 59 12 21 41 52 30 23 79 31 80 35 96 7 90 45 25 88 62 48 49 20 72 46 26 93 33 85 50 15 77 13 42 19 40 98 99 78 92 9 24 0 38 86 37 75 2 54 84 73 4
Coste: 23631827

GENERACION: 70
Mejor Solucion:  28 67 97 69 66 47 22 56 74 55 16 71 63 1 65 36 5 3 64 94 6 87 60 34 61 89 10 76 57 27 51 83 17 8 58 70 95 39 82 53 43 68 81 32 14 29 18 11 44 91 59 12 21 41 52 30 23 79 31 80 35 96 7 90 45 25 88 62 48 49 20 72 46 26 93 33 85 50 15 77 13 42 19 40 98 99 78 92 9 24 0 38 86 37 75 2 54 84 73 4
Coste: 23631827

GENERACION: 71
Mejor Solucion:  28 67 97 69 66 47 22 56 74 55 16 71 63 1 65 36 5 3 64 94 6 87 60 34 61 89 10 76 57 27 51 83 17 8 58 70 95 39 82 53 43 68 81 32 14 29 18 11 44 91 59 12 21 41 52 30 23 79 31 80 35 96 7 90 45 25 88 62 48 49 20 72 46 26 93 33 85 50 15 77 13 42 19 40 98 99 78 92 9 24 0 38 86 37 75 2 54 84 73 4
Coste: 23631827

GENERACION: 72
Mejor Solucion:  28 67 97 69 66 47 22 56 74 55 16 71 63 1 65 36 5 3 64 94 6 87 60 34 61 89 10 76 57 27 51 83 17 8 58 70 95 39 82 53 43 68 81 32 14 29 18 11 44 91 59 12 21 41 52 30 23 79 31 80 35 96 7 90 45 25 88 62 48 49 20 72 46 26 93 33 85 50 15 77 13 42 19 40 98 99 78 92 9 24 0 38 86 37 75 2 54 84 73 4
Coste: 23631827

GENERACION: 73
Mejor Solucion:  28 67 97 69 66 47 22 56 74 55 16 71 63 1 65 36 5 3 64 94 6 87 60 34 61 89 10 76 57 27 51 83 17 8 58 70 95 39 82 53 43 68 81 32 14 29 18 11 44 91 59 12 21 41 52 30 23 79 31 80 35 96 7 90 45 25 88 62 48 49 20 72 46 26 93 33 85 50 15 77 13 42 19 40 98 99 78 92 9 24 0 38 86 37 75 2 54 84 73 4
Coste: 23631827

GENERACION: 74
Mejor Solucion:  28 67 97 69 66 47 22 56 74 55 16 71 63 1 65 36 5 3 64 94 6 87 60 34 61 89 10 76 57 27 51 83 17 8 58 70 95 39 82 53 43 68 81 32 14 29 18 11 44 91 59 12 21 41 52 30 23 79 31 80 35 96 7 90 45 25 88 62 48 49 20 72 46 26 93 33 85 50 15 77 13 42 19 40 98 99 78 92 9 24 0 38 86 37 75 2 54 84 73 4
Coste: 23631827

GENERACION: 75
Mejor Solucion:  28 67 97 69 66 47 22 56 74 55 16 71 63 1 65 36 5 3 64 94 6 87 60 34 61 89 10 76 57 27 51 83 17 8 58 70 95 39 82 53 43 68 81 32 14 29 18 11 44 91 59 12 21 41 52 30 23 79 31 80 35 96 7 90 45 25 88 62 48 49 20 72 46 26 93 33 85 50 15 77 13 42 19 40 98 99 78 92 9 24 0 38 86 37 75 2 54 84 73 4
Coste: 23631827

GENERACION: 76
Mejor Solucion:  28 67 97 69 66 47 22 56 74 55 16 71 63 1 65 36 5 3 64 94 6 87 60 34 61 89 10 76 57 27 51 83 17 8 58 70 95 39 82 53 43 68 81 32 14 29 18 11 44 91 59 12 21 41 52 30 23 79 31 80 35 96 7 90 45 25 88 62 48 49 20 72 46 26 93 33 85 50 15 77 13 42 19 40 98 99 78 92 9 24 0 38 86 37 75 2 54 84 73 4
Coste: 23631827

GENERACION: 77
Mejor Solucion:  28 67 97 69 66 47 22 56 74 55 16 71 63 1 65 36 5 3 64 94 6 87 60 34 61 89 10 76 57 27 51 83 17 8 58 70 95 39 82 53 43 68 81 32 14 29 18 11 44 91 59 12 21 41 52 30 23 79 31 80 35 96 7 90 45 25 88 62 48 49 20 72 46 26 93 33 85 50 15 77 13 42 19 40 98 99 78 92 9 24 0 38 86 37 75 2 54 84 73 4
Coste: 23631827

GENERACION: 78
Mejor Solucion:  28 67 97 69 66 47 22 56 74 55 16 71 63 1 65 36 5 3 64 94 6 87 60 34 61 89 10 76 57 27 51 83 17 8 58 70 95 39 82 53 43 68 81 32 14 29 18 11 44 91 59 12 21 41 52 30 23 79 31 80 35 96 7 90 45 25 88 62 48 49 20 72 46 26 93 33 85 50 15 77 13 42 19 40 98 99 78 92 9 24 0 38 86 37 75 2 54 84 73 4
Coste: 23631827

GENERACION: 79
Mejor Solucion:  28 67 97 69 66 47 22 56 74 55 16 71 63 1 65 36 5 3 64 94 6 87 60 34 61 89 10 76 57 27 51 83 17 8 58 70 95 39 82 53 43 68 81 32 14 29 18 11 44 91 59 12 21 41 52 30 23 79 31 80 35 96 7 90 45 25 88 62 48 49 20 72 46 26 93 33 85 50 15 77 13 42 19 40 98 99 78 92 9 24 0 38 86 37 75 2 54 84 73 4
Coste: 23631827

GENERACION: 80
Mejor Solucion:  28 67 97 69 66 47 22 56 74 55 16 71 63 1 65 36 5 3 64 94 6 87 60 34 61 89 10 76 57 27 51 83 17 8 58 70 95 39 82 53 43 68 81 32 14 29 18 11 44 91 59 12 21 41 52 30 23 79 31 80 35 96 7 90 45 25 88 62 48 49 20 72 46 26 93 33 85 50 15 77 13 42 19 40 98 99 78 92 9 24 0 38 86 37 75 2 54 84 73 4
Coste: 23631827

GENERACION: 81
Mejor Solucion:  28 67 97 69 66 47 22 56 74 55 16 71 63 1 65 36 5 3 64 94 6 87 60 34 61 89 10 76 57 27 51 83 17 8 58 70 95 39 82 53 43 68 81 32 14 29 18 11 44 91 59 12 21 41 52 30 23 79 31 80 35 96 7 90 45 25 88 62 48 49 20 72 46 26 93 33 85 50 15 77 13 42 19 40 98 99 78 92 9 24 0 38 86 37 75 2 54 84 73 4
Coste: 23631827

GENERACION: 82
Mejor Solucion:  28 67 97 69 66 47 22 56 74 55 16 71 63 1 65 36 5 3 64 94 6 87 60 34 61 89 10 76 57 27 51 83 17 8 58 70 95 39 82 53 43 68 81 32 14 29 18 11 44 91 59 12 21 41 52 30 23 79 31 80 35 96 7 90 45 25 88 62 48 49 20 72 46 26 93 33 85 50 15 77 13 42 19 40 98 99 78 92 9 24 0 38 86 37 75 2 54 84 73 4
Coste: 23631827

GENERACION: 83
Mejor Solucion:  28 67 97 69 66 47 22 56 74 55 16 71 63 1 65 36 5 3 64 94 6 87 60 34 61 89 10 76 57 27 51 83 17 8 58 70 95 39 82 53 43 68 81 32 14 29 18 11 44 91 59 12 21 41 52 30 23 79 31 80 35 96 7 90 45 25 88 62 48 49 20 72 46 26 93 33 85 50 15 77 13 42 19 40 98 99 78 92 9 24 0 38 86 37 75 2 54 84 73 4
Coste: 23631827

GENERACION: 84
Mejor Solucion:  28 67 97 69 66 47 22 56 74 55 16 71 63 1 65 36 5 3 64 94 6 87 60 34 61 89 10 76 57 27 51 83 17 8 58 70 95 39 82 53 43 68 81 32 14 29 18 11 44 91 59 12 21 41 52 30 23 79 31 80 35 96 7 90 45 25 88 62 48 49 20 72 46 26 93 33 85 50 15 77 13 42 19 40 98 99 78 92 9 24 0 38 86 37 75 2 54 84 73 4
Coste: 23631827

GENERACION: 85
Mejor Solucion:  28 67 97 69 66 47 22 56 74 55 16 71 63 1 65 36 5 3 64 94 6 87 60 34 61 89 10 76 57 27 51 83 17 8 58 70 95 39 82 53 43 68 81 32 14 29 18 11 44 91 59 12 21 41 52 30 23 79 31 80 35 96 7 90 45 25 88 62 48 49 20 72 46 26 93 33 85 50 15 77 13 42 19 40 98 99 78 92 9 24 0 38 86 37 75 2 54 84 73 4
Coste: 23631827

GENERACION: 86
Mejor Solucion:  28 67 97 69 66 47 22 56 74 55 16 71 63 1 65 36 5 3 64 94 6 87 60 34 61 89 10 76 57 27 51 83 17 8 58 70 95 39 82 53 43 68 81 32 14 29 18 11 44 91 59 12 21 41 52 30 23 79 31 80 35 96 7 90 45 25 88 62 48 49 20 72 46 26 93 33 85 50 15 77 13 42 19 40 98 99 78 92 9 24 0 38 86 37 75 2 54 84 73 4
Coste: 23631827

GENERACION: 87
Mejor Solucion:  28 67 97 69 66 47 22 56 74 55 16 71 63 1 65 36 5 3 64 94 6 87 60 34 61 89 10 76 57 27 51 83 17 8 58 70 95 39 82 53 43 68 81 32 14 29 18 11 44 91 59 12 21 41 52 30 23 79 31 80 35 96 7 90 45 25 88 62 48 49 20 72 46 26 93 33 85 50 15 77 13 42 19 40 98 99 78 92 9 24 0 38 86 37 75 2 54 84 73 4
Coste: 23631827

GENERACION: 88
Mejor Solucion:  28 67 97 69 66 47 22 56 74 55 16 71 63 1 65 36 5 3 64 94 6 87 60 34 61 89 10 76 57 27 51 83 17 8 58 70 95 39 82 53 43 68 81 32 14 29 18 11 44 91 59 12 21 41 52 30 23 79 31 80 35 96 7 90 45 25 88 62 48 49 20 72 46 26 93 33 85 50 15 77 13 42 19 40 98 99 78 92 9 24 0 38 86 37 75 2 54 84 73 4
Coste: 23631827

GENERACION: 89
Mejor Solucion:  28 67 97 69 66 47 22 56 74 55 16 71 63 1 65 36 5 3 64 94 6 87 60 34 61 89 10 76 57 27 51 83 17 8 58 70 95 39 82 53 43 68 81 32 14 29 18 11 44 91 59 12 21 41 52 30 23 79 31 80 35 96 7 90 45 25 88 62 48 49 20 72 46 26 93 33 85 50 15 77 13 42 19 40 98 99 78 92 9 24 0 38 86 37 75 2 54 84 73 4
Coste: 23631827

GENERACION: 90
Mejor Solucion:  28 67 97 69 66 47 22 56 74 55 16 71 63 1 65 36 5 3 64 94 6 87 60 34 61 89 10 76 57 27 51 83 17 8 58 70 95 39 82 53 43 68 81 32 14 29 18 11 44 91 59 12 21 41 52 30 23 79 31 80 35 96 7 90 45 25 88 62 48 49 20 72 46 26 93 33 85 50 15 77 13 42 19 40 98 99 78 92 9 24 0 38 86 37 75 2 54 84 73 4
Coste: 23631827

GENERACION: 91
Mejor Solucion:  28 67 97 69 66 47 22 56 74 55 16 71 63 1 65 36 5 3 64 94 6 87 60 34 61 89 10 76 57 27 51 83 17 8 58 70 95 39 82 53 43 68 81 32 14 29 18 11 44 91 59 12 21 41 52 30 23 79 31 80 35 96 7 90 45 25 88 62 48 49 20 72 46 26 93 33 85 50 15 77 13 42 19 40 98 99 78 92 9 24 0 38 86 37 75 2 54 84 73 4
Coste: 23631827

GENERACION: 92
Mejor Solucion:  28 67 97 69 66 47 22 56 74 55 16 71 63 1 65 36 5 3 64 94 6 87 60 34 61 89 10 76 57 27 51 83 17 8 58 70 95 39 82 53 43 68 81 32 14 29 18 11 44 91 59 12 21 41 52 30 23 79 31 80 35 96 7 90 45 25 88 62 48 49 20 72 46 26 93 33 85 50 15 77 13 42 19 40 98 99 78 92 9 24 0 38 86 37 75 2 54 84 73 4
Coste: 23631827

GENERACION: 93
Mejor Solucion:  28 67 97 69 66 47 22 56 74 55 16 71 63 1 65 36 5 3 64 94 6 87 60 34 61 89 10 76 57 27 51 83 17 8 58 70 95 39 82 53 43 68 81 32 14 29 18 11 44 91 59 12 21 41 52 30 23 79 31 80 35 96 7 90 45 25 88 62 48 49 20 72 46 26 93 33 85 50 15 77 13 42 19 40 98 99 78 92 9 24 0 38 86 37 75 2 54 84 73 4
Coste: 23631827

GENERACION: 94
Mejor Solucion:  28 67 97 69 66 47 22 56 74 55 16 71 63 1 65 36 5 3 64 94 6 87 60 34 61 89 10 76 57 27 51 83 17 8 58 70 95 39 82 53 43 68 81 32 14 29 18 11 44 91 59 12 21 41 52 30 23 79 31 80 35 96 7 90 45 25 88 62 48 49 20 72 46 26 93 33 85 50 15 77 13 42 19 40 98 99 78 92 9 24 0 38 86 37 75 2 54 84 73 4
Coste: 23631827

GENERACION: 95
Mejor Solucion:  28 67 97 69 66 47 22 56 74 55 16 71 63 1 65 36 5 3 64 94 6 87 60 34 61 89 10 76 57 27 51 83 17 8 58 70 95 39 82 53 43 68 81 32 14 29 18 11 44 91 59 12 21 41 52 30 23 79 31 80 35 96 7 90 45 25 88 62 48 49 20 72 46 26 93 33 85 50 15 77 13 42 19 40 98 99 78 92 9 24 0 38 86 37 75 2 54 84 73 4
Coste: 23631827

GENERACION: 96
Mejor Solucion:  28 67 97 69 66 47 22 56 74 55 16 71 63 1 65 36 5 3 64 94 6 87 60 34 61 89 10 76 57 27 51 83 17 8 58 70 95 39 82 53 43 68 81 32 14 29 18 11 44 91 59 12 21 41 52 30 23 79 31 80 35 96 7 90 45 25 88 62 48 49 20 72 46 26 93 33 85 50 15 77 13 42 19 40 98 99 78 92 9 24 0 38 86 37 75 2 54 84 73 4
Coste: 23631827

GENERACION: 97
Mejor Solucion:  28 67 97 69 66 47 22 56 74 55 16 71 63 1 65 36 5 3 64 94 6 87 60 34 61 89 10 76 57 27 51 83 17 8 58 70 95 39 82 53 43 68 81 32 14 29 18 11 44 91 59 12 21 41 52 30 23 79 31 80 35 96 7 90 45 25 88 62 48 49 20 72 46 26 93 33 85 50 15 77 13 42 19 40 98 99 78 92 9 24 0 38 86 37 75 2 54 84 73 4
Coste: 23631827

GENERACION: 98
Mejor Solucion:  28 67 97 69 66 47 22 56 74 55 16 71 63 1 65 36 5 3 64 94 6 87 60 34 61 89 10 76 57 27 51 83 17 8 58 70 95 39 82 53 43 68 81 32 14 29 18 11 44 91 59 12 21 41 52 30 23 79 31 80 35 96 7 90 45 25 88 62 48 49 20 72 46 26 93 33 85 50 15 77 13 42 19 40 98 99 78 92 9 24 0 38 86 37 75 2 54 84 73 4
Coste: 23631827

GENERACION: 99
Mejor Solucion:  28 67 97 69 66 47 22 56 74 55 16 71 63 1 65 36 5 3 64 94 6 87 60 34 61 89 10 76 57 27 51 83 17 8 58 70 95 39 82 53 43 68 81 32 14 29 18 11 44 91 59 12 21 41 52 30 23 79 31 80 35 96 7 90 45 25 88 62 48 49 20 72 46 26 93 33 85 50 15 77 13 42 19 40 98 99 78 92 9 24 0 38 86 37 75 2 54 84 73 4
Coste: 23631827

GENERACION: 100
Mejor Solucion:  28 67 97 69 66 47 22 56 74 55 16 71 63 1 65 36 5 3 64 94 6 87 60 34 61 89 10 76 57 27 51 83 17 8 58 70 95 39 82 53 43 68 81 32 14 29 18 11 44 91 59 12 21 41 52 30 23 79 31 80 35 96 7 90 45 25 88 62 48 49 20 72 46 26 93 33 85 50 15 77 13 42 19 40 98 99 78 92 9 24 0 38 86 37 75 2 54 84 73 4
Coste: 23631827

GENERACION: 101
Mejor Solucion:  28 67 97 69 66 47 22 56 74 55 16 71 63 1 65 36 5 3 64 94 6 87 60 34 61 89 10 76 57 27 51 83 17 8 58 70 95 39 82 53 43 68 81 32 14 29 18 11 44 91 59 12 21 41 52 30 23 79 31 80 35 96 7 90 45 25 88 62 48 49 20 72 46 26 93 33 85 50 15 77 13 42 19 40 98 99 78 92 9 24 0 38 86 37 75 2 54 84 73 4
Coste: 23631827

GENERACION: 102
Mejor Solucion:  28 67 97 69 66 47 22 56 74 55 16 71 63 1 65 36 5 3 64 94 6 87 60 34 61 89 10 76 57 27 51 83 17 8 58 70 95 39 82 53 43 68 81 32 14 29 18 11 44 91 59 12 21 41 52 30 23 79 31 80 35 96 7 90 45 25 88 62 48 49 20 72 46 26 93 33 85 50 15 77 13 42 19 40 98 99 78 92 9 24 0 38 86 37 75 2 54 84 73 4
Coste: 23631827

GENERACION: 103
Mejor Solucion:  28 67 97 69 66 47 22 56 74 55 16 71 63 1 65 36 5 3 64 94 6 87 60 34 61 89 10 76 57 27 51 83 17 8 58 70 95 39 82 53 43 68 81 32 14 29 18 11 44 91 59 12 21 41 52 30 23 79 31 80 35 96 7 90 45 25 88 62 48 49 20 72 46 26 93 33 85 50 15 77 13 42 19 40 98 99 78 92 9 24 0 38 86 37 75 2 54 84 73 4
Coste: 23631827

GENERACION: 104
Mejor Solucion:  28 67 97 69 66 47 22 56 74 55 16 71 63 1 65 36 5 3 64 94 6 87 60 34 61 89 10 76 57 27 51 83 17 8 58 70 95 39 82 53 43 68 81 32 14 29 18 11 44 91 59 12 21 41 52 30 23 79 31 80 35 96 7 90 45 25 88 62 48 49 20 72 46 26 93 33 85 50 15 77 13 42 19 40 98 99 78 92 9 24 0 38 86 37 75 2 54 84 73 4
Coste: 23631827

GENERACION: 105
Mejor Solucion:  28 67 97 69 66 47 22 56 74 55 16 71 63 1 65 36 5 3 64 94 6 87 60 34 61 89 10 76 57 27 51 83 17 8 58 70 95 39 82 53 43 68 81 32 14 29 18 11 44 91 59 12 21 41 52 30 23 79 31 80 35 96 7 90 45 25 88 62 48 49 20 72 46 26 93 33 85 50 15 77 13 42 19 40 98 99 78 92 9 24 0 38 86 37 75 2 54 84 73 4
Coste: 23631827

GENERACION: 106
Mejor Solucion:  28 67 97 69 66 47 22 56 74 55 16 71 63 1 65 36 5 3 64 94 6 87 60 34 61 89 10 76 57 27 51 83 17 8 58 70 95 39 82 53 43 68 81 32 14 29 18 11 44 91 59 12 21 41 52 30 23 79 31 80 35 96 7 90 45 25 88 62 48 49 20 72 46 26 93 33 85 50 15 77 13 42 19 40 98 99 78 92 9 24 0 38 86 37 75 2 54 84 73 4
Coste: 23631827

GENERACION: 107
Mejor Solucion:  28 67 97 69 66 47 22 56 74 55 16 71 63 1 65 36 5 3 64 94 6 87 60 34 61 89 10 76 57 27 51 83 17 8 58 70 95 39 82 53 43 68 81 32 14 29 18 11 44 91 59 12 21 41 52 30 23 79 31 80 35 96 7 90 45 25 88 62 48 49 20 72 46 26 93 33 85 50 15 77 13 42 19 40 98 99 78 92 9 24 0 38 86 37 75 2 54 84 73 4
Coste: 23631827

GENERACION: 108
Mejor Solucion:  28 67 97 69 66 47 22 56 74 55 16 71 63 1 65 36 5 3 64 94 6 87 60 34 61 89 10 76 57 27 51 83 17 8 58 70 95 39 82 53 43 68 81 32 14 29 18 11 44 91 59 12 21 41 52 30 23 79 31 80 35 96 7 90 45 25 88 62 48 49 20 72 46 26 93 33 85 50 15 77 13 42 19 40 98 99 78 92 9 24 0 38 86 37 75 2 54 84 73 4
Coste: 23631827

GENERACION: 109
Mejor Solucion:  28 67 97 69 66 47 22 56 74 55 16 71 63 1 65 36 5 3 64 94 6 87 60 34 61 89 10 76 57 27 51 83 17 8 58 70 95 39 82 53 43 68 81 32 14 29 18 11 44 91 59 12 21 41 52 30 23 79 31 80 35 96 7 90 45 25 88 62 48 49 20 72 46 26 93 33 85 50 15 77 13 42 19 40 98 99 78 92 9 24 0 38 86 37 75 2 54 84 73 4
Coste: 23631827

GENERACION: 110
Mejor Solucion:  28 67 97 69 66 47 22 56 74 55 16 71 63 1 65 36 5 3 64 94 6 87 60 34 61 89 10 76 57 27 51 83 17 8 58 70 95 39 82 53 43 68 81 32 14 29 18 11 44 91 59 12 21 41 52 30 23 79 31 80 35 96 7 90 45 25 88 62 48 49 20 72 46 26 93 33 85 50 15 77 13 42 19 40 98 99 78 92 9 24 0 38 86 37 75 2 54 84 73 4
Coste: 23631827

GENERACION: 111
Mejor Solucion:  28 67 97 69 66 47 22 56 74 55 16 71 63 1 65 36 5 3 64 94 6 87 60 34 61 89 10 76 57 27 51 83 17 8 58 70 95 39 82 53 43 68 81 32 14 29 18 11 44 91 59 12 21 41 52 30 23 79 31 80 35 96 7 90 45 25 88 62 48 49 20 72 46 26 93 33 85 50 15 77 13 42 19 40 98 99 78 92 9 24 0 38 86 37 75 2 54 84 73 4
Coste: 23631827

GENERACION: 112
Mejor Solucion:  28 67 97 69 66 47 22 56 74 55 16 71 63 1 65 36 5 3 64 94 6 87 60 34 61 89 10 76 57 27 51 83 17 8 58 70 95 39 82 53 43 68 81 32 14 29 18 11 44 91 59 12 21 41 52 30 23 79 31 80 35 96 7 90 45 25 88 62 48 49 20 72 46 26 93 33 85 50 15 77 13 42 19 40 98 99 78 92 9 24 0 38 86 37 75 2 54 84 73 4
Coste: 23631827

GENERACION: 113
Mejor Solucion:  28 67 97 69 66 47 22 56 74 55 16 71 63 1 65 36 5 3 64 94 6 87 60 34 61 89 10 76 57 27 51 83 17 8 58 70 95 39 82 53 43 68 81 32 14 29 18 11 44 91 59 12 21 41 52 30 23 79 31 80 35 96 7 90 45 25 88 62 48 49 20 72 46 26 93 33 85 50 15 77 13 42 19 40 98 99 78 92 9 24 0 38 86 37 75 2 54 84 73 4
Coste: 23631827

GENERACION: 114
Mejor Solucion:  28 67 97 69 66 47 22 56 74 55 16 71 63 1 65 36 5 3 64 94 6 87 60 34 61 89 10 76 57 27 51 83 17 8 58 70 95 39 82 53 43 68 81 32 14 29 18 11 44 91 59 12 21 41 52 30 23 79 31 80 35 96 7 90 45 25 88 62 48 49 20 72 46 26 93 33 85 50 15 77 13 42 19 40 98 99 78 92 9 24 0 38 86 37 75 2 54 84 73 4
Coste: 23631827

GENERACION: 115
Mejor Solucion:  28 67 97 69 66 47 22 56 74 55 16 71 63 1 65 36 5 3 64 94 6 87 60 34 61 89 10 76 57 27 51 83 17 8 58 70 95 39 82 53 43 68 81 32 14 29 18 11 44 91 59 12 21 41 52 30 23 79 31 80 35 96 7 90 45 25 88 62 48 49 20 72 46 26 93 33 85 50 15 77 13 42 19 40 98 99 78 92 9 24 0 38 86 37 75 2 54 84 73 4
Coste: 23631827

GENERACION: 116
Mejor Solucion:  28 67 97 69 66 47 22 56 74 55 16 71 63 1 65 36 5 3 64 94 6 87 60 34 61 89 10 76 57 27 51 83 17 8 58 70 95 39 82 53 43 68 81 32 14 29 18 11 44 91 59 12 21 41 52 30 23 79 31 80 35 96 7 90 45 25 88 62 48 49 20 72 46 26 93 33 85 50 15 77 13 42 19 40 98 99 78 92 9 24 0 38 86 37 75 2 54 84 73 4
Coste: 23631827

GENERACION: 117
Mejor Solucion:  28 67 97 69 66 47 22 56 74 55 16 71 63 1 65 36 5 3 64 94 6 87 60 34 61 89 10 76 57 27 51 83 17 8 58 70 95 39 82 53 43 68 81 32 14 29 18 11 44 91 59 12 21 41 52 30 23 79 31 80 35 96 7 90 45 25 88 62 48 49 20 72 46 26 93 33 85 50 15 77 13 42 19 40 98 99 78 92 9 24 0 38 86 37 75 2 54 84 73 4
Coste: 23631827

GENERACION: 118
Mejor Solucion:  28 67 97 69 66 47 22 56 74 55 16 71 63 1 65 36 5 3 64 94 6 87 60 34 61 89 10 76 57 27 51 83 17 8 58 70 95 39 82 53 43 68 81 32 14 29 18 11 44 91 59 12 21 41 52 30 23 79 31 80 35 96 7 90 45 25 88 62 48 49 20 72 46 26 93 33 85 50 15 77 13 42 19 40 98 99 78 92 9 24 0 38 86 37 75 2 54 84 73 4
Coste: 23631827

GENERACION: 119
Mejor Solucion:  28 67 97 69 66 47 22 56 74 55 16 71 63 1 65 36 5 3 64 94 6 87 60 34 61 89 10 76 57 27 51 83 17 8 58 70 95 39 82 53 43 68 81 32 14 29 18 11 44 91 59 12 21 41 52 30 23 79 31 80 35 96 7 90 45 25 88 62 48 49 20 72 46 26 93 33 85 50 15 77 13 42 19 40 98 99 78 92 9 24 0 38 86 37 75 2 54 84 73 4
Coste: 23631827

GENERACION: 120
Mejor Solucion:  28 67 97 69 66 47 22 56 74 55 16 71 63 1 65 36 5 3 64 94 6 87 60 34 61 89 10 76 57 27 51 83 17 8 58 70 95 39 82 53 43 68 81 32 14 29 18 11 44 91 59 12 21 41 52 30 23 79 31 80 35 96 7 90 45 25 88 62 48 49 20 72 46 26 93 33 85 50 15 77 13 42 19 40 98 99 78 92 9 24 0 38 86 37 75 2 54 84 73 4
Coste: 23631827

GENERACION: 121
Mejor Solucion:  28 67 97 69 66 47 22 56 74 55 16 71 63 1 65 36 5 3 64 94 6 87 60 34 61 89 10 76 57 27 51 83 17 8 58 70 95 39 82 53 43 68 81 32 14 29 18 11 44 91 59 12 21 41 52 30 23 79 31 80 35 96 7 90 45 25 88 62 48 49 20 72 46 26 93 33 85 50 15 77 13 42 19 40 98 99 78 92 9 24 0 38 86 37 75 2 54 84 73 4
Coste: 23631827

GENERACION: 122
Mejor Solucion:  28 67 97 69 66 47 22 56 74 55 16 71 63 1 65 36 5 3 64 94 6 87 60 34 61 89 10 76 57 27 51 83 17 8 58 70 95 39 82 53 43 68 81 32 14 29 18 11 44 91 59 12 21 41 52 30 23 79 31 80 35 96 7 90 45 25 88 62 48 49 20 72 46 26 93 33 85 50 15 77 13 42 19 40 98 99 78 92 9 24 0 38 86 37 75 2 54 84 73 4
Coste: 23631827

GENERACION: 123
Mejor Solucion:  28 67 97 69 66 47 22 56 74 55 16 71 63 1 65 36 5 3 64 94 6 87 60 34 61 89 10 76 57 27 51 83 17 8 58 70 95 39 82 53 43 68 81 32 14 29 18 11 44 91 59 12 21 41 52 30 23 79 31 80 35 96 7 90 45 25 88 62 48 49 20 72 46 26 93 33 85 50 15 77 13 42 19 40 98 99 78 92 9 24 0 38 86 37 75 2 54 84 73 4
Coste: 23631827

GENERACION: 124
Mejor Solucion:  28 67 97 69 66 47 22 56 74 55 16 71 63 1 65 36 5 3 64 94 6 87 60 34 61 89 10 76 57 27 51 83 17 8 58 70 95 39 82 53 43 68 81 32 14 29 18 11 44 91 59 12 21 41 52 30 23 79 31 80 35 96 7 90 45 25 88 62 48 49 20 72 46 26 93 33 85 50 15 77 13 42 19 40 98 99 78 92 9 24 0 38 86 37 75 2 54 84 73 4
Coste: 23631827

GENERACION: 125
Mejor Solucion:  28 67 97 69 66 47 22 56 74 55 16 71 63 1 65 36 5 3 64 94 6 87 60 34 61 89 10 76 57 27 51 83 17 8 58 70 95 39 82 53 43 68 81 32 14 29 18 11 44 91 59 12 21 41 52 30 23 79 31 80 35 96 7 90 45 25 88 62 48 49 20 72 46 26 93 33 85 50 15 77 13 42 19 40 98 99 78 92 9 24 0 38 86 37 75 2 54 84 73 4
Coste: 23631827

GENERACION: 126
Mejor Solucion:  28 67 97 69 66 47 22 56 74 55 16 71 63 1 65 36 5 3 64 94 6 87 60 34 61 89 10 76 57 27 51 83 17 8 58 70 95 39 82 53 43 68 81 32 14 29 18 11 44 91 59 12 21 41 52 30 23 79 31 80 35 96 7 90 45 25 88 62 48 49 20 72 46 26 93 33 85 50 15 77 13 42 19 40 98 99 78 92 9 24 0 38 86 37 75 2 54 84 73 4
Coste: 23631827

GENERACION: 127
Mejor Solucion:  28 67 97 69 66 47 22 56 74 55 16 71 63 1 65 36 5 3 64 94 6 87 60 34 61 89 10 76 57 27 51 83 17 8 58 70 95 39 82 53 43 68 81 32 14 29 18 11 44 91 59 12 21 41 52 30 23 79 31 80 35 96 7 90 45 25 88 62 48 49 20 72 46 26 93 33 85 50 15 77 13 42 19 40 98 99 78 92 9 24 0 38 86 37 75 2 54 84 73 4
Coste: 23631827

