GENERACION: 1
Mejor Solucion:  60 54 33 0 94 78 71 95 59 81 12 43 74 97 38 17 19 91 80 30 51 10 76 29 64 6 20 93 9 56 45 4 41 18 21 75 1 27 68 46 36 7 8 79 87 73 3 52 67 98 63 99 69 34 82 47 84 55 25 23 77 86 5 48 83 11 14 88 15 31 58 89 49 37 40 42 62 53 85 22 50 24 57 70 2 96 16 26 32 28 92 90 66 35 39 13 61 44 72 65
Coste: 23905188

GENERACION: 2
Mejor Solucion:  94 80 28 91 95 54 92 78 19 14 71 61 97 10 35 13 76 12 38 29 90 30 65 72 64 6 20 93 9 42 45 4 41 18 21 36 1 27 68 46 75 7 8 79 87 73 3 52 67 62 63 44 85 34 82 47 84 55 25 32 77 24 5 48 83 11 60 88 15 31 58 89 49 37 40 56 98 53 69 22 50 86 57 70 2 96 16 26 23 66 74 0 51 17 81 99 33 39 43 59
Coste: 23893624

GENERACION: 3
Mejor Solucion:  94 80 28 91 95 54 92 78 19 14 71 61 97 10 35 13 76 12 38 29 90 30 65 72 64 6 20 93 9 42 45 4 41 18 21 36 1 27 68 46 75 7 8 79 87 73 3 52 67 62 63 44 85 34 82 47 84 55 25 32 77 24 5 48 83 11 60 88 15 31 58 89 49 37 40 56 98 53 69 22 50 86 57 70 2 96 16 26 23 66 74 0 51 17 81 99 33 39 43 59
Coste: 23893624

GENERACION: 4
Mejor Solucion:  94 80 28 91 95 54 92 78 19 14 71 61 97 10 35 13 76 12 38 29 90 30 65 72 64 6 20 93 9 42 45 4 41 18 21 36 1 27 68 46 75 7 8 79 87 73 3 52 67 62 63 44 85 34 82 47 84 55 25 32 77 24 5 48 83 11 60 88 15 31 58 89 49 37 40 56 98 53 69 22 50 86 57 70 2 96 16 26 23 66 74 0 51 17 81 99 33 39 43 59
Coste: 23893624

GENERACION: 5
Mejor Solucion:  94 80 28 91 95 54 92 78 19 14 71 61 97 10 35 13 76 12 38 29 90 30 65 72 64 6 20 93 9 42 45 4 41 18 21 36 1 27 68 46 75 7 8 79 87 73 3 52 67 62 63 44 85 34 82 47 84 55 25 32 77 24 5 48 83 11 60 88 15 31 58 89 49 37 40 56 98 53 69 22 50 86 57 70 2 96 16 26 23 66 74 0 51 17 81 99 33 39 43 59
Coste: 23893624

GENERACION: 6
Mejor Solucion:  94 80 28 91 95 54 92 78 19 14 71 61 97 10 35 13 76 12 38 29 90 30 65 72 64 6 20 93 9 42 45 4 41 18 21 36 1 27 68 46 75 7 8 79 87 73 3 52 67 62 63 44 85 34 82 47 84 55 25 32 77 24 5 48 83 11 60 88 15 31 58 89 49 37 40 56 98 53 69 22 50 86 57 70 2 96 16 26 23 66 74 0 51 17 81 99 33 39 43 59
Coste: 23893624

GENERACION: 7
Mejor Solucion:  94 80 28 91 95 54 92 78 19 14 71 61 97 10 35 13 76 12 38 29 90 30 65 72 64 6 20 93 9 42 45 4 41 18 21 36 1 27 68 46 75 7 8 79 87 73 3 52 67 62 63 44 85 34 82 47 84 55 25 32 77 24 5 48 83 11 60 88 15 31 58 89 49 37 40 56 98 53 69 22 50 86 57 70 2 96 16 26 23 66 74 0 51 17 81 99 33 39 43 59
Coste: 23893624

GENERACION: 8
Mejor Solucion:  94 78 28 89 95 54 92 86 19 12 71 61 97 10 35 13 56 14 58 29 90 4 65 72 64 6 7 93 9 98 45 30 40 18 21 36 1 27 42 46 66 20 8 53 87 73 3 52 26 62 63 44 79 34 82 47 84 55 25 23 77 24 50 48 83 37 60 88 15 41 38 91 49 11 31 76 68 57 85 80 5 22 69 70 67 96 16 0 32 75 74 2 51 17 81 99 33 39 43 59
Coste: 23824695

GENERACION: 9
Mejor Solucion:  94 78 28 89 95 54 92 86 19 12 71 61 97 10 35 13 56 14 58 29 90 4 65 72 64 6 7 93 9 98 45 30 40 18 21 36 1 27 42 46 66 20 8 53 87 73 3 52 26 62 63 44 79 34 82 47 84 55 25 23 77 24 50 48 83 37 60 88 15 41 38 91 49 11 31 76 68 57 85 80 5 22 69 70 67 96 16 0 32 75 74 2 51 17 81 99 33 39 43 59
Coste: 23824695

GENERACION: 10
Mejor Solucion:  94 78 28 89 95 54 92 86 19 12 71 61 97 10 35 13 56 14 58 29 90 4 65 72 64 6 7 93 9 98 45 30 40 18 21 36 1 27 42 46 66 20 8 53 87 73 3 52 26 62 63 44 79 34 82 47 84 55 25 23 77 24 50 48 83 37 60 88 15 41 38 91 49 11 31 76 68 57 85 80 5 22 69 70 67 96 16 0 32 75 74 2 51 17 81 99 33 39 43 59
Coste: 23824695

GENERACION: 11
Mejor Solucion:  94 78 28 89 95 54 92 86 19 12 71 61 97 10 35 13 56 14 58 29 90 4 65 72 64 6 7 93 9 98 45 30 40 18 21 36 1 27 42 46 66 20 8 53 87 73 3 52 26 62 63 44 79 34 82 47 84 55 25 23 77 24 50 48 83 37 60 88 15 41 38 91 49 11 31 76 68 57 85 80 5 22 69 70 67 96 16 0 32 75 74 2 51 17 81 99 33 39 43 59
Coste: 23824695

GENERACION: 12
Mejor Solucion:  94 78 28 89 95 54 92 86 19 12 71 61 97 10 35 13 56 14 58 29 90 4 65 72 64 6 7 93 9 98 45 30 40 18 21 36 1 27 42 46 66 20 8 53 87 73 3 52 26 62 63 44 79 34 82 47 84 55 25 23 77 24 50 48 83 37 60 88 15 41 38 91 49 11 31 76 68 57 85 80 5 22 69 70 67 96 16 0 32 75 74 2 51 17 81 99 33 39 43 59
Coste: 23824695

GENERACION: 13
Mejor Solucion:  94 72 64 89 95 54 92 86 27 12 75 61 97 10 35 13 77 14 58 29 90 4 65 70 28 6 74 22 9 98 45 37 87 18 21 36 1 19 53 46 66 20 8 78 7 73 3 16 26 23 63 44 69 42 5 47 84 56 25 62 55 24 50 48 83 2 60 88 15 41 38 91 49 11 31 76 68 57 85 80 82 40 79 34 67 96 52 0 32 71 93 30 51 17 81 99 33 39 43 59
Coste: 23824348

GENERACION: 14
Mejor Solucion:  94 72 64 89 95 54 92 86 27 12 75 61 97 10 35 13 77 14 58 29 90 4 65 70 28 6 74 22 9 98 45 37 87 18 21 36 1 19 53 46 66 20 8 78 7 73 3 16 26 23 63 44 69 42 5 47 84 56 25 62 55 24 50 48 83 2 60 88 15 41 38 91 49 11 31 76 68 57 85 80 82 40 79 34 67 96 52 0 32 71 93 30 51 17 81 99 33 39 43 59
Coste: 23824348

GENERACION: 15
Mejor Solucion:  94 72 64 8 95 54 92 86 27 12 33 61 78 10 35 13 77 14 58 29 43 4 26 70 28 6 75 22 9 98 45 37 87 18 21 36 1 19 53 46 66 20 89 97 7 73 3 50 65 23 63 44 69 42 5 47 90 56 25 62 55 24 16 67 30 2 60 88 15 41 38 91 49 11 31 76 68 57 85 80 82 40 81 34 48 96 52 0 32 71 93 83 51 17 79 99 74 39 84 59
Coste: 23693631

GENERACION: 16
Mejor Solucion:  94 72 64 8 95 54 92 86 27 12 33 61 78 10 35 13 77 14 58 29 43 4 26 70 28 6 75 22 9 98 45 37 87 18 21 36 1 19 53 46 66 20 89 97 7 73 3 50 65 23 63 44 69 42 5 47 90 56 25 62 55 24 16 67 30 2 60 88 15 41 38 91 49 11 31 76 68 57 85 80 82 40 81 34 48 96 52 0 32 71 93 83 51 17 79 99 74 39 84 59
Coste: 23693631

GENERACION: 17
Mejor Solucion:  94 72 64 8 95 54 92 86 27 12 33 61 78 10 35 13 77 14 58 29 43 4 26 70 28 6 75 22 9 98 45 37 87 18 21 36 1 19 53 46 66 20 89 97 7 73 3 50 65 23 63 44 69 42 5 47 90 56 25 62 55 24 16 67 30 2 60 88 15 41 38 91 49 11 31 76 68 57 85 80 82 40 81 34 48 96 52 0 32 71 93 83 51 17 79 99 74 39 84 59
Coste: 23693631

GENERACION: 18
Mejor Solucion:  94 72 64 8 95 54 92 86 27 12 33 61 78 10 35 13 77 14 58 29 43 4 26 70 28 6 75 22 9 98 45 37 87 18 21 36 1 19 53 46 66 20 89 97 7 73 3 50 65 23 63 44 69 42 5 47 90 56 25 62 55 24 16 67 30 2 60 88 15 41 38 91 49 11 31 76 68 57 85 80 82 40 81 34 48 96 52 0 32 71 93 83 51 17 79 99 74 39 84 59
Coste: 23693631

GENERACION: 19
Mejor Solucion:  94 72 64 8 95 54 92 86 27 12 33 61 78 10 35 13 77 14 58 29 43 4 26 70 28 6 75 22 9 98 45 37 87 18 21 36 1 19 53 46 66 20 89 97 7 73 3 50 65 23 63 44 69 42 5 47 90 56 25 62 55 24 16 67 30 2 60 88 15 41 38 91 49 11 31 76 68 57 85 80 82 40 81 34 48 96 52 0 32 71 93 83 51 17 79 99 74 39 84 59
Coste: 23693631

GENERACION: 20
Mejor Solucion:  94 72 64 8 95 54 92 86 27 12 33 61 78 10 35 13 77 14 58 29 43 4 26 70 28 6 75 22 9 98 45 37 87 18 21 36 1 19 53 46 66 20 89 97 7 73 3 50 65 23 63 44 69 42 5 47 90 56 25 62 55 24 16 67 30 2 60 88 15 41 38 91 49 11 31 76 68 57 85 80 82 40 81 34 48 96 52 0 32 71 93 83 51 17 79 99 74 39 84 59
Coste: 23693631

GENERACION: 21
Mejor Solucion:  94 72 64 8 95 54 92 86 27 12 33 61 78 10 35 13 77 14 58 29 43 4 26 70 28 6 75 22 9 98 45 37 87 18 21 36 1 19 53 46 66 20 89 97 7 73 3 50 65 23 63 44 69 42 5 47 90 56 25 62 55 24 16 67 30 2 60 88 15 41 38 91 49 11 31 76 68 57 85 80 82 40 81 34 48 96 52 0 32 71 93 83 51 17 79 99 74 39 84 59
Coste: 23693631

GENERACION: 22
Mejor Solucion:  94 72 64 8 95 54 92 86 27 12 33 61 78 10 35 13 77 14 58 29 43 4 26 70 28 6 75 22 9 98 45 37 87 18 21 36 1 19 53 46 66 20 89 97 7 73 3 50 65 23 63 44 69 42 5 47 90 56 25 62 55 24 16 67 30 2 60 88 15 41 38 91 49 11 31 76 68 57 85 80 82 40 81 34 48 96 52 0 32 71 93 83 51 17 79 99 74 39 84 59
Coste: 23693631

GENERACION: 23
Mejor Solucion:  94 72 64 8 95 54 92 86 27 12 33 61 78 10 35 13 77 14 58 29 43 4 26 70 28 6 75 22 9 98 45 37 87 18 21 36 1 19 53 46 66 20 89 97 7 73 3 50 65 23 63 44 69 42 5 47 90 56 25 62 55 24 16 67 30 2 60 88 15 41 38 91 49 11 31 76 68 57 85 80 82 40 81 34 48 96 52 0 32 71 93 83 51 17 79 99 74 39 84 59
Coste: 23693631

GENERACION: 24
Mejor Solucion:  94 72 64 8 95 54 92 86 27 12 33 61 78 10 35 13 77 14 58 29 43 4 26 70 28 6 75 22 9 98 45 37 87 18 21 36 1 19 53 46 66 20 89 97 7 73 3 50 65 23 63 44 69 42 5 47 90 56 25 62 55 24 16 67 30 2 60 88 15 41 38 91 49 11 31 76 68 57 85 80 82 40 81 34 48 96 52 0 32 71 93 83 51 17 79 99 74 39 84 59
Coste: 23693631

GENERACION: 25
Mejor Solucion:  94 72 64 8 95 54 92 86 27 12 33 61 78 10 35 13 77 14 58 29 43 4 26 70 28 6 75 22 9 98 45 37 87 18 21 36 1 19 53 46 66 20 89 97 7 73 3 50 65 23 63 44 69 42 5 47 90 56 25 62 55 24 16 67 30 2 60 88 15 41 38 91 49 11 31 76 68 57 85 80 82 40 81 34 48 96 52 0 32 71 93 83 51 17 79 99 74 39 84 59
Coste: 23693631

GENERACION: 26
Mejor Solucion:  94 72 64 8 95 54 92 86 27 12 33 61 78 10 35 13 77 14 58 29 43 4 26 70 28 6 75 22 9 98 45 37 87 18 21 36 1 19 53 46 66 20 89 97 7 73 3 50 65 23 63 44 69 42 5 47 90 56 25 62 55 24 16 67 30 2 60 88 15 41 38 91 49 11 31 76 68 57 85 80 82 40 81 34 48 96 52 0 32 71 93 83 51 17 79 99 74 39 84 59
Coste: 23693631

GENERACION: 27
Mejor Solucion:  94 72 64 8 95 54 92 86 27 12 33 61 78 10 35 13 77 14 58 29 43 4 26 70 28 6 75 22 9 98 45 37 87 18 21 36 1 19 53 46 66 20 89 97 7 73 3 50 65 23 63 44 69 42 5 47 90 56 25 62 55 24 16 67 30 2 60 88 15 41 38 91 49 11 31 76 68 57 85 80 82 40 81 34 48 96 52 0 32 71 93 83 51 17 79 99 74 39 84 59
Coste: 23693631

GENERACION: 28
Mejor Solucion:  94 72 64 8 95 54 92 86 27 12 33 61 78 10 35 13 77 14 58 29 43 4 26 70 28 6 75 22 9 98 45 37 87 18 21 36 1 19 53 46 66 20 89 97 7 73 3 50 65 23 63 44 69 42 5 47 90 56 25 62 55 24 16 67 30 2 60 88 15 41 38 91 49 11 31 76 68 57 85 80 82 40 81 34 48 96 52 0 32 71 93 83 51 17 79 99 74 39 84 59
Coste: 23693631

GENERACION: 29
Mejor Solucion:  94 72 64 8 95 54 92 86 27 12 33 61 78 10 35 13 77 14 58 29 43 4 26 70 28 6 75 22 9 98 45 37 87 18 21 36 1 19 53 46 66 20 89 97 7 73 3 50 65 23 63 44 69 42 5 47 90 56 25 62 55 24 16 67 30 2 60 88 15 41 38 91 49 11 31 76 68 57 85 80 82 40 81 34 48 96 52 0 32 71 93 83 51 17 79 99 74 39 84 59
Coste: 23693631

GENERACION: 30
Mejor Solucion:  94 72 64 8 95 54 92 86 27 12 33 61 78 10 35 13 77 14 58 29 43 4 26 70 28 6 75 22 9 98 45 37 87 18 21 36 1 19 53 46 66 20 89 97 7 73 3 50 65 23 63 44 69 42 5 47 90 56 25 62 55 24 16 67 30 2 60 88 15 41 38 91 49 11 31 76 68 57 85 80 82 40 81 34 48 96 52 0 32 71 93 83 51 17 79 99 74 39 84 59
Coste: 23693631

GENERACION: 31
Mejor Solucion:  94 72 64 8 95 54 92 86 27 12 33 61 78 10 35 13 77 14 58 29 43 4 26 70 28 6 75 22 9 98 45 37 87 18 21 36 1 19 53 46 66 20 89 97 7 73 3 50 65 23 63 44 69 42 5 47 90 56 25 62 55 24 16 67 30 2 60 88 15 41 38 91 49 11 31 76 68 57 85 80 82 40 81 34 48 96 52 0 32 71 93 83 51 17 79 99 74 39 84 59
Coste: 23693631

GENERACION: 32
Mejor Solucion:  94 72 64 8 95 54 92 86 27 12 33 61 78 10 35 13 77 14 58 29 43 4 26 70 28 6 75 22 9 98 45 37 87 18 21 36 1 19 53 46 66 20 89 97 7 73 3 50 65 23 63 44 69 42 5 47 90 56 25 62 55 24 16 67 30 2 60 88 15 41 38 91 49 11 31 76 68 57 85 80 82 40 81 34 48 96 52 0 32 71 93 83 51 17 79 99 74 39 84 59
Coste: 23693631

GENERACION: 33
Mejor Solucion:  94 72 64 8 95 54 92 86 27 12 33 61 78 10 35 13 77 14 58 29 43 4 26 70 28 6 75 22 9 98 45 37 87 18 21 36 1 19 53 46 66 20 89 97 7 73 3 50 65 23 63 44 69 42 5 47 90 56 25 62 55 24 16 67 30 2 60 88 15 41 38 91 49 11 31 76 68 57 85 80 82 40 81 34 48 96 52 0 32 71 93 83 51 17 79 99 74 39 84 59
Coste: 23693631

GENERACION: 34
Mejor Solucion:  94 72 64 8 95 54 92 86 27 12 33 61 78 10 35 13 77 14 58 29 43 4 26 70 28 6 75 22 9 98 45 37 87 18 21 36 1 19 53 46 66 20 89 97 7 73 3 50 65 23 63 44 69 42 5 47 90 56 25 62 55 24 16 67 30 2 60 88 15 41 38 91 49 11 31 76 68 57 85 80 82 40 81 34 48 96 52 0 32 71 93 83 51 17 79 99 74 39 84 59
Coste: 23693631

GENERACION: 35
Mejor Solucion:  94 72 64 8 95 54 92 86 27 12 33 61 78 10 35 13 77 14 58 29 43 4 26 70 28 6 75 22 9 98 45 37 87 18 21 36 1 19 53 46 66 20 89 97 7 73 3 50 65 23 63 44 69 42 5 47 90 56 25 62 55 24 16 67 30 2 60 88 15 41 38 91 49 11 31 76 68 57 85 80 82 40 81 34 48 96 52 0 32 71 93 83 51 17 79 99 74 39 84 59
Coste: 23693631

GENERACION: 36
Mejor Solucion:  94 72 64 8 95 54 92 86 27 12 33 61 78 10 35 13 77 14 58 29 43 4 26 70 28 6 75 22 9 98 45 37 87 18 21 36 1 19 53 46 66 20 89 97 7 73 3 50 65 23 63 44 69 42 5 47 90 56 25 62 55 24 16 67 30 2 60 88 15 41 38 91 49 11 31 76 68 57 85 80 82 40 81 34 48 96 52 0 32 71 93 83 51 17 79 99 74 39 84 59
Coste: 23693631

GENERACION: 37
Mejor Solucion:  94 72 64 8 95 54 92 86 27 12 33 61 78 10 35 13 77 14 58 29 43 4 26 70 28 6 75 22 9 98 45 37 87 18 21 36 1 19 53 46 66 20 89 97 7 73 3 50 65 23 63 44 69 42 5 47 90 56 25 62 55 24 16 67 30 2 60 88 15 41 38 91 49 11 31 76 68 57 85 80 82 40 81 34 48 96 52 0 32 71 93 83 51 17 79 99 74 39 84 59
Coste: 23693631

GENERACION: 38
Mejor Solucion:  94 72 64 8 95 54 92 86 27 12 33 61 78 10 35 13 77 14 58 29 43 4 26 70 28 6 75 22 9 98 45 37 87 18 21 36 1 19 53 46 66 20 89 97 7 73 3 50 65 23 63 44 69 42 5 47 90 56 25 62 55 24 16 67 30 2 60 88 15 41 38 91 49 11 31 76 68 57 85 80 82 40 81 34 48 96 52 0 32 71 93 83 51 17 79 99 74 39 84 59
Coste: 23693631

GENERACION: 39
Mejor Solucion:  94 72 64 8 95 54 92 86 27 12 33 61 78 10 35 13 77 14 58 29 43 4 26 70 28 6 75 22 9 98 45 37 87 18 21 36 1 19 53 46 66 20 89 97 7 73 3 50 65 23 63 44 69 42 5 47 90 56 25 62 55 24 16 67 30 2 60 88 15 41 38 91 49 11 31 76 68 57 85 80 82 40 81 34 48 96 52 0 32 71 93 83 51 17 79 99 74 39 84 59
Coste: 23693631

GENERACION: 40
Mejor Solucion:  94 72 64 8 95 54 92 86 27 12 33 61 78 10 35 13 77 14 58 29 43 4 26 70 28 6 75 22 9 98 45 37 87 18 21 36 1 19 53 46 66 20 89 97 7 73 3 50 65 23 63 44 69 42 5 47 90 56 25 62 55 24 16 67 30 2 60 88 15 41 38 91 49 11 31 76 68 57 85 80 82 40 81 34 48 96 52 0 32 71 93 83 51 17 79 99 74 39 84 59
Coste: 23693631

GENERACION: 41
Mejor Solucion:  94 72 64 8 95 54 92 86 27 12 33 61 78 10 35 13 77 14 58 29 43 4 26 70 28 6 75 22 9 98 45 37 87 18 21 36 1 19 53 46 66 20 89 97 7 73 3 50 65 23 63 44 69 42 5 47 90 56 25 62 55 24 16 67 30 2 60 88 15 41 38 91 49 11 31 76 68 57 85 80 82 40 81 34 48 96 52 0 32 71 93 83 51 17 79 99 74 39 84 59
Coste: 23693631

GENERACION: 42
Mejor Solucion:  94 72 64 8 95 54 92 86 27 12 33 61 78 10 35 13 77 14 58 29 43 4 26 70 28 6 75 22 9 98 45 37 87 18 21 36 1 19 53 46 66 20 89 97 7 73 3 50 65 23 63 44 69 42 5 47 90 56 25 62 55 24 16 67 30 2 60 88 15 41 38 91 49 11 31 76 68 57 85 80 82 40 81 34 48 96 52 0 32 71 93 83 51 17 79 99 74 39 84 59
Coste: 23693631

GENERACION: 43
Mejor Solucion:  94 72 64 8 95 54 92 86 27 12 33 61 78 10 35 13 77 14 58 29 43 4 26 70 28 6 75 22 9 98 45 37 87 18 21 36 1 19 53 46 66 20 89 97 7 73 3 50 65 23 63 44 69 42 5 47 90 56 25 62 55 24 16 67 30 2 60 88 15 41 38 91 49 11 31 76 68 57 85 80 82 40 81 34 48 96 52 0 32 71 93 83 51 17 79 99 74 39 84 59
Coste: 23693631

GENERACION: 44
Mejor Solucion:  94 72 64 8 95 54 92 86 27 12 33 61 78 10 35 13 77 14 58 29 43 4 26 70 28 6 75 22 9 98 45 37 87 18 21 36 1 19 53 46 66 20 89 97 7 73 3 50 65 23 63 44 69 42 5 47 90 56 25 62 55 24 16 67 30 2 60 88 15 41 38 91 49 11 31 76 68 57 85 80 82 40 81 34 48 96 52 0 32 71 93 83 51 17 79 99 74 39 84 59
Coste: 23693631

GENERACION: 45
Mejor Solucion:  94 72 64 8 95 54 92 86 27 12 33 61 78 10 35 13 77 14 58 29 43 4 26 70 28 6 75 22 9 98 45 37 87 18 21 36 1 19 53 46 66 20 89 97 7 73 3 50 65 23 63 44 69 42 5 47 90 56 25 62 55 24 16 67 30 2 60 88 15 41 38 91 49 11 31 76 68 57 85 80 82 40 81 34 48 96 52 0 32 71 93 83 51 17 79 99 74 39 84 59
Coste: 23693631

GENERACION: 46
Mejor Solucion:  94 72 64 8 95 54 92 86 27 12 33 61 78 10 35 13 77 14 58 29 43 4 26 70 28 6 75 22 9 98 45 37 87 18 21 36 1 19 53 46 66 20 89 97 7 73 3 50 65 23 63 44 69 42 5 47 90 56 25 62 55 24 16 67 30 2 60 88 15 41 38 91 49 11 31 76 68 57 85 80 82 40 81 34 48 96 52 0 32 71 93 83 51 17 79 99 74 39 84 59
Coste: 23693631

GENERACION: 47
Mejor Solucion:  94 72 64 8 95 54 92 86 27 12 33 61 78 10 35 13 77 14 58 29 43 4 26 70 28 6 75 22 9 98 45 37 87 18 21 36 1 19 53 46 66 20 89 97 7 73 3 50 65 23 63 44 69 42 5 47 90 56 25 62 55 24 16 67 30 2 60 88 15 41 38 91 49 11 31 76 68 57 85 80 82 40 81 34 48 96 52 0 32 71 93 83 51 17 79 99 74 39 84 59
Coste: 23693631

GENERACION: 48
Mejor Solucion:  94 72 64 8 95 54 92 86 27 12 33 61 78 10 35 13 77 14 58 29 43 4 26 70 28 6 75 22 9 98 45 37 87 18 21 36 1 19 53 46 66 20 89 97 7 73 3 50 65 23 63 44 69 42 5 47 90 56 25 62 55 24 16 67 30 2 60 88 15 41 38 91 49 11 31 76 68 57 85 80 82 40 81 34 48 96 52 0 32 71 93 83 51 17 79 99 74 39 84 59
Coste: 23693631

GENERACION: 49
Mejor Solucion:  94 72 64 8 95 54 92 86 27 12 33 61 78 10 35 13 77 14 58 29 43 4 26 70 28 6 75 22 9 98 45 37 87 18 21 36 1 19 53 46 66 20 89 97 7 73 3 50 65 23 63 44 69 42 5 47 90 56 25 62 55 24 16 67 30 2 60 88 15 41 38 91 49 11 31 76 68 57 85 80 82 40 81 34 48 96 52 0 32 71 93 83 51 17 79 99 74 39 84 59
Coste: 23693631

GENERACION: 50
Mejor Solucion:  94 72 64 8 95 54 92 86 27 12 33 61 78 10 35 13 77 14 58 29 43 4 26 70 28 6 75 22 9 98 45 37 87 18 21 36 1 19 53 46 66 20 89 97 7 73 3 50 65 23 63 44 69 42 5 47 90 56 25 62 55 24 16 67 30 2 60 88 15 41 38 91 49 11 31 76 68 57 85 80 82 40 81 34 48 96 52 0 32 71 93 83 51 17 79 99 74 39 84 59
Coste: 23693631

GENERACION: 51
Mejor Solucion:  94 72 64 8 95 54 92 86 27 12 33 61 78 10 35 13 77 14 58 29 43 4 26 70 28 6 75 22 9 98 45 37 87 18 21 36 1 19 53 46 66 20 89 97 7 73 3 50 65 23 63 44 69 42 5 47 90 56 25 62 55 24 16 67 30 2 60 88 15 41 38 91 49 11 31 76 68 57 85 80 82 40 81 34 48 96 52 0 32 71 93 83 51 17 79 99 74 39 84 59
Coste: 23693631

GENERACION: 52
Mejor Solucion:  94 72 64 8 95 54 92 86 27 12 33 61 78 10 35 13 77 14 58 29 43 4 26 70 28 6 75 22 9 98 45 37 87 18 21 36 1 19 53 46 66 20 89 97 7 73 3 50 65 23 63 44 69 42 5 47 90 56 25 62 55 24 16 67 30 2 60 88 15 41 38 91 49 11 31 76 68 57 85 80 82 40 81 34 48 96 52 0 32 71 93 83 51 17 79 99 74 39 84 59
Coste: 23693631

GENERACION: 53
Mejor Solucion:  94 72 64 8 95 54 92 86 27 12 33 61 78 10 35 13 77 14 58 29 43 4 26 70 28 6 75 22 9 98 45 37 87 18 21 36 1 19 53 46 66 20 89 97 7 73 3 50 65 23 63 44 69 42 5 47 90 56 25 62 55 24 16 67 30 2 60 88 15 41 38 91 49 11 31 76 68 57 85 80 82 40 81 34 48 96 52 0 32 71 93 83 51 17 79 99 74 39 84 59
Coste: 23693631

GENERACION: 54
Mejor Solucion:  94 72 64 8 95 54 92 86 27 12 33 61 78 10 35 13 77 14 58 29 43 4 26 70 28 6 75 22 9 98 45 37 87 18 21 36 1 19 53 46 66 20 89 97 7 73 3 50 65 23 63 44 69 42 5 47 90 56 25 62 55 24 16 67 30 2 60 88 15 41 38 91 49 11 31 76 68 57 85 80 82 40 81 34 48 96 52 0 32 71 93 83 51 17 79 99 74 39 84 59
Coste: 23693631

GENERACION: 55
Mejor Solucion:  94 72 64 8 95 54 92 86 27 12 33 61 78 10 35 13 77 14 58 29 43 4 26 70 28 6 75 22 9 98 45 37 87 18 21 36 1 19 53 46 66 20 89 97 7 73 3 50 65 23 63 44 69 42 5 47 90 56 25 62 55 24 16 67 30 2 60 88 15 41 38 91 49 11 31 76 68 57 85 80 82 40 81 34 48 96 52 0 32 71 93 83 51 17 79 99 74 39 84 59
Coste: 23693631

GENERACION: 56
Mejor Solucion:  94 72 64 8 95 54 92 86 27 12 33 61 78 10 35 13 77 14 58 29 43 4 26 70 28 6 75 22 9 98 45 37 87 18 21 36 1 19 53 46 66 20 89 97 7 73 3 50 65 23 63 44 69 42 5 47 90 56 25 62 55 24 16 67 30 2 60 88 15 41 38 91 49 11 31 76 68 57 85 80 82 40 81 34 48 96 52 0 32 71 93 83 51 17 79 99 74 39 84 59
Coste: 23693631

GENERACION: 57
Mejor Solucion:  94 72 64 8 95 54 92 86 27 12 33 61 78 10 35 13 77 14 58 29 43 4 26 70 28 6 75 22 9 98 45 37 87 18 21 36 1 19 53 46 66 20 89 97 7 73 3 50 65 23 63 44 69 42 5 47 90 56 25 62 55 24 16 67 30 2 60 88 15 41 38 91 49 11 31 76 68 57 85 80 82 40 81 34 48 96 52 0 32 71 93 83 51 17 79 99 74 39 84 59
Coste: 23693631

GENERACION: 58
Mejor Solucion:  94 72 64 8 95 54 92 86 27 12 33 61 78 10 35 13 77 14 58 29 43 4 26 70 28 6 75 22 9 98 45 37 87 18 21 36 1 19 53 46 66 20 89 97 7 73 3 50 65 23 63 44 69 42 5 47 90 56 25 62 55 24 16 67 30 2 60 88 15 41 38 91 49 11 31 76 68 57 85 80 82 40 81 34 48 96 52 0 32 71 93 83 51 17 79 99 74 39 84 59
Coste: 23693631

GENERACION: 59
Mejor Solucion:  94 72 64 8 95 54 92 86 27 12 33 61 78 10 35 13 77 14 58 29 43 4 26 70 28 6 75 22 9 98 45 37 87 18 21 36 1 19 53 46 66 20 89 97 7 73 3 50 65 23 63 44 69 42 5 47 90 56 25 62 55 24 16 67 30 2 60 88 15 41 38 91 49 11 31 76 68 57 85 80 82 40 81 34 48 96 52 0 32 71 93 83 51 17 79 99 74 39 84 59
Coste: 23693631

GENERACION: 60
Mejor Solucion:  94 72 64 8 95 54 92 86 27 12 33 61 78 10 35 13 77 14 58 29 43 4 26 70 28 6 75 22 9 98 45 37 87 18 21 36 1 19 53 46 66 20 89 97 7 73 3 50 65 23 63 44 69 42 5 47 90 56 25 62 55 24 16 67 30 2 60 88 15 41 38 91 49 11 31 76 68 57 85 80 82 40 81 34 48 96 52 0 32 71 93 83 51 17 79 99 74 39 84 59
Coste: 23693631

GENERACION: 61
Mejor Solucion:  94 72 64 8 95 54 92 86 27 12 33 61 78 10 35 13 77 14 58 29 43 4 26 70 28 6 75 22 9 98 45 37 87 18 21 36 1 19 53 46 66 20 89 97 7 73 3 50 65 23 63 44 69 42 5 47 90 56 25 62 55 24 16 67 30 2 60 88 15 41 38 91 49 11 31 76 68 57 85 80 82 40 81 34 48 96 52 0 32 71 93 83 51 17 79 99 74 39 84 59
Coste: 23693631

GENERACION: 62
Mejor Solucion:  94 72 64 8 95 54 92 86 27 12 33 61 78 10 35 13 77 14 58 29 43 4 26 70 28 6 75 22 9 98 45 37 87 18 21 36 1 19 53 46 66 20 89 97 7 73 3 50 65 23 63 44 69 42 5 47 90 56 25 62 55 24 16 67 30 2 60 88 15 41 38 91 49 11 31 76 68 57 85 80 82 40 81 34 48 96 52 0 32 71 93 83 51 17 79 99 74 39 84 59
Coste: 23693631

GENERACION: 63
Mejor Solucion:  94 72 64 8 95 54 92 86 27 12 33 61 78 10 35 13 77 14 58 29 43 4 26 70 28 6 75 22 9 98 45 37 87 18 21 36 1 19 53 46 66 20 89 97 7 73 3 50 65 23 63 44 69 42 5 47 90 56 25 62 55 24 16 67 30 2 60 88 15 41 38 91 49 11 31 76 68 57 85 80 82 40 81 34 48 96 52 0 32 71 93 83 51 17 79 99 74 39 84 59
Coste: 23693631

GENERACION: 64
Mejor Solucion:  94 72 64 8 95 54 92 86 27 12 33 61 78 10 35 13 77 14 58 29 43 4 26 70 28 6 75 22 9 98 45 37 87 18 21 36 1 19 53 46 66 20 89 97 7 73 3 50 65 23 63 44 69 42 5 47 90 56 25 62 55 24 16 67 30 2 60 88 15 41 38 91 49 11 31 76 68 57 85 80 82 40 81 34 48 96 52 0 32 71 93 83 51 17 79 99 74 39 84 59
Coste: 23693631

GENERACION: 65
Mejor Solucion:  94 72 64 8 95 54 92 86 27 12 33 61 78 10 35 13 77 14 58 29 43 4 26 70 28 6 75 22 9 98 45 37 87 18 21 36 1 19 53 46 66 20 89 97 7 73 3 50 65 23 63 44 69 42 5 47 90 56 25 62 55 24 16 67 30 2 60 88 15 41 38 91 49 11 31 76 68 57 85 80 82 40 81 34 48 96 52 0 32 71 93 83 51 17 79 99 74 39 84 59
Coste: 23693631

GENERACION: 66
Mejor Solucion:  94 72 64 8 95 54 92 86 27 12 33 61 78 10 35 13 77 14 58 29 43 4 26 70 28 6 75 22 9 98 45 37 87 18 21 36 1 19 53 46 66 20 89 97 7 73 3 50 65 23 63 44 69 42 5 47 90 56 25 62 55 24 16 67 30 2 60 88 15 41 38 91 49 11 31 76 68 57 85 80 82 40 81 34 48 96 52 0 32 71 93 83 51 17 79 99 74 39 84 59
Coste: 23693631

GENERACION: 67
Mejor Solucion:  94 72 64 8 95 54 92 86 27 12 33 61 78 10 35 13 77 14 58 29 43 4 26 70 28 6 75 22 9 98 45 37 87 18 21 36 1 19 53 46 66 20 89 97 7 73 3 50 65 23 63 44 69 42 5 47 90 56 25 62 55 24 16 67 30 2 60 88 15 41 38 91 49 11 31 76 68 57 85 80 82 40 81 34 48 96 52 0 32 71 93 83 51 17 79 99 74 39 84 59
Coste: 23693631

GENERACION: 68
Mejor Solucion:  94 72 64 8 95 54 92 86 27 12 33 61 78 10 35 13 77 14 58 29 43 4 26 70 28 6 75 22 9 98 45 37 87 18 21 36 1 19 53 46 66 20 89 97 7 73 3 50 65 23 63 44 69 42 5 47 90 56 25 62 55 24 16 67 30 2 60 88 15 41 38 91 49 11 31 76 68 57 85 80 82 40 81 34 48 96 52 0 32 71 93 83 51 17 79 99 74 39 84 59
Coste: 23693631

GENERACION: 69
Mejor Solucion:  94 72 64 8 95 54 92 86 27 12 33 61 78 10 35 13 77 14 58 29 43 4 26 70 28 6 75 22 9 98 45 37 87 18 21 36 1 19 53 46 66 20 89 97 7 73 3 50 65 23 63 44 69 42 5 47 90 56 25 62 55 24 16 67 30 2 60 88 15 41 38 91 49 11 31 76 68 57 85 80 82 40 81 34 48 96 52 0 32 71 93 83 51 17 79 99 74 39 84 59
Coste: 23693631

GENERACION: 70
Mejor Solucion:  94 72 64 8 95 54 92 86 27 12 33 61 78 10 35 13 77 14 58 29 43 4 26 70 28 6 75 22 9 98 45 37 87 18 21 36 1 19 53 46 66 20 89 97 7 73 3 50 65 23 63 44 69 42 5 47 90 56 25 62 55 24 16 67 30 2 60 88 15 41 38 91 49 11 31 76 68 57 85 80 82 40 81 34 48 96 52 0 32 71 93 83 51 17 79 99 74 39 84 59
Coste: 23693631

GENERACION: 71
Mejor Solucion:  94 72 64 8 95 54 92 86 27 12 33 61 78 10 35 13 77 14 58 29 43 4 26 70 28 6 75 22 9 98 45 37 87 18 21 36 1 19 53 46 66 20 89 97 7 73 3 50 65 23 63 44 69 42 5 47 90 56 25 62 55 24 16 67 30 2 60 88 15 41 38 91 49 11 31 76 68 57 85 80 82 40 81 34 48 96 52 0 32 71 93 83 51 17 79 99 74 39 84 59
Coste: 23693631

GENERACION: 72
Mejor Solucion:  94 72 64 8 95 54 92 86 27 12 33 61 78 10 35 13 77 14 58 29 43 4 26 70 28 6 75 22 9 98 45 37 87 18 21 36 1 19 53 46 66 20 89 97 7 73 3 50 65 23 63 44 69 42 5 47 90 56 25 62 55 24 16 67 30 2 60 88 15 41 38 91 49 11 31 76 68 57 85 80 82 40 81 34 48 96 52 0 32 71 93 83 51 17 79 99 74 39 84 59
Coste: 23693631

GENERACION: 73
Mejor Solucion:  94 72 64 8 95 54 92 86 27 12 33 61 78 10 35 13 77 14 58 29 43 4 26 70 28 6 75 22 9 98 45 37 87 18 21 36 1 19 53 46 66 20 89 97 7 73 3 50 65 23 63 44 69 42 5 47 90 56 25 62 55 24 16 67 30 2 60 88 15 41 38 91 49 11 31 76 68 57 85 80 82 40 81 34 48 96 52 0 32 71 93 83 51 17 79 99 74 39 84 59
Coste: 23693631

GENERACION: 74
Mejor Solucion:  94 2 64 76 72 77 93 7 52 73 57 61 97 59 36 11 43 6 81 83 86 35 34 8 50 24 75 51 9 15 44 37 12 79 21 58 99 25 92 46 66 20 89 1 88 78 17 38 65 47 33 45 69 32 98 3 90 56 19 40 55 70 14 30 87 23 13 63 10 67 39 91 49 74 31 85 42 16 53 48 68 4 29 26 82 96 22 80 60 71 28 27 18 62 5 41 95 0 84 54
Coste: 23660231

GENERACION: 75
Mejor Solucion:  94 2 64 76 72 77 93 7 52 73 57 61 97 59 36 11 43 6 81 83 86 35 34 8 50 24 75 51 9 15 44 37 12 79 21 58 99 25 92 46 66 20 89 1 88 78 17 38 65 47 33 45 69 32 98 3 90 56 19 40 55 70 14 30 87 23 13 63 10 67 39 91 49 74 31 85 42 16 53 48 68 4 29 26 82 96 22 80 60 71 28 27 18 62 5 41 95 0 84 54
Coste: 23660231

GENERACION: 76
Mejor Solucion:  94 2 64 76 72 77 93 7 52 73 57 61 97 59 36 11 43 6 81 83 86 35 34 8 50 24 75 51 9 15 44 37 12 79 21 58 99 25 92 46 66 20 89 1 88 78 17 38 65 47 33 45 69 32 98 3 90 56 19 40 55 70 14 30 87 23 13 63 10 67 39 91 49 74 31 85 42 16 53 48 68 4 29 26 82 96 22 80 60 71 28 27 18 62 5 41 95 0 84 54
Coste: 23660231

GENERACION: 77
Mejor Solucion:  94 2 64 76 72 77 93 7 52 73 57 61 97 59 36 11 43 6 81 83 86 35 34 8 50 24 75 51 9 15 44 37 12 79 21 58 99 25 92 46 66 20 89 1 88 78 17 38 65 47 33 45 69 32 98 3 90 56 19 40 55 70 14 30 87 23 13 63 10 67 39 91 49 74 31 85 42 16 53 48 68 4 29 26 82 96 22 80 60 71 28 27 18 62 5 41 95 0 84 54
Coste: 23660231

GENERACION: 78
Mejor Solucion:  94 2 64 76 72 77 93 7 52 73 57 61 97 59 36 11 43 6 81 83 86 35 34 8 50 24 75 51 9 15 44 37 12 79 21 58 99 25 92 46 66 20 89 1 88 78 17 38 65 47 33 45 69 32 98 3 90 56 19 40 55 70 14 30 87 23 13 63 10 67 39 91 49 74 31 85 42 16 53 48 68 4 29 26 82 96 22 80 60 71 28 27 18 62 5 41 95 0 84 54
Coste: 23660231

GENERACION: 79
Mejor Solucion:  94 2 64 76 72 77 93 7 52 73 57 61 97 59 36 11 43 6 81 83 86 35 34 8 50 24 75 51 9 15 44 37 12 79 21 58 99 25 92 46 66 20 89 1 88 78 17 38 65 47 33 45 69 32 98 3 90 56 19 40 55 70 14 30 87 23 13 63 10 67 39 91 49 74 31 85 42 16 53 48 68 4 29 26 82 96 22 80 60 71 28 27 18 62 5 41 95 0 84 54
Coste: 23660231

GENERACION: 80
Mejor Solucion:  94 2 64 76 72 77 93 7 52 73 57 61 97 59 36 11 43 6 81 83 86 35 34 8 50 24 75 51 9 15 44 37 12 79 21 58 99 25 92 46 66 20 89 1 88 78 17 38 65 47 33 45 69 32 98 3 90 56 19 40 55 70 14 30 87 23 13 63 10 67 39 91 49 74 31 85 42 16 53 48 68 4 29 26 82 96 22 80 60 71 28 27 18 62 5 41 95 0 84 54
Coste: 23660231

GENERACION: 81
Mejor Solucion:  2 94 64 76 72 77 93 43 52 59 57 73 97 61 36 11 7 6 81 41 86 35 34 32 30 24 75 91 9 15 44 37 12 79 21 58 99 25 92 46 66 20 89 1 88 78 23 38 65 47 33 45 69 8 98 3 90 19 56 40 55 70 14 50 87 17 84 63 10 67 39 51 49 74 31 85 42 16 53 48 68 4 29 26 82 96 22 80 60 71 28 27 18 62 5 83 95 0 13 54
Coste: 23594433

GENERACION: 82
Mejor Solucion:  2 94 64 76 72 77 93 43 52 59 57 73 97 61 36 11 7 6 81 41 86 35 34 32 30 24 75 91 9 15 44 37 12 79 21 58 99 25 92 46 66 20 89 1 88 78 23 38 65 47 33 45 69 8 98 3 90 19 56 40 55 70 14 50 87 17 84 63 10 67 39 51 49 74 31 85 42 16 53 48 68 4 29 26 82 96 22 80 60 71 28 27 18 62 5 83 95 0 13 54
Coste: 23594433

GENERACION: 83
Mejor Solucion:  2 94 64 76 72 77 93 43 52 59 57 73 97 61 36 11 7 6 81 41 86 35 34 32 30 24 75 91 9 15 44 37 12 79 21 58 99 25 92 46 66 20 89 1 88 78 23 38 65 47 33 45 69 8 98 3 90 19 56 40 55 70 14 50 87 17 84 63 10 67 39 51 49 74 31 85 42 16 53 48 68 4 29 26 82 96 22 80 60 71 28 27 18 62 5 83 95 0 13 54
Coste: 23594433

GENERACION: 84
Mejor Solucion:  2 94 64 76 72 77 93 43 52 59 57 73 97 61 36 11 7 6 81 41 86 35 34 32 30 24 75 91 9 15 44 37 12 79 21 58 99 25 92 46 66 20 89 1 88 78 23 38 65 47 33 45 69 8 98 3 90 19 56 40 55 70 14 50 87 17 84 63 10 67 39 51 49 74 31 85 42 16 53 48 68 4 29 26 82 96 22 80 60 71 28 27 18 62 5 83 95 0 13 54
Coste: 23594433

GENERACION: 85
Mejor Solucion:  2 94 64 76 72 77 93 43 52 59 57 73 97 61 36 11 7 6 81 41 86 35 34 32 30 24 75 91 9 15 44 37 12 79 21 58 99 25 92 46 66 20 89 1 88 78 23 38 65 47 33 45 69 8 98 3 90 19 56 40 55 70 14 50 87 17 84 63 10 67 39 51 49 74 31 85 42 16 53 48 68 4 29 26 82 96 22 80 60 71 28 27 18 62 5 83 95 0 13 54
Coste: 23594433

GENERACION: 86
Mejor Solucion:  2 94 64 76 72 77 93 43 52 59 57 73 97 61 36 11 7 6 81 41 86 35 34 32 30 24 75 91 9 15 44 37 12 79 21 58 99 25 92 46 66 20 89 1 88 78 23 38 65 47 33 45 69 8 98 3 90 19 56 40 55 70 14 50 87 17 84 63 10 67 39 51 49 74 31 85 42 16 53 48 68 4 29 26 82 96 22 80 60 71 28 27 18 62 5 83 95 0 13 54
Coste: 23594433

GENERACION: 87
Mejor Solucion:  2 94 64 76 72 77 93 43 52 59 57 73 97 61 36 11 7 6 81 41 86 35 34 32 30 24 75 91 9 15 44 37 12 79 21 58 99 25 92 46 66 20 89 1 88 78 23 38 65 47 33 45 69 8 98 3 90 19 56 40 55 70 14 50 87 17 84 63 10 67 39 51 49 74 31 85 42 16 53 48 68 4 29 26 82 96 22 80 60 71 28 27 18 62 5 83 95 0 13 54
Coste: 23594433

GENERACION: 88
Mejor Solucion:  2 94 64 76 72 77 93 43 52 59 57 73 97 61 36 11 7 6 81 41 86 35 34 32 30 24 75 91 9 15 44 37 12 79 21 58 99 25 92 46 66 20 89 1 88 78 23 38 65 47 33 45 69 8 98 3 90 19 56 40 55 70 14 50 87 17 84 63 10 67 39 51 49 74 31 85 42 16 53 48 68 4 29 26 82 96 22 80 60 71 28 27 18 62 5 83 95 0 13 54
Coste: 23594433

GENERACION: 89
Mejor Solucion:  2 94 64 76 72 77 93 43 52 59 57 73 97 61 36 11 7 6 81 41 86 35 34 32 30 24 75 91 9 15 44 37 12 79 21 58 99 25 92 46 66 20 89 1 88 78 23 38 65 47 33 45 69 8 98 3 90 19 56 40 55 70 14 50 87 17 84 63 10 67 39 51 49 74 31 85 42 16 53 48 68 4 29 26 82 96 22 80 60 71 28 27 18 62 5 83 95 0 13 54
Coste: 23594433

GENERACION: 90
Mejor Solucion:  2 94 64 76 72 77 93 43 52 59 57 73 97 61 36 11 7 6 81 41 86 35 34 32 30 24 75 91 9 15 44 37 12 79 21 58 99 25 92 46 66 20 89 1 88 78 23 38 65 47 33 45 69 8 98 3 90 19 56 40 55 70 14 50 87 17 84 63 10 67 39 51 49 74 31 85 42 16 53 48 68 4 29 26 82 96 22 80 60 71 28 27 18 62 5 83 95 0 13 54
Coste: 23594433

GENERACION: 91
Mejor Solucion:  2 94 64 76 72 77 93 43 52 59 57 73 97 61 36 11 7 6 81 41 86 35 34 32 30 24 75 91 9 15 44 37 12 79 21 58 99 25 92 46 66 20 89 1 88 78 23 38 65 47 33 45 69 8 98 3 90 19 56 40 55 70 14 50 87 17 84 63 10 67 39 51 49 74 31 85 42 16 53 48 68 4 29 26 82 96 22 80 60 71 28 27 18 62 5 83 95 0 13 54
Coste: 23594433

GENERACION: 92
Mejor Solucion:  2 94 64 76 72 77 93 43 52 59 57 73 97 61 36 11 7 6 81 41 86 35 34 32 30 24 75 91 9 15 44 37 12 79 21 58 99 25 92 46 66 20 89 1 88 78 23 38 65 47 33 45 69 8 98 3 90 19 56 40 55 70 14 50 87 17 84 63 10 67 39 51 49 74 31 85 42 16 53 48 68 4 29 26 82 96 22 80 60 71 28 27 18 62 5 83 95 0 13 54
Coste: 23594433

GENERACION: 93
Mejor Solucion:  2 94 64 76 72 77 93 43 52 59 57 73 97 61 36 11 7 6 81 41 86 35 34 32 30 24 75 91 9 15 44 37 12 79 21 58 99 25 92 46 66 20 89 1 88 78 23 38 65 47 33 45 69 8 98 3 90 19 56 40 55 70 14 50 87 17 84 63 10 67 39 51 49 74 31 85 42 16 53 48 68 4 29 26 82 96 22 80 60 71 28 27 18 62 5 83 95 0 13 54
Coste: 23594433

GENERACION: 94
Mejor Solucion:  2 94 64 76 72 77 93 43 52 59 57 73 97 61 36 11 7 6 81 41 86 35 34 32 30 24 75 91 9 15 44 37 12 79 21 58 99 25 92 46 66 20 89 1 88 78 23 38 65 47 33 45 69 8 98 3 90 19 56 40 55 70 14 50 87 17 84 63 10 67 39 51 49 74 31 85 42 16 53 48 68 4 29 26 82 96 22 80 60 71 28 27 18 62 5 83 95 0 13 54
Coste: 23594433

GENERACION: 95
Mejor Solucion:  2 94 64 76 72 77 93 43 52 59 57 73 97 61 36 11 7 6 81 41 86 35 34 32 30 24 75 91 9 15 44 37 12 79 21 58 99 25 92 46 66 20 89 1 88 78 23 38 65 47 33 45 69 8 98 3 90 19 56 40 55 70 14 50 87 17 84 63 10 67 39 51 49 74 31 85 42 16 53 48 68 4 29 26 82 96 22 80 60 71 28 27 18 62 5 83 95 0 13 54
Coste: 23594433

GENERACION: 96
Mejor Solucion:  2 94 64 76 72 77 93 43 52 59 57 73 97 61 36 11 7 6 81 41 86 35 34 32 30 24 75 91 9 15 44 37 12 79 21 58 99 25 92 46 66 20 89 1 88 78 23 38 65 47 33 45 69 8 98 3 90 19 56 40 55 70 14 50 87 17 84 63 10 67 39 51 49 74 31 85 42 16 53 48 68 4 29 26 82 96 22 80 60 71 28 27 18 62 5 83 95 0 13 54
Coste: 23594433

GENERACION: 97
Mejor Solucion:  2 94 64 76 72 77 93 43 52 59 57 73 97 61 36 11 7 6 81 41 86 35 34 32 30 24 75 91 9 15 44 37 12 79 21 58 99 25 92 46 66 20 89 1 88 78 23 38 65 47 33 45 69 8 98 3 90 19 56 40 55 70 14 50 87 17 84 63 10 67 39 51 49 74 31 85 42 16 53 48 68 4 29 26 82 96 22 80 60 71 28 27 18 62 5 83 95 0 13 54
Coste: 23594433

GENERACION: 98
Mejor Solucion:  2 94 64 76 72 77 93 43 52 59 57 73 97 61 36 11 7 6 81 41 86 35 34 32 30 24 75 91 9 15 44 37 12 79 21 58 99 25 92 46 66 20 89 1 88 78 23 38 65 47 33 45 69 8 98 3 90 19 56 40 55 70 14 50 87 17 84 63 10 67 39 51 49 74 31 85 42 16 53 48 68 4 29 26 82 96 22 80 60 71 28 27 18 62 5 83 95 0 13 54
Coste: 23594433

GENERACION: 99
Mejor Solucion:  2 94 64 76 72 77 93 43 52 59 57 73 97 61 36 11 7 6 81 41 86 35 34 32 30 24 75 91 9 15 44 37 12 79 21 58 99 25 92 46 66 20 89 1 88 78 23 38 65 47 33 45 69 8 98 3 90 19 56 40 55 70 14 50 87 17 84 63 10 67 39 51 49 74 31 85 42 16 53 48 68 4 29 26 82 96 22 80 60 71 28 27 18 62 5 83 95 0 13 54
Coste: 23594433

GENERACION: 100
Mejor Solucion:  2 94 64 76 72 77 93 43 52 59 57 73 97 61 36 11 7 6 81 41 86 35 34 32 30 24 75 91 9 15 44 37 12 79 21 58 99 25 92 46 66 20 89 1 88 78 23 38 65 47 33 45 69 8 98 3 90 19 56 40 55 70 14 50 87 17 84 63 10 67 39 51 49 74 31 85 42 16 53 48 68 4 29 26 82 96 22 80 60 71 28 27 18 62 5 83 95 0 13 54
Coste: 23594433

GENERACION: 101
Mejor Solucion:  2 94 64 76 72 77 93 43 52 59 57 73 97 61 36 11 7 6 81 41 86 35 34 32 30 24 75 91 9 15 44 37 12 79 21 58 99 25 92 46 66 20 89 1 88 78 23 38 65 47 33 45 69 8 98 3 90 19 56 40 55 70 14 50 87 17 84 63 10 67 39 51 49 74 31 85 42 16 53 48 68 4 29 26 82 96 22 80 60 71 28 27 18 62 5 83 95 0 13 54
Coste: 23594433

GENERACION: 102
Mejor Solucion:  2 94 64 76 72 77 93 43 52 59 57 73 97 61 36 11 7 6 81 41 86 35 34 32 30 24 75 91 9 15 44 37 12 79 21 58 99 25 92 46 66 20 89 1 88 78 23 38 65 47 33 45 69 8 98 3 90 19 56 40 55 70 14 50 87 17 84 63 10 67 39 51 49 74 31 85 42 16 53 48 68 4 29 26 82 96 22 80 60 71 28 27 18 62 5 83 95 0 13 54
Coste: 23594433

GENERACION: 103
Mejor Solucion:  2 94 64 76 72 77 93 43 52 59 57 73 97 61 36 11 7 6 81 41 86 35 34 32 30 24 75 91 9 15 44 37 12 79 21 58 99 25 92 46 66 20 89 1 88 78 23 38 65 47 33 45 69 8 98 3 90 19 56 40 55 70 14 50 87 17 84 63 10 67 39 51 49 74 31 85 42 16 53 48 68 4 29 26 82 96 22 80 60 71 28 27 18 62 5 83 95 0 13 54
Coste: 23594433

GENERACION: 104
Mejor Solucion:  2 94 64 76 72 77 93 43 52 59 57 73 97 61 36 11 7 6 81 41 86 35 34 32 30 24 75 91 9 15 44 37 12 79 21 58 99 25 92 46 66 20 89 1 88 78 23 38 65 47 33 45 69 8 98 3 90 19 56 40 55 70 14 50 87 17 84 63 10 67 39 51 49 74 31 85 42 16 53 48 68 4 29 26 82 96 22 80 60 71 28 27 18 62 5 83 95 0 13 54
Coste: 23594433

GENERACION: 105
Mejor Solucion:  2 94 64 76 72 77 93 43 52 59 57 73 97 61 36 11 7 6 81 41 86 35 34 32 30 24 75 91 9 15 44 37 12 79 21 58 99 25 92 46 66 20 89 1 88 78 23 38 65 47 33 45 69 8 98 3 90 19 56 40 55 70 14 50 87 17 84 63 10 67 39 51 49 74 31 85 42 16 53 48 68 4 29 26 82 96 22 80 60 71 28 27 18 62 5 83 95 0 13 54
Coste: 23594433

GENERACION: 106
Mejor Solucion:  2 94 64 76 72 77 93 43 52 59 57 73 97 61 36 11 7 6 81 41 86 35 34 32 30 24 75 91 9 15 44 37 12 79 21 58 99 25 92 46 66 20 89 1 88 78 23 38 65 47 33 45 69 8 98 3 90 19 56 40 55 70 14 50 87 17 84 63 10 67 39 51 49 74 31 85 42 16 53 48 68 4 29 26 82 96 22 80 60 71 28 27 18 62 5 83 95 0 13 54
Coste: 23594433

GENERACION: 107
Mejor Solucion:  2 94 64 76 72 77 93 43 52 59 57 73 97 61 36 11 7 6 81 41 86 35 34 32 30 24 75 91 9 15 44 37 12 79 21 58 99 25 92 46 66 20 89 1 88 78 23 38 65 47 33 45 69 8 98 3 90 19 56 40 55 70 14 50 87 17 84 63 10 67 39 51 49 74 31 85 42 16 53 48 68 4 29 26 82 96 22 80 60 71 28 27 18 62 5 83 95 0 13 54
Coste: 23594433

GENERACION: 108
Mejor Solucion:  2 94 64 76 72 77 93 43 52 59 57 73 97 61 36 11 7 6 81 41 86 35 34 32 30 24 75 91 9 15 44 37 12 79 21 58 99 25 92 46 66 20 89 1 88 78 23 38 65 47 33 45 69 8 98 3 90 19 56 40 55 70 14 50 87 17 84 63 10 67 39 51 49 74 31 85 42 16 53 48 68 4 29 26 82 96 22 80 60 71 28 27 18 62 5 83 95 0 13 54
Coste: 23594433

GENERACION: 109
Mejor Solucion:  2 94 64 76 72 77 93 43 52 59 57 73 97 61 36 11 7 6 81 41 86 35 34 32 30 24 75 91 9 15 44 37 12 79 21 58 99 25 92 46 66 20 89 1 88 78 23 38 65 47 33 45 69 8 98 3 90 19 56 40 55 70 14 50 87 17 84 63 10 67 39 51 49 74 31 85 42 16 53 48 68 4 29 26 82 96 22 80 60 71 28 27 18 62 5 83 95 0 13 54
Coste: 23594433

GENERACION: 110
Mejor Solucion:  2 94 64 76 72 77 93 43 52 59 57 73 97 61 36 11 7 6 81 41 86 35 34 32 30 24 75 91 9 15 44 37 12 79 21 58 99 25 92 46 66 20 89 1 88 78 23 38 65 47 33 45 69 8 98 3 90 19 56 40 55 70 14 50 87 17 84 63 10 67 39 51 49 74 31 85 42 16 53 48 68 4 29 26 82 96 22 80 60 71 28 27 18 62 5 83 95 0 13 54
Coste: 23594433

GENERACION: 111
Mejor Solucion:  2 94 64 76 72 77 93 43 52 59 57 73 97 61 36 11 7 6 81 41 86 35 34 32 30 24 75 91 9 15 44 37 12 79 21 58 99 25 92 46 66 20 89 1 88 78 23 38 65 47 33 45 69 8 98 3 90 19 56 40 55 70 14 50 87 17 84 63 10 67 39 51 49 74 31 85 42 16 53 48 68 4 29 26 82 96 22 80 60 71 28 27 18 62 5 83 95 0 13 54
Coste: 23594433

GENERACION: 112
Mejor Solucion:  2 94 64 76 72 77 93 43 52 59 57 73 97 61 36 11 7 6 81 41 86 35 34 32 30 24 75 91 9 15 44 37 12 79 21 58 99 25 92 46 66 20 89 1 88 78 23 38 65 47 33 45 69 8 98 3 90 19 56 40 55 70 14 50 87 17 84 63 10 67 39 51 49 74 31 85 42 16 53 48 68 4 29 26 82 96 22 80 60 71 28 27 18 62 5 83 95 0 13 54
Coste: 23594433

GENERACION: 113
Mejor Solucion:  2 94 64 76 72 77 93 43 52 59 57 73 97 61 36 11 7 6 81 41 86 35 34 32 30 24 75 91 9 15 44 37 12 79 21 58 99 25 92 46 66 20 89 1 88 78 23 38 65 47 33 45 69 8 98 3 90 19 56 40 55 70 14 50 87 17 84 63 10 67 39 51 49 74 31 85 42 16 53 48 68 4 29 26 82 96 22 80 60 71 28 27 18 62 5 83 95 0 13 54
Coste: 23594433

GENERACION: 114
Mejor Solucion:  2 94 64 76 72 77 93 43 52 59 57 73 97 61 36 11 7 6 81 41 86 35 34 32 30 24 75 91 9 15 44 37 12 79 21 58 99 25 92 46 66 20 89 1 88 78 23 38 65 47 33 45 69 8 98 3 90 19 56 40 55 70 14 50 87 17 84 63 10 67 39 51 49 74 31 85 42 16 53 48 68 4 29 26 82 96 22 80 60 71 28 27 18 62 5 83 95 0 13 54
Coste: 23594433

GENERACION: 115
Mejor Solucion:  2 94 64 76 72 77 93 43 52 59 57 73 97 61 36 11 7 6 81 41 86 35 34 32 30 24 75 91 9 15 44 37 12 79 21 58 99 25 92 46 66 20 89 1 88 78 23 38 65 47 33 45 69 8 98 3 90 19 56 40 55 70 14 50 87 17 84 63 10 67 39 51 49 74 31 85 42 16 53 48 68 4 29 26 82 96 22 80 60 71 28 27 18 62 5 83 95 0 13 54
Coste: 23594433

GENERACION: 116
Mejor Solucion:  2 94 64 76 72 77 93 43 52 59 57 73 97 61 36 11 7 6 81 41 86 35 34 32 30 24 75 91 9 15 44 37 12 79 21 58 99 25 92 46 66 20 89 1 88 78 23 38 65 47 33 45 69 8 98 3 90 19 56 40 55 70 14 50 87 17 84 63 10 67 39 51 49 74 31 85 42 16 53 48 68 4 29 26 82 96 22 80 60 71 28 27 18 62 5 83 95 0 13 54
Coste: 23594433

GENERACION: 117
Mejor Solucion:  2 94 64 76 72 77 93 43 52 59 57 73 97 61 36 11 7 6 81 41 86 35 34 32 30 24 75 91 9 15 44 37 12 79 21 58 99 25 92 46 66 20 89 1 88 78 23 38 65 47 33 45 69 8 98 3 90 19 56 40 55 70 14 50 87 17 84 63 10 67 39 51 49 74 31 85 42 16 53 48 68 4 29 26 82 96 22 80 60 71 28 27 18 62 5 83 95 0 13 54
Coste: 23594433

GENERACION: 118
Mejor Solucion:  2 94 64 76 72 77 93 43 52 59 57 73 97 61 36 11 7 6 81 41 86 35 34 32 30 24 75 91 9 15 44 37 12 79 21 58 99 25 92 46 66 20 89 1 88 78 23 38 65 47 33 45 69 8 98 3 90 19 56 40 55 70 14 50 87 17 84 63 10 67 39 51 49 74 31 85 42 16 53 48 68 4 29 26 82 96 22 80 60 71 28 27 18 62 5 83 95 0 13 54
Coste: 23594433

GENERACION: 119
Mejor Solucion:  2 94 64 76 72 77 93 43 52 59 57 73 97 61 36 11 7 6 81 41 86 35 34 32 30 24 75 91 9 15 44 37 12 79 21 58 99 25 92 46 66 20 89 1 88 78 23 38 65 47 33 45 69 8 98 3 90 19 56 40 55 70 14 50 87 17 84 63 10 67 39 51 49 74 31 85 42 16 53 48 68 4 29 26 82 96 22 80 60 71 28 27 18 62 5 83 95 0 13 54
Coste: 23594433

GENERACION: 120
Mejor Solucion:  2 94 64 76 72 77 93 43 52 59 57 73 97 61 36 11 7 6 81 41 86 35 34 32 30 24 75 91 9 15 44 37 12 79 21 58 99 25 92 46 66 20 89 1 88 78 23 38 65 47 33 45 69 8 98 3 90 19 56 40 55 70 14 50 87 17 84 63 10 67 39 51 49 74 31 85 42 16 53 48 68 4 29 26 82 96 22 80 60 71 28 27 18 62 5 83 95 0 13 54
Coste: 23594433

GENERACION: 121
Mejor Solucion:  2 94 64 76 72 77 93 43 52 59 57 73 97 61 36 11 7 6 81 41 86 35 34 32 30 24 75 91 9 15 44 37 12 79 21 58 99 25 92 46 66 20 89 1 88 78 23 38 65 47 33 45 69 8 98 3 90 19 56 40 55 70 14 50 87 17 84 63 10 67 39 51 49 74 31 85 42 16 53 48 68 4 29 26 82 96 22 80 60 71 28 27 18 62 5 83 95 0 13 54
Coste: 23594433

GENERACION: 122
Mejor Solucion:  2 94 64 76 72 77 93 43 52 59 57 73 97 61 36 11 7 6 81 41 86 35 34 32 30 24 75 91 9 15 44 37 12 79 21 58 99 25 92 46 66 20 89 1 88 78 23 38 65 47 33 45 69 8 98 3 90 19 56 40 55 70 14 50 87 17 84 63 10 67 39 51 49 74 31 85 42 16 53 48 68 4 29 26 82 96 22 80 60 71 28 27 18 62 5 83 95 0 13 54
Coste: 23594433

GENERACION: 123
Mejor Solucion:  2 94 64 76 72 77 93 43 52 59 57 73 97 61 36 11 7 6 81 41 86 35 34 32 30 24 75 91 9 15 44 37 12 79 21 58 99 25 92 46 66 20 89 1 88 78 23 38 65 47 33 45 69 8 98 3 90 19 56 40 55 70 14 50 87 17 84 63 10 67 39 51 49 74 31 85 42 16 53 48 68 4 29 26 82 96 22 80 60 71 28 27 18 62 5 83 95 0 13 54
Coste: 23594433

GENERACION: 124
Mejor Solucion:  2 94 64 76 72 77 93 43 52 59 57 73 97 61 36 11 7 6 81 41 86 35 34 32 30 24 75 91 9 15 44 37 12 79 21 58 99 25 92 46 66 20 89 1 88 78 23 38 65 47 33 45 69 8 98 3 90 19 56 40 55 70 14 50 87 17 84 63 10 67 39 51 49 74 31 85 42 16 53 48 68 4 29 26 82 96 22 80 60 71 28 27 18 62 5 83 95 0 13 54
Coste: 23594433

GENERACION: 125
Mejor Solucion:  2 94 64 76 72 77 93 43 52 59 57 73 97 61 36 11 7 6 81 41 86 35 34 32 30 24 75 91 9 15 44 37 12 79 21 58 99 25 92 46 66 20 89 1 88 78 23 38 65 47 33 45 69 8 98 3 90 19 56 40 55 70 14 50 87 17 84 63 10 67 39 51 49 74 31 85 42 16 53 48 68 4 29 26 82 96 22 80 60 71 28 27 18 62 5 83 95 0 13 54
Coste: 23594433

GENERACION: 126
Mejor Solucion:  2 94 64 76 72 77 93 43 52 59 57 73 97 61 36 11 7 6 81 41 86 35 34 32 30 24 75 91 9 15 44 37 12 79 21 58 99 25 92 46 66 20 89 1 88 78 23 38 65 47 33 45 69 8 98 3 90 19 56 40 55 70 14 50 87 17 84 63 10 67 39 51 49 74 31 85 42 16 53 48 68 4 29 26 82 96 22 80 60 71 28 27 18 62 5 83 95 0 13 54
Coste: 23594433

GENERACION: 127
Mejor Solucion:  2 94 64 76 72 77 93 43 52 59 57 73 97 61 36 11 7 6 81 41 86 35 34 32 30 24 75 91 9 15 44 37 12 79 21 58 99 25 92 46 66 20 89 1 88 78 23 38 65 47 33 45 69 8 98 3 90 19 56 40 55 70 14 50 87 17 84 63 10 67 39 51 49 74 31 85 42 16 53 48 68 4 29 26 82 96 22 80 60 71 28 27 18 62 5 83 95 0 13 54
Coste: 23594433

GENERACION: 128
Mejor Solucion:  2 94 64 76 72 77 93 43 52 59 57 73 97 61 36 11 7 6 81 41 86 35 34 32 30 24 75 91 9 15 44 37 12 79 21 58 99 25 92 46 66 20 89 1 88 78 23 38 65 47 33 45 69 8 98 3 90 19 56 40 55 70 14 50 87 17 84 63 10 67 39 51 49 74 31 85 42 16 53 48 68 4 29 26 82 96 22 80 60 71 28 27 18 62 5 83 95 0 13 54
Coste: 23594433

GENERACION: 129
Mejor Solucion:  2 94 64 76 72 77 93 43 52 59 57 73 97 61 36 11 7 6 81 41 86 35 34 32 30 24 75 91 9 15 44 37 12 79 21 58 99 25 92 46 66 20 89 1 88 78 23 38 65 47 33 45 69 8 98 3 90 19 56 40 55 70 14 50 87 17 84 63 10 67 39 51 49 74 31 85 42 16 53 48 68 4 29 26 82 96 22 80 60 71 28 27 18 62 5 83 95 0 13 54
Coste: 23594433

GENERACION: 130
Mejor Solucion:  2 94 64 76 72 77 93 43 52 59 57 73 97 61 36 11 7 6 81 41 86 35 34 32 30 24 75 91 9 15 44 37 12 79 21 58 99 25 92 46 66 20 89 1 88 78 23 38 65 47 33 45 69 8 98 3 90 19 56 40 55 70 14 50 87 17 84 63 10 67 39 51 49 74 31 85 42 16 53 48 68 4 29 26 82 96 22 80 60 71 28 27 18 62 5 83 95 0 13 54
Coste: 23594433

GENERACION: 131
Mejor Solucion:  2 94 64 76 72 77 93 43 52 59 57 73 97 61 36 11 7 6 81 41 86 35 34 32 30 24 75 91 9 15 44 37 12 79 21 58 99 25 92 46 66 20 89 1 88 78 23 38 65 47 33 45 69 8 98 3 90 19 56 40 55 70 14 50 87 17 84 63 10 67 39 51 49 74 31 85 42 16 53 48 68 4 29 26 82 96 22 80 60 71 28 27 18 62 5 83 95 0 13 54
Coste: 23594433

GENERACION: 132
Mejor Solucion:  2 94 64 76 72 77 93 43 52 59 57 73 97 61 36 11 7 6 81 41 86 35 34 32 30 24 75 91 9 15 44 37 12 79 21 58 99 25 92 46 66 20 89 1 88 78 23 38 65 47 33 45 69 8 98 3 90 19 56 40 55 70 14 50 87 17 84 63 10 67 39 51 49 74 31 85 42 16 53 48 68 4 29 26 82 96 22 80 60 71 28 27 18 62 5 83 95 0 13 54
Coste: 23594433

GENERACION: 133
Mejor Solucion:  2 94 64 76 72 77 93 43 52 59 57 73 97 61 36 11 7 6 81 41 86 35 34 32 30 24 75 91 9 15 44 37 12 79 21 58 99 25 92 46 66 20 89 1 88 78 23 38 65 47 33 45 69 8 98 3 90 19 56 40 55 70 14 50 87 17 84 63 10 67 39 51 49 74 31 85 42 16 53 48 68 4 29 26 82 96 22 80 60 71 28 27 18 62 5 83 95 0 13 54
Coste: 23594433

