GENERACION: 1
Mejor Solucion:  54 18 55 76 73 45 84 20 52 39 33 87 7 64 26 46 28 19 41 27 86 13 2 43 66 10 53 75 70 50 74 15 81 21 22 99 5 62 56 90 83 36 0 3 31 49 67 25 16 9 58 1 63 80 69 72 11 51 47 38 6 93 77 71 17 97 14 23 40 88 8 65 92 68 30 60 48 91 85 42 59 37 34 61 89 79 78 24 95 96 82 35 32 4 98 57 94 29 44 12
Coste: 23878998

GENERACION: 2
Mejor Solucion:  54 18 55 76 73 45 84 20 52 39 33 87 7 64 26 46 28 19 41 27 86 13 2 43 66 10 53 75 70 50 74 15 81 21 22 99 5 62 56 90 83 36 0 3 31 49 67 25 16 9 58 1 63 80 69 72 11 51 47 38 6 93 77 71 17 97 14 23 40 88 8 65 92 68 30 60 48 91 85 42 59 37 34 61 89 79 78 24 95 96 82 35 32 4 98 57 94 29 44 12
Coste: 23878998

GENERACION: 3
Mejor Solucion:  54 18 55 76 73 45 84 20 52 39 33 87 7 64 26 46 28 19 41 27 86 13 2 43 66 10 53 75 70 50 74 15 81 21 22 99 5 62 56 90 83 36 0 3 31 49 67 25 16 9 58 1 63 80 69 72 11 51 47 38 6 93 77 71 17 97 14 23 40 88 8 65 92 68 30 60 48 91 85 42 59 37 34 61 89 79 78 24 95 96 82 35 32 4 98 57 94 29 44 12
Coste: 23878998

GENERACION: 4
Mejor Solucion:  54 18 55 76 73 45 84 20 52 39 33 87 7 64 26 46 28 19 41 27 86 13 2 43 66 10 53 75 70 50 74 15 81 21 22 99 5 62 56 90 83 36 0 3 31 49 67 25 16 9 58 1 63 80 69 72 11 51 47 38 6 93 77 71 17 97 14 23 40 88 8 65 92 68 30 60 48 91 85 42 59 37 34 61 89 79 78 24 95 96 82 35 32 4 98 57 94 29 44 12
Coste: 23878998

GENERACION: 5
Mejor Solucion:  54 18 55 76 73 45 84 20 52 39 33 87 7 64 26 46 28 19 41 27 86 13 2 43 66 10 53 75 70 50 74 15 81 21 22 99 5 62 56 90 83 36 0 3 31 49 67 25 16 9 58 1 63 80 69 72 11 51 47 38 6 93 77 71 17 97 14 23 40 88 8 65 92 68 30 60 48 91 85 42 59 37 34 61 89 79 78 24 95 96 82 35 32 4 98 57 94 29 44 12
Coste: 23878998

GENERACION: 6
Mejor Solucion:  54 18 55 76 73 45 84 20 52 39 33 87 7 64 26 46 28 19 41 27 86 13 2 43 66 10 53 75 70 50 74 15 81 21 22 99 5 62 56 90 83 36 0 3 31 49 67 25 16 9 58 1 63 80 69 72 11 51 47 38 6 93 77 71 17 97 14 23 40 88 8 65 92 68 30 60 48 91 85 42 59 37 34 61 89 79 78 24 95 96 82 35 32 4 98 57 94 29 44 12
Coste: 23878998

GENERACION: 7
Mejor Solucion:  56 21 51 57 88 30 8 74 55 95 12 27 47 63 99 62 92 20 89 10 15 60 75 73 17 68 67 43 72 50 59 42 39 1 22 58 35 7 85 97 76 77 24 65 64 44 29 34 83 33 40 18 41 0 86 82 14 53 96 79 98 94 6 49 9 78 4 38 93 90 36 26 13 3 32 46 66 80 54 70 37 69 45 5 81 52 87 19 28 23 25 61 2 71 16 84 11 91 48 31
Coste: 23817891

GENERACION: 8
Mejor Solucion:  56 21 51 57 88 30 8 74 55 95 12 27 47 63 99 62 92 20 89 10 15 60 75 73 17 68 67 43 72 50 59 42 39 1 22 58 35 7 85 97 76 77 24 65 64 44 29 34 83 33 40 18 41 0 86 82 14 53 96 79 98 94 6 49 9 78 4 38 93 90 36 26 13 3 32 46 66 80 54 70 37 69 45 5 81 52 87 19 28 23 25 61 2 71 16 84 11 91 48 31
Coste: 23817891

GENERACION: 9
Mejor Solucion:  56 21 51 57 88 30 8 74 55 95 12 27 47 63 99 62 92 20 89 10 15 60 75 73 17 68 67 43 72 50 59 42 39 1 22 58 35 7 85 97 76 77 24 65 64 44 29 34 83 33 40 18 41 0 86 82 14 53 96 79 98 94 6 49 9 78 4 38 93 90 36 26 13 3 32 46 66 80 54 70 37 69 45 5 81 52 87 19 28 23 25 61 2 71 16 84 11 91 48 31
Coste: 23817891

GENERACION: 10
Mejor Solucion:  56 21 51 57 88 30 8 74 55 95 12 27 47 63 99 62 92 20 89 10 15 60 75 73 17 68 67 43 72 50 59 42 39 1 22 58 35 7 85 97 76 77 24 65 64 44 29 34 83 33 40 18 41 0 86 82 14 53 96 79 98 94 6 49 9 78 4 38 93 90 36 26 13 3 32 46 66 80 54 70 37 69 45 5 81 52 87 19 28 23 25 61 2 71 16 84 11 91 48 31
Coste: 23817891

GENERACION: 11
Mejor Solucion:  56 21 51 57 88 30 8 74 55 95 12 27 47 63 99 62 92 20 89 10 15 60 75 73 17 68 67 43 72 50 59 42 39 1 22 58 35 7 85 97 76 77 24 65 64 44 29 34 83 33 40 18 41 0 86 82 14 53 96 79 98 94 6 49 9 78 4 38 93 90 36 26 13 3 32 46 66 80 54 70 37 69 45 5 81 52 87 19 28 23 25 61 2 71 16 84 11 91 48 31
Coste: 23817891

GENERACION: 12
Mejor Solucion:  56 21 51 57 88 30 8 74 55 95 12 27 47 63 99 62 92 20 89 10 15 60 75 73 17 68 67 43 72 50 59 42 39 1 22 58 35 7 85 97 76 77 24 65 64 44 29 34 83 33 40 18 41 0 86 82 14 53 96 79 98 94 6 49 9 78 4 38 93 90 36 26 13 3 32 46 66 80 54 70 37 69 45 5 81 52 87 19 28 23 25 61 2 71 16 84 11 91 48 31
Coste: 23817891

GENERACION: 13
Mejor Solucion:  56 21 51 57 88 30 8 74 55 95 12 27 47 63 99 62 92 20 89 10 15 60 75 73 17 68 67 43 72 50 59 42 39 1 22 58 35 7 85 97 76 77 24 65 64 44 29 34 83 33 40 18 41 0 86 82 14 53 96 79 98 94 6 49 9 78 4 38 93 90 36 26 13 3 32 46 66 80 54 70 37 69 45 5 81 52 87 19 28 23 25 61 2 71 16 84 11 91 48 31
Coste: 23817891

GENERACION: 14
Mejor Solucion:  56 21 51 57 88 30 8 74 55 95 12 27 47 63 99 62 92 20 89 10 15 60 75 73 17 68 67 43 72 50 59 42 39 1 22 58 35 7 85 97 76 77 24 65 64 44 29 34 83 33 40 18 41 0 86 82 14 53 96 79 98 94 6 49 9 78 4 38 93 90 36 26 13 3 32 46 66 80 54 70 37 69 45 5 81 52 87 19 28 23 25 61 2 71 16 84 11 91 48 31
Coste: 23817891

GENERACION: 15
Mejor Solucion:  56 21 51 57 88 30 8 74 55 95 12 27 47 63 99 62 92 20 89 10 15 60 75 73 17 68 67 43 72 50 59 42 39 1 22 58 35 7 85 97 76 77 24 65 64 44 29 34 83 33 40 18 41 0 86 82 14 53 96 79 98 94 6 49 9 78 4 38 93 90 36 26 13 3 32 46 66 80 54 70 37 69 45 5 81 52 87 19 28 23 25 61 2 71 16 84 11 91 48 31
Coste: 23817891

GENERACION: 16
Mejor Solucion:  56 21 51 57 88 30 8 74 55 95 12 27 47 63 99 62 92 20 89 10 15 60 75 73 17 68 67 43 72 50 59 42 39 1 22 58 35 7 85 97 76 77 24 65 64 44 29 34 83 33 40 18 41 0 86 82 14 53 96 79 98 94 6 49 9 78 4 38 93 90 36 26 13 3 32 46 66 80 54 70 37 69 45 5 81 52 87 19 28 23 25 61 2 71 16 84 11 91 48 31
Coste: 23817891

GENERACION: 17
Mejor Solucion:  56 21 51 57 88 30 8 74 55 95 12 27 47 63 99 62 92 20 89 10 15 60 75 73 17 68 67 43 72 50 59 42 39 1 22 58 35 7 85 97 76 77 24 65 64 44 29 34 83 33 40 18 41 0 86 82 14 53 96 79 98 94 6 49 9 78 4 38 93 90 36 26 13 3 32 46 66 80 54 70 37 69 45 5 81 52 87 19 28 23 25 61 2 71 16 84 11 91 48 31
Coste: 23817891

GENERACION: 18
Mejor Solucion:  56 21 51 57 88 30 8 74 55 95 12 27 47 63 99 62 92 20 89 10 15 60 75 73 17 68 67 43 72 50 59 42 39 1 22 58 35 7 85 97 76 77 24 65 64 44 29 34 83 33 40 18 41 0 86 82 14 53 96 79 98 94 6 49 9 78 4 38 93 90 36 26 13 3 32 46 66 80 54 70 37 69 45 5 81 52 87 19 28 23 25 61 2 71 16 84 11 91 48 31
Coste: 23817891

GENERACION: 19
Mejor Solucion:  56 21 51 57 88 30 8 74 55 95 12 27 47 63 99 62 92 20 89 10 15 60 75 73 17 68 67 43 72 50 59 42 39 1 22 58 35 7 85 97 76 77 24 65 64 44 29 34 83 33 40 18 41 0 86 82 14 53 96 79 98 94 6 49 9 78 4 38 93 90 36 26 13 3 32 46 66 80 54 70 37 69 45 5 81 52 87 19 28 23 25 61 2 71 16 84 11 91 48 31
Coste: 23817891

GENERACION: 20
Mejor Solucion:  56 21 51 57 88 30 8 74 55 95 12 27 47 63 99 62 92 20 89 10 15 60 75 73 17 68 67 43 72 50 59 42 39 1 22 58 35 7 85 97 76 77 24 65 64 44 29 34 83 33 40 18 41 0 86 82 14 53 96 79 98 94 6 49 9 78 4 38 93 90 36 26 13 3 32 46 66 80 54 70 37 69 45 5 81 52 87 19 28 23 25 61 2 71 16 84 11 91 48 31
Coste: 23817891

GENERACION: 21
Mejor Solucion:  56 21 51 57 88 30 8 74 55 95 12 27 47 63 99 62 92 20 89 10 15 60 75 73 17 68 67 43 72 50 59 42 39 1 22 58 35 7 85 97 76 77 24 65 64 44 29 34 83 33 40 18 41 0 86 82 14 53 96 79 98 94 6 49 9 78 4 38 93 90 36 26 13 3 32 46 66 80 54 70 37 69 45 5 81 52 87 19 28 23 25 61 2 71 16 84 11 91 48 31
Coste: 23817891

GENERACION: 22
Mejor Solucion:  56 21 51 57 88 30 8 74 55 95 12 27 47 63 99 62 92 20 89 10 15 60 75 73 17 68 67 43 72 50 59 42 39 1 22 58 35 7 85 97 76 77 24 65 64 44 29 34 83 33 40 18 41 0 86 82 14 53 96 79 98 94 6 49 9 78 4 38 93 90 36 26 13 3 32 46 66 80 54 70 37 69 45 5 81 52 87 19 28 23 25 61 2 71 16 84 11 91 48 31
Coste: 23817891

GENERACION: 23
Mejor Solucion:  56 21 51 57 88 30 8 74 55 95 12 27 47 63 99 62 92 20 89 10 15 60 75 73 17 68 67 43 72 50 59 42 39 1 22 58 35 7 85 97 76 77 24 65 64 44 29 34 83 33 40 18 41 0 86 82 14 53 96 79 98 94 6 49 9 78 4 38 93 90 36 26 13 3 32 46 66 80 54 70 37 69 45 5 81 52 87 19 28 23 25 61 2 71 16 84 11 91 48 31
Coste: 23817891

GENERACION: 24
Mejor Solucion:  56 21 51 57 88 30 8 74 55 95 12 27 47 63 99 62 92 20 89 10 15 60 75 73 17 68 67 43 72 50 59 42 39 1 22 58 35 7 85 97 76 77 24 65 64 44 29 34 83 33 40 18 41 0 86 82 14 53 96 79 98 94 6 49 9 78 4 38 93 90 36 26 13 3 32 46 66 80 54 70 37 69 45 5 81 52 87 19 28 23 25 61 2 71 16 84 11 91 48 31
Coste: 23817891

GENERACION: 25
Mejor Solucion:  56 21 51 57 88 30 8 74 55 95 12 27 47 63 99 62 92 20 89 10 15 60 75 73 17 68 67 43 72 50 59 42 39 1 22 58 35 7 85 97 76 77 24 65 64 44 29 34 83 33 40 18 41 0 86 82 14 53 96 79 98 94 6 49 9 78 4 38 93 90 36 26 13 3 32 46 66 80 54 70 37 69 45 5 81 52 87 19 28 23 25 61 2 71 16 84 11 91 48 31
Coste: 23817891

GENERACION: 26
Mejor Solucion:  56 21 51 57 88 30 8 74 55 95 12 27 47 63 99 62 92 20 89 10 15 60 75 73 17 68 67 43 72 50 59 42 39 1 22 58 35 7 85 97 76 77 24 65 64 44 29 34 83 33 40 18 41 0 86 82 14 53 96 79 98 94 6 49 9 78 4 38 93 90 36 26 13 3 32 46 66 80 54 70 37 69 45 5 81 52 87 19 28 23 25 61 2 71 16 84 11 91 48 31
Coste: 23817891

GENERACION: 27
Mejor Solucion:  56 21 51 57 88 30 8 74 55 95 12 27 47 63 99 62 92 20 89 10 15 60 75 73 17 68 67 43 72 50 59 42 39 1 22 58 35 7 85 97 76 77 24 65 64 44 29 34 83 33 40 18 41 0 86 82 14 53 96 79 98 94 6 49 9 78 4 38 93 90 36 26 13 3 32 46 66 80 54 70 37 69 45 5 81 52 87 19 28 23 25 61 2 71 16 84 11 91 48 31
Coste: 23817891

GENERACION: 28
Mejor Solucion:  3 48 11 25 88 2 12 42 21 23 17 51 57 63 31 47 38 20 60 8 55 9 1 73 95 30 67 43 56 50 27 59 89 16 22 58 35 7 85 97 76 75 24 65 64 44 29 34 96 99 40 18 41 36 86 82 14 53 83 92 98 94 6 49 15 78 4 0 93 90 52 26 13 71 32 46 66 80 54 70 37 69 45 5 81 33 87 19 28 10 79 61 72 39 68 62 84 77 74 91
Coste: 23771499

GENERACION: 29
Mejor Solucion:  3 48 11 25 88 2 12 42 21 23 17 51 57 63 31 47 38 20 60 8 55 9 1 73 95 30 67 43 56 50 27 59 89 16 22 58 35 7 85 97 76 75 24 65 64 44 29 34 96 99 40 18 41 36 86 82 14 53 83 92 98 94 6 49 15 78 4 0 93 90 52 26 13 71 32 46 66 80 54 70 37 69 45 5 81 33 87 19 28 10 79 61 72 39 68 62 84 77 74 91
Coste: 23771499

GENERACION: 30
Mejor Solucion:  3 48 11 25 88 2 12 42 21 23 17 51 57 63 31 47 38 20 60 8 55 9 1 73 95 30 67 43 56 50 27 59 89 16 22 58 35 7 85 97 76 75 24 65 64 44 29 34 96 99 40 18 41 36 86 82 14 53 83 92 98 94 6 49 15 78 4 0 93 90 52 26 13 71 32 46 66 80 54 70 37 69 45 5 81 33 87 19 28 10 79 61 72 39 68 62 84 77 74 91
Coste: 23771499

GENERACION: 31
Mejor Solucion:  3 48 11 25 88 2 12 42 21 23 17 51 57 63 31 47 38 20 60 8 55 9 1 73 95 30 67 43 56 50 27 59 89 16 22 58 35 7 85 97 76 75 24 65 64 44 29 34 96 99 40 18 41 36 86 82 14 53 83 92 98 94 6 49 15 78 4 0 93 90 52 26 13 71 32 46 66 80 54 70 37 69 45 5 81 33 87 19 28 10 79 61 72 39 68 62 84 77 74 91
Coste: 23771499

GENERACION: 32
Mejor Solucion:  3 48 11 25 88 2 12 42 21 23 17 51 57 63 31 47 38 20 60 8 55 9 1 73 95 30 67 43 56 50 27 59 89 16 22 58 35 7 85 97 76 75 24 65 64 44 29 34 96 99 40 18 41 36 86 82 14 53 83 92 98 94 6 49 15 78 4 0 93 90 52 26 13 71 32 46 66 80 54 70 37 69 45 5 81 33 87 19 28 10 79 61 72 39 68 62 84 77 74 91
Coste: 23771499

GENERACION: 33
Mejor Solucion:  3 48 11 25 88 2 12 42 21 23 17 51 57 63 31 47 38 20 60 8 55 9 1 73 95 30 67 43 56 50 27 59 89 16 22 58 35 7 85 97 76 75 24 65 64 44 29 34 96 99 40 18 41 36 86 82 14 53 83 92 98 94 6 49 15 78 4 0 93 90 52 26 13 71 32 46 66 80 54 70 37 69 45 5 81 33 87 19 28 10 79 61 72 39 68 62 84 77 74 91
Coste: 23771499

GENERACION: 34
Mejor Solucion:  3 82 14 25 88 2 12 42 21 17 24 51 57 63 31 47 71 20 60 8 64 9 5 73 95 30 67 75 10 43 27 59 22 16 89 79 50 40 85 97 76 53 23 65 15 44 29 34 78 90 49 18 41 66 86 48 11 35 96 83 98 94 6 7 55 92 84 0 70 99 52 26 13 38 32 74 36 91 54 93 37 69 45 1 81 33 87 19 28 56 58 61 72 39 62 68 80 77 46 4
Coste: 23732004

GENERACION: 35
Mejor Solucion:  3 82 14 25 88 2 12 42 21 17 24 51 57 63 31 47 71 20 60 8 64 9 5 73 95 30 67 75 10 43 27 59 22 16 89 79 50 40 85 97 76 53 23 65 15 44 29 34 78 90 49 18 41 66 86 48 11 35 96 83 98 94 6 7 55 92 84 0 70 99 52 26 13 38 32 74 36 91 54 93 37 69 45 1 81 33 87 19 28 56 58 61 72 39 62 68 80 77 46 4
Coste: 23732004

GENERACION: 36
Mejor Solucion:  3 82 14 25 88 2 12 42 21 17 24 51 57 63 31 47 71 20 60 8 64 9 5 73 95 30 67 75 10 43 27 59 22 16 89 79 50 40 85 97 76 53 23 65 15 44 29 34 78 90 49 18 41 66 86 48 11 35 96 83 98 94 6 7 55 92 84 0 70 99 52 26 13 38 32 74 36 91 54 93 37 69 45 1 81 33 87 19 28 56 58 61 72 39 62 68 80 77 46 4
Coste: 23732004

GENERACION: 37
Mejor Solucion:  3 82 14 25 88 2 12 42 21 17 24 51 57 63 31 47 71 20 60 8 64 9 5 73 95 30 67 75 10 43 27 59 22 16 89 79 50 40 85 97 76 53 23 65 15 44 29 34 78 90 49 18 41 66 86 48 11 35 96 83 98 94 6 7 55 92 84 0 70 99 52 26 13 38 32 74 36 91 54 93 37 69 45 1 81 33 87 19 28 56 58 61 72 39 62 68 80 77 46 4
Coste: 23732004

GENERACION: 38
Mejor Solucion:  3 82 14 25 88 2 12 42 21 17 24 51 57 63 31 47 71 20 60 8 64 9 5 73 95 30 67 75 10 43 27 59 22 16 89 79 50 40 85 97 76 53 23 65 15 44 29 34 78 90 49 18 41 66 86 48 11 35 96 83 98 94 6 7 55 92 84 0 70 99 52 26 13 38 32 74 36 91 54 93 37 69 45 1 81 33 87 19 28 56 58 61 72 39 62 68 80 77 46 4
Coste: 23732004

GENERACION: 39
Mejor Solucion:  3 82 14 25 88 2 12 42 21 17 24 51 57 63 31 47 71 20 60 8 64 9 5 73 95 30 67 75 10 43 27 59 22 16 89 79 50 40 85 97 76 53 23 65 15 44 29 34 78 90 49 18 41 66 86 48 11 35 96 83 98 94 6 7 55 92 84 0 70 99 52 26 13 38 32 74 36 91 54 93 37 69 45 1 81 33 87 19 28 56 58 61 72 39 62 68 80 77 46 4
Coste: 23732004

GENERACION: 40
Mejor Solucion:  3 82 14 25 88 2 12 42 21 17 24 51 57 63 31 47 71 20 60 8 64 9 5 73 95 30 67 75 10 43 27 59 22 16 89 79 50 40 85 97 76 53 23 65 15 44 29 34 78 90 49 18 41 66 86 48 11 35 96 83 98 94 6 7 55 92 84 0 70 99 52 26 13 38 32 74 36 91 54 93 37 69 45 1 81 33 87 19 28 56 58 61 72 39 62 68 80 77 46 4
Coste: 23732004

GENERACION: 41
Mejor Solucion:  3 82 14 25 88 2 12 42 21 17 24 51 57 63 31 47 71 20 60 8 64 9 5 73 95 30 67 75 10 43 27 59 22 16 89 79 50 40 85 97 76 53 23 65 15 44 29 34 78 90 49 18 41 66 86 48 11 35 96 83 98 94 6 7 55 92 84 0 70 99 52 26 13 38 32 74 36 91 54 93 37 69 45 1 81 33 87 19 28 56 58 61 72 39 62 68 80 77 46 4
Coste: 23732004

GENERACION: 42
Mejor Solucion:  3 82 14 25 88 2 12 42 21 17 24 51 57 63 31 47 71 20 60 8 64 9 5 73 95 30 67 75 10 43 27 59 22 16 89 79 50 40 85 97 76 53 23 65 15 44 29 34 78 90 49 18 41 66 86 48 11 35 96 83 98 94 6 7 55 92 84 0 70 99 52 26 13 38 32 74 36 91 54 93 37 69 45 1 81 33 87 19 28 56 58 61 72 39 62 68 80 77 46 4
Coste: 23732004

GENERACION: 43
Mejor Solucion:  3 82 14 25 88 2 12 42 21 17 24 51 57 63 31 47 71 20 60 8 64 9 5 73 95 30 67 75 10 43 27 59 22 16 89 79 50 40 85 97 76 53 23 65 15 44 29 34 78 90 49 18 41 66 86 48 11 35 96 83 98 94 6 7 55 92 84 0 70 99 52 26 13 38 32 74 36 91 54 93 37 69 45 1 81 33 87 19 28 56 58 61 72 39 62 68 80 77 46 4
Coste: 23732004

GENERACION: 44
Mejor Solucion:  3 82 14 25 88 2 12 42 21 17 24 51 57 63 31 47 71 20 60 8 64 9 5 73 95 30 67 75 10 43 27 59 22 16 89 79 50 40 85 97 76 53 23 65 15 44 29 34 78 90 49 18 41 66 86 48 11 35 96 83 98 94 6 7 55 92 84 0 70 99 52 26 13 38 32 74 36 91 54 93 37 69 45 1 81 33 87 19 28 56 58 61 72 39 62 68 80 77 46 4
Coste: 23732004

GENERACION: 45
Mejor Solucion:  3 82 14 25 88 2 12 42 21 17 24 51 57 63 31 47 71 20 60 8 64 9 5 73 95 30 67 75 10 43 27 59 22 16 89 79 50 40 85 97 76 53 23 65 15 44 29 34 78 90 49 18 41 66 86 48 11 35 96 83 98 94 6 7 55 92 84 0 70 99 52 26 13 38 32 74 36 91 54 93 37 69 45 1 81 33 87 19 28 56 58 61 72 39 62 68 80 77 46 4
Coste: 23732004

GENERACION: 46
Mejor Solucion:  3 82 14 25 88 2 12 42 21 17 24 51 57 63 31 47 71 20 60 8 64 9 5 73 95 30 67 75 10 43 27 59 22 16 89 79 50 40 85 97 76 53 23 65 15 44 29 34 78 90 49 18 41 66 86 48 11 35 96 83 98 94 6 7 55 92 84 0 70 99 52 26 13 38 32 74 36 91 54 93 37 69 45 1 81 33 87 19 28 56 58 61 72 39 62 68 80 77 46 4
Coste: 23732004

GENERACION: 47
Mejor Solucion:  3 82 14 25 88 2 12 42 21 17 24 51 57 63 31 47 71 20 60 8 64 9 5 73 95 30 67 75 10 43 27 59 22 16 89 79 50 40 85 97 76 53 23 65 15 44 29 34 78 90 49 18 41 66 86 48 11 35 96 83 98 94 6 7 55 92 84 0 70 99 52 26 13 38 32 74 36 91 54 93 37 69 45 1 81 33 87 19 28 56 58 61 72 39 62 68 80 77 46 4
Coste: 23732004

GENERACION: 48
Mejor Solucion:  3 82 14 25 88 2 12 42 21 17 24 51 57 63 31 47 71 20 60 8 64 9 5 73 95 30 67 75 10 43 27 59 22 16 89 79 50 40 85 97 76 53 23 65 15 44 29 34 78 90 49 18 41 66 86 48 11 35 96 83 98 94 6 7 55 92 84 0 70 99 52 26 13 38 32 74 36 91 54 93 37 69 45 1 81 33 87 19 28 56 58 61 72 39 62 68 80 77 46 4
Coste: 23732004

GENERACION: 49
Mejor Solucion:  3 82 14 25 88 2 12 42 21 17 24 51 57 63 31 47 71 20 60 8 64 9 5 73 95 30 67 75 10 43 27 59 22 16 89 79 50 40 85 97 76 53 23 65 15 44 29 34 78 90 49 18 41 66 86 48 11 35 96 83 98 94 6 7 55 92 84 0 70 99 52 26 13 38 32 74 36 91 54 93 37 69 45 1 81 33 87 19 28 56 58 61 72 39 62 68 80 77 46 4
Coste: 23732004

GENERACION: 50
Mejor Solucion:  3 82 14 25 88 2 12 42 21 17 24 51 57 63 31 47 71 20 60 8 64 9 5 73 95 30 67 75 10 43 27 59 22 16 89 79 50 40 85 97 76 53 23 65 15 44 29 34 78 90 49 18 41 66 86 48 11 35 96 83 98 94 6 7 55 92 84 0 70 99 52 26 13 38 32 74 36 91 54 93 37 69 45 1 81 33 87 19 28 56 58 61 72 39 62 68 80 77 46 4
Coste: 23732004

GENERACION: 51
Mejor Solucion:  3 82 14 25 88 2 12 42 21 17 24 51 57 63 31 47 71 20 60 8 64 9 5 73 95 30 67 75 10 43 27 59 22 16 89 79 50 40 85 97 76 53 23 65 15 44 29 34 78 90 49 18 41 66 86 48 11 35 96 83 98 94 6 7 55 92 84 0 70 99 52 26 13 38 32 74 36 91 54 93 37 69 45 1 81 33 87 19 28 56 58 61 72 39 62 68 80 77 46 4
Coste: 23732004

GENERACION: 52
Mejor Solucion:  3 82 14 25 88 2 12 42 21 17 24 51 57 63 31 47 71 20 60 8 64 9 5 73 95 30 67 75 10 43 27 59 22 16 89 79 50 40 85 97 76 53 23 65 15 44 29 34 78 90 49 18 41 66 86 48 11 35 96 83 98 94 6 7 55 92 84 0 70 99 52 26 13 38 32 74 36 91 54 93 37 69 45 1 81 33 87 19 28 56 58 61 72 39 62 68 80 77 46 4
Coste: 23732004

GENERACION: 53
Mejor Solucion:  3 82 14 25 88 2 12 42 21 17 24 51 57 63 31 47 71 20 60 8 64 9 5 73 95 30 67 75 10 43 27 59 22 16 89 79 50 40 85 97 76 53 23 65 15 44 29 34 78 90 49 18 41 66 86 48 11 35 96 83 98 94 6 7 55 92 84 0 70 99 52 26 13 38 32 74 36 91 54 93 37 69 45 1 81 33 87 19 28 56 58 61 72 39 62 68 80 77 46 4
Coste: 23732004

GENERACION: 54
Mejor Solucion:  3 82 14 25 88 2 12 42 21 17 24 51 57 63 31 47 71 20 60 8 64 9 5 73 95 30 67 75 10 43 27 59 22 16 89 79 50 40 85 97 76 53 23 65 15 44 29 34 78 90 49 18 41 66 86 48 11 35 96 83 98 94 6 7 55 92 84 0 70 99 52 26 13 38 32 74 36 91 54 93 37 69 45 1 81 33 87 19 28 56 58 61 72 39 62 68 80 77 46 4
Coste: 23732004

GENERACION: 55
Mejor Solucion:  3 82 14 25 88 2 12 42 21 17 24 51 57 63 31 47 71 20 60 8 64 9 5 73 95 30 67 75 10 43 27 59 22 16 89 79 50 40 85 97 76 53 23 65 15 44 29 34 78 90 49 18 41 66 86 48 11 35 96 83 98 94 6 7 55 92 84 0 70 99 52 26 13 38 32 74 36 91 54 93 37 69 45 1 81 33 87 19 28 56 58 61 72 39 62 68 80 77 46 4
Coste: 23732004

GENERACION: 56
Mejor Solucion:  3 82 14 25 88 2 12 42 21 17 24 51 57 63 31 47 71 20 60 8 64 9 5 73 95 30 67 75 10 43 27 59 22 16 89 79 50 40 85 97 76 53 23 65 15 44 29 34 78 90 49 18 41 66 86 48 11 35 96 83 98 94 6 7 55 92 84 0 70 99 52 26 13 38 32 74 36 91 54 93 37 69 45 1 81 33 87 19 28 56 58 61 72 39 62 68 80 77 46 4
Coste: 23732004

GENERACION: 57
Mejor Solucion:  3 82 14 25 88 2 12 42 21 17 24 51 57 63 31 47 71 20 60 8 64 9 5 73 95 30 67 75 10 43 27 59 22 16 89 79 50 40 85 97 76 53 23 65 15 44 29 34 78 90 49 18 41 66 86 48 11 35 96 83 98 94 6 7 55 92 84 0 70 99 52 26 13 38 32 74 36 91 54 93 37 69 45 1 81 33 87 19 28 56 58 61 72 39 62 68 80 77 46 4
Coste: 23732004

GENERACION: 58
Mejor Solucion:  3 82 14 25 88 2 12 42 21 17 24 51 57 63 31 47 71 20 60 8 64 9 5 73 95 30 67 75 10 43 27 59 22 16 89 79 50 40 85 97 76 53 23 65 15 44 29 34 78 90 49 18 41 66 86 48 11 35 96 83 98 94 6 7 55 92 84 0 70 99 52 26 13 38 32 74 36 91 54 93 37 69 45 1 81 33 87 19 28 56 58 61 72 39 62 68 80 77 46 4
Coste: 23732004

GENERACION: 59
Mejor Solucion:  3 82 14 25 88 2 12 42 21 17 24 51 57 63 31 47 71 20 60 8 64 9 5 73 95 30 67 75 10 43 27 59 22 16 89 79 50 40 85 97 76 53 23 65 15 44 29 34 78 90 49 18 41 66 86 48 11 35 96 83 98 94 6 7 55 92 84 0 70 99 52 26 13 38 32 74 36 91 54 93 37 69 45 1 81 33 87 19 28 56 58 61 72 39 62 68 80 77 46 4
Coste: 23732004

GENERACION: 60
Mejor Solucion:  3 82 14 25 88 2 12 42 21 17 24 51 57 63 31 47 71 20 60 8 64 9 5 73 95 30 67 75 10 43 27 59 22 16 89 79 50 40 85 97 76 53 23 65 15 44 29 34 78 90 49 18 41 66 86 48 11 35 96 83 98 94 6 7 55 92 84 0 70 99 52 26 13 38 32 74 36 91 54 93 37 69 45 1 81 33 87 19 28 56 58 61 72 39 62 68 80 77 46 4
Coste: 23732004

GENERACION: 61
Mejor Solucion:  3 82 14 25 88 2 12 42 21 17 24 51 57 63 31 47 71 20 60 8 64 9 5 73 95 30 67 75 10 43 27 59 22 16 89 79 50 40 85 97 76 53 23 65 15 44 29 34 78 90 49 18 41 66 86 48 11 35 96 83 98 94 6 7 55 92 84 0 70 99 52 26 13 38 32 74 36 91 54 93 37 69 45 1 81 33 87 19 28 56 58 61 72 39 62 68 80 77 46 4
Coste: 23732004

GENERACION: 62
Mejor Solucion:  3 82 14 25 88 2 12 42 21 17 24 51 57 63 31 47 71 20 60 8 64 9 5 73 95 30 67 75 10 43 27 59 22 16 89 79 50 40 85 97 76 53 23 65 15 44 29 34 78 90 49 18 41 66 86 48 11 35 96 83 98 94 6 7 55 92 84 0 70 99 52 26 13 38 32 74 36 91 54 93 37 69 45 1 81 33 87 19 28 56 58 61 72 39 62 68 80 77 46 4
Coste: 23732004

GENERACION: 63
Mejor Solucion:  3 82 14 25 88 2 12 42 21 17 24 51 57 63 31 47 71 20 60 8 64 9 5 73 95 30 67 75 10 43 27 59 22 16 89 79 50 40 85 97 76 53 23 65 15 44 29 34 78 90 49 18 41 66 86 48 11 35 96 83 98 94 6 7 55 92 84 0 70 99 52 26 13 38 32 74 36 91 54 93 37 69 45 1 81 33 87 19 28 56 58 61 72 39 62 68 80 77 46 4
Coste: 23732004

GENERACION: 64
Mejor Solucion:  3 82 14 25 88 2 12 42 21 17 24 51 57 63 31 47 71 20 60 8 64 9 5 73 95 30 67 75 10 43 27 59 22 16 89 79 50 40 85 97 76 53 23 65 15 44 29 34 78 90 49 18 41 66 86 48 11 35 96 83 98 94 6 7 55 92 84 0 70 99 52 26 13 38 32 74 36 91 54 93 37 69 45 1 81 33 87 19 28 56 58 61 72 39 62 68 80 77 46 4
Coste: 23732004

GENERACION: 65
Mejor Solucion:  3 82 14 25 88 2 12 42 21 17 24 51 57 63 31 47 71 20 60 8 64 9 5 73 95 30 67 75 10 43 27 59 22 16 89 79 50 40 85 97 76 53 23 65 15 44 29 34 78 90 49 18 41 66 86 48 11 35 96 83 98 94 6 7 55 92 84 0 70 99 52 26 13 38 32 74 36 91 54 93 37 69 45 1 81 33 87 19 28 56 58 61 72 39 62 68 80 77 46 4
Coste: 23732004

GENERACION: 66
Mejor Solucion:  3 82 14 25 88 2 12 42 21 17 24 51 57 63 31 47 71 20 60 8 64 9 5 73 95 30 67 75 10 43 27 59 22 16 89 79 50 40 85 97 76 53 23 65 15 44 29 34 78 90 49 18 41 66 86 48 11 35 96 83 98 94 6 7 55 92 84 0 70 99 52 26 13 38 32 74 36 91 54 93 37 69 45 1 81 33 87 19 28 56 58 61 72 39 62 68 80 77 46 4
Coste: 23732004

GENERACION: 67
Mejor Solucion:  63 21 47 24 88 42 37 7 71 17 51 54 92 80 60 33 31 96 18 68 64 9 5 73 75 23 67 95 10 43 27 59 22 16 89 79 50 40 85 97 76 53 30 65 15 44 29 34 14 90 49 32 41 66 86 48 11 35 20 83 98 94 6 2 55 57 84 0 70 99 52 46 13 38 61 74 36 91 25 93 12 69 45 1 81 78 87 19 28 56 58 82 72 39 62 8 3 77 26 4
Coste: 23727091

GENERACION: 68
Mejor Solucion:  63 21 47 24 88 42 37 7 71 17 51 54 92 80 60 33 31 96 18 68 64 9 5 73 75 23 67 95 10 43 27 59 22 16 89 79 50 40 85 97 76 53 30 65 15 44 29 34 14 90 49 32 41 66 86 48 11 35 20 83 98 94 6 2 55 57 84 0 70 99 52 46 13 38 61 74 36 91 25 93 12 69 45 1 81 78 87 19 28 56 58 82 72 39 62 8 3 77 26 4
Coste: 23727091

GENERACION: 69
Mejor Solucion:  63 21 47 24 88 42 37 7 71 17 51 54 92 80 60 33 31 96 18 68 64 9 5 73 75 23 67 95 10 43 27 59 22 16 89 79 50 40 85 97 76 53 30 65 15 44 29 34 14 90 49 32 41 66 86 48 11 35 20 83 98 94 6 2 55 57 84 0 70 99 52 46 13 38 61 74 36 91 25 93 12 69 45 1 81 78 87 19 28 56 58 82 72 39 62 8 3 77 26 4
Coste: 23727091

GENERACION: 70
Mejor Solucion:  63 21 47 24 88 42 37 7 71 17 51 54 92 80 60 33 31 96 18 68 64 9 5 73 75 23 67 95 10 43 27 59 22 16 89 79 50 40 85 97 76 53 30 65 15 44 29 34 14 90 49 32 41 66 86 48 11 35 20 83 98 94 6 2 55 57 84 0 70 99 52 46 13 38 61 74 36 91 25 93 12 69 45 1 81 78 87 19 28 56 58 82 72 39 62 8 3 77 26 4
Coste: 23727091

GENERACION: 71
Mejor Solucion:  63 21 47 24 88 42 37 7 71 17 51 54 92 80 60 33 31 96 18 68 64 9 5 73 75 23 67 95 10 43 27 59 22 16 89 79 50 40 85 97 76 53 30 65 15 44 29 34 14 90 49 32 41 66 86 48 11 35 20 83 98 94 6 2 55 57 84 0 70 99 52 46 13 38 61 74 36 91 25 93 12 69 45 1 81 78 87 19 28 56 58 82 72 39 62 8 3 77 26 4
Coste: 23727091

GENERACION: 72
Mejor Solucion:  63 21 47 24 88 42 37 7 71 17 51 54 92 80 60 33 31 96 18 68 64 9 5 73 75 23 67 95 10 43 27 59 22 16 89 79 50 40 85 97 76 53 30 65 15 44 29 34 14 90 49 32 41 66 86 48 11 35 20 83 98 94 6 2 55 57 84 0 70 99 52 46 13 38 61 74 36 91 25 93 12 69 45 1 81 78 87 19 28 56 58 82 72 39 62 8 3 77 26 4
Coste: 23727091

GENERACION: 73
Mejor Solucion:  63 21 47 24 88 42 37 7 71 17 51 54 92 80 60 33 31 96 18 68 64 9 5 73 75 23 67 95 10 43 27 59 22 16 89 79 50 40 85 97 76 53 30 65 15 44 29 34 14 90 49 32 41 66 86 48 11 35 20 83 98 94 6 2 55 57 84 0 70 99 52 46 13 38 61 74 36 91 25 93 12 69 45 1 81 78 87 19 28 56 58 82 72 39 62 8 3 77 26 4
Coste: 23727091

GENERACION: 74
Mejor Solucion:  63 21 47 24 88 42 37 7 71 17 51 54 92 80 60 33 31 96 18 68 64 9 5 73 75 23 67 95 10 43 27 59 22 16 89 79 50 40 85 97 76 53 30 65 15 44 29 34 14 90 49 32 41 66 86 48 11 35 20 83 98 94 6 2 55 57 84 0 70 99 52 46 13 38 61 74 36 91 25 93 12 69 45 1 81 78 87 19 28 56 58 82 72 39 62 8 3 77 26 4
Coste: 23727091

GENERACION: 75
Mejor Solucion:  63 21 47 24 88 42 37 7 71 17 51 54 92 80 60 33 31 96 18 68 64 9 5 73 75 23 67 95 10 43 27 59 22 16 89 79 50 40 85 97 76 53 30 65 15 44 29 34 14 90 49 32 41 66 86 48 11 35 20 83 98 94 6 2 55 57 84 0 70 99 52 46 13 38 61 74 36 91 25 93 12 69 45 1 81 78 87 19 28 56 58 82 72 39 62 8 3 77 26 4
Coste: 23727091

GENERACION: 76
Mejor Solucion:  63 21 47 24 88 42 37 7 71 17 51 54 92 80 60 33 31 96 18 68 64 9 5 73 75 23 67 95 10 43 27 59 22 16 89 79 50 40 85 97 76 53 30 65 15 44 29 34 14 90 49 32 41 66 86 48 11 35 20 83 98 94 6 2 55 57 84 0 70 99 52 46 13 38 61 74 36 91 25 93 12 69 45 1 81 78 87 19 28 56 58 82 72 39 62 8 3 77 26 4
Coste: 23727091

GENERACION: 77
Mejor Solucion:  63 21 47 24 88 42 37 7 71 17 51 54 92 80 60 33 31 96 18 68 64 9 5 73 75 23 67 95 10 43 27 59 22 16 89 79 50 40 85 97 76 53 30 65 15 44 29 34 14 90 49 32 41 66 86 48 11 35 20 83 98 94 6 2 55 57 84 0 70 99 52 46 13 38 61 74 36 91 25 93 12 69 45 1 81 78 87 19 28 56 58 82 72 39 62 8 3 77 26 4
Coste: 23727091

GENERACION: 78
Mejor Solucion:  63 21 47 24 88 42 37 7 71 17 51 54 92 80 60 33 31 96 18 68 64 9 5 73 75 23 67 95 10 43 27 59 22 16 89 79 50 40 85 97 76 53 30 65 15 44 29 34 14 90 49 32 41 66 86 48 11 35 20 83 98 94 6 2 55 57 84 0 70 99 52 46 13 38 61 74 36 91 25 93 12 69 45 1 81 78 87 19 28 56 58 82 72 39 62 8 3 77 26 4
Coste: 23727091

GENERACION: 79
Mejor Solucion:  63 21 47 24 88 42 37 7 71 17 51 54 92 80 60 33 31 96 18 68 64 9 5 73 75 23 67 95 10 43 27 59 22 16 89 79 50 40 85 97 76 53 30 65 15 44 29 34 14 90 49 32 41 66 86 48 11 35 20 83 98 94 6 2 55 57 84 0 70 99 52 46 13 38 61 74 36 91 25 93 12 69 45 1 81 78 87 19 28 56 58 82 72 39 62 8 3 77 26 4
Coste: 23727091

GENERACION: 80
Mejor Solucion:  63 21 47 24 88 42 37 7 71 17 51 54 92 80 60 33 31 96 18 68 64 9 5 73 75 23 67 95 10 43 27 59 22 16 89 79 50 40 85 97 76 53 30 65 15 44 29 34 14 90 49 32 41 66 86 48 11 35 20 83 98 94 6 2 55 57 84 0 70 99 52 46 13 38 61 74 36 91 25 93 12 69 45 1 81 78 87 19 28 56 58 82 72 39 62 8 3 77 26 4
Coste: 23727091

GENERACION: 81
Mejor Solucion:  63 21 47 24 88 42 37 7 71 17 51 54 92 80 60 33 31 96 18 68 64 9 5 73 75 23 67 95 10 43 27 59 22 16 89 79 50 40 85 97 76 53 30 65 15 44 29 34 14 90 49 32 41 66 86 48 11 35 20 83 98 94 6 2 55 57 84 0 70 99 52 46 13 38 61 74 36 91 25 93 12 69 45 1 81 78 87 19 28 56 58 82 72 39 62 8 3 77 26 4
Coste: 23727091

GENERACION: 82
Mejor Solucion:  63 21 47 24 88 42 37 7 71 17 51 54 92 80 60 33 31 96 18 68 64 9 5 73 75 23 67 95 10 43 27 59 22 16 89 79 50 40 85 97 76 53 30 65 15 44 29 34 14 90 49 32 41 66 86 48 11 35 20 83 98 94 6 2 55 57 84 0 70 99 52 46 13 38 61 74 36 91 25 93 12 69 45 1 81 78 87 19 28 56 58 82 72 39 62 8 3 77 26 4
Coste: 23727091

GENERACION: 83
Mejor Solucion:  63 21 47 24 88 42 37 7 71 17 51 54 92 80 60 33 31 96 18 68 64 9 5 73 75 23 67 95 10 43 27 59 22 16 89 79 50 40 85 97 76 53 30 65 15 44 29 34 14 90 49 32 41 66 86 48 11 35 20 83 98 94 6 2 55 57 84 0 70 99 52 46 13 38 61 74 36 91 25 93 12 69 45 1 81 78 87 19 28 56 58 82 72 39 62 8 3 77 26 4
Coste: 23727091

GENERACION: 84
Mejor Solucion:  63 21 47 24 88 42 37 7 71 17 51 54 92 80 60 33 31 96 18 68 64 9 5 73 75 23 67 95 10 43 27 59 22 16 89 79 50 40 85 97 76 53 30 65 15 44 29 34 14 90 49 32 41 66 86 48 11 35 20 83 98 94 6 2 55 57 84 0 70 99 52 46 13 38 61 74 36 91 25 93 12 69 45 1 81 78 87 19 28 56 58 82 72 39 62 8 3 77 26 4
Coste: 23727091

GENERACION: 85
Mejor Solucion:  63 21 47 24 88 42 37 7 71 17 51 54 92 80 60 33 31 96 18 68 64 9 5 73 75 23 67 95 10 43 27 59 22 16 89 79 50 40 85 97 76 53 30 65 15 44 29 34 14 90 49 32 41 66 86 48 11 35 20 83 98 94 6 2 55 57 84 0 70 99 52 46 13 38 61 74 36 91 25 93 12 69 45 1 81 78 87 19 28 56 58 82 72 39 62 8 3 77 26 4
Coste: 23727091

GENERACION: 86
Mejor Solucion:  63 21 47 24 88 42 37 7 71 17 51 54 92 80 60 33 31 96 18 68 64 9 5 73 75 23 67 95 10 43 27 59 22 16 89 79 50 40 85 97 76 53 30 65 15 44 29 34 14 90 49 32 41 66 86 48 11 35 20 83 98 94 6 2 55 57 84 0 70 99 52 46 13 38 61 74 36 91 25 93 12 69 45 1 81 78 87 19 28 56 58 82 72 39 62 8 3 77 26 4
Coste: 23727091

GENERACION: 87
Mejor Solucion:  63 21 47 24 88 42 37 7 71 17 51 54 92 80 60 33 31 96 18 68 64 9 5 73 75 23 67 95 10 43 27 59 22 16 89 79 50 40 85 97 76 53 30 65 15 44 29 34 14 90 49 32 41 66 86 48 11 35 20 83 98 94 6 2 55 57 84 0 70 99 52 46 13 38 61 74 36 91 25 93 12 69 45 1 81 78 87 19 28 56 58 82 72 39 62 8 3 77 26 4
Coste: 23727091

GENERACION: 88
Mejor Solucion:  63 21 47 24 88 42 37 7 71 17 51 54 92 80 60 33 31 96 18 68 64 9 5 73 75 23 67 95 10 43 27 59 22 16 89 79 50 40 85 97 76 53 30 65 15 44 29 34 14 90 49 32 41 66 86 48 11 35 20 83 98 94 6 2 55 57 84 0 70 99 52 46 13 38 61 74 36 91 25 93 12 69 45 1 81 78 87 19 28 56 58 82 72 39 62 8 3 77 26 4
Coste: 23727091

GENERACION: 89
Mejor Solucion:  63 21 47 24 88 42 37 7 71 17 51 54 92 80 60 33 31 96 18 68 64 9 5 73 75 23 67 95 10 43 27 59 22 16 89 79 50 40 85 97 76 53 30 65 15 44 29 34 14 90 49 32 41 66 86 48 11 35 20 83 98 94 6 2 55 57 84 0 70 99 52 46 13 38 61 74 36 91 25 93 12 69 45 1 81 78 87 19 28 56 58 82 72 39 62 8 3 77 26 4
Coste: 23727091

GENERACION: 90
Mejor Solucion:  63 21 47 24 88 42 37 7 71 17 51 54 92 80 60 33 31 96 18 68 64 9 5 73 75 23 67 95 10 43 27 59 22 16 89 79 50 40 85 97 76 53 30 65 15 44 29 34 14 90 49 32 41 66 86 48 11 35 20 83 98 94 6 2 55 57 84 0 70 99 52 46 13 38 61 74 36 91 25 93 12 69 45 1 81 78 87 19 28 56 58 82 72 39 62 8 3 77 26 4
Coste: 23727091

GENERACION: 91
Mejor Solucion:  63 21 47 24 88 42 37 7 71 17 51 54 92 80 60 33 31 96 18 68 64 9 5 73 75 23 67 95 10 43 27 59 22 16 89 79 50 40 85 97 76 53 30 65 15 44 29 34 14 90 49 32 41 66 86 48 11 35 20 83 98 94 6 2 55 57 84 0 70 99 52 46 13 38 61 74 36 91 25 93 12 69 45 1 81 78 87 19 28 56 58 82 72 39 62 8 3 77 26 4
Coste: 23727091

GENERACION: 92
Mejor Solucion:  63 21 47 24 88 42 37 7 71 17 51 54 92 80 60 33 31 96 18 68 64 9 5 73 75 23 67 95 10 43 27 59 22 16 89 79 50 40 85 97 76 53 30 65 15 44 29 34 14 90 49 32 41 66 86 48 11 35 20 83 98 94 6 2 55 57 84 0 70 99 52 46 13 38 61 74 36 91 25 93 12 69 45 1 81 78 87 19 28 56 58 82 72 39 62 8 3 77 26 4
Coste: 23727091

GENERACION: 93
Mejor Solucion:  63 21 47 24 88 42 37 7 71 17 51 54 92 80 60 33 31 96 18 68 64 9 5 73 75 23 67 95 10 43 27 59 22 16 89 79 50 40 85 97 76 53 30 65 15 44 29 34 14 90 49 32 41 66 86 48 11 35 20 83 98 94 6 2 55 57 84 0 70 99 52 46 13 38 61 74 36 91 25 93 12 69 45 1 81 78 87 19 28 56 58 82 72 39 62 8 3 77 26 4
Coste: 23727091

GENERACION: 94
Mejor Solucion:  63 21 47 24 88 42 37 7 71 17 51 54 92 80 60 33 31 96 18 68 64 9 5 73 75 23 67 95 10 43 27 59 22 16 89 79 50 40 85 97 76 53 30 65 15 44 29 34 14 90 49 32 41 66 86 48 11 35 20 83 98 94 6 2 55 57 84 0 70 99 52 46 13 38 61 74 36 91 25 93 12 69 45 1 81 78 87 19 28 56 58 82 72 39 62 8 3 77 26 4
Coste: 23727091

GENERACION: 95
Mejor Solucion:  63 21 47 24 88 42 37 7 71 17 51 54 92 80 60 33 31 96 18 68 64 9 5 73 75 23 67 95 10 43 27 59 22 16 89 79 50 40 85 97 76 53 30 65 15 44 29 34 14 90 49 32 41 66 86 48 11 35 20 83 98 94 6 2 55 57 84 0 70 99 52 46 13 38 61 74 36 91 25 93 12 69 45 1 81 78 87 19 28 56 58 82 72 39 62 8 3 77 26 4
Coste: 23727091

GENERACION: 96
Mejor Solucion:  63 21 47 24 88 42 37 7 71 17 51 54 92 80 60 33 31 96 18 68 64 9 5 73 75 23 67 95 10 43 27 59 22 16 89 79 50 40 85 97 76 53 30 65 15 44 29 34 14 90 49 32 41 66 86 48 11 35 20 83 98 94 6 2 55 57 84 0 70 99 52 46 13 38 61 74 36 91 25 93 12 69 45 1 81 78 87 19 28 56 58 82 72 39 62 8 3 77 26 4
Coste: 23727091

GENERACION: 97
Mejor Solucion:  63 21 47 24 88 42 37 7 71 17 51 54 92 80 60 33 31 96 18 68 64 9 5 73 75 23 67 95 10 43 27 59 22 16 89 79 50 40 85 97 76 53 30 65 15 44 29 34 14 90 49 32 41 66 86 48 11 35 20 83 98 94 6 2 55 57 84 0 70 99 52 46 13 38 61 74 36 91 25 93 12 69 45 1 81 78 87 19 28 56 58 82 72 39 62 8 3 77 26 4
Coste: 23727091

GENERACION: 98
Mejor Solucion:  63 21 47 24 88 42 37 7 71 17 51 54 92 80 60 33 31 96 18 68 64 9 5 73 75 23 67 95 10 43 27 59 22 16 89 79 50 40 85 97 76 53 30 65 15 44 29 34 14 90 49 32 41 66 86 48 11 35 20 83 98 94 6 2 55 57 84 0 70 99 52 46 13 38 61 74 36 91 25 93 12 69 45 1 81 78 87 19 28 56 58 82 72 39 62 8 3 77 26 4
Coste: 23727091

GENERACION: 99
Mejor Solucion:  63 21 47 24 88 42 37 7 71 17 51 54 92 80 60 33 31 96 18 68 64 9 5 73 75 23 67 95 10 43 27 59 22 16 89 79 50 40 85 97 76 53 30 65 15 44 29 34 14 90 49 32 41 66 86 48 11 35 20 83 98 94 6 2 55 57 84 0 70 99 52 46 13 38 61 74 36 91 25 93 12 69 45 1 81 78 87 19 28 56 58 82 72 39 62 8 3 77 26 4
Coste: 23727091

GENERACION: 100
Mejor Solucion:  63 21 47 24 88 42 37 7 71 17 51 54 92 80 60 33 31 96 18 68 64 9 5 73 75 23 67 95 10 43 27 59 22 16 89 79 50 40 85 97 76 53 30 65 15 44 29 34 14 90 49 32 41 66 86 48 11 35 20 83 98 94 6 2 55 57 84 0 70 99 52 46 13 38 61 74 36 91 25 93 12 69 45 1 81 78 87 19 28 56 58 82 72 39 62 8 3 77 26 4
Coste: 23727091

GENERACION: 101
Mejor Solucion:  63 21 47 24 88 42 37 7 71 17 51 54 92 80 60 33 31 96 18 68 64 9 5 73 75 23 67 95 10 43 27 59 22 16 89 79 50 40 85 97 76 53 30 65 15 44 29 34 14 90 49 32 41 66 86 48 11 35 20 83 98 94 6 2 55 57 84 0 70 99 52 46 13 38 61 74 36 91 25 93 12 69 45 1 81 78 87 19 28 56 58 82 72 39 62 8 3 77 26 4
Coste: 23727091

GENERACION: 102
Mejor Solucion:  63 21 47 24 88 42 37 7 71 17 51 54 87 80 60 84 31 96 56 1 64 9 5 73 75 23 74 95 10 43 27 59 19 16 89 79 50 40 85 97 76 53 30 65 15 44 29 34 14 90 49 32 41 66 86 48 26 35 20 83 98 94 92 2 55 57 33 0 70 99 52 46 13 38 61 67 36 91 25 93 12 69 45 68 81 78 22 6 28 18 58 82 72 39 62 8 3 77 11 4
Coste: 23722638

GENERACION: 103
Mejor Solucion:  63 21 47 24 88 42 37 7 71 17 51 54 87 80 60 84 31 96 56 1 64 9 5 73 75 23 74 95 10 43 27 59 19 16 89 79 50 40 85 97 76 53 30 65 15 44 29 34 14 90 49 32 41 66 86 48 26 35 20 83 98 94 92 2 55 57 33 0 70 99 52 46 13 38 61 67 36 91 25 93 12 69 45 68 81 78 22 6 28 18 58 82 72 39 62 8 3 77 11 4
Coste: 23722638

GENERACION: 104
Mejor Solucion:  63 21 47 24 88 42 37 7 71 17 51 54 87 80 60 84 31 96 56 1 64 9 5 73 75 23 74 95 10 43 27 59 19 16 89 79 50 40 85 97 76 53 30 65 15 44 29 34 14 90 49 32 41 66 86 48 26 35 20 83 98 94 92 2 55 57 33 0 70 99 52 46 13 38 61 67 36 91 25 93 12 69 45 68 81 78 22 6 28 18 58 82 72 39 62 8 3 77 11 4
Coste: 23722638

GENERACION: 105
Mejor Solucion:  63 21 47 24 88 42 37 7 71 17 51 54 87 80 60 84 31 96 56 1 64 9 5 73 75 23 74 95 10 43 27 59 19 16 89 79 50 40 85 97 76 53 30 65 15 44 29 34 14 90 49 32 41 66 86 48 26 35 20 83 98 94 92 2 55 57 33 0 70 99 52 46 13 38 61 67 36 91 25 93 12 69 45 68 81 78 22 6 28 18 58 82 72 39 62 8 3 77 11 4
Coste: 23722638

GENERACION: 106
Mejor Solucion:  63 21 47 24 88 42 37 7 71 17 51 54 87 80 60 84 31 96 56 1 64 9 5 73 75 23 74 95 10 43 27 59 19 16 89 79 50 40 85 97 76 53 30 65 15 44 29 34 14 90 49 32 41 66 86 48 26 35 20 83 98 94 92 2 55 57 33 0 70 99 52 46 13 38 61 67 36 91 25 93 12 69 45 68 81 78 22 6 28 18 58 82 72 39 62 8 3 77 11 4
Coste: 23722638

GENERACION: 107
Mejor Solucion:  63 21 47 24 88 42 37 7 71 17 51 54 87 80 60 84 31 96 56 1 64 9 5 73 75 23 74 95 10 43 27 59 19 16 89 79 50 40 85 97 76 53 30 65 15 44 29 34 14 90 49 32 41 66 86 48 26 35 20 83 98 94 92 2 55 57 33 0 70 99 52 46 13 38 61 67 36 91 25 93 12 69 45 68 81 78 22 6 28 18 58 82 72 39 62 8 3 77 11 4
Coste: 23722638

GENERACION: 108
Mejor Solucion:  63 21 47 24 88 42 37 7 71 17 51 54 87 80 60 84 31 96 56 1 64 9 5 73 75 23 74 95 10 43 27 59 19 16 89 79 50 40 85 97 76 53 30 65 15 44 29 34 14 90 49 32 41 66 86 48 26 35 20 83 98 94 92 2 55 57 33 0 70 99 52 46 13 38 61 67 36 91 25 93 12 69 45 68 81 78 22 6 28 18 58 82 72 39 62 8 3 77 11 4
Coste: 23722638

GENERACION: 109
Mejor Solucion:  63 21 47 24 88 42 37 7 71 17 51 54 87 80 60 84 31 96 56 1 64 9 5 73 75 23 74 95 10 43 27 59 19 16 89 79 50 40 85 97 76 53 30 65 15 44 29 34 14 90 49 32 41 66 86 48 26 35 20 83 98 94 92 2 55 57 33 0 70 99 52 46 13 38 61 67 36 91 25 93 12 69 45 68 81 78 22 6 28 18 58 82 72 39 62 8 3 77 11 4
Coste: 23722638

GENERACION: 110
Mejor Solucion:  63 21 47 24 88 42 37 7 71 17 51 54 87 80 60 84 31 96 56 1 64 9 5 73 75 23 74 95 10 43 27 59 19 16 89 79 50 40 85 97 76 53 30 65 15 44 29 34 14 90 49 32 41 66 86 48 26 35 20 83 98 94 92 2 55 57 33 0 70 99 52 46 13 38 61 67 36 91 25 93 12 69 45 68 81 78 22 6 28 18 58 82 72 39 62 8 3 77 11 4
Coste: 23722638

GENERACION: 111
Mejor Solucion:  63 21 47 24 88 42 37 7 71 17 51 54 87 80 60 84 31 96 56 1 64 9 5 73 75 23 74 95 10 43 27 59 19 16 89 79 50 40 85 97 76 53 30 65 15 44 29 34 14 90 49 32 41 66 86 48 26 35 20 83 98 94 92 2 55 57 33 0 70 99 52 46 13 38 61 67 36 91 25 93 12 69 45 68 81 78 22 6 28 18 58 82 72 39 62 8 3 77 11 4
Coste: 23722638

GENERACION: 112
Mejor Solucion:  63 21 47 24 88 42 37 7 71 17 51 54 87 80 60 84 31 96 56 1 64 9 5 73 75 23 74 95 10 43 27 59 19 16 89 79 50 40 85 97 76 53 30 65 15 44 29 34 14 90 49 32 41 66 86 48 26 35 20 83 98 94 92 2 55 57 33 0 70 99 52 46 13 38 61 67 36 91 25 93 12 69 45 68 81 78 22 6 28 18 58 82 72 39 62 8 3 77 11 4
Coste: 23722638

GENERACION: 113
Mejor Solucion:  63 21 47 24 88 42 37 7 71 17 51 54 87 80 60 84 31 96 56 1 64 9 5 73 75 23 74 95 10 43 27 59 19 16 89 79 50 40 85 97 76 53 30 65 15 44 29 34 14 90 49 32 41 66 86 48 26 35 20 83 98 94 92 2 55 57 33 0 70 99 52 46 13 38 61 67 36 91 25 93 12 69 45 68 81 78 22 6 28 18 58 82 72 39 62 8 3 77 11 4
Coste: 23722638

GENERACION: 114
Mejor Solucion:  63 21 47 24 88 42 37 7 71 17 51 54 87 80 60 84 31 96 56 1 64 9 5 73 75 23 74 95 10 43 27 59 19 16 89 79 50 40 85 97 76 53 30 65 15 44 29 34 14 90 49 32 41 66 86 48 26 35 20 83 98 94 92 2 55 57 33 0 70 99 52 46 13 38 61 67 36 91 25 93 12 69 45 68 81 78 22 6 28 18 58 82 72 39 62 8 3 77 11 4
Coste: 23722638

GENERACION: 115
Mejor Solucion:  63 21 47 24 88 42 37 7 71 17 51 54 87 80 60 84 31 96 56 1 64 9 5 73 75 23 74 95 10 43 27 59 19 16 89 79 50 40 85 97 76 53 30 65 15 44 29 34 14 90 49 32 41 66 86 48 26 35 20 83 98 94 92 2 55 57 33 0 70 99 52 46 13 38 61 67 36 91 25 93 12 69 45 68 81 78 22 6 28 18 58 82 72 39 62 8 3 77 11 4
Coste: 23722638

GENERACION: 116
Mejor Solucion:  63 21 47 24 88 42 37 7 71 17 51 54 87 80 60 84 31 96 56 1 64 9 5 73 75 23 74 95 10 43 27 59 19 16 89 79 50 40 85 97 76 53 30 65 15 44 29 34 14 90 49 32 41 66 86 48 26 35 20 83 98 94 92 2 55 57 33 0 70 99 52 46 13 38 61 67 36 91 25 93 12 69 45 68 81 78 22 6 28 18 58 82 72 39 62 8 3 77 11 4
Coste: 23722638

GENERACION: 117
Mejor Solucion:  63 21 47 24 88 42 37 7 71 17 51 54 87 80 60 84 31 96 56 1 64 9 5 73 75 23 74 95 10 43 27 59 19 16 89 79 50 40 85 97 76 53 30 65 15 44 29 34 14 90 49 32 41 66 86 48 26 35 20 83 98 94 92 2 55 57 33 0 70 99 52 46 13 38 61 67 36 91 25 93 12 69 45 68 81 78 22 6 28 18 58 82 72 39 62 8 3 77 11 4
Coste: 23722638

GENERACION: 118
Mejor Solucion:  63 21 47 24 88 42 37 7 71 17 51 54 87 80 60 84 31 96 56 1 64 9 5 73 75 23 74 95 10 43 27 59 19 16 89 79 50 40 85 97 76 53 30 65 15 44 29 34 14 90 49 32 41 66 86 48 26 35 20 83 98 94 92 2 55 57 33 0 70 99 52 46 13 38 61 67 36 91 25 93 12 69 45 68 81 78 22 6 28 18 58 82 72 39 62 8 3 77 11 4
Coste: 23722638

GENERACION: 119
Mejor Solucion:  63 21 47 24 88 42 37 7 71 17 51 54 87 80 60 84 31 96 56 1 64 9 5 73 75 23 74 95 10 43 27 59 19 16 89 79 50 40 85 97 76 53 30 65 15 44 29 34 14 90 49 32 41 66 86 48 26 35 20 83 98 94 92 2 55 57 33 0 70 99 52 46 13 38 61 67 36 91 25 93 12 69 45 68 81 78 22 6 28 18 58 82 72 39 62 8 3 77 11 4
Coste: 23722638

GENERACION: 120
Mejor Solucion:  63 21 47 24 88 42 37 7 71 17 51 54 87 80 60 84 31 96 56 1 64 9 5 73 75 23 74 95 10 43 27 59 19 16 89 79 50 40 85 97 76 53 30 65 15 44 29 34 14 90 49 32 41 66 86 48 26 35 20 83 98 94 92 2 55 57 33 0 70 99 52 46 13 38 61 67 36 91 25 93 12 69 45 68 81 78 22 6 28 18 58 82 72 39 62 8 3 77 11 4
Coste: 23722638

GENERACION: 121
Mejor Solucion:  63 21 47 24 88 42 37 7 71 17 51 54 87 80 60 84 31 96 56 1 64 9 5 73 75 23 74 95 10 43 27 59 19 16 89 79 50 40 85 97 76 53 30 65 15 44 29 34 14 90 49 32 41 66 86 48 26 35 20 83 98 94 92 2 55 57 33 0 70 99 52 46 13 38 61 67 36 91 25 93 12 69 45 68 81 78 22 6 28 18 58 82 72 39 62 8 3 77 11 4
Coste: 23722638

GENERACION: 122
Mejor Solucion:  63 21 47 24 88 42 37 7 71 17 51 54 87 80 60 84 31 96 56 1 64 9 5 73 75 23 74 95 10 43 27 59 19 16 89 79 50 40 85 97 76 53 30 65 15 44 29 34 14 90 49 32 41 66 86 48 26 35 20 83 98 94 92 2 55 57 33 0 70 99 52 46 13 38 61 67 36 91 25 93 12 69 45 68 81 78 22 6 28 18 58 82 72 39 62 8 3 77 11 4
Coste: 23722638

GENERACION: 123
Mejor Solucion:  63 21 47 24 88 42 37 7 71 17 51 54 87 80 60 84 31 96 56 1 64 9 5 73 75 23 74 95 10 43 27 59 19 16 89 79 50 40 85 97 76 53 30 65 15 44 29 34 14 90 49 32 41 66 86 48 26 35 20 83 98 94 92 2 55 57 33 0 70 99 52 46 13 38 61 67 36 91 25 93 12 69 45 68 81 78 22 6 28 18 58 82 72 39 62 8 3 77 11 4
Coste: 23722638

GENERACION: 124
Mejor Solucion:  63 21 47 24 88 42 37 7 71 17 51 54 87 80 60 84 31 96 56 1 64 9 5 73 75 23 74 95 10 43 27 59 19 16 89 79 50 40 85 97 76 53 30 65 15 44 29 34 14 90 49 32 41 66 86 48 26 35 20 83 98 94 92 2 55 57 33 0 70 99 52 46 13 38 61 67 36 91 25 93 12 69 45 68 81 78 22 6 28 18 58 82 72 39 62 8 3 77 11 4
Coste: 23722638

GENERACION: 125
Mejor Solucion:  63 21 47 24 88 42 37 7 71 17 51 54 87 80 60 84 31 96 56 1 64 9 5 73 75 23 74 95 10 43 27 59 19 16 89 79 50 40 85 97 76 53 30 65 15 44 29 34 14 90 49 32 41 66 86 48 26 35 20 83 98 94 92 2 55 57 33 0 70 99 52 46 13 38 61 67 36 91 25 93 12 69 45 68 81 78 22 6 28 18 58 82 72 39 62 8 3 77 11 4
Coste: 23722638

GENERACION: 126
Mejor Solucion:  63 21 47 24 88 42 37 7 71 17 51 54 87 80 60 84 31 96 56 1 64 9 5 73 75 23 74 95 10 43 27 59 19 16 89 79 50 40 85 97 76 53 30 65 15 44 29 34 14 90 49 32 41 66 86 48 26 35 20 83 98 94 92 2 55 57 33 0 70 99 52 46 13 38 61 67 36 91 25 93 12 69 45 68 81 78 22 6 28 18 58 82 72 39 62 8 3 77 11 4
Coste: 23722638

GENERACION: 127
Mejor Solucion:  63 21 47 24 88 42 37 7 71 17 51 54 87 80 60 84 31 96 56 1 64 9 5 73 75 23 74 95 10 43 27 59 19 16 89 79 50 40 85 97 76 53 30 65 15 44 29 34 14 90 49 32 41 66 86 48 26 35 20 83 98 94 92 2 55 57 33 0 70 99 52 46 13 38 61 67 36 91 25 93 12 69 45 68 81 78 22 6 28 18 58 82 72 39 62 8 3 77 11 4
Coste: 23722638

GENERACION: 128
Mejor Solucion:  63 21 47 24 88 42 37 7 71 17 51 54 87 80 60 84 31 96 56 1 64 9 5 73 75 23 74 95 10 43 27 59 19 16 89 79 50 40 85 97 76 53 30 65 15 44 29 34 14 90 49 32 41 66 86 48 26 35 20 83 98 94 92 2 55 57 33 0 70 99 52 46 13 38 61 67 36 91 25 93 12 69 45 68 81 78 22 6 28 18 58 82 72 39 62 8 3 77 11 4
Coste: 23722638

GENERACION: 129
Mejor Solucion:  63 21 47 24 88 42 37 7 71 17 51 54 87 80 60 84 31 96 56 1 64 9 5 73 75 23 74 95 10 43 27 59 19 16 89 79 50 40 85 97 76 53 30 65 15 44 29 34 14 90 49 32 41 66 86 48 26 35 20 83 98 94 92 2 55 57 33 0 70 99 52 46 13 38 61 67 36 91 25 93 12 69 45 68 81 78 22 6 28 18 58 82 72 39 62 8 3 77 11 4
Coste: 23722638

GENERACION: 130
Mejor Solucion:  63 21 47 24 88 42 37 7 71 17 51 54 87 80 60 84 31 96 56 1 64 9 5 73 75 23 74 95 10 43 27 59 19 16 89 79 50 40 85 97 76 53 30 65 15 44 29 34 14 90 49 32 41 66 86 48 26 35 20 83 98 94 92 2 55 57 33 0 70 99 52 46 13 38 61 67 36 91 25 93 12 69 45 68 81 78 22 6 28 18 58 82 72 39 62 8 3 77 11 4
Coste: 23722638

GENERACION: 131
Mejor Solucion:  63 21 47 24 88 42 37 7 71 17 51 54 87 80 60 84 31 96 56 1 64 9 5 73 75 23 74 95 10 43 27 59 19 16 89 79 50 40 85 97 76 53 30 65 15 44 29 34 14 90 49 32 41 66 86 48 26 35 20 83 98 94 92 2 55 57 33 0 70 99 52 46 13 38 61 67 36 91 25 93 12 69 45 68 81 78 22 6 28 18 58 82 72 39 62 8 3 77 11 4
Coste: 23722638

