GENERACION: 1
Mejor Solucion:  1 57 71 89 40 95 20 18 85 83 52 38 87 5 3 81 13 42 45 47 8 14 82 60 46 65 73 23 36 35 61 11 54 77 6 68 56 19 43 39 0 63 51 29 80 4 64 86 69 90 26 7 21 9 28 31 66 2 92 12 59 30 98 15 48 91 49 53 94 79 27 32 24 44 50 25 33 96 58 67 16 74 70 75 37 62 10 55 17 72 93 99 97 84 88 76 34 22 78 41
Coste: 23823146

GENERACION: 2
Mejor Solucion:  1 57 71 89 40 95 20 18 85 83 52 38 87 5 3 81 13 42 45 47 8 14 82 60 46 65 73 23 36 35 61 11 54 77 6 68 56 19 43 39 0 63 51 29 80 4 64 86 69 90 26 7 21 9 28 31 66 2 92 12 59 30 98 15 48 91 49 53 94 79 27 32 24 44 50 25 33 96 58 67 16 74 70 75 37 62 10 55 17 72 93 99 97 84 88 76 34 22 78 41
Coste: 23823146

GENERACION: 3
Mejor Solucion:  1 57 71 89 40 95 20 18 85 83 52 38 87 5 3 81 13 42 45 47 8 14 82 60 46 65 73 23 36 35 61 11 54 77 6 68 56 19 43 39 0 63 51 29 80 4 64 86 69 90 26 7 21 9 28 31 66 2 92 12 59 30 98 15 48 91 49 53 94 79 27 32 24 44 50 25 33 96 58 67 16 74 70 75 37 62 10 55 17 72 93 99 97 84 88 76 34 22 78 41
Coste: 23823146

GENERACION: 4
Mejor Solucion:  1 57 71 89 40 95 20 18 85 83 52 38 87 5 3 81 13 42 45 47 8 14 82 60 46 65 73 23 36 35 61 11 54 77 6 68 56 19 43 39 0 63 51 29 80 4 64 86 69 90 26 7 21 9 28 31 66 2 92 12 59 30 98 15 48 91 49 53 94 79 27 32 24 44 50 25 33 96 58 67 16 74 70 75 37 62 10 55 17 72 93 99 97 84 88 76 34 22 78 41
Coste: 23823146

GENERACION: 5
Mejor Solucion:  1 57 71 89 40 95 20 18 85 83 52 38 87 5 3 81 13 42 45 47 8 14 82 60 46 65 73 23 36 35 61 11 54 77 6 68 56 19 43 39 0 63 51 29 80 4 64 86 69 90 26 7 21 9 28 31 66 2 92 12 59 30 98 15 48 91 49 53 94 79 27 32 24 44 50 25 33 96 58 67 16 74 70 75 37 62 10 55 17 72 93 99 97 84 88 76 34 22 78 41
Coste: 23823146

GENERACION: 6
Mejor Solucion:  1 57 71 89 40 95 20 18 85 83 52 38 87 5 3 81 13 42 45 47 8 14 82 60 46 65 73 23 36 35 61 11 54 77 6 68 56 19 43 39 0 63 51 29 80 4 64 86 69 90 26 7 21 9 28 31 66 2 92 12 59 30 98 15 48 91 49 53 94 79 27 32 24 44 50 25 33 96 58 67 16 74 70 75 37 62 10 55 17 72 93 99 97 84 88 76 34 22 78 41
Coste: 23823146

GENERACION: 7
Mejor Solucion:  1 57 71 89 40 95 20 18 85 83 52 38 87 5 3 81 13 42 45 47 8 14 82 60 46 65 73 23 36 35 61 11 54 77 6 68 56 19 43 39 0 63 51 29 80 4 64 86 69 90 26 7 21 9 28 31 66 2 92 12 59 30 98 15 48 91 49 53 94 79 27 32 24 44 50 25 33 96 58 67 16 74 70 75 37 62 10 55 17 72 93 99 97 84 88 76 34 22 78 41
Coste: 23823146

GENERACION: 8
Mejor Solucion:  1 57 71 89 40 95 20 18 85 83 52 38 87 5 3 81 13 42 45 47 8 14 82 60 46 65 73 23 36 35 61 11 54 77 6 68 56 19 43 39 0 63 51 29 80 4 64 86 69 90 26 7 21 9 28 31 66 2 92 12 59 30 98 15 48 91 49 53 94 79 27 32 24 44 50 25 33 96 58 67 16 74 70 75 37 62 10 55 17 72 93 99 97 84 88 76 34 22 78 41
Coste: 23823146

GENERACION: 9
Mejor Solucion:  1 57 71 89 40 95 20 18 85 83 52 38 87 5 3 81 13 42 45 47 8 14 82 60 46 65 73 23 36 35 61 11 54 77 6 68 56 19 43 39 0 63 51 29 80 4 64 86 69 90 26 7 21 9 28 31 66 2 92 12 59 30 98 15 48 91 49 53 94 79 27 32 24 44 50 25 33 96 58 67 16 74 70 75 37 62 10 55 17 72 93 99 97 84 88 76 34 22 78 41
Coste: 23823146

GENERACION: 10
Mejor Solucion:  1 57 71 89 40 95 20 18 85 83 52 38 87 5 3 81 13 42 45 47 8 14 82 60 46 65 73 23 36 35 61 11 54 77 6 68 56 19 43 39 0 63 51 29 80 4 64 86 69 90 26 7 21 9 28 31 66 2 92 12 59 30 98 15 48 91 49 53 94 79 27 32 24 44 50 25 33 96 58 67 16 74 70 75 37 62 10 55 17 72 93 99 97 84 88 76 34 22 78 41
Coste: 23823146

GENERACION: 11
Mejor Solucion:  1 57 71 89 40 95 20 18 85 83 52 38 87 5 3 81 13 42 45 47 8 14 82 60 46 65 73 23 36 35 61 11 54 77 6 68 56 19 43 39 0 63 51 29 80 4 64 86 69 90 26 7 21 9 28 31 66 2 92 12 59 30 98 15 48 91 49 53 94 79 27 32 24 44 50 25 33 96 58 67 16 74 70 75 37 62 10 55 17 72 93 99 97 84 88 76 34 22 78 41
Coste: 23823146

GENERACION: 12
Mejor Solucion:  1 57 71 89 40 95 20 18 85 83 52 38 87 5 3 81 13 42 45 47 8 14 82 60 46 65 73 23 36 35 61 11 54 77 6 68 56 19 43 39 0 63 51 29 80 4 64 86 69 90 26 7 21 9 28 31 66 2 92 12 59 30 98 15 48 91 49 53 94 79 27 32 24 44 50 25 33 96 58 67 16 74 70 75 37 62 10 55 17 72 93 99 97 84 88 76 34 22 78 41
Coste: 23823146

GENERACION: 13
Mejor Solucion:  1 57 71 89 40 95 20 18 85 83 52 38 87 5 3 81 13 42 45 47 8 14 82 60 46 65 73 23 36 35 61 11 54 77 6 68 56 19 43 39 0 63 51 29 80 4 64 86 69 90 26 7 21 9 28 31 66 2 92 12 59 30 98 15 48 91 49 53 94 79 27 32 24 44 50 25 33 96 58 67 16 74 70 75 37 62 10 55 17 72 93 99 97 84 88 76 34 22 78 41
Coste: 23823146

GENERACION: 14
Mejor Solucion:  1 57 71 89 40 95 20 18 85 83 52 38 87 5 3 81 13 42 45 47 8 14 82 60 46 65 73 23 36 35 61 11 54 77 6 68 56 19 43 39 0 63 51 29 80 4 64 86 69 90 26 7 21 9 28 31 66 2 92 12 59 30 98 15 48 91 49 53 94 79 27 32 24 44 50 25 33 96 58 67 16 74 70 75 37 62 10 55 17 72 93 99 97 84 88 76 34 22 78 41
Coste: 23823146

GENERACION: 15
Mejor Solucion:  1 57 71 89 40 95 20 18 85 83 52 38 87 5 3 81 13 42 45 47 8 14 82 60 46 65 73 23 36 35 61 11 54 77 6 68 56 19 43 39 0 63 51 29 80 4 64 86 69 90 26 7 21 9 28 31 66 2 92 12 59 30 98 15 48 91 49 53 94 79 27 32 24 44 50 25 33 96 58 67 16 74 70 75 37 62 10 55 17 72 93 99 97 84 88 76 34 22 78 41
Coste: 23823146

GENERACION: 16
Mejor Solucion:  1 57 71 89 40 95 20 18 85 83 52 38 87 5 3 81 13 42 45 47 8 14 82 60 46 65 73 23 36 35 61 11 54 77 6 68 56 19 43 39 0 63 51 29 80 4 64 86 69 90 26 7 21 9 28 31 66 2 92 12 59 30 98 15 48 91 49 53 94 79 27 32 24 44 50 25 33 96 58 67 16 74 70 75 37 62 10 55 17 72 93 99 97 84 88 76 34 22 78 41
Coste: 23823146

GENERACION: 17
Mejor Solucion:  1 57 71 89 40 95 20 18 85 83 52 38 87 5 3 81 13 42 45 47 8 14 82 60 46 65 73 23 36 35 61 11 54 77 6 68 56 19 43 39 0 63 51 29 80 4 64 86 69 90 26 7 21 9 28 31 66 2 92 12 59 30 98 15 48 91 49 53 94 79 27 32 24 44 50 25 33 96 58 67 16 74 70 75 37 62 10 55 17 72 93 99 97 84 88 76 34 22 78 41
Coste: 23823146

GENERACION: 18
Mejor Solucion:  1 57 71 89 40 95 20 18 85 83 52 38 87 5 3 81 13 42 45 47 8 14 82 60 46 65 73 23 36 35 61 11 54 77 6 68 56 19 43 39 0 63 51 29 80 4 64 86 69 90 26 7 21 9 28 31 66 2 92 12 59 30 98 15 48 91 49 53 94 79 27 32 24 44 50 25 33 96 58 67 16 74 70 75 37 62 10 55 17 72 93 99 97 84 88 76 34 22 78 41
Coste: 23823146

GENERACION: 19
Mejor Solucion:  1 57 71 89 40 95 20 18 85 83 52 38 87 5 3 81 13 42 45 47 8 14 82 60 46 65 73 23 36 35 61 11 54 77 6 68 56 19 43 39 0 63 51 29 80 4 64 86 69 90 26 7 21 9 28 31 66 2 92 12 59 30 98 15 48 91 49 53 94 79 27 32 24 44 50 25 33 96 58 67 16 74 70 75 37 62 10 55 17 72 93 99 97 84 88 76 34 22 78 41
Coste: 23823146

GENERACION: 20
Mejor Solucion:  1 57 71 89 40 95 20 18 85 83 52 38 87 5 3 81 13 42 45 47 8 14 82 60 46 65 73 23 36 35 61 11 54 77 6 68 56 19 43 39 0 63 51 29 80 4 64 86 69 90 26 7 21 9 28 31 66 2 92 12 59 30 98 15 48 91 49 53 94 79 27 32 24 44 50 25 33 96 58 67 16 74 70 75 37 62 10 55 17 72 93 99 97 84 88 76 34 22 78 41
Coste: 23823146

GENERACION: 21
Mejor Solucion:  1 57 71 89 40 95 20 18 85 83 52 38 87 5 3 81 13 42 45 47 8 14 82 60 46 65 73 23 36 35 61 11 54 77 6 68 56 19 43 39 0 63 51 29 80 4 64 86 69 90 26 7 21 9 28 31 66 2 92 12 59 30 98 15 48 91 49 53 94 79 27 32 24 44 50 25 33 96 58 67 16 74 70 75 37 62 10 55 17 72 93 99 97 84 88 76 34 22 78 41
Coste: 23823146

GENERACION: 22
Mejor Solucion:  1 57 71 89 40 95 20 18 85 83 52 38 87 5 3 81 13 42 45 47 8 14 82 60 46 65 73 23 36 35 61 11 54 77 6 68 56 19 43 39 0 63 51 29 80 4 64 86 69 90 26 7 21 9 28 31 66 2 92 12 59 30 98 15 48 91 49 53 94 79 27 32 24 44 50 25 33 96 58 67 16 74 70 75 37 62 10 55 17 72 93 99 97 84 88 76 34 22 78 41
Coste: 23823146

GENERACION: 23
Mejor Solucion:  1 57 71 89 40 95 20 18 85 83 52 38 87 5 3 81 13 42 45 47 8 14 82 60 46 65 73 23 36 35 61 11 54 77 6 68 56 19 43 39 0 63 51 29 80 4 64 86 69 90 26 7 21 9 28 31 66 2 92 12 59 30 98 15 48 91 49 53 94 79 27 32 24 44 50 25 33 96 58 67 16 74 70 75 37 62 10 55 17 72 93 99 97 84 88 76 34 22 78 41
Coste: 23823146

GENERACION: 24
Mejor Solucion:  1 57 71 89 40 95 20 18 85 83 52 38 87 5 3 81 13 42 45 47 8 14 82 60 46 65 73 23 36 35 61 11 54 77 6 68 56 19 43 39 0 63 51 29 80 4 64 86 69 90 26 7 21 9 28 31 66 2 92 12 59 30 98 15 48 91 49 53 94 79 27 32 24 44 50 25 33 96 58 67 16 74 70 75 37 62 10 55 17 72 93 99 97 84 88 76 34 22 78 41
Coste: 23823146

GENERACION: 25
Mejor Solucion:  52 46 85 89 18 13 77 45 82 71 63 38 56 54 1 9 86 87 8 78 83 14 47 20 95 65 73 23 36 35 68 11 5 42 6 61 51 19 43 39 0 22 40 29 80 4 64 7 69 90 26 3 21 81 28 31 66 72 92 12 59 30 98 15 48 91 49 53 94 79 27 32 24 44 50 33 25 96 58 67 16 84 70 75 37 62 10 55 17 2 93 99 97 74 88 76 34 60 57 41
Coste: 23750098

GENERACION: 26
Mejor Solucion:  52 46 85 89 18 13 77 45 82 71 63 38 56 54 1 9 86 87 8 78 83 14 47 20 95 65 73 23 36 35 68 11 5 42 6 61 51 19 43 39 0 22 40 29 80 4 64 7 69 90 26 3 21 81 28 31 66 72 92 12 59 30 98 15 48 91 49 53 94 79 27 32 24 44 50 33 25 96 58 67 16 84 70 75 37 62 10 55 17 2 93 99 97 74 88 76 34 60 57 41
Coste: 23750098

GENERACION: 27
Mejor Solucion:  52 46 85 89 18 13 77 45 82 71 63 38 56 54 1 9 86 87 8 78 83 14 47 20 95 65 73 23 36 35 68 11 5 42 6 61 51 19 43 39 0 22 40 29 80 4 64 7 69 90 26 3 21 81 28 31 66 72 92 12 59 30 98 15 48 91 49 53 94 79 27 32 24 44 50 33 25 96 58 67 16 84 70 75 37 62 10 55 17 2 93 99 97 74 88 76 34 60 57 41
Coste: 23750098

GENERACION: 28
Mejor Solucion:  52 46 85 89 18 13 77 45 82 71 63 38 56 54 1 9 86 87 8 78 83 14 47 20 95 65 73 23 36 35 68 11 5 42 6 61 51 19 43 39 0 22 40 29 80 4 64 7 69 90 26 3 21 81 28 31 66 72 92 12 59 30 98 15 48 91 49 53 94 79 27 32 24 44 50 33 25 96 58 67 16 84 70 75 37 62 10 55 17 2 93 99 97 74 88 76 34 60 57 41
Coste: 23750098

GENERACION: 29
Mejor Solucion:  52 46 85 89 18 13 77 45 82 71 63 38 56 54 1 9 86 87 8 78 83 14 47 20 95 65 73 23 36 35 68 11 5 42 6 61 51 19 43 39 0 22 40 29 80 4 64 7 69 90 26 3 21 81 28 31 66 72 92 12 59 30 98 15 48 91 49 53 94 79 27 32 24 44 50 33 25 96 58 67 16 84 70 75 37 62 10 55 17 2 93 99 97 74 88 76 34 60 57 41
Coste: 23750098

GENERACION: 30
Mejor Solucion:  52 46 85 89 18 13 77 45 82 71 63 38 56 54 1 9 86 87 8 78 83 14 47 20 95 65 73 23 36 35 68 11 5 42 6 61 51 19 43 39 0 22 40 29 80 4 64 7 69 90 26 3 21 81 28 31 66 72 92 12 59 30 98 15 48 91 49 53 94 79 27 32 24 44 50 33 25 96 58 67 16 84 70 75 37 62 10 55 17 2 93 99 97 74 88 76 34 60 57 41
Coste: 23750098

GENERACION: 31
Mejor Solucion:  52 46 85 89 18 13 77 45 82 71 63 38 56 54 1 9 86 87 8 78 83 14 47 20 95 65 73 23 36 35 68 11 5 42 6 61 51 19 43 39 0 22 40 29 80 4 64 7 69 90 26 3 21 81 28 31 66 72 92 12 59 30 98 15 48 91 49 53 94 79 27 32 24 44 50 33 25 96 58 67 16 84 70 75 37 62 10 55 17 2 93 99 97 74 88 76 34 60 57 41
Coste: 23750098

GENERACION: 32
Mejor Solucion:  52 46 85 89 18 13 77 45 82 71 63 38 56 54 1 9 86 87 8 78 83 14 47 20 95 65 73 23 36 35 68 11 5 42 6 61 51 19 43 39 0 22 40 29 80 4 64 7 69 90 26 3 21 81 28 31 66 72 92 12 59 30 98 15 48 91 49 53 94 79 27 32 24 44 50 33 25 96 58 67 16 84 70 75 37 62 10 55 17 2 93 99 97 74 88 76 34 60 57 41
Coste: 23750098

GENERACION: 33
Mejor Solucion:  52 46 85 89 18 13 77 45 82 71 63 38 56 54 1 9 86 87 8 78 83 14 47 20 95 65 73 23 36 35 68 11 5 42 6 61 51 19 43 39 0 22 40 29 80 4 64 7 69 90 26 3 21 81 28 31 66 72 92 12 59 30 98 15 48 91 49 53 94 79 27 32 24 44 50 33 25 96 58 67 16 84 70 75 37 62 10 55 17 2 93 99 97 74 88 76 34 60 57 41
Coste: 23750098

GENERACION: 34
Mejor Solucion:  52 46 85 89 18 13 77 45 82 71 63 38 56 54 1 9 86 87 8 78 83 14 47 20 95 65 73 23 36 35 68 11 5 42 6 61 51 19 43 39 0 22 40 29 80 4 64 7 69 90 26 3 21 81 28 31 66 72 92 12 59 30 98 15 48 91 49 53 94 79 27 32 24 44 50 33 25 96 58 67 16 84 70 75 37 62 10 55 17 2 93 99 97 74 88 76 34 60 57 41
Coste: 23750098

GENERACION: 35
Mejor Solucion:  52 46 85 89 18 13 77 45 82 71 63 38 56 54 1 9 86 87 8 78 83 14 47 20 95 65 73 23 36 35 68 11 5 42 6 61 51 19 43 39 0 22 40 29 80 4 64 7 69 90 26 3 21 81 28 31 66 72 92 12 59 30 98 15 48 91 49 53 94 79 27 32 24 44 50 33 25 96 58 67 16 84 70 75 37 62 10 55 17 2 93 99 97 74 88 76 34 60 57 41
Coste: 23750098

GENERACION: 36
Mejor Solucion:  52 46 85 89 18 13 77 45 82 71 63 38 56 54 1 9 86 87 8 78 83 14 47 20 95 65 73 23 36 35 68 11 5 42 6 61 51 19 43 39 0 22 40 29 80 4 64 7 69 90 26 3 21 81 28 31 66 72 92 12 59 30 98 15 48 91 49 53 94 79 27 32 24 44 50 33 25 96 58 67 16 84 70 75 37 62 10 55 17 2 93 99 97 74 88 76 34 60 57 41
Coste: 23750098

GENERACION: 37
Mejor Solucion:  52 46 85 89 18 13 77 45 82 71 63 38 56 54 1 9 86 87 8 78 83 14 47 20 95 65 73 23 36 35 68 11 5 42 6 61 51 19 43 39 0 22 40 29 80 4 64 7 69 90 26 3 21 81 28 31 66 72 92 12 59 30 98 15 48 91 49 53 94 79 27 32 24 44 50 33 25 96 58 67 16 84 70 75 37 62 10 55 17 2 93 99 97 74 88 76 34 60 57 41
Coste: 23750098

GENERACION: 38
Mejor Solucion:  52 46 85 89 18 13 77 45 82 71 63 38 56 54 1 9 86 87 8 78 83 14 47 20 95 65 73 23 36 35 68 11 5 42 6 61 51 19 43 39 0 22 40 29 80 4 64 7 69 90 26 3 21 81 28 31 66 72 92 12 59 30 98 15 48 91 49 53 94 79 27 32 24 44 50 33 25 96 58 67 16 84 70 75 37 62 10 55 17 2 93 99 97 74 88 76 34 60 57 41
Coste: 23750098

GENERACION: 39
Mejor Solucion:  52 46 85 89 18 13 77 45 82 71 63 38 56 54 1 9 86 87 8 78 83 14 47 20 95 65 73 23 36 35 68 11 5 42 6 61 51 19 43 39 0 22 40 29 80 4 64 7 69 90 26 3 21 81 28 31 66 72 92 12 59 30 98 15 48 91 49 53 94 79 27 32 24 44 50 33 25 96 58 67 16 84 70 75 37 62 10 55 17 2 93 99 97 74 88 76 34 60 57 41
Coste: 23750098

GENERACION: 40
Mejor Solucion:  52 46 85 89 18 13 77 45 82 71 63 38 56 54 1 9 86 87 8 78 83 14 47 20 95 65 73 23 36 35 68 11 5 42 6 61 51 19 43 39 0 22 40 29 80 4 64 7 69 90 26 3 21 81 28 31 66 72 92 12 59 30 98 15 48 91 49 53 94 79 27 32 24 44 50 33 25 96 58 67 16 84 70 75 37 62 10 55 17 2 93 99 97 74 88 76 34 60 57 41
Coste: 23750098

GENERACION: 41
Mejor Solucion:  52 46 85 89 18 13 77 45 82 71 63 38 56 54 1 9 86 87 8 78 83 14 47 20 95 65 73 23 36 35 68 11 5 42 6 61 51 19 43 39 0 22 40 29 80 4 64 7 69 90 26 3 21 81 28 31 66 72 92 12 59 30 98 15 48 91 49 53 94 79 27 32 24 44 50 33 25 96 58 67 16 84 70 75 37 62 10 55 17 2 93 99 97 74 88 76 34 60 57 41
Coste: 23750098

GENERACION: 42
Mejor Solucion:  52 46 85 89 18 13 77 45 82 71 63 38 56 54 1 9 86 87 8 78 83 14 47 20 95 65 73 23 36 35 68 11 5 42 6 61 51 19 43 39 0 22 40 29 80 4 64 7 69 90 26 3 21 81 28 31 66 72 92 12 59 30 98 15 48 91 49 53 94 79 27 32 24 44 50 33 25 96 58 67 16 84 70 75 37 62 10 55 17 2 93 99 97 74 88 76 34 60 57 41
Coste: 23750098

GENERACION: 43
Mejor Solucion:  52 46 85 89 18 13 77 45 82 71 63 38 56 54 1 9 86 87 8 78 83 14 47 20 95 65 73 23 36 35 68 11 5 42 6 61 51 19 43 39 0 22 40 29 80 4 64 7 69 90 26 3 21 81 28 31 66 72 92 12 59 30 98 15 48 91 49 53 94 79 27 32 24 44 50 33 25 96 58 67 16 84 70 75 37 62 10 55 17 2 93 99 97 74 88 76 34 60 57 41
Coste: 23750098

GENERACION: 44
Mejor Solucion:  52 46 85 89 18 13 77 45 82 71 63 38 56 54 1 9 86 87 8 78 83 14 47 20 95 65 73 23 36 35 68 11 5 42 6 61 51 19 43 39 0 22 40 29 80 4 64 7 69 90 26 3 21 81 28 31 66 72 92 12 59 30 98 15 48 91 49 53 94 79 27 32 24 44 50 33 25 96 58 67 16 84 70 75 37 62 10 55 17 2 93 99 97 74 88 76 34 60 57 41
Coste: 23750098

GENERACION: 45
Mejor Solucion:  52 46 85 89 18 13 77 45 82 71 63 38 56 54 1 9 86 87 8 78 83 14 47 20 95 65 73 23 36 35 68 11 5 42 6 61 51 19 43 39 0 22 40 29 80 4 64 7 69 90 26 3 21 81 28 31 66 72 92 12 59 30 98 15 48 91 49 53 94 79 27 32 24 44 50 33 25 96 58 67 16 84 70 75 37 62 10 55 17 2 93 99 97 74 88 76 34 60 57 41
Coste: 23750098

GENERACION: 46
Mejor Solucion:  52 46 85 89 18 13 77 45 82 71 63 38 56 54 1 9 86 87 8 78 83 14 47 20 95 65 73 23 36 35 68 11 5 42 6 61 51 19 43 39 0 22 40 29 80 4 64 7 69 90 26 3 21 81 28 31 66 72 92 12 59 30 98 15 48 91 49 53 94 79 27 32 24 44 50 33 25 96 58 67 16 84 70 75 37 62 10 55 17 2 93 99 97 74 88 76 34 60 57 41
Coste: 23750098

GENERACION: 47
Mejor Solucion:  52 46 85 89 18 13 77 45 82 71 63 38 56 54 1 9 86 87 8 78 83 14 47 20 95 65 73 23 36 35 68 11 5 42 6 61 51 19 43 39 0 22 40 29 80 4 64 7 69 90 26 3 21 81 28 31 66 72 92 12 59 30 98 15 48 91 49 53 94 79 27 32 24 44 50 33 25 96 58 67 16 84 70 75 37 62 10 55 17 2 93 99 97 74 88 76 34 60 57 41
Coste: 23750098

GENERACION: 48
Mejor Solucion:  52 46 85 89 18 13 77 45 82 71 63 38 56 54 1 9 86 87 8 78 83 14 47 20 95 65 73 23 36 35 68 11 5 42 6 61 51 19 43 39 0 22 40 29 80 4 64 7 69 90 26 3 21 81 28 31 66 72 92 12 59 30 98 15 48 91 49 53 94 79 27 32 24 44 50 33 25 96 58 67 16 84 70 75 37 62 10 55 17 2 93 99 97 74 88 76 34 60 57 41
Coste: 23750098

GENERACION: 49
Mejor Solucion:  52 46 85 89 18 13 77 45 82 71 63 38 56 54 1 9 86 87 8 78 83 14 47 20 95 65 73 23 36 35 68 11 5 42 6 61 51 19 43 39 0 22 40 29 80 4 64 7 69 90 26 3 21 81 28 31 66 72 92 12 59 30 98 15 48 91 49 53 94 79 27 32 24 44 50 33 25 96 58 67 16 84 70 75 37 62 10 55 17 2 93 99 97 74 88 76 34 60 57 41
Coste: 23750098

GENERACION: 50
Mejor Solucion:  52 46 85 89 18 13 77 45 82 71 63 38 56 54 1 9 86 87 8 78 83 14 47 20 95 65 73 23 36 35 68 11 5 42 6 61 51 19 43 39 0 22 40 29 80 4 64 7 69 90 26 3 21 81 28 31 66 72 92 12 59 30 98 15 48 91 49 53 94 79 27 32 24 44 50 33 25 96 58 67 16 84 70 75 37 62 10 55 17 2 93 99 97 74 88 76 34 60 57 41
Coste: 23750098

GENERACION: 51
Mejor Solucion:  52 46 85 89 18 13 77 45 82 71 63 38 56 54 1 9 86 87 8 78 83 14 47 20 95 65 73 23 36 35 68 11 5 42 6 61 51 19 43 39 0 22 40 29 80 4 64 7 69 90 26 3 21 81 28 31 66 72 92 12 59 30 98 15 48 91 49 53 94 79 27 32 24 44 50 33 25 96 58 67 16 84 70 75 37 62 10 55 17 2 93 99 97 74 88 76 34 60 57 41
Coste: 23750098

GENERACION: 52
Mejor Solucion:  52 46 85 89 18 13 77 45 82 71 63 38 56 54 1 9 86 87 8 78 83 14 47 20 95 65 73 23 36 35 68 11 5 42 6 61 51 19 43 39 0 22 40 29 80 4 64 7 69 90 26 3 21 81 28 31 66 72 92 12 59 30 98 15 48 91 49 53 94 79 27 32 24 44 50 33 25 96 58 67 16 84 70 75 37 62 10 55 17 2 93 99 97 74 88 76 34 60 57 41
Coste: 23750098

GENERACION: 53
Mejor Solucion:  52 46 85 89 18 13 77 45 82 71 63 38 56 54 1 9 86 87 8 78 83 14 47 20 95 65 73 23 36 35 68 11 5 42 6 61 51 19 43 39 0 22 40 29 80 4 64 7 69 90 26 3 21 81 28 31 66 72 92 12 59 30 98 15 48 91 49 53 94 79 27 32 24 44 50 33 25 96 58 67 16 84 70 75 37 62 10 55 17 2 93 99 97 74 88 76 34 60 57 41
Coste: 23750098

GENERACION: 54
Mejor Solucion:  52 46 85 89 18 13 77 45 82 71 63 38 56 54 1 9 86 87 8 78 83 14 47 20 95 65 73 23 36 35 68 11 5 42 6 61 51 19 43 39 0 22 40 29 80 4 64 7 69 90 26 3 21 81 28 31 66 72 92 12 59 30 98 15 48 91 49 53 94 79 27 32 24 44 50 33 25 96 58 67 16 84 70 75 37 62 10 55 17 2 93 99 97 74 88 76 34 60 57 41
Coste: 23750098

GENERACION: 55
Mejor Solucion:  52 46 85 89 18 13 77 45 82 71 63 38 56 54 1 9 86 87 8 78 83 14 47 20 95 65 73 23 36 35 68 11 5 42 6 61 51 19 43 39 0 22 40 29 80 4 64 7 69 90 26 3 21 81 28 31 66 72 92 12 59 30 98 15 48 91 49 53 94 79 27 32 24 44 50 33 25 96 58 67 16 84 70 75 37 62 10 55 17 2 93 99 97 74 88 76 34 60 57 41
Coste: 23750098

GENERACION: 56
Mejor Solucion:  52 46 85 89 18 13 77 45 82 71 63 38 56 54 1 9 86 87 8 78 83 14 47 20 95 65 73 23 36 35 68 11 5 42 6 61 51 19 43 39 0 22 40 29 80 4 64 7 69 90 26 3 21 81 28 31 66 72 92 12 59 30 98 15 48 91 49 53 94 79 27 32 24 44 50 33 25 96 58 67 16 84 70 75 37 62 10 55 17 2 93 99 97 74 88 76 34 60 57 41
Coste: 23750098

GENERACION: 57
Mejor Solucion:  52 46 85 89 18 13 77 45 82 71 63 38 56 54 1 9 86 87 8 78 83 14 47 20 95 65 73 23 36 35 68 11 5 42 6 61 51 19 43 39 0 22 40 29 80 4 64 7 69 90 26 3 21 81 28 31 66 72 92 12 59 30 98 15 48 91 49 53 94 79 27 32 24 44 50 33 25 96 58 67 16 84 70 75 37 62 10 55 17 2 93 99 97 74 88 76 34 60 57 41
Coste: 23750098

GENERACION: 58
Mejor Solucion:  52 46 85 89 18 13 77 45 82 71 63 38 56 54 1 9 86 87 8 78 83 14 47 20 95 65 73 23 36 35 68 11 5 42 6 61 51 19 43 39 0 22 40 29 80 4 64 7 69 90 26 3 21 81 28 31 66 72 92 12 59 30 98 15 48 91 49 53 94 79 27 32 24 44 50 33 25 96 58 67 16 84 70 75 37 62 10 55 17 2 93 99 97 74 88 76 34 60 57 41
Coste: 23750098

GENERACION: 59
Mejor Solucion:  52 46 85 89 18 13 77 45 82 71 63 38 56 54 1 9 86 87 8 78 83 14 47 20 95 65 73 23 36 35 68 11 5 42 6 61 51 19 43 39 0 22 40 29 80 4 64 7 69 90 26 3 21 81 28 31 66 72 92 12 59 30 98 15 48 91 49 53 94 79 27 32 24 44 50 33 25 96 58 67 16 84 70 75 37 62 10 55 17 2 93 99 97 74 88 76 34 60 57 41
Coste: 23750098

GENERACION: 60
Mejor Solucion:  52 46 85 89 18 13 77 45 82 71 63 38 56 54 1 9 86 87 8 78 83 14 47 20 95 65 73 23 36 35 68 11 5 42 6 61 51 19 43 39 0 22 40 29 80 4 64 7 69 90 26 3 21 81 28 31 66 72 92 12 59 30 98 15 48 91 49 53 94 79 27 32 24 44 50 33 25 96 58 67 16 84 70 75 37 62 10 55 17 2 93 99 97 74 88 76 34 60 57 41
Coste: 23750098

GENERACION: 61
Mejor Solucion:  52 46 85 89 18 13 77 45 82 71 63 38 56 54 1 9 86 87 8 78 83 14 47 20 95 65 73 23 36 35 68 11 5 42 6 61 51 19 43 39 0 22 40 29 80 4 64 7 69 90 26 3 21 81 28 31 66 72 92 12 59 30 98 15 48 91 49 53 94 79 27 32 24 44 50 33 25 96 58 67 16 84 70 75 37 62 10 55 17 2 93 99 97 74 88 76 34 60 57 41
Coste: 23750098

GENERACION: 62
Mejor Solucion:  52 46 85 89 18 13 77 45 82 71 63 38 56 54 1 9 86 87 8 78 83 14 47 20 95 65 73 23 36 35 68 11 5 42 6 61 51 19 43 39 0 22 40 29 80 4 64 7 69 90 26 3 21 81 28 31 66 72 92 12 59 30 98 15 48 91 49 53 94 79 27 32 24 44 50 33 25 96 58 67 16 84 70 75 37 62 10 55 17 2 93 99 97 74 88 76 34 60 57 41
Coste: 23750098

GENERACION: 63
Mejor Solucion:  52 46 85 89 18 13 77 45 82 71 63 38 56 54 1 9 86 87 8 78 83 14 47 20 95 65 73 23 36 35 68 11 5 42 6 61 51 19 43 39 0 22 40 29 80 4 64 7 69 90 26 3 21 81 28 31 66 72 92 12 59 30 98 15 48 91 49 53 94 79 27 32 24 44 50 33 25 96 58 67 16 84 70 75 37 62 10 55 17 2 93 99 97 74 88 76 34 60 57 41
Coste: 23750098

GENERACION: 64
Mejor Solucion:  52 46 85 89 18 13 77 45 82 71 63 38 56 54 1 9 86 87 8 78 83 14 47 20 95 65 73 23 36 35 68 11 5 42 6 61 51 19 43 39 0 22 40 29 80 4 64 7 69 90 26 3 21 81 28 31 66 72 92 12 59 30 98 15 48 91 49 53 94 79 27 32 24 44 50 33 25 96 58 67 16 84 70 75 37 62 10 55 17 2 93 99 97 74 88 76 34 60 57 41
Coste: 23750098

GENERACION: 65
Mejor Solucion:  52 46 85 89 18 13 77 45 82 71 63 38 56 54 1 9 86 87 8 78 83 14 47 20 95 65 73 23 36 35 68 11 5 42 6 61 51 19 43 39 0 22 40 29 80 4 64 7 69 90 26 3 21 81 28 31 66 72 92 12 59 30 98 15 48 91 49 53 94 79 27 32 24 44 50 33 25 96 58 67 16 84 70 75 37 62 10 55 17 2 93 99 97 74 88 76 34 60 57 41
Coste: 23750098

GENERACION: 66
Mejor Solucion:  52 46 85 89 18 13 77 45 82 71 63 38 56 54 1 9 86 87 8 78 83 14 47 20 95 65 73 23 36 35 68 11 5 42 6 61 51 19 43 39 0 22 40 29 80 4 64 7 69 90 26 3 21 81 28 31 66 72 92 12 59 30 98 15 48 91 49 53 94 79 27 32 24 44 50 33 25 96 58 67 16 84 70 75 37 62 10 55 17 2 93 99 97 74 88 76 34 60 57 41
Coste: 23750098

GENERACION: 67
Mejor Solucion:  52 46 85 89 18 13 77 45 82 71 63 38 56 54 1 9 86 87 8 78 83 14 47 20 95 65 73 23 36 35 68 11 5 42 6 61 51 19 43 39 0 22 40 29 80 4 64 7 69 90 26 3 21 81 28 31 66 72 92 12 59 30 98 15 48 91 49 53 94 79 27 32 24 44 50 33 25 96 58 67 16 84 70 75 37 62 10 55 17 2 93 99 97 74 88 76 34 60 57 41
Coste: 23750098

GENERACION: 68
Mejor Solucion:  52 46 85 89 18 13 77 45 82 71 63 38 56 54 1 9 86 87 8 78 83 14 47 20 95 65 73 23 36 35 68 11 5 42 6 61 51 19 43 39 0 22 40 29 80 4 64 7 69 90 26 3 21 81 28 31 66 72 92 12 59 30 98 15 48 91 49 53 94 79 27 32 24 44 50 33 25 96 58 67 16 84 70 75 37 62 10 55 17 2 93 99 97 74 88 76 34 60 57 41
Coste: 23750098

GENERACION: 69
Mejor Solucion:  52 46 85 89 18 13 77 45 82 71 63 38 56 54 1 9 86 87 8 78 83 14 47 20 95 65 73 23 36 35 68 11 5 42 6 61 51 19 43 39 0 22 40 29 80 4 64 7 69 90 26 3 21 81 28 31 66 72 92 12 59 30 98 15 48 91 49 53 94 79 27 32 24 44 50 33 25 96 58 67 16 84 70 75 37 62 10 55 17 2 93 99 97 74 88 76 34 60 57 41
Coste: 23750098

GENERACION: 70
Mejor Solucion:  52 46 85 89 18 13 77 45 82 71 63 38 56 54 1 9 86 87 8 78 83 14 47 20 95 65 73 23 36 35 68 11 5 42 6 61 51 19 43 39 0 22 40 29 80 4 64 7 69 90 26 3 21 81 28 31 66 72 92 12 59 30 98 15 48 91 49 53 94 79 27 32 24 44 50 33 25 96 58 67 16 84 70 75 37 62 10 55 17 2 93 99 97 74 88 76 34 60 57 41
Coste: 23750098

GENERACION: 71
Mejor Solucion:  52 46 85 89 18 13 77 45 82 71 63 38 56 54 1 9 86 87 8 78 83 14 47 20 95 65 73 23 36 35 68 11 5 42 6 61 51 19 43 39 0 22 40 29 80 4 64 7 69 90 26 3 21 81 28 31 66 72 92 12 59 30 98 15 48 91 49 53 94 79 27 32 24 44 50 33 25 96 58 67 16 84 70 75 37 62 10 55 17 2 93 99 97 74 88 76 34 60 57 41
Coste: 23750098

GENERACION: 72
Mejor Solucion:  52 46 85 89 18 13 77 45 82 71 63 38 56 54 1 9 86 87 8 78 83 14 47 20 95 65 73 23 36 35 68 11 5 42 6 61 51 19 43 39 0 22 40 29 80 4 64 7 69 90 26 3 21 81 28 31 66 72 92 12 59 30 98 15 48 91 49 53 94 79 27 32 24 44 50 33 25 96 58 67 16 84 70 75 37 62 10 55 17 2 93 99 97 74 88 76 34 60 57 41
Coste: 23750098

GENERACION: 73
Mejor Solucion:  52 46 85 89 18 13 77 45 82 71 63 38 56 54 1 9 86 87 8 78 83 14 47 20 95 65 73 23 36 35 68 11 5 42 6 61 51 19 43 39 0 22 40 29 80 4 64 7 69 90 26 3 21 81 28 31 66 72 92 12 59 30 98 15 48 91 49 53 94 79 27 32 24 44 50 33 25 96 58 67 16 84 70 75 37 62 10 55 17 2 93 99 97 74 88 76 34 60 57 41
Coste: 23750098

GENERACION: 74
Mejor Solucion:  52 46 85 89 18 13 77 45 82 71 63 38 56 54 1 9 86 87 8 78 83 14 47 20 95 65 73 23 36 35 68 11 5 42 6 61 51 19 43 39 0 22 40 29 80 4 64 7 69 90 26 3 21 81 28 31 66 72 92 12 59 30 98 15 48 91 49 53 94 79 27 32 24 44 50 33 25 96 58 67 16 84 70 75 37 62 10 55 17 2 93 99 97 74 88 76 34 60 57 41
Coste: 23750098

GENERACION: 75
Mejor Solucion:  52 46 85 89 18 13 77 45 82 71 63 38 56 54 1 9 86 87 8 78 83 14 47 20 95 65 73 23 36 35 68 11 5 42 6 61 51 19 43 39 0 22 40 29 80 4 64 7 69 90 26 3 21 81 28 31 66 72 92 12 59 30 98 15 48 91 49 53 94 79 27 32 24 44 50 33 25 96 58 67 16 84 70 75 37 62 10 55 17 2 93 99 97 74 88 76 34 60 57 41
Coste: 23750098

GENERACION: 76
Mejor Solucion:  52 46 85 89 18 13 77 45 82 71 63 38 56 54 1 9 86 87 8 78 83 14 47 20 95 65 73 23 36 35 68 11 5 42 6 61 51 19 43 39 0 22 40 29 80 4 64 7 69 90 26 3 21 81 28 31 66 72 92 12 59 30 98 15 48 91 49 53 94 79 27 32 24 44 50 33 25 96 58 67 16 84 70 75 37 62 10 55 17 2 93 99 97 74 88 76 34 60 57 41
Coste: 23750098

GENERACION: 77
Mejor Solucion:  52 46 85 89 18 13 77 45 82 71 63 38 56 54 1 9 86 87 8 78 83 14 47 20 95 65 73 23 36 35 68 11 5 42 6 61 51 19 43 39 0 22 40 29 80 4 64 7 69 90 26 3 21 81 28 31 66 72 92 12 59 30 98 15 48 91 49 53 94 79 27 32 24 44 50 33 25 96 58 67 16 84 70 75 37 62 10 55 17 2 93 99 97 74 88 76 34 60 57 41
Coste: 23750098

GENERACION: 78
Mejor Solucion:  52 46 85 89 18 13 77 45 82 71 63 38 56 54 1 9 86 87 8 78 83 14 47 20 95 65 73 23 36 35 68 11 5 42 6 61 51 19 43 39 0 22 40 29 80 4 64 7 69 90 26 3 21 81 28 31 66 72 92 12 59 30 98 15 48 91 49 53 94 79 27 32 24 44 50 33 25 96 58 67 16 84 70 75 37 62 10 55 17 2 93 99 97 74 88 76 34 60 57 41
Coste: 23750098

GENERACION: 79
Mejor Solucion:  52 46 85 89 18 13 77 45 82 71 63 38 56 54 1 9 86 87 8 78 83 14 47 20 95 65 73 23 36 35 68 11 5 42 6 61 51 19 43 39 0 22 40 29 80 4 64 7 69 90 26 3 21 81 28 31 66 72 92 12 59 30 98 15 48 91 49 53 94 79 27 32 24 44 50 33 25 96 58 67 16 84 70 75 37 62 10 55 17 2 93 99 97 74 88 76 34 60 57 41
Coste: 23750098

GENERACION: 80
Mejor Solucion:  52 46 85 89 18 13 77 45 82 71 63 38 56 54 1 9 86 87 8 78 83 14 47 20 95 65 73 23 36 35 68 11 5 42 6 61 51 19 43 39 0 22 40 29 80 4 64 7 69 90 26 3 21 81 28 31 66 72 92 12 59 30 98 15 48 91 49 53 94 79 27 32 24 44 50 33 25 96 58 67 16 84 70 75 37 62 10 55 17 2 93 99 97 74 88 76 34 60 57 41
Coste: 23750098

GENERACION: 81
Mejor Solucion:  52 46 85 89 18 13 77 45 82 71 63 38 56 54 1 9 86 87 8 78 83 14 47 20 95 65 73 23 36 35 68 11 5 42 6 61 51 19 43 39 0 22 40 29 80 4 64 7 69 90 26 3 21 81 28 31 66 72 92 12 59 30 98 15 48 91 49 53 94 79 27 32 24 44 50 33 25 96 58 67 16 84 70 75 37 62 10 55 17 2 93 99 97 74 88 76 34 60 57 41
Coste: 23750098

GENERACION: 82
Mejor Solucion:  52 17 85 89 34 33 77 98 65 71 2 38 56 54 28 12 86 87 8 78 83 14 47 20 90 92 73 23 36 35 68 11 5 42 6 61 51 19 91 94 0 22 30 76 80 4 64 46 24 95 26 3 45 81 1 31 66 72 27 9 44 40 69 13 82 93 49 53 39 79 48 32 21 59 50 15 25 96 58 67 16 84 70 75 37 62 10 55 7 63 43 99 97 74 88 29 18 60 57 41
Coste: 23745261

GENERACION: 83
Mejor Solucion:  52 17 85 89 34 33 77 98 65 71 2 38 56 54 28 12 86 87 8 78 83 14 47 20 90 92 73 23 36 35 68 11 5 42 6 61 51 19 91 94 0 22 30 76 80 4 64 46 24 95 26 3 45 81 1 31 66 72 27 9 44 40 69 13 82 93 49 53 39 79 48 32 21 59 50 15 25 96 58 67 16 84 70 75 37 62 10 55 7 63 43 99 97 74 88 29 18 60 57 41
Coste: 23745261

GENERACION: 84
Mejor Solucion:  52 49 91 50 18 33 77 98 65 71 63 38 56 54 28 12 86 87 55 78 42 14 47 84 90 92 41 23 36 35 32 11 88 83 6 61 51 8 85 94 0 1 37 76 80 4 64 46 24 95 26 3 45 81 22 31 66 48 27 9 44 40 69 13 82 93 7 53 39 43 72 68 21 59 89 15 25 96 58 67 16 20 70 75 30 62 10 19 17 2 79 99 97 74 5 29 34 60 57 73
Coste: 23735547

GENERACION: 85
Mejor Solucion:  52 7 79 50 18 33 77 98 65 71 63 38 56 54 28 12 86 94 55 43 42 89 47 84 90 2 9 23 36 35 68 11 88 58 6 61 51 57 85 87 0 1 37 76 80 4 64 46 24 22 26 3 45 92 95 31 66 72 27 41 44 40 69 13 82 93 49 53 39 91 48 32 67 59 14 15 25 96 83 21 16 20 70 75 30 62 10 19 17 81 78 99 97 8 5 29 34 60 74 73
Coste: 23731384

GENERACION: 86
Mejor Solucion:  52 7 79 50 18 33 77 98 14 71 63 38 56 54 28 12 86 94 72 43 42 89 47 84 90 2 9 23 36 35 68 11 88 58 6 60 51 57 85 87 0 1 37 76 80 4 64 46 82 22 26 3 45 92 95 31 66 55 27 41 44 40 69 13 24 93 49 53 39 91 48 32 81 59 10 15 25 96 83 21 16 20 70 75 30 62 65 19 17 67 78 99 97 8 5 29 34 61 74 73
Coste: 23693736

GENERACION: 87
Mejor Solucion:  52 7 79 95 18 33 77 98 14 32 63 38 96 54 46 12 86 94 72 43 48 89 47 84 90 2 9 23 36 35 68 11 88 58 6 60 51 57 67 87 0 1 37 15 80 4 64 74 82 22 17 3 45 92 50 5 66 55 27 41 44 40 69 13 24 93 49 53 39 91 42 71 85 59 65 76 25 56 83 21 16 20 70 75 30 62 10 19 26 81 78 99 97 8 31 29 34 61 28 73
Coste: 23644691

GENERACION: 88
Mejor Solucion:  52 7 79 95 18 33 77 98 14 32 63 38 96 54 46 12 86 94 72 43 48 89 47 84 90 2 9 23 36 35 68 11 88 58 6 60 51 57 67 87 0 1 37 15 80 4 64 74 82 22 17 3 45 92 50 5 66 55 27 41 44 40 69 13 24 93 49 53 39 91 42 71 85 59 65 76 25 56 83 21 16 20 70 75 30 62 10 19 26 81 78 99 97 8 31 29 34 61 28 73
Coste: 23644691

GENERACION: 89
Mejor Solucion:  52 7 79 95 18 33 77 98 14 32 63 38 96 54 46 12 86 94 72 43 48 89 47 84 90 2 9 23 36 35 68 11 88 58 6 60 51 57 67 87 0 1 37 15 80 4 64 74 82 22 17 3 45 92 50 5 66 55 27 41 44 40 69 13 24 93 49 53 39 91 42 71 85 59 65 76 25 56 83 21 16 20 70 75 30 62 10 19 26 81 78 99 97 8 31 29 34 61 28 73
Coste: 23644691

GENERACION: 90
Mejor Solucion:  52 7 79 95 18 33 77 98 14 32 63 38 96 54 46 12 86 94 72 43 48 89 47 84 90 2 9 23 36 35 68 11 88 58 6 60 51 57 67 87 0 1 37 15 80 4 64 74 82 22 17 3 45 92 50 5 66 55 27 41 44 40 69 13 24 93 49 53 39 91 42 71 85 59 65 76 25 56 83 21 16 20 70 75 30 62 10 19 26 81 78 99 97 8 31 29 34 61 28 73
Coste: 23644691

GENERACION: 91
Mejor Solucion:  52 7 79 95 18 33 77 98 14 32 63 38 96 54 46 12 86 94 72 43 48 89 47 84 90 2 9 23 36 35 68 11 88 58 6 60 51 57 67 87 0 1 37 15 80 4 64 74 82 22 17 3 45 92 50 5 66 55 27 41 44 40 69 13 24 93 49 53 39 91 42 71 85 59 65 76 25 56 83 21 16 20 70 75 30 62 10 19 26 81 78 99 97 8 31 29 34 61 28 73
Coste: 23644691

GENERACION: 92
Mejor Solucion:  52 7 79 95 18 33 77 98 14 32 63 38 96 54 46 12 86 94 72 43 48 89 47 84 90 2 9 23 36 35 68 11 88 58 6 60 51 57 67 87 0 1 37 15 80 4 64 74 82 22 17 3 45 92 50 5 66 55 27 41 44 40 69 13 24 93 49 53 39 91 42 71 85 59 65 76 25 56 83 21 16 20 70 75 30 62 10 19 26 81 78 99 97 8 31 29 34 61 28 73
Coste: 23644691

GENERACION: 93
Mejor Solucion:  52 7 79 95 18 33 77 98 14 32 63 38 96 54 46 12 86 94 72 43 48 89 47 84 90 2 9 23 36 35 68 11 88 58 6 60 51 57 67 87 0 1 37 15 80 4 64 74 82 22 17 3 45 92 50 5 66 55 27 41 44 40 69 13 24 93 49 53 39 91 42 71 85 59 65 76 25 56 83 21 16 20 70 75 30 62 10 19 26 81 78 99 97 8 31 29 34 61 28 73
Coste: 23644691

GENERACION: 94
Mejor Solucion:  52 7 79 95 18 33 77 98 14 32 63 38 96 54 46 12 86 94 72 43 48 89 47 84 90 2 9 23 36 35 68 11 88 58 6 60 51 57 67 87 0 1 37 15 80 4 64 74 82 22 17 3 45 92 50 5 66 55 27 41 44 40 69 13 24 93 49 53 39 91 42 71 85 59 65 76 25 56 83 21 16 20 70 75 30 62 10 19 26 81 78 99 97 8 31 29 34 61 28 73
Coste: 23644691

GENERACION: 95
Mejor Solucion:  52 7 79 95 18 33 77 98 14 32 63 38 96 54 46 12 86 94 72 43 48 89 47 84 90 2 9 23 36 35 68 11 88 58 6 60 51 57 67 87 0 1 37 15 80 4 64 74 82 22 17 3 45 92 50 5 66 55 27 41 44 40 69 13 24 93 49 53 39 91 42 71 85 59 65 76 25 56 83 21 16 20 70 75 30 62 10 19 26 81 78 99 97 8 31 29 34 61 28 73
Coste: 23644691

GENERACION: 96
Mejor Solucion:  52 7 79 95 18 33 77 98 14 32 63 38 96 54 46 12 86 94 72 43 48 89 47 84 90 2 9 23 36 35 68 11 88 58 6 60 51 57 67 87 0 1 37 15 80 4 64 74 82 22 17 3 45 92 50 5 66 55 27 41 44 40 69 13 24 93 49 53 39 91 42 71 85 59 65 76 25 56 83 21 16 20 70 75 30 62 10 19 26 81 78 99 97 8 31 29 34 61 28 73
Coste: 23644691

GENERACION: 97
Mejor Solucion:  52 7 79 95 18 33 77 98 14 32 63 38 96 54 46 12 86 94 72 43 48 89 47 84 90 2 9 23 36 35 68 11 88 58 6 60 51 57 67 87 0 1 37 15 80 4 64 74 82 22 17 3 45 92 50 5 66 55 27 41 44 40 69 13 24 93 49 53 39 91 42 71 85 59 65 76 25 56 83 21 16 20 70 75 30 62 10 19 26 81 78 99 97 8 31 29 34 61 28 73
Coste: 23644691

GENERACION: 98
Mejor Solucion:  52 7 79 95 18 33 77 98 14 32 63 38 96 54 46 12 86 94 72 43 48 89 47 84 90 2 9 23 36 35 68 11 88 58 6 60 51 57 67 87 0 1 37 15 80 4 64 74 82 22 17 3 45 92 50 5 66 55 27 41 44 40 69 13 24 93 49 53 39 91 42 71 85 59 65 76 25 56 83 21 16 20 70 75 30 62 10 19 26 81 78 99 97 8 31 29 34 61 28 73
Coste: 23644691

GENERACION: 99
Mejor Solucion:  52 7 79 95 18 33 77 98 14 32 63 38 96 54 46 12 86 94 72 43 48 89 47 84 90 2 9 23 36 35 68 11 88 58 6 60 51 57 67 87 0 1 37 15 80 4 64 74 82 22 17 3 45 92 50 5 66 55 27 41 44 40 69 13 24 93 49 53 39 91 42 71 85 59 65 76 25 56 83 21 16 20 70 75 30 62 10 19 26 81 78 99 97 8 31 29 34 61 28 73
Coste: 23644691

GENERACION: 100
Mejor Solucion:  52 7 79 95 18 33 77 98 14 32 63 38 96 54 46 12 86 94 72 43 48 89 47 84 90 2 9 23 36 35 68 11 88 58 6 60 51 57 67 87 0 1 37 15 80 4 64 74 82 22 17 3 45 92 50 5 66 55 27 41 44 40 69 13 24 93 49 53 39 91 42 71 85 59 65 76 25 56 83 21 16 20 70 75 30 62 10 19 26 81 78 99 97 8 31 29 34 61 28 73
Coste: 23644691

GENERACION: 101
Mejor Solucion:  52 7 79 95 18 33 77 98 14 32 63 38 96 54 46 12 86 94 72 43 48 89 47 84 90 2 9 23 36 35 68 11 88 58 6 60 51 57 67 87 0 1 37 15 80 4 64 74 82 22 17 3 45 92 50 5 66 55 27 41 44 40 69 13 24 93 49 53 39 91 42 71 85 59 65 76 25 56 83 21 16 20 70 75 30 62 10 19 26 81 78 99 97 8 31 29 34 61 28 73
Coste: 23644691

GENERACION: 102
Mejor Solucion:  52 7 79 95 18 33 77 98 14 32 63 38 96 54 46 12 86 94 72 43 48 89 47 84 90 2 9 23 36 35 68 11 88 58 6 60 51 57 67 87 0 1 37 15 80 4 64 74 82 22 17 3 45 92 50 5 66 55 27 41 44 40 69 13 24 93 49 53 39 91 42 71 85 59 65 76 25 56 83 21 16 20 70 75 30 62 10 19 26 81 78 99 97 8 31 29 34 61 28 73
Coste: 23644691

GENERACION: 103
Mejor Solucion:  52 7 79 95 18 33 77 98 14 32 63 38 96 54 46 12 86 94 72 43 48 89 47 84 90 2 9 23 36 35 68 11 88 58 6 60 51 57 67 87 0 1 37 15 80 4 64 74 82 22 17 3 45 92 50 5 66 55 27 41 44 40 69 13 24 93 49 53 39 91 42 71 85 59 65 76 25 56 83 21 16 20 70 75 30 62 10 19 26 81 78 99 97 8 31 29 34 61 28 73
Coste: 23644691

GENERACION: 104
Mejor Solucion:  52 7 79 95 18 33 77 98 14 32 63 38 96 54 46 12 86 94 72 43 48 89 47 84 90 2 9 23 36 35 68 11 88 58 6 60 51 57 67 87 0 1 37 15 80 4 64 74 82 22 17 3 45 92 50 5 66 55 27 41 44 40 69 13 24 93 49 53 39 91 42 71 85 59 65 76 25 56 83 21 16 20 70 75 30 62 10 19 26 81 78 99 97 8 31 29 34 61 28 73
Coste: 23644691

GENERACION: 105
Mejor Solucion:  52 7 79 95 18 33 77 98 14 32 63 38 96 54 46 12 86 94 72 43 48 89 47 84 90 2 9 23 36 35 68 11 88 58 6 60 51 57 67 87 0 1 37 15 80 4 64 74 82 22 17 3 45 92 50 5 66 55 27 41 44 40 69 13 24 93 49 53 39 91 42 71 85 59 65 76 25 56 83 21 16 20 70 75 30 62 10 19 26 81 78 99 97 8 31 29 34 61 28 73
Coste: 23644691

GENERACION: 106
Mejor Solucion:  52 7 79 95 18 33 77 98 14 32 63 38 96 54 46 12 86 94 72 43 48 89 47 84 90 2 9 23 36 35 68 11 88 58 6 60 51 57 67 87 0 1 37 15 80 4 64 74 82 22 17 3 45 92 50 5 66 55 27 41 44 40 69 13 24 93 49 53 39 91 42 71 85 59 65 76 25 56 83 21 16 20 70 75 30 62 10 19 26 81 78 99 97 8 31 29 34 61 28 73
Coste: 23644691

GENERACION: 107
Mejor Solucion:  52 7 79 95 18 33 77 98 14 32 63 38 96 54 46 12 86 94 72 43 48 89 47 84 90 2 9 23 36 35 68 11 88 58 6 60 51 57 67 87 0 1 37 15 80 4 64 74 82 22 17 3 45 92 50 5 66 55 27 41 44 40 69 13 24 93 49 53 39 91 42 71 85 59 65 76 25 56 83 21 16 20 70 75 30 62 10 19 26 81 78 99 97 8 31 29 34 61 28 73
Coste: 23644691

GENERACION: 108
Mejor Solucion:  52 7 79 95 18 33 77 98 14 32 63 38 96 54 46 12 86 94 72 43 48 89 47 84 90 2 9 23 36 35 68 11 88 58 6 60 51 57 67 87 0 1 37 15 80 4 64 74 82 22 17 3 45 92 50 5 66 55 27 41 44 40 69 13 24 93 49 53 39 91 42 71 85 59 65 76 25 56 83 21 16 20 70 75 30 62 10 19 26 81 78 99 97 8 31 29 34 61 28 73
Coste: 23644691

GENERACION: 109
Mejor Solucion:  52 7 79 95 18 33 77 98 14 32 63 38 96 54 46 12 86 94 72 43 48 89 47 84 90 2 9 23 36 35 68 11 88 58 6 60 51 57 67 87 0 1 37 15 80 4 64 74 82 22 17 3 45 92 50 5 66 55 27 41 44 40 69 13 24 93 49 53 39 91 42 71 85 59 65 76 25 56 83 21 16 20 70 75 30 62 10 19 26 81 78 99 97 8 31 29 34 61 28 73
Coste: 23644691

GENERACION: 110
Mejor Solucion:  52 7 79 95 18 33 77 98 14 32 63 38 96 54 46 12 86 94 72 43 48 89 47 84 90 2 9 23 36 35 68 11 88 58 6 60 51 57 67 87 0 1 37 15 80 4 64 74 82 22 17 3 45 92 50 5 66 55 27 41 44 40 69 13 24 93 49 53 39 91 42 71 85 59 65 76 25 56 83 21 16 20 70 75 30 62 10 19 26 81 78 99 97 8 31 29 34 61 28 73
Coste: 23644691

GENERACION: 111
Mejor Solucion:  52 7 79 95 18 33 77 98 14 32 63 38 96 54 46 12 86 94 72 43 48 89 47 84 90 2 9 23 36 35 68 11 88 58 6 60 51 57 67 87 0 1 37 15 80 4 64 74 82 22 17 3 45 92 50 5 66 55 27 41 44 40 69 13 24 93 49 53 39 91 42 71 85 59 65 76 25 56 83 21 16 20 70 75 30 62 10 19 26 81 78 99 97 8 31 29 34 61 28 73
Coste: 23644691

GENERACION: 112
Mejor Solucion:  52 7 79 95 18 33 77 98 14 32 63 38 96 54 46 12 86 94 72 43 48 89 47 84 90 2 9 23 36 35 68 11 88 58 6 60 51 57 67 87 0 1 37 15 80 4 64 74 82 22 17 3 45 92 50 5 66 55 27 41 44 40 69 13 24 93 49 53 39 91 42 71 85 59 65 76 25 56 83 21 16 20 70 75 30 62 10 19 26 81 78 99 97 8 31 29 34 61 28 73
Coste: 23644691

GENERACION: 113
Mejor Solucion:  52 7 79 95 18 33 77 98 14 32 63 38 96 54 46 12 86 94 72 43 48 89 47 84 90 2 9 23 36 35 68 11 88 58 6 60 51 57 67 87 0 1 37 15 80 4 64 74 82 22 17 3 45 92 50 5 66 55 27 41 44 40 69 13 24 93 49 53 39 91 42 71 85 59 65 76 25 56 83 21 16 20 70 75 30 62 10 19 26 81 78 99 97 8 31 29 34 61 28 73
Coste: 23644691

GENERACION: 114
Mejor Solucion:  52 7 79 95 18 33 77 98 14 32 63 38 96 54 46 12 86 94 72 43 48 89 47 84 90 2 9 23 36 35 68 11 88 58 6 60 51 57 67 87 0 1 37 15 80 4 64 74 82 22 17 3 45 92 50 5 66 55 27 41 44 40 69 13 24 93 49 53 39 91 42 71 85 59 65 76 25 56 83 21 16 20 70 75 30 62 10 19 26 81 78 99 97 8 31 29 34 61 28 73
Coste: 23644691

GENERACION: 115
Mejor Solucion:  52 7 79 95 18 33 77 98 14 32 63 38 96 54 46 12 86 94 72 43 48 89 47 84 90 2 9 23 36 35 68 11 88 58 6 60 51 57 67 87 0 1 37 15 80 4 64 74 82 22 17 3 45 92 50 5 66 55 27 41 44 40 69 13 24 93 49 53 39 91 42 71 85 59 65 76 25 56 83 21 16 20 70 75 30 62 10 19 26 81 78 99 97 8 31 29 34 61 28 73
Coste: 23644691

GENERACION: 116
Mejor Solucion:  52 7 79 95 18 33 77 98 14 32 63 38 96 54 46 12 86 94 72 43 48 89 47 84 90 2 9 23 36 35 68 11 88 58 6 60 51 57 67 87 0 1 37 15 80 4 64 74 82 22 17 3 45 92 50 5 66 55 27 41 44 40 69 13 24 93 49 53 39 91 42 71 85 59 65 76 25 56 83 21 16 20 70 75 30 62 10 19 26 81 78 99 97 8 31 29 34 61 28 73
Coste: 23644691

GENERACION: 117
Mejor Solucion:  52 7 79 95 18 33 77 98 14 32 63 38 96 54 46 12 86 94 72 43 48 89 47 84 90 2 9 23 36 35 68 11 88 58 6 60 51 57 67 87 0 1 37 15 80 4 64 74 82 22 17 3 45 92 50 5 66 55 27 41 44 40 69 13 24 93 49 53 39 91 42 71 85 59 65 76 25 56 83 21 16 20 70 75 30 62 10 19 26 81 78 99 97 8 31 29 34 61 28 73
Coste: 23644691

GENERACION: 118
Mejor Solucion:  52 7 79 95 18 33 77 98 14 32 63 38 96 54 46 12 86 94 72 43 48 89 47 84 90 2 9 23 36 35 68 11 88 58 6 60 51 57 67 87 0 1 37 15 80 4 64 74 82 22 17 3 45 92 50 5 66 55 27 41 44 40 69 13 24 93 49 53 39 91 42 71 85 59 65 76 25 56 83 21 16 20 70 75 30 62 10 19 26 81 78 99 97 8 31 29 34 61 28 73
Coste: 23644691

GENERACION: 119
Mejor Solucion:  52 7 79 95 18 33 77 98 14 32 63 38 96 54 46 12 86 94 72 43 48 89 47 84 90 2 9 23 36 35 68 11 88 58 6 60 51 57 67 87 0 1 37 15 80 4 64 74 82 22 17 3 45 92 50 5 66 55 27 41 44 40 69 13 24 93 49 53 39 91 42 71 85 59 65 76 25 56 83 21 16 20 70 75 30 62 10 19 26 81 78 99 97 8 31 29 34 61 28 73
Coste: 23644691

GENERACION: 120
Mejor Solucion:  52 7 79 95 18 33 77 98 14 32 63 38 96 54 46 12 86 94 72 43 48 89 47 84 90 2 9 23 36 35 68 11 88 58 6 60 51 57 67 87 0 1 37 15 80 4 64 74 82 22 17 3 45 92 50 5 66 55 27 41 44 40 69 13 24 93 49 53 39 91 42 71 85 59 65 76 25 56 83 21 16 20 70 75 30 62 10 19 26 81 78 99 97 8 31 29 34 61 28 73
Coste: 23644691

GENERACION: 121
Mejor Solucion:  52 7 79 95 18 33 77 98 14 32 63 38 96 54 46 12 86 94 72 43 48 89 47 84 90 2 9 23 36 35 68 11 88 58 6 60 51 57 67 87 0 1 37 15 80 4 64 74 82 22 17 3 45 92 50 5 66 55 27 41 44 40 69 13 24 93 49 53 39 91 42 71 85 59 65 76 25 56 83 21 16 20 70 75 30 62 10 19 26 81 78 99 97 8 31 29 34 61 28 73
Coste: 23644691

GENERACION: 122
Mejor Solucion:  52 7 79 95 18 33 77 98 14 32 63 38 96 54 46 12 86 94 72 43 48 89 47 84 90 2 9 23 36 35 68 11 88 58 6 60 51 57 67 87 0 1 37 15 80 4 64 74 82 22 17 3 45 92 50 5 66 55 27 41 44 40 69 13 24 93 49 53 39 91 42 71 85 59 65 76 25 56 83 21 16 20 70 75 30 62 10 19 26 81 78 99 97 8 31 29 34 61 28 73
Coste: 23644691

GENERACION: 123
Mejor Solucion:  52 7 79 95 18 33 77 98 14 32 63 38 96 54 46 12 86 94 72 43 48 89 47 84 90 2 9 23 36 35 68 11 88 58 6 60 51 57 67 87 0 1 37 15 80 4 64 74 82 22 17 3 45 92 50 5 66 55 27 41 44 40 69 13 24 93 49 53 39 91 42 71 85 59 65 76 25 56 83 21 16 20 70 75 30 62 10 19 26 81 78 99 97 8 31 29 34 61 28 73
Coste: 23644691

GENERACION: 124
Mejor Solucion:  52 7 79 95 18 33 77 98 14 32 63 38 96 54 46 12 86 94 72 43 48 89 47 84 90 2 9 23 36 35 68 11 88 58 6 60 51 57 67 87 0 1 37 15 80 4 64 74 82 22 17 3 45 92 50 5 66 55 27 41 44 40 69 13 24 93 49 53 39 91 42 71 85 59 65 76 25 56 83 21 16 20 70 75 30 62 10 19 26 81 78 99 97 8 31 29 34 61 28 73
Coste: 23644691

GENERACION: 125
Mejor Solucion:  52 7 79 95 18 33 77 98 14 32 63 38 96 54 46 12 86 94 72 43 48 89 47 84 90 2 9 23 36 35 68 11 88 58 6 60 51 57 67 87 0 1 37 15 80 4 64 74 82 22 17 3 45 92 50 5 66 55 27 41 44 40 69 13 24 93 49 53 39 91 42 71 85 59 65 76 25 56 83 21 16 20 70 75 30 62 10 19 26 81 78 99 97 8 31 29 34 61 28 73
Coste: 23644691

GENERACION: 126
Mejor Solucion:  52 7 79 95 18 33 77 98 14 32 63 38 96 54 46 12 86 94 72 43 48 89 47 84 90 2 9 23 36 35 68 11 88 58 6 60 51 57 67 87 0 1 37 15 80 4 64 74 82 22 17 3 45 92 50 5 66 55 27 41 44 40 69 13 24 93 49 53 39 91 42 71 85 59 65 76 25 56 83 21 16 20 70 75 30 62 10 19 26 81 78 99 97 8 31 29 34 61 28 73
Coste: 23644691

GENERACION: 127
Mejor Solucion:  52 7 79 95 18 33 77 98 14 32 63 38 96 54 46 12 86 94 72 43 48 89 47 84 90 2 9 23 36 35 68 11 88 58 6 60 51 57 67 87 0 1 37 15 80 4 64 74 82 22 17 3 45 92 50 5 66 55 27 41 44 40 69 13 24 93 49 53 39 91 42 71 85 59 65 76 25 56 83 21 16 20 70 75 30 62 10 19 26 81 78 99 97 8 31 29 34 61 28 73
Coste: 23644691

GENERACION: 128
Mejor Solucion:  52 7 79 95 18 33 77 98 14 32 63 38 96 54 46 12 86 94 72 43 48 89 47 84 90 2 9 23 36 35 68 11 88 58 6 60 51 57 67 87 0 1 37 15 80 4 64 74 82 22 17 3 45 92 50 5 66 55 27 41 44 40 69 13 24 93 49 53 39 91 42 71 85 59 65 76 25 56 83 21 16 20 70 75 30 62 10 19 26 81 78 99 97 8 31 29 34 61 28 73
Coste: 23644691

GENERACION: 129
Mejor Solucion:  52 7 79 95 18 33 77 98 14 32 63 38 96 54 46 12 86 94 72 43 48 89 47 84 90 2 9 23 36 35 68 11 88 58 6 60 51 57 67 87 0 1 37 15 80 4 64 74 82 22 17 3 45 92 50 5 66 55 27 41 44 40 69 13 24 93 49 53 39 91 42 71 85 59 65 76 25 56 83 21 16 20 70 75 30 62 10 19 26 81 78 99 97 8 31 29 34 61 28 73
Coste: 23644691

GENERACION: 130
Mejor Solucion:  52 7 79 95 18 33 77 98 14 32 63 38 96 54 46 12 86 94 72 43 48 89 47 84 90 2 9 23 36 35 68 11 88 58 6 60 51 57 67 87 0 1 37 15 80 4 64 74 82 22 17 3 45 92 50 5 66 55 27 41 44 40 69 13 24 93 49 53 39 91 42 71 85 59 65 76 25 56 83 21 16 20 70 75 30 62 10 19 26 81 78 99 97 8 31 29 34 61 28 73
Coste: 23644691

