GENERACION: 1
Mejor Solucion:  141 40 10 30 105 101 19 78 96 93 92 23 148 4 36 68 17 125 110 100 71 149 60 120 103 14 62 147 114 118 135 11 65 139 37 5 79 45 138 25 119 142 16 95 104 127 86 73 27 130 146 21 54 140 2 129 6 18 20 67 28 82 22 53 137 91 109 26 39 136 123 48 3 51 116 128 97 83 72 143 46 31 76 13 89 32 63 117 102 85 56 115 77 108 90 80 47 24 106 59 132 66 144 81 98 84 33 50 44 41 122 52 61 88 94 0 43 134 69 35 29 49 121 58 12 107 1 9 70 145 131 74 57 133 38 42 55 112 8 87 124 75 64 15 113 111 99 7 126 34
Coste: 9686320

GENERACION: 2
Mejor Solucion:  141 40 10 30 105 101 19 78 96 93 92 23 148 4 36 68 17 125 110 100 71 149 60 120 103 14 62 147 114 118 135 11 65 139 37 5 79 45 138 25 119 142 16 95 104 127 86 73 27 130 146 21 54 140 2 129 6 18 20 67 28 82 22 53 137 91 109 26 39 136 123 48 3 51 116 128 97 83 72 143 46 31 76 13 89 32 63 117 102 85 56 115 77 108 90 80 47 24 106 59 132 66 144 81 98 84 33 50 44 41 122 52 61 88 94 0 43 134 69 35 29 49 121 58 12 107 1 9 70 145 131 74 57 133 38 42 55 112 8 87 124 75 64 15 113 111 99 7 126 34
Coste: 9686320

GENERACION: 3
Mejor Solucion:  141 40 10 30 105 101 19 78 96 93 92 23 148 4 36 68 17 125 110 100 71 149 60 120 103 14 62 147 114 118 135 11 65 139 37 5 79 45 138 25 119 142 16 95 104 127 86 73 27 130 146 21 54 140 2 129 6 18 20 67 28 82 22 53 137 91 109 26 39 136 123 48 3 51 116 128 97 83 72 143 46 31 76 13 89 32 63 117 102 85 56 115 77 108 90 80 47 24 106 59 132 66 144 81 98 84 33 50 44 41 122 52 61 88 94 0 43 134 69 35 29 49 121 58 12 107 1 9 70 145 131 74 57 133 38 42 55 112 8 87 124 75 64 15 113 111 99 7 126 34
Coste: 9686320

GENERACION: 4
Mejor Solucion:  141 40 10 30 105 101 19 78 96 93 92 23 148 4 36 68 17 125 110 100 71 149 60 120 103 14 62 147 114 118 135 11 65 139 37 5 79 45 138 25 119 142 16 95 104 127 86 73 27 130 146 21 54 140 2 129 6 18 20 67 28 82 22 53 137 91 109 26 39 136 123 48 3 51 116 128 97 83 72 143 46 31 76 13 89 32 63 117 102 85 56 115 77 108 90 80 47 24 106 59 132 66 144 81 98 84 33 50 44 41 122 52 61 88 94 0 43 134 69 35 29 49 121 58 12 107 1 9 70 145 131 74 57 133 38 42 55 112 8 87 124 75 64 15 113 111 99 7 126 34
Coste: 9686320

GENERACION: 5
Mejor Solucion:  141 40 10 30 105 101 19 78 96 93 92 23 148 4 36 68 17 125 110 100 71 149 60 120 103 14 62 147 114 118 135 11 65 139 37 5 79 45 138 25 119 142 16 95 104 127 86 73 27 130 146 21 54 140 2 129 6 18 20 67 28 82 22 53 137 91 109 26 39 136 123 48 3 51 116 128 97 83 72 143 46 31 76 13 89 32 63 117 102 85 56 115 77 108 90 80 47 24 106 59 132 66 144 81 98 84 33 50 44 41 122 52 61 88 94 0 43 134 69 35 29 49 121 58 12 107 1 9 70 145 131 74 57 133 38 42 55 112 8 87 124 75 64 15 113 111 99 7 126 34
Coste: 9686320

GENERACION: 6
Mejor Solucion:  12 0 119 70 47 25 91 15 17 1 56 142 22 16 33 64 87 96 120 113 123 3 53 65 62 104 59 148 32 109 81 63 124 80 46 39 138 139 55 61 28 111 8 13 60 146 94 72 52 24 21 133 107 45 79 5 74 141 103 44 58 43 36 136 71 66 37 23 2 68 144 57 38 85 14 128 97 83 135 11 110 31 76 95 89 147 88 98 41 93 51 77 78 30 26 27 100 18 121 92 49 117 129 115 127 125 90 4 112 118 126 145 143 20 137 6 69 48 84 82 7 106 108 35 114 29 86 105 99 134 101 34 40 75 116 140 102 50 67 19 149 9 73 10 42 122 131 54 132 130
Coste: 9682099

GENERACION: 7
Mejor Solucion:  12 0 119 70 47 25 91 15 17 1 56 142 22 16 33 64 87 96 120 113 123 3 53 65 62 104 59 148 32 109 81 63 124 80 46 39 138 139 55 61 28 111 8 13 60 146 94 72 52 24 21 133 107 45 79 5 74 141 103 44 58 43 36 136 71 66 37 23 2 68 144 57 38 85 14 128 97 83 135 11 110 31 76 95 89 147 88 98 41 93 51 77 78 30 26 27 100 18 121 92 49 117 129 115 127 125 90 4 112 118 126 145 143 20 137 6 69 48 84 82 7 106 108 35 114 29 86 105 99 134 101 34 40 75 116 140 102 50 67 19 149 9 73 10 42 122 131 54 132 130
Coste: 9682099

GENERACION: 8
Mejor Solucion:  12 0 119 70 47 25 91 15 17 1 56 142 22 16 33 64 87 96 120 113 123 3 53 65 62 104 59 148 32 109 81 63 124 80 46 39 138 139 55 61 28 111 8 13 60 146 94 72 52 24 21 133 107 45 79 5 74 141 103 44 58 43 36 136 71 66 37 23 2 68 144 57 38 85 14 128 97 83 135 11 110 31 76 95 89 147 88 98 41 93 51 77 78 30 26 27 100 18 121 92 49 117 129 115 127 125 90 4 112 118 126 145 143 20 137 6 69 48 84 82 7 106 108 35 114 29 86 105 99 134 101 34 40 75 116 140 102 50 67 19 149 9 73 10 42 122 131 54 132 130
Coste: 9682099

GENERACION: 9
Mejor Solucion:  12 0 119 70 47 25 91 15 17 1 56 142 22 16 33 64 87 96 120 113 123 3 53 65 62 104 59 148 32 109 81 63 124 80 46 39 138 139 55 61 28 111 8 13 60 146 94 72 52 24 21 133 107 45 79 5 74 141 103 44 58 43 36 136 71 66 37 23 2 68 144 57 38 85 14 128 97 83 135 11 110 31 76 95 89 147 88 98 41 93 51 77 78 30 26 27 100 18 121 92 49 117 129 115 127 125 90 4 112 118 126 145 143 20 137 6 69 48 84 82 7 106 108 35 114 29 86 105 99 134 101 34 40 75 116 140 102 50 67 19 149 9 73 10 42 122 131 54 132 130
Coste: 9682099

GENERACION: 10
Mejor Solucion:  12 0 119 70 47 25 91 15 17 1 56 142 22 16 33 64 87 96 120 113 123 3 53 65 62 104 59 148 32 109 81 63 124 80 46 39 138 139 55 61 28 111 8 13 60 146 94 72 52 24 21 133 107 45 79 5 74 141 103 44 58 43 36 136 71 66 37 23 2 68 144 57 38 85 14 128 97 83 135 11 110 31 76 95 89 147 88 98 41 93 51 77 78 30 26 27 100 18 121 92 49 117 129 115 127 125 90 4 112 118 126 145 143 20 137 6 69 48 84 82 7 106 108 35 114 29 86 105 99 134 101 34 40 75 116 140 102 50 67 19 149 9 73 10 42 122 131 54 132 130
Coste: 9682099

GENERACION: 11
Mejor Solucion:  34 50 53 85 132 22 2 89 67 1 56 142 54 20 33 64 87 28 120 113 59 3 107 65 62 104 123 148 12 109 81 63 124 80 46 39 138 139 55 61 103 111 8 13 60 146 94 72 52 91 21 83 14 45 79 5 74 141 96 44 143 43 36 136 71 66 37 23 11 68 144 17 95 78 26 134 57 88 128 93 130 9 122 0 135 77 73 149 102 47 30 70 140 31 98 27 100 18 121 92 49 117 129 115 127 125 90 4 112 118 126 145 58 116 137 6 69 119 84 82 7 106 108 35 114 29 86 105 99 16 133 25 19 75 101 97 10 48 32 41 131 40 42 147 38 24 15 110 76 51
Coste: 9629342

GENERACION: 12
Mejor Solucion:  34 50 53 85 132 22 2 89 67 1 56 142 54 20 33 64 87 28 120 113 59 3 107 65 62 104 123 148 12 109 81 63 124 80 46 39 138 139 55 61 103 111 8 13 60 146 94 72 52 91 21 83 14 45 79 5 74 141 96 44 143 43 36 136 71 66 37 23 11 68 144 17 95 78 26 134 57 88 128 93 130 9 122 0 135 77 73 149 102 47 30 70 140 31 98 27 100 18 121 92 49 117 129 115 127 125 90 4 112 118 126 145 58 116 137 6 69 119 84 82 7 106 108 35 114 29 86 105 99 16 133 25 19 75 101 97 10 48 32 41 131 40 42 147 38 24 15 110 76 51
Coste: 9629342

GENERACION: 13
Mejor Solucion:  34 50 53 85 132 22 2 89 67 1 56 142 54 20 33 64 87 28 120 113 59 3 107 65 62 104 123 148 12 109 81 63 124 80 46 39 138 139 55 61 103 111 8 13 60 146 94 72 52 91 21 83 14 45 79 5 74 141 96 44 143 43 36 136 71 66 37 23 11 68 144 17 95 78 26 134 57 88 128 93 130 9 122 0 135 77 73 149 102 47 30 70 140 31 98 27 100 18 121 92 49 117 129 115 127 125 90 4 112 118 126 145 58 116 137 6 69 119 84 82 7 106 108 35 114 29 86 105 99 16 133 25 19 75 101 97 10 48 32 41 131 40 42 147 38 24 15 110 76 51
Coste: 9629342

GENERACION: 14
Mejor Solucion:  34 50 53 85 132 22 2 89 67 1 56 142 54 20 33 64 87 28 120 113 59 3 107 65 62 104 123 148 12 109 81 63 124 80 46 39 138 139 55 61 103 111 8 13 60 146 94 72 52 91 21 83 14 45 79 5 74 141 96 44 143 43 36 136 71 66 37 23 11 68 144 17 95 78 26 134 57 88 128 93 130 9 122 0 135 77 73 149 102 47 30 70 140 31 98 27 100 18 121 92 49 117 129 115 127 125 90 4 112 118 126 145 58 116 137 6 69 119 84 82 7 106 108 35 114 29 86 105 99 16 133 25 19 75 101 97 10 48 32 41 131 40 42 147 38 24 15 110 76 51
Coste: 9629342

GENERACION: 15
Mejor Solucion:  34 50 53 85 132 22 2 89 67 1 56 142 54 20 33 64 87 28 120 113 59 3 107 65 62 104 123 148 12 109 81 63 124 80 46 39 138 139 55 61 103 111 8 13 60 146 94 72 52 91 21 83 14 45 79 5 74 141 96 44 143 43 36 136 71 66 37 23 11 68 144 17 95 78 26 134 57 88 128 93 130 9 122 0 135 77 73 149 102 47 30 70 140 31 98 27 100 18 121 92 49 117 129 115 127 125 90 4 112 118 126 145 58 116 137 6 69 119 84 82 7 106 108 35 114 29 86 105 99 16 133 25 19 75 101 97 10 48 32 41 131 40 42 147 38 24 15 110 76 51
Coste: 9629342

GENERACION: 16
Mejor Solucion:  34 50 53 85 132 22 2 89 67 1 56 142 54 20 33 64 87 28 120 113 59 3 107 65 62 104 123 148 12 109 81 63 124 80 46 39 138 139 55 61 103 111 8 13 60 146 94 72 52 91 21 83 14 45 79 5 74 141 96 44 143 43 36 136 71 66 37 23 11 68 144 17 95 78 26 134 57 88 128 93 130 9 122 0 135 77 73 149 102 47 30 70 140 31 98 27 100 18 121 92 49 117 129 115 127 125 90 4 112 118 126 145 58 116 137 6 69 119 84 82 7 106 108 35 114 29 86 105 99 16 133 25 19 75 101 97 10 48 32 41 131 40 42 147 38 24 15 110 76 51
Coste: 9629342

GENERACION: 17
Mejor Solucion:  34 50 53 85 132 22 2 89 67 1 56 142 54 20 33 64 87 28 120 113 59 3 107 65 62 104 123 148 12 109 81 63 124 80 46 39 138 139 55 61 103 111 8 13 60 146 94 72 52 91 21 83 14 45 79 5 74 141 96 44 143 43 36 136 71 66 37 23 11 68 144 17 95 78 26 134 57 88 128 93 130 9 122 0 135 77 73 149 102 47 30 70 140 31 98 27 100 18 121 92 49 117 129 115 127 125 90 4 112 118 126 145 58 116 137 6 69 119 84 82 7 106 108 35 114 29 86 105 99 16 133 25 19 75 101 97 10 48 32 41 131 40 42 147 38 24 15 110 76 51
Coste: 9629342

GENERACION: 18
Mejor Solucion:  118 50 53 85 132 141 77 89 67 1 56 142 87 20 33 64 143 28 120 113 32 3 126 109 62 10 123 148 121 65 74 63 5 80 46 39 19 139 131 61 103 15 8 13 60 146 94 26 52 91 21 83 14 45 79 124 81 22 96 44 54 92 36 136 71 66 37 23 11 68 144 17 95 78 72 134 57 88 128 93 130 9 122 0 135 2 73 149 102 47 30 70 140 31 55 27 100 18 12 43 49 117 129 115 127 125 90 4 112 34 107 145 58 84 137 6 69 119 116 82 7 106 108 35 114 29 86 105 99 16 133 25 138 75 101 97 104 48 59 41 98 40 42 147 38 24 111 110 76 51
Coste: 9619232

GENERACION: 19
Mejor Solucion:  118 50 53 85 132 141 77 89 67 1 56 142 87 20 33 64 143 28 120 113 32 3 126 109 62 10 123 148 121 65 74 63 5 80 46 39 19 139 131 61 103 15 8 13 60 146 94 26 52 91 21 83 14 45 79 124 81 22 96 44 54 92 36 136 71 66 37 23 11 68 144 17 95 78 72 134 57 88 128 93 130 9 122 0 135 2 73 149 102 47 30 70 140 31 55 27 100 18 12 43 49 117 129 115 127 125 90 4 112 34 107 145 58 84 137 6 69 119 116 82 7 106 108 35 114 29 86 105 99 16 133 25 138 75 101 97 104 48 59 41 98 40 42 147 38 24 111 110 76 51
Coste: 9619232

GENERACION: 20
Mejor Solucion:  118 50 53 85 132 141 77 89 67 1 56 142 87 20 33 64 143 28 120 113 32 3 126 109 62 10 123 148 121 65 74 63 5 80 46 39 19 139 131 61 103 15 8 13 60 146 94 26 52 91 21 83 14 45 79 124 81 22 96 44 54 92 36 136 71 66 37 23 11 68 144 17 95 78 72 134 57 88 128 93 130 9 122 0 135 2 73 149 102 47 30 70 140 31 55 27 100 18 12 43 49 117 129 115 127 125 90 4 112 34 107 145 58 84 137 6 69 119 116 82 7 106 108 35 114 29 86 105 99 16 133 25 138 75 101 97 104 48 59 41 98 40 42 147 38 24 111 110 76 51
Coste: 9619232

GENERACION: 21
Mejor Solucion:  118 50 53 85 132 141 77 89 67 1 56 142 87 20 33 64 143 28 120 113 32 3 126 109 62 10 123 148 121 65 74 63 5 80 46 39 19 139 131 61 103 15 8 13 60 146 94 26 52 91 21 83 14 45 79 124 81 22 96 44 54 92 36 136 71 66 37 23 11 68 144 17 95 78 72 134 57 88 128 93 130 9 122 0 135 2 73 149 102 47 30 70 140 31 55 27 100 18 12 43 49 117 129 115 127 125 90 4 112 34 107 145 58 84 137 6 69 119 116 82 7 106 108 35 114 29 86 105 99 16 133 25 138 75 101 97 104 48 59 41 98 40 42 147 38 24 111 110 76 51
Coste: 9619232

GENERACION: 22
Mejor Solucion:  118 50 53 85 132 141 77 89 67 1 56 142 87 20 33 64 143 28 120 113 32 3 126 109 62 10 123 148 121 65 74 63 5 80 46 39 19 139 131 61 103 15 8 13 60 146 94 26 52 91 21 83 14 45 79 124 81 22 96 44 54 92 36 136 71 66 37 23 11 68 144 17 95 78 72 134 57 88 128 93 130 9 122 0 135 2 73 149 102 47 30 70 140 31 55 27 100 18 12 43 49 117 129 115 127 125 90 4 112 34 107 145 58 84 137 6 69 119 116 82 7 106 108 35 114 29 86 105 99 16 133 25 138 75 101 97 104 48 59 41 98 40 42 147 38 24 111 110 76 51
Coste: 9619232

GENERACION: 23
Mejor Solucion:  118 50 53 85 132 141 77 89 67 1 56 142 87 20 33 64 143 28 120 113 32 3 126 109 62 10 123 148 121 65 74 63 5 80 46 39 19 139 131 61 103 15 8 13 60 146 94 26 52 91 21 83 14 45 79 124 81 22 96 44 54 92 36 136 71 66 37 23 11 68 144 17 95 78 72 134 57 88 128 93 130 9 122 0 135 2 73 149 102 47 30 70 140 31 55 27 100 18 12 43 49 117 129 115 127 125 90 4 112 34 107 145 58 84 137 6 69 119 116 82 7 106 108 35 114 29 86 105 99 16 133 25 138 75 101 97 104 48 59 41 98 40 42 147 38 24 111 110 76 51
Coste: 9619232

GENERACION: 24
Mejor Solucion:  118 50 53 85 132 141 77 89 67 1 56 142 87 20 33 64 143 28 120 113 32 3 126 109 62 10 123 148 121 65 74 63 5 80 46 39 19 139 131 61 103 15 8 13 60 146 94 26 52 91 21 83 14 45 79 124 81 22 96 44 54 92 36 136 71 66 37 23 11 68 144 17 95 78 72 134 57 88 128 93 130 9 122 0 135 2 73 149 102 47 30 70 140 31 55 27 100 18 12 43 49 117 129 115 127 125 90 4 112 34 107 145 58 84 137 6 69 119 116 82 7 106 108 35 114 29 86 105 99 16 133 25 138 75 101 97 104 48 59 41 98 40 42 147 38 24 111 110 76 51
Coste: 9619232

GENERACION: 25
Mejor Solucion:  118 50 53 85 132 141 77 89 67 1 56 142 87 20 33 64 143 28 120 113 32 3 126 109 62 10 123 148 121 65 74 63 5 80 46 39 19 139 131 61 103 15 8 13 60 146 94 26 52 91 21 83 14 45 79 124 81 22 96 44 54 92 36 136 71 66 37 23 11 68 144 17 95 78 72 134 57 88 128 93 130 9 122 0 135 2 73 149 102 47 30 70 140 31 55 27 100 18 12 43 49 117 129 115 127 125 90 4 112 34 107 145 58 84 137 6 69 119 116 82 7 106 108 35 114 29 86 105 99 16 133 25 138 75 101 97 104 48 59 41 98 40 42 147 38 24 111 110 76 51
Coste: 9619232

GENERACION: 26
Mejor Solucion:  118 50 53 85 132 141 77 89 67 1 56 142 87 20 33 64 143 28 120 113 32 3 126 109 62 10 123 148 121 65 74 63 5 80 46 39 19 139 131 61 103 15 8 13 60 146 94 26 52 91 21 83 14 45 79 124 81 22 96 44 54 92 36 136 71 66 37 23 11 68 144 17 95 78 72 134 57 88 128 93 130 9 122 0 135 2 73 149 102 47 30 70 140 31 55 27 100 18 12 43 49 117 129 115 127 125 90 4 112 34 107 145 58 84 137 6 69 119 116 82 7 106 108 35 114 29 86 105 99 16 133 25 138 75 101 97 104 48 59 41 98 40 42 147 38 24 111 110 76 51
Coste: 9619232

GENERACION: 27
Mejor Solucion:  118 50 53 85 132 141 77 89 67 1 56 142 87 20 33 64 143 28 120 113 32 3 126 109 62 10 123 148 121 65 74 63 5 80 46 39 19 139 131 61 103 15 8 13 60 146 94 26 52 91 21 83 14 45 79 124 81 22 96 44 54 92 36 136 71 66 37 23 11 68 144 17 95 78 72 134 57 88 128 93 130 9 122 0 135 2 73 149 102 47 30 70 140 31 55 27 100 18 12 43 49 117 129 115 127 125 90 4 112 34 107 145 58 84 137 6 69 119 116 82 7 106 108 35 114 29 86 105 99 16 133 25 138 75 101 97 104 48 59 41 98 40 42 147 38 24 111 110 76 51
Coste: 9619232

GENERACION: 28
Mejor Solucion:  118 50 53 85 132 141 77 89 67 1 56 142 87 20 33 64 143 28 120 113 32 3 126 109 62 10 123 148 121 65 74 63 5 80 46 39 19 139 131 61 103 15 8 13 60 146 94 26 52 91 21 83 14 45 79 124 81 22 96 44 54 92 36 136 71 66 37 23 11 68 144 17 95 78 72 134 57 88 128 93 130 9 122 0 135 2 73 149 102 47 30 70 140 31 55 27 100 18 12 43 49 117 129 115 127 125 90 4 112 34 107 145 58 84 137 6 69 119 116 82 7 106 108 35 114 29 86 105 99 16 133 25 138 75 101 97 104 48 59 41 98 40 42 147 38 24 111 110 76 51
Coste: 9619232

GENERACION: 29
Mejor Solucion:  118 50 53 85 132 141 77 89 67 1 56 142 87 20 33 64 143 28 120 113 32 3 126 109 62 10 123 148 121 65 74 63 5 80 46 39 19 139 131 61 103 15 8 13 60 146 94 26 52 91 21 83 14 45 79 124 81 22 96 44 54 92 36 136 71 66 37 23 11 68 144 17 95 78 72 134 57 88 128 93 130 9 122 0 135 2 73 149 102 47 30 70 140 31 55 27 100 18 12 43 49 117 129 115 127 125 90 4 112 34 107 145 58 84 137 6 69 119 116 82 7 106 108 35 114 29 86 105 99 16 133 25 138 75 101 97 104 48 59 41 98 40 42 147 38 24 111 110 76 51
Coste: 9619232

GENERACION: 30
Mejor Solucion:  118 50 53 85 132 141 77 89 67 1 56 142 87 20 33 64 143 28 120 113 32 3 126 109 62 10 123 148 121 65 74 63 5 80 46 39 19 139 131 61 103 15 8 13 60 146 94 26 52 91 21 83 14 45 79 124 81 22 96 44 54 92 36 136 71 66 37 23 11 68 144 17 95 78 72 134 57 88 128 93 130 9 122 0 135 2 73 149 102 47 30 70 140 31 55 27 100 18 12 43 49 117 129 115 127 125 90 4 112 34 107 145 58 84 137 6 69 119 116 82 7 106 108 35 114 29 86 105 99 16 133 25 138 75 101 97 104 48 59 41 98 40 42 147 38 24 111 110 76 51
Coste: 9619232

GENERACION: 31
Mejor Solucion:  118 50 53 85 132 141 77 89 67 1 56 142 87 20 33 64 143 28 120 113 32 3 126 109 62 10 123 148 121 65 74 63 5 80 46 39 19 139 131 61 103 15 8 13 60 146 94 26 52 91 21 83 14 45 79 124 81 22 96 44 54 92 36 136 71 66 37 23 11 68 144 17 95 78 72 134 57 88 128 93 130 9 122 0 135 2 73 149 102 47 30 70 140 31 55 27 100 18 12 43 49 117 129 115 127 125 90 4 112 34 107 145 58 84 137 6 69 119 116 82 7 106 108 35 114 29 86 105 99 16 133 25 138 75 101 97 104 48 59 41 98 40 42 147 38 24 111 110 76 51
Coste: 9619232

GENERACION: 32
Mejor Solucion:  118 50 53 85 132 141 77 89 67 1 56 142 87 20 33 64 143 28 120 113 32 3 126 109 62 10 123 148 121 65 74 63 5 80 46 39 19 139 131 61 103 15 8 13 60 146 94 26 52 91 21 83 14 45 79 124 81 22 96 44 54 92 36 136 71 66 37 23 11 68 144 17 95 78 72 134 57 88 128 93 130 9 122 0 135 2 73 149 102 47 30 70 140 31 55 27 100 18 12 43 49 117 129 115 127 125 90 4 112 34 107 145 58 84 137 6 69 119 116 82 7 106 108 35 114 29 86 105 99 16 133 25 138 75 101 97 104 48 59 41 98 40 42 147 38 24 111 110 76 51
Coste: 9619232

GENERACION: 33
Mejor Solucion:  132 121 53 85 98 100 137 69 41 111 101 83 110 44 90 32 70 28 99 74 89 87 149 64 19 56 45 31 81 118 94 40 109 145 133 21 107 147 124 61 142 15 2 62 76 59 130 65 52 80 112 126 113 143 114 108 73 60 24 144 72 92 36 128 71 66 20 68 11 23 46 119 33 26 54 134 57 116 136 93 103 39 75 0 135 8 7 91 63 47 117 5 140 27 12 14 13 18 139 120 49 102 129 115 127 84 122 4 9 34 37 82 79 30 77 6 50 123 42 35 95 43 131 88 58 29 86 105 125 16 78 25 17 22 146 97 104 48 106 38 10 138 96 55 3 141 1 148 67 51
Coste: 9611448

GENERACION: 34
Mejor Solucion:  132 121 53 85 98 100 137 69 41 111 101 83 110 44 90 32 70 28 99 74 89 87 149 64 19 56 45 31 81 118 94 40 109 145 133 21 107 147 124 61 142 15 2 62 76 59 130 65 52 80 112 126 113 143 114 108 73 60 24 144 72 92 36 128 71 66 20 68 11 23 46 119 33 26 54 134 57 116 136 93 103 39 75 0 135 8 7 91 63 47 117 5 140 27 12 14 13 18 139 120 49 102 129 115 127 84 122 4 9 34 37 82 79 30 77 6 50 123 42 35 95 43 131 88 58 29 86 105 125 16 78 25 17 22 146 97 104 48 106 38 10 138 96 55 3 141 1 148 67 51
Coste: 9611448

GENERACION: 35
Mejor Solucion:  132 121 53 85 98 100 137 69 41 111 101 83 110 44 90 32 70 28 99 74 89 87 149 64 19 56 45 31 81 118 94 40 109 145 133 21 107 147 124 61 142 15 2 62 76 59 130 65 52 80 112 126 113 143 114 108 73 60 24 144 72 92 36 128 71 66 20 68 11 23 46 119 33 26 54 134 57 116 136 93 103 39 75 0 135 8 7 91 63 47 117 5 140 27 12 14 13 18 139 120 49 102 129 115 127 84 122 4 9 34 37 82 79 30 77 6 50 123 42 35 95 43 131 88 58 29 86 105 125 16 78 25 17 22 146 97 104 48 106 38 10 138 96 55 3 141 1 148 67 51
Coste: 9611448

GENERACION: 36
Mejor Solucion:  132 121 53 85 98 100 137 69 41 111 101 83 110 44 90 32 70 28 99 74 89 87 149 64 19 56 45 31 81 118 94 40 109 145 133 21 107 147 124 61 142 15 2 62 76 59 130 65 52 80 112 126 113 143 114 108 73 60 24 144 72 92 36 128 71 66 20 68 11 23 46 119 33 26 54 134 57 116 136 93 103 39 75 0 135 8 7 91 63 47 117 5 140 27 12 14 13 18 139 120 49 102 129 115 127 84 122 4 9 34 37 82 79 30 77 6 50 123 42 35 95 43 131 88 58 29 86 105 125 16 78 25 17 22 146 97 104 48 106 38 10 138 96 55 3 141 1 148 67 51
Coste: 9611448

GENERACION: 37
Mejor Solucion:  132 121 53 85 98 100 137 69 41 111 101 83 110 44 90 32 70 28 99 74 89 87 149 64 19 56 45 31 81 118 94 40 109 145 133 21 107 147 124 61 142 15 2 62 76 59 130 65 52 80 112 126 113 143 114 108 73 60 24 144 72 92 36 128 71 66 20 68 11 23 46 119 33 26 54 134 57 116 136 93 103 39 75 0 135 8 7 91 63 47 117 5 140 27 12 14 13 18 139 120 49 102 129 115 127 84 122 4 9 34 37 82 79 30 77 6 50 123 42 35 95 43 131 88 58 29 86 105 125 16 78 25 17 22 146 97 104 48 106 38 10 138 96 55 3 141 1 148 67 51
Coste: 9611448

GENERACION: 38
Mejor Solucion:  132 121 53 85 98 100 137 69 41 111 101 83 110 44 90 32 70 28 99 74 89 87 149 64 19 56 45 31 81 118 94 40 109 145 133 21 107 147 124 61 142 15 2 62 76 59 130 65 52 80 112 126 113 143 114 108 73 60 24 144 72 92 36 128 71 66 20 68 11 23 46 119 33 26 54 134 57 116 136 93 103 39 75 0 135 8 7 91 63 47 117 5 140 27 12 14 13 18 139 120 49 102 129 115 127 84 122 4 9 34 37 82 79 30 77 6 50 123 42 35 95 43 131 88 58 29 86 105 125 16 78 25 17 22 146 97 104 48 106 38 10 138 96 55 3 141 1 148 67 51
Coste: 9611448

GENERACION: 39
Mejor Solucion:  132 121 53 85 98 100 137 69 41 111 101 83 110 44 90 32 70 28 99 74 89 87 149 64 19 56 45 31 81 118 94 40 109 145 133 21 107 147 124 61 142 15 2 62 76 59 130 65 52 80 112 126 113 143 114 108 73 60 24 144 72 92 36 128 71 66 20 68 11 23 46 119 33 26 54 134 57 116 136 93 103 39 75 0 135 8 7 91 63 47 117 5 140 27 12 14 13 18 139 120 49 102 129 115 127 84 122 4 9 34 37 82 79 30 77 6 50 123 42 35 95 43 131 88 58 29 86 105 125 16 78 25 17 22 146 97 104 48 106 38 10 138 96 55 3 141 1 148 67 51
Coste: 9611448

GENERACION: 40
Mejor Solucion:  132 121 53 85 98 100 137 69 41 111 101 83 110 44 90 32 70 28 99 74 89 87 149 64 19 56 45 31 81 118 94 40 109 145 133 21 107 147 124 61 142 15 2 62 76 59 130 65 52 80 112 126 113 143 114 108 73 60 24 144 72 92 36 128 71 66 20 68 11 23 46 119 33 26 54 134 57 116 136 93 103 39 75 0 135 8 7 91 63 47 117 5 140 27 12 14 13 18 139 120 49 102 129 115 127 84 122 4 9 34 37 82 79 30 77 6 50 123 42 35 95 43 131 88 58 29 86 105 125 16 78 25 17 22 146 97 104 48 106 38 10 138 96 55 3 141 1 148 67 51
Coste: 9611448

GENERACION: 41
Mejor Solucion:  132 121 53 85 98 100 137 69 41 111 101 83 110 44 90 32 70 28 99 74 89 87 149 64 19 56 45 31 81 118 94 40 109 145 133 21 107 147 124 61 142 15 2 62 76 59 130 65 52 80 112 126 113 143 114 108 73 60 24 144 72 92 36 128 71 66 20 68 11 23 46 119 33 26 54 134 57 116 136 93 103 39 75 0 135 8 7 91 63 47 117 5 140 27 12 14 13 18 139 120 49 102 129 115 127 84 122 4 9 34 37 82 79 30 77 6 50 123 42 35 95 43 131 88 58 29 86 105 125 16 78 25 17 22 146 97 104 48 106 38 10 138 96 55 3 141 1 148 67 51
Coste: 9611448

GENERACION: 42
Mejor Solucion:  132 121 53 85 98 100 137 69 41 111 101 83 110 44 90 32 70 28 99 74 89 87 149 64 19 56 45 31 81 118 94 40 109 145 133 21 107 147 124 61 142 15 2 62 76 59 130 65 52 80 112 126 113 143 114 108 73 60 24 144 72 92 36 128 71 66 20 68 11 23 46 119 33 26 54 134 57 116 136 93 103 39 75 0 135 8 7 91 63 47 117 5 140 27 12 14 13 18 139 120 49 102 129 115 127 84 122 4 9 34 37 82 79 30 77 6 50 123 42 35 95 43 131 88 58 29 86 105 125 16 78 25 17 22 146 97 104 48 106 38 10 138 96 55 3 141 1 148 67 51
Coste: 9611448

GENERACION: 43
Mejor Solucion:  132 121 53 85 98 100 137 69 41 111 101 83 110 44 90 32 70 28 99 74 89 87 149 64 19 56 45 31 81 118 94 40 109 145 133 21 107 147 124 61 142 15 2 62 76 59 130 65 52 80 112 126 113 143 114 108 73 60 24 144 72 92 36 128 71 66 20 68 11 23 46 119 33 26 54 134 57 116 136 93 103 39 75 0 135 8 7 91 63 47 117 5 140 27 12 14 13 18 139 120 49 102 129 115 127 84 122 4 9 34 37 82 79 30 77 6 50 123 42 35 95 43 131 88 58 29 86 105 125 16 78 25 17 22 146 97 104 48 106 38 10 138 96 55 3 141 1 148 67 51
Coste: 9611448

GENERACION: 44
Mejor Solucion:  132 121 53 85 98 100 137 69 41 111 101 83 110 44 90 32 70 28 99 74 89 87 149 64 19 56 45 31 81 118 94 40 109 145 133 21 107 147 124 61 142 15 2 62 76 59 130 65 52 80 112 126 113 143 114 108 73 60 24 144 72 92 36 128 71 66 20 68 11 23 46 119 33 26 54 134 57 116 136 93 103 39 75 0 135 8 7 91 63 47 117 5 140 27 12 14 13 18 139 120 49 102 129 115 127 84 122 4 9 34 37 82 79 30 77 6 50 123 42 35 95 43 131 88 58 29 86 105 125 16 78 25 17 22 146 97 104 48 106 38 10 138 96 55 3 141 1 148 67 51
Coste: 9611448

GENERACION: 45
Mejor Solucion:  132 121 53 85 98 100 137 69 41 111 101 83 110 44 90 32 70 28 99 74 89 87 149 64 19 56 45 31 81 118 94 40 109 145 133 21 107 147 124 61 142 15 2 62 76 59 130 65 52 80 112 126 113 143 114 108 73 60 24 144 72 92 36 128 71 66 20 68 11 23 46 119 33 26 54 134 57 116 136 93 103 39 75 0 135 8 7 91 63 47 117 5 140 27 12 14 13 18 139 120 49 102 129 115 127 84 122 4 9 34 37 82 79 30 77 6 50 123 42 35 95 43 131 88 58 29 86 105 125 16 78 25 17 22 146 97 104 48 106 38 10 138 96 55 3 141 1 148 67 51
Coste: 9611448

GENERACION: 46
Mejor Solucion:  132 121 53 85 98 100 137 69 41 111 101 83 110 44 90 32 70 28 99 74 89 87 149 64 19 56 45 31 81 118 94 40 109 145 133 21 107 147 124 61 142 15 2 62 76 59 130 65 52 80 112 126 113 143 114 108 73 60 24 144 72 92 36 128 71 66 20 68 11 23 46 119 33 26 54 134 57 116 136 93 103 39 75 0 135 8 7 91 63 47 117 5 140 27 12 14 13 18 139 120 49 102 129 115 127 84 122 4 9 34 37 82 79 30 77 6 50 123 42 35 95 43 131 88 58 29 86 105 125 16 78 25 17 22 146 97 104 48 106 38 10 138 96 55 3 141 1 148 67 51
Coste: 9611448

GENERACION: 47
Mejor Solucion:  132 121 53 85 98 100 137 69 41 111 101 83 110 44 90 32 70 28 99 74 89 87 149 64 19 56 45 31 81 118 94 40 109 145 133 21 107 147 124 61 142 15 2 62 76 59 130 65 52 80 112 126 113 143 114 108 73 60 24 144 72 92 36 128 71 66 20 68 11 23 46 119 33 26 54 134 57 116 136 93 103 39 75 0 135 8 7 91 63 47 117 5 140 27 12 14 13 18 139 120 49 102 129 115 127 84 122 4 9 34 37 82 79 30 77 6 50 123 42 35 95 43 131 88 58 29 86 105 125 16 78 25 17 22 146 97 104 48 106 38 10 138 96 55 3 141 1 148 67 51
Coste: 9611448

GENERACION: 48
Mejor Solucion:  132 121 53 85 98 100 137 69 41 111 101 83 110 44 90 32 70 28 99 74 89 87 149 64 19 56 45 31 81 118 94 40 109 145 133 21 107 147 124 61 142 15 2 62 76 59 130 65 52 80 112 126 113 143 114 108 73 60 24 144 72 92 36 128 71 66 20 68 11 23 46 119 33 26 54 134 57 116 136 93 103 39 75 0 135 8 7 91 63 47 117 5 140 27 12 14 13 18 139 120 49 102 129 115 127 84 122 4 9 34 37 82 79 30 77 6 50 123 42 35 95 43 131 88 58 29 86 105 125 16 78 25 17 22 146 97 104 48 106 38 10 138 96 55 3 141 1 148 67 51
Coste: 9611448

GENERACION: 49
Mejor Solucion:  132 121 53 85 98 100 137 69 41 111 101 83 110 44 90 32 70 28 99 74 89 87 149 64 19 56 45 31 81 118 94 40 109 145 133 21 107 147 124 61 142 15 2 62 76 59 130 65 52 80 112 126 113 143 114 108 73 60 24 144 72 92 36 128 71 66 20 68 11 23 46 119 33 26 54 134 57 116 136 93 103 39 75 0 135 8 7 91 63 47 117 5 140 27 12 14 13 18 139 120 49 102 129 115 127 84 122 4 9 34 37 82 79 30 77 6 50 123 42 35 95 43 131 88 58 29 86 105 125 16 78 25 17 22 146 97 104 48 106 38 10 138 96 55 3 141 1 148 67 51
Coste: 9611448

GENERACION: 50
Mejor Solucion:  132 121 53 85 98 100 137 69 41 111 101 83 110 44 90 32 70 28 99 74 89 87 149 64 19 56 45 31 81 118 94 40 109 145 133 21 107 147 124 61 142 15 2 62 76 59 130 65 52 80 112 126 113 143 114 108 73 60 24 144 72 92 36 128 71 66 20 68 11 23 46 119 33 26 54 134 57 116 136 93 103 39 75 0 135 8 7 91 63 47 117 5 140 27 12 14 13 18 139 120 49 102 129 115 127 84 122 4 9 34 37 82 79 30 77 6 50 123 42 35 95 43 131 88 58 29 86 105 125 16 78 25 17 22 146 97 104 48 106 38 10 138 96 55 3 141 1 148 67 51
Coste: 9611448

GENERACION: 51
Mejor Solucion:  132 121 53 85 98 100 137 69 41 111 101 83 110 44 90 32 70 28 99 74 89 87 149 64 19 56 45 31 81 118 94 40 109 145 133 21 107 147 124 61 142 15 2 62 76 59 130 65 52 80 112 126 113 143 114 108 73 60 24 144 72 92 36 128 71 66 20 68 11 23 46 119 33 26 54 134 57 116 136 93 103 39 75 0 135 8 7 91 63 47 117 5 140 27 12 14 13 18 139 120 49 102 129 115 127 84 122 4 9 34 37 82 79 30 77 6 50 123 42 35 95 43 131 88 58 29 86 105 125 16 78 25 17 22 146 97 104 48 106 38 10 138 96 55 3 141 1 148 67 51
Coste: 9611448

GENERACION: 52
Mejor Solucion:  132 121 53 85 98 100 137 69 41 111 101 83 110 44 90 32 70 28 99 74 89 87 149 64 19 56 45 31 81 118 94 40 109 145 133 21 107 147 124 61 142 15 2 62 76 59 130 65 52 80 112 126 113 143 114 108 73 60 24 144 72 92 36 128 71 66 20 68 11 23 46 119 33 26 54 134 57 116 136 93 103 39 75 0 135 8 7 91 63 47 117 5 140 27 12 14 13 18 139 120 49 102 129 115 127 84 122 4 9 34 37 82 79 30 77 6 50 123 42 35 95 43 131 88 58 29 86 105 125 16 78 25 17 22 146 97 104 48 106 38 10 138 96 55 3 141 1 148 67 51
Coste: 9611448

GENERACION: 53
Mejor Solucion:  132 121 53 85 98 100 137 69 41 111 101 83 110 44 90 32 70 28 99 74 89 87 149 64 19 56 45 31 81 118 94 40 109 145 133 21 107 147 124 61 142 15 2 62 76 59 130 65 52 80 112 126 113 143 114 108 73 60 24 144 72 92 36 128 71 66 20 68 11 23 46 119 33 26 54 134 57 116 136 93 103 39 75 0 135 8 7 91 63 47 117 5 140 27 12 14 13 18 139 120 49 102 129 115 127 84 122 4 9 34 37 82 79 30 77 6 50 123 42 35 95 43 131 88 58 29 86 105 125 16 78 25 17 22 146 97 104 48 106 38 10 138 96 55 3 141 1 148 67 51
Coste: 9611448

GENERACION: 54
Mejor Solucion:  132 121 53 85 98 100 137 69 41 111 101 83 110 44 90 32 70 28 99 74 89 87 149 64 19 56 45 31 81 118 94 40 109 145 133 21 107 147 124 61 142 15 2 62 76 59 130 65 52 80 112 126 113 143 114 108 73 60 24 144 72 92 36 128 71 66 20 68 11 23 46 119 33 26 54 134 57 116 136 93 103 39 75 0 135 8 7 91 63 47 117 5 140 27 12 14 13 18 139 120 49 102 129 115 127 84 122 4 9 34 37 82 79 30 77 6 50 123 42 35 95 43 131 88 58 29 86 105 125 16 78 25 17 22 146 97 104 48 106 38 10 138 96 55 3 141 1 148 67 51
Coste: 9611448

GENERACION: 55
Mejor Solucion:  132 121 53 85 98 100 137 69 41 111 101 83 110 44 90 32 70 28 99 74 89 87 149 64 19 56 45 31 81 118 94 40 109 145 133 21 107 147 124 61 142 15 2 62 76 59 130 65 52 80 112 126 113 143 114 108 73 60 24 144 72 92 36 128 71 66 20 68 11 23 46 119 33 26 54 134 57 116 136 93 103 39 75 0 135 8 7 91 63 47 117 5 140 27 12 14 13 18 139 120 49 102 129 115 127 84 122 4 9 34 37 82 79 30 77 6 50 123 42 35 95 43 131 88 58 29 86 105 125 16 78 25 17 22 146 97 104 48 106 38 10 138 96 55 3 141 1 148 67 51
Coste: 9611448

GENERACION: 56
Mejor Solucion:  81 73 129 14 44 22 33 139 118 64 61 87 120 32 56 148 140 5 134 46 100 89 29 78 149 106 142 105 80 13 2 95 112 17 94 131 1 121 111 137 6 135 83 28 39 10 102 18 67 143 38 144 16 92 74 103 110 108 52 136 93 125 54 123 146 7 75 132 88 3 43 141 69 97 86 26 37 133 12 19 101 107 145 25 63 35 65 51 85 55 47 119 90 126 41 104 124 130 115 62 127 122 79 8 50 128 113 70 30 58 57 11 31 117 91 99 42 114 40 98 24 36 59 9 72 48 4 68 23 45 60 138 71 15 77 147 76 49 27 21 0 96 66 34 20 84 116 109 82 53
Coste: 9586010

GENERACION: 57
Mejor Solucion:  81 73 129 14 44 22 33 139 118 64 61 87 120 32 56 148 140 5 134 46 100 89 29 78 149 106 142 105 80 13 2 95 112 17 94 131 1 121 111 137 6 135 83 28 39 10 102 18 67 143 38 144 16 92 74 103 110 108 52 136 93 125 54 123 146 7 75 132 88 3 43 141 69 97 86 26 37 133 12 19 101 107 145 25 63 35 65 51 85 55 47 119 90 126 41 104 124 130 115 62 127 122 79 8 50 128 113 70 30 58 57 11 31 117 91 99 42 114 40 98 24 36 59 9 72 48 4 68 23 45 60 138 71 15 77 147 76 49 27 21 0 96 66 34 20 84 116 109 82 53
Coste: 9586010

GENERACION: 58
Mejor Solucion:  81 73 129 14 44 22 33 139 118 64 61 87 120 32 56 148 140 5 134 46 100 89 29 78 149 106 142 105 80 13 2 95 112 17 94 131 1 121 111 137 6 135 83 28 39 10 102 18 67 143 38 144 16 92 74 103 110 108 52 136 93 125 54 123 146 7 75 132 88 3 43 141 69 97 86 26 37 133 12 19 101 107 145 25 63 35 65 51 85 55 47 119 90 126 41 104 124 130 115 62 127 122 79 8 50 128 113 70 30 58 57 11 31 117 91 99 42 114 40 98 24 36 59 9 72 48 4 68 23 45 60 138 71 15 77 147 76 49 27 21 0 96 66 34 20 84 116 109 82 53
Coste: 9586010

GENERACION: 59
Mejor Solucion:  81 73 129 14 44 22 33 139 118 64 61 87 120 32 56 148 140 5 134 46 100 89 29 78 149 106 142 105 80 13 2 95 112 17 94 131 1 121 111 137 6 135 83 28 39 10 102 18 67 143 38 144 16 92 74 103 110 108 52 136 93 125 54 123 146 7 75 132 88 3 43 141 69 97 86 26 37 133 12 19 101 107 145 25 63 35 65 51 85 55 47 119 90 126 41 104 124 130 115 62 127 122 79 8 50 128 113 70 30 58 57 11 31 117 91 99 42 114 40 98 24 36 59 9 72 48 4 68 23 45 60 138 71 15 77 147 76 49 27 21 0 96 66 34 20 84 116 109 82 53
Coste: 9586010

GENERACION: 60
Mejor Solucion:  81 73 129 14 44 22 33 139 118 64 61 87 120 32 56 148 140 5 134 46 100 89 29 78 149 106 142 105 80 13 2 95 112 17 94 131 1 121 111 137 6 135 83 28 39 10 102 18 67 143 38 144 16 92 74 103 110 108 52 136 93 125 54 123 146 7 75 132 88 3 43 141 69 97 86 26 37 133 12 19 101 107 145 25 63 35 65 51 85 55 47 119 90 126 41 104 124 130 115 62 127 122 79 8 50 128 113 70 30 58 57 11 31 117 91 99 42 114 40 98 24 36 59 9 72 48 4 68 23 45 60 138 71 15 77 147 76 49 27 21 0 96 66 34 20 84 116 109 82 53
Coste: 9586010

GENERACION: 61
Mejor Solucion:  81 73 129 14 44 22 33 139 118 64 61 87 120 32 56 148 140 5 134 46 100 89 29 78 149 106 142 105 80 13 2 95 112 17 94 131 1 121 111 137 6 135 83 28 39 10 102 18 67 143 38 144 16 92 74 103 110 108 52 136 93 125 54 123 146 7 75 132 88 3 43 141 69 97 86 26 37 133 12 19 101 107 145 25 63 35 65 51 85 55 47 119 90 126 41 104 124 130 115 62 127 122 79 8 50 128 113 70 30 58 57 11 31 117 91 99 42 114 40 98 24 36 59 9 72 48 4 68 23 45 60 138 71 15 77 147 76 49 27 21 0 96 66 34 20 84 116 109 82 53
Coste: 9586010

GENERACION: 62
Mejor Solucion:  81 73 129 14 44 22 33 139 118 64 61 87 120 32 56 148 140 5 134 46 100 89 29 78 149 106 142 105 80 13 2 95 112 17 94 131 1 121 111 137 6 135 83 28 39 10 102 18 67 143 38 144 16 92 74 103 110 108 52 136 93 125 54 123 146 7 75 132 88 3 43 141 69 97 86 26 37 133 12 19 101 107 145 25 63 35 65 51 85 55 47 119 90 126 41 104 124 130 115 62 127 122 79 8 50 128 113 70 30 58 57 11 31 117 91 99 42 114 40 98 24 36 59 9 72 48 4 68 23 45 60 138 71 15 77 147 76 49 27 21 0 96 66 34 20 84 116 109 82 53
Coste: 9586010

