GENERACION: 1
Mejor Solucion:  55 87 125 3 42 43 75 117 25 65 22 1 16 21 85 116 27 99 20 111 95 52 38 89 5 28 50 120 60 107 92 88 48 82 4 80 49 105 66 64 46 90 112 51 84 15 76 72 91 32 68 110 74 47 81 78 59 44 6 124 30 37 71 121 45 108 119 109 26 93 39 61 102 23 57 86 36 98 97 118 96 83 0 31 113 126 11 100 73 101 62 123 122 40 2 115 34 56 41 106 10 19 53 13 58 63 29 79 14 24 69 127 104 17 67 77 35 94 9 54 8 103 7 33 18 70 12 114
Coste: 274

GENERACION: 2
Mejor Solucion:  55 87 125 3 42 43 75 117 25 65 22 1 16 21 85 116 27 99 20 111 95 52 38 89 5 28 50 120 60 107 92 88 48 82 4 80 49 105 66 64 46 90 112 51 84 15 76 72 91 32 68 110 74 47 81 78 59 44 6 124 30 37 71 121 45 108 119 109 26 93 39 61 102 23 57 86 36 98 97 118 96 83 0 31 113 126 11 100 73 101 62 123 122 40 2 115 34 56 41 106 10 19 53 13 58 63 29 79 14 24 69 127 104 17 67 77 35 94 9 54 8 103 7 33 18 70 12 114
Coste: 274

GENERACION: 3
Mejor Solucion:  55 87 125 3 42 43 75 117 25 65 22 1 16 21 85 116 27 99 20 111 95 52 38 89 5 28 50 120 60 107 92 88 48 82 4 80 49 105 66 64 46 90 112 51 84 15 76 72 91 32 68 110 74 47 81 78 59 44 6 124 30 37 71 121 45 108 119 109 26 93 39 61 102 23 57 86 36 98 97 118 96 83 0 31 113 126 11 100 73 101 62 123 122 40 2 115 34 56 41 106 10 19 53 13 58 63 29 79 14 24 69 127 104 17 67 77 35 94 9 54 8 103 7 33 18 70 12 114
Coste: 274

GENERACION: 4
Mejor Solucion:  55 87 125 3 42 43 75 117 25 65 22 1 16 21 85 116 27 99 20 111 95 52 38 89 5 28 50 120 60 107 92 88 48 82 4 80 49 105 66 64 46 90 112 51 84 15 76 72 91 32 68 110 74 47 81 78 59 44 6 124 30 37 71 121 45 108 119 109 26 93 39 61 102 23 57 86 36 98 97 118 96 83 0 31 113 126 11 100 73 101 62 123 122 40 2 115 34 56 41 106 10 19 53 13 58 63 29 79 14 24 69 127 104 17 67 77 35 94 9 54 8 103 7 33 18 70 12 114
Coste: 274

GENERACION: 5
Mejor Solucion:  55 87 125 3 42 43 75 117 25 65 22 1 16 21 85 116 27 99 20 111 95 52 38 89 5 28 50 120 60 107 92 88 48 82 4 80 49 105 66 64 46 90 112 51 84 15 76 72 91 32 68 110 74 47 81 78 59 44 6 124 30 37 71 121 45 108 119 109 26 93 39 61 102 23 57 86 36 98 97 118 96 83 0 31 113 126 11 100 73 101 62 123 122 40 2 115 34 56 41 106 10 19 53 13 58 63 29 79 14 24 69 127 104 17 67 77 35 94 9 54 8 103 7 33 18 70 12 114
Coste: 274

GENERACION: 6
Mejor Solucion:  55 87 125 3 42 43 75 117 25 65 22 1 16 21 85 116 27 99 20 111 95 52 38 89 5 28 50 120 60 107 92 88 48 82 4 80 49 105 66 64 46 90 112 51 84 15 76 72 91 32 68 110 74 47 81 78 59 44 6 124 30 37 71 121 45 108 119 109 26 93 39 61 102 23 57 86 36 98 97 118 96 83 0 31 113 126 11 100 73 101 62 123 122 40 2 115 34 56 41 106 10 19 53 13 58 63 29 79 14 24 69 127 104 17 67 77 35 94 9 54 8 103 7 33 18 70 12 114
Coste: 274

GENERACION: 7
Mejor Solucion:  55 87 125 3 42 43 75 117 25 65 22 1 16 21 85 116 27 99 20 111 95 52 38 89 5 28 50 120 60 107 92 88 48 82 4 80 49 105 66 64 46 90 112 51 84 15 76 72 91 32 68 110 74 47 81 78 59 44 6 124 30 37 71 121 45 108 119 109 26 93 39 61 102 23 57 86 36 98 97 118 96 83 0 31 113 126 11 100 73 101 62 123 122 40 2 115 34 56 41 106 10 19 53 13 58 63 29 79 14 24 69 127 104 17 67 77 35 94 9 54 8 103 7 33 18 70 12 114
Coste: 274

GENERACION: 8
Mejor Solucion:  55 87 125 3 42 43 75 117 25 65 22 1 16 21 85 116 27 99 20 111 95 52 38 89 5 28 50 120 60 107 92 88 48 82 4 80 49 105 66 64 46 90 112 51 84 15 76 72 91 32 68 110 74 47 81 78 59 44 6 124 30 37 71 121 45 108 119 109 26 93 39 61 102 23 57 86 36 98 97 118 96 83 0 31 113 126 11 100 73 101 62 123 122 40 2 115 34 56 41 106 10 19 53 13 58 63 29 79 14 24 69 127 104 17 67 77 35 94 9 54 8 103 7 33 18 70 12 114
Coste: 274

GENERACION: 9
Mejor Solucion:  55 87 125 3 42 43 75 117 25 65 22 1 16 21 85 116 27 99 20 111 95 52 38 89 5 28 50 120 60 107 92 88 48 82 4 80 49 105 66 64 46 90 112 51 84 15 76 72 91 32 68 110 74 47 81 78 59 44 6 124 30 37 71 121 45 108 119 109 26 93 39 61 102 23 57 86 36 98 97 118 96 83 0 31 113 126 11 100 73 101 62 123 122 40 2 115 34 56 41 106 10 19 53 13 58 63 29 79 14 24 69 127 104 17 67 77 35 94 9 54 8 103 7 33 18 70 12 114
Coste: 274

GENERACION: 10
Mejor Solucion:  55 87 125 3 42 43 75 117 25 65 22 1 16 21 85 116 27 99 20 111 95 52 38 89 5 28 50 120 60 107 92 88 48 82 4 80 49 105 66 64 46 90 112 51 84 15 76 72 91 32 68 110 74 47 81 78 59 44 6 124 30 37 71 121 45 108 119 109 26 93 39 61 102 23 57 86 36 98 97 118 96 83 0 31 113 126 11 100 73 101 62 123 122 40 2 115 34 56 41 106 10 19 53 13 58 63 29 79 14 24 69 127 104 17 67 77 35 94 9 54 8 103 7 33 18 70 12 114
Coste: 274

GENERACION: 11
Mejor Solucion:  55 87 125 3 42 43 75 117 25 65 22 1 16 21 85 116 27 99 20 111 95 52 38 89 5 28 50 120 60 107 92 88 48 82 4 80 49 105 66 64 46 90 112 51 84 15 76 72 91 32 68 110 74 47 81 78 59 44 6 124 30 37 71 121 45 108 119 109 26 93 39 61 102 23 57 86 36 98 97 118 96 83 0 31 113 126 11 100 73 101 62 123 122 40 2 115 34 56 41 106 10 19 53 13 58 63 29 79 14 24 69 127 104 17 67 77 35 94 9 54 8 103 7 33 18 70 12 114
Coste: 274

GENERACION: 12
Mejor Solucion:  55 87 125 3 42 43 75 117 25 65 22 1 16 21 85 116 27 99 20 111 95 52 38 89 5 28 50 120 60 107 92 88 48 82 4 80 49 105 66 64 46 90 112 51 84 15 76 72 91 32 68 110 74 47 81 78 59 44 6 124 30 37 71 121 45 108 119 109 26 93 39 61 102 23 57 86 36 98 97 118 96 83 0 31 113 126 11 100 73 101 62 123 122 40 2 115 34 56 41 106 10 19 53 13 58 63 29 79 14 24 69 127 104 17 67 77 35 94 9 54 8 103 7 33 18 70 12 114
Coste: 274

GENERACION: 13
Mejor Solucion:  55 87 125 3 42 43 75 117 25 65 22 1 16 21 85 116 27 99 20 111 95 52 38 89 5 28 50 120 60 107 92 88 48 82 4 80 49 105 66 64 46 90 112 51 84 15 76 72 91 32 68 110 74 47 81 78 59 44 6 124 30 37 71 121 45 108 119 109 26 93 39 61 102 23 57 86 36 98 97 118 96 83 0 31 113 126 11 100 73 101 62 123 122 40 2 115 34 56 41 106 10 19 53 13 58 63 29 79 14 24 69 127 104 17 67 77 35 94 9 54 8 103 7 33 18 70 12 114
Coste: 274

GENERACION: 14
Mejor Solucion:  55 87 125 3 42 43 75 117 25 65 22 1 16 21 85 116 27 99 20 111 95 52 38 89 5 28 50 120 60 107 92 88 48 82 4 80 49 105 66 64 46 90 112 51 84 15 76 72 91 32 68 110 74 47 81 78 59 44 6 124 30 37 71 121 45 108 119 109 26 93 39 61 102 23 57 86 36 98 97 118 96 83 0 31 113 126 11 100 73 101 62 123 122 40 2 115 34 56 41 106 10 19 53 13 58 63 29 79 14 24 69 127 104 17 67 77 35 94 9 54 8 103 7 33 18 70 12 114
Coste: 274

GENERACION: 15
Mejor Solucion:  55 87 125 3 42 43 75 117 25 65 22 1 16 21 85 116 27 99 20 111 95 52 38 89 5 28 50 120 60 107 92 88 48 82 4 80 49 105 66 64 46 90 112 51 84 15 76 72 91 32 68 110 74 47 81 78 59 44 6 124 30 37 71 121 45 108 119 109 26 93 39 61 102 23 57 86 36 98 97 118 96 83 0 31 113 126 11 100 73 101 62 123 122 40 2 115 34 56 41 106 10 19 53 13 58 63 29 79 14 24 69 127 104 17 67 77 35 94 9 54 8 103 7 33 18 70 12 114
Coste: 274

GENERACION: 16
Mejor Solucion:  55 87 125 3 42 43 75 117 25 65 22 1 16 21 85 116 27 99 20 111 95 52 38 89 5 28 50 120 60 107 92 88 48 82 4 80 49 105 66 64 46 90 112 51 84 15 76 72 91 32 68 110 74 47 81 78 59 44 6 124 30 37 71 121 45 108 119 109 26 93 39 61 102 23 57 86 36 98 97 118 96 83 0 31 113 126 11 100 73 101 62 123 122 40 2 115 34 56 41 106 10 19 53 13 58 63 29 79 14 24 69 127 104 17 67 77 35 94 9 54 8 103 7 33 18 70 12 114
Coste: 274

GENERACION: 17
Mejor Solucion:  55 87 125 3 42 43 75 117 25 65 22 1 16 21 85 116 27 99 20 111 95 52 38 89 5 28 50 120 60 107 92 88 48 82 4 80 49 105 66 64 46 90 112 51 84 15 76 72 91 32 68 110 74 47 81 78 59 44 6 124 30 37 71 121 45 108 119 109 26 93 39 61 102 23 57 86 36 98 97 118 96 83 0 31 113 126 11 100 73 101 62 123 122 40 2 115 34 56 41 106 10 19 53 13 58 63 29 79 14 24 69 127 104 17 67 77 35 94 9 54 8 103 7 33 18 70 12 114
Coste: 274

GENERACION: 18
Mejor Solucion:  55 87 125 3 42 43 75 117 25 65 22 1 16 21 85 116 27 99 20 111 95 52 38 89 5 28 50 120 60 107 92 88 48 82 4 80 49 105 66 64 46 90 112 51 84 15 76 72 91 32 68 110 74 47 81 78 59 44 6 124 30 37 71 121 45 108 119 109 26 93 39 61 102 23 57 86 36 98 97 118 96 83 0 31 113 126 11 100 73 101 62 123 122 40 2 115 34 56 41 106 10 19 53 13 58 63 29 79 14 24 69 127 104 17 67 77 35 94 9 54 8 103 7 33 18 70 12 114
Coste: 274

GENERACION: 19
Mejor Solucion:  55 87 125 3 42 43 75 117 25 65 22 1 16 21 85 116 27 99 20 111 95 52 38 89 5 28 50 120 60 107 92 88 48 82 4 80 49 105 66 64 46 90 112 51 84 15 76 72 91 32 68 110 74 47 81 78 59 44 6 124 30 37 71 121 45 108 119 109 26 93 39 61 102 23 57 86 36 98 97 118 96 83 0 31 113 126 11 100 73 101 62 123 122 40 2 115 34 56 41 106 10 19 53 13 58 63 29 79 14 24 69 127 104 17 67 77 35 94 9 54 8 103 7 33 18 70 12 114
Coste: 274

GENERACION: 20
Mejor Solucion:  55 87 125 3 42 43 75 117 25 65 22 1 16 21 85 116 27 99 20 111 95 52 38 89 5 28 50 120 60 107 92 88 48 82 4 80 49 105 66 64 46 90 112 51 84 15 76 72 91 32 68 110 74 47 81 78 59 44 6 124 30 37 71 121 45 108 119 109 26 93 39 61 102 23 57 86 36 98 97 118 96 83 0 31 113 126 11 100 73 101 62 123 122 40 2 115 34 56 41 106 10 19 53 13 58 63 29 79 14 24 69 127 104 17 67 77 35 94 9 54 8 103 7 33 18 70 12 114
Coste: 274

GENERACION: 21
Mejor Solucion:  55 87 125 3 42 43 75 117 25 65 22 1 16 21 85 116 27 99 20 111 95 52 38 89 5 28 50 120 60 107 92 88 48 82 4 80 49 105 66 64 46 90 112 51 84 15 76 72 91 32 68 110 74 47 81 78 59 44 6 124 30 37 71 121 45 108 119 109 26 93 39 61 102 23 57 86 36 98 97 118 96 83 0 31 113 126 11 100 73 101 62 123 122 40 2 115 34 56 41 106 10 19 53 13 58 63 29 79 14 24 69 127 104 17 67 77 35 94 9 54 8 103 7 33 18 70 12 114
Coste: 274

GENERACION: 22
Mejor Solucion:  55 87 125 3 42 43 75 117 25 65 22 1 16 21 85 116 27 99 20 111 95 52 38 89 5 28 50 120 60 107 92 88 48 82 4 80 49 105 66 64 46 90 112 51 84 15 76 72 91 32 68 110 74 47 81 78 59 44 6 124 30 37 71 121 45 108 119 109 26 93 39 61 102 23 57 86 36 98 97 118 96 83 0 31 113 126 11 100 73 101 62 123 122 40 2 115 34 56 41 106 10 19 53 13 58 63 29 79 14 24 69 127 104 17 67 77 35 94 9 54 8 103 7 33 18 70 12 114
Coste: 274

GENERACION: 23
Mejor Solucion:  55 87 125 3 42 43 106 117 25 65 22 1 16 20 111 95 52 38 89 5 28 50 35 60 80 92 66 48 82 121 107 10 105 83 64 46 90 112 51 84 15 76 72 91 32 68 110 31 47 81 78 44 6 124 30 37 71 4 45 108 109 36 93 39 61 102 23 88 86 26 98 97 118 96 57 0 74 113 126 11 100 73 101 62 123 122 40 99 115 34 56 41 75 49 19 53 13 58 63 29 79 14 24 69 21 85 116 27 2 119 59 127 104 17 67 77 120 94 9 54 8 103 7 33 18 70 12 114
Coste: 266

GENERACION: 24
Mejor Solucion:  55 87 125 3 42 43 106 117 25 65 22 1 16 20 111 95 52 38 89 5 28 50 35 60 80 92 66 48 82 121 107 10 105 83 64 46 90 112 51 84 15 76 72 91 32 68 110 31 47 81 78 44 6 124 30 37 71 4 45 108 109 36 93 39 61 102 23 88 86 26 98 97 118 96 57 0 74 113 126 11 100 73 101 62 123 122 40 99 115 34 56 41 75 49 19 53 13 58 63 29 79 14 24 69 21 85 116 27 2 119 59 127 104 17 67 77 120 94 9 54 8 103 7 33 18 70 12 114
Coste: 266

GENERACION: 25
Mejor Solucion:  55 87 125 3 42 43 106 117 25 65 22 1 16 20 111 95 52 38 89 5 28 50 35 60 80 92 66 48 82 121 107 10 105 83 64 46 90 112 51 84 15 76 72 91 32 68 110 31 47 81 78 44 6 124 30 37 71 4 45 108 109 36 93 39 61 102 23 88 86 26 98 97 118 96 57 0 74 113 126 11 100 73 101 62 123 122 40 99 115 34 56 41 75 49 19 53 13 58 63 29 79 14 24 69 21 85 116 27 2 119 59 127 104 17 67 77 120 94 9 54 8 103 7 33 18 70 12 114
Coste: 266

GENERACION: 26
Mejor Solucion:  55 87 125 3 42 43 106 117 25 65 22 1 16 20 111 95 52 38 89 5 28 50 35 60 80 92 66 48 82 121 107 10 105 83 64 46 90 112 51 84 15 76 72 91 32 68 110 31 47 81 78 44 6 124 30 37 71 4 45 108 109 36 93 39 61 102 23 88 86 26 98 97 118 96 57 0 74 113 126 11 100 73 101 62 123 122 40 99 115 34 56 41 75 49 19 53 13 58 63 29 79 14 24 69 21 85 116 27 2 119 59 127 104 17 67 77 120 94 9 54 8 103 7 33 18 70 12 114
Coste: 266

GENERACION: 27
Mejor Solucion:  55 87 125 3 42 43 106 117 25 65 22 1 16 20 111 95 52 38 89 5 28 50 35 60 80 92 66 48 82 121 107 10 105 83 64 46 90 112 51 84 15 76 72 91 32 68 110 31 47 81 78 44 6 124 30 37 71 4 45 108 109 36 93 39 61 102 23 88 86 26 98 97 118 96 57 0 74 113 126 11 100 73 101 62 123 122 40 99 115 34 56 41 75 49 19 53 13 58 63 29 79 14 24 69 21 85 116 27 2 119 59 127 104 17 67 77 120 94 9 54 8 103 7 33 18 70 12 114
Coste: 266

GENERACION: 28
Mejor Solucion:  55 87 125 3 42 43 106 117 25 65 22 1 16 20 111 95 52 38 89 5 28 50 35 60 80 92 66 48 82 121 107 10 105 83 64 46 90 112 51 84 15 76 72 91 32 68 110 31 47 81 78 44 6 124 30 37 71 4 45 108 109 36 93 39 61 102 23 88 86 26 98 97 118 96 57 0 74 113 126 11 100 73 101 62 123 122 40 99 115 34 56 41 75 49 19 53 13 58 63 29 79 14 24 69 21 85 116 27 2 119 59 127 104 17 67 77 120 94 9 54 8 103 7 33 18 70 12 114
Coste: 266

GENERACION: 29
Mejor Solucion:  55 87 125 3 42 43 106 117 25 65 22 1 16 20 111 95 52 38 89 5 28 50 35 60 80 92 66 48 82 121 107 10 105 83 64 46 90 112 51 84 15 76 72 91 32 68 110 31 47 81 78 44 6 124 30 37 71 4 45 108 109 36 93 39 61 102 23 88 86 26 98 97 118 96 57 0 74 113 126 11 100 73 101 62 123 122 40 99 115 34 56 41 75 49 19 53 13 58 63 29 79 14 24 69 21 85 116 27 2 119 59 127 104 17 67 77 120 94 9 54 8 103 7 33 18 70 12 114
Coste: 266

GENERACION: 30
Mejor Solucion:  55 87 125 3 42 43 106 117 25 65 22 1 16 20 111 95 52 38 89 5 28 50 35 60 80 92 66 48 82 121 107 10 105 83 64 46 90 112 51 84 15 76 72 91 32 68 110 31 47 81 78 44 6 124 30 37 71 4 45 108 109 36 93 39 61 102 23 88 86 26 98 97 118 96 57 0 74 113 126 11 100 73 101 62 123 122 40 99 115 34 56 41 75 49 19 53 13 58 63 29 79 14 24 69 21 85 116 27 2 119 59 127 104 17 67 77 120 94 9 54 8 103 7 33 18 70 12 114
Coste: 266

GENERACION: 31
Mejor Solucion:  55 87 125 3 42 43 106 117 25 65 22 1 16 20 111 95 52 38 89 5 28 50 35 60 80 92 66 48 82 121 107 10 105 83 64 46 90 112 51 84 15 76 72 91 32 68 110 31 47 81 78 44 6 124 30 37 71 4 45 108 109 36 93 39 61 102 23 88 86 26 98 97 118 96 57 0 74 113 126 11 100 73 101 62 123 122 40 99 115 34 56 41 75 49 19 53 13 58 63 29 79 14 24 69 21 85 116 27 2 119 59 127 104 17 67 77 120 94 9 54 8 103 7 33 18 70 12 114
Coste: 266

GENERACION: 32
Mejor Solucion:  55 87 125 3 42 43 106 117 25 65 22 1 16 20 111 95 52 38 89 5 28 50 35 60 80 92 66 48 82 121 107 10 105 83 64 46 90 112 51 84 15 76 72 91 32 68 110 31 47 81 78 44 6 124 30 37 71 4 45 108 109 36 93 39 61 102 23 88 86 26 98 97 118 96 57 0 74 113 126 11 100 73 101 62 123 122 40 99 115 34 56 41 75 49 19 53 13 58 63 29 79 14 24 69 21 85 116 27 2 119 59 127 104 17 67 77 120 94 9 54 8 103 7 33 18 70 12 114
Coste: 266

GENERACION: 33
Mejor Solucion:  55 87 125 3 42 43 106 117 25 65 22 1 16 20 111 95 52 38 89 5 28 50 35 60 80 92 66 48 82 121 107 10 105 83 64 46 90 112 51 84 15 76 72 91 32 68 110 31 47 81 78 44 6 124 30 37 71 4 45 108 109 36 93 39 61 102 23 88 86 26 98 97 118 96 57 0 74 113 126 11 100 73 101 62 123 122 40 99 115 34 56 41 75 49 19 53 13 58 63 29 79 14 24 69 21 85 116 27 2 119 59 127 104 17 67 77 120 94 9 54 8 103 7 33 18 70 12 114
Coste: 266

GENERACION: 34
Mejor Solucion:  55 87 125 3 42 43 106 117 25 65 22 1 16 20 111 95 52 38 89 5 28 50 35 60 80 92 66 48 82 121 107 10 105 83 64 46 90 112 51 84 15 76 72 91 32 68 110 31 47 81 78 44 6 124 30 37 71 4 45 108 109 36 93 39 61 102 23 88 86 26 98 97 118 96 57 0 74 113 126 11 100 73 101 62 123 122 40 99 115 34 56 41 75 49 19 53 13 58 63 29 79 14 24 69 21 85 116 27 2 119 59 127 104 17 67 77 120 94 9 54 8 103 7 33 18 70 12 114
Coste: 266

GENERACION: 35
Mejor Solucion:  55 87 125 3 42 43 106 117 25 65 22 1 16 20 111 95 52 38 89 5 28 50 35 60 80 92 66 48 82 121 107 10 105 83 64 46 90 112 51 84 15 76 72 91 32 68 110 31 47 81 78 44 6 124 30 37 71 4 45 108 109 36 93 39 61 102 23 88 86 26 98 97 118 96 57 0 74 113 126 11 100 73 101 62 123 122 40 99 115 34 56 41 75 49 19 53 13 58 63 29 79 14 24 69 21 85 116 27 2 119 59 127 104 17 67 77 120 94 9 54 8 103 7 33 18 70 12 114
Coste: 266

GENERACION: 36
Mejor Solucion:  55 87 125 3 42 43 106 117 25 65 22 1 16 20 111 95 52 38 89 5 28 50 35 60 80 92 66 48 82 121 107 10 105 83 64 46 90 112 51 84 15 76 72 91 32 68 110 31 47 81 78 44 6 124 30 37 71 4 45 108 109 36 93 39 61 102 23 88 86 26 98 97 118 96 57 0 74 113 126 11 100 73 101 62 123 122 40 99 115 34 56 41 75 49 19 53 13 58 63 29 79 14 24 69 21 85 116 27 2 119 59 127 104 17 67 77 120 94 9 54 8 103 7 33 18 70 12 114
Coste: 266

GENERACION: 37
Mejor Solucion:  55 87 125 3 42 43 106 117 25 65 22 1 16 20 111 95 52 38 89 5 28 50 35 60 80 92 66 48 82 121 107 10 105 83 64 46 90 112 51 84 15 76 72 91 32 68 110 31 47 81 78 44 6 124 30 37 71 4 45 108 109 36 93 39 61 102 23 88 86 26 98 97 118 96 57 0 74 113 126 11 100 73 101 62 123 122 40 99 115 34 56 41 75 49 19 53 13 58 63 29 79 14 24 69 21 85 116 27 2 119 59 127 104 17 67 77 120 94 9 54 8 103 7 33 18 70 12 114
Coste: 266

GENERACION: 38
Mejor Solucion:  55 87 125 3 42 43 106 117 25 65 22 1 16 20 111 95 52 38 89 5 28 50 35 60 80 92 66 48 82 121 107 10 105 83 64 46 90 112 51 84 15 76 72 91 32 68 110 31 47 81 78 44 6 124 30 37 71 4 45 108 109 36 93 39 61 102 23 88 86 26 98 97 118 96 57 0 74 113 126 11 100 73 101 62 123 122 40 99 115 34 56 41 75 49 19 53 13 58 63 29 79 14 24 69 21 85 116 27 2 119 59 127 104 17 67 77 120 94 9 54 8 103 7 33 18 70 12 114
Coste: 266

GENERACION: 39
Mejor Solucion:  55 87 125 3 42 43 106 117 25 65 22 1 16 20 111 95 52 38 89 5 28 50 35 60 80 92 66 48 82 121 107 10 105 83 64 46 90 112 51 84 15 76 72 91 32 68 110 31 47 81 78 44 6 124 30 37 71 4 45 108 109 36 93 39 61 102 23 88 86 26 98 97 118 96 57 0 74 113 126 11 100 73 101 62 123 122 40 99 115 34 56 41 75 49 19 53 13 58 63 29 79 14 24 69 21 85 116 27 2 119 59 127 104 17 67 77 120 94 9 54 8 103 7 33 18 70 12 114
Coste: 266

GENERACION: 40
Mejor Solucion:  55 87 125 3 42 43 106 117 25 65 22 1 16 20 111 95 52 38 89 5 28 50 35 60 80 92 66 48 82 121 107 10 105 83 64 46 90 112 51 84 15 76 72 91 32 68 110 31 47 81 78 44 6 124 30 37 71 4 45 108 109 36 93 39 61 102 23 88 86 26 98 97 118 96 57 0 74 113 126 11 100 73 101 62 123 122 40 99 115 34 56 41 75 49 19 53 13 58 63 29 79 14 24 69 21 85 116 27 2 119 59 127 104 17 67 77 120 94 9 54 8 103 7 33 18 70 12 114
Coste: 266

GENERACION: 41
Mejor Solucion:  55 87 125 3 42 43 106 117 25 65 22 1 16 20 111 95 52 38 89 5 28 50 35 60 80 92 66 48 82 121 107 10 105 83 64 46 90 112 51 84 15 76 72 91 32 68 110 31 47 81 78 44 6 124 30 37 71 4 45 108 109 36 93 39 61 102 23 88 86 26 98 97 118 96 57 0 74 113 126 11 100 73 101 62 123 122 40 99 115 34 56 41 75 49 19 53 13 58 63 29 79 14 24 69 21 85 116 27 2 119 59 127 104 17 67 77 120 94 9 54 8 103 7 33 18 70 12 114
Coste: 266

GENERACION: 42
Mejor Solucion:  55 87 125 3 42 43 106 117 25 65 22 1 16 20 111 95 52 38 89 5 28 50 35 60 80 92 66 48 82 121 107 10 105 83 64 46 90 112 51 84 15 76 72 91 32 68 110 31 47 81 78 44 6 124 30 37 71 4 45 108 109 36 93 39 61 102 23 88 86 26 98 97 118 96 57 0 74 113 126 11 100 73 101 62 123 122 40 99 115 34 56 41 75 49 19 53 13 58 63 29 79 14 24 69 21 85 116 27 2 119 59 127 104 17 67 77 120 94 9 54 8 103 7 33 18 70 12 114
Coste: 266

GENERACION: 43
Mejor Solucion:  5 25 77 117 81 78 32 9 95 127 41 62 115 100 99 53 7 71 14 24 116 90 35 60 92 80 66 27 82 36 107 10 40 83 26 46 3 101 51 68 15 76 72 22 86 73 98 31 47 20 29 84 113 91 30 37 45 4 105 79 109 121 93 64 61 102 39 123 104 13 118 97 110 94 19 108 74 6 126 11 122 75 59 58 0 23 114 96 87 69 21 2 33 124 103 18 55 12 112 43 57 106 49 65 48 16 88 34 89 63 28 50 120 1 8 125 67 52 111 17 70 54 56 38 119 44 42 85
Coste: 257

GENERACION: 44
Mejor Solucion:  5 25 80 117 81 78 32 9 95 127 41 62 115 100 87 53 7 71 14 24 116 90 77 109 92 65 66 27 82 36 107 10 40 83 26 49 3 101 51 68 15 76 4 22 86 43 98 31 47 20 29 84 46 91 30 37 45 72 105 79 60 1 93 64 61 102 39 123 50 13 118 97 110 94 19 108 74 6 126 11 122 75 59 58 0 23 114 96 99 69 21 2 33 124 103 18 55 12 112 73 57 106 113 125 44 16 89 34 88 63 28 104 120 121 8 38 67 52 111 17 70 54 56 35 119 48 42 85
Coste: 251

GENERACION: 45
Mejor Solucion:  5 25 80 117 81 78 32 9 95 127 41 62 115 100 87 53 7 71 14 24 116 90 77 109 92 65 66 27 82 36 107 10 40 83 26 49 3 101 51 68 15 76 4 22 86 43 98 31 47 20 29 84 46 91 30 37 45 72 105 79 60 1 93 64 61 102 39 123 50 13 118 97 110 94 19 108 74 6 126 11 122 75 59 58 0 23 114 96 99 69 21 2 33 124 103 18 55 12 112 73 57 106 113 125 44 16 89 34 88 63 28 104 120 121 8 38 67 52 111 17 70 54 56 35 119 48 42 85
Coste: 251

GENERACION: 46
Mejor Solucion:  5 25 80 117 81 78 32 9 95 127 41 62 115 100 87 53 7 71 14 24 116 90 77 109 92 65 66 27 82 36 107 10 40 83 26 49 3 101 51 68 15 76 4 22 86 43 98 31 47 20 29 84 46 91 30 37 45 72 105 79 60 1 93 64 61 102 39 123 50 13 118 97 110 94 19 108 74 6 126 11 122 75 59 58 0 23 114 96 99 69 21 2 33 124 103 18 55 12 112 73 57 106 113 125 44 16 89 34 88 63 28 104 120 121 8 38 67 52 111 17 70 54 56 35 119 48 42 85
Coste: 251

GENERACION: 47
Mejor Solucion:  5 25 80 117 81 78 32 9 95 127 41 62 115 100 87 53 7 71 14 24 116 90 77 109 92 65 66 27 82 36 107 10 40 83 26 49 3 101 51 68 15 76 4 22 86 43 98 31 47 20 29 84 46 91 30 37 45 72 105 79 60 1 93 64 61 102 39 123 50 13 118 97 110 94 19 108 74 6 126 11 122 75 59 58 0 23 114 96 99 69 21 2 33 124 103 18 55 12 112 73 57 106 113 125 44 16 89 34 88 63 28 104 120 121 8 38 67 52 111 17 70 54 56 35 119 48 42 85
Coste: 251

GENERACION: 48
Mejor Solucion:  5 25 80 117 81 78 32 9 95 127 41 62 115 100 87 53 7 71 14 24 116 90 77 109 92 65 66 27 82 36 107 10 40 83 26 49 3 101 51 68 15 76 4 22 86 43 98 31 47 20 29 84 46 91 30 37 45 72 105 79 60 1 93 64 61 102 39 123 50 13 118 97 110 94 19 108 74 6 126 11 122 75 59 58 0 23 114 96 99 69 21 2 33 124 103 18 55 12 112 73 57 106 113 125 44 16 89 34 88 63 28 104 120 121 8 38 67 52 111 17 70 54 56 35 119 48 42 85
Coste: 251

GENERACION: 49
Mejor Solucion:  5 25 80 117 81 78 32 9 95 127 41 62 115 100 87 53 7 71 14 24 116 90 77 109 92 65 66 27 82 36 107 10 40 83 26 49 3 101 51 68 15 76 4 22 86 43 98 31 47 20 29 84 46 91 30 37 45 72 105 79 60 1 93 64 61 102 39 123 50 13 118 97 110 94 19 108 74 6 126 11 122 75 59 58 0 23 114 96 99 69 21 2 33 124 103 18 55 12 112 73 57 106 113 125 44 16 89 34 88 63 28 104 120 121 8 38 67 52 111 17 70 54 56 35 119 48 42 85
Coste: 251

GENERACION: 50
Mejor Solucion:  5 25 80 117 81 78 32 9 95 127 41 62 115 100 87 53 7 71 14 24 116 90 77 109 92 65 66 27 82 36 107 10 40 83 26 49 3 101 51 68 15 76 4 22 86 43 98 31 47 20 29 84 46 91 30 37 45 72 105 79 60 1 93 64 61 102 39 123 50 13 118 97 110 94 19 108 74 6 126 11 122 75 59 58 0 23 114 96 99 69 21 2 33 124 103 18 55 12 112 73 57 106 113 125 44 16 89 34 88 63 28 104 120 121 8 38 67 52 111 17 70 54 56 35 119 48 42 85
Coste: 251

GENERACION: 51
Mejor Solucion:  5 25 80 117 81 78 32 9 95 127 41 62 115 100 87 53 7 71 14 24 116 90 77 109 92 65 66 27 82 36 107 10 40 83 26 49 3 101 51 68 15 76 4 22 86 43 98 31 47 20 29 84 46 91 30 37 45 72 105 79 60 1 93 64 61 102 39 123 50 13 118 97 110 94 19 108 74 6 126 11 122 75 59 58 0 23 114 96 99 69 21 2 33 124 103 18 55 12 112 73 57 106 113 125 44 16 89 34 88 63 28 104 120 121 8 38 67 52 111 17 70 54 56 35 119 48 42 85
Coste: 251

GENERACION: 52
Mejor Solucion:  5 25 80 117 81 78 32 9 95 127 41 62 115 100 87 53 7 71 14 24 116 90 77 109 92 65 66 27 82 36 107 10 40 83 26 49 3 101 51 68 15 76 4 22 86 43 98 31 47 20 29 84 46 91 30 37 45 72 105 79 60 1 93 64 61 102 39 123 50 13 118 97 110 94 19 108 74 6 126 11 122 75 59 58 0 23 114 96 99 69 21 2 33 124 103 18 55 12 112 73 57 106 113 125 44 16 89 34 88 63 28 104 120 121 8 38 67 52 111 17 70 54 56 35 119 48 42 85
Coste: 251

GENERACION: 53
Mejor Solucion:  5 25 80 117 81 78 32 9 95 127 41 62 115 100 87 53 7 71 14 24 116 90 77 109 92 65 66 27 82 36 107 10 40 83 26 49 3 101 51 68 15 76 4 22 86 43 98 31 47 20 29 84 46 91 30 37 45 72 105 79 60 1 93 64 61 102 39 123 50 13 118 97 110 94 19 108 74 6 126 11 122 75 59 58 0 23 114 96 99 69 21 2 33 124 103 18 55 12 112 73 57 106 113 125 44 16 89 34 88 63 28 104 120 121 8 38 67 52 111 17 70 54 56 35 119 48 42 85
Coste: 251

GENERACION: 54
Mejor Solucion:  5 25 80 117 81 78 32 9 95 127 41 62 115 100 87 53 7 71 14 24 116 90 77 109 92 65 66 27 82 36 107 10 40 83 26 49 3 101 51 68 15 76 4 22 86 43 98 31 47 20 29 84 46 91 30 37 45 72 105 79 60 1 93 64 61 102 39 123 50 13 118 97 110 94 19 108 74 6 126 11 122 75 59 58 0 23 114 96 99 69 21 2 33 124 103 18 55 12 112 73 57 106 113 125 44 16 89 34 88 63 28 104 120 121 8 38 67 52 111 17 70 54 56 35 119 48 42 85
Coste: 251

GENERACION: 55
Mejor Solucion:  5 25 80 117 81 78 32 9 95 127 41 62 115 100 87 53 7 71 14 24 116 90 77 109 92 65 66 27 82 36 107 10 40 83 26 49 3 101 51 68 15 76 4 22 86 43 98 31 47 20 29 84 46 91 30 37 45 72 105 79 60 1 93 64 61 102 39 123 50 13 118 97 110 94 19 108 74 6 126 11 122 75 59 58 0 23 114 96 99 69 21 2 33 124 103 18 55 12 112 73 57 106 113 125 44 16 89 34 88 63 28 104 120 121 8 38 67 52 111 17 70 54 56 35 119 48 42 85
Coste: 251

GENERACION: 56
Mejor Solucion:  5 25 80 117 81 78 32 9 95 127 41 62 115 100 87 53 7 71 14 24 116 90 77 109 92 65 66 27 82 36 107 10 40 83 26 49 3 101 51 68 15 76 4 22 86 43 98 31 47 20 29 84 46 91 30 37 45 72 105 79 60 1 93 64 61 102 39 123 50 13 118 97 110 94 19 108 74 6 126 11 122 75 59 58 0 23 114 96 99 69 21 2 33 124 103 18 55 12 112 73 57 106 113 125 44 16 89 34 88 63 28 104 120 121 8 38 67 52 111 17 70 54 56 35 119 48 42 85
Coste: 251

GENERACION: 57
Mejor Solucion:  5 25 80 117 81 78 32 9 95 127 41 62 115 100 87 53 7 71 14 24 116 90 77 109 92 65 66 27 82 36 107 10 40 83 26 49 3 101 51 68 15 76 4 22 86 43 98 31 47 20 29 84 46 91 30 37 45 72 105 79 60 1 93 64 61 102 39 123 50 13 118 97 110 94 19 108 74 6 126 11 122 75 59 58 0 23 114 96 99 69 21 2 33 124 103 18 55 12 112 73 57 106 113 125 44 16 89 34 88 63 28 104 120 121 8 38 67 52 111 17 70 54 56 35 119 48 42 85
Coste: 251

GENERACION: 58
Mejor Solucion:  5 25 80 117 81 78 32 9 95 127 41 62 115 100 87 53 7 71 14 24 116 90 77 109 92 65 66 27 82 36 107 10 40 83 26 49 3 101 51 68 15 76 4 22 86 43 98 31 47 20 29 84 46 91 30 37 45 72 105 79 60 1 93 64 61 102 39 123 50 13 118 97 110 94 19 108 74 6 126 11 122 75 59 58 0 23 114 96 99 69 21 2 33 124 103 18 55 12 112 73 57 106 113 125 44 16 89 34 88 63 28 104 120 121 8 38 67 52 111 17 70 54 56 35 119 48 42 85
Coste: 251

GENERACION: 59
Mejor Solucion:  5 25 80 117 81 78 32 9 95 127 41 62 115 100 87 53 7 71 14 24 116 90 77 109 92 65 66 27 82 36 107 10 40 83 26 49 3 101 51 68 15 76 4 22 86 43 98 31 47 20 29 84 46 91 30 37 45 72 105 79 60 1 93 64 61 102 39 123 50 13 118 97 110 94 19 108 74 6 126 11 122 75 59 58 0 23 114 96 99 69 21 2 33 124 103 18 55 12 112 73 57 106 113 125 44 16 89 34 88 63 28 104 120 121 8 38 67 52 111 17 70 54 56 35 119 48 42 85
Coste: 251

GENERACION: 60
Mejor Solucion:  5 25 80 117 81 78 32 9 95 127 41 62 115 100 87 53 7 71 14 24 116 90 77 109 92 65 66 27 82 36 107 10 40 83 26 49 3 101 51 68 15 76 4 22 86 43 98 31 47 20 29 84 46 91 30 37 45 72 105 79 60 1 93 64 61 102 39 123 50 13 118 97 110 94 19 108 74 6 126 11 122 75 59 58 0 23 114 96 99 69 21 2 33 124 103 18 55 12 112 73 57 106 113 125 44 16 89 34 88 63 28 104 120 121 8 38 67 52 111 17 70 54 56 35 119 48 42 85
Coste: 251

GENERACION: 61
Mejor Solucion:  5 25 80 117 81 78 32 9 95 127 41 62 115 100 87 53 7 71 14 24 116 90 77 109 92 65 66 27 82 36 107 10 40 83 26 49 3 101 51 68 15 76 4 22 86 43 98 31 47 20 29 84 46 91 30 37 45 72 105 79 60 1 93 64 61 102 39 123 50 13 118 97 110 94 19 108 74 6 126 11 122 75 59 58 0 23 114 96 99 69 21 2 33 124 103 18 55 12 112 73 57 106 113 125 44 16 89 34 88 63 28 104 120 121 8 38 67 52 111 17 70 54 56 35 119 48 42 85
Coste: 251

GENERACION: 62
Mejor Solucion:  5 25 80 117 81 78 32 9 95 127 41 62 115 100 87 53 7 71 14 24 116 90 77 109 92 65 66 27 82 36 107 10 40 83 26 49 3 101 51 68 15 76 4 22 86 43 98 31 47 20 29 84 46 91 30 37 45 72 105 79 60 1 93 64 61 102 39 123 50 13 118 97 110 94 19 108 74 6 126 11 122 75 59 58 0 23 114 96 99 69 21 2 33 124 103 18 55 12 112 73 57 106 113 125 44 16 89 34 88 63 28 104 120 121 8 38 67 52 111 17 70 54 56 35 119 48 42 85
Coste: 251

GENERACION: 63
Mejor Solucion:  5 25 80 117 81 78 32 9 95 127 41 62 115 100 87 53 7 71 14 24 116 90 77 109 92 65 66 27 82 36 107 10 40 83 26 49 3 101 51 68 15 76 4 22 86 43 98 31 47 20 29 84 46 91 30 37 45 72 105 79 60 1 93 64 61 102 39 123 50 13 118 97 110 94 19 108 74 6 126 11 122 75 59 58 0 23 114 96 99 69 21 2 33 124 103 18 55 12 112 73 57 106 113 125 44 16 89 34 88 63 28 104 120 121 8 38 67 52 111 17 70 54 56 35 119 48 42 85
Coste: 251

GENERACION: 64
Mejor Solucion:  5 25 80 117 81 78 32 9 95 127 41 62 115 100 87 53 7 71 14 24 116 90 77 109 92 65 66 27 82 36 107 10 40 83 26 49 3 101 51 68 15 76 4 22 86 43 98 31 47 20 29 84 46 91 30 37 45 72 105 79 60 1 93 64 61 102 39 123 50 13 118 97 110 94 19 108 74 6 126 11 122 75 59 58 0 23 114 96 99 69 21 2 33 124 103 18 55 12 112 73 57 106 113 125 44 16 89 34 88 63 28 104 120 121 8 38 67 52 111 17 70 54 56 35 119 48 42 85
Coste: 251

GENERACION: 65
Mejor Solucion:  5 25 80 117 81 78 32 9 95 127 41 62 115 100 87 53 7 71 14 24 116 90 77 109 92 65 66 27 82 36 107 10 40 83 26 49 3 101 51 68 15 76 4 22 86 43 98 31 47 20 29 84 46 91 30 37 45 72 105 79 60 1 93 64 61 102 39 123 50 13 118 97 110 94 19 108 74 6 126 11 122 75 59 58 0 23 114 96 99 69 21 2 33 124 103 18 55 12 112 73 57 106 113 125 44 16 89 34 88 63 28 104 120 121 8 38 67 52 111 17 70 54 56 35 119 48 42 85
Coste: 251

GENERACION: 66
Mejor Solucion:  5 25 80 117 81 78 32 9 95 127 41 62 115 100 87 53 7 71 14 24 116 90 77 109 92 65 66 27 82 36 107 10 40 83 26 49 3 101 51 68 15 76 4 22 86 43 98 31 47 20 29 84 46 91 30 37 45 72 105 79 60 1 93 64 61 102 39 123 50 13 118 97 110 94 19 108 74 6 126 11 122 75 59 58 0 23 114 96 99 69 21 2 33 124 103 18 55 12 112 73 57 106 113 125 44 16 89 34 88 63 28 104 120 121 8 38 67 52 111 17 70 54 56 35 119 48 42 85
Coste: 251

GENERACION: 67
Mejor Solucion:  5 25 80 117 81 78 32 9 95 127 41 62 115 100 87 53 7 71 14 24 116 90 77 109 92 65 66 27 82 36 107 10 40 83 26 49 3 101 51 68 15 76 4 22 86 43 98 31 47 20 29 84 46 91 30 37 45 72 105 79 60 1 93 64 61 102 39 123 50 13 118 97 110 94 19 108 74 6 126 11 122 75 59 58 0 23 114 96 99 69 21 2 33 124 103 18 55 12 112 73 57 106 113 125 44 16 89 34 88 63 28 104 120 121 8 38 67 52 111 17 70 54 56 35 119 48 42 85
Coste: 251

GENERACION: 68
Mejor Solucion:  5 25 80 117 81 78 32 9 95 127 41 62 115 100 87 53 7 71 14 24 116 90 77 109 92 65 66 27 82 36 107 10 40 83 26 49 3 101 51 68 15 76 4 22 86 43 98 31 47 20 29 84 46 91 30 37 45 72 105 79 60 1 93 64 61 102 39 123 50 13 118 97 110 94 19 108 74 6 126 11 122 75 59 58 0 23 114 96 99 69 21 2 33 124 103 18 55 12 112 73 57 106 113 125 44 16 89 34 88 63 28 104 120 121 8 38 67 52 111 17 70 54 56 35 119 48 42 85
Coste: 251

GENERACION: 69
Mejor Solucion:  5 25 80 117 81 78 32 9 95 127 41 62 115 100 87 53 7 71 14 24 116 90 77 109 92 65 66 27 82 36 107 10 40 83 26 49 3 101 51 68 15 76 4 22 86 43 98 31 47 20 29 84 46 91 30 37 45 72 105 79 60 1 93 64 61 102 39 123 50 13 118 97 110 94 19 108 74 6 126 11 122 75 59 58 0 23 114 96 99 69 21 2 33 124 103 18 55 12 112 73 57 106 113 125 44 16 89 34 88 63 28 104 120 121 8 38 67 52 111 17 70 54 56 35 119 48 42 85
Coste: 251

GENERACION: 70
Mejor Solucion:  5 25 80 117 81 78 32 9 95 127 41 62 115 100 87 53 7 71 14 24 116 90 77 109 92 65 66 27 82 36 107 10 40 83 26 49 3 101 51 68 15 76 4 22 86 43 98 31 47 20 29 84 46 91 30 37 45 72 105 79 60 1 93 64 61 102 39 123 50 13 118 97 110 94 19 108 74 6 126 11 122 75 59 58 0 23 114 96 99 69 21 2 33 124 103 18 55 12 112 73 57 106 113 125 44 16 89 34 88 63 28 104 120 121 8 38 67 52 111 17 70 54 56 35 119 48 42 85
Coste: 251

GENERACION: 71
Mejor Solucion:  5 25 80 117 81 78 32 9 95 127 41 62 115 100 87 53 7 71 14 24 116 90 77 109 92 65 66 27 82 36 107 10 40 83 26 49 3 101 51 68 15 76 4 22 86 43 98 31 47 20 29 84 46 91 30 37 45 72 105 79 60 1 93 64 61 102 39 123 50 13 118 97 110 94 19 108 74 6 126 11 122 75 59 58 0 23 114 96 99 69 21 2 33 124 103 18 55 12 112 73 57 106 113 125 44 16 89 34 88 63 28 104 120 121 8 38 67 52 111 17 70 54 56 35 119 48 42 85
Coste: 251

GENERACION: 72
Mejor Solucion:  5 25 80 117 81 78 32 9 95 127 41 62 115 100 87 53 7 71 14 24 116 90 77 109 92 65 66 27 82 36 107 10 40 83 26 49 3 101 51 68 15 76 4 22 86 43 98 31 47 20 29 84 46 91 30 37 45 72 105 79 60 1 93 64 61 102 39 123 50 13 118 97 110 94 19 108 74 6 126 11 122 75 59 58 0 23 114 96 99 69 21 2 33 124 103 18 55 12 112 73 57 106 113 125 44 16 89 34 88 63 28 104 120 121 8 38 67 52 111 17 70 54 56 35 119 48 42 85
Coste: 251

GENERACION: 73
Mejor Solucion:  5 25 80 117 81 78 32 9 95 127 41 62 115 100 87 53 7 71 14 24 116 90 77 109 92 65 66 27 82 36 107 10 40 83 26 49 3 101 51 68 15 76 4 22 86 43 98 31 47 20 29 84 46 91 30 37 45 72 105 79 60 1 93 64 61 102 39 123 50 13 118 97 110 94 19 108 74 6 126 11 122 75 59 58 0 23 114 96 99 69 21 2 33 124 103 18 55 12 112 73 57 106 113 125 44 16 89 34 88 63 28 104 120 121 8 38 67 52 111 17 70 54 56 35 119 48 42 85
Coste: 251

GENERACION: 74
Mejor Solucion:  5 25 80 117 81 78 32 9 95 127 41 62 115 100 87 53 7 71 14 24 116 90 77 109 92 65 66 27 82 36 107 10 40 83 26 49 3 101 51 68 15 76 4 22 86 43 98 31 47 20 29 84 46 91 30 37 45 72 105 79 60 1 93 64 61 102 39 123 50 13 118 97 110 94 19 108 74 6 126 11 122 75 59 58 0 23 114 96 99 69 21 2 33 124 103 18 55 12 112 73 57 106 113 125 44 16 89 34 88 63 28 104 120 121 8 38 67 52 111 17 70 54 56 35 119 48 42 85
Coste: 251

GENERACION: 75
Mejor Solucion:  5 25 80 117 81 78 32 9 95 127 41 62 115 100 87 53 7 71 14 24 116 90 77 109 92 65 66 27 82 36 107 10 40 83 26 49 3 101 51 68 15 76 4 22 86 43 98 31 47 20 29 84 46 91 30 37 45 72 105 79 60 1 93 64 61 102 39 123 50 13 118 97 110 94 19 108 74 6 126 11 122 75 59 58 0 23 114 96 99 69 21 2 33 124 103 18 55 12 112 73 57 106 113 125 44 16 89 34 88 63 28 104 120 121 8 38 67 52 111 17 70 54 56 35 119 48 42 85
Coste: 251

GENERACION: 76
Mejor Solucion:  5 25 80 117 81 78 32 9 95 127 41 62 115 100 87 53 7 71 14 24 116 90 77 109 92 65 66 27 82 36 107 10 40 83 26 49 3 101 51 68 15 76 4 22 86 43 98 31 47 20 29 84 46 91 30 37 45 72 105 79 60 1 93 64 61 102 39 123 50 13 118 97 110 94 19 108 74 6 126 11 122 75 59 58 0 23 114 96 99 69 21 2 33 124 103 18 55 12 112 73 57 106 113 125 44 16 89 34 88 63 28 104 120 121 8 38 67 52 111 17 70 54 56 35 119 48 42 85
Coste: 251

GENERACION: 77
Mejor Solucion:  5 25 80 117 81 78 32 9 95 127 41 62 115 100 87 53 7 71 14 24 116 90 77 109 92 65 66 27 82 36 107 10 40 83 26 49 3 101 51 68 15 76 4 22 86 43 98 31 47 20 29 84 46 91 30 37 45 72 105 79 60 1 93 64 61 102 39 123 50 13 118 97 110 94 19 108 74 6 126 11 122 75 59 58 0 23 114 96 99 69 21 2 33 124 103 18 55 12 112 73 57 106 113 125 44 16 89 34 88 63 28 104 120 121 8 38 67 52 111 17 70 54 56 35 119 48 42 85
Coste: 251

GENERACION: 78
Mejor Solucion:  5 25 80 117 81 78 32 9 95 127 41 62 115 100 87 53 7 71 14 24 116 90 77 109 92 65 66 27 82 36 107 10 40 83 26 49 3 101 51 68 15 76 4 22 86 43 98 31 47 20 29 84 46 91 30 37 45 72 105 79 60 1 93 64 61 102 39 123 50 13 118 97 110 94 19 108 74 6 126 11 122 75 59 58 0 23 114 96 99 69 21 2 33 124 103 18 55 12 112 73 57 106 113 125 44 16 89 34 88 63 28 104 120 121 8 38 67 52 111 17 70 54 56 35 119 48 42 85
Coste: 251

GENERACION: 79
Mejor Solucion:  5 25 80 117 81 78 32 9 95 127 41 62 115 100 87 53 7 71 14 24 116 90 77 109 92 65 66 27 82 36 107 10 40 83 26 49 3 101 51 68 15 76 4 22 86 43 98 31 47 20 29 84 46 91 30 37 45 72 105 79 60 1 93 64 61 102 39 123 50 13 118 97 110 94 19 108 74 6 126 11 122 75 59 58 0 23 114 96 99 69 21 2 33 124 103 18 55 12 112 73 57 106 113 125 44 16 89 34 88 63 28 104 120 121 8 38 67 52 111 17 70 54 56 35 119 48 42 85
Coste: 251

GENERACION: 80
Mejor Solucion:  5 25 80 117 81 78 32 9 95 127 41 62 115 100 87 53 7 71 14 24 116 90 77 109 92 65 66 27 82 36 107 10 40 83 26 49 3 101 51 68 15 76 4 22 86 43 98 31 47 20 29 84 46 91 30 37 45 72 105 79 60 1 93 64 61 102 39 123 50 13 118 97 110 94 19 108 74 6 126 11 122 75 59 58 0 23 114 96 99 69 21 2 33 124 103 18 55 12 112 73 57 106 113 125 44 16 89 34 88 63 28 104 120 121 8 38 67 52 111 17 70 54 56 35 119 48 42 85
Coste: 251

GENERACION: 81
Mejor Solucion:  5 25 80 117 81 78 32 9 95 127 41 62 115 100 87 53 7 71 14 24 116 90 77 109 92 65 66 27 82 36 107 10 40 83 26 49 3 101 51 68 15 76 4 22 86 43 98 31 47 20 29 84 46 91 30 37 45 72 105 79 60 1 93 64 61 102 39 123 50 13 118 97 110 94 19 108 74 6 126 11 122 75 59 58 0 23 114 96 99 69 21 2 33 124 103 18 55 12 112 73 57 106 113 125 44 16 89 34 88 63 28 104 120 121 8 38 67 52 111 17 70 54 56 35 119 48 42 85
Coste: 251

