GENERACION: 1
Mejor Solucion:  142 46 79 50 73 66 99 6 114 138 7 34 132 133 57 48 39 102 12 98 58 32 16 118 49 60 96 108 86 21 126 38 82 131 140 65 35 71 52 68 148 116 110 125 143 122 103 61 30 112 3 0 63 145 31 93 74 97 88 17 130 141 69 128 44 81 19 85 95 104 127 26 113 40 41 147 87 20 149 76 84 100 9 51 11 109 107 4 56 33 123 80 27 77 72 124 14 23 25 28 47 134 59 37 15 117 24 55 75 144 91 101 94 5 83 120 22 1 18 64 62 54 45 106 70 115 67 137 135 43 36 78 92 13 119 42 111 29 90 53 146 136 10 139 8 2 105 121 129 89
Coste: 639528247

GENERACION: 2
Mejor Solucion:  142 46 79 50 73 66 99 6 114 138 7 34 132 133 57 48 39 102 12 98 58 32 16 118 49 60 96 108 86 21 126 38 82 131 140 65 35 71 52 68 148 116 110 125 143 122 103 61 30 112 3 0 63 145 31 93 74 97 88 17 130 141 69 128 44 81 19 85 95 104 127 26 113 40 41 147 87 20 149 76 84 100 9 51 11 109 107 4 56 33 123 80 27 77 72 124 14 23 25 28 47 134 59 37 15 117 24 55 75 144 91 101 94 5 83 120 22 1 18 64 62 54 45 106 70 115 67 137 135 43 36 78 92 13 119 42 111 29 90 53 146 136 10 139 8 2 105 121 129 89
Coste: 639528247

GENERACION: 3
Mejor Solucion:  142 46 79 50 73 66 99 6 114 138 7 34 132 133 57 48 39 102 12 98 58 32 16 118 49 60 96 108 86 21 126 38 82 131 140 65 35 71 52 68 148 116 110 125 143 122 103 61 30 112 3 0 63 145 31 93 74 97 88 17 130 141 69 128 44 81 19 85 95 104 127 26 113 40 41 147 87 20 149 76 84 100 9 51 11 109 107 4 56 33 123 80 27 77 72 124 14 23 25 28 47 134 59 37 15 117 24 55 75 144 91 101 94 5 83 120 22 1 18 64 62 54 45 106 70 115 67 137 135 43 36 78 92 13 119 42 111 29 90 53 146 136 10 139 8 2 105 121 129 89
Coste: 639528247

GENERACION: 4
Mejor Solucion:  142 46 79 50 73 66 99 6 114 138 7 34 132 133 57 48 39 102 12 98 58 32 16 118 49 60 96 108 86 21 126 38 82 131 140 65 35 71 52 68 148 116 110 125 143 122 103 61 30 112 3 0 63 145 31 93 74 97 88 17 130 141 69 128 44 81 19 85 95 104 127 26 113 40 41 147 87 20 149 76 84 100 9 51 11 109 107 4 56 33 123 80 27 77 72 124 14 23 25 28 47 134 59 37 15 117 24 55 75 144 91 101 94 5 83 120 22 1 18 64 62 54 45 106 70 115 67 137 135 43 36 78 92 13 119 42 111 29 90 53 146 136 10 139 8 2 105 121 129 89
Coste: 639528247

GENERACION: 5
Mejor Solucion:  20 149 88 13 10 4 72 8 23 68 28 146 59 144 101 22 18 102 104 51 124 32 16 118 49 60 147 44 86 21 126 38 85 131 140 65 35 71 52 25 84 116 110 125 137 132 103 61 111 30 123 75 63 76 31 93 1 97 100 17 130 36 69 39 108 81 19 107 95 12 127 26 42 62 11 120 115 91 117 77 54 83 90 70 24 55 15 94 92 40 64 9 89 139 45 145 14 112 119 135 80 27 37 0 109 129 67 143 43 122 134 106 41 33 87 142 56 47 5 3 141 78 29 53 136 2 105 121 46 79 50 73 66 99 6 114 138 7 34 113 133 57 48 98 58 74 128 82 148 96
Coste: 637149994

GENERACION: 6
Mejor Solucion:  20 149 17 102 10 4 76 8 23 6 28 78 141 37 101 22 18 13 122 51 124 60 16 5 49 47 95 70 86 21 126 38 85 131 140 40 35 121 52 25 42 116 110 125 137 132 103 61 111 11 123 104 63 72 31 93 1 97 100 88 130 36 69 39 108 81 15 107 147 12 127 26 84 62 30 74 115 91 117 77 43 83 90 80 24 55 19 94 92 65 64 9 89 135 45 145 14 112 119 139 44 27 144 0 109 129 67 133 54 75 134 106 41 33 87 142 56 32 118 3 59 146 29 53 136 50 105 71 46 79 2 73 66 99 68 114 138 7 34 113 143 57 48 98 58 120 128 82 148 96
Coste: 626674107

GENERACION: 7
Mejor Solucion:  20 149 17 102 10 4 76 8 23 6 28 78 141 37 101 22 18 13 122 51 124 60 16 5 49 47 95 70 86 21 126 38 85 131 140 40 35 121 52 25 42 116 110 125 137 132 103 61 111 11 123 104 63 72 31 93 1 97 100 88 130 36 69 39 108 81 15 107 147 12 127 26 84 62 30 74 115 91 117 77 43 83 90 80 24 55 19 94 92 65 64 9 89 135 45 145 14 112 119 139 44 27 144 0 109 129 67 133 54 75 134 106 41 33 87 142 56 32 118 3 59 146 29 53 136 50 105 71 46 79 2 73 66 99 68 114 138 7 34 113 143 57 48 98 58 120 128 82 148 96
Coste: 626674107

GENERACION: 8
Mejor Solucion:  20 149 17 102 10 4 76 8 23 6 28 78 141 37 101 22 18 13 122 51 124 60 16 5 49 47 95 70 86 21 126 38 85 131 140 40 35 121 52 25 42 116 110 125 137 132 103 61 111 11 123 104 63 72 31 93 1 97 100 88 130 36 69 39 108 81 15 107 147 12 127 26 84 62 30 74 115 91 117 77 43 83 90 80 24 55 19 94 92 65 64 9 89 135 45 145 14 112 119 139 44 27 144 0 109 129 67 133 54 75 134 106 41 33 87 142 56 32 118 3 59 146 29 53 136 50 105 71 46 79 2 73 66 99 68 114 138 7 34 113 143 57 48 98 58 120 128 82 148 96
Coste: 626674107

GENERACION: 9
Mejor Solucion:  20 149 17 102 10 4 76 8 23 6 28 78 141 37 101 22 18 13 122 51 124 60 16 5 49 47 95 70 86 21 126 38 85 131 140 40 35 121 52 25 42 116 110 125 137 132 103 61 111 11 123 104 63 72 31 93 1 97 100 88 130 36 69 39 108 81 15 107 147 12 127 26 84 62 30 74 115 91 117 77 43 83 90 80 24 55 19 94 92 65 64 9 89 135 45 145 14 112 119 139 44 27 144 0 109 129 67 133 54 75 134 106 41 33 87 142 56 32 118 3 59 146 29 53 136 50 105 71 46 79 2 73 66 99 68 114 138 7 34 113 143 57 48 98 58 120 128 82 148 96
Coste: 626674107

GENERACION: 10
Mejor Solucion:  20 149 17 102 10 4 76 8 23 6 28 78 141 37 101 22 18 13 122 51 124 60 16 5 49 47 95 70 86 21 126 38 85 131 140 40 35 121 52 25 42 116 110 125 137 132 103 61 111 11 123 104 63 72 31 93 1 97 100 88 130 36 69 39 108 81 15 107 147 12 127 26 84 62 30 74 115 91 117 77 43 83 90 80 24 55 19 94 92 65 64 9 89 135 45 145 14 112 119 139 44 27 144 0 109 129 67 133 54 75 134 106 41 33 87 142 56 32 118 3 59 146 29 53 136 50 105 71 46 79 2 73 66 99 68 114 138 7 34 113 143 57 48 98 58 120 128 82 148 96
Coste: 626674107

GENERACION: 11
Mejor Solucion:  20 149 17 102 10 4 76 8 23 6 28 78 141 37 101 22 18 13 122 51 124 60 16 5 49 47 95 70 86 21 126 38 85 131 140 40 35 121 52 25 42 116 110 125 137 132 103 61 111 11 123 104 63 72 31 93 1 97 100 88 130 36 69 39 108 81 15 107 147 12 127 26 84 62 30 74 115 91 117 77 43 83 90 80 24 55 19 94 92 65 64 9 89 135 45 145 14 112 119 139 44 27 144 0 109 129 67 133 54 75 134 106 41 33 87 142 56 32 118 3 59 146 29 53 136 50 105 71 46 79 2 73 66 99 68 114 138 7 34 113 143 57 48 98 58 120 128 82 148 96
Coste: 626674107

GENERACION: 12
Mejor Solucion:  20 149 17 102 10 4 76 8 23 6 28 78 141 37 101 22 18 13 122 51 124 60 16 5 49 47 95 70 86 21 126 38 85 131 140 40 35 121 52 25 42 116 110 125 137 132 103 61 111 11 123 104 63 72 31 93 1 97 100 88 130 36 69 39 108 81 15 107 147 12 127 26 84 62 30 74 115 91 117 77 43 83 90 80 24 55 19 94 92 65 64 9 89 135 45 145 14 112 119 139 44 27 144 0 109 129 67 133 54 75 134 106 41 33 87 142 56 32 118 3 59 146 29 53 136 50 105 71 46 79 2 73 66 99 68 114 138 7 34 113 143 57 48 98 58 120 128 82 148 96
Coste: 626674107

GENERACION: 13
Mejor Solucion:  20 149 17 102 10 4 76 8 23 6 28 78 141 37 101 22 18 13 122 51 124 60 16 5 49 47 95 70 86 21 126 38 85 131 140 40 35 121 52 25 42 116 110 125 137 132 103 61 111 11 123 104 63 72 31 93 1 97 100 88 130 36 69 39 108 81 15 107 147 12 127 26 84 62 30 74 115 91 117 77 43 83 90 80 24 55 19 94 92 65 64 9 89 135 45 145 14 112 119 139 44 27 144 0 109 129 67 133 54 75 134 106 41 33 87 142 56 32 118 3 59 146 29 53 136 50 105 71 46 79 2 73 66 99 68 114 138 7 34 113 143 57 48 98 58 120 128 82 148 96
Coste: 626674107

GENERACION: 14
Mejor Solucion:  20 149 17 102 10 4 76 8 23 6 28 78 141 37 101 22 18 13 122 51 124 60 16 5 49 47 95 70 86 21 126 38 85 131 140 40 35 121 52 25 42 116 110 125 137 132 103 61 111 11 123 104 63 72 31 93 1 97 100 88 130 36 69 39 108 81 15 107 147 12 127 26 84 62 30 74 115 91 117 77 43 83 90 80 24 55 19 94 92 65 64 9 89 135 45 145 14 112 119 139 44 27 144 0 109 129 67 133 54 75 134 106 41 33 87 142 56 32 118 3 59 146 29 53 136 50 105 71 46 79 2 73 66 99 68 114 138 7 34 113 143 57 48 98 58 120 128 82 148 96
Coste: 626674107

GENERACION: 15
Mejor Solucion:  20 149 17 102 10 4 76 8 23 6 28 78 141 37 101 22 18 13 122 51 124 60 16 5 49 47 95 70 86 21 126 38 85 131 140 40 35 121 52 25 42 116 110 125 137 132 103 61 111 11 123 104 63 72 31 93 1 97 100 88 130 36 69 39 108 81 15 107 147 12 127 26 84 62 30 74 115 91 117 77 43 83 90 80 24 55 19 94 92 65 64 9 89 135 45 145 14 112 119 139 44 27 144 0 109 129 67 133 54 75 134 106 41 33 87 142 56 32 118 3 59 146 29 53 136 50 105 71 46 79 2 73 66 99 68 114 138 7 34 113 143 57 48 98 58 120 128 82 148 96
Coste: 626674107

GENERACION: 16
Mejor Solucion:  20 149 17 102 10 4 76 8 23 6 28 78 141 37 101 22 18 13 122 51 124 60 16 5 49 47 95 70 86 21 126 38 85 131 140 40 35 121 52 25 42 116 110 125 137 132 103 61 111 11 123 104 63 72 31 93 1 97 100 88 130 36 69 39 108 81 15 107 147 12 127 26 84 62 30 74 115 91 117 77 43 83 90 80 24 55 19 94 92 65 64 9 89 135 45 145 14 112 119 139 44 27 144 0 109 129 67 133 54 75 134 106 41 33 87 142 56 32 118 3 59 146 29 53 136 50 105 71 46 79 2 73 66 99 68 114 138 7 34 113 143 57 48 98 58 120 128 82 148 96
Coste: 626674107

GENERACION: 17
Mejor Solucion:  20 149 17 102 10 4 76 8 23 6 28 78 141 37 101 22 18 13 122 51 124 60 16 5 49 47 95 70 86 21 126 38 85 131 140 40 35 121 52 25 42 116 110 125 137 132 103 61 111 11 123 104 63 72 31 93 1 97 100 88 130 36 69 39 108 81 15 107 147 12 127 26 84 62 30 74 115 91 117 77 43 83 90 80 24 55 19 94 92 65 64 9 89 135 45 145 14 112 119 139 44 27 144 0 109 129 67 133 54 75 134 106 41 33 87 142 56 32 118 3 59 146 29 53 136 50 105 71 46 79 2 73 66 99 68 114 138 7 34 113 143 57 48 98 58 120 128 82 148 96
Coste: 626674107

GENERACION: 18
Mejor Solucion:  20 149 17 102 10 4 76 8 23 6 28 78 141 37 101 22 18 13 122 51 124 60 16 5 49 47 95 70 86 21 126 38 85 131 140 40 35 121 52 25 42 116 110 125 137 132 103 61 111 11 123 104 63 72 31 93 1 97 100 88 130 36 69 39 108 81 15 107 147 12 127 26 84 62 30 74 115 91 117 77 43 83 90 80 24 55 19 94 92 65 64 9 89 135 45 145 14 112 119 139 44 27 144 0 109 129 67 133 54 75 134 106 41 33 87 142 56 32 118 3 59 146 29 53 136 50 105 71 46 79 2 73 66 99 68 114 138 7 34 113 143 57 48 98 58 120 128 82 148 96
Coste: 626674107

GENERACION: 19
Mejor Solucion:  20 149 17 102 10 4 76 8 23 6 28 78 141 37 101 22 18 13 122 51 124 60 16 5 49 47 95 70 86 21 126 38 85 131 140 40 35 121 52 25 42 116 110 125 137 132 103 61 111 11 123 104 63 72 31 93 1 97 100 88 130 36 69 39 108 81 15 107 147 12 127 26 84 62 30 74 115 91 117 77 43 83 90 80 24 55 19 94 92 65 64 9 89 135 45 145 14 112 119 139 44 27 144 0 109 129 67 133 54 75 134 106 41 33 87 142 56 32 118 3 59 146 29 53 136 50 105 71 46 79 2 73 66 99 68 114 138 7 34 113 143 57 48 98 58 120 128 82 148 96
Coste: 626674107

GENERACION: 20
Mejor Solucion:  20 149 17 102 10 4 76 8 23 6 28 78 141 37 101 22 18 13 122 51 124 60 16 5 49 47 95 70 86 21 126 38 85 131 140 40 35 121 52 25 42 116 110 125 137 132 103 61 111 11 123 104 63 72 31 93 1 97 100 88 130 36 69 39 108 81 15 107 147 12 127 26 84 62 30 74 115 91 117 77 43 83 90 80 24 55 19 94 92 65 64 9 89 135 45 145 14 112 119 139 44 27 144 0 109 129 67 133 54 75 134 106 41 33 87 142 56 32 118 3 59 146 29 53 136 50 105 71 46 79 2 73 66 99 68 114 138 7 34 113 143 57 48 98 58 120 128 82 148 96
Coste: 626674107

GENERACION: 21
Mejor Solucion:  20 149 17 102 10 4 76 8 23 6 28 78 141 37 101 22 18 13 122 51 124 60 16 5 49 47 95 70 86 21 126 38 85 131 140 40 35 121 52 25 42 116 110 125 137 132 103 61 111 11 123 104 63 72 31 93 1 97 100 88 130 36 69 39 108 81 15 107 147 12 127 26 84 62 30 74 115 91 117 77 43 83 90 80 24 55 19 94 92 65 64 9 89 135 45 145 14 112 119 139 44 27 144 0 109 129 67 133 54 75 134 106 41 33 87 142 56 32 118 3 59 146 29 53 136 50 105 71 46 79 2 73 66 99 68 114 138 7 34 113 143 57 48 98 58 120 128 82 148 96
Coste: 626674107

GENERACION: 22
Mejor Solucion:  20 149 17 102 10 4 76 8 23 6 28 78 141 37 101 22 18 13 122 51 124 60 16 5 49 47 95 70 86 21 126 38 85 131 140 40 35 121 52 25 42 116 110 125 137 132 103 61 111 11 123 104 63 72 31 93 1 97 100 88 130 36 69 39 108 81 15 107 147 12 127 26 84 62 30 74 115 91 117 77 43 83 90 80 24 55 19 94 92 65 64 9 89 135 45 145 14 112 119 139 44 27 144 0 109 129 67 133 54 75 134 106 41 33 87 142 56 32 118 3 59 146 29 53 136 50 105 71 46 79 2 73 66 99 68 114 138 7 34 113 143 57 48 98 58 120 128 82 148 96
Coste: 626674107

GENERACION: 23
Mejor Solucion:  20 149 17 102 10 4 76 8 23 6 28 78 141 37 101 22 18 13 122 51 124 60 16 5 49 47 95 70 86 21 126 38 85 131 140 40 35 121 52 25 42 116 110 125 137 132 103 61 111 11 123 104 63 72 31 93 1 97 100 88 130 36 69 39 108 81 15 107 147 12 127 26 84 62 30 74 115 91 117 77 43 83 90 80 24 55 19 94 92 65 64 9 89 135 45 145 14 112 119 139 44 27 144 0 109 129 67 133 54 75 134 106 41 33 87 142 56 32 118 3 59 146 29 53 136 50 105 71 46 79 2 73 66 99 68 114 138 7 34 113 143 57 48 98 58 120 128 82 148 96
Coste: 626674107

GENERACION: 24
Mejor Solucion:  20 149 17 102 10 4 76 8 23 6 28 78 141 37 101 22 18 13 122 51 124 60 16 5 49 47 95 70 86 21 126 38 85 131 140 40 35 121 52 25 42 116 110 125 137 132 103 61 111 11 123 104 63 72 31 93 1 97 100 88 130 36 69 39 108 81 15 107 147 12 127 26 84 62 30 74 115 91 117 77 43 83 90 80 24 55 19 94 92 65 64 9 89 135 45 145 14 112 119 139 44 27 144 0 109 129 67 133 54 75 134 106 41 33 87 142 56 32 118 3 59 146 29 53 136 50 105 71 46 79 2 73 66 99 68 114 138 7 34 113 143 57 48 98 58 120 128 82 148 96
Coste: 626674107

GENERACION: 25
Mejor Solucion:  20 149 17 102 10 4 76 8 23 6 28 78 141 37 101 22 18 13 122 51 124 60 16 5 49 47 95 70 86 21 126 38 85 131 140 40 35 121 52 25 42 116 110 125 137 132 103 61 111 11 123 104 63 72 31 93 1 97 100 88 130 36 69 39 108 81 15 107 147 12 127 26 84 62 30 74 115 91 117 77 43 83 90 80 24 55 19 94 92 65 64 9 89 135 45 145 14 112 119 139 44 27 144 0 109 129 67 133 54 75 134 106 41 33 87 142 56 32 118 3 59 146 29 53 136 50 105 71 46 79 2 73 66 99 68 114 138 7 34 113 143 57 48 98 58 120 128 82 148 96
Coste: 626674107

GENERACION: 26
Mejor Solucion:  20 149 17 102 10 4 76 8 23 6 28 78 141 37 101 22 18 13 122 51 124 60 16 5 49 47 95 70 86 21 126 38 85 131 140 40 35 121 52 25 42 116 110 125 137 132 103 61 111 11 123 104 63 72 31 93 1 97 100 88 130 36 69 39 108 81 15 107 147 12 127 26 84 62 30 74 115 91 117 77 43 83 90 80 24 55 19 94 92 65 64 9 89 135 45 145 14 112 119 139 44 27 144 0 109 129 67 133 54 75 134 106 41 33 87 142 56 32 118 3 59 146 29 53 136 50 105 71 46 79 2 73 66 99 68 114 138 7 34 113 143 57 48 98 58 120 128 82 148 96
Coste: 626674107

GENERACION: 27
Mejor Solucion:  20 149 17 102 10 4 76 8 23 6 28 78 141 37 101 22 18 13 122 51 124 60 16 5 49 47 95 70 86 21 126 38 85 131 140 40 35 121 52 25 42 116 110 125 137 132 103 61 111 11 123 104 63 72 31 93 1 97 100 88 130 36 69 39 108 81 15 107 147 12 127 26 84 62 30 74 115 91 117 77 43 83 90 80 24 55 19 94 92 65 64 9 89 135 45 145 14 112 119 139 44 27 144 0 109 129 67 133 54 75 134 106 41 33 87 142 56 32 118 3 59 146 29 53 136 50 105 71 46 79 2 73 66 99 68 114 138 7 34 113 143 57 48 98 58 120 128 82 148 96
Coste: 626674107

GENERACION: 28
Mejor Solucion:  20 149 17 102 10 4 76 8 23 6 28 78 141 37 101 22 18 13 122 51 124 60 16 5 49 47 95 70 86 21 126 38 85 131 140 40 35 121 52 25 42 116 110 125 137 132 103 61 111 11 123 104 63 72 31 93 1 97 100 88 130 36 69 39 108 81 15 107 147 12 127 26 84 62 30 74 115 91 117 77 43 83 90 80 24 55 19 94 92 65 64 9 89 135 45 145 14 112 119 139 44 27 144 0 109 129 67 133 54 75 134 106 41 33 87 142 56 32 118 3 59 146 29 53 136 50 105 71 46 79 2 73 66 99 68 114 138 7 34 113 143 57 48 98 58 120 128 82 148 96
Coste: 626674107

GENERACION: 29
Mejor Solucion:  20 149 17 102 10 4 76 8 23 6 28 78 141 37 101 22 18 13 122 51 124 60 16 5 49 47 95 70 86 21 126 38 85 131 140 40 35 121 52 25 42 116 110 125 137 132 103 61 111 11 123 104 63 72 31 93 1 97 100 88 130 36 69 39 108 81 15 107 147 12 127 26 84 62 30 74 115 91 117 77 43 83 90 80 24 55 19 94 92 65 64 9 89 135 45 145 14 112 119 139 44 27 144 0 109 129 67 133 54 75 134 106 41 33 87 142 56 32 118 3 59 146 29 53 136 50 105 71 46 79 2 73 66 99 68 114 138 7 34 113 143 57 48 98 58 120 128 82 148 96
Coste: 626674107

GENERACION: 30
Mejor Solucion:  20 149 17 102 10 4 76 8 23 6 28 78 141 37 101 22 18 13 122 51 124 60 16 5 49 47 95 70 86 21 126 38 85 131 140 40 35 121 52 25 42 116 110 125 137 132 103 61 111 11 123 104 63 72 31 93 1 97 100 88 130 36 69 39 108 81 15 107 147 12 127 26 84 62 30 74 115 91 117 77 43 83 90 80 24 55 19 94 92 65 64 9 89 135 45 145 14 112 119 139 44 27 144 0 109 129 67 133 54 75 134 106 41 33 87 142 56 32 118 3 59 146 29 53 136 50 105 71 46 79 2 73 66 99 68 114 138 7 34 113 143 57 48 98 58 120 128 82 148 96
Coste: 626674107

GENERACION: 31
Mejor Solucion:  20 149 17 102 10 4 76 8 23 6 28 78 141 37 101 22 18 13 122 51 124 60 16 5 49 47 95 70 86 21 126 38 85 131 140 40 35 121 52 25 42 116 110 125 137 132 103 61 111 11 123 104 63 72 31 93 1 97 100 88 130 36 69 39 108 81 15 107 147 12 127 26 84 62 30 74 115 91 117 77 43 83 90 80 24 55 19 94 92 65 64 9 89 135 45 145 14 112 119 139 44 27 144 0 109 129 67 133 54 75 134 106 41 33 87 142 56 32 118 3 59 146 29 53 136 50 105 71 46 79 2 73 66 99 68 114 138 7 34 113 143 57 48 98 58 120 128 82 148 96
Coste: 626674107

GENERACION: 32
Mejor Solucion:  20 149 17 102 10 4 76 8 23 6 28 78 141 37 101 22 18 13 122 51 124 60 16 5 49 47 95 70 86 21 126 38 85 131 140 40 35 121 52 25 42 116 110 125 137 132 103 61 111 11 123 104 63 72 31 93 1 97 100 88 130 36 69 39 108 81 15 107 147 12 127 26 84 62 30 74 115 91 117 77 43 83 90 80 24 55 19 94 92 65 64 9 89 135 45 145 14 112 119 139 44 27 144 0 109 129 67 133 54 75 134 106 41 33 87 142 56 32 118 3 59 146 29 53 136 50 105 71 46 79 2 73 66 99 68 114 138 7 34 113 143 57 48 98 58 120 128 82 148 96
Coste: 626674107

GENERACION: 33
Mejor Solucion:  20 149 17 102 10 4 76 8 23 6 28 78 141 37 101 22 18 13 122 51 124 60 16 5 49 47 95 70 86 21 126 38 85 131 140 40 35 121 52 25 42 116 110 125 137 132 103 61 111 11 123 104 63 72 31 93 1 97 100 88 130 36 69 39 108 81 15 107 147 12 127 26 84 62 30 74 115 91 117 77 43 83 90 80 24 55 19 94 92 65 64 9 89 135 45 145 14 112 119 139 44 27 144 0 109 129 67 133 54 75 134 106 41 33 87 142 56 32 118 3 59 146 29 53 136 50 105 71 46 79 2 73 66 99 68 114 138 7 34 113 143 57 48 98 58 120 128 82 148 96
Coste: 626674107

GENERACION: 34
Mejor Solucion:  20 149 17 102 10 4 76 8 23 6 28 78 141 37 101 22 18 13 122 51 124 60 16 5 49 47 95 70 86 21 126 38 85 131 140 40 35 121 52 25 42 116 110 125 137 132 103 61 111 11 123 104 63 72 31 93 1 97 100 88 130 36 69 39 108 81 15 107 147 12 127 26 84 62 30 74 115 91 117 77 43 83 90 80 24 55 19 94 92 65 64 9 89 135 45 145 14 112 119 139 44 27 144 0 109 129 67 133 54 75 134 106 41 33 87 142 56 32 118 3 59 146 29 53 136 50 105 71 46 79 2 73 66 99 68 114 138 7 34 113 143 57 48 98 58 120 128 82 148 96
Coste: 626674107

GENERACION: 35
Mejor Solucion:  20 149 17 102 10 4 76 8 23 6 28 78 141 37 101 22 18 13 122 51 124 60 16 5 49 47 95 70 86 21 126 38 85 131 140 40 35 121 52 25 42 116 110 125 137 132 103 61 111 11 123 104 63 72 31 93 1 97 100 88 130 36 69 39 108 81 15 107 147 12 127 26 84 62 30 74 115 91 117 77 43 83 90 80 24 55 19 94 92 65 64 9 89 135 45 145 14 112 119 139 44 27 144 0 109 129 67 133 54 75 134 106 41 33 87 142 56 32 118 3 59 146 29 53 136 50 105 71 46 79 2 73 66 99 68 114 138 7 34 113 143 57 48 98 58 120 128 82 148 96
Coste: 626674107

GENERACION: 36
Mejor Solucion:  20 149 17 102 10 4 76 8 23 6 28 78 141 37 101 22 18 13 122 51 124 60 16 5 49 47 95 70 86 21 126 38 85 131 140 40 35 121 52 25 42 116 110 125 137 132 103 61 111 11 123 104 63 72 31 93 1 97 100 88 130 36 69 39 108 81 15 107 147 12 127 26 84 62 30 74 115 91 117 77 43 83 90 80 24 55 19 94 92 65 64 9 89 135 45 145 14 112 119 139 44 27 144 0 109 129 67 133 54 75 134 106 41 33 87 142 56 32 118 3 59 146 29 53 136 50 105 71 46 79 2 73 66 99 68 114 138 7 34 113 143 57 48 98 58 120 128 82 148 96
Coste: 626674107

GENERACION: 37
Mejor Solucion:  20 149 17 102 10 4 76 8 23 6 28 78 141 37 101 22 18 13 122 51 124 60 16 5 49 47 95 70 86 21 126 38 85 131 140 40 35 121 52 25 42 116 110 125 137 132 103 61 111 11 123 104 63 72 31 93 1 97 100 88 130 36 69 39 108 81 15 107 147 12 127 26 84 62 30 74 115 91 117 77 43 83 90 80 24 55 19 94 92 65 64 9 89 135 45 145 14 112 119 139 44 27 144 0 109 129 67 133 54 75 134 106 41 33 87 142 56 32 118 3 59 146 29 53 136 50 105 71 46 79 2 73 66 99 68 114 138 7 34 113 143 57 48 98 58 120 128 82 148 96
Coste: 626674107

GENERACION: 38
Mejor Solucion:  20 149 17 102 10 4 76 8 23 6 28 78 141 37 101 22 18 13 122 51 124 60 16 5 49 47 95 70 86 21 126 38 85 131 140 40 35 121 52 25 42 116 110 125 137 132 103 61 111 11 123 104 63 72 31 93 1 97 100 88 130 36 69 39 108 81 15 107 147 12 127 26 84 62 30 74 115 91 117 77 43 83 90 80 24 55 19 94 92 65 64 9 89 135 45 145 14 112 119 139 44 27 144 0 109 129 67 133 54 75 134 106 41 33 87 142 56 32 118 3 59 146 29 53 136 50 105 71 46 79 2 73 66 99 68 114 138 7 34 113 143 57 48 98 58 120 128 82 148 96
Coste: 626674107

GENERACION: 39
Mejor Solucion:  20 149 17 102 10 4 76 8 23 6 28 78 141 37 101 22 18 13 122 51 124 60 16 5 49 47 95 70 86 21 126 38 85 131 140 40 35 121 52 25 42 116 110 125 137 132 103 61 111 11 123 104 63 72 31 93 1 97 100 88 130 36 69 39 108 81 15 107 147 12 127 26 84 62 30 74 115 91 117 77 43 83 90 80 24 55 19 94 92 65 64 9 89 135 45 145 14 112 119 139 44 27 144 0 109 129 67 133 54 75 134 106 41 33 87 142 56 32 118 3 59 146 29 53 136 50 105 71 46 79 2 73 66 99 68 114 138 7 34 113 143 57 48 98 58 120 128 82 148 96
Coste: 626674107

GENERACION: 40
Mejor Solucion:  20 149 17 102 10 4 76 8 23 6 28 78 141 37 101 22 18 13 122 51 124 60 16 5 49 47 95 70 86 21 126 38 85 131 140 40 35 121 52 25 42 116 110 125 137 132 103 61 111 11 123 104 63 72 31 93 1 97 100 88 130 36 69 39 108 81 15 107 147 12 127 26 84 62 30 74 115 91 117 77 43 83 90 80 24 55 19 94 92 65 64 9 89 135 45 145 14 112 119 139 44 27 144 0 109 129 67 133 54 75 134 106 41 33 87 142 56 32 118 3 59 146 29 53 136 50 105 71 46 79 2 73 66 99 68 114 138 7 34 113 143 57 48 98 58 120 128 82 148 96
Coste: 626674107

GENERACION: 41
Mejor Solucion:  20 149 17 102 10 4 76 8 23 6 28 78 141 37 101 22 18 13 122 51 124 60 16 5 49 47 95 70 86 21 126 38 85 131 140 40 35 121 52 25 42 116 110 125 137 132 103 61 111 11 123 104 63 72 31 93 1 97 100 88 130 36 69 39 108 81 15 107 147 12 127 26 84 62 30 74 115 91 117 77 43 83 90 80 24 55 19 94 92 65 64 9 89 135 45 145 14 112 119 139 44 27 144 0 109 129 67 133 54 75 134 106 41 33 87 142 56 32 118 3 59 146 29 53 136 50 105 71 46 79 2 73 66 99 68 114 138 7 34 113 143 57 48 98 58 120 128 82 148 96
Coste: 626674107

GENERACION: 42
Mejor Solucion:  20 149 17 102 10 4 76 8 23 6 28 78 141 37 101 22 18 13 122 51 124 60 16 5 49 47 95 70 86 21 126 38 85 131 140 40 35 121 52 25 42 116 110 125 137 132 103 61 111 11 123 104 63 72 31 93 1 97 100 88 130 36 69 39 108 81 15 107 147 12 127 26 84 62 30 74 115 91 117 77 43 83 90 80 24 55 19 94 92 65 64 9 89 135 45 145 14 112 119 139 44 27 144 0 109 129 67 133 54 75 134 106 41 33 87 142 56 32 118 3 59 146 29 53 136 50 105 71 46 79 2 73 66 99 68 114 138 7 34 113 143 57 48 98 58 120 128 82 148 96
Coste: 626674107

GENERACION: 43
Mejor Solucion:  20 149 17 102 10 4 76 8 23 6 28 78 141 37 101 22 18 13 122 51 124 60 16 5 49 47 95 70 86 21 126 38 85 131 140 40 35 121 52 25 42 116 110 125 137 132 103 61 111 11 123 104 63 72 31 93 1 97 100 88 130 36 69 39 108 81 15 107 147 12 127 26 84 62 30 74 115 91 117 77 43 83 90 80 24 55 19 94 92 65 64 9 89 135 45 145 14 112 119 139 44 27 144 0 109 129 67 133 54 75 134 106 41 33 87 142 56 32 118 3 59 146 29 53 136 50 105 71 46 79 2 73 66 99 68 114 138 7 34 113 143 57 48 98 58 120 128 82 148 96
Coste: 626674107

GENERACION: 44
Mejor Solucion:  20 149 17 102 10 4 76 8 23 6 28 78 141 37 101 22 18 13 122 51 124 60 16 5 49 47 95 70 86 21 126 38 85 131 140 40 35 121 52 25 42 116 110 125 137 132 103 61 111 11 123 104 63 72 31 93 1 97 100 88 130 36 69 39 108 81 15 107 147 12 127 26 84 62 30 74 115 91 117 77 43 83 90 80 24 55 19 94 92 65 64 9 89 135 45 145 14 112 119 139 44 27 144 0 109 129 67 133 54 75 134 106 41 33 87 142 56 32 118 3 59 146 29 53 136 50 105 71 46 79 2 73 66 99 68 114 138 7 34 113 143 57 48 98 58 120 128 82 148 96
Coste: 626674107

GENERACION: 45
Mejor Solucion:  20 149 17 102 10 4 76 8 23 6 28 78 141 37 101 22 18 13 122 51 124 60 16 5 49 47 95 70 86 21 126 38 85 131 140 40 35 121 52 25 42 116 110 125 137 132 103 61 111 11 123 104 63 72 31 93 1 97 100 88 130 36 69 39 108 81 15 107 147 12 127 26 84 62 30 74 115 91 117 77 43 83 90 80 24 55 19 94 92 65 64 9 89 135 45 145 14 112 119 139 44 27 144 0 109 129 67 133 54 75 134 106 41 33 87 142 56 32 118 3 59 146 29 53 136 50 105 71 46 79 2 73 66 99 68 114 138 7 34 113 143 57 48 98 58 120 128 82 148 96
Coste: 626674107

GENERACION: 46
Mejor Solucion:  20 149 17 102 10 4 76 8 23 6 28 78 141 37 101 22 18 13 122 51 124 60 16 5 49 47 95 70 86 21 126 38 85 131 140 40 35 121 52 25 42 116 110 125 137 132 103 61 111 11 123 104 63 72 31 93 1 97 100 88 130 36 69 39 108 81 15 107 147 12 127 26 84 62 30 74 115 91 117 77 43 83 90 80 24 55 19 94 92 65 64 9 89 135 45 145 14 112 119 139 44 27 144 0 109 129 67 133 54 75 134 106 41 33 87 142 56 32 118 3 59 146 29 53 136 50 105 71 46 79 2 73 66 99 68 114 138 7 34 113 143 57 48 98 58 120 128 82 148 96
Coste: 626674107

GENERACION: 47
Mejor Solucion:  20 149 17 102 10 4 76 8 23 6 28 78 141 37 101 22 18 13 122 51 124 60 16 5 49 47 95 70 86 21 126 38 85 131 140 40 35 121 52 25 42 116 110 125 137 132 103 61 111 11 123 104 63 72 31 93 1 97 100 88 130 36 69 39 108 81 15 107 147 12 127 26 84 62 30 74 115 91 117 77 43 83 90 80 24 55 19 94 92 65 64 9 89 135 45 145 14 112 119 139 44 27 144 0 109 129 67 133 54 75 134 106 41 33 87 142 56 32 118 3 59 146 29 53 136 50 105 71 46 79 2 73 66 99 68 114 138 7 34 113 143 57 48 98 58 120 128 82 148 96
Coste: 626674107

GENERACION: 48
Mejor Solucion:  20 149 17 102 10 4 76 8 23 6 28 78 141 37 101 22 18 13 122 51 124 60 16 5 49 47 95 70 86 21 126 38 85 131 140 40 35 121 52 25 42 116 110 125 137 132 103 61 111 11 123 104 63 72 31 93 1 97 100 88 130 36 69 39 108 81 15 107 147 12 127 26 84 62 30 74 115 91 117 77 43 83 90 80 24 55 19 94 92 65 64 9 89 135 45 145 14 112 119 139 44 27 144 0 109 129 67 133 54 75 134 106 41 33 87 142 56 32 118 3 59 146 29 53 136 50 105 71 46 79 2 73 66 99 68 114 138 7 34 113 143 57 48 98 58 120 128 82 148 96
Coste: 626674107

GENERACION: 49
Mejor Solucion:  20 149 17 102 10 4 76 8 23 6 28 78 141 37 101 22 18 13 122 51 124 60 16 5 49 47 95 70 86 21 126 38 85 131 140 40 35 121 52 25 42 116 110 125 137 132 103 61 111 11 123 104 63 72 31 93 1 97 100 88 130 36 69 39 108 81 15 107 147 12 127 26 84 62 30 74 115 91 117 77 43 83 90 80 24 55 19 94 92 65 64 9 89 135 45 145 14 112 119 139 44 27 144 0 109 129 67 133 54 75 134 106 41 33 87 142 56 32 118 3 59 146 29 53 136 50 105 71 46 79 2 73 66 99 68 114 138 7 34 113 143 57 48 98 58 120 128 82 148 96
Coste: 626674107

GENERACION: 50
Mejor Solucion:  20 149 17 102 10 4 76 8 23 6 28 78 141 37 101 22 18 13 122 51 124 60 16 5 49 47 95 70 86 21 126 38 85 131 140 40 35 121 52 25 42 116 110 125 137 132 103 61 111 11 123 104 63 72 31 93 1 97 100 88 130 36 69 39 108 81 15 107 147 12 127 26 84 62 30 74 115 91 117 77 43 83 90 80 24 55 19 94 92 65 64 9 89 135 45 145 14 112 119 139 44 27 144 0 109 129 67 133 54 75 134 106 41 33 87 142 56 32 118 3 59 146 29 53 136 50 105 71 46 79 2 73 66 99 68 114 138 7 34 113 143 57 48 98 58 120 128 82 148 96
Coste: 626674107

GENERACION: 51
Mejor Solucion:  20 149 17 102 10 4 76 8 23 6 28 78 141 37 101 22 18 13 122 51 124 60 16 5 49 47 95 70 86 21 126 38 85 131 140 40 35 121 52 25 42 116 110 125 137 132 103 61 111 11 123 104 63 72 31 93 1 97 100 88 130 36 69 39 108 81 15 107 147 12 127 26 84 62 30 74 115 91 117 77 43 83 90 80 24 55 19 94 92 65 64 9 89 135 45 145 14 112 119 139 44 27 144 0 109 129 67 133 54 75 134 106 41 33 87 142 56 32 118 3 59 146 29 53 136 50 105 71 46 79 2 73 66 99 68 114 138 7 34 113 143 57 48 98 58 120 128 82 148 96
Coste: 626674107

GENERACION: 52
Mejor Solucion:  20 149 17 102 10 4 76 8 23 6 28 78 141 37 101 22 18 13 122 51 124 60 16 5 49 47 95 70 86 21 126 38 85 131 140 40 35 121 52 25 42 116 110 125 137 132 103 61 111 11 123 104 63 72 31 93 1 97 100 88 130 36 69 39 108 81 15 107 147 12 127 26 84 62 30 74 115 91 117 77 43 83 90 80 24 55 19 94 92 65 64 9 89 135 45 145 14 112 119 139 44 27 144 0 109 129 67 133 54 75 134 106 41 33 87 142 56 32 118 3 59 146 29 53 136 50 105 71 46 79 2 73 66 99 68 114 138 7 34 113 143 57 48 98 58 120 128 82 148 96
Coste: 626674107

GENERACION: 53
Mejor Solucion:  20 149 17 102 10 4 76 8 23 6 28 78 141 37 101 22 18 13 122 51 124 60 16 5 49 47 95 70 86 21 126 38 85 131 140 40 35 121 52 25 42 116 110 125 137 132 103 61 111 11 123 104 63 72 31 93 1 97 100 88 130 36 69 39 108 81 15 107 147 12 127 26 84 62 30 74 115 91 117 77 43 83 90 80 24 55 19 94 92 65 64 9 89 135 45 145 14 112 119 139 44 27 144 0 109 129 67 133 54 75 134 106 41 33 87 142 56 32 118 3 59 146 29 53 136 50 105 71 46 79 2 73 66 99 68 114 138 7 34 113 143 57 48 98 58 120 128 82 148 96
Coste: 626674107

GENERACION: 54
Mejor Solucion:  20 149 17 102 10 4 76 8 23 6 28 78 141 37 101 22 18 13 122 51 124 60 16 5 49 47 95 70 86 21 126 38 85 131 140 40 35 121 52 25 42 116 110 125 137 132 103 61 111 11 123 104 63 72 31 93 1 97 100 88 130 36 69 39 108 81 15 107 147 12 127 26 84 62 30 74 115 91 117 77 43 83 90 80 24 55 19 94 92 65 64 9 89 135 45 145 14 112 119 139 44 27 144 0 109 129 67 133 54 75 134 106 41 33 87 142 56 32 118 3 59 146 29 53 136 50 105 71 46 79 2 73 66 99 68 114 138 7 34 113 143 57 48 98 58 120 128 82 148 96
Coste: 626674107

GENERACION: 55
Mejor Solucion:  20 149 17 102 10 4 76 8 23 6 28 78 141 37 101 22 18 13 122 51 124 60 16 5 49 47 95 70 86 21 126 38 85 131 140 40 35 121 52 25 42 116 110 125 137 132 103 61 111 11 123 104 63 72 31 93 1 97 100 88 130 36 69 39 108 81 15 107 147 12 127 26 84 62 30 74 115 91 117 77 43 83 90 80 24 55 19 94 92 65 64 9 89 135 45 145 14 112 119 139 44 27 144 0 109 129 67 133 54 75 134 106 41 33 87 142 56 32 118 3 59 146 29 53 136 50 105 71 46 79 2 73 66 99 68 114 138 7 34 113 143 57 48 98 58 120 128 82 148 96
Coste: 626674107

GENERACION: 56
Mejor Solucion:  20 149 17 102 10 4 76 8 23 6 28 78 141 37 101 22 18 13 122 51 124 60 16 5 49 47 95 70 86 21 126 38 85 131 140 40 35 121 52 25 42 116 110 125 137 132 103 61 111 11 123 104 63 72 31 93 1 97 100 88 130 36 69 39 108 81 15 107 147 12 127 26 84 62 30 74 115 91 117 77 43 83 90 80 24 55 19 94 92 65 64 9 89 135 45 145 14 112 119 139 44 27 144 0 109 129 67 133 54 75 134 106 41 33 87 142 56 32 118 3 59 146 29 53 136 50 105 71 46 79 2 73 66 99 68 114 138 7 34 113 143 57 48 98 58 120 128 82 148 96
Coste: 626674107

GENERACION: 57
Mejor Solucion:  20 149 17 102 10 4 76 8 23 6 28 78 141 37 101 22 18 13 122 51 124 60 16 5 49 47 95 70 86 21 126 38 85 131 140 40 35 121 52 25 42 116 110 125 137 132 103 61 111 11 123 104 63 72 31 93 1 97 100 88 130 36 69 39 108 81 15 107 147 12 127 26 84 62 30 74 115 91 117 77 43 83 90 80 24 55 19 94 92 65 64 9 89 135 45 145 14 112 119 139 44 27 144 0 109 129 67 133 54 75 134 106 41 33 87 142 56 32 118 3 59 146 29 53 136 50 105 71 46 79 2 73 66 99 68 114 138 7 34 113 143 57 48 98 58 120 128 82 148 96
Coste: 626674107

GENERACION: 58
Mejor Solucion:  20 149 17 102 10 4 76 8 23 6 28 78 141 37 101 22 18 13 122 51 124 60 16 5 49 47 95 70 86 21 126 38 85 131 140 40 35 121 52 25 42 116 110 125 137 132 103 61 111 11 123 104 63 72 31 93 1 97 100 88 130 36 69 39 108 81 15 107 147 12 127 26 84 62 30 74 115 91 117 77 43 83 90 80 24 55 19 94 92 65 64 9 89 135 45 145 14 112 119 139 44 27 144 0 109 129 67 133 54 75 134 106 41 33 87 142 56 32 118 3 59 146 29 53 136 50 105 71 46 79 2 73 66 99 68 114 138 7 34 113 143 57 48 98 58 120 128 82 148 96
Coste: 626674107

GENERACION: 59
Mejor Solucion:  20 149 17 102 10 4 76 8 23 6 28 78 141 37 101 22 18 13 122 51 124 60 16 5 49 47 95 70 86 21 126 38 85 131 140 40 35 121 52 25 42 116 110 125 137 132 103 61 111 11 123 104 63 72 31 93 1 97 100 88 130 36 69 39 108 81 15 107 147 12 127 26 84 62 30 74 115 91 117 77 43 83 90 80 24 55 19 94 92 65 64 9 89 135 45 145 14 112 119 139 44 27 144 0 109 129 67 133 54 75 134 106 41 33 87 142 56 32 118 3 59 146 29 53 136 50 105 71 46 79 2 73 66 99 68 114 138 7 34 113 143 57 48 98 58 120 128 82 148 96
Coste: 626674107

GENERACION: 60
Mejor Solucion:  20 149 17 102 10 4 76 8 23 6 28 78 141 37 101 22 18 13 122 51 124 60 16 5 49 47 95 70 86 21 126 38 85 131 140 40 35 121 52 25 42 116 110 125 137 132 103 61 111 11 123 104 63 72 31 93 1 97 100 88 130 36 69 39 108 81 15 107 147 12 127 26 84 62 30 74 115 91 117 77 43 83 90 80 24 55 19 94 92 65 64 9 89 135 45 145 14 112 119 139 44 27 144 0 109 129 67 133 54 75 134 106 41 33 87 142 56 32 118 3 59 146 29 53 136 50 105 71 46 79 2 73 66 99 68 114 138 7 34 113 143 57 48 98 58 120 128 82 148 96
Coste: 626674107

GENERACION: 61
Mejor Solucion:  20 149 17 102 10 4 76 8 23 6 28 78 141 37 101 22 18 13 122 51 124 60 16 5 49 47 95 70 86 21 126 38 85 131 140 40 35 121 52 25 42 116 110 125 137 132 103 61 111 11 123 104 63 72 31 93 1 97 100 88 130 36 69 39 108 81 15 107 147 12 127 26 84 62 30 74 115 91 117 77 43 83 90 80 24 55 19 94 92 65 64 9 89 135 45 145 14 112 119 139 44 27 144 0 109 129 67 133 54 75 134 106 41 33 87 142 56 32 118 3 59 146 29 53 136 50 105 71 46 79 2 73 66 99 68 114 138 7 34 113 143 57 48 98 58 120 128 82 148 96
Coste: 626674107

