GENERACION: 1
Mejor Solucion:  103 24 26 86 28 4 15 74 101 46 7 88 43 130 8 16 120 22 53 66 106 143 146 110 109 132 17 57 32 33 113 126 91 145 14 35 144 83 47 123 5 142 65 127 37 84 54 102 0 90 96 64 19 138 117 29 27 100 11 58 51 149 79 131 73 140 48 36 128 125 129 55 13 122 70 67 93 134 56 25 124 136 45 50 133 10 20 99 81 80 116 18 105 75 141 31 72 108 3 9 38 78 139 59 89 61 92 119 62 114 85 34 77 94 97 148 95 76 71 44 12 40 68 1 87 104 23 21 41 42 107 135 69 6 115 39 60 63 98 147 118 49 121 30 2 52 82 137 111 112
Coste: 632909429

GENERACION: 2
Mejor Solucion:  103 24 26 86 28 4 15 74 101 46 7 88 43 130 8 16 120 22 53 66 106 143 146 110 109 132 17 57 32 33 113 126 91 145 14 35 144 83 47 123 5 142 65 127 37 84 54 102 0 90 96 64 19 138 117 29 27 100 11 58 51 149 79 131 73 140 48 36 128 125 129 55 13 122 70 67 93 134 56 25 124 136 45 50 133 10 20 99 81 80 116 18 105 75 141 31 72 108 3 9 38 78 139 59 89 61 92 119 62 114 85 34 77 94 97 148 95 76 71 44 12 40 68 1 87 104 23 21 41 42 107 135 69 6 115 39 60 63 98 147 118 49 121 30 2 52 82 137 111 112
Coste: 632909429

GENERACION: 3
Mejor Solucion:  103 24 26 86 28 4 15 74 101 46 7 88 43 130 8 16 120 22 53 66 106 143 146 110 109 132 17 57 32 33 113 126 91 145 14 35 144 83 47 123 5 142 65 127 37 84 54 102 0 90 96 64 19 138 117 29 27 100 11 58 51 149 79 131 73 140 48 36 128 125 129 55 13 122 70 67 93 134 56 25 124 136 45 50 133 10 20 99 81 80 116 18 105 75 141 31 72 108 3 9 38 78 139 59 89 61 92 119 62 114 85 34 77 94 97 148 95 76 71 44 12 40 68 1 87 104 23 21 41 42 107 135 69 6 115 39 60 63 98 147 118 49 121 30 2 52 82 137 111 112
Coste: 632909429

GENERACION: 4
Mejor Solucion:  103 24 26 86 28 4 15 74 101 46 7 88 43 130 8 16 120 22 53 66 106 143 146 110 109 132 17 57 32 33 113 126 91 145 14 35 144 83 47 123 5 142 65 127 37 84 54 102 0 90 96 64 19 138 117 29 27 100 11 58 51 149 79 131 73 140 48 36 128 125 129 55 13 122 70 67 93 134 56 25 124 136 45 50 133 10 20 99 81 80 116 18 105 75 141 31 72 108 3 9 38 78 139 59 89 61 92 119 62 114 85 34 77 94 97 148 95 76 71 44 12 40 68 1 87 104 23 21 41 42 107 135 69 6 115 39 60 63 98 147 118 49 121 30 2 52 82 137 111 112
Coste: 632909429

GENERACION: 5
Mejor Solucion:  103 24 26 86 28 4 15 74 101 46 7 88 43 130 8 16 120 22 53 66 106 143 146 110 109 132 17 57 32 33 113 126 91 145 14 35 144 83 47 123 5 142 65 127 37 84 54 102 0 90 96 64 19 138 117 29 27 100 11 58 51 149 79 131 73 140 48 36 128 125 129 55 13 122 70 67 93 134 56 25 124 136 45 50 133 10 20 99 81 80 116 18 105 75 141 31 72 108 3 9 38 78 139 59 89 61 92 119 62 114 85 34 77 94 97 148 95 76 71 44 12 40 68 1 87 104 23 21 41 42 107 135 69 6 115 39 60 63 98 147 118 49 121 30 2 52 82 137 111 112
Coste: 632909429

GENERACION: 6
Mejor Solucion:  103 24 26 86 28 4 15 74 101 46 7 88 43 130 8 16 120 22 53 66 106 143 146 110 109 132 17 57 32 33 113 126 91 145 14 35 144 83 47 123 5 142 65 127 37 84 54 102 0 90 96 64 19 138 117 29 27 100 11 58 51 149 79 131 73 140 48 36 128 125 129 55 13 122 70 67 93 134 56 25 124 136 45 50 133 10 20 99 81 80 116 18 105 75 141 31 72 108 3 9 38 78 139 59 89 61 92 119 62 114 85 34 77 94 97 148 95 76 71 44 12 40 68 1 87 104 23 21 41 42 107 135 69 6 115 39 60 63 98 147 118 49 121 30 2 52 82 137 111 112
Coste: 632909429

GENERACION: 7
Mejor Solucion:  103 24 26 86 28 4 15 74 101 46 7 88 43 130 8 16 120 22 53 66 106 143 146 110 109 132 17 57 32 33 113 126 91 145 14 35 144 83 47 123 5 142 65 127 37 84 54 102 0 90 96 64 19 138 117 29 27 100 11 58 51 149 79 131 73 140 48 36 128 125 129 55 13 122 70 67 93 134 56 25 124 136 45 50 133 10 20 99 81 80 116 18 105 75 141 31 72 108 3 9 38 78 139 59 89 61 92 119 62 114 85 34 77 94 97 148 95 76 71 44 12 40 68 1 87 104 23 21 41 42 107 135 69 6 115 39 60 63 98 147 118 49 121 30 2 52 82 137 111 112
Coste: 632909429

GENERACION: 8
Mejor Solucion:  103 24 26 86 28 4 15 74 101 46 7 88 43 130 8 16 120 22 53 66 106 143 146 110 109 132 17 57 32 33 113 126 91 145 14 35 144 83 47 123 5 142 65 127 37 84 54 102 0 90 96 64 19 138 117 29 27 100 11 58 51 149 79 131 73 140 48 36 128 125 129 55 13 122 70 67 93 134 56 25 124 136 45 50 133 10 20 99 81 80 116 18 105 75 141 31 72 108 3 9 38 78 139 59 89 61 92 119 62 114 85 34 77 94 97 148 95 76 71 44 12 40 68 1 87 104 23 21 41 42 107 135 69 6 115 39 60 63 98 147 118 49 121 30 2 52 82 137 111 112
Coste: 632909429

GENERACION: 9
Mejor Solucion:  103 24 26 86 28 4 15 74 101 46 7 88 43 130 8 16 120 22 53 66 106 143 146 110 109 132 17 57 32 33 113 126 91 145 14 35 144 83 47 123 5 142 65 127 37 84 54 102 0 90 96 64 19 138 117 29 27 100 11 58 51 149 79 131 73 140 48 36 128 125 129 55 13 122 70 67 93 134 56 25 124 136 45 50 133 10 20 99 81 80 116 18 105 75 141 31 72 108 3 9 38 78 139 59 89 61 92 119 62 114 85 34 77 94 97 148 95 76 71 44 12 40 68 1 87 104 23 21 41 42 107 135 69 6 115 39 60 63 98 147 118 49 121 30 2 52 82 137 111 112
Coste: 632909429

GENERACION: 10
Mejor Solucion:  103 24 26 86 28 4 15 74 101 46 7 88 43 130 8 16 120 22 53 66 106 143 146 110 109 132 17 57 32 33 113 126 91 145 14 35 144 83 47 123 5 142 65 127 37 84 54 102 0 90 96 64 19 138 117 29 27 100 11 58 51 149 79 131 73 140 48 36 128 125 129 55 13 122 70 67 93 134 56 25 124 136 45 50 133 10 20 99 81 80 116 18 105 75 141 31 72 108 3 9 38 78 139 59 89 61 92 119 62 114 85 34 77 94 97 148 95 76 71 44 12 40 68 1 87 104 23 21 41 42 107 135 69 6 115 39 60 63 98 147 118 49 121 30 2 52 82 137 111 112
Coste: 632909429

GENERACION: 11
Mejor Solucion:  103 24 26 86 28 4 15 74 101 46 7 88 43 130 8 16 120 22 53 66 106 143 146 110 109 132 17 57 32 33 113 126 91 145 14 35 144 83 47 123 5 142 65 127 37 84 54 102 0 90 96 64 19 138 117 29 27 100 11 58 51 149 79 131 73 140 48 36 128 125 129 55 13 122 70 67 93 134 56 25 124 136 45 50 133 10 20 99 81 80 116 18 105 75 141 31 72 108 3 9 38 78 139 59 89 61 92 119 62 114 85 34 77 94 97 148 95 76 71 44 12 40 68 1 87 104 23 21 41 42 107 135 69 6 115 39 60 63 98 147 118 49 121 30 2 52 82 137 111 112
Coste: 632909429

GENERACION: 12
Mejor Solucion:  103 24 26 86 28 4 15 74 101 46 7 88 43 130 8 16 120 22 53 66 106 143 146 110 109 132 17 57 32 33 113 126 91 145 14 35 144 83 47 123 5 142 65 127 37 84 54 102 0 90 96 64 19 138 117 29 27 100 11 58 51 149 79 131 73 140 48 36 128 125 129 55 13 122 70 67 93 134 56 25 124 136 45 50 133 10 20 99 81 80 116 18 105 75 141 31 72 108 3 9 38 78 139 59 89 61 92 119 62 114 85 34 77 94 97 148 95 76 71 44 12 40 68 1 87 104 23 21 41 42 107 135 69 6 115 39 60 63 98 147 118 49 121 30 2 52 82 137 111 112
Coste: 632909429

GENERACION: 13
Mejor Solucion:  103 24 26 86 28 4 15 74 101 46 7 88 43 130 8 16 120 22 53 66 106 143 146 110 109 132 17 57 32 33 113 126 91 145 14 35 144 83 47 123 5 142 65 127 37 84 54 102 0 90 96 64 19 138 117 29 27 100 11 58 51 149 79 131 73 140 48 36 128 125 129 55 13 122 70 67 93 134 56 25 124 136 45 50 133 10 20 99 81 80 116 18 105 75 141 31 72 108 3 9 38 78 139 59 89 61 92 119 62 114 85 34 77 94 97 148 95 76 71 44 12 40 68 1 87 104 23 21 41 42 107 135 69 6 115 39 60 63 98 147 118 49 121 30 2 52 82 137 111 112
Coste: 632909429

GENERACION: 14
Mejor Solucion:  103 24 26 86 28 4 15 74 101 46 7 88 43 130 8 16 120 22 53 66 106 143 146 110 109 132 17 57 32 33 113 126 91 145 14 35 144 83 47 123 5 142 65 127 37 84 54 102 0 90 96 64 19 138 117 29 27 100 11 58 51 149 79 131 73 140 48 36 128 125 129 55 13 122 70 67 93 134 56 25 124 136 45 50 133 10 20 99 81 80 116 18 105 75 141 31 72 108 3 9 38 78 139 59 89 61 92 119 62 114 85 34 77 94 97 148 95 76 71 44 12 40 68 1 87 104 23 21 41 42 107 135 69 6 115 39 60 63 98 147 118 49 121 30 2 52 82 137 111 112
Coste: 632909429

GENERACION: 15
Mejor Solucion:  29 112 110 56 83 32 48 4 132 109 145 57 8 74 86 121 130 22 142 30 6 23 127 106 126 35 14 95 101 144 80 26 66 43 41 143 28 67 123 105 37 120 15 103 68 84 94 102 17 135 96 64 19 3 117 46 2 100 11 58 51 149 79 131 73 148 141 36 128 125 129 55 13 76 70 7 93 134 65 25 124 136 45 50 133 10 92 99 81 146 116 18 53 75 33 114 72 108 138 87 38 78 139 59 40 61 20 119 62 31 85 34 77 54 97 140 47 122 71 44 12 89 5 1 9 104 16 21 24 42 107 90 69 113 115 39 60 63 98 147 118 49 91 88 27 52 82 137 111 0
Coste: 622887187

GENERACION: 16
Mejor Solucion:  29 112 110 56 83 32 48 4 132 109 145 57 8 74 86 121 130 22 142 30 6 23 127 106 126 35 14 95 101 144 80 26 66 43 41 143 28 67 123 105 37 120 15 103 68 84 94 102 17 135 96 64 19 3 117 46 2 100 11 58 51 149 79 131 73 148 141 36 128 125 129 55 13 76 70 7 93 134 65 25 124 136 45 50 133 10 92 99 81 146 116 18 53 75 33 114 72 108 138 87 38 78 139 59 40 61 20 119 62 31 85 34 77 54 97 140 47 122 71 44 12 89 5 1 9 104 16 21 24 42 107 90 69 113 115 39 60 63 98 147 118 49 91 88 27 52 82 137 111 0
Coste: 622887187

GENERACION: 17
Mejor Solucion:  29 112 110 56 83 32 48 4 132 109 145 57 8 74 86 121 130 22 142 30 6 23 127 106 126 35 14 95 101 144 80 26 66 43 41 143 28 67 123 105 37 120 15 103 68 84 94 102 17 135 96 64 19 3 117 46 2 100 11 58 51 149 79 131 73 148 141 36 128 125 129 55 13 76 70 7 93 134 65 25 124 136 45 50 133 10 92 99 81 146 116 18 53 75 33 114 72 108 138 87 38 78 139 59 40 61 20 119 62 31 85 34 77 54 97 140 47 122 71 44 12 89 5 1 9 104 16 21 24 42 107 90 69 113 115 39 60 63 98 147 118 49 91 88 27 52 82 137 111 0
Coste: 622887187

GENERACION: 18
Mejor Solucion:  29 112 110 56 83 32 48 4 132 109 145 57 8 74 86 121 130 22 142 30 6 23 127 106 126 35 14 95 101 144 80 26 66 43 41 143 28 67 123 105 37 120 15 103 68 84 94 102 17 135 96 64 19 3 117 46 2 100 11 58 51 149 79 131 73 148 141 36 128 125 129 55 13 76 70 7 93 134 65 25 124 136 45 50 133 10 92 99 81 146 116 18 53 75 33 114 72 108 138 87 38 78 139 59 40 61 20 119 62 31 85 34 77 54 97 140 47 122 71 44 12 89 5 1 9 104 16 21 24 42 107 90 69 113 115 39 60 63 98 147 118 49 91 88 27 52 82 137 111 0
Coste: 622887187

GENERACION: 19
Mejor Solucion:  29 112 110 56 83 32 48 4 132 109 145 57 8 74 86 121 130 22 142 30 6 23 127 106 126 35 14 95 101 144 80 26 66 43 41 143 28 67 123 105 37 120 15 103 68 84 94 102 17 135 96 64 19 3 117 46 2 100 11 58 51 149 79 131 73 148 141 36 128 125 129 55 13 76 70 7 93 134 65 25 124 136 45 50 133 10 92 99 81 146 116 18 53 75 33 114 72 108 138 87 38 78 139 59 40 61 20 119 62 31 85 34 77 54 97 140 47 122 71 44 12 89 5 1 9 104 16 21 24 42 107 90 69 113 115 39 60 63 98 147 118 49 91 88 27 52 82 137 111 0
Coste: 622887187

GENERACION: 20
Mejor Solucion:  29 112 110 56 83 32 48 4 132 109 145 57 8 74 86 121 130 22 142 30 6 23 127 106 126 35 14 95 101 144 80 26 66 43 41 143 28 67 123 105 37 120 15 103 68 84 94 102 17 135 96 64 19 3 117 46 2 100 11 58 51 149 79 131 73 148 141 36 128 125 129 55 13 76 70 7 93 134 65 25 124 136 45 50 133 10 92 99 81 146 116 18 53 75 33 114 72 108 138 87 38 78 139 59 40 61 20 119 62 31 85 34 77 54 97 140 47 122 71 44 12 89 5 1 9 104 16 21 24 42 107 90 69 113 115 39 60 63 98 147 118 49 91 88 27 52 82 137 111 0
Coste: 622887187

GENERACION: 21
Mejor Solucion:  29 112 110 56 83 32 48 4 132 109 145 57 8 74 86 121 130 22 142 30 6 23 127 106 126 35 14 95 101 144 80 26 66 43 41 143 28 67 123 105 37 120 15 103 68 84 94 102 17 135 96 64 19 3 117 46 2 100 11 58 51 149 79 131 73 148 141 36 128 125 129 55 13 76 70 7 93 134 65 25 124 136 45 50 133 10 92 99 81 146 116 18 53 75 33 114 72 108 138 87 38 78 139 59 40 61 20 119 62 31 85 34 77 54 97 140 47 122 71 44 12 89 5 1 9 104 16 21 24 42 107 90 69 113 115 39 60 63 98 147 118 49 91 88 27 52 82 137 111 0
Coste: 622887187

GENERACION: 22
Mejor Solucion:  29 112 110 56 83 32 48 4 132 109 145 57 8 74 86 121 130 22 142 30 6 23 127 106 126 35 14 95 101 144 80 26 66 43 41 143 28 67 123 105 37 120 15 103 68 84 94 102 17 135 96 64 19 3 117 46 2 100 11 58 51 149 79 131 73 148 141 36 128 125 129 55 13 76 70 7 93 134 65 25 124 136 45 50 133 10 92 99 81 146 116 18 53 75 33 114 72 108 138 87 38 78 139 59 40 61 20 119 62 31 85 34 77 54 97 140 47 122 71 44 12 89 5 1 9 104 16 21 24 42 107 90 69 113 115 39 60 63 98 147 118 49 91 88 27 52 82 137 111 0
Coste: 622887187

GENERACION: 23
Mejor Solucion:  29 112 110 56 83 32 48 4 132 109 145 57 8 74 86 121 130 22 142 30 6 23 127 106 126 35 14 95 101 144 80 26 66 43 41 143 28 67 123 105 37 120 15 103 68 84 94 102 17 135 96 64 19 3 117 46 2 100 11 58 51 149 79 131 73 148 141 36 128 125 129 55 13 76 70 7 93 134 65 25 124 136 45 50 133 10 92 99 81 146 116 18 53 75 33 114 72 108 138 87 38 78 139 59 40 61 20 119 62 31 85 34 77 54 97 140 47 122 71 44 12 89 5 1 9 104 16 21 24 42 107 90 69 113 115 39 60 63 98 147 118 49 91 88 27 52 82 137 111 0
Coste: 622887187

GENERACION: 24
Mejor Solucion:  29 112 110 56 83 32 48 4 132 109 145 57 8 74 86 121 130 22 142 30 6 23 127 106 126 35 14 95 101 144 80 26 66 43 41 143 28 67 123 105 37 120 15 103 68 84 94 102 17 135 96 64 19 3 117 46 2 100 11 58 51 149 79 131 73 148 141 36 128 125 129 55 13 76 70 7 93 134 65 25 124 136 45 50 133 10 92 99 81 146 116 18 53 75 33 114 72 108 138 87 38 78 139 59 40 61 20 119 62 31 85 34 77 54 97 140 47 122 71 44 12 89 5 1 9 104 16 21 24 42 107 90 69 113 115 39 60 63 98 147 118 49 91 88 27 52 82 137 111 0
Coste: 622887187

GENERACION: 25
Mejor Solucion:  29 112 110 56 83 32 48 4 132 109 145 57 8 74 86 121 130 22 142 30 6 23 127 106 126 35 14 95 101 144 80 26 66 43 41 143 28 67 123 105 37 120 15 103 68 84 94 102 17 135 96 64 19 3 117 46 2 100 11 58 51 149 79 131 73 148 141 36 128 125 129 55 13 76 70 7 93 134 65 25 124 136 45 50 133 10 92 99 81 146 116 18 53 75 33 114 72 108 138 87 38 78 139 59 40 61 20 119 62 31 85 34 77 54 97 140 47 122 71 44 12 89 5 1 9 104 16 21 24 42 107 90 69 113 115 39 60 63 98 147 118 49 91 88 27 52 82 137 111 0
Coste: 622887187

GENERACION: 26
Mejor Solucion:  29 112 110 56 83 32 48 4 132 109 145 57 8 74 86 121 130 22 142 30 6 23 127 106 126 35 14 95 101 144 80 26 66 43 41 143 28 67 123 105 37 120 15 103 68 84 94 102 17 135 96 64 19 3 117 46 2 100 11 58 51 149 79 131 73 148 141 36 128 125 129 55 13 76 70 7 93 134 65 25 124 136 45 50 133 10 92 99 81 146 116 18 53 75 33 114 72 108 138 87 38 78 139 59 40 61 20 119 62 31 85 34 77 54 97 140 47 122 71 44 12 89 5 1 9 104 16 21 24 42 107 90 69 113 115 39 60 63 98 147 118 49 91 88 27 52 82 137 111 0
Coste: 622887187

GENERACION: 27
Mejor Solucion:  29 112 110 56 83 32 48 4 132 109 145 57 8 74 86 121 130 22 142 30 6 23 127 106 126 35 14 95 101 144 80 26 66 43 41 143 28 67 123 105 37 120 15 103 68 84 94 102 17 135 96 64 19 3 117 46 2 100 11 58 51 149 79 131 73 148 141 36 128 125 129 55 13 76 70 7 93 134 65 25 124 136 45 50 133 10 92 99 81 146 116 18 53 75 33 114 72 108 138 87 38 78 139 59 40 61 20 119 62 31 85 34 77 54 97 140 47 122 71 44 12 89 5 1 9 104 16 21 24 42 107 90 69 113 115 39 60 63 98 147 118 49 91 88 27 52 82 137 111 0
Coste: 622887187

GENERACION: 28
Mejor Solucion:  29 112 110 56 83 32 48 4 132 109 145 57 8 74 86 121 130 22 142 30 6 23 127 106 126 35 14 95 101 144 80 26 66 43 41 143 28 67 123 105 37 120 15 103 68 84 94 102 17 135 96 64 19 3 117 46 2 100 11 58 51 149 79 131 73 148 141 36 128 125 129 55 13 76 70 7 93 134 65 25 124 136 45 50 133 10 92 99 81 146 116 18 53 75 33 114 72 108 138 87 38 78 139 59 40 61 20 119 62 31 85 34 77 54 97 140 47 122 71 44 12 89 5 1 9 104 16 21 24 42 107 90 69 113 115 39 60 63 98 147 118 49 91 88 27 52 82 137 111 0
Coste: 622887187

GENERACION: 29
Mejor Solucion:  29 112 110 56 83 32 48 4 132 109 145 57 8 74 86 121 130 22 142 30 6 23 127 106 126 35 14 95 101 144 80 26 66 43 41 143 28 67 123 105 37 120 15 103 68 84 94 102 17 135 96 64 19 3 117 46 2 100 11 58 51 149 79 131 73 148 141 36 128 125 129 55 13 76 70 7 93 134 65 25 124 136 45 50 133 10 92 99 81 146 116 18 53 75 33 114 72 108 138 87 38 78 139 59 40 61 20 119 62 31 85 34 77 54 97 140 47 122 71 44 12 89 5 1 9 104 16 21 24 42 107 90 69 113 115 39 60 63 98 147 118 49 91 88 27 52 82 137 111 0
Coste: 622887187

GENERACION: 30
Mejor Solucion:  29 112 110 56 83 32 48 4 132 109 145 57 8 74 86 121 130 22 142 30 6 23 127 106 126 35 14 95 101 144 80 26 66 43 41 143 28 67 123 105 37 120 15 103 68 84 94 102 17 135 96 64 19 3 117 46 2 100 11 58 51 149 79 131 73 148 141 36 128 125 129 55 13 76 70 7 93 134 65 25 124 136 45 50 133 10 92 99 81 146 116 18 53 75 33 114 72 108 138 87 38 78 139 59 40 61 20 119 62 31 85 34 77 54 97 140 47 122 71 44 12 89 5 1 9 104 16 21 24 42 107 90 69 113 115 39 60 63 98 147 118 49 91 88 27 52 82 137 111 0
Coste: 622887187

GENERACION: 31
Mejor Solucion:  29 112 110 56 83 32 48 4 132 109 145 57 8 74 86 121 130 22 142 30 6 23 127 106 126 35 14 95 101 144 80 26 66 43 41 143 28 67 123 105 37 120 15 103 68 84 94 102 17 135 96 64 19 3 117 46 2 100 11 58 51 149 79 131 73 148 141 36 128 125 129 55 13 76 70 7 93 134 65 25 124 136 45 50 133 10 92 99 81 146 116 18 53 75 33 114 72 108 138 87 38 78 139 59 40 61 20 119 62 31 85 34 77 54 97 140 47 122 71 44 12 89 5 1 9 104 16 21 24 42 107 90 69 113 115 39 60 63 98 147 118 49 91 88 27 52 82 137 111 0
Coste: 622887187

GENERACION: 32
Mejor Solucion:  29 112 110 56 83 32 48 4 132 109 145 57 8 74 86 121 130 22 142 30 6 23 127 106 126 35 14 95 101 144 80 26 66 43 41 143 28 67 123 105 37 120 15 103 68 84 94 102 17 135 96 64 19 3 117 46 2 100 11 58 51 149 79 131 73 148 141 36 128 125 129 55 13 76 70 7 93 134 65 25 124 136 45 50 133 10 92 99 81 146 116 18 53 75 33 114 72 108 138 87 38 78 139 59 40 61 20 119 62 31 85 34 77 54 97 140 47 122 71 44 12 89 5 1 9 104 16 21 24 42 107 90 69 113 115 39 60 63 98 147 118 49 91 88 27 52 82 137 111 0
Coste: 622887187

GENERACION: 33
Mejor Solucion:  29 112 110 56 83 32 48 4 132 109 145 57 8 74 86 121 130 22 142 30 6 23 127 106 126 35 14 95 101 144 80 26 66 43 41 143 28 67 123 105 37 120 15 103 68 84 94 102 17 135 96 64 19 3 117 46 2 100 11 58 51 149 79 131 73 148 141 36 128 125 129 55 13 76 70 7 93 134 65 25 124 136 45 50 133 10 92 99 81 146 116 18 53 75 33 114 72 108 138 87 38 78 139 59 40 61 20 119 62 31 85 34 77 54 97 140 47 122 71 44 12 89 5 1 9 104 16 21 24 42 107 90 69 113 115 39 60 63 98 147 118 49 91 88 27 52 82 137 111 0
Coste: 622887187

GENERACION: 34
Mejor Solucion:  29 112 110 56 83 32 48 4 132 109 145 57 8 74 86 121 130 22 142 30 6 23 127 106 126 35 14 95 101 144 80 26 66 43 41 143 28 67 123 105 37 120 15 103 68 84 94 102 17 135 96 64 19 3 117 46 2 100 11 58 51 149 79 131 73 148 141 36 128 125 129 55 13 76 70 7 93 134 65 25 124 136 45 50 133 10 92 99 81 146 116 18 53 75 33 114 72 108 138 87 38 78 139 59 40 61 20 119 62 31 85 34 77 54 97 140 47 122 71 44 12 89 5 1 9 104 16 21 24 42 107 90 69 113 115 39 60 63 98 147 118 49 91 88 27 52 82 137 111 0
Coste: 622887187

GENERACION: 35
Mejor Solucion:  29 112 110 56 83 32 48 4 132 109 145 57 8 74 86 121 130 22 142 30 6 23 127 106 126 35 14 95 101 144 80 26 66 43 41 143 28 67 123 105 37 120 15 103 68 84 94 102 17 135 96 64 19 3 117 46 2 100 11 58 51 149 79 131 73 148 141 36 128 125 129 55 13 76 70 7 93 134 65 25 124 136 45 50 133 10 92 99 81 146 116 18 53 75 33 114 72 108 138 87 38 78 139 59 40 61 20 119 62 31 85 34 77 54 97 140 47 122 71 44 12 89 5 1 9 104 16 21 24 42 107 90 69 113 115 39 60 63 98 147 118 49 91 88 27 52 82 137 111 0
Coste: 622887187

GENERACION: 36
Mejor Solucion:  29 112 110 56 83 32 48 4 132 109 145 57 8 74 86 121 130 22 142 30 6 23 127 106 126 35 14 95 101 144 80 26 66 43 41 143 28 67 123 105 37 120 15 103 68 84 94 102 17 135 96 64 19 3 117 46 2 100 11 58 51 149 79 131 73 148 141 36 128 125 129 55 13 76 70 7 93 134 65 25 124 136 45 50 133 10 92 99 81 146 116 18 53 75 33 114 72 108 138 87 38 78 139 59 40 61 20 119 62 31 85 34 77 54 97 140 47 122 71 44 12 89 5 1 9 104 16 21 24 42 107 90 69 113 115 39 60 63 98 147 118 49 91 88 27 52 82 137 111 0
Coste: 622887187

GENERACION: 37
Mejor Solucion:  29 112 110 56 83 32 48 4 132 109 145 57 8 74 86 121 130 22 142 30 6 23 127 106 126 35 14 95 101 144 80 26 66 43 41 143 28 67 123 105 37 120 15 103 68 84 94 102 17 135 96 64 19 3 117 46 2 100 11 58 51 149 79 131 73 148 141 36 128 125 129 55 13 76 70 7 93 134 65 25 124 136 45 50 133 10 92 99 81 146 116 18 53 75 33 114 72 108 138 87 38 78 139 59 40 61 20 119 62 31 85 34 77 54 97 140 47 122 71 44 12 89 5 1 9 104 16 21 24 42 107 90 69 113 115 39 60 63 98 147 118 49 91 88 27 52 82 137 111 0
Coste: 622887187

GENERACION: 38
Mejor Solucion:  29 112 110 56 83 32 48 4 132 109 145 57 8 74 86 121 130 22 142 30 6 23 127 106 126 35 14 95 101 144 80 26 66 43 41 143 28 67 123 105 37 120 15 103 68 84 94 102 17 135 96 64 19 3 117 46 2 100 11 58 51 149 79 131 73 148 141 36 128 125 129 55 13 76 70 7 93 134 65 25 124 136 45 50 133 10 92 99 81 146 116 18 53 75 33 114 72 108 138 87 38 78 139 59 40 61 20 119 62 31 85 34 77 54 97 140 47 122 71 44 12 89 5 1 9 104 16 21 24 42 107 90 69 113 115 39 60 63 98 147 118 49 91 88 27 52 82 137 111 0
Coste: 622887187

GENERACION: 39
Mejor Solucion:  29 112 110 56 83 32 48 4 132 109 145 57 8 74 86 121 130 22 142 30 6 23 127 106 126 35 14 95 101 144 80 26 66 43 41 143 28 67 123 105 37 120 15 103 68 84 94 102 17 135 96 64 19 3 117 46 2 100 11 58 51 149 79 131 73 148 141 36 128 125 129 55 13 76 70 7 93 134 65 25 124 136 45 50 133 10 92 99 81 146 116 18 53 75 33 114 72 108 138 87 38 78 139 59 40 61 20 119 62 31 85 34 77 54 97 140 47 122 71 44 12 89 5 1 9 104 16 21 24 42 107 90 69 113 115 39 60 63 98 147 118 49 91 88 27 52 82 137 111 0
Coste: 622887187

GENERACION: 40
Mejor Solucion:  29 112 110 56 83 32 48 4 132 109 145 57 8 74 86 121 130 22 142 30 6 23 127 106 126 35 14 95 101 144 80 26 66 43 41 143 28 67 123 105 37 120 15 103 68 84 94 102 17 135 96 64 19 3 117 46 2 100 11 58 51 149 79 131 73 148 141 36 128 125 129 55 13 76 70 7 93 134 65 25 124 136 45 50 133 10 92 99 81 146 116 18 53 75 33 114 72 108 138 87 38 78 139 59 40 61 20 119 62 31 85 34 77 54 97 140 47 122 71 44 12 89 5 1 9 104 16 21 24 42 107 90 69 113 115 39 60 63 98 147 118 49 91 88 27 52 82 137 111 0
Coste: 622887187

GENERACION: 41
Mejor Solucion:  29 112 110 56 83 32 48 4 132 109 145 57 8 74 86 121 130 22 142 30 6 23 127 106 126 35 14 95 101 144 80 26 66 43 41 143 28 67 123 105 37 120 15 103 68 84 94 102 17 135 96 64 19 3 117 46 2 100 11 58 51 149 79 131 73 148 141 36 128 125 129 55 13 76 70 7 93 134 65 25 124 136 45 50 133 10 92 99 81 146 116 18 53 75 33 114 72 108 138 87 38 78 139 59 40 61 20 119 62 31 85 34 77 54 97 140 47 122 71 44 12 89 5 1 9 104 16 21 24 42 107 90 69 113 115 39 60 63 98 147 118 49 91 88 27 52 82 137 111 0
Coste: 622887187

GENERACION: 42
Mejor Solucion:  29 112 110 56 83 32 48 4 132 109 145 57 8 74 86 121 130 22 142 30 6 23 127 106 126 35 14 95 101 144 80 26 66 43 41 143 28 67 123 105 37 120 15 103 68 84 94 102 17 135 96 64 19 3 117 46 2 100 11 58 51 149 79 131 73 148 141 36 128 125 129 55 13 76 70 7 93 134 65 25 124 136 45 50 133 10 92 99 81 146 116 18 53 75 33 114 72 108 138 87 38 78 139 59 40 61 20 119 62 31 85 34 77 54 97 140 47 122 71 44 12 89 5 1 9 104 16 21 24 42 107 90 69 113 115 39 60 63 98 147 118 49 91 88 27 52 82 137 111 0
Coste: 622887187

GENERACION: 43
Mejor Solucion:  29 112 110 56 83 32 48 4 132 109 145 57 8 74 86 121 130 22 142 30 6 23 127 106 126 35 14 95 101 144 80 26 66 43 41 143 28 67 123 105 37 120 15 103 68 84 94 102 17 135 96 64 19 3 117 46 2 100 11 58 51 149 79 131 73 148 141 36 128 125 129 55 13 76 70 7 93 134 65 25 124 136 45 50 133 10 92 99 81 146 116 18 53 75 33 114 72 108 138 87 38 78 139 59 40 61 20 119 62 31 85 34 77 54 97 140 47 122 71 44 12 89 5 1 9 104 16 21 24 42 107 90 69 113 115 39 60 63 98 147 118 49 91 88 27 52 82 137 111 0
Coste: 622887187

GENERACION: 44
Mejor Solucion:  29 112 110 56 83 32 48 4 132 109 145 57 8 74 86 121 130 22 142 30 6 23 127 106 126 35 14 95 101 144 80 26 66 43 41 143 28 67 123 105 37 120 15 103 68 84 94 102 17 135 96 64 19 3 117 46 2 100 11 58 51 149 79 131 73 148 141 36 128 125 129 55 13 76 70 7 93 134 65 25 124 136 45 50 133 10 92 99 81 146 116 18 53 75 33 114 72 108 138 87 38 78 139 59 40 61 20 119 62 31 85 34 77 54 97 140 47 122 71 44 12 89 5 1 9 104 16 21 24 42 107 90 69 113 115 39 60 63 98 147 118 49 91 88 27 52 82 137 111 0
Coste: 622887187

GENERACION: 45
Mejor Solucion:  29 112 110 56 83 32 48 4 132 109 145 57 8 74 86 121 130 22 142 30 6 23 127 106 126 35 14 95 101 144 80 26 66 43 41 143 28 67 123 105 37 120 15 103 68 84 94 102 17 135 96 64 19 3 117 46 2 100 11 58 51 149 79 131 73 148 141 36 128 125 129 55 13 76 70 7 93 134 65 25 124 136 45 50 133 10 92 99 81 146 116 18 53 75 33 114 72 108 138 87 38 78 139 59 40 61 20 119 62 31 85 34 77 54 97 140 47 122 71 44 12 89 5 1 9 104 16 21 24 42 107 90 69 113 115 39 60 63 98 147 118 49 91 88 27 52 82 137 111 0
Coste: 622887187

GENERACION: 46
Mejor Solucion:  29 112 110 56 83 32 48 4 132 109 145 57 8 74 86 121 130 22 142 30 6 23 127 106 126 35 14 95 101 144 80 26 66 43 41 143 28 67 123 105 37 120 15 103 68 84 94 102 17 135 96 64 19 3 117 46 2 100 11 58 51 149 79 131 73 148 141 36 128 125 129 55 13 76 70 7 93 134 65 25 124 136 45 50 133 10 92 99 81 146 116 18 53 75 33 114 72 108 138 87 38 78 139 59 40 61 20 119 62 31 85 34 77 54 97 140 47 122 71 44 12 89 5 1 9 104 16 21 24 42 107 90 69 113 115 39 60 63 98 147 118 49 91 88 27 52 82 137 111 0
Coste: 622887187

GENERACION: 47
Mejor Solucion:  29 112 110 56 83 32 48 4 132 109 145 57 8 74 86 121 130 22 142 30 6 23 127 106 126 35 14 95 101 144 80 26 66 43 41 143 28 67 123 105 37 120 15 103 68 84 94 102 17 135 96 64 19 3 117 46 2 100 11 58 51 149 79 131 73 148 141 36 128 125 129 55 13 76 70 7 93 134 65 25 124 136 45 50 133 10 92 99 81 146 116 18 53 75 33 114 72 108 138 87 38 78 139 59 40 61 20 119 62 31 85 34 77 54 97 140 47 122 71 44 12 89 5 1 9 104 16 21 24 42 107 90 69 113 115 39 60 63 98 147 118 49 91 88 27 52 82 137 111 0
Coste: 622887187

GENERACION: 48
Mejor Solucion:  29 112 110 56 83 32 48 4 132 109 145 57 8 74 86 121 130 22 142 30 6 23 127 106 126 35 14 95 101 144 80 26 66 43 41 143 28 67 123 105 37 120 15 103 68 84 94 102 17 135 96 64 19 3 117 46 2 100 11 58 51 149 79 131 73 148 141 36 128 125 129 55 13 76 70 7 93 134 65 25 124 136 45 50 133 10 92 99 81 146 116 18 53 75 33 114 72 108 138 87 38 78 139 59 40 61 20 119 62 31 85 34 77 54 97 140 47 122 71 44 12 89 5 1 9 104 16 21 24 42 107 90 69 113 115 39 60 63 98 147 118 49 91 88 27 52 82 137 111 0
Coste: 622887187

GENERACION: 49
Mejor Solucion:  29 112 110 56 83 32 48 4 132 109 145 57 8 74 86 121 130 22 142 30 6 23 127 106 126 35 14 95 101 144 80 26 66 43 41 143 28 67 123 105 37 120 15 103 68 84 94 102 17 135 96 64 19 3 117 46 2 100 11 58 51 149 79 131 73 148 141 36 128 125 129 55 13 76 70 7 93 134 65 25 124 136 45 50 133 10 92 99 81 146 116 18 53 75 33 114 72 108 138 87 38 78 139 59 40 61 20 119 62 31 85 34 77 54 97 140 47 122 71 44 12 89 5 1 9 104 16 21 24 42 107 90 69 113 115 39 60 63 98 147 118 49 91 88 27 52 82 137 111 0
Coste: 622887187

GENERACION: 50
Mejor Solucion:  29 112 110 56 83 32 48 4 132 109 145 57 8 74 86 121 130 22 142 30 6 23 127 106 126 35 14 95 101 144 80 26 66 43 41 143 28 67 123 105 37 120 15 103 68 84 94 102 17 135 96 64 19 3 117 46 2 100 11 58 51 149 79 131 73 148 141 36 128 125 129 55 13 76 70 7 93 134 65 25 124 136 45 50 133 10 92 99 81 146 116 18 53 75 33 114 72 108 138 87 38 78 139 59 40 61 20 119 62 31 85 34 77 54 97 140 47 122 71 44 12 89 5 1 9 104 16 21 24 42 107 90 69 113 115 39 60 63 98 147 118 49 91 88 27 52 82 137 111 0
Coste: 622887187

GENERACION: 51
Mejor Solucion:  29 112 110 56 83 32 48 4 132 109 145 57 8 74 86 121 130 22 142 30 6 23 127 106 126 35 14 95 101 144 80 26 66 43 41 143 28 67 123 105 37 120 15 103 68 84 94 102 17 135 96 64 19 3 117 46 2 100 11 58 51 149 79 131 73 148 141 36 128 125 129 55 13 76 70 7 93 134 65 25 124 136 45 50 133 10 92 99 81 146 116 18 53 75 33 114 72 108 138 87 38 78 139 59 40 61 20 119 62 31 85 34 77 54 97 140 47 122 71 44 12 89 5 1 9 104 16 21 24 42 107 90 69 113 115 39 60 63 98 147 118 49 91 88 27 52 82 137 111 0
Coste: 622887187

GENERACION: 52
Mejor Solucion:  29 112 110 56 83 32 48 4 132 109 145 57 8 74 86 121 130 22 142 30 6 23 127 106 126 35 14 95 101 144 80 26 66 43 41 143 28 67 123 105 37 120 15 103 68 84 94 102 17 135 96 64 19 3 117 46 2 100 11 58 51 149 79 131 73 148 141 36 128 125 129 55 13 76 70 7 93 134 65 25 124 136 45 50 133 10 92 99 81 146 116 18 53 75 33 114 72 108 138 87 38 78 139 59 40 61 20 119 62 31 85 34 77 54 97 140 47 122 71 44 12 89 5 1 9 104 16 21 24 42 107 90 69 113 115 39 60 63 98 147 118 49 91 88 27 52 82 137 111 0
Coste: 622887187

GENERACION: 53
Mejor Solucion:  29 112 110 56 83 32 48 4 132 109 145 57 8 74 86 121 130 22 142 30 6 23 127 106 126 35 14 95 101 144 80 26 66 43 41 143 28 67 123 105 37 120 15 103 68 84 94 102 17 135 96 64 19 3 117 46 2 100 11 58 51 149 79 131 73 148 141 36 128 125 129 55 13 76 70 7 93 134 65 25 124 136 45 50 133 10 92 99 81 146 116 18 53 75 33 114 72 108 138 87 38 78 139 59 40 61 20 119 62 31 85 34 77 54 97 140 47 122 71 44 12 89 5 1 9 104 16 21 24 42 107 90 69 113 115 39 60 63 98 147 118 49 91 88 27 52 82 137 111 0
Coste: 622887187

GENERACION: 54
Mejor Solucion:  29 112 110 56 83 32 48 4 132 109 145 57 8 74 86 121 130 22 142 30 6 23 127 106 126 35 14 95 101 144 80 26 66 43 41 143 28 67 123 105 37 120 15 103 68 84 94 102 17 135 96 64 19 3 117 46 2 100 11 58 51 149 79 131 73 148 141 36 128 125 129 55 13 76 70 7 93 134 65 25 124 136 45 50 133 10 92 99 81 146 116 18 53 75 33 114 72 108 138 87 38 78 139 59 40 61 20 119 62 31 85 34 77 54 97 140 47 122 71 44 12 89 5 1 9 104 16 21 24 42 107 90 69 113 115 39 60 63 98 147 118 49 91 88 27 52 82 137 111 0
Coste: 622887187

GENERACION: 55
Mejor Solucion:  29 112 110 56 83 32 48 4 132 109 145 57 8 74 86 121 130 22 142 30 6 23 127 106 126 35 14 95 101 144 80 26 66 43 41 143 28 67 123 105 37 120 15 103 68 84 94 102 17 135 96 64 19 3 117 46 2 100 11 58 51 149 79 131 73 148 141 36 128 125 129 55 13 76 70 7 93 134 65 25 124 136 45 50 133 10 92 99 81 146 116 18 53 75 33 114 72 108 138 87 38 78 139 59 40 61 20 119 62 31 85 34 77 54 97 140 47 122 71 44 12 89 5 1 9 104 16 21 24 42 107 90 69 113 115 39 60 63 98 147 118 49 91 88 27 52 82 137 111 0
Coste: 622887187

GENERACION: 56
Mejor Solucion:  29 112 110 56 83 32 48 4 132 109 145 57 8 74 86 121 130 22 142 30 6 23 127 106 126 35 14 95 101 144 80 26 66 43 41 143 28 67 123 105 37 120 15 103 68 84 94 102 17 135 96 64 19 3 117 46 2 100 11 58 51 149 79 131 73 148 141 36 128 125 129 55 13 76 70 7 93 134 65 25 124 136 45 50 133 10 92 99 81 146 116 18 53 75 33 114 72 108 138 87 38 78 139 59 40 61 20 119 62 31 85 34 77 54 97 140 47 122 71 44 12 89 5 1 9 104 16 21 24 42 107 90 69 113 115 39 60 63 98 147 118 49 91 88 27 52 82 137 111 0
Coste: 622887187

GENERACION: 57
Mejor Solucion:  29 112 110 56 83 32 48 4 132 109 145 57 8 74 86 121 130 22 142 30 6 23 127 106 126 35 14 95 101 144 80 26 66 43 41 143 28 67 123 105 37 120 15 103 68 84 94 102 17 135 96 64 19 3 117 46 2 100 11 58 51 149 79 131 73 148 141 36 128 125 129 55 13 76 70 7 93 134 65 25 124 136 45 50 133 10 92 99 81 146 116 18 53 75 33 114 72 108 138 87 38 78 139 59 40 61 20 119 62 31 85 34 77 54 97 140 47 122 71 44 12 89 5 1 9 104 16 21 24 42 107 90 69 113 115 39 60 63 98 147 118 49 91 88 27 52 82 137 111 0
Coste: 622887187

GENERACION: 58
Mejor Solucion:  29 112 110 56 83 32 48 4 132 109 145 57 8 74 86 121 130 22 142 30 6 23 127 106 126 35 14 95 101 144 80 26 66 43 41 143 28 67 123 105 37 120 15 103 68 84 94 102 17 135 96 64 19 3 117 46 2 100 11 58 51 149 79 131 73 148 141 36 128 125 129 55 13 76 70 7 93 134 65 25 124 136 45 50 133 10 92 99 81 146 116 18 53 75 33 114 72 108 138 87 38 78 139 59 40 61 20 119 62 31 85 34 77 54 97 140 47 122 71 44 12 89 5 1 9 104 16 21 24 42 107 90 69 113 115 39 60 63 98 147 118 49 91 88 27 52 82 137 111 0
Coste: 622887187

GENERACION: 59
Mejor Solucion:  29 112 110 56 83 32 48 4 132 109 145 57 8 74 86 121 130 22 142 30 6 23 127 106 126 35 14 95 101 144 80 26 66 43 41 143 28 67 123 105 37 120 15 103 68 84 94 102 17 135 96 64 19 3 117 46 2 100 11 58 51 149 79 131 73 148 141 36 128 125 129 55 13 76 70 7 93 134 65 25 124 136 45 50 133 10 92 99 81 146 116 18 53 75 33 114 72 108 138 87 38 78 139 59 40 61 20 119 62 31 85 34 77 54 97 140 47 122 71 44 12 89 5 1 9 104 16 21 24 42 107 90 69 113 115 39 60 63 98 147 118 49 91 88 27 52 82 137 111 0
Coste: 622887187

GENERACION: 60
Mejor Solucion:  29 112 110 56 83 32 48 4 132 109 145 57 8 74 86 121 130 22 142 30 6 23 127 106 126 35 14 95 101 144 80 26 66 43 41 143 28 67 123 105 37 120 15 103 68 84 94 102 17 135 96 64 19 3 117 46 2 100 11 58 51 149 79 131 73 148 141 36 128 125 129 55 13 76 70 7 93 134 65 25 124 136 45 50 133 10 92 99 81 146 116 18 53 75 33 114 72 108 138 87 38 78 139 59 40 61 20 119 62 31 85 34 77 54 97 140 47 122 71 44 12 89 5 1 9 104 16 21 24 42 107 90 69 113 115 39 60 63 98 147 118 49 91 88 27 52 82 137 111 0
Coste: 622887187

GENERACION: 61
Mejor Solucion:  29 112 110 56 83 32 48 4 132 109 145 57 8 74 86 121 130 22 142 30 6 23 127 106 126 35 14 95 101 144 80 26 66 43 41 143 28 67 123 105 37 120 15 103 68 84 94 102 17 135 96 64 19 3 117 46 2 100 11 58 51 149 79 131 73 148 141 36 128 125 129 55 13 76 70 7 93 134 65 25 124 136 45 50 133 10 92 99 81 146 116 18 53 75 33 114 72 108 138 87 38 78 139 59 40 61 20 119 62 31 85 34 77 54 97 140 47 122 71 44 12 89 5 1 9 104 16 21 24 42 107 90 69 113 115 39 60 63 98 147 118 49 91 88 27 52 82 137 111 0
Coste: 622887187

