GENERACION: 1
Mejor Solucion:  43 20 47 87 29 96 112 32 66 123 17 139 101 46 53 136 89 82 24 41 114 125 59 141 78 11 134 98 68 77 73 7 147 149 108 142 121 26 48 30 62 131 57 44 18 116 127 0 126 148 37 80 2 35 115 55 85 34 93 19 49 130 120 45 97 6 132 56 58 39 144 36 8 65 94 64 145 40 83 71 79 110 102 15 91 4 111 16 69 28 84 106 92 22 5 75 12 119 51 54 129 63 38 103 52 113 88 33 117 137 104 25 100 60 124 70 138 74 27 143 72 86 95 133 81 23 9 135 128 140 67 122 61 105 118 31 76 99 50 90 109 42 107 21 3 10 1 146 13 14
Coste: 628239565

GENERACION: 2
Mejor Solucion:  43 20 47 87 29 96 112 32 66 123 17 139 101 46 53 136 89 82 24 41 114 125 59 141 78 11 134 98 68 77 73 7 147 149 108 142 121 26 48 30 62 131 57 44 18 116 127 0 126 148 37 80 2 35 115 55 85 34 93 19 49 130 120 45 97 6 132 56 58 39 144 36 8 65 94 64 145 40 83 71 79 110 102 15 91 4 111 16 69 28 84 106 92 22 5 75 12 119 51 54 129 63 38 103 52 113 88 33 117 137 104 25 100 60 124 70 138 74 27 143 72 86 95 133 81 23 9 135 128 140 67 122 61 105 118 31 76 99 50 90 109 42 107 21 3 10 1 146 13 14
Coste: 628239565

GENERACION: 3
Mejor Solucion:  43 20 47 87 29 96 112 32 66 123 17 139 101 46 53 136 89 82 24 41 114 125 59 141 78 11 134 98 68 77 73 7 147 149 108 142 121 26 48 30 62 131 57 44 18 116 127 0 126 148 37 80 2 35 115 55 85 34 93 19 49 130 120 45 97 6 132 56 58 39 144 36 8 65 94 64 145 40 83 71 79 110 102 15 91 4 111 16 69 28 84 106 92 22 5 75 12 119 51 54 129 63 38 103 52 113 88 33 117 137 104 25 100 60 124 70 138 74 27 143 72 86 95 133 81 23 9 135 128 140 67 122 61 105 118 31 76 99 50 90 109 42 107 21 3 10 1 146 13 14
Coste: 628239565

GENERACION: 4
Mejor Solucion:  43 20 47 87 29 96 112 32 66 123 17 139 101 46 53 136 89 82 24 41 114 125 59 141 78 11 134 98 68 77 73 7 147 149 108 142 121 26 48 30 62 131 57 44 18 116 127 0 126 148 37 80 2 35 115 55 85 34 93 19 49 130 120 45 97 6 132 56 58 39 144 36 8 65 94 64 145 40 83 71 79 110 102 15 91 4 111 16 69 28 84 106 92 22 5 75 12 119 51 54 129 63 38 103 52 113 88 33 117 137 104 25 100 60 124 70 138 74 27 143 72 86 95 133 81 23 9 135 128 140 67 122 61 105 118 31 76 99 50 90 109 42 107 21 3 10 1 146 13 14
Coste: 628239565

GENERACION: 5
Mejor Solucion:  43 20 47 87 29 96 112 32 66 123 17 139 101 46 53 136 89 82 24 41 114 125 59 141 78 11 134 98 68 77 73 7 147 149 108 142 121 26 48 30 62 131 57 44 18 116 127 0 126 148 37 80 2 35 115 55 85 34 93 19 49 130 120 45 97 6 132 56 58 39 144 36 8 65 94 64 145 40 83 71 79 110 102 15 91 4 111 16 69 28 84 106 92 22 5 75 12 119 51 54 129 63 38 103 52 113 88 33 117 137 104 25 100 60 124 70 138 74 27 143 72 86 95 133 81 23 9 135 128 140 67 122 61 105 118 31 76 99 50 90 109 42 107 21 3 10 1 146 13 14
Coste: 628239565

GENERACION: 6
Mejor Solucion:  43 20 47 87 29 96 112 32 66 123 17 139 101 46 53 136 89 82 24 41 114 125 59 141 78 11 134 98 68 77 73 7 147 149 108 142 121 26 48 30 62 131 57 44 18 116 127 0 126 148 37 80 2 35 115 55 85 34 93 19 49 130 120 45 97 6 132 56 58 39 144 36 8 65 94 64 145 40 83 71 79 110 102 15 91 4 111 16 69 28 84 106 92 22 5 75 12 119 51 54 129 63 38 103 52 113 88 33 117 137 104 25 100 60 124 70 138 74 27 143 72 86 95 133 81 23 9 135 128 140 67 122 61 105 118 31 76 99 50 90 109 42 107 21 3 10 1 146 13 14
Coste: 628239565

GENERACION: 7
Mejor Solucion:  43 20 47 87 29 96 112 32 66 123 17 139 101 46 53 136 89 82 24 41 114 125 59 141 78 11 134 98 68 77 73 7 147 149 108 142 121 26 48 30 62 131 57 44 18 116 127 0 126 148 37 80 2 35 115 55 85 34 93 19 49 130 120 45 97 6 132 56 58 39 144 36 8 65 94 64 145 40 83 71 79 110 102 15 91 4 111 16 69 28 84 106 92 22 5 75 12 119 51 54 129 63 38 103 52 113 88 33 117 137 104 25 100 60 124 70 138 74 27 143 72 86 95 133 81 23 9 135 128 140 67 122 61 105 118 31 76 99 50 90 109 42 107 21 3 10 1 146 13 14
Coste: 628239565

GENERACION: 8
Mejor Solucion:  43 20 47 87 29 96 112 32 66 123 17 139 101 46 53 136 89 82 24 41 114 125 59 141 78 11 134 98 68 77 73 7 147 149 108 142 121 26 48 30 62 131 57 44 18 116 127 0 126 148 37 80 2 35 115 55 85 34 93 19 49 130 120 45 97 6 132 56 58 39 144 36 8 65 94 64 145 40 83 71 79 110 102 15 91 4 111 16 69 28 84 106 92 22 5 75 12 119 51 54 129 63 38 103 52 113 88 33 117 137 104 25 100 60 124 70 138 74 27 143 72 86 95 133 81 23 9 135 128 140 67 122 61 105 118 31 76 99 50 90 109 42 107 21 3 10 1 146 13 14
Coste: 628239565

GENERACION: 9
Mejor Solucion:  43 20 47 87 29 96 112 32 66 123 77 102 101 46 53 17 89 82 9 75 21 67 59 141 78 11 134 98 68 65 73 7 147 127 108 142 109 26 48 30 62 137 57 44 18 10 149 0 126 148 37 80 2 35 115 55 85 34 120 99 113 130 93 45 97 27 144 56 16 39 132 36 8 104 94 64 105 40 83 71 79 110 70 15 91 4 111 58 69 28 84 106 92 22 5 54 12 119 51 41 129 63 38 103 52 49 88 81 131 117 136 25 24 60 124 139 138 74 6 143 72 86 95 146 33 23 100 135 118 140 125 122 61 145 128 31 76 19 50 90 121 42 107 114 3 116 1 133 13 14
Coste: 624127037

GENERACION: 10
Mejor Solucion:  43 20 47 87 29 96 112 32 66 123 77 102 101 46 53 17 89 82 9 75 21 67 59 141 78 11 134 98 68 65 73 7 147 127 108 142 109 26 48 30 62 137 57 44 18 10 149 0 126 148 37 80 2 35 115 55 85 34 120 99 113 130 93 45 97 27 144 56 16 39 132 36 8 104 94 64 105 40 83 71 79 110 70 15 91 4 111 58 69 28 84 106 92 22 5 54 12 119 51 41 129 63 38 103 52 49 88 81 131 117 136 25 24 60 124 139 138 74 6 143 72 86 95 146 33 23 100 135 118 140 125 122 61 145 128 31 76 19 50 90 121 42 107 114 3 116 1 133 13 14
Coste: 624127037

GENERACION: 11
Mejor Solucion:  43 20 47 87 29 96 112 32 66 123 77 102 101 46 53 17 89 82 9 75 21 67 59 141 78 11 134 98 68 65 73 7 147 127 108 142 109 26 48 30 62 137 57 44 18 10 149 0 126 148 37 80 2 35 115 55 85 34 120 99 113 130 93 45 97 27 144 56 16 39 132 36 8 104 94 64 105 40 83 71 79 110 70 15 91 4 111 58 69 28 84 106 92 22 5 54 12 119 51 41 129 63 38 103 52 49 88 81 131 117 136 25 24 60 124 139 138 74 6 143 72 86 95 146 33 23 100 135 118 140 125 122 61 145 128 31 76 19 50 90 121 42 107 114 3 116 1 133 13 14
Coste: 624127037

GENERACION: 12
Mejor Solucion:  43 20 47 87 29 96 112 32 66 123 77 102 101 46 53 17 89 82 9 75 21 67 59 141 78 11 134 98 68 65 73 7 147 127 108 142 109 26 48 30 62 137 57 44 18 10 149 0 126 148 37 80 2 35 115 55 85 34 120 99 113 130 93 45 97 27 144 56 16 39 132 36 8 104 94 64 105 40 83 71 79 110 70 15 91 4 111 58 69 28 84 106 92 22 5 54 12 119 51 41 129 63 38 103 52 49 88 81 131 117 136 25 24 60 124 139 138 74 6 143 72 86 95 146 33 23 100 135 118 140 125 122 61 145 128 31 76 19 50 90 121 42 107 114 3 116 1 133 13 14
Coste: 624127037

GENERACION: 13
Mejor Solucion:  43 20 47 87 29 96 112 32 66 123 77 102 101 46 53 17 89 82 9 75 21 67 59 141 78 11 134 98 68 65 73 7 147 127 108 142 109 26 48 30 62 137 57 44 18 10 149 0 126 148 37 80 2 35 115 55 85 34 120 99 113 130 93 45 97 27 144 56 16 39 132 36 8 104 94 64 105 40 83 71 79 110 70 15 91 4 111 58 69 28 84 106 92 22 5 54 12 119 51 41 129 63 38 103 52 49 88 81 131 117 136 25 24 60 124 139 138 74 6 143 72 86 95 146 33 23 100 135 118 140 125 122 61 145 128 31 76 19 50 90 121 42 107 114 3 116 1 133 13 14
Coste: 624127037

GENERACION: 14
Mejor Solucion:  43 20 47 87 29 96 112 32 66 123 77 102 101 46 53 17 89 82 9 75 21 67 59 141 78 11 134 98 68 65 73 7 147 127 108 142 109 26 48 30 62 137 57 44 18 10 149 0 126 148 37 80 2 35 115 55 85 34 120 99 113 130 93 45 97 27 144 56 16 39 132 36 8 104 94 64 105 40 83 71 79 110 70 15 91 4 111 58 69 28 84 106 92 22 5 54 12 119 51 41 129 63 38 103 52 49 88 81 131 117 136 25 24 60 124 139 138 74 6 143 72 86 95 146 33 23 100 135 118 140 125 122 61 145 128 31 76 19 50 90 121 42 107 114 3 116 1 133 13 14
Coste: 624127037

GENERACION: 15
Mejor Solucion:  43 20 47 87 29 96 112 32 66 123 77 102 101 46 53 17 89 82 9 75 21 67 59 141 78 11 134 98 68 65 73 7 147 127 108 142 109 26 48 30 62 137 57 44 18 10 149 0 126 148 37 80 2 35 115 55 85 34 120 99 113 130 93 45 97 27 144 56 16 39 132 36 8 104 94 64 105 40 83 71 79 110 70 15 91 4 111 58 69 28 84 106 92 22 5 54 12 119 51 41 129 63 38 103 52 49 88 81 131 117 136 25 24 60 124 139 138 74 6 143 72 86 95 146 33 23 100 135 118 140 125 122 61 145 128 31 76 19 50 90 121 42 107 114 3 116 1 133 13 14
Coste: 624127037

GENERACION: 16
Mejor Solucion:  43 20 47 87 29 96 112 32 66 123 77 102 101 46 53 17 89 82 9 75 21 67 59 141 78 11 134 98 68 65 73 7 147 127 108 142 109 26 48 30 62 137 57 44 18 10 149 0 126 148 37 80 2 35 115 55 85 34 120 99 113 130 93 45 97 27 144 56 16 39 132 36 8 104 94 64 105 40 83 71 79 110 70 15 91 4 111 58 69 28 84 106 92 22 5 54 12 119 51 41 129 63 38 103 52 49 88 81 131 117 136 25 24 60 124 139 138 74 6 143 72 86 95 146 33 23 100 135 118 140 125 122 61 145 128 31 76 19 50 90 121 42 107 114 3 116 1 133 13 14
Coste: 624127037

GENERACION: 17
Mejor Solucion:  43 20 47 87 29 96 112 32 66 123 77 102 101 46 53 17 89 82 9 75 21 67 59 141 78 11 134 98 68 65 73 7 147 127 108 142 109 26 48 30 62 137 57 44 18 10 149 0 126 148 37 80 2 35 115 55 85 34 120 99 113 130 93 45 97 27 144 56 16 39 132 36 8 104 94 64 105 40 83 71 79 110 70 15 91 4 111 58 69 28 84 106 92 22 5 54 12 119 51 41 129 63 38 103 52 49 88 81 131 117 136 25 24 60 124 139 138 74 6 143 72 86 95 146 33 23 100 135 118 140 125 122 61 145 128 31 76 19 50 90 121 42 107 114 3 116 1 133 13 14
Coste: 624127037

GENERACION: 18
Mejor Solucion:  43 20 47 87 29 96 112 32 66 123 77 102 101 46 53 17 89 82 9 75 21 67 59 141 78 11 134 98 68 65 73 7 147 127 108 142 109 26 48 30 62 137 57 44 18 10 149 0 126 148 37 80 2 35 115 55 85 34 120 99 113 130 93 45 97 27 144 56 16 39 132 36 8 104 94 64 105 40 83 71 79 110 70 15 91 4 111 58 69 28 84 106 92 22 5 54 12 119 51 41 129 63 38 103 52 49 88 81 131 117 136 25 24 60 124 139 138 74 6 143 72 86 95 146 33 23 100 135 118 140 125 122 61 145 128 31 76 19 50 90 121 42 107 114 3 116 1 133 13 14
Coste: 624127037

GENERACION: 19
Mejor Solucion:  43 20 47 87 29 96 112 32 66 123 77 102 101 46 53 17 89 82 9 75 21 67 59 141 78 11 134 98 68 65 73 7 147 127 108 142 109 26 48 30 62 137 57 44 18 10 149 0 126 148 37 80 2 35 115 55 85 34 120 99 113 130 93 45 97 27 144 56 16 39 132 36 8 104 94 64 105 40 83 71 79 110 70 15 91 4 111 58 69 28 84 106 92 22 5 54 12 119 51 41 129 63 38 103 52 49 88 81 131 117 136 25 24 60 124 139 138 74 6 143 72 86 95 146 33 23 100 135 118 140 125 122 61 145 128 31 76 19 50 90 121 42 107 114 3 116 1 133 13 14
Coste: 624127037

GENERACION: 20
Mejor Solucion:  43 20 47 87 29 96 112 32 66 123 77 102 101 46 53 17 89 82 9 75 21 67 59 141 78 11 134 98 68 65 73 7 147 127 108 142 109 26 48 30 62 137 57 44 18 10 149 0 126 148 37 80 2 35 115 55 85 34 120 99 113 130 93 45 97 27 144 56 16 39 132 36 8 104 94 64 105 40 83 71 79 110 70 15 91 4 111 58 69 28 84 106 92 22 5 54 12 119 51 41 129 63 38 103 52 49 88 81 131 117 136 25 24 60 124 139 138 74 6 143 72 86 95 146 33 23 100 135 118 140 125 122 61 145 128 31 76 19 50 90 121 42 107 114 3 116 1 133 13 14
Coste: 624127037

GENERACION: 21
Mejor Solucion:  43 20 47 87 29 96 112 32 66 123 77 102 101 46 53 17 89 82 9 75 21 67 59 141 78 11 134 98 68 65 73 7 147 127 108 142 109 26 48 30 62 137 57 44 18 10 149 0 126 148 37 80 2 35 115 55 85 34 120 99 113 130 93 45 97 27 144 56 16 39 132 36 8 104 94 64 105 40 83 71 79 110 70 15 91 4 111 58 69 28 84 106 92 22 5 54 12 119 51 41 129 63 38 103 52 49 88 81 131 117 136 25 24 60 124 139 138 74 6 143 72 86 95 146 33 23 100 135 118 140 125 122 61 145 128 31 76 19 50 90 121 42 107 114 3 116 1 133 13 14
Coste: 624127037

GENERACION: 22
Mejor Solucion:  43 20 47 87 29 96 112 32 66 123 77 102 101 46 53 17 89 82 9 75 21 67 59 141 78 11 134 98 68 65 73 7 147 127 108 142 109 26 48 30 62 137 57 44 18 10 149 0 126 148 37 80 2 35 115 55 85 34 120 99 113 130 93 45 97 27 144 56 16 39 132 36 8 104 94 64 105 40 83 71 79 110 70 15 91 4 111 58 69 28 84 106 92 22 5 54 12 119 51 41 129 63 38 103 52 49 88 81 131 117 136 25 24 60 124 139 138 74 6 143 72 86 95 146 33 23 100 135 118 140 125 122 61 145 128 31 76 19 50 90 121 42 107 114 3 116 1 133 13 14
Coste: 624127037

GENERACION: 23
Mejor Solucion:  43 20 47 87 29 96 112 32 66 123 77 102 101 46 53 17 89 82 9 75 21 67 59 141 78 11 134 98 68 65 73 7 147 127 108 142 109 26 48 30 62 137 57 44 18 10 149 0 126 148 37 80 2 35 115 55 85 34 120 99 113 130 93 45 97 27 144 56 16 39 132 36 8 104 94 64 105 40 83 71 79 110 70 15 91 4 111 58 69 28 84 106 92 22 5 54 12 119 51 41 129 63 38 103 52 49 88 81 131 117 136 25 24 60 124 139 138 74 6 143 72 86 95 146 33 23 100 135 118 140 125 122 61 145 128 31 76 19 50 90 121 42 107 114 3 116 1 133 13 14
Coste: 624127037

GENERACION: 24
Mejor Solucion:  43 20 47 87 29 96 112 32 66 123 77 102 101 46 53 17 89 82 9 75 21 67 59 141 78 11 134 98 68 65 73 7 147 127 108 142 109 26 48 30 62 137 57 44 18 10 149 0 126 148 37 80 2 35 115 55 85 34 120 99 113 130 93 45 97 27 144 56 16 39 132 36 8 104 94 64 105 40 83 71 79 110 70 15 91 4 111 58 69 28 84 106 92 22 5 54 12 119 51 41 129 63 38 103 52 49 88 81 131 117 136 25 24 60 124 139 138 74 6 143 72 86 95 146 33 23 100 135 118 140 125 122 61 145 128 31 76 19 50 90 121 42 107 114 3 116 1 133 13 14
Coste: 624127037

GENERACION: 25
Mejor Solucion:  43 20 47 87 29 96 112 32 66 123 77 102 101 46 53 17 89 82 9 75 21 67 59 141 78 11 134 98 68 65 73 7 147 127 108 142 109 26 48 30 62 137 57 44 18 10 149 0 126 148 37 80 2 35 115 55 85 34 120 99 113 130 93 45 97 27 144 56 16 39 132 36 8 104 94 64 105 40 83 71 79 110 70 15 91 4 111 58 69 28 84 106 92 22 5 54 12 119 51 41 129 63 38 103 52 49 88 81 131 117 136 25 24 60 124 139 138 74 6 143 72 86 95 146 33 23 100 135 118 140 125 122 61 145 128 31 76 19 50 90 121 42 107 114 3 116 1 133 13 14
Coste: 624127037

GENERACION: 26
Mejor Solucion:  43 20 47 87 29 96 112 32 66 123 77 102 101 46 53 17 89 82 9 75 21 67 59 141 78 11 134 98 68 65 73 7 147 127 108 142 109 26 48 30 62 137 57 44 18 10 149 0 126 148 37 80 2 35 115 55 85 34 120 99 113 130 93 45 97 27 144 56 16 39 132 36 8 104 94 64 105 40 83 71 79 110 70 15 91 4 111 58 69 28 84 106 92 22 5 54 12 119 51 41 129 63 38 103 52 49 88 81 131 117 136 25 24 60 124 139 138 74 6 143 72 86 95 146 33 23 100 135 118 140 125 122 61 145 128 31 76 19 50 90 121 42 107 114 3 116 1 133 13 14
Coste: 624127037

GENERACION: 27
Mejor Solucion:  43 20 47 87 29 96 112 32 66 123 77 102 101 46 53 17 89 82 9 75 21 67 59 141 78 11 134 98 68 65 73 7 147 127 108 142 109 26 48 30 62 137 57 44 18 10 149 0 126 148 37 80 2 35 115 55 85 34 120 99 113 130 93 45 97 27 144 56 16 39 132 36 8 104 94 64 105 40 83 71 79 110 70 15 91 4 111 58 69 28 84 106 92 22 5 54 12 119 51 41 129 63 38 103 52 49 88 81 131 117 136 25 24 60 124 139 138 74 6 143 72 86 95 146 33 23 100 135 118 140 125 122 61 145 128 31 76 19 50 90 121 42 107 114 3 116 1 133 13 14
Coste: 624127037

GENERACION: 28
Mejor Solucion:  43 20 47 87 29 96 112 32 66 123 77 102 101 46 53 17 89 82 9 75 21 67 59 141 78 11 134 98 68 65 73 7 147 127 108 142 109 26 48 30 62 137 57 44 18 10 149 0 126 148 37 80 2 35 115 55 85 34 120 99 113 130 93 45 97 27 144 56 16 39 132 36 8 104 94 64 105 40 83 71 79 110 70 15 91 4 111 58 69 28 84 106 92 22 5 54 12 119 51 41 129 63 38 103 52 49 88 81 131 117 136 25 24 60 124 139 138 74 6 143 72 86 95 146 33 23 100 135 118 140 125 122 61 145 128 31 76 19 50 90 121 42 107 114 3 116 1 133 13 14
Coste: 624127037

GENERACION: 29
Mejor Solucion:  43 20 47 87 29 96 112 32 66 123 77 102 101 46 53 17 89 82 9 75 21 67 59 141 78 11 134 98 68 65 73 7 147 127 108 142 109 26 48 30 62 137 57 44 18 10 149 0 126 148 37 80 2 35 115 55 85 34 120 99 113 130 93 45 97 27 144 56 16 39 132 36 8 104 94 64 105 40 83 71 79 110 70 15 91 4 111 58 69 28 84 106 92 22 5 54 12 119 51 41 129 63 38 103 52 49 88 81 131 117 136 25 24 60 124 139 138 74 6 143 72 86 95 146 33 23 100 135 118 140 125 122 61 145 128 31 76 19 50 90 121 42 107 114 3 116 1 133 13 14
Coste: 624127037

GENERACION: 30
Mejor Solucion:  43 20 47 87 29 96 112 32 66 123 77 102 101 46 53 17 89 82 9 75 21 67 59 141 78 11 134 98 68 65 73 7 147 127 108 142 109 26 48 30 62 137 57 44 18 10 149 0 126 148 37 80 2 35 115 55 85 34 120 99 113 130 93 45 97 27 144 56 16 39 132 36 8 104 94 64 105 40 83 71 79 110 70 15 91 4 111 58 69 28 84 106 92 22 5 54 12 119 51 41 129 63 38 103 52 49 88 81 131 117 136 25 24 60 124 139 138 74 6 143 72 86 95 146 33 23 100 135 118 140 125 122 61 145 128 31 76 19 50 90 121 42 107 114 3 116 1 133 13 14
Coste: 624127037

GENERACION: 31
Mejor Solucion:  43 20 47 87 29 96 112 32 66 123 77 102 101 46 53 17 89 82 9 75 21 67 59 141 78 11 134 98 68 65 73 7 147 127 108 142 109 26 48 30 62 137 57 44 18 10 149 0 126 148 37 80 2 35 115 55 85 34 120 99 113 130 93 45 97 27 144 56 16 39 132 36 8 104 94 64 105 40 83 71 79 110 70 15 91 4 111 58 69 28 84 106 92 22 5 54 12 119 51 41 129 63 38 103 52 49 88 81 131 117 136 25 24 60 124 139 138 74 6 143 72 86 95 146 33 23 100 135 118 140 125 122 61 145 128 31 76 19 50 90 121 42 107 114 3 116 1 133 13 14
Coste: 624127037

GENERACION: 32
Mejor Solucion:  43 20 47 87 29 96 112 32 66 123 77 102 101 46 53 17 89 82 9 75 21 67 59 141 78 11 134 98 68 65 73 7 147 127 108 142 109 26 48 30 62 137 57 44 18 10 149 0 126 148 37 80 2 35 115 55 85 34 120 99 113 130 93 45 97 27 144 56 16 39 132 36 8 104 94 64 105 40 83 71 79 110 70 15 91 4 111 58 69 28 84 106 92 22 5 54 12 119 51 41 129 63 38 103 52 49 88 81 131 117 136 25 24 60 124 139 138 74 6 143 72 86 95 146 33 23 100 135 118 140 125 122 61 145 128 31 76 19 50 90 121 42 107 114 3 116 1 133 13 14
Coste: 624127037

GENERACION: 33
Mejor Solucion:  43 20 47 87 29 96 112 32 66 123 77 102 101 46 53 17 89 82 9 75 21 67 59 141 78 11 134 98 68 65 73 7 147 127 108 142 109 26 48 30 62 137 57 44 18 10 149 0 126 148 37 80 2 35 115 55 85 34 120 99 113 130 93 45 97 27 144 56 16 39 132 36 8 104 94 64 105 40 83 71 79 110 70 15 91 4 111 58 69 28 84 106 92 22 5 54 12 119 51 41 129 63 38 103 52 49 88 81 131 117 136 25 24 60 124 139 138 74 6 143 72 86 95 146 33 23 100 135 118 140 125 122 61 145 128 31 76 19 50 90 121 42 107 114 3 116 1 133 13 14
Coste: 624127037

GENERACION: 34
Mejor Solucion:  43 20 47 87 29 96 112 32 66 123 77 102 101 46 53 17 89 82 9 75 21 67 59 141 78 11 134 98 68 65 73 7 147 127 108 142 109 26 48 30 62 137 57 44 18 10 149 0 126 148 37 80 2 35 115 55 85 34 120 99 113 130 93 45 97 27 144 56 16 39 132 36 8 104 94 64 105 40 83 71 79 110 70 15 91 4 111 58 69 28 84 106 92 22 5 54 12 119 51 41 129 63 38 103 52 49 88 81 131 117 136 25 24 60 124 139 138 74 6 143 72 86 95 146 33 23 100 135 118 140 125 122 61 145 128 31 76 19 50 90 121 42 107 114 3 116 1 133 13 14
Coste: 624127037

GENERACION: 35
Mejor Solucion:  43 20 47 87 29 96 112 32 66 123 77 102 101 46 53 17 89 82 9 75 21 67 59 141 78 11 134 98 68 65 73 7 147 127 108 142 109 26 48 30 62 137 57 44 18 10 149 0 126 148 37 80 2 35 115 55 85 34 120 99 113 130 93 45 97 27 144 56 16 39 132 36 8 104 94 64 105 40 83 71 79 110 70 15 91 4 111 58 69 28 84 106 92 22 5 54 12 119 51 41 129 63 38 103 52 49 88 81 131 117 136 25 24 60 124 139 138 74 6 143 72 86 95 146 33 23 100 135 118 140 125 122 61 145 128 31 76 19 50 90 121 42 107 114 3 116 1 133 13 14
Coste: 624127037

GENERACION: 36
Mejor Solucion:  43 20 47 87 29 96 112 32 66 123 77 102 101 46 53 17 89 82 9 75 21 67 59 141 78 11 134 98 68 65 73 7 147 127 108 142 109 26 48 30 62 137 57 44 18 10 149 0 126 148 37 80 2 35 115 55 85 34 120 99 113 130 93 45 97 27 144 56 16 39 132 36 8 104 94 64 105 40 83 71 79 110 70 15 91 4 111 58 69 28 84 106 92 22 5 54 12 119 51 41 129 63 38 103 52 49 88 81 131 117 136 25 24 60 124 139 138 74 6 143 72 86 95 146 33 23 100 135 118 140 125 122 61 145 128 31 76 19 50 90 121 42 107 114 3 116 1 133 13 14
Coste: 624127037

GENERACION: 37
Mejor Solucion:  43 20 47 87 29 96 112 32 66 123 77 102 101 46 53 17 89 82 9 75 21 67 59 141 78 11 134 98 68 65 73 7 147 127 108 142 109 26 48 30 62 137 57 44 18 10 149 0 126 148 37 80 2 35 115 55 85 34 120 99 113 130 93 45 97 27 144 56 16 39 132 36 8 104 94 64 105 40 83 71 79 110 70 15 91 4 111 58 69 28 84 106 92 22 5 54 12 119 51 41 129 63 38 103 52 49 88 81 131 117 136 25 24 60 124 139 138 74 6 143 72 86 95 146 33 23 100 135 118 140 125 122 61 145 128 31 76 19 50 90 121 42 107 114 3 116 1 133 13 14
Coste: 624127037

GENERACION: 38
Mejor Solucion:  43 20 47 87 29 96 112 32 66 123 77 102 101 46 53 17 89 82 9 75 21 67 59 141 78 11 134 98 68 65 73 7 147 127 108 142 109 26 48 30 62 137 57 44 18 10 149 0 126 148 37 80 2 35 115 55 85 34 120 99 113 130 93 45 97 27 144 56 16 39 132 36 8 104 94 64 105 40 83 71 79 110 70 15 91 4 111 58 69 28 84 106 92 22 5 54 12 119 51 41 129 63 38 103 52 49 88 81 131 117 136 25 24 60 124 139 138 74 6 143 72 86 95 146 33 23 100 135 118 140 125 122 61 145 128 31 76 19 50 90 121 42 107 114 3 116 1 133 13 14
Coste: 624127037

GENERACION: 39
Mejor Solucion:  43 20 47 87 29 96 112 32 66 123 77 102 101 46 53 17 89 82 9 75 21 67 59 141 78 11 134 98 68 65 73 7 147 127 108 142 109 26 48 30 62 137 57 44 18 10 149 0 126 148 37 80 2 35 115 55 85 34 120 99 113 130 93 45 97 27 144 56 16 39 132 36 8 104 94 64 105 40 83 71 79 110 70 15 91 4 111 58 69 28 84 106 92 22 5 54 12 119 51 41 129 63 38 103 52 49 88 81 131 117 136 25 24 60 124 139 138 74 6 143 72 86 95 146 33 23 100 135 118 140 125 122 61 145 128 31 76 19 50 90 121 42 107 114 3 116 1 133 13 14
Coste: 624127037

GENERACION: 40
Mejor Solucion:  43 20 47 87 29 96 112 32 66 123 77 102 101 46 53 17 89 82 9 75 21 67 59 141 78 11 134 98 68 65 73 7 147 127 108 142 109 26 48 30 62 137 57 44 18 10 149 0 126 148 37 80 2 35 115 55 85 34 120 99 113 130 93 45 97 27 144 56 16 39 132 36 8 104 94 64 105 40 83 71 79 110 70 15 91 4 111 58 69 28 84 106 92 22 5 54 12 119 51 41 129 63 38 103 52 49 88 81 131 117 136 25 24 60 124 139 138 74 6 143 72 86 95 146 33 23 100 135 118 140 125 122 61 145 128 31 76 19 50 90 121 42 107 114 3 116 1 133 13 14
Coste: 624127037

GENERACION: 41
Mejor Solucion:  43 20 47 87 29 96 112 32 66 123 77 102 101 46 53 17 89 82 9 75 21 67 59 141 78 11 134 98 68 65 73 7 147 127 108 142 109 26 48 30 62 137 57 44 18 10 149 0 126 148 37 80 2 35 115 55 85 34 120 99 113 130 93 45 97 27 144 56 16 39 132 36 8 104 94 64 105 40 83 71 79 110 70 15 91 4 111 58 69 28 84 106 92 22 5 54 12 119 51 41 129 63 38 103 52 49 88 81 131 117 136 25 24 60 124 139 138 74 6 143 72 86 95 146 33 23 100 135 118 140 125 122 61 145 128 31 76 19 50 90 121 42 107 114 3 116 1 133 13 14
Coste: 624127037

GENERACION: 42
Mejor Solucion:  43 20 47 87 29 96 112 32 66 123 77 102 101 46 53 17 89 82 9 75 21 67 59 141 78 11 134 98 68 65 73 7 147 127 108 142 109 26 48 30 62 137 57 44 18 10 149 0 126 148 37 80 2 35 115 55 85 34 120 99 113 130 93 45 97 27 144 56 16 39 132 36 8 104 94 64 105 40 83 71 79 110 70 15 91 4 111 58 69 28 84 106 92 22 5 54 12 119 51 41 129 63 38 103 52 49 88 81 131 117 136 25 24 60 124 139 138 74 6 143 72 86 95 146 33 23 100 135 118 140 125 122 61 145 128 31 76 19 50 90 121 42 107 114 3 116 1 133 13 14
Coste: 624127037

GENERACION: 43
Mejor Solucion:  43 20 47 87 29 96 112 32 66 123 77 102 101 46 53 17 89 82 9 75 21 67 59 141 78 11 134 98 68 65 73 7 147 127 108 142 109 26 48 30 62 137 57 44 18 10 149 0 126 148 37 80 2 35 115 55 85 34 120 99 113 130 93 45 97 27 144 56 16 39 132 36 8 104 94 64 105 40 83 71 79 110 70 15 91 4 111 58 69 28 84 106 92 22 5 54 12 119 51 41 129 63 38 103 52 49 88 81 131 117 136 25 24 60 124 139 138 74 6 143 72 86 95 146 33 23 100 135 118 140 125 122 61 145 128 31 76 19 50 90 121 42 107 114 3 116 1 133 13 14
Coste: 624127037

GENERACION: 44
Mejor Solucion:  43 20 47 87 29 96 112 32 66 123 77 102 101 46 53 17 89 82 9 75 21 67 59 141 78 11 134 98 68 65 73 7 147 127 108 142 109 26 48 30 62 137 57 44 18 10 149 0 126 148 37 80 2 35 115 55 85 34 120 99 113 130 93 45 97 27 144 56 16 39 132 36 8 104 94 64 105 40 83 71 79 110 70 15 91 4 111 58 69 28 84 106 92 22 5 54 12 119 51 41 129 63 38 103 52 49 88 81 131 117 136 25 24 60 124 139 138 74 6 143 72 86 95 146 33 23 100 135 118 140 125 122 61 145 128 31 76 19 50 90 121 42 107 114 3 116 1 133 13 14
Coste: 624127037

GENERACION: 45
Mejor Solucion:  43 20 47 87 29 96 112 32 66 123 77 102 101 46 53 17 89 82 9 75 21 67 59 141 78 11 134 98 68 65 73 7 147 127 108 142 109 26 48 30 62 137 57 44 18 10 149 0 126 148 37 80 2 35 115 55 85 34 120 99 113 130 93 45 97 27 144 56 16 39 132 36 8 104 94 64 105 40 83 71 79 110 70 15 91 4 111 58 69 28 84 106 92 22 5 54 12 119 51 41 129 63 38 103 52 49 88 81 131 117 136 25 24 60 124 139 138 74 6 143 72 86 95 146 33 23 100 135 118 140 125 122 61 145 128 31 76 19 50 90 121 42 107 114 3 116 1 133 13 14
Coste: 624127037

GENERACION: 46
Mejor Solucion:  43 20 47 87 29 96 112 32 66 123 77 102 101 46 53 17 89 82 9 75 21 67 59 141 78 11 134 98 68 65 73 7 147 127 108 142 109 26 48 30 62 137 57 44 18 10 149 0 126 148 37 80 2 35 115 55 85 34 120 99 113 130 93 45 97 27 144 56 16 39 132 36 8 104 94 64 105 40 83 71 79 110 70 15 91 4 111 58 69 28 84 106 92 22 5 54 12 119 51 41 129 63 38 103 52 49 88 81 131 117 136 25 24 60 124 139 138 74 6 143 72 86 95 146 33 23 100 135 118 140 125 122 61 145 128 31 76 19 50 90 121 42 107 114 3 116 1 133 13 14
Coste: 624127037

GENERACION: 47
Mejor Solucion:  43 20 47 87 29 96 112 32 66 123 77 102 101 46 53 17 89 82 9 75 21 67 59 141 78 11 134 98 68 65 73 7 147 127 108 142 109 26 48 30 62 137 57 44 18 10 149 0 126 148 37 80 2 35 115 55 85 34 120 99 113 130 93 45 97 27 144 56 16 39 132 36 8 104 94 64 105 40 83 71 79 110 70 15 91 4 111 58 69 28 84 106 92 22 5 54 12 119 51 41 129 63 38 103 52 49 88 81 131 117 136 25 24 60 124 139 138 74 6 143 72 86 95 146 33 23 100 135 118 140 125 122 61 145 128 31 76 19 50 90 121 42 107 114 3 116 1 133 13 14
Coste: 624127037

GENERACION: 48
Mejor Solucion:  43 20 47 87 29 96 112 32 66 123 77 102 101 46 53 17 89 82 9 75 21 67 59 141 78 11 134 98 68 65 73 7 147 127 108 142 109 26 48 30 62 137 57 44 18 10 149 0 126 148 37 80 2 35 115 55 85 34 120 99 113 130 93 45 97 27 144 56 16 39 132 36 8 104 94 64 105 40 83 71 79 110 70 15 91 4 111 58 69 28 84 106 92 22 5 54 12 119 51 41 129 63 38 103 52 49 88 81 131 117 136 25 24 60 124 139 138 74 6 143 72 86 95 146 33 23 100 135 118 140 125 122 61 145 128 31 76 19 50 90 121 42 107 114 3 116 1 133 13 14
Coste: 624127037

GENERACION: 49
Mejor Solucion:  43 20 47 87 29 96 112 32 66 123 77 102 101 46 53 17 89 82 9 75 21 67 59 141 78 11 134 98 68 65 73 7 147 127 108 142 109 26 48 30 62 137 57 44 18 10 149 0 126 148 37 80 2 35 115 55 85 34 120 99 113 130 93 45 97 27 144 56 16 39 132 36 8 104 94 64 105 40 83 71 79 110 70 15 91 4 111 58 69 28 84 106 92 22 5 54 12 119 51 41 129 63 38 103 52 49 88 81 131 117 136 25 24 60 124 139 138 74 6 143 72 86 95 146 33 23 100 135 118 140 125 122 61 145 128 31 76 19 50 90 121 42 107 114 3 116 1 133 13 14
Coste: 624127037

GENERACION: 50
Mejor Solucion:  43 20 47 87 29 96 112 32 66 123 77 102 101 46 53 17 89 82 9 75 21 67 59 141 78 11 134 98 68 65 73 7 147 127 108 142 109 26 48 30 62 137 57 44 18 10 149 0 126 148 37 80 2 35 115 55 85 34 120 99 113 130 93 45 97 27 144 56 16 39 132 36 8 104 94 64 105 40 83 71 79 110 70 15 91 4 111 58 69 28 84 106 92 22 5 54 12 119 51 41 129 63 38 103 52 49 88 81 131 117 136 25 24 60 124 139 138 74 6 143 72 86 95 146 33 23 100 135 118 140 125 122 61 145 128 31 76 19 50 90 121 42 107 114 3 116 1 133 13 14
Coste: 624127037

GENERACION: 51
Mejor Solucion:  43 20 47 87 29 96 112 32 66 123 77 102 101 46 53 17 89 82 9 75 21 67 59 141 78 11 134 98 68 65 73 7 147 127 108 142 109 26 48 30 62 137 57 44 18 10 149 0 126 148 37 80 2 35 115 55 85 34 120 99 113 130 93 45 97 27 144 56 16 39 132 36 8 104 94 64 105 40 83 71 79 110 70 15 91 4 111 58 69 28 84 106 92 22 5 54 12 119 51 41 129 63 38 103 52 49 88 81 131 117 136 25 24 60 124 139 138 74 6 143 72 86 95 146 33 23 100 135 118 140 125 122 61 145 128 31 76 19 50 90 121 42 107 114 3 116 1 133 13 14
Coste: 624127037

GENERACION: 52
Mejor Solucion:  43 20 47 87 29 96 112 32 66 123 77 102 101 46 53 17 89 82 9 75 21 67 59 141 78 11 134 98 68 65 73 7 147 127 108 142 109 26 48 30 62 137 57 44 18 10 149 0 126 148 37 80 2 35 115 55 85 34 120 99 113 130 93 45 97 27 144 56 16 39 132 36 8 104 94 64 105 40 83 71 79 110 70 15 91 4 111 58 69 28 84 106 92 22 5 54 12 119 51 41 129 63 38 103 52 49 88 81 131 117 136 25 24 60 124 139 138 74 6 143 72 86 95 146 33 23 100 135 118 140 125 122 61 145 128 31 76 19 50 90 121 42 107 114 3 116 1 133 13 14
Coste: 624127037

GENERACION: 53
Mejor Solucion:  43 20 47 87 29 96 112 32 66 123 77 102 101 46 53 17 89 82 9 75 21 67 59 141 78 11 134 98 68 65 73 7 147 127 108 142 109 26 48 30 62 137 57 44 18 10 149 0 126 148 37 80 2 35 115 55 85 34 120 99 113 130 93 45 97 27 144 56 16 39 132 36 8 104 94 64 105 40 83 71 79 110 70 15 91 4 111 58 69 28 84 106 92 22 5 54 12 119 51 41 129 63 38 103 52 49 88 81 131 117 136 25 24 60 124 139 138 74 6 143 72 86 95 146 33 23 100 135 118 140 125 122 61 145 128 31 76 19 50 90 121 42 107 114 3 116 1 133 13 14
Coste: 624127037

GENERACION: 54
Mejor Solucion:  43 20 47 87 29 96 112 32 66 123 77 102 101 46 53 17 89 82 9 75 21 67 59 141 78 11 134 98 68 65 73 7 147 127 108 142 109 26 48 30 62 137 57 44 18 10 149 0 126 148 37 80 2 35 115 55 85 34 120 99 113 130 93 45 97 27 144 56 16 39 132 36 8 104 94 64 105 40 83 71 79 110 70 15 91 4 111 58 69 28 84 106 92 22 5 54 12 119 51 41 129 63 38 103 52 49 88 81 131 117 136 25 24 60 124 139 138 74 6 143 72 86 95 146 33 23 100 135 118 140 125 122 61 145 128 31 76 19 50 90 121 42 107 114 3 116 1 133 13 14
Coste: 624127037

GENERACION: 55
Mejor Solucion:  43 20 47 87 29 96 112 32 66 123 77 102 101 46 53 17 89 82 9 75 21 67 59 141 78 11 134 98 68 65 73 7 147 127 108 142 109 26 48 30 62 137 57 44 18 10 149 0 126 148 37 80 2 35 115 55 85 34 120 99 113 130 93 45 97 27 144 56 16 39 132 36 8 104 94 64 105 40 83 71 79 110 70 15 91 4 111 58 69 28 84 106 92 22 5 54 12 119 51 41 129 63 38 103 52 49 88 81 131 117 136 25 24 60 124 139 138 74 6 143 72 86 95 146 33 23 100 135 118 140 125 122 61 145 128 31 76 19 50 90 121 42 107 114 3 116 1 133 13 14
Coste: 624127037

GENERACION: 56
Mejor Solucion:  43 20 47 87 29 96 112 32 66 123 77 102 101 46 53 17 89 82 9 75 21 67 59 141 78 11 134 98 68 65 73 7 147 127 108 142 109 26 48 30 62 137 57 44 18 10 149 0 126 148 37 80 2 35 115 55 85 34 120 99 113 130 93 45 97 27 144 56 16 39 132 36 8 104 94 64 105 40 83 71 79 110 70 15 91 4 111 58 69 28 84 106 92 22 5 54 12 119 51 41 129 63 38 103 52 49 88 81 131 117 136 25 24 60 124 139 138 74 6 143 72 86 95 146 33 23 100 135 118 140 125 122 61 145 128 31 76 19 50 90 121 42 107 114 3 116 1 133 13 14
Coste: 624127037

GENERACION: 57
Mejor Solucion:  43 20 47 87 29 96 112 32 66 123 77 102 101 46 53 17 89 82 9 75 21 67 59 141 78 11 134 98 68 65 73 7 147 127 108 142 109 26 48 30 62 137 57 44 18 10 149 0 126 148 37 80 2 35 115 55 85 34 120 99 113 130 93 45 97 27 144 56 16 39 132 36 8 104 94 64 105 40 83 71 79 110 70 15 91 4 111 58 69 28 84 106 92 22 5 54 12 119 51 41 129 63 38 103 52 49 88 81 131 117 136 25 24 60 124 139 138 74 6 143 72 86 95 146 33 23 100 135 118 140 125 122 61 145 128 31 76 19 50 90 121 42 107 114 3 116 1 133 13 14
Coste: 624127037

GENERACION: 58
Mejor Solucion:  43 20 47 87 29 96 112 32 66 123 77 102 101 46 53 17 89 82 9 75 21 67 59 141 78 11 134 98 68 65 73 7 147 127 108 142 109 26 48 30 62 137 57 44 18 10 149 0 126 148 37 80 2 35 115 55 85 34 120 99 113 130 93 45 97 27 144 56 16 39 132 36 8 104 94 64 105 40 83 71 79 110 70 15 91 4 111 58 69 28 84 106 92 22 5 54 12 119 51 41 129 63 38 103 52 49 88 81 131 117 136 25 24 60 124 139 138 74 6 143 72 86 95 146 33 23 100 135 118 140 125 122 61 145 128 31 76 19 50 90 121 42 107 114 3 116 1 133 13 14
Coste: 624127037

GENERACION: 59
Mejor Solucion:  43 20 47 87 29 96 112 32 66 123 77 102 101 46 53 17 89 82 9 75 21 67 59 141 78 11 134 98 68 65 73 7 147 127 108 142 109 26 48 30 62 137 57 44 18 10 149 0 126 148 37 80 2 35 115 55 85 34 120 99 113 130 93 45 97 27 144 56 16 39 132 36 8 104 94 64 105 40 83 71 79 110 70 15 91 4 111 58 69 28 84 106 92 22 5 54 12 119 51 41 129 63 38 103 52 49 88 81 131 117 136 25 24 60 124 139 138 74 6 143 72 86 95 146 33 23 100 135 118 140 125 122 61 145 128 31 76 19 50 90 121 42 107 114 3 116 1 133 13 14
Coste: 624127037

