GENERACION: 1
Mejor Solucion:  87 49 63 44 74 88 67 80 30 69 93 14 6 53 61 0 25 26 68 3 65 23 85 13 38 7 47 12 46 54 24 15 34 57 43 40 27 64 32 39 36 11 48 10 37 18 60 29 90 22 2 99 59 95 8 16 55 9 97 83 75 58 42 77 86 50 17 94 21 73 41 35 20 98 51 89 56 45 72 91 78 82 84 81 66 92 4 33 70 79 28 19 31 1 5 52 96 71 76 62
Coste: 1679371172

GENERACION: 2
Mejor Solucion:  87 49 63 44 74 88 67 80 30 69 93 14 6 53 61 0 25 26 68 3 65 23 85 13 38 7 47 12 46 54 24 15 34 57 43 40 27 64 32 39 36 11 48 10 37 18 60 29 90 22 2 99 59 95 8 16 55 9 97 83 75 58 42 77 86 50 17 94 21 73 41 35 20 98 51 89 56 45 72 91 78 82 84 81 66 92 4 33 70 79 28 19 31 1 5 52 96 71 76 62
Coste: 1679371172

GENERACION: 3
Mejor Solucion:  87 49 63 44 74 88 67 80 30 69 93 14 6 53 61 0 25 26 68 3 65 23 85 13 38 7 47 12 46 54 24 15 34 57 43 40 27 64 32 39 36 11 48 10 37 18 60 29 90 22 2 99 59 95 8 16 55 9 97 83 75 58 42 77 86 50 17 94 21 73 41 35 20 98 51 89 56 45 72 91 78 82 84 81 66 92 4 33 70 79 28 19 31 1 5 52 96 71 76 62
Coste: 1679371172

GENERACION: 4
Mejor Solucion:  87 49 63 44 74 88 67 80 30 69 93 14 6 53 61 0 25 26 68 3 65 23 85 13 38 7 47 12 46 54 24 15 34 57 43 40 27 64 32 39 36 11 48 10 37 18 60 29 90 22 2 99 59 95 8 16 55 9 97 83 75 58 42 77 86 50 17 94 21 73 41 35 20 98 51 89 56 45 72 91 78 82 84 81 66 92 4 33 70 79 28 19 31 1 5 52 96 71 76 62
Coste: 1679371172

GENERACION: 5
Mejor Solucion:  87 49 63 44 74 88 67 80 30 69 93 14 6 53 61 0 25 26 68 3 65 23 85 13 38 7 47 12 46 54 24 15 34 57 43 40 27 64 32 39 36 11 48 10 37 18 60 29 90 22 2 99 59 95 8 16 55 9 97 83 75 58 42 77 86 50 17 94 21 73 41 35 20 98 51 89 56 45 72 91 78 82 84 81 66 92 4 33 70 79 28 19 31 1 5 52 96 71 76 62
Coste: 1679371172

GENERACION: 6
Mejor Solucion:  87 49 63 44 74 88 67 80 30 69 93 14 6 53 61 0 25 26 68 3 65 23 85 13 38 7 47 12 46 54 24 15 34 57 43 40 27 64 32 39 36 11 48 10 37 18 60 29 90 22 2 99 59 95 8 16 55 9 97 83 75 58 42 77 86 50 17 94 21 73 41 35 20 98 51 89 56 45 72 91 78 82 84 81 66 92 4 33 70 79 28 19 31 1 5 52 96 71 76 62
Coste: 1679371172

GENERACION: 7
Mejor Solucion:  87 49 63 44 74 88 67 80 30 69 93 14 6 53 61 0 25 26 68 3 65 23 85 13 38 7 47 12 46 54 24 15 34 57 43 40 27 64 32 39 36 11 48 10 37 18 60 29 90 22 2 99 59 95 8 16 55 9 97 83 75 58 42 77 86 50 17 94 21 73 41 35 20 98 51 89 56 45 72 91 78 82 84 81 66 92 4 33 70 79 28 19 31 1 5 52 96 71 76 62
Coste: 1679371172

GENERACION: 8
Mejor Solucion:  87 49 63 44 74 88 67 80 30 69 93 14 6 53 61 0 25 26 68 3 65 23 85 13 38 7 47 12 46 54 24 15 34 57 43 40 27 64 32 39 36 11 48 10 37 18 60 29 90 22 2 99 59 95 8 16 55 9 97 83 75 58 42 77 86 50 17 94 21 73 41 35 20 98 51 89 56 45 72 91 78 82 84 81 66 92 4 33 70 79 28 19 31 1 5 52 96 71 76 62
Coste: 1679371172

GENERACION: 9
Mejor Solucion:  87 49 63 44 74 88 67 80 30 69 93 14 6 53 61 0 25 26 68 3 65 23 85 13 38 7 47 12 46 54 24 15 34 57 43 40 27 64 32 39 36 11 48 10 37 18 60 29 90 22 2 99 59 95 8 16 55 9 97 83 75 58 42 77 86 50 17 94 21 73 41 35 20 98 51 89 56 45 72 91 78 82 84 81 66 92 4 33 70 79 28 19 31 1 5 52 96 71 76 62
Coste: 1679371172

GENERACION: 10
Mejor Solucion:  87 49 63 44 74 88 67 80 30 69 93 14 6 53 61 0 25 26 68 3 65 23 85 13 38 7 47 12 46 54 24 15 34 57 43 40 27 64 32 39 36 11 48 10 37 18 60 29 90 22 2 99 59 95 8 16 55 9 97 83 75 58 42 77 86 50 17 94 21 73 41 35 20 98 51 89 56 45 72 91 78 82 84 81 66 92 4 33 70 79 28 19 31 1 5 52 96 71 76 62
Coste: 1679371172

GENERACION: 11
Mejor Solucion:  87 49 63 44 74 88 67 80 30 69 93 14 6 53 61 0 25 26 68 3 65 23 85 13 38 7 47 12 46 54 24 15 34 57 43 40 27 64 32 39 36 11 48 10 37 18 60 29 90 22 2 99 59 95 8 16 55 9 97 83 75 58 42 77 86 50 17 94 21 73 41 35 20 98 51 89 56 45 72 91 78 82 84 81 66 92 4 33 70 79 28 19 31 1 5 52 96 71 76 62
Coste: 1679371172

GENERACION: 12
Mejor Solucion:  87 49 63 44 74 88 67 80 30 69 93 14 6 53 61 0 25 26 68 3 65 23 85 13 38 7 47 12 46 54 24 15 34 57 43 40 27 64 32 39 36 11 48 10 37 18 60 29 90 22 2 99 59 95 8 16 55 9 97 83 75 58 42 77 86 50 17 94 21 73 41 35 20 98 51 89 56 45 72 91 78 82 84 81 66 92 4 33 70 79 28 19 31 1 5 52 96 71 76 62
Coste: 1679371172

GENERACION: 13
Mejor Solucion:  87 49 63 44 74 88 67 80 30 69 93 14 6 53 61 0 25 26 68 3 65 23 85 13 38 7 47 12 46 54 24 15 34 57 43 40 27 64 32 39 36 11 48 10 37 18 60 29 90 22 2 99 59 95 8 16 55 9 97 83 75 58 42 77 86 50 17 94 21 73 41 35 20 98 51 89 56 45 72 91 78 82 84 81 66 92 4 33 70 79 28 19 31 1 5 52 96 71 76 62
Coste: 1679371172

GENERACION: 14
Mejor Solucion:  87 49 63 44 74 88 67 80 30 69 93 14 6 53 61 0 25 26 68 3 65 23 85 13 38 7 47 12 46 54 24 15 34 57 43 40 27 64 32 39 36 11 48 10 37 18 60 29 90 22 2 99 59 95 8 16 55 9 97 83 75 58 42 77 86 50 17 94 21 73 41 35 20 98 51 89 56 45 72 91 78 82 84 81 66 92 4 33 70 79 28 19 31 1 5 52 96 71 76 62
Coste: 1679371172

GENERACION: 15
Mejor Solucion:  87 49 63 44 74 88 67 80 30 69 93 14 6 53 61 0 25 26 68 3 65 23 85 13 38 7 47 12 46 54 24 15 34 57 43 40 27 64 32 39 36 11 48 10 37 18 60 29 90 22 2 99 59 95 8 16 55 9 97 83 75 58 42 77 86 50 17 94 21 73 41 35 20 98 51 89 56 45 72 91 78 82 84 81 66 92 4 33 70 79 28 19 31 1 5 52 96 71 76 62
Coste: 1679371172

GENERACION: 16
Mejor Solucion:  87 49 63 44 74 88 67 80 30 69 93 14 6 53 61 0 25 26 68 3 65 23 85 13 38 7 47 12 46 54 24 15 34 57 43 40 27 64 32 39 36 11 48 10 37 18 60 29 90 22 2 99 59 95 8 16 55 9 97 83 75 58 42 77 86 50 17 94 21 73 41 35 20 98 51 89 56 45 72 91 78 82 84 81 66 92 4 33 70 79 28 19 31 1 5 52 96 71 76 62
Coste: 1679371172

GENERACION: 17
Mejor Solucion:  62 67 80 30 41 0 84 25 7 68 49 65 23 85 13 38 26 9 95 54 48 15 43 40 16 87 32 51 73 99 37 18 70 81 2 11 46 35 27 55 90 14 83 75 17 77 86 50 94 29 69 28 93 24 60 89 45 72 91 82 20 22 66 92 4 10 21 6 79 58 56 61 59 39 97 36 33 12 34 57 88 74 47 78 19 52 71 31 53 8 98 1 5 96 42 76 64 3 63 44
Coste: 1652757621

GENERACION: 18
Mejor Solucion:  62 67 80 30 41 0 84 25 7 68 49 65 23 85 13 38 26 9 95 54 48 15 43 40 16 87 32 51 73 99 37 18 70 81 2 11 46 35 27 55 90 14 83 75 17 77 86 50 94 29 69 28 93 24 60 89 45 72 91 82 20 22 66 92 4 10 21 6 79 58 56 61 59 39 97 36 33 12 34 57 88 74 47 78 19 52 71 31 53 8 98 1 5 96 42 76 64 3 63 44
Coste: 1652757621

GENERACION: 19
Mejor Solucion:  62 67 80 30 41 0 84 25 7 68 49 65 23 85 13 38 26 9 95 54 48 15 43 40 16 87 32 51 73 99 37 18 70 81 2 11 46 35 27 55 90 14 83 75 17 77 86 50 94 29 69 28 93 24 60 89 45 72 91 82 20 22 66 92 4 10 21 6 79 58 56 61 59 39 97 36 33 12 34 57 88 74 47 78 19 52 71 31 53 8 98 1 5 96 42 76 64 3 63 44
Coste: 1652757621

GENERACION: 20
Mejor Solucion:  62 67 80 30 41 0 84 25 7 68 49 65 23 85 13 38 26 9 95 54 48 15 43 40 16 87 32 51 73 99 37 18 70 81 2 11 46 35 27 55 90 14 83 75 17 77 86 50 94 29 69 28 93 24 60 89 45 72 91 82 20 22 66 92 4 10 21 6 79 58 56 61 59 39 97 36 33 12 34 57 88 74 47 78 19 52 71 31 53 8 98 1 5 96 42 76 64 3 63 44
Coste: 1652757621

GENERACION: 21
Mejor Solucion:  62 67 80 30 41 0 84 25 7 68 49 65 23 85 13 38 26 9 95 54 48 15 43 40 16 87 32 51 73 99 37 18 70 81 2 11 46 35 27 55 90 14 83 75 17 77 86 50 94 29 69 28 93 24 60 89 45 72 91 82 20 22 66 92 4 10 21 6 79 58 56 61 59 39 97 36 33 12 34 57 88 74 47 78 19 52 71 31 53 8 98 1 5 96 42 76 64 3 63 44
Coste: 1652757621

GENERACION: 22
Mejor Solucion:  62 67 80 30 41 0 84 25 7 68 49 65 23 85 13 38 26 9 95 54 48 15 43 40 16 87 32 51 73 99 37 18 70 81 2 11 46 35 27 55 90 14 83 75 17 77 86 50 94 29 69 28 93 24 60 89 45 72 91 82 20 22 66 92 4 10 21 6 79 58 56 61 59 39 97 36 33 12 34 57 88 74 47 78 19 52 71 31 53 8 98 1 5 96 42 76 64 3 63 44
Coste: 1652757621

GENERACION: 23
Mejor Solucion:  62 67 80 30 41 0 84 25 7 68 49 65 23 85 13 38 26 9 95 54 48 15 43 40 16 87 32 51 73 99 37 18 70 81 2 11 46 35 27 55 90 14 83 75 17 77 86 50 94 29 69 28 93 24 60 89 45 72 91 82 20 22 66 92 4 10 21 6 79 58 56 61 59 39 97 36 33 12 34 57 88 74 47 78 19 52 71 31 53 8 98 1 5 96 42 76 64 3 63 44
Coste: 1652757621

GENERACION: 24
Mejor Solucion:  62 67 80 30 41 0 84 25 7 68 49 65 23 85 13 38 26 9 95 54 48 15 43 40 16 87 32 51 73 99 37 18 70 81 2 11 46 35 27 55 90 14 83 75 17 77 86 50 94 29 69 28 93 24 60 89 45 72 91 82 20 22 66 92 4 10 21 6 79 58 56 61 59 39 97 36 33 12 34 57 88 74 47 78 19 52 71 31 53 8 98 1 5 96 42 76 64 3 63 44
Coste: 1652757621

GENERACION: 25
Mejor Solucion:  62 67 80 30 41 0 84 25 7 68 49 65 23 85 13 38 26 9 95 54 48 15 43 40 16 87 32 51 73 99 37 18 70 81 2 11 46 35 27 55 90 14 83 75 17 77 86 50 94 29 69 28 93 24 60 89 45 72 91 82 20 22 66 92 4 10 21 6 79 58 56 61 59 39 97 36 33 12 34 57 88 74 47 78 19 52 71 31 53 8 98 1 5 96 42 76 64 3 63 44
Coste: 1652757621

GENERACION: 26
Mejor Solucion:  62 67 80 30 41 0 84 25 7 68 49 65 23 85 13 38 26 9 95 54 48 15 43 40 16 87 32 51 73 99 37 18 70 81 2 11 46 35 27 55 90 14 83 75 17 77 86 50 94 29 69 28 93 24 60 89 45 72 91 82 20 22 66 92 4 10 21 6 79 58 56 61 59 39 97 36 33 12 34 57 88 74 47 78 19 52 71 31 53 8 98 1 5 96 42 76 64 3 63 44
Coste: 1652757621

GENERACION: 27
Mejor Solucion:  62 67 80 30 41 0 84 25 7 68 49 65 23 85 13 38 26 9 95 54 48 15 43 40 16 87 32 51 73 99 37 18 70 81 2 11 46 35 27 55 90 14 83 75 17 77 86 50 94 29 69 28 93 24 60 89 45 72 91 82 20 22 66 92 4 10 21 6 79 58 56 61 59 39 97 36 33 12 34 57 88 74 47 78 19 52 71 31 53 8 98 1 5 96 42 76 64 3 63 44
Coste: 1652757621

GENERACION: 28
Mejor Solucion:  62 67 80 30 41 0 84 25 7 68 49 65 23 85 13 38 26 9 95 54 48 15 43 40 16 87 32 51 73 99 37 18 70 81 2 11 46 35 27 55 90 14 83 75 17 77 86 50 94 29 69 28 93 24 60 89 45 72 91 82 20 22 66 92 4 10 21 6 79 58 56 61 59 39 97 36 33 12 34 57 88 74 47 78 19 52 71 31 53 8 98 1 5 96 42 76 64 3 63 44
Coste: 1652757621

GENERACION: 29
Mejor Solucion:  62 67 80 30 41 0 84 25 7 68 49 65 23 85 13 38 26 9 95 54 48 15 43 40 16 87 32 51 73 99 37 18 70 81 2 11 46 35 27 55 90 14 83 75 17 77 86 50 94 29 69 28 93 24 60 89 45 72 91 82 20 22 66 92 4 10 21 6 79 58 56 61 59 39 97 36 33 12 34 57 88 74 47 78 19 52 71 31 53 8 98 1 5 96 42 76 64 3 63 44
Coste: 1652757621

GENERACION: 30
Mejor Solucion:  62 67 80 30 41 0 84 25 7 68 49 65 23 85 13 38 26 9 95 54 48 15 43 40 16 87 32 51 73 99 37 18 70 81 2 11 46 35 27 55 90 14 83 75 17 77 86 50 94 29 69 28 93 24 60 89 45 72 91 82 20 22 66 92 4 10 21 6 79 58 56 61 59 39 97 36 33 12 34 57 88 74 47 78 19 52 71 31 53 8 98 1 5 96 42 76 64 3 63 44
Coste: 1652757621

GENERACION: 31
Mejor Solucion:  62 67 80 30 41 0 84 25 7 68 49 65 23 85 13 38 26 9 95 54 48 15 43 40 16 87 32 51 73 99 37 18 70 81 2 11 46 35 27 55 90 14 83 75 17 77 86 50 94 29 69 28 93 24 60 89 45 72 91 82 20 22 66 92 4 10 21 6 79 58 56 61 59 39 97 36 33 12 34 57 88 74 47 78 19 52 71 31 53 8 98 1 5 96 42 76 64 3 63 44
Coste: 1652757621

GENERACION: 32
Mejor Solucion:  62 67 80 30 41 0 84 25 7 68 49 65 23 85 13 38 26 9 95 54 48 15 43 40 16 87 32 51 73 99 37 18 70 81 2 11 46 35 27 55 90 14 83 75 17 77 86 50 94 29 69 28 93 24 60 89 45 72 91 82 20 22 66 92 4 10 21 6 79 58 56 61 59 39 97 36 33 12 34 57 88 74 47 78 19 52 71 31 53 8 98 1 5 96 42 76 64 3 63 44
Coste: 1652757621

GENERACION: 33
Mejor Solucion:  62 67 80 30 41 0 84 25 7 68 49 65 23 85 13 38 26 9 95 54 48 15 43 40 16 87 32 51 73 99 37 18 70 81 2 11 46 35 27 55 90 14 83 75 17 77 86 50 94 29 69 28 93 24 60 89 45 72 91 82 20 22 66 92 4 10 21 6 79 58 56 61 59 39 97 36 33 12 34 57 88 74 47 78 19 52 71 31 53 8 98 1 5 96 42 76 64 3 63 44
Coste: 1652757621

GENERACION: 34
Mejor Solucion:  23 85 9 36 86 29 87 74 58 70 2 67 14 62 98 44 61 93 27 22 40 57 90 35 33 52 0 49 95 18 51 99 7 73 92 10 91 65 55 45 11 15 81 78 16 56 72 28 4 60 50 77 32 19 48 20 68 66 31 79 83 24 26 53 84 8 89 39 97 12 38 46 34 94 54 47 63 6 13 21 82 42 71 75 17 88 80 30 41 76 69 1 5 96 43 25 59 3 64 37
Coste: 1624182702

GENERACION: 35
Mejor Solucion:  23 85 9 36 86 29 87 74 58 70 2 67 14 62 98 44 61 93 27 22 40 57 90 35 33 52 0 49 95 18 51 99 7 73 92 10 91 65 55 45 11 15 81 78 16 56 72 28 4 60 50 77 32 19 48 20 68 66 31 79 83 24 26 53 84 8 89 39 97 12 38 46 34 94 54 47 63 6 13 21 82 42 71 75 17 88 80 30 41 76 69 1 5 96 43 25 59 3 64 37
Coste: 1624182702

GENERACION: 36
Mejor Solucion:  23 85 9 36 86 29 87 74 58 70 2 67 14 62 98 44 61 93 27 22 40 57 90 35 33 52 0 49 95 18 51 99 7 73 92 10 91 65 55 45 11 15 81 78 16 56 72 28 4 60 50 77 32 19 48 20 68 66 31 79 83 24 26 53 84 8 89 39 97 12 38 46 34 94 54 47 63 6 13 21 82 42 71 75 17 88 80 30 41 76 69 1 5 96 43 25 59 3 64 37
Coste: 1624182702

GENERACION: 37
Mejor Solucion:  23 85 9 36 86 29 87 74 58 70 2 67 14 62 98 44 61 93 27 22 40 57 90 35 33 52 0 49 95 18 51 99 7 73 92 10 91 65 55 45 11 15 81 78 16 56 72 28 4 60 50 77 32 19 48 20 68 66 31 79 83 24 26 53 84 8 89 39 97 12 38 46 34 94 54 47 63 6 13 21 82 42 71 75 17 88 80 30 41 76 69 1 5 96 43 25 59 3 64 37
Coste: 1624182702

GENERACION: 38
Mejor Solucion:  23 85 9 36 86 29 87 74 58 70 2 67 14 62 98 44 61 93 27 22 40 57 90 35 33 52 0 49 95 18 51 99 7 73 92 10 91 65 55 45 11 15 81 78 16 56 72 28 4 60 50 77 32 19 48 20 68 66 31 79 83 24 26 53 84 8 89 39 97 12 38 46 34 94 54 47 63 6 13 21 82 42 71 75 17 88 80 30 41 76 69 1 5 96 43 25 59 3 64 37
Coste: 1624182702

GENERACION: 39
Mejor Solucion:  23 85 9 36 86 29 87 74 58 70 2 67 14 62 98 44 61 93 27 22 40 57 90 35 33 52 0 49 95 18 51 99 7 73 92 10 91 65 55 45 11 15 81 78 16 56 72 28 4 60 50 77 32 19 48 20 68 66 31 79 83 24 26 53 84 8 89 39 97 12 38 46 34 94 54 47 63 6 13 21 82 42 71 75 17 88 80 30 41 76 69 1 5 96 43 25 59 3 64 37
Coste: 1624182702

GENERACION: 40
Mejor Solucion:  23 85 9 36 86 29 87 74 58 70 2 67 14 62 98 44 61 93 27 22 40 57 90 35 33 52 0 49 95 18 51 99 7 73 92 10 91 65 55 45 11 15 81 78 16 56 72 28 4 60 50 77 32 19 48 20 68 66 31 79 83 24 26 53 84 8 89 39 97 12 38 46 34 94 54 47 63 6 13 21 82 42 71 75 17 88 80 30 41 76 69 1 5 96 43 25 59 3 64 37
Coste: 1624182702

GENERACION: 41
Mejor Solucion:  23 85 9 36 86 29 87 74 58 70 2 67 14 62 98 44 61 93 27 22 40 57 90 35 33 52 0 49 95 18 51 99 7 73 92 10 91 65 55 45 11 15 81 78 16 56 72 28 4 60 50 77 32 19 48 20 68 66 31 79 83 24 26 53 84 8 89 39 97 12 38 46 34 94 54 47 63 6 13 21 82 42 71 75 17 88 80 30 41 76 69 1 5 96 43 25 59 3 64 37
Coste: 1624182702

GENERACION: 42
Mejor Solucion:  23 85 9 36 86 29 87 74 58 70 2 67 14 62 98 44 61 93 27 22 40 57 90 35 33 52 0 49 95 18 51 99 7 73 92 10 91 65 55 45 11 15 81 78 16 56 72 28 4 60 50 77 32 19 48 20 68 66 31 79 83 24 26 53 84 8 89 39 97 12 38 46 34 94 54 47 63 6 13 21 82 42 71 75 17 88 80 30 41 76 69 1 5 96 43 25 59 3 64 37
Coste: 1624182702

GENERACION: 43
Mejor Solucion:  23 85 9 36 86 29 87 74 58 70 2 67 14 62 98 44 61 93 27 22 40 57 90 35 33 52 0 49 95 18 51 99 7 73 92 10 91 65 55 45 11 15 81 78 16 56 72 28 4 60 50 77 32 19 48 20 68 66 31 79 83 24 26 53 84 8 89 39 97 12 38 46 34 94 54 47 63 6 13 21 82 42 71 75 17 88 80 30 41 76 69 1 5 96 43 25 59 3 64 37
Coste: 1624182702

GENERACION: 44
Mejor Solucion:  23 85 9 36 86 29 87 74 58 70 2 67 14 62 98 44 61 93 27 22 40 57 90 35 33 52 0 49 95 18 51 99 7 73 92 10 91 65 55 45 11 15 81 78 16 56 72 28 4 60 50 77 32 19 48 20 68 66 31 79 83 24 26 53 84 8 89 39 97 12 38 46 34 94 54 47 63 6 13 21 82 42 71 75 17 88 80 30 41 76 69 1 5 96 43 25 59 3 64 37
Coste: 1624182702

GENERACION: 45
Mejor Solucion:  23 85 9 36 86 29 87 74 58 70 2 67 14 62 98 44 61 93 27 22 40 57 90 35 33 52 0 49 95 18 51 99 7 73 92 10 91 65 55 45 11 15 81 78 16 56 72 28 4 60 50 77 32 19 48 20 68 66 31 79 83 24 26 53 84 8 89 39 97 12 38 46 34 94 54 47 63 6 13 21 82 42 71 75 17 88 80 30 41 76 69 1 5 96 43 25 59 3 64 37
Coste: 1624182702

GENERACION: 46
Mejor Solucion:  23 85 9 36 86 29 87 74 58 70 2 67 14 62 98 44 61 93 27 22 40 57 90 35 33 52 0 49 95 18 51 99 7 73 92 10 91 65 55 45 11 15 81 78 16 56 72 28 4 60 50 77 32 19 48 20 68 66 31 79 83 24 26 53 84 8 89 39 97 12 38 46 34 94 54 47 63 6 13 21 82 42 71 75 17 88 80 30 41 76 69 1 5 96 43 25 59 3 64 37
Coste: 1624182702

GENERACION: 47
Mejor Solucion:  23 85 9 36 86 29 87 74 58 70 2 67 14 62 98 44 61 93 27 22 40 57 90 35 33 52 0 49 95 18 51 99 7 73 92 10 91 65 55 45 11 15 81 78 16 56 72 28 4 60 50 77 32 19 48 20 68 66 31 79 83 24 26 53 84 8 89 39 97 12 38 46 34 94 54 47 63 6 13 21 82 42 71 75 17 88 80 30 41 76 69 1 5 96 43 25 59 3 64 37
Coste: 1624182702

GENERACION: 48
Mejor Solucion:  23 85 9 36 86 29 87 74 58 70 2 67 14 62 98 44 61 93 27 22 40 57 90 35 33 52 0 49 95 18 51 99 7 73 92 10 91 65 55 45 11 15 81 78 16 56 72 28 4 60 50 77 32 19 48 20 68 66 31 79 83 24 26 53 84 8 89 39 97 12 38 46 34 94 54 47 63 6 13 21 82 42 71 75 17 88 80 30 41 76 69 1 5 96 43 25 59 3 64 37
Coste: 1624182702

GENERACION: 49
Mejor Solucion:  23 85 9 36 86 29 87 74 58 70 2 67 14 62 98 44 61 93 27 22 40 57 90 35 33 52 0 49 95 18 51 99 7 73 92 10 91 65 55 45 11 15 81 78 16 56 72 28 4 60 50 77 32 19 48 20 68 66 31 79 83 24 26 53 84 8 89 39 97 12 38 46 34 94 54 47 63 6 13 21 82 42 71 75 17 88 80 30 41 76 69 1 5 96 43 25 59 3 64 37
Coste: 1624182702

GENERACION: 50
Mejor Solucion:  23 85 9 36 86 29 87 74 58 70 2 67 14 62 98 44 61 93 27 22 40 57 90 35 33 52 0 49 95 18 51 99 7 73 92 10 91 65 55 45 11 15 81 78 16 56 72 28 4 60 50 77 32 19 48 20 68 66 31 79 83 24 26 53 84 8 89 39 97 12 38 46 34 94 54 47 63 6 13 21 82 42 71 75 17 88 80 30 41 76 69 1 5 96 43 25 59 3 64 37
Coste: 1624182702

GENERACION: 51
Mejor Solucion:  23 85 9 36 86 29 87 74 58 70 2 67 14 62 98 44 61 93 27 22 40 57 90 35 33 52 0 49 95 18 51 99 7 73 92 10 91 65 55 45 11 15 81 78 16 56 72 28 4 60 50 77 32 19 48 20 68 66 31 79 83 24 26 53 84 8 89 39 97 12 38 46 34 94 54 47 63 6 13 21 82 42 71 75 17 88 80 30 41 76 69 1 5 96 43 25 59 3 64 37
Coste: 1624182702

GENERACION: 52
Mejor Solucion:  23 85 9 36 86 29 87 74 58 70 2 67 14 62 98 44 61 93 27 22 40 57 90 35 33 52 0 49 95 18 51 99 7 73 92 10 91 65 55 45 11 15 81 78 16 56 72 28 4 60 50 77 32 19 48 20 68 66 31 79 83 24 26 53 84 8 89 39 97 12 38 46 34 94 54 47 63 6 13 21 82 42 71 75 17 88 80 30 41 76 69 1 5 96 43 25 59 3 64 37
Coste: 1624182702

GENERACION: 53
Mejor Solucion:  23 85 9 36 86 29 87 74 58 70 2 67 14 62 98 44 61 93 27 22 40 57 90 35 33 52 0 49 95 18 51 99 7 73 92 10 91 65 55 45 11 15 81 78 16 56 72 28 4 60 50 77 32 19 48 20 68 66 31 79 83 24 26 53 84 8 89 39 97 12 38 46 34 94 54 47 63 6 13 21 82 42 71 75 17 88 80 30 41 76 69 1 5 96 43 25 59 3 64 37
Coste: 1624182702

GENERACION: 54
Mejor Solucion:  23 85 9 36 86 29 87 74 58 70 2 67 14 62 98 44 61 93 27 22 40 57 90 35 33 52 0 49 95 18 51 99 7 73 92 10 91 65 55 45 11 15 81 78 16 56 72 28 4 60 50 77 32 19 48 20 68 66 31 79 83 24 26 53 84 8 89 39 97 12 38 46 34 94 54 47 63 6 13 21 82 42 71 75 17 88 80 30 41 76 69 1 5 96 43 25 59 3 64 37
Coste: 1624182702

GENERACION: 55
Mejor Solucion:  23 85 9 36 86 29 87 74 58 70 2 67 14 62 98 44 61 93 27 22 40 57 90 35 33 52 0 49 95 18 51 99 7 73 92 10 91 65 55 45 11 15 81 78 16 56 72 28 4 60 50 77 32 19 48 20 68 66 31 79 83 24 26 53 84 8 89 39 97 12 38 46 34 94 54 47 63 6 13 21 82 42 71 75 17 88 80 30 41 76 69 1 5 96 43 25 59 3 64 37
Coste: 1624182702

GENERACION: 56
Mejor Solucion:  23 85 9 36 86 29 87 74 58 70 2 67 14 62 98 44 61 93 27 22 40 57 90 35 33 52 0 49 95 18 51 99 7 73 92 10 91 65 55 45 11 15 81 78 16 56 72 28 4 60 50 77 32 19 48 20 68 66 31 79 83 24 26 53 84 8 89 39 97 12 38 46 34 94 54 47 63 6 13 21 82 42 71 75 17 88 80 30 41 76 69 1 5 96 43 25 59 3 64 37
Coste: 1624182702

GENERACION: 57
Mejor Solucion:  23 85 9 36 86 29 87 74 58 70 2 67 14 62 98 44 61 93 27 22 40 57 90 35 33 52 0 49 95 18 51 99 7 73 92 10 91 65 55 45 11 15 81 78 16 56 72 28 4 60 50 77 32 19 48 20 68 66 31 79 83 24 26 53 84 8 89 39 97 12 38 46 34 94 54 47 63 6 13 21 82 42 71 75 17 88 80 30 41 76 69 1 5 96 43 25 59 3 64 37
Coste: 1624182702

GENERACION: 58
Mejor Solucion:  23 85 9 36 86 29 87 74 58 70 2 67 14 62 98 44 61 93 27 22 40 57 90 35 33 52 0 49 95 18 51 99 7 73 92 10 91 65 55 45 11 15 81 78 16 56 72 28 4 60 50 77 32 19 48 20 68 66 31 79 83 24 26 53 84 8 89 39 97 12 38 46 34 94 54 47 63 6 13 21 82 42 71 75 17 88 80 30 41 76 69 1 5 96 43 25 59 3 64 37
Coste: 1624182702

GENERACION: 59
Mejor Solucion:  23 85 9 36 86 29 87 74 58 70 2 67 14 62 98 44 61 93 27 22 40 57 90 35 33 52 0 49 95 18 51 99 7 73 92 10 91 65 55 45 11 15 81 78 16 56 72 28 4 60 50 77 32 19 48 20 68 66 31 79 83 24 26 53 84 8 89 39 97 12 38 46 34 94 54 47 63 6 13 21 82 42 71 75 17 88 80 30 41 76 69 1 5 96 43 25 59 3 64 37
Coste: 1624182702

GENERACION: 60
Mejor Solucion:  23 85 9 36 86 29 87 74 58 70 2 67 14 62 98 44 61 93 27 22 40 57 90 35 33 52 0 49 95 18 51 99 7 73 92 10 91 65 55 45 11 15 81 78 16 56 72 28 4 60 50 77 32 19 48 20 68 66 31 79 83 24 26 53 84 8 89 39 97 12 38 46 34 94 54 47 63 6 13 21 82 42 71 75 17 88 80 30 41 76 69 1 5 96 43 25 59 3 64 37
Coste: 1624182702

GENERACION: 61
Mejor Solucion:  23 85 9 36 86 29 87 74 58 70 2 67 14 62 98 44 61 93 27 22 40 57 90 35 33 52 0 49 95 18 51 99 7 73 92 10 91 65 55 45 11 15 81 78 16 56 72 28 4 60 50 77 32 19 48 20 68 66 31 79 83 24 26 53 84 8 89 39 97 12 38 46 34 94 54 47 63 6 13 21 82 42 71 75 17 88 80 30 41 76 69 1 5 96 43 25 59 3 64 37
Coste: 1624182702

GENERACION: 62
Mejor Solucion:  23 85 9 36 86 29 87 74 58 70 2 67 14 62 98 44 61 93 27 22 40 57 90 35 33 52 0 49 95 18 51 99 7 73 92 10 91 65 55 45 11 15 81 78 16 56 72 28 4 60 50 77 32 19 48 20 68 66 31 79 83 24 26 53 84 8 89 39 97 12 38 46 34 94 54 47 63 6 13 21 82 42 71 75 17 88 80 30 41 76 69 1 5 96 43 25 59 3 64 37
Coste: 1624182702

GENERACION: 63
Mejor Solucion:  23 85 9 36 86 29 87 74 58 70 2 67 14 62 98 44 61 93 27 22 40 57 90 35 33 52 0 49 95 18 51 99 7 73 92 10 91 65 55 45 11 15 81 78 16 56 72 28 4 60 50 77 32 19 48 20 68 66 31 79 83 24 26 53 84 8 89 39 97 12 38 46 34 94 54 47 63 6 13 21 82 42 71 75 17 88 80 30 41 76 69 1 5 96 43 25 59 3 64 37
Coste: 1624182702

GENERACION: 64
Mejor Solucion:  23 85 9 36 86 29 87 74 58 70 2 67 14 62 98 44 61 93 27 22 40 57 90 35 33 52 0 49 95 18 51 99 7 73 92 10 91 65 55 45 11 15 81 78 16 56 72 28 4 60 50 77 32 19 48 20 68 66 31 79 83 24 26 53 84 8 89 39 97 12 38 46 34 94 54 47 63 6 13 21 82 42 71 75 17 88 80 30 41 76 69 1 5 96 43 25 59 3 64 37
Coste: 1624182702

GENERACION: 65
Mejor Solucion:  23 85 9 36 86 29 87 74 58 70 2 67 14 62 98 44 61 93 27 22 40 57 90 35 33 52 0 49 95 18 51 99 7 73 92 10 91 65 55 45 11 15 81 78 16 56 72 28 4 60 50 77 32 19 48 20 68 66 31 79 83 24 26 53 84 8 89 39 97 12 38 46 34 94 54 47 63 6 13 21 82 42 71 75 17 88 80 30 41 76 69 1 5 96 43 25 59 3 64 37
Coste: 1624182702

GENERACION: 66
Mejor Solucion:  23 85 9 36 86 29 87 74 58 70 2 67 14 62 98 44 61 93 27 22 40 57 90 35 33 52 0 49 95 18 51 99 7 73 92 10 91 65 55 45 11 15 81 78 16 56 72 28 4 60 50 77 32 19 48 20 68 66 31 79 83 24 26 53 84 8 89 39 97 12 38 46 34 94 54 47 63 6 13 21 82 42 71 75 17 88 80 30 41 76 69 1 5 96 43 25 59 3 64 37
Coste: 1624182702

GENERACION: 67
Mejor Solucion:  23 85 9 36 86 29 87 74 58 70 2 67 14 62 98 44 61 93 27 22 40 57 90 35 33 52 0 49 95 18 51 99 7 73 92 10 91 65 55 45 11 15 81 78 16 56 72 28 4 60 50 77 32 19 48 20 68 66 31 79 83 24 26 53 84 8 89 39 97 12 38 46 34 94 54 47 63 6 13 21 82 42 71 75 17 88 80 30 41 76 69 1 5 96 43 25 59 3 64 37
Coste: 1624182702

GENERACION: 68
Mejor Solucion:  23 85 9 36 86 29 87 74 58 70 2 67 14 62 98 44 61 93 27 22 40 57 90 35 33 52 0 49 95 18 51 99 7 73 92 10 91 65 55 45 11 15 81 78 16 56 72 28 4 60 50 77 32 19 48 20 68 66 31 79 83 24 26 53 84 8 89 39 97 12 38 46 34 94 54 47 63 6 13 21 82 42 71 75 17 88 80 30 41 76 69 1 5 96 43 25 59 3 64 37
Coste: 1624182702

GENERACION: 69
Mejor Solucion:  23 85 9 36 86 29 87 74 58 70 2 67 14 62 98 44 61 93 27 22 40 57 90 35 33 52 0 49 95 18 51 99 7 73 92 10 91 65 55 45 11 15 81 78 16 56 72 28 4 60 50 77 32 19 48 20 68 66 31 79 83 24 26 53 84 8 89 39 97 12 38 46 34 94 54 47 63 6 13 21 82 42 71 75 17 88 80 30 41 76 69 1 5 96 43 25 59 3 64 37
Coste: 1624182702

GENERACION: 70
Mejor Solucion:  23 85 9 36 86 29 87 74 58 70 2 67 14 62 98 44 61 93 27 22 40 57 90 35 33 52 0 49 95 18 51 99 7 73 92 10 91 65 55 45 11 15 81 78 16 56 72 28 4 60 50 77 32 19 48 20 68 66 31 79 83 24 26 53 84 8 89 39 97 12 38 46 34 94 54 47 63 6 13 21 82 42 71 75 17 88 80 30 41 76 69 1 5 96 43 25 59 3 64 37
Coste: 1624182702

GENERACION: 71
Mejor Solucion:  23 85 9 36 86 29 87 74 58 70 2 67 14 62 98 44 61 93 27 22 40 57 90 35 33 52 0 49 95 18 51 99 7 73 92 10 91 65 55 45 11 15 81 78 16 56 72 28 4 60 50 77 32 19 48 20 68 66 31 79 83 24 26 53 84 8 89 39 97 12 38 46 34 94 54 47 63 6 13 21 82 42 71 75 17 88 80 30 41 76 69 1 5 96 43 25 59 3 64 37
Coste: 1624182702

GENERACION: 72
Mejor Solucion:  23 85 9 36 86 29 87 74 58 70 2 67 14 62 98 44 61 93 27 22 40 57 90 35 33 52 0 49 95 18 51 99 7 73 92 10 91 65 55 45 11 15 81 78 16 56 72 28 4 60 50 77 32 19 48 20 68 66 31 79 83 24 26 53 84 8 89 39 97 12 38 46 34 94 54 47 63 6 13 21 82 42 71 75 17 88 80 30 41 76 69 1 5 96 43 25 59 3 64 37
Coste: 1624182702

GENERACION: 73
Mejor Solucion:  23 85 9 36 86 29 87 74 58 70 2 67 14 62 98 44 61 93 27 22 40 57 90 35 33 52 0 49 95 18 51 99 7 73 92 10 91 65 55 45 11 15 81 78 16 56 72 28 4 60 50 77 32 19 48 20 68 66 31 79 83 24 26 53 84 8 89 39 97 12 38 46 34 94 54 47 63 6 13 21 82 42 71 75 17 88 80 30 41 76 69 1 5 96 43 25 59 3 64 37
Coste: 1624182702

GENERACION: 74
Mejor Solucion:  23 85 9 36 86 29 87 74 58 70 2 67 14 62 98 44 61 93 27 22 40 57 90 35 33 52 0 49 95 18 51 99 7 73 92 10 91 65 55 45 11 15 81 78 16 56 72 28 4 60 50 77 32 19 48 20 68 66 31 79 83 24 26 53 84 8 89 39 97 12 38 46 34 94 54 47 63 6 13 21 82 42 71 75 17 88 80 30 41 76 69 1 5 96 43 25 59 3 64 37
Coste: 1624182702

GENERACION: 75
Mejor Solucion:  23 85 9 36 86 29 87 74 58 70 2 67 14 62 98 44 61 93 27 22 40 57 90 35 33 52 0 49 95 18 51 99 7 73 92 10 91 65 55 45 11 15 81 78 16 56 72 28 4 60 50 77 32 19 48 20 68 66 31 79 83 24 26 53 84 8 89 39 97 12 38 46 34 94 54 47 63 6 13 21 82 42 71 75 17 88 80 30 41 76 69 1 5 96 43 25 59 3 64 37
Coste: 1624182702

GENERACION: 76
Mejor Solucion:  23 85 9 36 86 29 87 74 58 70 2 67 14 62 98 44 61 93 27 22 40 57 90 35 33 52 0 49 95 18 51 99 7 73 92 10 91 65 55 45 11 15 81 78 16 56 72 28 4 60 50 77 32 19 48 20 68 66 31 79 83 24 26 53 84 8 89 39 97 12 38 46 34 94 54 47 63 6 13 21 82 42 71 75 17 88 80 30 41 76 69 1 5 96 43 25 59 3 64 37
Coste: 1624182702

GENERACION: 77
Mejor Solucion:  23 85 9 36 86 29 87 74 58 70 2 67 14 62 98 44 61 93 27 22 40 57 90 35 33 52 0 49 95 18 51 99 7 73 92 10 91 65 55 45 11 15 81 78 16 56 72 28 4 60 50 77 32 19 48 20 68 66 31 79 83 24 26 53 84 8 89 39 97 12 38 46 34 94 54 47 63 6 13 21 82 42 71 75 17 88 80 30 41 76 69 1 5 96 43 25 59 3 64 37
Coste: 1624182702

GENERACION: 78
Mejor Solucion:  23 85 9 36 86 29 87 74 58 70 2 67 14 62 98 44 61 93 27 22 40 57 90 35 33 52 0 49 95 18 51 99 7 73 92 10 91 65 55 45 11 15 81 78 16 56 72 28 4 60 50 77 32 19 48 20 68 66 31 79 83 24 26 53 84 8 89 39 97 12 38 46 34 94 54 47 63 6 13 21 82 42 71 75 17 88 80 30 41 76 69 1 5 96 43 25 59 3 64 37
Coste: 1624182702

GENERACION: 79
Mejor Solucion:  23 85 9 36 86 29 87 74 58 70 2 67 14 62 98 44 61 93 27 22 40 57 90 35 33 52 0 49 95 18 51 99 7 73 92 10 91 65 55 45 11 15 81 78 16 56 72 28 4 60 50 77 32 19 48 20 68 66 31 79 83 24 26 53 84 8 89 39 97 12 38 46 34 94 54 47 63 6 13 21 82 42 71 75 17 88 80 30 41 76 69 1 5 96 43 25 59 3 64 37
Coste: 1624182702

GENERACION: 80
Mejor Solucion:  23 85 9 36 86 29 87 74 58 70 2 67 14 62 98 44 61 93 27 22 40 57 90 35 33 52 0 49 95 18 51 99 7 73 92 10 91 65 55 45 11 15 81 78 16 56 72 28 4 60 50 77 32 19 48 20 68 66 31 79 83 24 26 53 84 8 89 39 97 12 38 46 34 94 54 47 63 6 13 21 82 42 71 75 17 88 80 30 41 76 69 1 5 96 43 25 59 3 64 37
Coste: 1624182702

GENERACION: 81
Mejor Solucion:  23 85 9 36 86 29 87 74 58 70 2 67 14 62 98 44 61 93 27 22 40 57 90 35 33 52 0 49 95 18 51 99 7 73 92 10 91 65 55 45 11 15 81 78 16 56 72 28 4 60 50 77 32 19 48 20 68 66 31 79 83 24 26 53 84 8 89 39 97 12 38 46 34 94 54 47 63 6 13 21 82 42 71 75 17 88 80 30 41 76 69 1 5 96 43 25 59 3 64 37
Coste: 1624182702

GENERACION: 82
Mejor Solucion:  23 85 9 36 86 29 87 74 58 70 2 67 14 62 98 44 61 93 27 22 40 57 90 35 33 52 0 49 95 18 51 99 7 73 92 10 91 65 55 45 11 15 81 78 16 56 72 28 4 60 50 77 32 19 48 20 68 66 31 79 83 24 26 53 84 8 89 39 97 12 38 46 34 94 54 47 63 6 13 21 82 42 71 75 17 88 80 30 41 76 69 1 5 96 43 25 59 3 64 37
Coste: 1624182702

GENERACION: 83
Mejor Solucion:  23 85 9 36 86 29 87 74 58 70 2 67 14 62 98 44 61 93 27 22 40 57 90 35 33 52 0 49 95 18 51 99 7 73 92 10 91 65 55 45 11 15 81 78 16 56 72 28 4 60 50 77 32 19 48 20 68 66 31 79 83 24 26 53 84 8 89 39 97 12 38 46 34 94 54 47 63 6 13 21 82 42 71 75 17 88 80 30 41 76 69 1 5 96 43 25 59 3 64 37
Coste: 1624182702

GENERACION: 84
Mejor Solucion:  23 85 9 36 86 29 87 74 58 70 2 67 14 62 98 44 61 93 27 22 40 57 90 35 33 52 0 49 95 18 51 99 7 73 92 10 91 65 55 45 11 15 81 78 16 56 72 28 4 60 50 77 32 19 48 20 68 66 31 79 83 24 26 53 84 8 89 39 97 12 38 46 34 94 54 47 63 6 13 21 82 42 71 75 17 88 80 30 41 76 69 1 5 96 43 25 59 3 64 37
Coste: 1624182702

GENERACION: 85
Mejor Solucion:  23 85 9 36 86 29 87 74 58 70 2 67 14 62 98 44 61 93 27 22 40 57 90 35 33 52 0 49 95 18 51 99 7 73 92 10 91 65 55 45 11 15 81 78 16 56 72 28 4 60 50 77 32 19 48 20 68 66 31 79 83 24 26 53 84 8 89 39 97 12 38 46 34 94 54 47 63 6 13 21 82 42 71 75 17 88 80 30 41 76 69 1 5 96 43 25 59 3 64 37
Coste: 1624182702

GENERACION: 86
Mejor Solucion:  23 85 9 36 86 29 87 74 58 70 2 67 14 62 98 44 61 93 27 22 40 57 90 35 33 52 0 49 95 18 51 99 7 73 92 10 91 65 55 45 11 15 81 78 16 56 72 28 4 60 50 77 32 19 48 20 68 66 31 79 83 24 26 53 84 8 89 39 97 12 38 46 34 94 54 47 63 6 13 21 82 42 71 75 17 88 80 30 41 76 69 1 5 96 43 25 59 3 64 37
Coste: 1624182702

GENERACION: 87
Mejor Solucion:  23 85 9 36 86 29 87 74 58 70 2 67 14 62 98 44 61 93 27 22 40 57 90 35 33 52 0 49 95 18 51 99 7 73 92 10 91 65 55 45 11 15 81 78 16 56 72 28 4 60 50 77 32 19 48 20 68 66 31 79 83 24 26 53 84 8 89 39 97 12 38 46 34 94 54 47 63 6 13 21 82 42 71 75 17 88 80 30 41 76 69 1 5 96 43 25 59 3 64 37
Coste: 1624182702

GENERACION: 88
Mejor Solucion:  23 85 9 36 86 29 87 74 58 70 2 67 14 62 98 44 61 93 27 22 40 57 90 35 33 52 0 49 95 18 51 99 7 73 92 10 91 65 55 45 11 15 81 78 16 56 72 28 4 60 50 77 32 19 48 20 68 66 31 79 83 24 26 53 84 8 89 39 97 12 38 46 34 94 54 47 63 6 13 21 82 42 71 75 17 88 80 30 41 76 69 1 5 96 43 25 59 3 64 37
Coste: 1624182702

GENERACION: 89
Mejor Solucion:  23 85 9 36 86 29 87 74 58 70 2 67 14 62 98 44 61 93 27 22 40 57 90 35 33 52 0 49 95 18 51 99 7 73 92 10 91 65 55 45 11 15 81 78 16 56 72 28 4 60 50 77 32 19 48 20 68 66 31 79 83 24 26 53 84 8 89 39 97 12 38 46 34 94 54 47 63 6 13 21 82 42 71 75 17 88 80 30 41 76 69 1 5 96 43 25 59 3 64 37
Coste: 1624182702

GENERACION: 90
Mejor Solucion:  23 85 9 36 86 29 87 74 58 70 2 67 14 62 98 44 61 93 27 22 40 57 90 35 33 52 0 49 95 18 51 99 7 73 92 10 91 65 55 45 11 15 81 78 16 56 72 28 4 60 50 77 32 19 48 20 68 66 31 79 83 24 26 53 84 8 89 39 97 12 38 46 34 94 54 47 63 6 13 21 82 42 71 75 17 88 80 30 41 76 69 1 5 96 43 25 59 3 64 37
Coste: 1624182702

GENERACION: 91
Mejor Solucion:  23 85 9 36 86 29 87 74 58 70 2 67 14 62 98 44 61 93 27 22 40 57 90 35 33 52 0 49 95 18 51 99 7 73 92 10 91 65 55 45 11 15 81 78 16 56 72 28 4 60 50 77 32 19 48 20 68 66 31 79 83 24 26 53 84 8 89 39 97 12 38 46 34 94 54 47 63 6 13 21 82 42 71 75 17 88 80 30 41 76 69 1 5 96 43 25 59 3 64 37
Coste: 1624182702

GENERACION: 92
Mejor Solucion:  23 85 9 36 86 29 87 74 58 70 2 67 14 62 98 44 61 93 27 22 40 57 90 35 33 52 0 49 95 18 51 99 7 73 92 10 91 65 55 45 11 15 81 78 16 56 72 28 4 60 50 77 32 19 48 20 68 66 31 79 83 24 26 53 84 8 89 39 97 12 38 46 34 94 54 47 63 6 13 21 82 42 71 75 17 88 80 30 41 76 69 1 5 96 43 25 59 3 64 37
Coste: 1624182702

GENERACION: 93
Mejor Solucion:  23 85 9 36 86 29 87 74 58 70 2 67 14 62 98 44 61 93 27 22 40 57 90 35 33 52 0 49 95 18 51 99 7 73 92 10 91 65 55 45 11 15 81 78 16 56 72 28 4 60 50 77 32 19 48 20 68 66 31 79 83 24 26 53 84 8 89 39 97 12 38 46 34 94 54 47 63 6 13 21 82 42 71 75 17 88 80 30 41 76 69 1 5 96 43 25 59 3 64 37
Coste: 1624182702

GENERACION: 94
Mejor Solucion:  23 85 9 36 86 29 87 74 58 70 2 67 14 62 98 44 61 93 27 22 40 57 90 35 33 52 0 49 95 18 51 99 7 73 92 10 91 65 55 45 11 15 81 78 16 56 72 28 4 60 50 77 32 19 48 20 68 66 31 79 83 24 26 53 84 8 89 39 97 12 38 46 34 94 54 47 63 6 13 21 82 42 71 75 17 88 80 30 41 76 69 1 5 96 43 25 59 3 64 37
Coste: 1624182702

GENERACION: 95
Mejor Solucion:  23 85 9 36 86 29 87 74 58 70 2 67 14 62 98 44 61 93 27 22 40 57 90 35 33 52 0 49 95 18 51 99 7 73 92 10 91 65 55 45 11 15 81 78 16 56 72 28 4 60 50 77 32 19 48 20 68 66 31 79 83 24 26 53 84 8 89 39 97 12 38 46 34 94 54 47 63 6 13 21 82 42 71 75 17 88 80 30 41 76 69 1 5 96 43 25 59 3 64 37
Coste: 1624182702

GENERACION: 96
Mejor Solucion:  23 85 9 36 86 29 87 74 58 70 2 67 14 62 98 44 61 93 27 22 40 57 90 35 33 52 0 49 95 18 51 99 7 73 92 10 91 65 55 45 11 15 81 78 16 56 72 28 4 60 50 77 32 19 48 20 68 66 31 79 83 24 26 53 84 8 89 39 97 12 38 46 34 94 54 47 63 6 13 21 82 42 71 75 17 88 80 30 41 76 69 1 5 96 43 25 59 3 64 37
Coste: 1624182702

GENERACION: 97
Mejor Solucion:  23 85 9 36 86 29 87 74 58 70 2 67 14 62 98 44 61 93 27 22 40 57 90 35 33 52 0 49 95 18 51 99 7 73 92 10 91 65 55 45 11 15 81 78 16 56 72 28 4 60 50 77 32 19 48 20 68 66 31 79 83 24 26 53 84 8 89 39 97 12 38 46 34 94 54 47 63 6 13 21 82 42 71 75 17 88 80 30 41 76 69 1 5 96 43 25 59 3 64 37
Coste: 1624182702

GENERACION: 98
Mejor Solucion:  23 85 9 36 86 29 87 74 58 70 2 67 14 62 98 44 61 93 27 22 40 57 90 35 33 52 0 49 95 18 51 99 7 73 92 10 91 65 55 45 11 15 81 78 16 56 72 28 4 60 50 77 32 19 48 20 68 66 31 79 83 24 26 53 84 8 89 39 97 12 38 46 34 94 54 47 63 6 13 21 82 42 71 75 17 88 80 30 41 76 69 1 5 96 43 25 59 3 64 37
Coste: 1624182702

GENERACION: 99
Mejor Solucion:  23 85 9 36 86 29 87 74 58 70 2 67 14 62 98 44 61 93 27 22 40 57 90 35 33 52 0 49 95 18 51 99 7 73 92 10 91 65 55 45 11 15 81 78 16 56 72 28 4 60 50 77 32 19 48 20 68 66 31 79 83 24 26 53 84 8 89 39 97 12 38 46 34 94 54 47 63 6 13 21 82 42 71 75 17 88 80 30 41 76 69 1 5 96 43 25 59 3 64 37
Coste: 1624182702

GENERACION: 100
Mejor Solucion:  23 85 9 36 86 29 87 74 58 70 2 67 14 62 98 44 61 93 27 22 40 57 90 35 33 52 0 49 95 18 51 99 7 73 92 10 91 65 55 45 11 15 81 78 16 56 72 28 4 60 50 77 32 19 48 20 68 66 31 79 83 24 26 53 84 8 89 39 97 12 38 46 34 94 54 47 63 6 13 21 82 42 71 75 17 88 80 30 41 76 69 1 5 96 43 25 59 3 64 37
Coste: 1624182702

GENERACION: 101
Mejor Solucion:  64 85 87 70 37 86 9 26 60 28 29 74 44 22 62 61 68 39 14 93 27 40 90 35 33 52 0 49 95 18 51 99 7 67 58 10 91 65 55 23 11 15 81 78 16 56 92 45 4 73 50 77 32 19 48 20 57 66 31 79 83 24 98 53 84 8 89 2 97 12 38 46 34 94 54 47 63 6 13 21 82 42 71 75 17 88 80 30 41 76 69 1 5 96 43 25 59 3 72 36
Coste: 1589118611

GENERACION: 102
Mejor Solucion:  64 85 87 70 37 86 9 26 60 28 29 74 44 22 62 61 68 39 14 93 27 40 90 35 33 52 0 49 95 18 51 99 7 67 58 10 91 65 55 23 11 15 81 78 16 56 92 45 4 73 50 77 32 19 48 20 57 66 31 79 83 24 98 53 84 8 89 2 97 12 38 46 34 94 54 47 63 6 13 21 82 42 71 75 17 88 80 30 41 76 69 1 5 96 43 25 59 3 72 36
Coste: 1589118611

GENERACION: 103
Mejor Solucion:  64 85 87 70 37 86 9 26 60 28 29 74 44 22 62 61 68 39 14 93 27 40 90 35 33 52 0 49 95 18 51 99 7 67 58 10 91 65 55 23 11 15 81 78 16 56 92 45 4 73 50 77 32 19 48 20 57 66 31 79 83 24 98 53 84 8 89 2 97 12 38 46 34 94 54 47 63 6 13 21 82 42 71 75 17 88 80 30 41 76 69 1 5 96 43 25 59 3 72 36
Coste: 1589118611

GENERACION: 104
Mejor Solucion:  64 85 87 70 37 86 9 26 60 28 29 74 44 22 62 61 68 39 14 93 27 40 90 35 33 52 0 49 95 18 51 99 7 67 58 10 91 65 55 23 11 15 81 78 16 56 92 45 4 73 50 77 32 19 48 20 57 66 31 79 83 24 98 53 84 8 89 2 97 12 38 46 34 94 54 47 63 6 13 21 82 42 71 75 17 88 80 30 41 76 69 1 5 96 43 25 59 3 72 36
Coste: 1589118611

GENERACION: 105
Mejor Solucion:  64 85 87 70 37 86 9 26 60 28 29 74 44 22 62 61 68 39 14 93 27 40 90 35 33 52 0 49 95 18 51 99 7 67 58 10 91 65 55 23 11 15 81 78 16 56 92 45 4 73 50 77 32 19 48 20 57 66 31 79 83 24 98 53 84 8 89 2 97 12 38 46 34 94 54 47 63 6 13 21 82 42 71 75 17 88 80 30 41 76 69 1 5 96 43 25 59 3 72 36
Coste: 1589118611

GENERACION: 106
Mejor Solucion:  64 85 87 70 37 86 9 26 60 28 29 74 44 22 62 61 68 39 14 93 27 40 90 35 33 52 0 49 95 18 51 99 7 67 58 10 91 65 55 23 11 15 81 78 16 56 92 45 4 73 50 77 32 19 48 20 57 66 31 79 83 24 98 53 84 8 89 2 97 12 38 46 34 94 54 47 63 6 13 21 82 42 71 75 17 88 80 30 41 76 69 1 5 96 43 25 59 3 72 36
Coste: 1589118611

GENERACION: 107
Mejor Solucion:  64 85 87 70 37 86 9 26 60 28 29 74 44 22 62 61 68 39 14 93 27 40 90 35 33 52 0 49 95 18 51 99 7 67 58 10 91 65 55 23 11 15 81 78 16 56 92 45 4 73 50 77 32 19 48 20 57 66 31 79 83 24 98 53 84 8 89 2 97 12 38 46 34 94 54 47 63 6 13 21 82 42 71 75 17 88 80 30 41 76 69 1 5 96 43 25 59 3 72 36
Coste: 1589118611

GENERACION: 108
Mejor Solucion:  64 85 87 70 37 86 9 26 60 28 29 74 44 22 62 61 68 39 14 93 27 40 90 35 33 52 0 49 95 18 51 99 7 67 58 10 91 65 55 23 11 15 81 78 16 56 92 45 4 73 50 77 32 19 48 20 57 66 31 79 83 24 98 53 84 8 89 2 97 12 38 46 34 94 54 47 63 6 13 21 82 42 71 75 17 88 80 30 41 76 69 1 5 96 43 25 59 3 72 36
Coste: 1589118611

GENERACION: 109
Mejor Solucion:  64 85 87 70 37 86 9 26 60 28 29 74 44 22 62 61 68 39 14 93 27 40 90 35 33 52 0 49 95 18 51 99 7 67 58 10 91 65 55 23 11 15 81 78 16 56 92 45 4 73 50 77 32 19 48 20 57 66 31 79 83 24 98 53 84 8 89 2 97 12 38 46 34 94 54 47 63 6 13 21 82 42 71 75 17 88 80 30 41 76 69 1 5 96 43 25 59 3 72 36
Coste: 1589118611

GENERACION: 110
Mejor Solucion:  64 85 87 70 37 86 9 26 60 28 29 74 44 22 62 61 68 39 14 93 27 40 90 35 33 52 0 49 95 18 51 99 7 67 58 10 91 65 55 23 11 15 81 78 16 56 92 45 4 73 50 77 32 19 48 20 57 66 31 79 83 24 98 53 84 8 89 2 97 12 38 46 34 94 54 47 63 6 13 21 82 42 71 75 17 88 80 30 41 76 69 1 5 96 43 25 59 3 72 36
Coste: 1589118611

GENERACION: 111
Mejor Solucion:  64 85 87 70 37 86 9 26 60 28 29 74 44 22 62 61 68 39 14 93 27 40 90 35 33 52 0 49 95 18 51 99 7 67 58 10 91 65 55 23 11 15 81 78 16 56 92 45 4 73 50 77 32 19 48 20 57 66 31 79 83 24 98 53 84 8 89 2 97 12 38 46 34 94 54 47 63 6 13 21 82 42 71 75 17 88 80 30 41 76 69 1 5 96 43 25 59 3 72 36
Coste: 1589118611

GENERACION: 112
Mejor Solucion:  64 85 87 70 37 86 9 26 60 28 29 74 44 22 62 61 68 39 14 93 27 40 90 35 33 52 0 49 95 18 51 99 7 67 58 10 91 65 55 23 11 15 81 78 16 56 92 45 4 73 50 77 32 19 48 20 57 66 31 79 83 24 98 53 84 8 89 2 97 12 38 46 34 94 54 47 63 6 13 21 82 42 71 75 17 88 80 30 41 76 69 1 5 96 43 25 59 3 72 36
Coste: 1589118611

GENERACION: 113
Mejor Solucion:  64 85 87 70 37 86 9 26 60 28 29 74 44 22 62 61 68 39 14 93 27 40 90 35 33 52 0 49 95 18 51 99 7 67 58 10 91 65 55 23 11 15 81 78 16 56 92 45 4 73 50 77 32 19 48 20 57 66 31 79 83 24 98 53 84 8 89 2 97 12 38 46 34 94 54 47 63 6 13 21 82 42 71 75 17 88 80 30 41 76 69 1 5 96 43 25 59 3 72 36
Coste: 1589118611

GENERACION: 114
Mejor Solucion:  64 85 87 70 37 86 9 26 60 28 29 74 44 22 62 61 68 39 14 93 27 40 90 35 33 52 0 49 95 18 51 99 7 67 58 10 91 65 55 23 11 15 81 78 16 56 92 45 4 73 50 77 32 19 48 20 57 66 31 79 83 24 98 53 84 8 89 2 97 12 38 46 34 94 54 47 63 6 13 21 82 42 71 75 17 88 80 30 41 76 69 1 5 96 43 25 59 3 72 36
Coste: 1589118611

GENERACION: 115
Mejor Solucion:  64 85 87 70 37 86 9 26 60 28 29 74 44 22 62 61 68 39 14 93 27 40 90 35 33 52 0 49 95 18 51 99 7 67 58 10 91 65 55 23 11 15 81 78 16 56 92 45 4 73 50 77 32 19 48 20 57 66 31 79 83 24 98 53 84 8 89 2 97 12 38 46 34 94 54 47 63 6 13 21 82 42 71 75 17 88 80 30 41 76 69 1 5 96 43 25 59 3 72 36
Coste: 1589118611

GENERACION: 116
Mejor Solucion:  64 85 87 70 37 86 9 26 60 28 29 74 44 22 62 61 68 39 14 93 27 40 90 35 33 52 0 49 95 18 51 99 7 67 58 10 91 65 55 23 11 15 81 78 16 56 92 45 4 73 50 77 32 19 48 20 57 66 31 79 83 24 98 53 84 8 89 2 97 12 38 46 34 94 54 47 63 6 13 21 82 42 71 75 17 88 80 30 41 76 69 1 5 96 43 25 59 3 72 36
Coste: 1589118611

GENERACION: 117
Mejor Solucion:  64 85 87 70 37 86 9 26 60 28 29 74 44 22 62 61 68 39 14 93 27 40 90 35 33 52 0 49 95 18 51 99 7 67 58 10 91 65 55 23 11 15 81 78 16 56 92 45 4 73 50 77 32 19 48 20 57 66 31 79 83 24 98 53 84 8 89 2 97 12 38 46 34 94 54 47 63 6 13 21 82 42 71 75 17 88 80 30 41 76 69 1 5 96 43 25 59 3 72 36
Coste: 1589118611

GENERACION: 118
Mejor Solucion:  64 85 87 70 37 86 9 26 60 28 29 74 44 22 62 61 68 39 14 93 27 40 90 35 33 52 0 49 95 18 51 99 7 67 58 10 91 65 55 23 11 15 81 78 16 56 92 45 4 73 50 77 32 19 48 20 57 66 31 79 83 24 98 53 84 8 89 2 97 12 38 46 34 94 54 47 63 6 13 21 82 42 71 75 17 88 80 30 41 76 69 1 5 96 43 25 59 3 72 36
Coste: 1589118611

GENERACION: 119
Mejor Solucion:  64 85 87 70 37 86 9 26 60 28 29 74 44 22 62 61 68 39 14 93 27 40 90 35 33 52 0 49 95 18 51 99 7 67 58 10 91 65 55 23 11 15 81 78 16 56 92 45 4 73 50 77 32 19 48 20 57 66 31 79 83 24 98 53 84 8 89 2 97 12 38 46 34 94 54 47 63 6 13 21 82 42 71 75 17 88 80 30 41 76 69 1 5 96 43 25 59 3 72 36
Coste: 1589118611

GENERACION: 120
Mejor Solucion:  64 85 87 70 37 86 9 26 60 28 29 74 44 22 62 61 68 39 14 93 27 40 90 35 33 52 0 49 95 18 51 99 7 67 58 10 91 65 55 23 11 15 81 78 16 56 92 45 4 73 50 77 32 19 48 20 57 66 31 79 83 24 98 53 84 8 89 2 97 12 38 46 34 94 54 47 63 6 13 21 82 42 71 75 17 88 80 30 41 76 69 1 5 96 43 25 59 3 72 36
Coste: 1589118611

GENERACION: 121
Mejor Solucion:  64 85 87 70 37 86 9 26 60 28 29 74 44 22 62 61 68 39 14 93 27 40 90 35 33 52 0 49 95 18 51 99 7 67 58 10 91 65 55 23 11 15 81 78 16 56 92 45 4 73 50 77 32 19 48 20 57 66 31 79 83 24 98 53 84 8 89 2 97 12 38 46 34 94 54 47 63 6 13 21 82 42 71 75 17 88 80 30 41 76 69 1 5 96 43 25 59 3 72 36
Coste: 1589118611

GENERACION: 122
Mejor Solucion:  64 85 87 70 37 86 9 26 60 28 29 74 44 22 62 61 68 39 14 93 27 40 90 35 33 52 0 49 95 18 51 99 7 67 58 10 91 65 55 23 11 15 81 78 16 56 92 45 4 73 50 77 32 19 48 20 57 66 31 79 83 24 98 53 84 8 89 2 97 12 38 46 34 94 54 47 63 6 13 21 82 42 71 75 17 88 80 30 41 76 69 1 5 96 43 25 59 3 72 36
Coste: 1589118611

GENERACION: 123
Mejor Solucion:  64 85 87 70 37 86 9 26 60 28 29 74 44 22 62 61 68 39 14 93 27 40 90 35 33 52 0 49 95 18 51 99 7 67 58 10 91 65 55 23 11 15 81 78 16 56 92 45 4 73 50 77 32 19 48 20 57 66 31 79 83 24 98 53 84 8 89 2 97 12 38 46 34 94 54 47 63 6 13 21 82 42 71 75 17 88 80 30 41 76 69 1 5 96 43 25 59 3 72 36
Coste: 1589118611

GENERACION: 124
Mejor Solucion:  64 85 87 70 37 86 9 26 60 28 29 74 44 22 62 61 68 39 14 93 27 40 90 35 33 52 0 49 95 18 51 99 7 67 58 10 91 65 55 23 11 15 81 78 16 56 92 45 4 73 50 77 32 19 48 20 57 66 31 79 83 24 98 53 84 8 89 2 97 12 38 46 34 94 54 47 63 6 13 21 82 42 71 75 17 88 80 30 41 76 69 1 5 96 43 25 59 3 72 36
Coste: 1589118611

GENERACION: 125
Mejor Solucion:  64 85 87 70 37 86 9 26 60 28 29 74 44 22 62 61 68 39 14 93 27 40 90 35 33 52 0 49 95 18 51 99 7 67 58 10 91 65 55 23 11 15 81 78 16 56 92 45 4 73 50 77 32 19 48 20 57 66 31 79 83 24 98 53 84 8 89 2 97 12 38 46 34 94 54 47 63 6 13 21 82 42 71 75 17 88 80 30 41 76 69 1 5 96 43 25 59 3 72 36
Coste: 1589118611

GENERACION: 126
Mejor Solucion:  64 85 87 70 37 86 9 26 60 28 29 74 44 22 62 61 68 39 14 93 27 40 90 35 33 52 0 49 95 18 51 99 7 67 58 10 91 65 55 23 11 15 81 78 16 56 92 45 4 73 50 77 32 19 48 20 57 66 31 79 83 24 98 53 84 8 89 2 97 12 38 46 34 94 54 47 63 6 13 21 82 42 71 75 17 88 80 30 41 76 69 1 5 96 43 25 59 3 72 36
Coste: 1589118611

GENERACION: 127
Mejor Solucion:  64 85 87 70 37 86 9 26 60 28 29 74 44 22 62 61 68 39 14 93 27 40 90 35 33 52 0 49 95 18 51 99 7 67 58 10 91 65 55 23 11 15 81 78 16 56 92 45 4 73 50 77 32 19 48 20 57 66 31 79 83 24 98 53 84 8 89 2 97 12 38 46 34 94 54 47 63 6 13 21 82 42 71 75 17 88 80 30 41 76 69 1 5 96 43 25 59 3 72 36
Coste: 1589118611

GENERACION: 128
Mejor Solucion:  64 85 87 70 37 86 9 26 60 28 29 74 44 22 62 61 68 39 14 93 27 40 90 35 33 52 0 49 95 18 51 99 7 67 58 10 91 65 55 23 11 15 81 78 16 56 92 45 4 73 50 77 32 19 48 20 57 66 31 79 83 24 98 53 84 8 89 2 97 12 38 46 34 94 54 47 63 6 13 21 82 42 71 75 17 88 80 30 41 76 69 1 5 96 43 25 59 3 72 36
Coste: 1589118611

GENERACION: 129
Mejor Solucion:  64 85 87 70 37 86 9 26 60 28 29 74 44 22 62 61 68 39 14 93 27 40 90 35 33 52 0 49 95 18 51 99 7 67 58 10 91 65 55 23 11 15 81 78 16 56 92 45 4 73 50 77 32 19 48 20 57 66 31 79 83 24 98 53 84 8 89 2 97 12 38 46 34 94 54 47 63 6 13 21 82 42 71 75 17 88 80 30 41 76 69 1 5 96 43 25 59 3 72 36
Coste: 1589118611

GENERACION: 130
Mejor Solucion:  64 85 87 70 37 86 9 26 60 28 29 74 44 22 62 61 68 39 14 93 27 40 90 35 33 52 0 49 95 18 51 99 7 67 58 10 91 65 55 23 11 15 81 78 16 56 92 45 4 73 50 77 32 19 48 20 57 66 31 79 83 24 98 53 84 8 89 2 97 12 38 46 34 94 54 47 63 6 13 21 82 42 71 75 17 88 80 30 41 76 69 1 5 96 43 25 59 3 72 36
Coste: 1589118611

GENERACION: 131
Mejor Solucion:  64 85 87 70 37 86 9 26 60 28 29 74 44 22 62 61 68 39 14 93 27 40 90 35 33 52 0 49 95 18 51 99 7 67 58 10 91 65 55 23 11 15 81 78 16 56 92 45 4 73 50 77 32 19 48 20 57 66 31 79 83 24 98 53 84 8 89 2 97 12 38 46 34 94 54 47 63 6 13 21 82 42 71 75 17 88 80 30 41 76 69 1 5 96 43 25 59 3 72 36
Coste: 1589118611

GENERACION: 132
Mejor Solucion:  64 85 87 70 37 86 9 26 60 28 29 74 44 22 62 61 68 39 14 93 27 40 90 35 33 52 0 49 95 18 51 99 7 67 58 10 91 65 55 23 11 15 81 78 16 56 92 45 4 73 50 77 32 19 48 20 57 66 31 79 83 24 98 53 84 8 89 2 97 12 38 46 34 94 54 47 63 6 13 21 82 42 71 75 17 88 80 30 41 76 69 1 5 96 43 25 59 3 72 36
Coste: 1589118611

