GENERACION: 1
Mejor Solucion:  49 88 80 48 91 25 81 76 63 20 30 22 12 73 74 77 60 17 53 14 70 15 56 27 57 85 41 58 37 29 94 87 21 18 7 32 5 64 95 96 51 1 46 65 52 82 93 72 39 11 34 61 28 40 71 0 47 16 97 79 38 44 36 26 68 84 75 2 42 92 89 99 54 83 3 13 98 33 90 8 67 45 19 23 43 31 55 6 35 9 4 50 86 78 69 66 62 59 10 24
Coste: 1667307375

GENERACION: 2
Mejor Solucion:  49 88 80 48 91 25 81 76 63 20 30 22 12 73 74 77 60 17 53 14 70 15 56 27 57 85 41 58 37 29 94 87 21 18 7 32 5 64 95 96 51 1 46 65 52 82 93 72 39 11 34 61 28 40 71 0 47 16 97 79 38 44 36 26 68 84 75 2 42 92 89 99 54 83 3 13 98 33 90 8 67 45 19 23 43 31 55 6 35 9 4 50 86 78 69 66 62 59 10 24
Coste: 1667307375

GENERACION: 3
Mejor Solucion:  49 88 80 48 91 25 81 76 63 20 30 22 12 73 74 77 60 17 53 14 70 15 56 27 57 85 41 58 37 29 94 87 21 18 7 32 5 64 95 96 51 1 46 65 52 82 93 72 39 11 34 61 28 40 71 0 47 16 97 79 38 44 36 26 68 84 75 2 42 92 89 99 54 83 3 13 98 33 90 8 67 45 19 23 43 31 55 6 35 9 4 50 86 78 69 66 62 59 10 24
Coste: 1667307375

GENERACION: 4
Mejor Solucion:  49 88 80 48 91 25 81 76 63 20 30 22 12 73 74 77 60 17 53 14 70 15 56 27 57 85 41 58 37 29 94 87 21 18 7 32 5 64 95 96 51 1 46 65 52 82 93 72 39 11 34 61 28 40 71 0 47 16 97 79 38 44 36 26 68 84 75 2 42 92 89 99 54 83 3 13 98 33 90 8 67 45 19 23 43 31 55 6 35 9 4 50 86 78 69 66 62 59 10 24
Coste: 1667307375

GENERACION: 5
Mejor Solucion:  49 88 80 48 91 25 81 76 63 20 30 22 12 73 74 77 60 17 53 14 70 15 56 27 57 85 41 58 37 29 94 87 21 18 7 32 5 64 95 96 51 1 46 65 52 82 93 72 39 11 34 61 28 40 71 0 47 16 97 79 38 44 36 26 68 84 75 2 42 92 89 99 54 83 3 13 98 33 90 8 67 45 19 23 43 31 55 6 35 9 4 50 86 78 69 66 62 59 10 24
Coste: 1667307375

GENERACION: 6
Mejor Solucion:  49 88 80 48 91 25 81 76 63 20 30 22 12 73 74 77 60 17 53 14 70 15 56 27 57 85 41 58 37 29 94 87 21 18 7 32 5 64 95 96 51 1 46 65 52 82 93 72 39 11 34 61 28 40 71 0 47 16 97 79 38 44 36 26 68 84 75 2 42 92 89 99 54 83 3 13 98 33 90 8 67 45 19 23 43 31 55 6 35 9 4 50 86 78 69 66 62 59 10 24
Coste: 1667307375

GENERACION: 7
Mejor Solucion:  49 88 80 48 91 25 81 76 63 20 30 22 12 73 74 77 60 17 53 14 70 15 56 27 57 85 41 58 37 29 94 87 21 18 7 32 5 64 95 96 51 1 46 65 52 82 93 72 39 11 34 61 28 40 71 0 47 16 97 79 38 44 36 26 68 84 75 2 42 92 89 99 54 83 3 13 98 33 90 8 67 45 19 23 43 31 55 6 35 9 4 50 86 78 69 66 62 59 10 24
Coste: 1667307375

GENERACION: 8
Mejor Solucion:  49 88 80 48 91 25 81 76 63 20 30 22 12 73 74 77 60 17 53 14 70 15 56 27 57 85 41 58 37 29 94 87 21 18 7 32 5 64 95 96 51 1 46 65 52 82 93 72 39 11 34 61 28 40 71 0 47 16 97 79 38 44 36 26 68 84 75 2 42 92 89 99 54 83 3 13 98 33 90 8 67 45 19 23 43 31 55 6 35 9 4 50 86 78 69 66 62 59 10 24
Coste: 1667307375

GENERACION: 9
Mejor Solucion:  49 88 80 48 91 25 81 76 63 20 30 22 12 73 74 77 60 17 53 14 70 15 56 27 57 85 41 58 37 29 94 87 21 18 7 32 5 64 95 96 51 1 46 65 52 82 93 72 39 11 34 61 28 40 71 0 47 16 97 79 38 44 36 26 68 84 75 2 42 92 89 99 54 83 3 13 98 33 90 8 67 45 19 23 43 31 55 6 35 9 4 50 86 78 69 66 62 59 10 24
Coste: 1667307375

GENERACION: 10
Mejor Solucion:  49 88 80 48 91 25 81 76 63 20 30 22 12 73 74 77 60 17 53 14 70 15 56 27 57 85 41 58 37 29 94 87 21 18 7 32 5 64 95 96 51 1 46 65 52 82 93 72 39 11 34 61 28 40 71 0 47 16 97 79 38 44 36 26 68 84 75 2 42 92 89 99 54 83 3 13 98 33 90 8 67 45 19 23 43 31 55 6 35 9 4 50 86 78 69 66 62 59 10 24
Coste: 1667307375

GENERACION: 11
Mejor Solucion:  49 88 80 48 91 25 81 76 63 20 30 22 12 73 74 77 60 17 53 14 70 15 56 27 57 85 41 58 37 29 94 87 21 18 7 32 5 64 95 96 51 1 46 65 52 82 93 72 39 11 34 61 28 40 71 0 47 16 97 79 38 44 36 26 68 84 75 2 42 92 89 99 54 83 3 13 98 33 90 8 67 45 19 23 43 31 55 6 35 9 4 50 86 78 69 66 62 59 10 24
Coste: 1667307375

GENERACION: 12
Mejor Solucion:  49 88 80 48 91 25 81 76 63 20 30 22 12 73 74 77 60 17 53 14 70 15 56 27 57 85 41 58 37 29 94 87 21 18 7 32 5 64 95 96 51 1 46 65 52 82 93 72 39 11 34 61 28 40 71 0 47 16 97 79 38 44 36 26 68 84 75 2 42 92 89 99 54 83 3 13 98 33 90 8 67 45 19 23 43 31 55 6 35 9 4 50 86 78 69 66 62 59 10 24
Coste: 1667307375

GENERACION: 13
Mejor Solucion:  49 88 80 48 91 25 81 76 63 20 30 22 12 73 74 77 60 17 53 14 70 15 56 27 57 85 41 58 37 29 94 87 21 18 7 32 5 64 95 96 51 1 46 65 52 82 93 72 39 11 34 61 28 40 71 0 47 16 97 79 38 44 36 26 68 84 75 2 42 92 89 99 54 83 3 13 98 33 90 8 67 45 19 23 43 31 55 6 35 9 4 50 86 78 69 66 62 59 10 24
Coste: 1667307375

GENERACION: 14
Mejor Solucion:  49 88 80 48 91 25 81 76 63 20 30 22 12 73 74 77 60 17 53 14 70 15 56 27 57 85 41 58 37 29 94 87 21 18 7 32 5 64 95 96 51 1 46 65 52 82 93 72 39 11 34 61 28 40 71 0 47 16 97 79 38 44 36 26 68 84 75 2 42 92 89 99 54 83 3 13 98 33 90 8 67 45 19 23 43 31 55 6 35 9 4 50 86 78 69 66 62 59 10 24
Coste: 1667307375

GENERACION: 15
Mejor Solucion:  49 88 80 48 91 25 81 76 63 20 30 22 12 73 74 77 60 17 53 14 70 15 56 27 57 85 41 58 37 29 94 87 21 18 7 32 5 64 95 96 51 1 46 65 52 82 93 72 39 11 34 61 28 40 71 0 47 16 97 79 38 44 36 26 68 84 75 2 42 92 89 99 54 83 3 13 98 33 90 8 67 45 19 23 43 31 55 6 35 9 4 50 86 78 69 66 62 59 10 24
Coste: 1667307375

GENERACION: 16
Mejor Solucion:  49 88 80 48 91 25 81 76 63 20 30 22 12 73 74 77 60 17 53 14 70 15 56 27 57 85 41 58 37 29 94 87 21 18 7 32 5 64 95 96 51 1 46 65 52 82 93 72 39 11 34 61 28 40 71 0 47 16 97 79 38 44 36 26 68 84 75 2 42 92 89 99 54 83 3 13 98 33 90 8 67 45 19 23 43 31 55 6 35 9 4 50 86 78 69 66 62 59 10 24
Coste: 1667307375

GENERACION: 17
Mejor Solucion:  49 88 80 48 91 25 81 76 63 20 30 22 12 73 74 77 60 17 53 14 70 15 56 27 57 85 41 58 37 29 94 87 21 18 7 32 5 64 95 96 51 1 46 65 52 82 93 72 39 11 34 61 28 40 71 0 47 16 97 79 38 44 36 26 68 84 75 2 42 92 89 99 54 83 3 13 98 33 90 8 67 45 19 23 43 31 55 6 35 9 4 50 86 78 69 66 62 59 10 24
Coste: 1667307375

GENERACION: 18
Mejor Solucion:  49 88 80 48 91 25 81 76 63 20 30 22 12 73 74 77 60 17 53 14 70 15 56 27 57 85 41 58 37 29 94 87 21 18 7 32 5 64 95 96 51 1 46 65 52 82 93 72 39 11 34 61 28 40 71 0 47 16 97 79 38 44 36 26 68 84 75 2 42 92 89 99 54 83 3 13 98 33 90 8 67 45 19 23 43 31 55 6 35 9 4 50 86 78 69 66 62 59 10 24
Coste: 1667307375

GENERACION: 19
Mejor Solucion:  49 88 80 48 91 25 81 76 63 20 30 22 12 73 74 77 60 17 53 14 70 15 56 27 57 85 41 58 37 29 94 87 21 18 7 32 5 64 95 96 51 1 46 65 52 82 93 72 39 11 34 61 28 40 71 0 47 16 97 79 38 44 36 26 68 84 75 2 42 92 89 99 54 83 3 13 98 33 90 8 67 45 19 23 43 31 55 6 35 9 4 50 86 78 69 66 62 59 10 24
Coste: 1667307375

GENERACION: 20
Mejor Solucion:  49 88 80 48 91 25 81 76 63 20 30 22 12 73 74 77 60 17 53 14 70 15 56 27 57 85 41 58 37 29 94 87 21 18 7 32 5 64 95 96 51 1 46 65 52 82 93 72 39 11 34 61 28 40 71 0 47 16 97 79 38 44 36 26 68 84 75 2 42 92 89 99 54 83 3 13 98 33 90 8 67 45 19 23 43 31 55 6 35 9 4 50 86 78 69 66 62 59 10 24
Coste: 1667307375

GENERACION: 21
Mejor Solucion:  49 88 80 48 91 25 81 76 63 20 30 22 12 73 74 77 60 17 53 14 70 15 56 27 57 85 41 58 37 29 94 87 21 18 7 32 5 64 95 96 51 1 46 65 52 82 93 72 39 11 34 61 28 40 71 0 47 16 97 79 38 44 36 26 68 84 75 2 42 92 89 99 54 83 3 13 98 33 90 8 67 45 19 23 43 31 55 6 35 9 4 50 86 78 69 66 62 59 10 24
Coste: 1667307375

GENERACION: 22
Mejor Solucion:  49 88 80 48 91 25 81 76 63 20 30 22 12 73 74 77 60 17 53 14 70 15 56 27 57 85 41 58 37 29 94 87 21 18 7 32 5 64 95 96 51 1 46 65 52 82 93 72 39 11 34 61 28 40 71 0 47 16 97 79 38 44 36 26 68 84 75 2 42 92 89 99 54 83 3 13 98 33 90 8 67 45 19 23 43 31 55 6 35 9 4 50 86 78 69 66 62 59 10 24
Coste: 1667307375

GENERACION: 23
Mejor Solucion:  49 88 80 48 91 25 81 76 63 20 30 22 12 73 74 77 60 17 53 14 70 15 56 27 57 85 41 58 37 29 94 87 21 18 7 32 5 64 95 96 51 1 46 65 52 82 93 72 39 11 34 61 28 40 71 0 47 16 97 79 38 44 36 26 68 84 75 2 42 92 89 99 54 83 3 13 98 33 90 8 67 45 19 23 43 31 55 6 35 9 4 50 86 78 69 66 62 59 10 24
Coste: 1667307375

GENERACION: 24
Mejor Solucion:  49 88 80 48 91 25 81 76 63 20 30 22 12 73 74 77 60 17 53 14 70 15 56 27 57 85 41 58 37 29 94 87 21 18 7 32 5 64 95 96 51 1 46 65 52 82 93 72 39 11 34 61 28 40 71 0 47 16 97 79 38 44 36 26 68 84 75 2 42 92 89 99 54 83 3 13 98 33 90 8 67 45 19 23 43 31 55 6 35 9 4 50 86 78 69 66 62 59 10 24
Coste: 1667307375

GENERACION: 25
Mejor Solucion:  49 88 80 48 91 25 81 76 63 20 30 22 12 73 74 77 60 17 53 14 70 15 56 27 57 85 41 58 37 29 94 87 21 18 7 32 5 64 95 96 51 1 46 65 52 82 93 72 39 11 34 61 28 40 71 0 47 16 97 79 38 44 36 26 68 84 75 2 42 92 89 99 54 83 3 13 98 33 90 8 67 45 19 23 43 31 55 6 35 9 4 50 86 78 69 66 62 59 10 24
Coste: 1667307375

GENERACION: 26
Mejor Solucion:  49 88 80 48 91 25 81 76 63 20 30 22 12 73 74 77 60 17 53 14 70 15 56 27 57 85 41 58 37 29 94 87 21 18 7 32 5 64 95 96 51 1 46 65 52 82 93 72 39 11 34 61 28 40 71 0 47 16 97 79 38 44 36 26 68 84 75 2 42 92 89 99 54 83 3 13 98 33 90 8 67 45 19 23 43 31 55 6 35 9 4 50 86 78 69 66 62 59 10 24
Coste: 1667307375

GENERACION: 27
Mejor Solucion:  49 88 80 48 91 25 81 76 63 20 30 22 12 73 74 77 60 17 53 14 70 15 56 27 57 85 41 58 37 29 94 87 21 18 7 32 5 64 95 96 51 1 46 65 52 82 93 72 39 11 34 61 28 40 71 0 47 16 97 79 38 44 36 26 68 84 75 2 42 92 89 99 54 83 3 13 98 33 90 8 67 45 19 23 43 31 55 6 35 9 4 50 86 78 69 66 62 59 10 24
Coste: 1667307375

GENERACION: 28
Mejor Solucion:  49 88 80 48 91 25 81 76 63 20 30 22 12 73 74 77 60 17 53 14 70 15 56 27 57 85 41 58 37 29 94 87 21 18 7 32 5 64 95 96 51 1 46 65 52 82 93 72 39 11 34 61 28 40 71 0 47 16 97 79 38 44 36 26 68 84 75 2 42 92 89 99 54 83 3 13 98 33 90 8 67 45 19 23 43 31 55 6 35 9 4 50 86 78 69 66 62 59 10 24
Coste: 1667307375

GENERACION: 29
Mejor Solucion:  49 88 80 48 91 25 81 76 63 20 30 22 12 73 74 77 60 17 53 14 70 15 56 27 57 85 41 58 37 29 94 87 21 18 7 32 5 64 95 96 51 1 46 65 52 82 93 72 39 11 34 61 28 40 71 0 47 16 97 79 38 44 36 26 68 84 75 2 42 92 89 99 54 83 3 13 98 33 90 8 67 45 19 23 43 31 55 6 35 9 4 50 86 78 69 66 62 59 10 24
Coste: 1667307375

GENERACION: 30
Mejor Solucion:  49 88 80 48 91 25 81 76 63 20 30 22 12 73 74 77 60 17 53 14 70 15 56 27 57 85 41 58 37 29 94 87 21 18 7 32 5 64 95 96 51 1 46 65 52 82 93 72 39 11 34 61 28 40 71 0 47 16 97 79 38 44 36 26 68 84 75 2 42 92 89 99 54 83 3 13 98 33 90 8 67 45 19 23 43 31 55 6 35 9 4 50 86 78 69 66 62 59 10 24
Coste: 1667307375

GENERACION: 31
Mejor Solucion:  49 88 80 48 91 25 81 76 63 20 30 22 12 73 74 77 60 17 53 14 70 15 56 27 57 85 41 58 37 29 94 87 21 18 7 32 5 64 95 96 51 1 46 65 52 82 93 72 39 11 34 61 28 40 71 0 47 16 97 79 38 44 36 26 68 84 75 2 42 92 89 99 54 83 3 13 98 33 90 8 67 45 19 23 43 31 55 6 35 9 4 50 86 78 69 66 62 59 10 24
Coste: 1667307375

GENERACION: 32
Mejor Solucion:  49 88 80 48 91 25 81 76 63 20 30 22 12 73 74 77 60 17 53 14 70 15 56 27 57 85 41 58 37 29 94 87 21 18 7 32 5 64 95 96 51 1 46 65 52 82 93 72 39 11 34 61 28 40 71 0 47 16 97 79 38 44 36 26 68 84 75 2 42 92 89 99 54 83 3 13 98 33 90 8 67 45 19 23 43 31 55 6 35 9 4 50 86 78 69 66 62 59 10 24
Coste: 1667307375

GENERACION: 33
Mejor Solucion:  49 88 80 48 91 25 81 76 63 20 30 22 12 73 74 77 60 17 53 14 70 15 56 27 57 85 41 58 37 29 94 87 21 18 7 32 5 64 95 96 51 1 46 65 52 82 93 72 39 11 34 61 28 40 71 0 47 16 97 79 38 44 36 26 68 84 75 2 42 92 89 99 54 83 3 13 98 33 90 8 67 45 19 23 43 31 55 6 35 9 4 50 86 78 69 66 62 59 10 24
Coste: 1667307375

GENERACION: 34
Mejor Solucion:  49 88 80 48 91 25 81 76 63 20 30 22 12 73 74 77 60 17 53 14 70 15 56 27 57 85 41 58 37 29 94 87 21 18 7 32 5 64 95 96 51 1 46 65 52 82 93 72 39 11 34 61 28 40 71 0 47 16 97 79 38 44 36 26 68 84 75 2 42 92 89 99 54 83 3 13 98 33 90 8 67 45 19 23 43 31 55 6 35 9 4 50 86 78 69 66 62 59 10 24
Coste: 1667307375

GENERACION: 35
Mejor Solucion:  49 88 80 48 91 25 81 76 63 20 30 22 12 73 74 77 60 17 53 14 70 15 56 27 57 85 41 58 37 29 94 87 21 18 7 32 5 64 95 96 51 1 46 65 52 82 93 72 39 11 34 61 28 40 71 0 47 16 97 79 38 44 36 26 68 84 75 2 42 92 89 99 54 83 3 13 98 33 90 8 67 45 19 23 43 31 55 6 35 9 4 50 86 78 69 66 62 59 10 24
Coste: 1667307375

GENERACION: 36
Mejor Solucion:  49 88 80 48 91 25 81 76 63 20 30 22 12 73 74 77 60 17 53 14 70 15 56 27 57 85 41 58 37 29 94 87 21 18 7 32 5 64 95 96 51 1 46 65 52 82 93 72 39 11 34 61 28 40 71 0 47 16 97 79 38 44 36 26 68 84 75 2 42 92 89 99 54 83 3 13 98 33 90 8 67 45 19 23 43 31 55 6 35 9 4 50 86 78 69 66 62 59 10 24
Coste: 1667307375

GENERACION: 37
Mejor Solucion:  49 88 80 48 91 25 81 76 63 20 30 22 12 73 74 77 60 17 53 14 70 15 56 27 57 85 41 58 37 29 94 87 21 18 7 32 5 64 95 96 51 1 46 65 52 82 93 72 39 11 34 61 28 40 71 0 47 16 97 79 38 44 36 26 68 84 75 2 42 92 89 99 54 83 3 13 98 33 90 8 67 45 19 23 43 31 55 6 35 9 4 50 86 78 69 66 62 59 10 24
Coste: 1667307375

GENERACION: 38
Mejor Solucion:  49 88 80 48 91 25 81 76 63 20 30 22 12 73 74 77 60 17 53 14 70 15 56 27 57 85 41 58 37 29 94 87 21 18 7 32 5 64 95 96 51 1 46 65 52 82 93 72 39 11 34 61 28 40 71 0 47 16 97 79 38 44 36 26 68 84 75 2 42 92 89 99 54 83 3 13 98 33 90 8 67 45 19 23 43 31 55 6 35 9 4 50 86 78 69 66 62 59 10 24
Coste: 1667307375

GENERACION: 39
Mejor Solucion:  49 88 80 48 91 25 81 76 63 20 30 22 12 73 74 77 60 17 53 14 70 15 56 27 57 85 41 58 37 29 94 87 21 18 7 32 5 64 95 96 51 1 46 65 52 82 93 72 39 11 34 61 28 40 71 0 47 16 97 79 38 44 36 26 68 84 75 2 42 92 89 99 54 83 3 13 98 33 90 8 67 45 19 23 43 31 55 6 35 9 4 50 86 78 69 66 62 59 10 24
Coste: 1667307375

GENERACION: 40
Mejor Solucion:  49 88 80 48 91 25 81 76 63 20 30 22 12 73 74 77 60 17 53 14 70 15 56 27 57 85 41 58 37 29 94 87 21 18 7 32 5 64 95 96 51 1 46 65 52 82 93 72 39 11 34 61 28 40 71 0 47 16 97 79 38 44 36 26 68 84 75 2 42 92 89 99 54 83 3 13 98 33 90 8 67 45 19 23 43 31 55 6 35 9 4 50 86 78 69 66 62 59 10 24
Coste: 1667307375

GENERACION: 41
Mejor Solucion:  49 88 80 48 91 25 81 76 63 20 30 22 12 73 74 77 60 17 53 14 70 15 56 27 57 85 41 58 37 29 94 87 21 18 7 32 5 64 95 96 51 1 46 65 52 82 93 72 39 11 34 61 28 40 71 0 47 16 97 79 38 44 36 26 68 84 75 2 42 92 89 99 54 83 3 13 98 33 90 8 67 45 19 23 43 31 55 6 35 9 4 50 86 78 69 66 62 59 10 24
Coste: 1667307375

GENERACION: 42
Mejor Solucion:  49 88 80 48 91 25 81 76 63 20 30 22 12 73 74 77 60 17 53 14 70 15 56 27 57 85 41 58 37 29 94 87 21 18 7 32 5 64 95 96 51 1 46 65 52 82 93 72 39 11 34 61 28 40 71 0 47 16 97 79 38 44 36 26 68 84 75 2 42 92 89 99 54 83 3 13 98 33 90 8 67 45 19 23 43 31 55 6 35 9 4 50 86 78 69 66 62 59 10 24
Coste: 1667307375

GENERACION: 43
Mejor Solucion:  49 88 80 48 91 25 81 76 63 20 30 22 12 73 74 77 60 17 53 14 70 15 56 27 57 85 41 58 37 29 94 87 21 18 7 32 5 64 95 96 51 1 46 65 52 82 93 72 39 11 34 61 28 40 71 0 47 16 97 79 38 44 36 26 68 84 75 2 42 92 89 99 54 83 3 13 98 33 90 8 67 45 19 23 43 31 55 6 35 9 4 50 86 78 69 66 62 59 10 24
Coste: 1667307375

GENERACION: 44
Mejor Solucion:  49 88 80 48 91 25 81 76 63 20 30 22 12 73 74 77 60 17 53 14 70 15 56 27 57 85 41 58 37 29 94 87 21 18 7 32 5 64 95 96 51 1 46 65 52 82 93 72 39 11 34 61 28 40 71 0 47 16 97 79 38 44 36 26 68 84 75 2 42 92 89 99 54 83 3 13 98 33 90 8 67 45 19 23 43 31 55 6 35 9 4 50 86 78 69 66 62 59 10 24
Coste: 1667307375

GENERACION: 45
Mejor Solucion:  49 88 80 48 91 25 81 76 63 20 30 22 12 73 74 77 60 17 53 14 70 15 56 27 57 85 41 58 37 29 94 87 21 18 7 32 5 64 95 96 51 1 46 65 52 82 93 72 39 11 34 61 28 40 71 0 47 16 97 79 38 44 36 26 68 84 75 2 42 92 89 99 54 83 3 13 98 33 90 8 67 45 19 23 43 31 55 6 35 9 4 50 86 78 69 66 62 59 10 24
Coste: 1667307375

GENERACION: 46
Mejor Solucion:  49 88 80 48 91 25 81 76 63 20 30 22 12 73 74 77 60 17 53 14 70 15 56 27 57 85 41 58 37 29 94 87 21 18 7 32 5 64 95 96 51 1 46 65 52 82 93 72 39 11 34 61 28 40 71 0 47 16 97 79 38 44 36 26 68 84 75 2 42 92 89 99 54 83 3 13 98 33 90 8 67 45 19 23 43 31 55 6 35 9 4 50 86 78 69 66 62 59 10 24
Coste: 1667307375

GENERACION: 47
Mejor Solucion:  49 88 80 48 91 25 81 76 63 20 30 22 12 73 74 77 60 17 53 14 70 15 56 27 57 85 41 58 37 29 94 87 21 18 7 32 5 64 95 96 51 1 46 65 52 82 93 72 39 11 34 61 28 40 71 0 47 16 97 79 38 44 36 26 68 84 75 2 42 92 89 99 54 83 3 13 98 33 90 8 67 45 19 23 43 31 55 6 35 9 4 50 86 78 69 66 62 59 10 24
Coste: 1667307375

GENERACION: 48
Mejor Solucion:  49 88 80 48 91 25 81 76 63 20 30 22 12 73 74 77 60 17 53 14 70 15 56 27 57 85 41 58 37 29 94 87 21 18 7 32 5 64 95 96 51 1 46 65 52 82 93 72 39 11 34 61 28 40 71 0 47 16 97 79 38 44 36 26 68 84 75 2 42 92 89 99 54 83 3 13 98 33 90 8 67 45 19 23 43 31 55 6 35 9 4 50 86 78 69 66 62 59 10 24
Coste: 1667307375

GENERACION: 49
Mejor Solucion:  49 88 80 48 91 25 81 76 63 20 30 22 12 73 74 77 60 17 53 14 70 15 56 27 57 85 41 58 37 29 94 87 21 18 7 32 5 64 95 96 51 1 46 65 52 82 93 72 39 11 34 61 28 40 71 0 47 16 97 79 38 44 36 26 68 84 75 2 42 92 89 99 54 83 3 13 98 33 90 8 67 45 19 23 43 31 55 6 35 9 4 50 86 78 69 66 62 59 10 24
Coste: 1667307375

GENERACION: 50
Mejor Solucion:  49 88 80 48 91 25 81 76 63 20 30 22 12 73 74 77 60 17 53 14 70 15 56 27 57 85 41 58 37 29 94 87 21 18 7 32 5 64 95 96 51 1 46 65 52 82 93 72 39 11 34 61 28 40 71 0 47 16 97 79 38 44 36 26 68 84 75 2 42 92 89 99 54 83 3 13 98 33 90 8 67 45 19 23 43 31 55 6 35 9 4 50 86 78 69 66 62 59 10 24
Coste: 1667307375

GENERACION: 51
Mejor Solucion:  49 88 80 48 91 25 81 76 63 20 30 22 12 73 74 77 60 17 53 14 70 15 56 27 57 85 41 58 37 29 94 87 21 18 7 32 5 64 95 96 51 1 46 65 52 82 93 72 39 11 34 61 28 40 71 0 47 16 97 79 38 44 36 26 68 84 75 2 42 92 89 99 54 83 3 13 98 33 90 8 67 45 19 23 43 31 55 6 35 9 4 50 86 78 69 66 62 59 10 24
Coste: 1667307375

GENERACION: 52
Mejor Solucion:  49 88 80 48 91 25 81 76 63 20 30 22 12 73 74 77 60 17 53 14 70 15 56 27 57 85 41 58 37 29 94 87 21 18 7 32 5 64 95 96 51 1 46 65 52 82 93 72 39 11 34 61 28 40 71 0 47 16 97 79 38 44 36 26 68 84 75 2 42 92 89 99 54 83 3 13 98 33 90 8 67 45 19 23 43 31 55 6 35 9 4 50 86 78 69 66 62 59 10 24
Coste: 1667307375

GENERACION: 53
Mejor Solucion:  49 88 80 48 91 25 81 76 63 20 30 22 12 73 74 77 60 17 53 14 70 15 56 27 57 85 41 58 37 29 94 87 21 18 7 32 5 64 95 96 51 1 46 65 52 82 93 72 39 11 34 61 28 40 71 0 47 16 97 79 38 44 36 26 68 84 75 2 42 92 89 99 54 83 3 13 98 33 90 8 67 45 19 23 43 31 55 6 35 9 4 50 86 78 69 66 62 59 10 24
Coste: 1667307375

GENERACION: 54
Mejor Solucion:  49 88 80 48 91 25 81 76 63 20 30 22 12 73 74 77 60 17 53 14 70 15 56 27 57 85 41 58 37 29 94 87 21 18 7 32 5 64 95 96 51 1 46 65 52 82 93 72 39 11 34 61 28 40 71 0 47 16 97 79 38 44 36 26 68 84 75 2 42 92 89 99 54 83 3 13 98 33 90 8 67 45 19 23 43 31 55 6 35 9 4 50 86 78 69 66 62 59 10 24
Coste: 1667307375

GENERACION: 55
Mejor Solucion:  49 88 80 48 91 25 81 76 63 20 30 22 12 73 74 77 60 17 53 14 70 15 56 27 57 85 41 58 37 29 94 87 21 18 7 32 5 64 95 96 51 1 46 65 52 82 93 72 39 11 34 61 28 40 71 0 47 16 97 79 38 44 36 26 68 84 75 2 42 92 89 99 54 83 3 13 98 33 90 8 67 45 19 23 43 31 55 6 35 9 4 50 86 78 69 66 62 59 10 24
Coste: 1667307375

GENERACION: 56
Mejor Solucion:  49 88 80 48 91 25 81 76 63 20 30 22 12 73 74 77 60 17 53 14 70 15 56 27 57 85 41 58 37 29 94 87 21 18 7 32 5 64 95 96 51 1 46 65 52 82 93 72 39 11 34 61 28 40 71 0 47 16 97 79 38 44 36 26 68 84 75 2 42 92 89 99 54 83 3 13 98 33 90 8 67 45 19 23 43 31 55 6 35 9 4 50 86 78 69 66 62 59 10 24
Coste: 1667307375

GENERACION: 57
Mejor Solucion:  49 88 80 48 91 25 81 76 63 20 30 22 12 73 74 77 60 17 53 14 70 15 56 27 57 85 41 58 37 29 94 87 21 18 7 32 5 64 95 96 51 1 46 65 52 82 93 72 39 11 34 61 28 40 71 0 47 16 97 79 38 44 36 26 68 84 75 2 42 92 89 99 54 83 3 13 98 33 90 8 67 45 19 23 43 31 55 6 35 9 4 50 86 78 69 66 62 59 10 24
Coste: 1667307375

GENERACION: 58
Mejor Solucion:  49 88 80 48 91 25 81 76 63 20 30 22 12 73 74 77 60 17 53 14 70 15 56 27 57 85 41 58 37 29 94 87 21 18 7 32 5 64 95 96 51 1 46 65 52 82 93 72 39 11 34 61 28 40 71 0 47 16 97 79 38 44 36 26 68 84 75 2 42 92 89 99 54 83 3 13 98 33 90 8 67 45 19 23 43 31 55 6 35 9 4 50 86 78 69 66 62 59 10 24
Coste: 1667307375

GENERACION: 59
Mejor Solucion:  49 88 80 48 91 25 81 76 63 20 30 22 12 73 74 77 60 17 53 14 70 15 56 27 57 85 41 58 37 29 94 87 21 18 7 32 5 64 95 96 51 1 46 65 52 82 93 72 39 11 34 61 28 40 71 0 47 16 97 79 38 44 36 26 68 84 75 2 42 92 89 99 54 83 3 13 98 33 90 8 67 45 19 23 43 31 55 6 35 9 4 50 86 78 69 66 62 59 10 24
Coste: 1667307375

GENERACION: 60
Mejor Solucion:  49 88 80 48 91 25 81 76 63 20 30 22 12 73 74 77 60 17 53 14 70 15 56 27 57 85 41 58 37 29 94 87 21 18 7 32 5 64 95 96 51 1 46 65 52 82 93 72 39 11 34 61 28 40 71 0 47 16 97 79 38 44 36 26 68 84 75 2 42 92 89 99 54 83 3 13 98 33 90 8 67 45 19 23 43 31 55 6 35 9 4 50 86 78 69 66 62 59 10 24
Coste: 1667307375

GENERACION: 61
Mejor Solucion:  49 88 80 48 91 25 81 76 63 20 30 22 12 73 74 77 60 17 53 14 70 15 56 27 57 85 41 58 37 29 94 87 21 18 7 32 5 64 95 96 51 1 46 65 52 82 93 72 39 11 34 61 28 40 71 0 47 16 97 79 38 44 36 26 68 84 75 2 42 92 89 99 54 83 3 13 98 33 90 8 67 45 19 23 43 31 55 6 35 9 4 50 86 78 69 66 62 59 10 24
Coste: 1667307375

GENERACION: 62
Mejor Solucion:  49 88 80 48 91 25 81 76 63 20 30 22 12 73 74 77 60 17 53 14 70 15 56 27 57 85 41 58 37 29 94 87 21 18 7 32 5 64 95 96 51 1 46 65 52 82 93 72 39 11 34 61 28 40 71 0 47 16 97 79 38 44 36 26 68 84 75 2 42 92 89 99 54 83 3 13 98 33 90 8 67 45 19 23 43 31 55 6 35 9 4 50 86 78 69 66 62 59 10 24
Coste: 1667307375

GENERACION: 63
Mejor Solucion:  49 88 80 48 91 25 81 76 63 20 30 22 12 73 74 77 60 17 53 14 70 15 56 27 57 85 41 58 37 29 94 87 21 18 7 32 5 64 95 96 51 1 46 65 52 82 93 72 39 11 34 61 28 40 71 0 47 16 97 79 38 44 36 26 68 84 75 2 42 92 89 99 54 83 3 13 98 33 90 8 67 45 19 23 43 31 55 6 35 9 4 50 86 78 69 66 62 59 10 24
Coste: 1667307375

GENERACION: 64
Mejor Solucion:  49 88 80 48 91 25 81 76 63 20 30 22 12 73 74 77 60 17 53 14 70 15 56 27 57 85 41 58 37 29 94 87 21 18 7 32 5 64 95 96 51 1 46 65 52 82 93 72 39 11 34 61 28 40 71 0 47 16 97 79 38 44 36 26 68 84 75 2 42 92 89 99 54 83 3 13 98 33 90 8 67 45 19 23 43 31 55 6 35 9 4 50 86 78 69 66 62 59 10 24
Coste: 1667307375

GENERACION: 65
Mejor Solucion:  49 88 80 48 91 25 81 76 63 20 30 22 12 73 74 77 60 17 53 14 70 15 56 27 57 85 41 58 37 29 94 87 21 18 7 32 5 64 95 96 51 1 46 65 52 82 93 72 39 11 34 61 28 40 71 0 47 16 97 79 38 44 36 26 68 84 75 2 42 92 89 99 54 83 3 13 98 33 90 8 67 45 19 23 43 31 55 6 35 9 4 50 86 78 69 66 62 59 10 24
Coste: 1667307375

GENERACION: 66
Mejor Solucion:  49 88 80 48 91 25 81 76 63 20 30 22 12 73 74 77 60 17 53 14 70 15 56 27 57 85 41 58 37 29 94 87 21 18 7 32 5 64 95 96 51 1 46 65 52 82 93 72 39 11 34 61 28 40 71 0 47 16 97 79 38 44 36 26 68 84 75 2 42 92 89 99 54 83 3 13 98 33 90 8 67 45 19 23 43 31 55 6 35 9 4 50 86 78 69 66 62 59 10 24
Coste: 1667307375

GENERACION: 67
Mejor Solucion:  49 88 80 48 91 25 81 76 63 20 30 22 12 73 74 77 60 17 53 14 70 15 56 27 57 85 41 58 37 29 94 87 21 18 7 32 5 64 95 96 51 1 46 65 52 82 93 72 39 11 34 61 28 40 71 0 47 16 97 79 38 44 36 26 68 84 75 2 42 92 89 99 54 83 3 13 98 33 90 8 67 45 19 23 43 31 55 6 35 9 4 50 86 78 69 66 62 59 10 24
Coste: 1667307375

GENERACION: 68
Mejor Solucion:  49 88 80 48 91 25 81 76 63 20 30 22 12 73 74 77 60 17 53 14 70 15 56 27 57 85 41 58 37 29 94 87 21 18 7 32 5 64 95 96 51 1 46 65 52 82 93 72 39 11 34 61 28 40 71 0 47 16 97 79 38 44 36 26 68 84 75 2 42 92 89 99 54 83 3 13 98 33 90 8 67 45 19 23 43 31 55 6 35 9 4 50 86 78 69 66 62 59 10 24
Coste: 1667307375

GENERACION: 69
Mejor Solucion:  49 88 80 48 91 25 81 76 63 20 30 22 12 73 74 77 60 17 53 14 70 15 56 27 57 85 41 58 37 29 94 87 21 18 7 32 5 64 95 96 51 1 46 65 52 82 93 72 39 11 34 61 28 40 71 0 47 16 97 79 38 44 36 26 68 84 75 2 42 92 89 99 54 83 3 13 98 33 90 8 67 45 19 23 43 31 55 6 35 9 4 50 86 78 69 66 62 59 10 24
Coste: 1667307375

GENERACION: 70
Mejor Solucion:  4 11 48 59 8 92 0 86 63 44 46 81 80 2 98 73 45 33 93 87 89 21 5 64 66 91 30 70 1 82 72 52 51 61 37 71 12 85 16 88 7 42 40 56 94 76 22 27 32 69 26 49 68 75 60 62 35 74 67 23 55 50 6 78 99 19 90 13 83 28 96 25 17 20 53 34 43 65 10 24 3 31 54 14 15 47 9 77 95 36 58 57 29 38 84 97 18 41 79 39
Coste: 1664730307

GENERACION: 71
Mejor Solucion:  4 11 48 59 8 92 0 86 63 44 46 81 80 2 98 73 45 33 93 87 89 21 5 64 66 91 30 70 1 82 72 52 51 61 37 71 12 85 16 88 7 42 40 56 94 76 22 27 32 69 26 49 68 75 60 62 35 74 67 23 55 50 6 78 99 19 90 13 83 28 96 25 17 20 53 34 43 65 10 24 3 31 54 14 15 47 9 77 95 36 58 57 29 38 84 97 18 41 79 39
Coste: 1664730307

GENERACION: 72
Mejor Solucion:  4 11 48 59 8 92 0 86 63 44 46 81 80 2 98 73 45 33 93 87 89 21 5 64 66 91 30 70 1 82 72 52 51 61 37 71 12 85 16 88 7 42 40 56 94 76 22 27 32 69 26 49 68 75 60 62 35 74 67 23 55 50 6 78 99 19 90 13 83 28 96 25 17 20 53 34 43 65 10 24 3 31 54 14 15 47 9 77 95 36 58 57 29 38 84 97 18 41 79 39
Coste: 1664730307

GENERACION: 73
Mejor Solucion:  4 11 48 59 8 92 0 86 63 44 46 81 80 2 98 73 45 33 93 87 89 21 5 64 66 91 30 70 1 82 72 52 51 61 37 71 12 85 16 88 7 42 40 56 94 76 22 27 32 69 26 49 68 75 60 62 35 74 67 23 55 50 6 78 99 19 90 13 83 28 96 25 17 20 53 34 43 65 10 24 3 31 54 14 15 47 9 77 95 36 58 57 29 38 84 97 18 41 79 39
Coste: 1664730307

GENERACION: 74
Mejor Solucion:  4 11 48 59 8 92 0 86 63 44 46 81 80 2 98 73 45 33 93 87 89 21 5 64 66 91 30 70 1 82 72 52 51 61 37 71 12 85 16 88 7 42 40 56 94 76 22 27 32 69 26 49 68 75 60 62 35 74 67 23 55 50 6 78 99 19 90 13 83 28 96 25 17 20 53 34 43 65 10 24 3 31 54 14 15 47 9 77 95 36 58 57 29 38 84 97 18 41 79 39
Coste: 1664730307

GENERACION: 75
Mejor Solucion:  4 11 48 59 8 92 0 86 63 44 46 81 80 2 98 73 45 33 93 87 89 21 5 64 66 91 30 70 1 82 72 52 51 61 37 71 12 85 16 88 7 42 40 56 94 76 22 27 32 69 26 49 68 75 60 62 35 74 67 23 55 50 6 78 99 19 90 13 83 28 96 25 17 20 53 34 43 65 10 24 3 31 54 14 15 47 9 77 95 36 58 57 29 38 84 97 18 41 79 39
Coste: 1664730307

GENERACION: 76
Mejor Solucion:  4 11 48 59 8 92 0 86 63 44 46 81 80 2 98 73 45 33 93 87 89 21 5 64 66 91 30 70 1 82 72 52 51 61 37 71 12 85 16 88 7 42 40 56 94 76 22 27 32 69 26 49 68 75 60 62 35 74 67 23 55 50 6 78 99 19 90 13 83 28 96 25 17 20 53 34 43 65 10 24 3 31 54 14 15 47 9 77 95 36 58 57 29 38 84 97 18 41 79 39
Coste: 1664730307

GENERACION: 77
Mejor Solucion:  4 11 48 59 8 92 0 86 63 44 46 81 80 2 98 73 45 33 93 87 89 21 5 64 66 91 30 70 1 82 72 52 51 61 37 71 12 85 16 88 7 42 40 56 94 76 22 27 32 69 26 49 68 75 60 62 35 74 67 23 55 50 6 78 99 19 90 13 83 28 96 25 17 20 53 34 43 65 10 24 3 31 54 14 15 47 9 77 95 36 58 57 29 38 84 97 18 41 79 39
Coste: 1664730307

GENERACION: 78
Mejor Solucion:  4 11 48 59 8 92 0 86 63 44 46 81 80 2 98 73 45 33 93 87 89 21 5 64 66 91 30 70 1 82 72 52 51 61 37 71 12 85 16 88 7 42 40 56 94 76 22 27 32 69 26 49 68 75 60 62 35 74 67 23 55 50 6 78 99 19 90 13 83 28 96 25 17 20 53 34 43 65 10 24 3 31 54 14 15 47 9 77 95 36 58 57 29 38 84 97 18 41 79 39
Coste: 1664730307

GENERACION: 79
Mejor Solucion:  4 11 48 59 8 92 0 86 63 44 46 81 80 2 98 73 45 33 93 87 89 21 5 64 66 91 30 70 1 82 72 52 51 61 37 71 12 85 16 88 7 42 40 56 94 76 22 27 32 69 26 49 68 75 60 62 35 74 67 23 55 50 6 78 99 19 90 13 83 28 96 25 17 20 53 34 43 65 10 24 3 31 54 14 15 47 9 77 95 36 58 57 29 38 84 97 18 41 79 39
Coste: 1664730307

GENERACION: 80
Mejor Solucion:  4 11 48 59 8 92 0 86 63 44 46 81 80 2 98 73 45 33 93 87 89 21 5 64 66 91 30 70 1 82 72 52 51 61 37 71 12 85 16 88 7 42 40 56 94 76 22 27 32 69 26 49 68 75 60 62 35 74 67 23 55 50 6 78 99 19 90 13 83 28 96 25 17 20 53 34 43 65 10 24 3 31 54 14 15 47 9 77 95 36 58 57 29 38 84 97 18 41 79 39
Coste: 1664730307

GENERACION: 81
Mejor Solucion:  4 11 48 59 8 92 0 86 63 44 46 81 80 2 98 73 45 33 93 87 89 21 5 64 66 91 30 70 1 82 72 52 51 61 37 71 12 85 16 88 7 42 40 56 94 76 22 27 32 69 26 49 68 75 60 62 35 74 67 23 55 50 6 78 99 19 90 13 83 28 96 25 17 20 53 34 43 65 10 24 3 31 54 14 15 47 9 77 95 36 58 57 29 38 84 97 18 41 79 39
Coste: 1664730307

GENERACION: 82
Mejor Solucion:  4 11 48 59 8 92 0 86 63 44 46 81 80 2 98 73 45 33 93 87 89 21 5 64 66 91 30 70 1 82 72 52 51 61 37 71 12 85 16 88 7 42 40 56 94 76 22 27 32 69 26 49 68 75 60 62 35 74 67 23 55 50 6 78 99 19 90 13 83 28 96 25 17 20 53 34 43 65 10 24 3 31 54 14 15 47 9 77 95 36 58 57 29 38 84 97 18 41 79 39
Coste: 1664730307

GENERACION: 83
Mejor Solucion:  4 11 48 59 8 92 0 86 63 44 46 81 80 2 98 73 45 33 93 87 89 21 5 64 66 91 30 70 1 82 72 52 51 61 37 71 12 85 16 88 7 42 40 56 94 76 22 27 32 69 26 49 68 75 60 62 35 74 67 23 55 50 6 78 99 19 90 13 83 28 96 25 17 20 53 34 43 65 10 24 3 31 54 14 15 47 9 77 95 36 58 57 29 38 84 97 18 41 79 39
Coste: 1664730307

GENERACION: 84
Mejor Solucion:  4 11 48 59 8 92 0 86 63 44 46 81 80 2 98 73 45 33 93 87 89 21 5 64 66 91 30 70 1 82 72 52 51 61 37 71 12 85 16 88 7 42 40 56 94 76 22 27 32 69 26 49 68 75 60 62 35 74 67 23 55 50 6 78 99 19 90 13 83 28 96 25 17 20 53 34 43 65 10 24 3 31 54 14 15 47 9 77 95 36 58 57 29 38 84 97 18 41 79 39
Coste: 1664730307

GENERACION: 85
Mejor Solucion:  4 11 48 59 8 92 0 86 63 44 46 81 80 2 98 73 45 33 93 87 89 21 5 64 66 91 30 70 1 82 72 52 51 61 37 71 12 85 16 88 7 42 40 56 94 76 22 27 32 69 26 49 68 75 60 62 35 74 67 23 55 50 6 78 99 19 90 13 83 28 96 25 17 20 53 34 43 65 10 24 3 31 54 14 15 47 9 77 95 36 58 57 29 38 84 97 18 41 79 39
Coste: 1664730307

GENERACION: 86
Mejor Solucion:  4 11 48 59 8 92 0 86 63 44 46 81 80 2 98 73 45 33 93 87 89 21 5 64 66 91 30 70 1 82 72 52 51 61 37 71 12 85 16 88 7 42 40 56 94 76 22 27 32 69 26 49 68 75 60 62 35 74 67 23 55 50 6 78 99 19 90 13 83 28 96 25 17 20 53 34 43 65 10 24 3 31 54 14 15 47 9 77 95 36 58 57 29 38 84 97 18 41 79 39
Coste: 1664730307

GENERACION: 87
Mejor Solucion:  4 11 48 59 8 92 0 86 63 44 46 81 80 2 98 73 45 33 93 87 89 21 5 64 66 91 30 70 1 82 72 52 51 61 37 71 12 85 16 88 7 42 40 56 94 76 22 27 32 69 26 49 68 75 60 62 35 74 67 23 55 50 6 78 99 19 90 13 83 28 96 25 17 20 53 34 43 65 10 24 3 31 54 14 15 47 9 77 95 36 58 57 29 38 84 97 18 41 79 39
Coste: 1664730307

GENERACION: 88
Mejor Solucion:  4 11 48 59 8 92 0 86 63 44 46 81 80 2 98 73 45 33 93 87 89 21 5 64 66 91 30 70 1 82 72 52 51 61 37 71 12 85 16 88 7 42 40 56 94 76 22 27 32 69 26 49 68 75 60 62 35 74 67 23 55 50 6 78 99 19 90 13 83 28 96 25 17 20 53 34 43 65 10 24 3 31 54 14 15 47 9 77 95 36 58 57 29 38 84 97 18 41 79 39
Coste: 1664730307

GENERACION: 89
Mejor Solucion:  4 11 48 59 8 92 0 86 63 44 46 81 80 2 98 73 45 33 93 87 89 21 5 64 66 91 30 70 1 82 72 52 51 61 37 71 12 85 16 88 7 42 40 56 94 76 22 27 32 69 26 49 68 75 60 62 35 74 67 23 55 50 6 78 99 19 90 13 83 28 96 25 17 20 53 34 43 65 10 24 3 31 54 14 15 47 9 77 95 36 58 57 29 38 84 97 18 41 79 39
Coste: 1664730307

GENERACION: 90
Mejor Solucion:  4 11 48 59 8 92 0 86 63 44 46 81 80 2 98 73 45 33 93 87 89 21 5 64 66 91 30 70 1 82 72 52 51 61 37 71 12 85 16 88 7 42 40 56 94 76 22 27 32 69 26 49 68 75 60 62 35 74 67 23 55 50 6 78 99 19 90 13 83 28 96 25 17 20 53 34 43 65 10 24 3 31 54 14 15 47 9 77 95 36 58 57 29 38 84 97 18 41 79 39
Coste: 1664730307

GENERACION: 91
Mejor Solucion:  4 11 48 59 8 92 0 86 63 44 46 81 80 2 98 73 45 33 93 87 89 21 5 64 66 91 30 70 1 82 72 52 51 61 37 71 12 85 16 88 7 42 40 56 94 76 22 27 32 69 26 49 68 75 60 62 35 74 67 23 55 50 6 78 99 19 90 13 83 28 96 25 17 20 53 34 43 65 10 24 3 31 54 14 15 47 9 77 95 36 58 57 29 38 84 97 18 41 79 39
Coste: 1664730307

GENERACION: 92
Mejor Solucion:  4 11 48 59 8 92 0 86 63 44 46 81 80 2 98 73 45 33 93 87 89 21 5 64 66 91 30 70 1 82 72 52 51 61 37 71 12 85 16 88 7 42 40 56 94 76 22 27 32 69 26 49 68 75 60 62 35 74 67 23 55 50 6 78 99 19 90 13 83 28 96 25 17 20 53 34 43 65 10 24 3 31 54 14 15 47 9 77 95 36 58 57 29 38 84 97 18 41 79 39
Coste: 1664730307

GENERACION: 93
Mejor Solucion:  4 11 48 59 8 92 0 86 63 44 46 81 80 2 98 73 45 33 93 87 89 21 5 64 66 91 30 70 1 82 72 52 51 61 37 71 12 85 16 88 7 42 40 56 94 76 22 27 32 69 26 49 68 75 60 62 35 74 67 23 55 50 6 78 99 19 90 13 83 28 96 25 17 20 53 34 43 65 10 24 3 31 54 14 15 47 9 77 95 36 58 57 29 38 84 97 18 41 79 39
Coste: 1664730307

GENERACION: 94
Mejor Solucion:  4 11 48 59 8 92 0 86 63 44 46 81 80 2 98 73 45 33 93 87 89 21 5 64 66 91 30 70 1 82 72 52 51 61 37 71 12 85 16 88 7 42 40 56 94 76 22 27 32 69 26 49 68 75 60 62 35 74 67 23 55 50 6 78 99 19 90 13 83 28 96 25 17 20 53 34 43 65 10 24 3 31 54 14 15 47 9 77 95 36 58 57 29 38 84 97 18 41 79 39
Coste: 1664730307

GENERACION: 95
Mejor Solucion:  4 11 48 59 8 92 0 86 63 44 46 81 80 2 98 73 45 33 93 87 89 21 5 64 66 91 30 70 1 82 72 52 51 61 37 71 12 85 16 88 7 42 40 56 94 76 22 27 32 69 26 49 68 75 60 62 35 74 67 23 55 50 6 78 99 19 90 13 83 28 96 25 17 20 53 34 43 65 10 24 3 31 54 14 15 47 9 77 95 36 58 57 29 38 84 97 18 41 79 39
Coste: 1664730307

GENERACION: 96
Mejor Solucion:  4 11 48 59 8 92 0 86 63 44 46 81 80 2 98 73 45 33 93 87 89 21 5 64 66 91 30 70 1 82 72 52 51 61 37 71 12 85 16 88 7 42 40 56 94 76 22 27 32 69 26 49 68 75 60 62 35 74 67 23 55 50 6 78 99 19 90 13 83 28 96 25 17 20 53 34 43 65 10 24 3 31 54 14 15 47 9 77 95 36 58 57 29 38 84 97 18 41 79 39
Coste: 1664730307

GENERACION: 97
Mejor Solucion:  4 11 48 59 8 92 0 86 63 44 46 81 80 2 98 73 45 33 93 87 89 21 5 64 66 91 30 70 1 82 72 52 51 61 37 71 12 85 16 88 7 42 40 56 94 76 22 27 32 69 26 49 68 75 60 62 35 74 67 23 55 50 6 78 99 19 90 13 83 28 96 25 17 20 53 34 43 65 10 24 3 31 54 14 15 47 9 77 95 36 58 57 29 38 84 97 18 41 79 39
Coste: 1664730307

GENERACION: 98
Mejor Solucion:  4 11 48 59 8 92 0 86 63 44 46 81 80 2 98 73 45 33 93 87 89 21 5 64 66 91 30 70 1 82 72 52 51 61 37 71 12 85 16 88 7 42 40 56 94 76 22 27 32 69 26 49 68 75 60 62 35 74 67 23 55 50 6 78 99 19 90 13 83 28 96 25 17 20 53 34 43 65 10 24 3 31 54 14 15 47 9 77 95 36 58 57 29 38 84 97 18 41 79 39
Coste: 1664730307

GENERACION: 99
Mejor Solucion:  4 11 48 59 8 92 0 86 63 44 46 81 80 2 98 73 45 33 93 87 89 21 5 64 66 91 30 70 1 82 72 52 51 61 37 71 12 85 16 88 7 42 40 56 94 76 22 27 32 69 26 49 68 75 60 62 35 74 67 23 55 50 6 78 99 19 90 13 83 28 96 25 17 20 53 34 43 65 10 24 3 31 54 14 15 47 9 77 95 36 58 57 29 38 84 97 18 41 79 39
Coste: 1664730307

GENERACION: 100
Mejor Solucion:  4 11 48 59 8 92 0 86 63 44 46 81 80 2 98 73 45 33 93 87 89 21 5 64 66 91 30 70 1 82 72 52 51 61 37 71 12 85 16 88 7 42 40 56 94 76 22 27 32 69 26 49 68 75 60 62 35 74 67 23 55 50 6 78 99 19 90 13 83 28 96 25 17 20 53 34 43 65 10 24 3 31 54 14 15 47 9 77 95 36 58 57 29 38 84 97 18 41 79 39
Coste: 1664730307

GENERACION: 101
Mejor Solucion:  4 11 48 59 8 92 0 86 63 44 46 81 80 2 98 73 45 33 93 87 89 21 5 64 66 91 30 70 1 82 72 52 51 61 37 71 12 85 16 88 7 42 40 56 94 76 22 27 32 69 26 49 68 75 60 62 35 74 67 23 55 50 6 78 99 19 90 13 83 28 96 25 17 20 53 34 43 65 10 24 3 31 54 14 15 47 9 77 95 36 58 57 29 38 84 97 18 41 79 39
Coste: 1664730307

GENERACION: 102
Mejor Solucion:  4 11 48 59 8 92 0 86 63 44 46 81 80 2 98 73 45 33 93 87 89 21 5 64 66 91 30 70 1 82 72 52 51 61 37 71 12 85 16 88 7 42 40 56 94 76 22 27 32 69 26 49 68 75 60 62 35 74 67 23 55 50 6 78 99 19 90 13 83 28 96 25 17 20 53 34 43 65 10 24 3 31 54 14 15 47 9 77 95 36 58 57 29 38 84 97 18 41 79 39
Coste: 1664730307

GENERACION: 103
Mejor Solucion:  4 11 48 59 8 92 0 86 63 44 46 81 80 2 98 73 45 33 93 87 89 21 5 64 66 91 30 70 1 82 72 52 51 61 37 71 12 85 16 88 7 42 40 56 94 76 22 27 32 69 26 49 68 75 60 62 35 74 67 23 55 50 6 78 99 19 90 13 83 28 96 25 17 20 53 34 43 65 10 24 3 31 54 14 15 47 9 77 95 36 58 57 29 38 84 97 18 41 79 39
Coste: 1664730307

GENERACION: 104
Mejor Solucion:  4 11 48 59 8 92 0 86 63 44 46 81 80 2 98 73 45 33 93 87 89 21 5 64 66 91 30 70 1 82 72 52 51 61 37 71 12 85 16 88 7 42 40 56 94 76 22 27 32 69 26 49 68 75 60 62 35 74 67 23 55 50 6 78 99 19 90 13 83 28 96 25 17 20 53 34 43 65 10 24 3 31 54 14 15 47 9 77 95 36 58 57 29 38 84 97 18 41 79 39
Coste: 1664730307

GENERACION: 105
Mejor Solucion:  4 11 48 59 8 92 0 86 63 44 46 81 80 2 98 73 45 33 93 87 89 21 5 64 66 91 30 70 1 82 72 52 51 61 37 71 12 85 16 88 7 42 40 56 94 76 22 27 32 69 26 49 68 75 60 62 35 74 67 23 55 50 6 78 99 19 90 13 83 28 96 25 17 20 53 34 43 65 10 24 3 31 54 14 15 47 9 77 95 36 58 57 29 38 84 97 18 41 79 39
Coste: 1664730307

GENERACION: 106
Mejor Solucion:  4 11 48 59 8 92 0 86 63 44 46 81 80 2 98 73 45 33 93 87 89 21 5 64 66 91 30 70 1 82 72 52 51 61 37 71 12 85 16 88 7 42 40 56 94 76 22 27 32 69 26 49 68 75 60 62 35 74 67 23 55 50 6 78 99 19 90 13 83 28 96 25 17 20 53 34 43 65 10 24 3 31 54 14 15 47 9 77 95 36 58 57 29 38 84 97 18 41 79 39
Coste: 1664730307

GENERACION: 107
Mejor Solucion:  4 11 48 59 8 92 0 86 63 44 46 81 80 2 98 73 45 33 93 87 89 21 5 64 66 91 30 70 1 82 72 52 51 61 37 71 12 85 16 88 7 42 40 56 94 76 22 27 32 69 26 49 68 75 60 62 35 74 67 23 55 50 6 78 99 19 90 13 83 28 96 25 17 20 53 34 43 65 10 24 3 31 54 14 15 47 9 77 95 36 58 57 29 38 84 97 18 41 79 39
Coste: 1664730307

GENERACION: 108
Mejor Solucion:  1 80 46 41 19 26 42 94 71 13 88 49 37 30 22 40 53 69 16 31 54 79 70 67 8 61 86 72 95 51 44 65 58 76 17 14 92 33 15 36 47 12 24 85 59 18 82 73 97 2 90 23 87 50 25 62 35 74 32 45 55 6 75 78 99 63 43 29 11 83 28 34 84 93 64 66 77 96 98 3 7 20 27 89 60 68 21 38 9 91 5 57 81 0 56 4 10 48 39 52
Coste: 1613578439

GENERACION: 109
Mejor Solucion:  1 80 46 41 19 26 42 94 71 13 88 49 37 30 22 40 53 69 16 31 54 79 70 67 8 61 86 72 95 51 44 65 58 76 17 14 92 33 15 36 47 12 24 85 59 18 82 73 97 2 90 23 87 50 25 62 35 74 32 45 55 6 75 78 99 63 43 29 11 83 28 34 84 93 64 66 77 96 98 3 7 20 27 89 60 68 21 38 9 91 5 57 81 0 56 4 10 48 39 52
Coste: 1613578439

GENERACION: 110
Mejor Solucion:  1 80 46 41 19 26 42 94 71 13 88 49 37 30 22 40 53 69 16 31 54 79 70 67 8 61 86 72 95 51 44 65 58 76 17 14 92 33 15 36 47 12 24 85 59 18 82 73 97 2 90 23 87 50 25 62 35 74 32 45 55 6 75 78 99 63 43 29 11 83 28 34 84 93 64 66 77 96 98 3 7 20 27 89 60 68 21 38 9 91 5 57 81 0 56 4 10 48 39 52
Coste: 1613578439

GENERACION: 111
Mejor Solucion:  1 80 46 41 19 26 42 94 71 13 88 49 37 30 22 40 53 69 16 31 54 79 70 67 8 61 86 72 95 51 44 65 58 76 17 14 92 33 15 36 47 12 24 85 59 18 82 73 97 2 90 23 87 50 25 62 35 74 32 45 55 6 75 78 99 63 43 29 11 83 28 34 84 93 64 66 77 96 98 3 7 20 27 89 60 68 21 38 9 91 5 57 81 0 56 4 10 48 39 52
Coste: 1613578439

GENERACION: 112
Mejor Solucion:  1 80 46 41 19 26 42 94 71 13 88 49 37 30 22 40 53 69 16 31 54 79 70 67 8 61 86 72 95 51 44 65 58 76 17 14 92 33 15 36 47 12 24 85 59 18 82 73 97 2 90 23 87 50 25 62 35 74 32 45 55 6 75 78 99 63 43 29 11 83 28 34 84 93 64 66 77 96 98 3 7 20 27 89 60 68 21 38 9 91 5 57 81 0 56 4 10 48 39 52
Coste: 1613578439

GENERACION: 113
Mejor Solucion:  1 80 46 41 19 26 42 94 71 13 88 49 37 30 22 40 53 69 16 31 54 79 70 67 8 61 86 72 95 51 44 65 58 76 17 14 92 33 15 36 47 12 24 85 59 18 82 73 97 2 90 23 87 50 25 62 35 74 32 45 55 6 75 78 99 63 43 29 11 83 28 34 84 93 64 66 77 96 98 3 7 20 27 89 60 68 21 38 9 91 5 57 81 0 56 4 10 48 39 52
Coste: 1613578439

GENERACION: 114
Mejor Solucion:  1 80 46 41 19 26 42 94 71 13 88 49 37 30 22 40 53 69 16 31 54 79 70 67 8 61 86 72 95 51 44 65 58 76 17 14 92 33 15 36 47 12 24 85 59 18 82 73 97 2 90 23 87 50 25 62 35 74 32 45 55 6 75 78 99 63 43 29 11 83 28 34 84 93 64 66 77 96 98 3 7 20 27 89 60 68 21 38 9 91 5 57 81 0 56 4 10 48 39 52
Coste: 1613578439

GENERACION: 115
Mejor Solucion:  1 80 46 41 19 26 42 94 71 13 88 49 37 30 22 40 53 69 16 31 54 79 70 67 8 61 86 72 95 51 44 65 58 76 17 14 92 33 15 36 47 12 24 85 59 18 82 73 97 2 90 23 87 50 25 62 35 74 32 45 55 6 75 78 99 63 43 29 11 83 28 34 84 93 64 66 77 96 98 3 7 20 27 89 60 68 21 38 9 91 5 57 81 0 56 4 10 48 39 52
Coste: 1613578439

GENERACION: 116
Mejor Solucion:  1 80 46 41 19 26 42 94 71 13 88 49 37 30 22 40 53 69 16 31 54 79 70 67 8 61 86 72 95 51 44 65 58 76 17 14 92 33 15 36 47 12 24 85 59 18 82 73 97 2 90 23 87 50 25 62 35 74 32 45 55 6 75 78 99 63 43 29 11 83 28 34 84 93 64 66 77 96 98 3 7 20 27 89 60 68 21 38 9 91 5 57 81 0 56 4 10 48 39 52
Coste: 1613578439

GENERACION: 117
Mejor Solucion:  1 80 46 41 19 26 42 94 71 13 88 49 37 30 22 40 53 69 16 31 54 79 70 67 8 61 86 72 95 51 44 65 58 76 17 14 92 33 15 36 47 12 24 85 59 18 82 73 97 2 90 23 87 50 25 62 35 74 32 45 55 6 75 78 99 63 43 29 11 83 28 34 84 93 64 66 77 96 98 3 7 20 27 89 60 68 21 38 9 91 5 57 81 0 56 4 10 48 39 52
Coste: 1613578439

GENERACION: 118
Mejor Solucion:  1 80 46 41 19 26 42 94 71 13 88 49 37 30 22 40 53 69 16 31 54 79 70 67 8 61 86 72 95 51 44 65 58 76 17 14 92 33 15 36 47 12 24 85 59 18 82 73 97 2 90 23 87 50 25 62 35 74 32 45 55 6 75 78 99 63 43 29 11 83 28 34 84 93 64 66 77 96 98 3 7 20 27 89 60 68 21 38 9 91 5 57 81 0 56 4 10 48 39 52
Coste: 1613578439

GENERACION: 119
Mejor Solucion:  1 80 46 41 19 26 42 94 71 13 88 49 37 30 22 40 53 69 16 31 54 79 70 67 8 61 86 72 95 51 44 65 58 76 17 14 92 33 15 36 47 12 24 85 59 18 82 73 97 2 90 23 87 50 25 62 35 74 32 45 55 6 75 78 99 63 43 29 11 83 28 34 84 93 64 66 77 96 98 3 7 20 27 89 60 68 21 38 9 91 5 57 81 0 56 4 10 48 39 52
Coste: 1613578439

GENERACION: 120
Mejor Solucion:  1 80 46 41 19 26 42 94 71 13 88 49 37 30 22 40 53 69 16 31 54 79 70 67 8 61 86 72 95 51 44 65 58 76 17 14 92 33 15 36 47 12 24 85 59 18 82 73 97 2 90 23 87 50 25 62 35 74 32 45 55 6 75 78 99 63 43 29 11 83 28 34 84 93 64 66 77 96 98 3 7 20 27 89 60 68 21 38 9 91 5 57 81 0 56 4 10 48 39 52
Coste: 1613578439

GENERACION: 121
Mejor Solucion:  1 80 46 41 19 26 42 94 71 13 88 49 37 30 22 40 53 69 16 31 54 79 70 67 8 61 86 72 95 51 44 65 58 76 17 14 92 33 15 36 47 12 24 85 59 18 82 73 97 2 90 23 87 50 25 62 35 74 32 45 55 6 75 78 99 63 43 29 11 83 28 34 84 93 64 66 77 96 98 3 7 20 27 89 60 68 21 38 9 91 5 57 81 0 56 4 10 48 39 52
Coste: 1613578439

GENERACION: 122
Mejor Solucion:  1 80 46 41 19 26 42 94 71 13 88 49 37 30 22 40 53 69 16 31 54 79 70 67 8 61 86 72 95 51 44 65 58 76 17 14 92 33 15 36 47 12 24 85 59 18 82 73 97 2 90 23 87 50 25 62 35 74 32 45 55 6 75 78 99 63 43 29 11 83 28 34 84 93 64 66 77 96 98 3 7 20 27 89 60 68 21 38 9 91 5 57 81 0 56 4 10 48 39 52
Coste: 1613578439

GENERACION: 123
Mejor Solucion:  1 80 46 41 19 26 42 94 71 13 88 49 37 30 22 40 53 69 16 31 54 79 70 67 8 61 86 72 95 51 44 65 58 76 17 14 92 33 15 36 47 12 24 85 59 18 82 73 97 2 90 23 87 50 25 62 35 74 32 45 55 6 75 78 99 63 43 29 11 83 28 34 84 93 64 66 77 96 98 3 7 20 27 89 60 68 21 38 9 91 5 57 81 0 56 4 10 48 39 52
Coste: 1613578439

GENERACION: 124
Mejor Solucion:  1 80 46 41 19 26 42 94 71 13 88 49 37 30 22 40 53 69 16 31 54 79 70 67 8 61 86 72 95 51 44 65 58 76 17 14 92 33 15 36 47 12 24 85 59 18 82 73 97 2 90 23 87 50 25 62 35 74 32 45 55 6 75 78 99 63 43 29 11 83 28 34 84 93 64 66 77 96 98 3 7 20 27 89 60 68 21 38 9 91 5 57 81 0 56 4 10 48 39 52
Coste: 1613578439

GENERACION: 125
Mejor Solucion:  1 80 46 41 19 26 42 94 71 13 88 49 37 30 22 40 53 69 16 31 54 79 70 67 8 61 86 72 95 51 44 65 58 76 17 14 92 33 15 36 47 12 24 85 59 18 82 73 97 2 90 23 87 50 25 62 35 74 32 45 55 6 75 78 99 63 43 29 11 83 28 34 84 93 64 66 77 96 98 3 7 20 27 89 60 68 21 38 9 91 5 57 81 0 56 4 10 48 39 52
Coste: 1613578439

GENERACION: 126
Mejor Solucion:  1 80 46 41 19 26 42 94 71 13 88 49 37 30 22 40 53 69 16 31 54 79 70 67 8 61 86 72 95 51 44 65 58 76 17 14 92 33 15 36 47 12 24 85 59 18 82 73 97 2 90 23 87 50 25 62 35 74 32 45 55 6 75 78 99 63 43 29 11 83 28 34 84 93 64 66 77 96 98 3 7 20 27 89 60 68 21 38 9 91 5 57 81 0 56 4 10 48 39 52
Coste: 1613578439

GENERACION: 127
Mejor Solucion:  1 80 46 41 19 26 42 94 71 13 88 49 37 30 22 40 53 69 16 31 54 79 70 67 8 61 86 72 95 51 44 65 58 76 17 14 92 33 15 36 47 12 24 85 59 18 82 73 97 2 90 23 87 50 25 62 35 74 32 45 55 6 75 78 99 63 43 29 11 83 28 34 84 93 64 66 77 96 98 3 7 20 27 89 60 68 21 38 9 91 5 57 81 0 56 4 10 48 39 52
Coste: 1613578439

