GENERACION: 1
Mejor Solucion:  19 47 22 73 37 84 85 28 94 25 16 15 31 87 30 36 5 3 64 74 6 92 66 42 61 46 38 76 57 27 29 83 63 77 58 65 95 39 72 53 43 68 81 32 26 51 18 11 86 98 59 12 21 48 52 14 23 79 99 1 35 10 89 90 45 78 88 62 91 49 20 70 8 55 93 33 67 71 7 80 13 34 56 40 69 17 50 9 60 24 0 96 44 82 75 2 54 97 41 4
Coste: 23788192

GENERACION: 2
Mejor Solucion:  19 47 22 73 37 84 85 28 94 25 16 15 31 87 30 36 5 3 64 74 6 92 66 42 61 46 38 76 57 27 29 83 63 77 58 65 95 39 72 53 43 68 81 32 26 51 18 11 86 98 59 12 21 48 52 14 23 79 99 1 35 10 89 90 45 78 88 62 91 49 20 70 8 55 93 33 67 71 7 80 13 34 56 40 69 17 50 9 60 24 0 96 44 82 75 2 54 97 41 4
Coste: 23788192

GENERACION: 3
Mejor Solucion:  19 47 22 73 37 84 85 28 94 25 16 15 31 87 30 36 5 3 64 74 6 92 66 42 61 46 38 76 57 27 29 83 63 77 58 65 95 39 72 53 43 68 81 32 26 51 18 11 86 98 59 12 21 48 52 14 23 79 99 1 35 10 89 90 45 78 88 62 91 49 20 70 8 55 93 33 67 71 7 80 13 34 56 40 69 17 50 9 60 24 0 96 44 82 75 2 54 97 41 4
Coste: 23788192

GENERACION: 4
Mejor Solucion:  19 47 22 73 37 84 85 28 94 25 16 15 31 87 30 36 5 3 64 74 6 92 66 42 61 46 38 76 57 27 29 83 63 77 58 65 95 39 72 53 43 68 81 32 26 51 18 11 86 98 59 12 21 48 52 14 23 79 99 1 35 10 89 90 45 78 88 62 91 49 20 70 8 55 93 33 67 71 7 80 13 34 56 40 69 17 50 9 60 24 0 96 44 82 75 2 54 97 41 4
Coste: 23788192

GENERACION: 5
Mejor Solucion:  19 47 22 73 37 84 85 28 94 25 16 15 31 87 30 36 5 3 64 74 6 92 66 42 61 46 38 76 57 27 29 83 63 77 58 65 95 39 72 53 43 68 81 32 26 51 18 11 86 98 59 12 21 48 52 14 23 79 99 1 35 10 89 90 45 78 88 62 91 49 20 70 8 55 93 33 67 71 7 80 13 34 56 40 69 17 50 9 60 24 0 96 44 82 75 2 54 97 41 4
Coste: 23788192

GENERACION: 6
Mejor Solucion:  19 47 22 73 37 84 85 28 94 25 16 15 31 87 30 36 5 3 64 74 6 92 66 42 61 46 38 76 57 27 29 83 63 77 58 65 95 39 72 53 43 68 81 32 26 51 18 11 86 98 59 12 21 48 52 14 23 79 99 1 35 10 89 90 45 78 88 62 91 49 20 70 8 55 93 33 67 71 7 80 13 34 56 40 69 17 50 9 60 24 0 96 44 82 75 2 54 97 41 4
Coste: 23788192

GENERACION: 7
Mejor Solucion:  19 47 22 73 37 84 85 28 94 25 16 15 31 87 30 36 5 3 64 74 6 92 66 42 61 46 38 76 57 27 29 83 63 77 58 65 95 39 72 53 43 68 81 32 26 51 18 11 86 98 59 12 21 48 52 14 23 79 99 1 35 10 89 90 45 78 88 62 91 49 20 70 8 55 93 33 67 71 7 80 13 34 56 40 69 17 50 9 60 24 0 96 44 82 75 2 54 97 41 4
Coste: 23788192

GENERACION: 8
Mejor Solucion:  19 47 22 73 37 84 85 28 94 25 16 15 31 87 30 36 5 3 64 74 6 92 66 42 61 46 38 76 57 27 29 83 63 77 58 65 95 39 72 53 43 68 81 32 26 51 18 11 86 98 59 12 21 48 52 14 23 79 99 1 35 10 89 90 45 78 88 62 91 49 20 70 8 55 93 33 67 71 7 80 13 34 56 40 69 17 50 9 60 24 0 96 44 82 75 2 54 97 41 4
Coste: 23788192

GENERACION: 9
Mejor Solucion:  19 47 22 73 37 84 85 28 94 25 16 15 31 87 30 36 5 3 64 74 6 92 66 42 61 46 38 76 57 27 29 83 63 77 58 65 95 39 72 53 43 68 81 32 26 51 18 11 86 98 59 12 21 48 52 14 23 79 99 1 35 10 89 90 45 78 88 62 91 49 20 70 8 55 93 33 67 71 7 80 13 34 56 40 69 17 50 9 60 24 0 96 44 82 75 2 54 97 41 4
Coste: 23788192

GENERACION: 10
Mejor Solucion:  19 47 22 73 37 84 85 28 94 25 16 15 31 87 30 36 5 3 64 74 6 92 66 42 61 46 38 76 57 27 29 83 63 77 58 65 95 39 72 53 43 68 81 32 26 51 18 11 86 98 59 12 21 48 52 14 23 79 99 1 35 10 89 90 45 78 88 62 91 49 20 70 8 55 93 33 67 71 7 80 13 34 56 40 69 17 50 9 60 24 0 96 44 82 75 2 54 97 41 4
Coste: 23788192

GENERACION: 11
Mejor Solucion:  19 47 22 73 37 84 85 28 94 25 16 15 31 87 30 36 5 3 64 74 6 92 66 42 61 46 38 76 57 27 29 83 63 77 58 65 95 39 72 53 43 68 81 32 26 51 18 11 86 98 59 12 21 48 52 14 23 79 99 1 35 10 89 90 45 78 88 62 91 49 20 70 8 55 93 33 67 71 7 80 13 34 56 40 69 17 50 9 60 24 0 96 44 82 75 2 54 97 41 4
Coste: 23788192

GENERACION: 12
Mejor Solucion:  19 47 22 73 37 84 85 28 94 25 16 15 31 87 30 36 5 3 64 74 6 92 66 42 61 46 38 76 57 27 29 83 63 77 58 65 95 39 72 53 43 68 81 32 26 51 18 11 86 98 59 12 21 48 52 14 23 79 99 1 35 10 89 90 45 78 88 62 91 49 20 70 8 55 93 33 67 71 7 80 13 34 56 40 69 17 50 9 60 24 0 96 44 82 75 2 54 97 41 4
Coste: 23788192

GENERACION: 13
Mejor Solucion:  19 47 22 73 37 84 85 28 94 25 16 15 31 87 30 36 5 3 64 74 6 92 66 42 61 46 38 76 57 27 29 83 63 77 58 65 95 39 72 53 43 68 81 32 26 51 18 11 86 98 59 12 21 48 52 14 23 79 99 1 35 10 89 90 45 78 88 62 91 49 20 70 8 55 93 33 67 71 7 80 13 34 56 40 69 17 50 9 60 24 0 96 44 82 75 2 54 97 41 4
Coste: 23788192

GENERACION: 14
Mejor Solucion:  19 47 22 73 37 84 85 28 94 25 16 15 31 87 30 36 5 3 64 74 6 92 66 42 61 46 38 76 57 27 29 83 63 77 58 65 95 39 72 53 43 68 81 32 26 51 18 11 86 98 59 12 21 48 52 14 23 79 99 1 35 10 89 90 45 78 88 62 91 49 20 70 8 55 93 33 67 71 7 80 13 34 56 40 69 17 50 9 60 24 0 96 44 82 75 2 54 97 41 4
Coste: 23788192

GENERACION: 15
Mejor Solucion:  19 47 22 73 37 84 85 28 94 25 16 15 31 87 30 36 5 3 64 74 6 92 66 42 61 46 38 76 57 27 29 83 63 77 58 65 95 39 72 53 43 68 81 32 26 51 18 11 86 98 59 12 21 48 52 14 23 79 99 1 35 10 89 90 45 78 88 62 91 49 20 70 8 55 93 33 67 71 7 80 13 34 56 40 69 17 50 9 60 24 0 96 44 82 75 2 54 97 41 4
Coste: 23788192

GENERACION: 16
Mejor Solucion:  19 47 22 73 37 84 85 28 94 25 16 15 31 87 30 36 5 3 64 74 6 92 66 42 61 46 38 76 57 27 29 83 63 77 58 65 95 39 72 53 43 68 81 32 26 51 18 11 86 98 59 12 21 48 52 14 23 79 99 1 35 10 89 90 45 78 88 62 91 49 20 70 8 55 93 33 67 71 7 80 13 34 56 40 69 17 50 9 60 24 0 96 44 82 75 2 54 97 41 4
Coste: 23788192

GENERACION: 17
Mejor Solucion:  19 47 22 73 37 84 85 28 94 25 16 15 31 87 30 36 5 3 64 74 6 92 66 42 61 46 38 76 57 27 29 83 63 77 58 65 95 39 72 53 43 68 81 32 26 51 18 11 86 98 59 12 21 48 52 14 23 79 99 1 35 10 89 90 45 78 88 62 91 49 20 70 8 55 93 33 67 71 7 80 13 34 56 40 69 17 50 9 60 24 0 96 44 82 75 2 54 97 41 4
Coste: 23788192

GENERACION: 18
Mejor Solucion:  19 47 22 73 37 84 85 28 94 25 16 15 31 87 30 36 5 3 64 74 6 92 66 42 61 46 38 76 57 27 29 83 63 77 58 65 95 39 72 53 43 68 81 32 26 51 18 11 86 98 59 12 21 48 52 14 23 79 99 1 35 10 89 90 45 78 88 62 91 49 20 70 8 55 93 33 67 71 7 80 13 34 56 40 69 17 50 9 60 24 0 96 44 82 75 2 54 97 41 4
Coste: 23788192

GENERACION: 19
Mejor Solucion:  19 47 22 73 37 84 85 28 94 25 16 15 31 87 30 36 5 3 64 74 6 92 66 42 61 46 38 76 57 27 29 83 63 77 58 65 95 39 72 53 43 68 81 32 26 51 18 11 86 98 59 12 21 48 52 14 23 79 99 1 35 10 89 90 45 78 88 62 91 49 20 70 8 55 93 33 67 71 7 80 13 34 56 40 69 17 50 9 60 24 0 96 44 82 75 2 54 97 41 4
Coste: 23788192

GENERACION: 20
Mejor Solucion:  19 47 22 73 37 84 85 28 94 25 16 15 31 87 30 36 5 3 64 74 6 92 66 42 61 46 38 76 57 27 29 83 63 77 58 65 95 39 72 53 43 68 81 32 26 51 18 11 86 98 59 12 21 48 52 14 23 79 99 1 35 10 89 90 45 78 88 62 91 49 20 70 8 55 93 33 67 71 7 80 13 34 56 40 69 17 50 9 60 24 0 96 44 82 75 2 54 97 41 4
Coste: 23788192

GENERACION: 21
Mejor Solucion:  19 47 22 73 37 84 85 28 94 25 16 15 31 87 30 36 5 3 64 74 6 92 66 42 61 46 38 76 57 27 29 83 63 77 58 65 95 39 72 53 43 68 81 32 26 51 18 11 86 98 59 12 21 48 52 14 23 79 99 1 35 10 89 90 45 78 88 62 91 49 20 70 8 55 93 33 67 71 7 80 13 34 56 40 69 17 50 9 60 24 0 96 44 82 75 2 54 97 41 4
Coste: 23788192

GENERACION: 22
Mejor Solucion:  19 47 22 73 37 84 85 28 94 25 16 15 31 87 30 36 5 3 64 74 6 92 66 42 61 46 38 76 57 27 29 83 63 77 58 65 95 39 72 53 43 68 81 32 26 51 18 11 86 98 59 12 21 48 52 14 23 79 99 1 35 10 89 90 45 78 88 62 91 49 20 70 8 55 93 33 67 71 7 80 13 34 56 40 69 17 50 9 60 24 0 96 44 82 75 2 54 97 41 4
Coste: 23788192

GENERACION: 23
Mejor Solucion:  19 47 22 73 37 84 85 28 94 25 16 15 31 87 30 36 5 3 64 74 6 92 66 42 61 46 38 76 57 27 29 83 63 77 58 65 95 39 72 53 43 68 81 32 26 51 18 11 86 98 59 12 21 48 52 14 23 79 99 1 35 10 89 90 45 78 88 62 91 49 20 70 8 55 93 33 67 71 7 80 13 34 56 40 69 17 50 9 60 24 0 96 44 82 75 2 54 97 41 4
Coste: 23788192

GENERACION: 24
Mejor Solucion:  19 47 22 73 37 84 85 28 94 25 16 15 31 87 30 36 5 3 64 74 6 92 66 42 61 46 38 76 57 27 29 83 63 77 58 65 95 39 72 53 43 68 81 32 26 51 18 11 86 98 59 12 21 48 52 14 23 79 99 1 35 10 89 90 45 78 88 62 91 49 20 70 8 55 93 33 67 71 7 80 13 34 56 40 69 17 50 9 60 24 0 96 44 82 75 2 54 97 41 4
Coste: 23788192

GENERACION: 25
Mejor Solucion:  19 47 22 73 37 84 85 28 94 25 16 15 31 87 30 36 5 3 64 74 6 92 66 42 61 46 38 76 57 27 29 83 63 77 58 65 95 39 72 53 43 68 81 32 26 51 18 11 86 98 59 12 21 48 52 14 23 79 99 1 35 10 89 90 45 78 88 62 91 49 20 70 8 55 93 33 67 71 7 80 13 34 56 40 69 17 50 9 60 24 0 96 44 82 75 2 54 97 41 4
Coste: 23788192

GENERACION: 26
Mejor Solucion:  19 47 22 73 37 84 85 28 94 25 16 15 31 87 30 36 5 3 64 74 6 92 66 42 61 46 38 76 57 27 29 83 63 77 58 65 95 39 72 53 43 68 81 32 26 51 18 11 86 98 59 12 21 48 52 14 23 79 99 1 35 10 89 90 45 78 88 62 91 49 20 70 8 55 93 33 67 71 7 80 13 34 56 40 69 17 50 9 60 24 0 96 44 82 75 2 54 97 41 4
Coste: 23788192

GENERACION: 27
Mejor Solucion:  19 47 22 73 37 84 85 28 94 25 16 15 31 87 30 36 5 3 64 74 6 92 66 42 61 46 38 76 57 27 29 83 63 77 58 65 95 39 72 53 43 68 81 32 26 51 18 11 86 98 59 12 21 48 52 14 23 79 99 1 35 10 89 90 45 78 88 62 91 49 20 70 8 55 93 33 67 71 7 80 13 34 56 40 69 17 50 9 60 24 0 96 44 82 75 2 54 97 41 4
Coste: 23788192

GENERACION: 28
Mejor Solucion:  19 47 22 73 37 84 85 28 94 25 16 15 31 87 30 36 5 3 64 74 6 92 66 42 61 46 38 76 57 27 29 83 63 77 58 65 95 39 72 53 43 68 81 32 26 51 18 11 86 98 59 12 21 48 52 14 23 79 99 1 35 10 89 90 45 78 88 62 91 49 20 70 8 55 93 33 67 71 7 80 13 34 56 40 69 17 50 9 60 24 0 96 44 82 75 2 54 97 41 4
Coste: 23788192

GENERACION: 29
Mejor Solucion:  19 47 22 73 37 84 85 28 94 25 16 15 31 87 30 36 5 3 64 74 6 92 66 42 61 46 38 76 57 27 29 83 63 77 58 65 95 39 72 53 43 68 81 32 26 51 18 11 86 98 59 12 21 48 52 14 23 79 99 1 35 10 89 90 45 78 88 62 91 49 20 70 8 55 93 33 67 71 7 80 13 34 56 40 69 17 50 9 60 24 0 96 44 82 75 2 54 97 41 4
Coste: 23788192

GENERACION: 30
Mejor Solucion:  19 47 22 73 37 84 85 28 94 25 16 15 31 87 30 36 5 3 64 74 6 92 66 42 61 46 38 76 57 27 29 83 63 77 58 65 95 39 72 53 43 68 81 32 26 51 18 11 86 98 59 12 21 48 52 14 23 79 99 1 35 10 89 90 45 78 88 62 91 49 20 70 8 55 93 33 67 71 7 80 13 34 56 40 69 17 50 9 60 24 0 96 44 82 75 2 54 97 41 4
Coste: 23788192

GENERACION: 31
Mejor Solucion:  19 47 22 73 37 84 85 28 94 25 16 15 31 87 30 36 5 3 64 74 6 92 66 42 61 46 38 76 57 27 29 83 63 77 58 65 95 39 72 53 43 68 81 32 26 51 18 11 86 98 59 12 21 48 52 14 23 79 99 1 35 10 89 90 45 78 88 62 91 49 20 70 8 55 93 33 67 71 7 80 13 34 56 40 69 17 50 9 60 24 0 96 44 82 75 2 54 97 41 4
Coste: 23788192

GENERACION: 32
Mejor Solucion:  19 47 22 73 37 84 85 28 94 25 16 15 31 87 30 36 5 3 64 74 6 92 66 42 61 46 38 76 57 27 29 83 63 77 58 65 95 39 72 53 43 68 81 32 26 51 18 11 86 98 59 12 21 48 52 14 23 79 99 1 35 10 89 90 45 78 88 62 91 49 20 70 8 55 93 33 67 71 7 80 13 34 56 40 69 17 50 9 60 24 0 96 44 82 75 2 54 97 41 4
Coste: 23788192

GENERACION: 33
Mejor Solucion:  19 47 22 73 37 84 85 28 94 25 16 15 31 87 30 36 5 3 64 74 6 92 66 42 61 46 38 76 57 27 29 83 63 77 58 65 95 39 72 53 43 68 81 32 26 51 18 11 86 98 59 12 21 48 52 14 23 79 99 1 35 10 89 90 45 78 88 62 91 49 20 70 8 55 93 33 67 71 7 80 13 34 56 40 69 17 50 9 60 24 0 96 44 82 75 2 54 97 41 4
Coste: 23788192

GENERACION: 34
Mejor Solucion:  19 47 22 73 37 84 85 28 94 25 16 15 31 87 30 36 5 3 64 74 6 92 66 42 61 46 38 76 57 27 29 83 63 77 58 65 95 39 72 53 43 68 81 32 26 51 18 11 86 98 59 12 21 48 52 14 23 79 99 1 35 10 89 90 45 78 88 62 91 49 20 70 8 55 93 33 67 71 7 80 13 34 56 40 69 17 50 9 60 24 0 96 44 82 75 2 54 97 41 4
Coste: 23788192

GENERACION: 35
Mejor Solucion:  19 47 22 73 37 84 85 28 94 25 16 15 31 87 30 36 5 3 64 74 6 92 66 42 61 46 38 76 57 27 29 83 63 77 58 65 95 39 72 53 43 68 81 32 26 51 18 11 86 98 59 12 21 48 52 14 23 79 99 1 35 10 89 90 45 78 88 62 91 49 20 70 8 55 93 33 67 71 7 80 13 34 56 40 69 17 50 9 60 24 0 96 44 82 75 2 54 97 41 4
Coste: 23788192

GENERACION: 36
Mejor Solucion:  19 47 22 73 37 84 85 28 94 25 16 15 31 87 30 36 5 3 64 74 6 92 66 42 61 46 38 76 57 27 29 83 63 77 58 65 95 39 72 53 43 68 81 32 26 51 18 11 86 98 59 12 21 48 52 14 23 79 99 1 35 10 89 90 45 78 88 62 91 49 20 70 8 55 93 33 67 71 7 80 13 34 56 40 69 17 50 9 60 24 0 96 44 82 75 2 54 97 41 4
Coste: 23788192

GENERACION: 37
Mejor Solucion:  19 47 22 73 37 84 85 28 94 25 16 15 31 87 30 36 5 3 64 74 6 92 66 42 61 46 38 76 57 27 29 83 63 77 58 65 95 39 72 53 43 68 81 32 26 51 18 11 86 98 59 12 21 48 52 14 23 79 99 1 35 10 89 90 45 78 88 62 91 49 20 70 8 55 93 33 67 71 7 80 13 34 56 40 69 17 50 9 60 24 0 96 44 82 75 2 54 97 41 4
Coste: 23788192

GENERACION: 38
Mejor Solucion:  19 47 22 73 37 84 85 28 94 25 16 15 31 87 30 36 5 3 64 74 6 92 66 42 61 46 38 76 57 27 29 83 63 77 58 65 95 39 72 53 43 68 81 32 26 51 18 11 86 98 59 12 21 48 52 14 23 79 99 1 35 10 89 90 45 78 88 62 91 49 20 70 8 55 93 33 67 71 7 80 13 34 56 40 69 17 50 9 60 24 0 96 44 82 75 2 54 97 41 4
Coste: 23788192

GENERACION: 39
Mejor Solucion:  19 47 22 73 37 84 85 28 94 25 16 15 31 87 30 36 5 3 64 74 6 92 66 42 61 46 38 76 57 27 29 83 63 77 58 65 95 39 72 53 43 68 81 32 26 51 18 11 86 98 59 12 21 48 52 14 23 79 99 1 35 10 89 90 45 78 88 62 91 49 20 70 8 55 93 33 67 71 7 80 13 34 56 40 69 17 50 9 60 24 0 96 44 82 75 2 54 97 41 4
Coste: 23788192

GENERACION: 40
Mejor Solucion:  19 47 22 73 37 84 85 28 94 25 16 15 31 87 30 36 5 3 64 74 6 92 66 42 61 46 38 76 57 27 29 83 63 77 58 65 95 39 72 53 43 68 81 32 26 51 18 11 86 98 59 12 21 48 52 14 23 79 99 1 35 10 89 90 45 78 88 62 91 49 20 70 8 55 93 33 67 71 7 80 13 34 56 40 69 17 50 9 60 24 0 96 44 82 75 2 54 97 41 4
Coste: 23788192

GENERACION: 41
Mejor Solucion:  19 47 22 73 37 84 85 28 94 25 16 15 31 87 30 36 5 3 64 74 6 92 66 42 61 46 38 76 57 27 29 83 63 77 58 65 95 39 72 53 43 68 81 32 26 51 18 11 86 98 59 12 21 48 52 14 23 79 99 1 35 10 89 90 45 78 88 62 91 49 20 70 8 55 93 33 67 71 7 80 13 34 56 40 69 17 50 9 60 24 0 96 44 82 75 2 54 97 41 4
Coste: 23788192

GENERACION: 42
Mejor Solucion:  19 47 22 73 37 84 85 28 94 25 16 15 31 87 30 36 5 3 64 74 6 92 66 42 61 46 38 76 57 27 29 83 63 77 58 65 95 39 72 53 43 68 81 32 26 51 18 11 86 98 59 12 21 48 52 14 23 79 99 1 35 10 89 90 45 78 88 62 91 49 20 70 8 55 93 33 67 71 7 80 13 34 56 40 69 17 50 9 60 24 0 96 44 82 75 2 54 97 41 4
Coste: 23788192

GENERACION: 43
Mejor Solucion:  29 6 88 53 49 42 65 94 74 23 31 68 89 75 83 5 59 80 1 81 98 66 30 8 15 67 69 43 3 93 52 14 10 21 33 11 70 84 76 92 73 16 62 55 56 87 72 0 51 58 4 50 18 36 7 24 40 95 77 48 96 39 79 12 34 82 60 61 85 64 25 17 47 32 9 37 86 26 91 71 46 90 57 38 19 78 45 13 44 2 97 20 99 35 41 27 63 28 22 54
Coste: 23773540

GENERACION: 44
Mejor Solucion:  29 6 88 53 49 42 65 94 74 23 31 68 89 75 83 5 59 80 1 81 98 66 30 8 15 67 69 43 3 93 52 14 10 21 33 11 70 84 76 92 73 16 62 55 56 87 72 0 51 58 4 50 18 36 7 24 40 95 77 48 96 39 79 12 34 82 60 61 85 64 25 17 47 32 9 37 86 26 91 71 46 90 57 38 19 78 45 13 44 2 97 20 99 35 41 27 63 28 22 54
Coste: 23773540

GENERACION: 45
Mejor Solucion:  29 6 88 53 49 42 65 94 74 23 31 68 89 75 83 5 59 80 1 81 98 66 30 8 15 67 69 43 3 93 52 14 10 21 33 11 70 84 76 92 73 16 62 55 56 87 72 0 51 58 4 50 18 36 7 24 40 95 77 48 96 39 79 12 34 82 60 61 85 64 25 17 47 32 9 37 86 26 91 71 46 90 57 38 19 78 45 13 44 2 97 20 99 35 41 27 63 28 22 54
Coste: 23773540

GENERACION: 46
Mejor Solucion:  29 6 88 53 49 42 65 94 74 23 31 68 89 75 83 5 59 80 1 81 98 66 30 8 15 67 69 43 3 93 52 14 10 21 33 11 70 84 76 92 73 16 62 55 56 87 72 0 51 58 4 50 18 36 7 24 40 95 77 48 96 39 79 12 34 82 60 61 85 64 25 17 47 32 9 37 86 26 91 71 46 90 57 38 19 78 45 13 44 2 97 20 99 35 41 27 63 28 22 54
Coste: 23773540

GENERACION: 47
Mejor Solucion:  29 6 88 53 49 42 65 94 74 23 31 68 89 75 83 5 59 80 1 81 98 66 30 8 15 67 69 43 3 93 52 14 10 21 33 11 70 84 76 92 73 16 62 55 56 87 72 0 51 58 4 50 18 36 7 24 40 95 77 48 96 39 79 12 34 82 60 61 85 64 25 17 47 32 9 37 86 26 91 71 46 90 57 38 19 78 45 13 44 2 97 20 99 35 41 27 63 28 22 54
Coste: 23773540

GENERACION: 48
Mejor Solucion:  29 6 88 53 49 42 65 94 74 23 31 68 89 75 83 5 59 80 1 81 98 66 30 8 15 67 69 43 3 93 52 14 10 21 33 11 70 84 76 92 73 16 62 55 56 87 72 0 51 58 4 50 18 36 7 24 40 95 77 48 96 39 79 12 34 82 60 61 85 64 25 17 47 32 9 37 86 26 91 71 46 90 57 38 19 78 45 13 44 2 97 20 99 35 41 27 63 28 22 54
Coste: 23773540

GENERACION: 49
Mejor Solucion:  29 6 88 53 49 42 65 94 74 23 31 68 89 75 83 5 59 80 1 81 98 66 30 8 15 67 69 43 3 93 52 14 10 21 33 11 70 84 76 92 73 16 62 55 56 87 72 0 51 58 4 50 18 36 7 24 40 95 77 48 96 39 79 12 34 82 60 61 85 64 25 17 47 32 9 37 86 26 91 71 46 90 57 38 19 78 45 13 44 2 97 20 99 35 41 27 63 28 22 54
Coste: 23773540

GENERACION: 50
Mejor Solucion:  29 6 88 53 49 42 65 94 74 23 31 68 89 75 83 5 59 80 1 81 98 66 30 8 15 67 69 43 3 93 52 14 10 21 33 11 70 84 76 92 73 16 62 55 56 87 72 0 51 58 4 50 18 36 7 24 40 95 77 48 96 39 79 12 34 82 60 61 85 64 25 17 47 32 9 37 86 26 91 71 46 90 57 38 19 78 45 13 44 2 97 20 99 35 41 27 63 28 22 54
Coste: 23773540

GENERACION: 51
Mejor Solucion:  29 6 88 53 49 42 65 94 74 23 31 68 89 75 83 5 59 80 1 81 98 66 30 8 15 67 69 43 3 93 52 14 10 21 33 11 70 84 76 92 73 16 62 55 56 87 72 0 51 58 4 50 18 36 7 24 40 95 77 48 96 39 79 12 34 82 60 61 85 64 25 17 47 32 9 37 86 26 91 71 46 90 57 38 19 78 45 13 44 2 97 20 99 35 41 27 63 28 22 54
Coste: 23773540

GENERACION: 52
Mejor Solucion:  29 6 88 53 49 42 65 94 74 23 31 68 89 75 83 5 59 80 1 81 98 66 30 8 15 67 69 43 3 93 52 14 10 21 33 11 70 84 76 92 73 16 62 55 56 87 72 0 51 58 4 50 18 36 7 24 40 95 77 48 96 39 79 12 34 82 60 61 85 64 25 17 47 32 9 37 86 26 91 71 46 90 57 38 19 78 45 13 44 2 97 20 99 35 41 27 63 28 22 54
Coste: 23773540

GENERACION: 53
Mejor Solucion:  29 6 88 53 49 42 65 94 74 23 31 68 89 75 83 5 59 80 1 81 98 66 30 8 15 67 69 43 3 93 52 14 10 21 33 11 70 84 76 92 73 16 62 55 56 87 72 0 51 58 4 50 18 36 7 24 40 95 77 48 96 39 79 12 34 82 60 61 85 64 25 17 47 32 9 37 86 26 91 71 46 90 57 38 19 78 45 13 44 2 97 20 99 35 41 27 63 28 22 54
Coste: 23773540

GENERACION: 54
Mejor Solucion:  29 6 88 53 49 42 65 94 74 23 31 68 89 75 83 5 59 80 1 81 98 66 30 8 15 67 69 43 3 93 52 14 10 21 33 11 70 84 76 92 73 16 62 55 56 87 72 0 51 58 4 50 18 36 7 24 40 95 77 48 96 39 79 12 34 82 60 61 85 64 25 17 47 32 9 37 86 26 91 71 46 90 57 38 19 78 45 13 44 2 97 20 99 35 41 27 63 28 22 54
Coste: 23773540

GENERACION: 55
Mejor Solucion:  29 6 88 53 49 42 65 94 74 23 31 68 89 75 83 5 59 80 1 81 98 66 30 8 15 67 69 43 3 93 52 14 10 21 33 11 70 84 76 92 73 16 62 55 56 87 72 0 51 58 4 50 18 36 7 24 40 95 77 48 96 39 79 12 34 82 60 61 85 64 25 17 47 32 9 37 86 26 91 71 46 90 57 38 19 78 45 13 44 2 97 20 99 35 41 27 63 28 22 54
Coste: 23773540

GENERACION: 56
Mejor Solucion:  29 6 88 53 49 42 65 94 74 23 31 68 89 75 83 5 59 80 1 81 98 66 30 8 15 67 69 43 3 93 52 14 10 21 33 11 70 84 76 92 73 16 62 55 56 87 72 0 51 58 4 50 18 36 7 24 40 95 77 48 96 39 79 12 34 82 60 61 85 64 25 17 47 32 9 37 86 26 91 71 46 90 57 38 19 78 45 13 44 2 97 20 99 35 41 27 63 28 22 54
Coste: 23773540

GENERACION: 57
Mejor Solucion:  29 6 88 53 49 42 65 94 74 23 31 68 89 75 83 5 59 80 1 81 98 66 30 8 15 67 69 43 3 93 52 14 10 21 33 11 70 84 76 92 73 16 62 55 56 87 72 0 51 58 4 50 18 36 7 24 40 95 77 48 96 39 79 12 34 82 60 61 85 64 25 17 47 32 9 37 86 26 91 71 46 90 57 38 19 78 45 13 44 2 97 20 99 35 41 27 63 28 22 54
Coste: 23773540

GENERACION: 58
Mejor Solucion:  29 6 88 53 49 42 65 94 74 23 31 68 89 75 83 5 59 80 1 81 98 66 30 8 15 67 69 43 3 93 52 14 10 21 33 11 70 84 76 92 73 16 62 55 56 87 72 0 51 58 4 50 18 36 7 24 40 95 77 48 96 39 79 12 34 82 60 61 85 64 25 17 47 32 9 37 86 26 91 71 46 90 57 38 19 78 45 13 44 2 97 20 99 35 41 27 63 28 22 54
Coste: 23773540

GENERACION: 59
Mejor Solucion:  29 6 88 53 49 42 65 94 74 23 31 68 89 75 83 5 59 80 1 81 98 66 30 8 15 67 69 43 3 93 52 14 10 21 33 11 70 84 76 92 73 16 62 55 56 87 72 0 51 58 4 50 18 36 7 24 40 95 77 48 96 39 79 12 34 82 60 61 85 64 25 17 47 32 9 37 86 26 91 71 46 90 57 38 19 78 45 13 44 2 97 20 99 35 41 27 63 28 22 54
Coste: 23773540

GENERACION: 60
Mejor Solucion:  29 6 88 53 49 42 65 94 74 23 31 68 89 75 83 5 59 80 1 81 98 66 30 8 15 67 69 43 3 93 52 14 10 21 33 11 70 84 76 92 73 16 62 55 56 87 72 0 51 58 4 50 18 36 7 24 40 95 77 48 96 39 79 12 34 82 60 61 85 64 25 17 47 32 9 37 86 26 91 71 46 90 57 38 19 78 45 13 44 2 97 20 99 35 41 27 63 28 22 54
Coste: 23773540

GENERACION: 61
Mejor Solucion:  29 6 88 53 49 42 65 94 74 23 31 68 89 75 83 5 59 80 1 81 98 66 30 8 15 67 69 43 3 93 52 14 10 21 33 11 70 84 76 92 73 16 62 55 56 87 72 0 51 58 4 50 18 36 7 24 40 95 77 48 96 39 79 12 34 82 60 61 85 64 25 17 47 32 9 37 86 26 91 71 46 90 57 38 19 78 45 13 44 2 97 20 99 35 41 27 63 28 22 54
Coste: 23773540

GENERACION: 62
Mejor Solucion:  29 6 88 53 49 42 65 94 74 23 31 68 89 75 83 5 59 80 1 81 98 66 30 8 15 67 69 43 3 93 52 14 10 21 33 11 70 84 76 92 73 16 62 55 56 87 72 0 51 58 4 50 18 36 7 24 40 95 77 48 96 39 79 12 34 82 60 61 85 64 25 17 47 32 9 37 86 26 91 71 46 90 57 38 19 78 45 13 44 2 97 20 99 35 41 27 63 28 22 54
Coste: 23773540

GENERACION: 63
Mejor Solucion:  29 6 88 53 49 42 65 94 74 23 31 68 89 75 83 5 59 80 1 81 98 66 30 8 15 67 69 43 3 93 52 14 10 21 33 11 70 84 76 92 73 16 62 55 56 87 72 0 51 58 4 50 18 36 7 24 40 95 77 48 96 39 79 12 34 82 60 61 85 64 25 17 47 32 9 37 86 26 91 71 46 90 57 38 19 78 45 13 44 2 97 20 99 35 41 27 63 28 22 54
Coste: 23773540

GENERACION: 64
Mejor Solucion:  29 6 88 53 49 42 65 94 74 23 31 68 89 75 83 5 59 80 1 81 98 66 30 8 15 67 69 43 3 93 52 14 10 21 33 11 70 84 76 92 73 16 62 55 56 87 72 0 51 58 4 50 18 36 7 24 40 95 77 48 96 39 79 12 34 82 60 61 85 64 25 17 47 32 9 37 86 26 91 71 46 90 57 38 19 78 45 13 44 2 97 20 99 35 41 27 63 28 22 54
Coste: 23773540

GENERACION: 65
Mejor Solucion:  29 6 88 53 49 42 65 94 74 23 31 68 89 75 83 5 59 80 1 81 98 66 30 8 15 67 69 43 3 93 52 14 10 21 33 11 70 84 76 92 73 16 62 55 56 87 72 0 51 58 4 50 18 36 7 24 40 95 77 48 96 39 79 12 34 82 60 61 85 64 25 17 47 32 9 37 86 26 91 71 46 90 57 38 19 78 45 13 44 2 97 20 99 35 41 27 63 28 22 54
Coste: 23773540

GENERACION: 66
Mejor Solucion:  29 6 88 53 49 42 65 94 74 23 31 68 89 75 83 5 59 80 1 81 98 66 30 8 15 67 69 43 3 93 52 14 10 21 33 11 70 84 76 92 73 16 62 55 56 87 72 0 51 58 4 50 18 36 7 24 40 95 77 48 96 39 79 12 34 82 60 61 85 64 25 17 47 32 9 37 86 26 91 71 46 90 57 38 19 78 45 13 44 2 97 20 99 35 41 27 63 28 22 54
Coste: 23773540

GENERACION: 67
Mejor Solucion:  29 6 88 53 49 42 65 94 74 23 31 68 89 75 83 5 59 80 1 81 98 66 30 8 15 67 69 43 3 93 52 14 10 21 33 11 70 84 76 92 73 16 62 55 56 87 72 0 51 58 4 50 18 36 7 24 40 95 77 48 96 39 79 12 34 82 60 61 85 64 25 17 47 32 9 37 86 26 91 71 46 90 57 38 19 78 45 13 44 2 97 20 99 35 41 27 63 28 22 54
Coste: 23773540

GENERACION: 68
Mejor Solucion:  29 6 88 53 49 42 65 94 74 23 31 68 89 75 83 5 59 80 1 81 98 66 30 8 15 67 69 43 3 93 52 14 10 21 33 11 70 84 76 92 73 16 62 55 56 87 72 0 51 58 4 50 18 36 7 24 40 95 77 48 96 39 79 12 34 82 60 61 85 64 25 17 47 32 9 37 86 26 91 71 46 90 57 38 19 78 45 13 44 2 97 20 99 35 41 27 63 28 22 54
Coste: 23773540

GENERACION: 69
Mejor Solucion:  29 6 88 53 49 42 65 94 74 23 31 68 89 75 83 5 59 80 1 81 98 66 30 8 15 67 69 43 3 93 52 14 10 21 33 11 70 84 76 92 73 16 62 55 56 87 72 0 51 58 4 50 18 36 7 24 40 95 77 48 96 39 79 12 34 82 60 61 85 64 25 17 47 32 9 37 86 26 91 71 46 90 57 38 19 78 45 13 44 2 97 20 99 35 41 27 63 28 22 54
Coste: 23773540

GENERACION: 70
Mejor Solucion:  29 6 88 53 49 42 65 94 74 23 31 68 89 75 83 5 59 80 1 81 98 66 30 8 15 67 69 43 3 93 52 14 10 21 33 11 70 84 76 92 73 16 62 55 56 87 72 0 51 58 4 50 18 36 7 24 40 95 77 48 96 39 79 12 34 82 60 61 85 64 25 17 47 32 9 37 86 26 91 71 46 90 57 38 19 78 45 13 44 2 97 20 99 35 41 27 63 28 22 54
Coste: 23773540

GENERACION: 71
Mejor Solucion:  29 6 88 53 49 42 65 94 74 23 31 68 89 75 83 5 59 80 1 81 98 66 30 8 15 67 69 43 3 93 52 14 10 21 33 11 70 84 76 92 73 16 62 55 56 87 72 0 51 58 4 50 18 36 7 24 40 95 77 48 96 39 79 12 34 82 60 61 85 64 25 17 47 32 9 37 86 26 91 71 46 90 57 38 19 78 45 13 44 2 97 20 99 35 41 27 63 28 22 54
Coste: 23773540

GENERACION: 72
Mejor Solucion:  29 6 88 53 49 42 65 94 74 23 31 68 89 75 83 5 59 80 1 81 98 66 30 8 15 67 69 43 3 93 52 14 10 21 33 11 70 84 76 92 73 16 62 55 56 87 72 0 51 58 4 50 18 36 7 24 40 95 77 48 96 39 79 12 34 82 60 61 85 64 25 17 47 32 9 37 86 26 91 71 46 90 57 38 19 78 45 13 44 2 97 20 99 35 41 27 63 28 22 54
Coste: 23773540

GENERACION: 73
Mejor Solucion:  29 6 88 53 49 42 65 94 74 23 31 68 89 75 83 5 59 80 1 81 98 66 30 8 15 67 69 43 3 93 52 14 10 21 33 11 70 84 76 92 73 16 62 55 56 87 72 0 51 58 4 50 18 36 7 24 40 95 77 48 96 39 79 12 34 82 60 61 85 64 25 17 47 32 9 37 86 26 91 71 46 90 57 38 19 78 45 13 44 2 97 20 99 35 41 27 63 28 22 54
Coste: 23773540

GENERACION: 74
Mejor Solucion:  29 6 88 53 49 42 65 94 74 23 31 68 89 75 83 5 59 80 1 81 98 66 30 8 15 67 69 43 3 93 52 14 10 21 33 11 70 84 76 92 73 16 62 55 56 87 72 0 51 58 4 50 18 36 7 24 40 95 77 48 96 39 79 12 34 82 60 61 85 64 25 17 47 32 9 37 86 26 91 71 46 90 57 38 19 78 45 13 44 2 97 20 99 35 41 27 63 28 22 54
Coste: 23773540

GENERACION: 75
Mejor Solucion:  29 6 88 53 49 42 65 94 74 23 31 68 89 75 83 5 59 80 1 81 98 66 30 8 15 67 69 43 3 93 52 14 10 21 33 11 70 84 76 92 73 16 62 55 56 87 72 0 51 58 4 50 18 36 7 24 40 95 77 48 96 39 79 12 34 82 60 61 85 64 25 17 47 32 9 37 86 26 91 71 46 90 57 38 19 78 45 13 44 2 97 20 99 35 41 27 63 28 22 54
Coste: 23773540

GENERACION: 76
Mejor Solucion:  29 6 88 53 49 42 65 94 74 23 31 68 89 75 83 5 59 80 1 81 98 66 30 8 15 67 69 43 3 93 52 14 10 21 33 11 70 84 76 92 73 16 62 55 56 87 72 0 51 58 4 50 18 36 7 24 40 95 77 48 96 39 79 12 34 82 60 61 85 64 25 17 47 32 9 37 86 26 91 71 46 90 57 38 19 78 45 13 44 2 97 20 99 35 41 27 63 28 22 54
Coste: 23773540

GENERACION: 77
Mejor Solucion:  29 6 88 53 49 42 65 94 74 23 31 68 89 75 83 5 59 80 1 81 98 66 30 8 15 67 69 43 3 93 52 14 10 21 33 11 70 84 76 92 73 16 62 55 56 87 72 0 51 58 4 50 18 36 7 24 40 95 77 48 96 39 79 12 34 82 60 61 85 64 25 17 47 32 9 37 86 26 91 71 46 90 57 38 19 78 45 13 44 2 97 20 99 35 41 27 63 28 22 54
Coste: 23773540

GENERACION: 78
Mejor Solucion:  29 6 88 53 49 42 65 94 74 23 31 68 89 75 83 5 59 80 1 81 98 66 30 8 15 67 69 43 3 93 52 14 10 21 33 11 70 84 76 92 73 16 62 55 56 87 72 0 51 58 4 50 18 36 7 24 40 95 77 48 96 39 79 12 34 82 60 61 85 64 25 17 47 32 9 37 86 26 91 71 46 90 57 38 19 78 45 13 44 2 97 20 99 35 41 27 63 28 22 54
Coste: 23773540

GENERACION: 79
Mejor Solucion:  29 6 88 53 49 42 65 94 74 23 31 68 89 75 83 5 59 80 1 81 98 66 30 8 15 67 69 43 3 93 52 14 10 21 33 11 70 84 76 92 73 16 62 55 56 87 72 0 51 58 4 50 18 36 7 24 40 95 77 48 96 39 79 12 34 82 60 61 85 64 25 17 47 32 9 37 86 26 91 71 46 90 57 38 19 78 45 13 44 2 97 20 99 35 41 27 63 28 22 54
Coste: 23773540

GENERACION: 80
Mejor Solucion:  29 6 88 53 49 42 65 94 74 23 31 68 89 75 83 5 59 80 1 81 98 66 30 8 15 67 69 43 3 93 52 14 10 21 33 11 70 84 76 92 73 16 62 55 56 87 72 0 51 58 4 50 18 36 7 24 40 95 77 48 96 39 79 12 34 82 60 61 85 64 25 17 47 32 9 37 86 26 91 71 46 90 57 38 19 78 45 13 44 2 97 20 99 35 41 27 63 28 22 54
Coste: 23773540

GENERACION: 81
Mejor Solucion:  29 6 88 53 49 42 65 94 74 23 31 68 89 75 83 5 59 80 1 81 98 66 30 8 15 67 69 43 3 93 52 14 10 21 33 11 70 84 76 92 73 16 62 55 56 87 72 0 51 58 4 50 18 36 7 24 40 95 77 48 96 39 79 12 34 82 60 61 85 64 25 17 47 32 9 37 86 26 91 71 46 90 57 38 19 78 45 13 44 2 97 20 99 35 41 27 63 28 22 54
Coste: 23773540

GENERACION: 82
Mejor Solucion:  29 6 88 53 49 42 65 94 74 23 31 68 89 75 83 5 59 80 1 81 98 66 30 8 15 67 69 43 3 93 52 14 10 21 33 11 70 84 76 92 73 16 62 55 56 87 72 0 51 58 4 50 18 36 7 24 40 95 77 48 96 39 79 12 34 82 60 61 85 64 25 17 47 32 9 37 86 26 91 71 46 90 57 38 19 78 45 13 44 2 97 20 99 35 41 27 63 28 22 54
Coste: 23773540

GENERACION: 83
Mejor Solucion:  29 6 88 53 49 42 65 94 74 23 31 68 89 75 83 5 59 80 1 81 98 66 30 8 15 67 69 43 3 93 52 14 10 21 33 11 70 84 76 92 73 16 62 55 56 87 72 0 51 58 4 50 18 36 7 24 40 95 77 48 96 39 79 12 34 82 60 61 85 64 25 17 47 32 9 37 86 26 91 71 46 90 57 38 19 78 45 13 44 2 97 20 99 35 41 27 63 28 22 54
Coste: 23773540

GENERACION: 84
Mejor Solucion:  29 6 88 53 49 42 65 94 74 23 31 68 89 75 83 5 59 80 1 81 98 66 30 8 15 67 69 43 3 93 52 14 10 21 33 11 70 84 76 92 73 16 62 55 56 87 72 0 51 58 4 50 18 36 7 24 40 95 77 48 96 39 79 12 34 82 60 61 85 64 25 17 47 32 9 37 86 26 91 71 46 90 57 38 19 78 45 13 44 2 97 20 99 35 41 27 63 28 22 54
Coste: 23773540

GENERACION: 85
Mejor Solucion:  29 6 88 53 49 42 65 94 74 23 31 68 89 75 83 5 59 80 1 81 98 66 30 8 15 67 69 43 3 93 52 14 10 21 33 11 70 84 76 92 73 16 62 55 56 87 72 0 51 58 4 50 18 36 7 24 40 95 77 48 96 39 79 12 34 82 60 61 85 64 25 17 47 32 9 37 86 26 91 71 46 90 57 38 19 78 45 13 44 2 97 20 99 35 41 27 63 28 22 54
Coste: 23773540

GENERACION: 86
Mejor Solucion:  29 6 88 53 49 42 65 94 74 23 31 68 89 75 83 5 59 80 1 81 98 66 30 8 15 67 69 43 3 93 52 14 10 21 33 11 70 84 76 92 73 16 62 55 56 87 72 0 51 58 4 50 18 36 7 24 40 95 77 48 96 39 79 12 34 82 60 61 85 64 25 17 47 32 9 37 86 26 91 71 46 90 57 38 19 78 45 13 44 2 97 20 99 35 41 27 63 28 22 54
Coste: 23773540

GENERACION: 87
Mejor Solucion:  29 6 88 53 49 42 65 94 74 23 31 68 89 75 83 5 59 80 1 81 98 66 30 8 15 67 69 43 3 93 52 14 10 21 33 11 70 84 76 92 73 16 62 55 56 87 72 0 51 58 4 50 18 36 7 24 40 95 77 48 96 39 79 12 34 82 60 61 85 64 25 17 47 32 9 37 86 26 91 71 46 90 57 38 19 78 45 13 44 2 97 20 99 35 41 27 63 28 22 54
Coste: 23773540

GENERACION: 88
Mejor Solucion:  29 6 88 53 49 42 65 94 74 23 31 68 89 75 83 5 59 80 1 81 98 66 30 8 15 67 69 43 3 93 52 14 10 21 33 11 70 84 76 92 73 16 62 55 56 87 72 0 51 58 4 50 18 36 7 24 40 95 77 48 96 39 79 12 34 82 60 61 85 64 25 17 47 32 9 37 86 26 91 71 46 90 57 38 19 78 45 13 44 2 97 20 99 35 41 27 63 28 22 54
Coste: 23773540

GENERACION: 89
Mejor Solucion:  29 6 88 53 49 42 65 94 74 23 31 68 89 75 83 5 59 80 1 81 98 66 30 8 15 67 69 43 3 93 52 14 10 21 33 11 70 84 76 92 73 16 62 55 56 87 72 0 51 58 4 50 18 36 7 24 40 95 77 48 96 39 79 12 34 82 60 61 85 64 25 17 47 32 9 37 86 26 91 71 46 90 57 38 19 78 45 13 44 2 97 20 99 35 41 27 63 28 22 54
Coste: 23773540

GENERACION: 90
Mejor Solucion:  29 6 88 53 49 42 65 94 74 23 31 68 89 75 83 5 59 80 1 81 98 66 30 8 15 67 69 43 3 93 52 14 10 21 33 11 70 84 76 92 73 16 62 55 56 87 72 0 51 58 4 50 18 36 7 24 40 95 77 48 96 39 79 12 34 82 60 61 85 64 25 17 47 32 9 37 86 26 91 71 46 90 57 38 19 78 45 13 44 2 97 20 99 35 41 27 63 28 22 54
Coste: 23773540

GENERACION: 91
Mejor Solucion:  29 6 88 53 49 42 65 94 74 23 31 68 89 75 83 5 59 80 1 81 98 66 30 8 15 67 69 43 3 93 52 14 10 21 33 11 70 84 76 92 73 16 62 55 56 87 72 0 51 58 4 50 18 36 7 24 40 95 77 48 96 39 79 12 34 82 60 61 85 64 25 17 47 32 9 37 86 26 91 71 46 90 57 38 19 78 45 13 44 2 97 20 99 35 41 27 63 28 22 54
Coste: 23773540

GENERACION: 92
Mejor Solucion:  29 6 88 53 49 42 65 94 74 23 31 68 89 75 83 5 59 80 1 81 98 66 30 8 15 67 69 43 3 93 52 14 10 21 33 11 70 84 76 92 73 16 62 55 56 87 72 0 51 58 4 50 18 36 7 24 40 95 77 48 96 39 79 12 34 82 60 61 85 64 25 17 47 32 9 37 86 26 91 71 46 90 57 38 19 78 45 13 44 2 97 20 99 35 41 27 63 28 22 54
Coste: 23773540

GENERACION: 93
Mejor Solucion:  29 6 88 53 49 42 65 94 74 23 31 68 89 75 83 5 59 80 1 81 98 66 30 8 15 67 69 43 3 93 52 14 10 21 33 11 70 84 76 92 73 16 62 55 56 87 72 0 51 58 4 50 18 36 7 24 40 95 77 48 96 39 79 12 34 82 60 61 85 64 25 17 47 32 9 37 86 26 91 71 46 90 57 38 19 78 45 13 44 2 97 20 99 35 41 27 63 28 22 54
Coste: 23773540

GENERACION: 94
Mejor Solucion:  29 6 88 53 49 42 65 94 74 23 31 68 89 75 83 5 59 80 1 81 98 66 30 8 15 67 69 43 3 93 52 14 10 21 33 11 70 84 76 92 73 16 62 55 56 87 72 0 51 58 4 50 18 36 7 24 40 95 77 48 96 39 79 12 34 82 60 61 85 64 25 17 47 32 9 37 86 26 91 71 46 90 57 38 19 78 45 13 44 2 97 20 99 35 41 27 63 28 22 54
Coste: 23773540

GENERACION: 95
Mejor Solucion:  29 6 88 53 49 42 65 94 74 23 31 68 89 75 83 5 59 80 1 81 98 66 30 8 15 67 69 43 3 93 52 14 10 21 33 11 70 84 76 92 73 16 62 55 56 87 72 0 51 58 4 50 18 36 7 24 40 95 77 48 96 39 79 12 34 82 60 61 85 64 25 17 47 32 9 37 86 26 91 71 46 90 57 38 19 78 45 13 44 2 97 20 99 35 41 27 63 28 22 54
Coste: 23773540

GENERACION: 96
Mejor Solucion:  29 6 88 53 49 42 65 94 74 23 31 68 89 75 83 5 59 80 1 81 98 66 30 8 15 67 69 43 3 93 52 14 10 21 33 11 70 84 76 92 73 16 62 55 56 87 72 0 51 58 4 50 18 36 7 24 40 95 77 48 96 39 79 12 34 82 60 61 85 64 25 17 47 32 9 37 86 26 91 71 46 90 57 38 19 78 45 13 44 2 97 20 99 35 41 27 63 28 22 54
Coste: 23773540

GENERACION: 97
Mejor Solucion:  29 6 88 53 49 42 65 94 74 23 31 68 89 75 83 5 59 80 1 81 98 66 30 8 15 67 69 43 3 93 52 14 10 21 33 11 70 84 76 92 73 16 62 55 56 87 72 0 51 58 4 50 18 36 7 24 40 95 77 48 96 39 79 12 34 82 60 61 85 64 25 17 47 32 9 37 86 26 91 71 46 90 57 38 19 78 45 13 44 2 97 20 99 35 41 27 63 28 22 54
Coste: 23773540

GENERACION: 98
Mejor Solucion:  29 6 88 53 49 42 65 94 74 23 31 68 89 75 83 5 59 80 1 81 98 66 30 8 15 67 69 43 3 93 52 14 10 21 33 11 70 84 76 92 73 16 62 55 56 87 72 0 51 58 4 50 18 36 7 24 40 95 77 48 96 39 79 12 34 82 60 61 85 64 25 17 47 32 9 37 86 26 91 71 46 90 57 38 19 78 45 13 44 2 97 20 99 35 41 27 63 28 22 54
Coste: 23773540

GENERACION: 99
Mejor Solucion:  29 6 88 53 49 42 65 94 74 23 31 68 89 75 83 5 59 80 1 81 98 66 30 8 15 67 69 43 3 93 52 14 10 21 33 11 70 84 76 92 73 16 62 55 56 87 72 0 51 58 4 50 18 36 7 24 40 95 77 48 96 39 79 12 34 82 60 61 85 64 25 17 47 32 9 37 86 26 91 71 46 90 57 38 19 78 45 13 44 2 97 20 99 35 41 27 63 28 22 54
Coste: 23773540

GENERACION: 100
Mejor Solucion:  29 6 88 53 49 42 65 94 74 23 31 68 89 75 83 5 59 80 1 81 98 66 30 8 15 67 69 43 3 93 52 14 10 21 33 11 70 84 76 92 73 16 62 55 56 87 72 0 51 58 4 50 18 36 7 24 40 95 77 48 96 39 79 12 34 82 60 61 85 64 25 17 47 32 9 37 86 26 91 71 46 90 57 38 19 78 45 13 44 2 97 20 99 35 41 27 63 28 22 54
Coste: 23773540

GENERACION: 101
Mejor Solucion:  29 6 88 53 49 42 65 94 74 23 31 68 89 75 83 5 59 80 1 81 98 66 30 8 15 67 69 43 3 93 52 14 10 21 33 11 70 84 76 92 73 16 62 55 56 87 72 0 51 58 4 50 18 36 7 24 40 95 77 48 96 39 79 12 34 82 60 61 85 64 25 17 47 32 9 37 86 26 91 71 46 90 57 38 19 78 45 13 44 2 97 20 99 35 41 27 63 28 22 54
Coste: 23773540

GENERACION: 102
Mejor Solucion:  29 6 88 53 49 42 65 94 74 23 31 68 89 75 83 5 59 80 1 81 98 66 30 8 15 67 69 43 3 93 52 14 10 21 33 11 70 84 76 92 73 16 62 55 56 87 72 0 51 58 4 50 18 36 7 24 40 95 77 48 96 39 79 12 34 82 60 61 85 64 25 17 47 32 9 37 86 26 91 71 46 90 57 38 19 78 45 13 44 2 97 20 99 35 41 27 63 28 22 54
Coste: 23773540

GENERACION: 103
Mejor Solucion:  29 6 88 53 49 42 65 94 74 23 31 68 89 75 83 5 59 80 1 81 98 66 30 8 15 67 69 43 3 93 52 14 10 21 33 11 70 84 76 92 73 16 62 55 56 87 72 0 51 58 4 50 18 36 7 24 40 95 77 48 96 39 79 12 34 82 60 61 85 64 25 17 47 32 9 37 86 26 91 71 46 90 57 38 19 78 45 13 44 2 97 20 99 35 41 27 63 28 22 54
Coste: 23773540

GENERACION: 104
Mejor Solucion:  29 6 88 53 49 42 65 94 74 23 31 68 89 75 83 5 59 80 1 81 98 66 30 8 15 67 69 43 3 93 52 14 10 21 33 11 70 84 76 92 73 16 62 55 56 87 72 0 51 58 4 50 18 36 7 24 40 95 77 48 96 39 79 12 34 82 60 61 85 64 25 17 47 32 9 37 86 26 91 71 46 90 57 38 19 78 45 13 44 2 97 20 99 35 41 27 63 28 22 54
Coste: 23773540

GENERACION: 105
Mejor Solucion:  29 6 88 53 49 42 65 94 74 23 31 68 89 75 83 5 59 80 1 81 98 66 30 8 15 67 69 43 3 93 52 14 10 21 33 11 70 84 76 92 73 16 62 55 56 87 72 0 51 58 4 50 18 36 7 24 40 95 77 48 96 39 79 12 34 82 60 61 85 64 25 17 47 32 9 37 86 26 91 71 46 90 57 38 19 78 45 13 44 2 97 20 99 35 41 27 63 28 22 54
Coste: 23773540

GENERACION: 106
Mejor Solucion:  29 6 88 53 49 42 65 94 74 23 31 68 89 75 83 5 59 80 1 81 98 66 30 8 15 67 69 43 3 93 52 14 10 21 33 11 70 84 76 92 73 16 62 55 56 87 72 0 51 58 4 50 18 36 7 24 40 95 77 48 96 39 79 12 34 82 60 61 85 64 25 17 47 32 9 37 86 26 91 71 46 90 57 38 19 78 45 13 44 2 97 20 99 35 41 27 63 28 22 54
Coste: 23773540

GENERACION: 107
Mejor Solucion:  29 6 88 53 49 42 65 94 74 23 31 68 89 75 83 5 59 80 1 81 98 66 30 8 15 67 69 43 3 93 52 14 10 21 33 11 70 84 76 92 73 16 62 55 56 87 72 0 51 58 4 50 18 36 7 24 40 95 77 48 96 39 79 12 34 82 60 61 85 64 25 17 47 32 9 37 86 26 91 71 46 90 57 38 19 78 45 13 44 2 97 20 99 35 41 27 63 28 22 54
Coste: 23773540

GENERACION: 108
Mejor Solucion:  29 6 88 53 49 42 65 94 74 23 31 68 89 75 83 5 59 80 1 81 98 66 30 8 15 67 69 43 3 93 52 14 10 21 33 11 70 84 76 92 73 16 62 55 56 87 72 0 51 58 4 50 18 36 7 24 40 95 77 48 96 39 79 12 34 82 60 61 85 64 25 17 47 32 9 37 86 26 91 71 46 90 57 38 19 78 45 13 44 2 97 20 99 35 41 27 63 28 22 54
Coste: 23773540

GENERACION: 109
Mejor Solucion:  29 6 88 53 49 42 65 94 74 23 31 68 89 75 83 5 59 80 1 81 98 66 30 8 15 67 69 43 3 93 52 14 10 21 33 11 70 84 76 92 73 16 62 55 56 87 72 0 51 58 4 50 18 36 7 24 40 95 77 48 96 39 79 12 34 82 60 61 85 64 25 17 47 32 9 37 86 26 91 71 46 90 57 38 19 78 45 13 44 2 97 20 99 35 41 27 63 28 22 54
Coste: 23773540

GENERACION: 110
Mejor Solucion:  74 29 31 68 89 13 83 5 59 1 81 88 8 67 69 43 52 14 55 20 6 48 34 61 64 32 63 78 75 44 66 84 30 80 53 11 70 51 76 92 73 94 62 72 15 58 4 50 18 36 39 45 79 12 87 82 33 95 99 10 96 7 60 3 85 22 25 17 47 65 9 37 86 26 91 27 90 57 38 19 0 46 56 35 2 98 21 77 93 41 71 24 28 54 23 97 40 49 42 16
Coste: 23760094

GENERACION: 111
Mejor Solucion:  74 29 31 68 89 13 83 5 59 1 81 88 8 67 69 43 52 14 55 20 6 48 34 61 64 32 63 78 75 44 66 84 30 80 53 11 70 51 76 92 73 94 62 72 15 58 4 50 18 36 39 45 79 12 87 82 33 95 99 10 96 7 60 3 85 22 25 17 47 65 9 37 86 26 91 27 90 57 38 19 0 46 56 35 2 98 21 77 93 41 71 24 28 54 23 97 40 49 42 16
Coste: 23760094

GENERACION: 112
Mejor Solucion:  74 29 31 68 89 13 83 5 59 1 81 88 8 67 69 43 52 14 55 20 6 48 34 61 64 32 63 78 75 44 66 84 30 80 53 11 70 51 76 92 73 94 62 72 15 58 4 50 18 36 39 45 79 12 87 82 33 95 99 10 96 7 60 3 85 22 25 17 47 65 9 37 86 26 91 27 90 57 38 19 0 46 56 35 2 98 21 77 93 41 71 24 28 54 23 97 40 49 42 16
Coste: 23760094

GENERACION: 113
Mejor Solucion:  74 29 31 68 89 13 83 5 59 1 81 88 8 67 69 43 52 14 55 20 6 48 34 61 64 32 63 78 75 44 66 84 30 80 53 11 70 51 76 92 73 94 62 72 15 58 4 50 18 36 39 45 79 12 87 82 33 95 99 10 96 7 60 3 85 22 25 17 47 65 9 37 86 26 91 27 90 57 38 19 0 46 56 35 2 98 21 77 93 41 71 24 28 54 23 97 40 49 42 16
Coste: 23760094

GENERACION: 114
Mejor Solucion:  74 29 31 68 89 13 83 5 59 1 81 88 8 67 69 43 52 14 55 20 6 48 34 61 64 32 63 78 75 44 66 84 30 80 53 11 70 51 76 92 73 94 62 72 15 58 4 50 18 36 39 45 79 12 87 82 33 95 99 10 96 7 60 3 85 22 25 17 47 65 9 37 86 26 91 27 90 57 38 19 0 46 56 35 2 98 21 77 93 41 71 24 28 54 23 97 40 49 42 16
Coste: 23760094

GENERACION: 115
Mejor Solucion:  74 29 31 68 89 13 83 5 59 1 81 88 8 67 69 43 52 14 55 20 6 48 34 61 64 32 63 78 75 44 66 84 30 80 53 11 70 51 76 92 73 94 62 72 15 58 4 50 18 36 39 45 79 12 87 82 33 95 99 10 96 7 60 3 85 22 25 17 47 65 9 37 86 26 91 27 90 57 38 19 0 46 56 35 2 98 21 77 93 41 71 24 28 54 23 97 40 49 42 16
Coste: 23760094

GENERACION: 116
Mejor Solucion:  74 29 31 68 89 13 83 5 59 1 81 88 8 67 69 43 52 14 55 20 6 48 34 61 64 32 63 78 75 44 66 84 30 80 53 11 70 51 76 92 73 94 62 72 15 58 4 50 18 36 39 45 79 12 87 82 33 95 99 10 96 7 60 3 85 22 25 17 47 65 9 37 86 26 91 27 90 57 38 19 0 46 56 35 2 98 21 77 93 41 71 24 28 54 23 97 40 49 42 16
Coste: 23760094

GENERACION: 117
Mejor Solucion:  74 29 31 68 89 13 83 5 59 1 81 88 8 67 69 43 52 14 55 20 6 48 34 61 64 32 63 78 75 44 66 84 30 80 53 11 70 51 76 92 73 94 62 72 15 58 4 50 18 36 39 45 79 12 87 82 33 95 99 10 96 7 60 3 85 22 25 17 47 65 9 37 86 26 91 27 90 57 38 19 0 46 56 35 2 98 21 77 93 41 71 24 28 54 23 97 40 49 42 16
Coste: 23760094

GENERACION: 118
Mejor Solucion:  74 29 31 68 89 13 83 5 59 1 81 88 8 67 69 43 52 14 55 20 6 48 34 61 64 32 63 78 75 44 66 84 30 80 53 11 70 51 76 92 73 94 62 72 15 58 4 50 18 36 39 45 79 12 87 82 33 95 99 10 96 7 60 3 85 22 25 17 47 65 9 37 86 26 91 27 90 57 38 19 0 46 56 35 2 98 21 77 93 41 71 24 28 54 23 97 40 49 42 16
Coste: 23760094

GENERACION: 119
Mejor Solucion:  74 29 31 68 89 13 83 5 59 1 81 88 8 67 69 43 52 14 55 20 6 48 34 61 64 32 63 78 75 44 66 84 30 80 53 11 70 51 76 92 73 94 62 72 15 58 4 50 18 36 39 45 79 12 87 82 33 95 99 10 96 7 60 3 85 22 25 17 47 65 9 37 86 26 91 27 90 57 38 19 0 46 56 35 2 98 21 77 93 41 71 24 28 54 23 97 40 49 42 16
Coste: 23760094

GENERACION: 120
Mejor Solucion:  74 29 31 68 89 13 83 5 59 1 81 88 8 67 69 43 52 14 55 20 6 48 34 61 64 32 63 78 75 44 66 84 30 80 53 11 70 51 76 92 73 94 62 72 15 58 4 50 18 36 39 45 79 12 87 82 33 95 99 10 96 7 60 3 85 22 25 17 47 65 9 37 86 26 91 27 90 57 38 19 0 46 56 35 2 98 21 77 93 41 71 24 28 54 23 97 40 49 42 16
Coste: 23760094

GENERACION: 121
Mejor Solucion:  74 29 31 68 89 13 83 5 59 1 81 88 8 67 69 43 52 14 55 20 6 48 34 61 64 32 63 78 75 44 66 84 30 80 53 11 70 51 76 92 73 94 62 72 15 58 4 50 18 36 39 45 79 12 87 82 33 95 99 10 96 7 60 3 85 22 25 17 47 65 9 37 86 26 91 27 90 57 38 19 0 46 56 35 2 98 21 77 93 41 71 24 28 54 23 97 40 49 42 16
Coste: 23760094

GENERACION: 122
Mejor Solucion:  74 29 31 68 89 13 83 5 59 1 81 88 8 67 69 43 52 14 55 20 6 48 34 61 64 32 63 78 75 44 66 84 30 80 53 11 70 51 76 92 73 94 62 72 15 58 4 50 18 36 39 45 79 12 87 82 33 95 99 10 96 7 60 3 85 22 25 17 47 65 9 37 86 26 91 27 90 57 38 19 0 46 56 35 2 98 21 77 93 41 71 24 28 54 23 97 40 49 42 16
Coste: 23760094

GENERACION: 123
Mejor Solucion:  74 29 31 68 89 13 83 5 59 1 81 88 8 67 69 43 52 14 55 20 6 48 34 61 64 32 63 78 75 44 66 84 30 80 53 11 70 51 76 92 73 94 62 72 15 58 4 50 18 36 39 45 79 12 87 82 33 95 99 10 96 7 60 3 85 22 25 17 47 65 9 37 86 26 91 27 90 57 38 19 0 46 56 35 2 98 21 77 93 41 71 24 28 54 23 97 40 49 42 16
Coste: 23760094

GENERACION: 124
Mejor Solucion:  74 29 31 68 89 13 83 5 59 1 81 88 8 67 69 43 52 14 55 20 6 48 34 61 64 32 63 78 75 44 66 84 30 80 53 11 70 51 76 92 73 94 62 72 15 58 4 50 18 36 39 45 79 12 87 82 33 95 99 10 96 7 60 3 85 22 25 17 47 65 9 37 86 26 91 27 90 57 38 19 0 46 56 35 2 98 21 77 93 41 71 24 28 54 23 97 40 49 42 16
Coste: 23760094

GENERACION: 125
Mejor Solucion:  95 86 58 21 90 65 68 18 71 99 10 43 35 96 50 51 2 74 72 49 12 9 26 42 76 88 5 24 63 4 82 70 89 92 47 33 62 45 36 78 60 37 91 55 81 85 54 0 31 13 77 98 61 52 14 48 19 39 28 80 11 17 79 64 25 93 32 34 69 56 83 38 84 16 7 94 20 59 40 67 6 29 23 44 75 30 87 22 1 3 8 57 66 41 27 53 97 46 73 15
Coste: 23721518

GENERACION: 126
Mejor Solucion:  95 86 58 21 90 65 68 18 71 99 10 43 35 96 50 51 2 74 72 49 12 9 26 42 76 88 5 24 63 4 82 70 89 92 47 33 62 45 36 78 60 37 91 55 81 85 54 0 31 13 77 98 61 52 14 48 19 39 28 80 11 17 79 64 25 93 32 34 69 56 83 38 84 16 7 94 20 59 40 67 6 29 23 44 75 30 87 22 1 3 8 57 66 41 27 53 97 46 73 15
Coste: 23721518

GENERACION: 127
Mejor Solucion:  95 86 34 21 90 65 68 18 71 99 10 43 35 96 50 51 2 74 72 79 66 9 26 42 55 88 5 24 63 4 82 70 60 92 47 33 17 45 36 78 89 37 91 76 81 85 54 0 19 13 77 98 61 52 14 48 31 39 28 94 11 53 49 64 57 93 32 58 69 56 83 3 84 16 7 80 20 59 40 67 6 29 23 44 75 30 87 22 1 38 8 25 12 41 27 62 97 46 73 15
Coste: 23668300

GENERACION: 128
Mejor Solucion:  95 86 34 21 90 65 68 18 71 99 10 43 35 96 50 51 2 74 72 79 66 9 26 42 55 88 5 24 63 4 82 70 60 92 47 33 17 45 36 78 89 37 91 76 81 85 54 0 19 13 77 98 61 52 14 48 31 39 28 94 11 53 49 64 57 93 32 58 69 56 83 3 84 16 7 80 20 59 40 67 6 29 23 44 75 30 87 22 1 38 8 25 12 41 27 62 97 46 73 15
Coste: 23668300

GENERACION: 129
Mejor Solucion:  95 86 34 21 90 65 68 18 71 99 10 43 35 96 50 51 2 74 72 79 66 9 26 42 55 88 5 24 63 4 82 70 60 92 47 33 17 45 36 78 89 37 91 76 81 85 54 0 19 13 77 98 61 52 14 48 31 39 28 94 11 53 49 64 57 93 32 58 69 56 83 3 84 16 7 80 20 59 40 67 6 29 23 44 75 30 87 22 1 38 8 25 12 41 27 62 97 46 73 15
Coste: 23668300

