GENERACION: 1
Mejor Solucion:  54 18 55 76 73 45 84 20 52 39 33 87 7 64 26 46 28 19 41 27 86 13 2 43 66 10 53 75 70 50 74 15 81 21 22 99 5 62 56 90 83 36 0 3 31 49 67 25 16 9 58 1 63 80 69 72 11 51 47 38 6 93 77 71 17 97 14 23 40 88 8 65 92 68 30 60 48 91 85 42 59 37 34 61 89 79 78 24 95 96 82 35 32 4 98 57 94 29 44 12
Coste: 23878998

GENERACION: 2
Mejor Solucion:  24 42 46 96 60 71 93 84 12 62 8 31 35 89 92 0 76 7 47 68 72 64 14 91 55 10 21 79 37 75 94 56 50 11 77 86 67 81 63 20 38 98 44 34 90 58 54 4 74 59 61 51 19 82 88 3 48 26 49 40 33 41 69 29 32 6 28 78 9 39 36 22 73 17 85 57 15 13 83 53 52 30 5 2 25 16 95 65 27 99 70 43 87 23 18 45 80 97 1 66
Coste: 23811255

GENERACION: 3
Mejor Solucion:  24 42 46 96 60 71 93 84 12 62 8 31 35 89 92 0 76 7 47 68 72 64 14 91 55 10 21 79 37 75 94 56 50 11 77 86 67 81 63 20 38 98 44 34 90 58 54 4 74 59 61 51 19 82 88 3 48 26 49 40 33 41 69 29 32 6 28 78 9 39 36 22 73 17 85 57 15 13 83 53 52 30 5 2 25 16 95 65 27 99 70 43 87 23 18 45 80 97 1 66
Coste: 23811255

GENERACION: 4
Mejor Solucion:  24 42 46 96 60 71 93 84 12 62 8 31 35 89 92 0 76 7 47 68 72 64 14 91 55 10 21 79 37 75 94 56 50 11 77 86 67 81 63 20 38 98 44 34 90 58 54 4 74 59 61 51 19 82 88 3 48 26 49 40 33 41 69 29 32 6 28 78 9 39 36 22 73 17 85 57 15 13 83 53 52 30 5 2 25 16 95 65 27 99 70 43 87 23 18 45 80 97 1 66
Coste: 23811255

GENERACION: 5
Mejor Solucion:  24 42 46 96 60 71 93 84 12 62 8 31 35 89 92 0 76 7 47 68 72 64 14 91 55 10 21 79 37 75 94 56 50 11 77 86 67 81 63 20 38 98 44 34 90 58 54 4 74 59 61 51 19 82 88 3 48 26 49 40 33 41 69 29 32 6 28 78 9 39 36 22 73 17 85 57 15 13 83 53 52 30 5 2 25 16 95 65 27 99 70 43 87 23 18 45 80 97 1 66
Coste: 23811255

GENERACION: 6
Mejor Solucion:  24 42 46 96 60 71 93 84 12 62 8 31 35 89 92 0 76 7 47 68 72 64 14 91 55 10 21 79 37 75 94 56 50 11 77 86 67 81 63 20 38 98 44 34 90 58 54 4 74 59 61 51 19 82 88 3 48 26 49 40 33 41 69 29 32 6 28 78 9 39 36 22 73 17 85 57 15 13 83 53 52 30 5 2 25 16 95 65 27 99 70 43 87 23 18 45 80 97 1 66
Coste: 23811255

GENERACION: 7
Mejor Solucion:  24 42 46 96 60 71 93 84 12 62 8 31 35 89 92 0 76 7 47 68 72 64 14 91 55 10 21 79 37 75 94 56 50 11 77 86 67 81 63 20 38 98 44 34 90 58 54 4 74 59 61 51 19 82 88 3 48 26 49 40 33 41 69 29 32 6 28 78 9 39 36 22 73 17 85 57 15 13 83 53 52 30 5 2 25 16 95 65 27 99 70 43 87 23 18 45 80 97 1 66
Coste: 23811255

GENERACION: 8
Mejor Solucion:  24 42 46 96 60 71 93 84 12 62 8 31 35 89 92 0 76 7 47 68 72 64 14 91 55 10 21 79 37 75 94 56 50 11 77 86 67 81 63 20 38 98 44 34 90 58 54 4 74 59 61 51 19 82 88 3 48 26 49 40 33 41 69 29 32 6 28 78 9 39 36 22 73 17 85 57 15 13 83 53 52 30 5 2 25 16 95 65 27 99 70 43 87 23 18 45 80 97 1 66
Coste: 23811255

GENERACION: 9
Mejor Solucion:  24 42 46 96 60 71 93 84 12 62 8 31 35 89 92 0 76 7 47 68 72 64 14 91 55 10 21 79 37 75 94 56 50 11 77 86 67 81 63 20 38 98 44 34 90 58 54 4 74 59 61 51 19 82 88 3 48 26 49 40 33 41 69 29 32 6 28 78 9 39 36 22 73 17 85 57 15 13 83 53 52 30 5 2 25 16 95 65 27 99 70 43 87 23 18 45 80 97 1 66
Coste: 23811255

GENERACION: 10
Mejor Solucion:  24 42 46 96 60 71 93 84 12 62 8 31 35 89 92 0 76 7 47 68 72 64 14 91 55 10 21 79 37 75 94 56 50 11 77 86 67 81 63 20 38 98 44 34 90 58 54 4 74 59 61 51 19 82 88 3 48 26 49 40 33 41 69 29 32 6 28 78 9 39 36 22 73 17 85 57 15 13 83 53 52 30 5 2 25 16 95 65 27 99 70 43 87 23 18 45 80 97 1 66
Coste: 23811255

GENERACION: 11
Mejor Solucion:  24 42 46 96 60 71 93 84 12 62 8 31 35 89 92 0 76 7 47 68 72 64 14 91 55 10 21 79 37 75 94 56 50 11 77 86 67 81 63 20 38 98 44 34 90 58 54 4 74 59 61 51 19 82 88 3 48 26 49 40 33 41 69 29 32 6 28 78 9 39 36 22 73 17 85 57 15 13 83 53 52 30 5 2 25 16 95 65 27 99 70 43 87 23 18 45 80 97 1 66
Coste: 23811255

GENERACION: 12
Mejor Solucion:  24 42 46 96 60 71 93 84 12 62 8 31 35 89 92 0 76 7 47 68 72 64 14 91 55 10 21 79 37 75 94 56 50 11 77 86 67 81 63 20 38 98 44 34 90 58 54 4 74 59 61 51 19 82 88 3 48 26 49 40 33 41 69 29 32 6 28 78 9 39 36 22 73 17 85 57 15 13 83 53 52 30 5 2 25 16 95 65 27 99 70 43 87 23 18 45 80 97 1 66
Coste: 23811255

GENERACION: 13
Mejor Solucion:  24 42 46 96 60 71 93 84 12 62 8 31 35 89 92 0 76 7 47 68 72 64 14 91 55 10 21 79 37 75 94 56 50 11 77 86 67 81 63 20 38 98 44 34 90 58 54 4 74 59 61 51 19 82 88 3 48 26 49 40 33 41 69 29 32 6 28 78 9 39 36 22 73 17 85 57 15 13 83 53 52 30 5 2 25 16 95 65 27 99 70 43 87 23 18 45 80 97 1 66
Coste: 23811255

GENERACION: 14
Mejor Solucion:  24 42 46 96 60 71 93 84 12 62 8 31 35 89 92 0 76 7 47 68 72 64 14 91 55 10 21 79 37 75 94 56 50 11 77 86 67 81 63 20 38 98 44 34 90 58 54 4 74 59 61 51 19 82 88 3 48 26 49 40 33 41 69 29 32 6 28 78 9 39 36 22 73 17 85 57 15 13 83 53 52 30 5 2 25 16 95 65 27 99 70 43 87 23 18 45 80 97 1 66
Coste: 23811255

GENERACION: 15
Mejor Solucion:  24 42 46 96 60 71 93 84 12 62 8 31 35 89 92 0 76 7 47 68 72 64 14 91 55 10 21 79 37 75 94 56 50 11 77 86 67 81 63 20 38 98 44 34 90 58 54 4 74 59 61 51 19 82 88 3 48 26 49 40 33 41 69 29 32 6 28 78 9 39 36 22 73 17 85 57 15 13 83 53 52 30 5 2 25 16 95 65 27 99 70 43 87 23 18 45 80 97 1 66
Coste: 23811255

GENERACION: 16
Mejor Solucion:  24 42 46 96 60 71 93 84 12 62 8 31 35 89 92 0 76 7 47 68 72 64 14 91 55 10 21 79 37 75 94 56 50 11 77 86 67 81 63 20 38 98 44 34 90 58 54 4 74 59 61 51 19 82 88 3 48 26 49 40 33 41 69 29 32 6 28 78 9 39 36 22 73 17 85 57 15 13 83 53 52 30 5 2 25 16 95 65 27 99 70 43 87 23 18 45 80 97 1 66
Coste: 23811255

GENERACION: 17
Mejor Solucion:  24 42 46 96 60 71 93 84 12 62 8 31 35 89 92 0 76 7 47 68 72 64 14 91 55 10 21 79 37 75 94 56 50 11 77 86 67 81 63 20 38 98 44 34 90 58 54 4 74 59 61 51 19 82 88 3 48 26 49 40 33 41 69 29 32 6 28 78 9 39 36 22 73 17 85 57 15 13 83 53 52 30 5 2 25 16 95 65 27 99 70 43 87 23 18 45 80 97 1 66
Coste: 23811255

GENERACION: 18
Mejor Solucion:  24 42 46 96 60 71 93 84 12 62 8 31 35 89 92 0 76 7 47 68 72 64 14 91 55 10 21 79 37 75 94 56 50 11 77 86 67 81 63 20 38 98 44 34 90 58 54 4 74 59 61 51 19 82 88 3 48 26 49 40 33 41 69 29 32 6 28 78 9 39 36 22 73 17 85 57 15 13 83 53 52 30 5 2 25 16 95 65 27 99 70 43 87 23 18 45 80 97 1 66
Coste: 23811255

GENERACION: 19
Mejor Solucion:  24 42 46 96 60 71 93 84 12 62 8 31 35 89 92 0 76 7 47 68 72 64 14 91 55 10 21 79 37 75 94 56 50 11 77 86 67 81 63 20 38 98 44 34 90 58 54 4 74 59 61 51 19 82 88 3 48 26 49 40 33 41 69 29 32 6 28 78 9 39 36 22 73 17 85 57 15 13 83 53 52 30 5 2 25 16 95 65 27 99 70 43 87 23 18 45 80 97 1 66
Coste: 23811255

GENERACION: 20
Mejor Solucion:  24 42 46 96 60 71 93 84 12 62 8 31 35 89 92 0 76 7 47 68 72 64 14 91 55 10 21 79 37 75 94 56 50 11 77 86 67 81 63 20 38 98 44 34 90 58 54 4 74 59 61 51 19 82 88 3 48 26 49 40 33 41 69 29 32 6 28 78 9 39 36 22 73 17 85 57 15 13 83 53 52 30 5 2 25 16 95 65 27 99 70 43 87 23 18 45 80 97 1 66
Coste: 23811255

GENERACION: 21
Mejor Solucion:  24 42 46 96 60 71 93 84 12 62 8 31 35 89 92 0 76 7 47 68 72 64 14 91 55 10 21 79 37 75 94 56 50 11 77 86 67 81 63 20 38 98 44 34 90 58 54 4 74 59 61 51 19 82 88 3 48 26 49 40 33 41 69 29 32 6 28 78 9 39 36 22 73 17 85 57 15 13 83 53 52 30 5 2 25 16 95 65 27 99 70 43 87 23 18 45 80 97 1 66
Coste: 23811255

GENERACION: 22
Mejor Solucion:  24 42 46 96 60 71 93 84 12 62 8 31 35 89 92 0 76 7 47 68 72 64 14 91 55 10 21 79 37 75 94 56 50 11 77 86 67 81 63 20 38 98 44 34 90 58 54 4 74 59 61 51 19 82 88 3 48 26 49 40 33 41 69 29 32 6 28 78 9 39 36 22 73 17 85 57 15 13 83 53 52 30 5 2 25 16 95 65 27 99 70 43 87 23 18 45 80 97 1 66
Coste: 23811255

GENERACION: 23
Mejor Solucion:  24 42 46 96 60 71 93 84 12 62 8 31 35 89 92 0 76 7 47 68 72 64 14 91 55 10 21 79 37 75 94 56 50 11 77 86 67 81 63 20 38 98 44 34 90 58 54 4 74 59 61 51 19 82 88 3 48 26 49 40 33 41 69 29 32 6 28 78 9 39 36 22 73 17 85 57 15 13 83 53 52 30 5 2 25 16 95 65 27 99 70 43 87 23 18 45 80 97 1 66
Coste: 23811255

GENERACION: 24
Mejor Solucion:  24 42 46 96 60 71 93 84 12 62 8 31 35 89 92 0 76 7 47 68 72 64 14 91 55 10 21 79 37 75 94 56 50 11 77 86 67 81 63 20 38 98 44 34 90 58 54 4 74 59 61 51 19 82 88 3 48 26 49 40 33 41 69 29 32 6 28 78 9 39 36 22 73 17 85 57 15 13 83 53 52 30 5 2 25 16 95 65 27 99 70 43 87 23 18 45 80 97 1 66
Coste: 23811255

GENERACION: 25
Mejor Solucion:  24 42 46 96 60 71 93 84 12 62 8 31 35 89 92 0 76 7 47 68 72 64 14 91 55 10 21 79 37 75 94 56 50 11 77 86 67 81 63 20 38 98 44 34 90 58 54 4 74 59 61 51 19 82 88 3 48 26 49 40 33 41 69 29 32 6 28 78 9 39 36 22 73 17 85 57 15 13 83 53 52 30 5 2 25 16 95 65 27 99 70 43 87 23 18 45 80 97 1 66
Coste: 23811255

GENERACION: 26
Mejor Solucion:  24 42 46 96 60 71 93 84 12 62 8 31 35 89 92 0 76 7 47 68 72 64 14 91 55 10 21 79 37 75 94 56 50 11 77 86 67 81 63 20 38 98 44 34 90 58 54 4 74 59 61 51 19 82 88 3 48 26 49 40 33 41 69 29 32 6 28 78 9 39 36 22 73 17 85 57 15 13 83 53 52 30 5 2 25 16 95 65 27 99 70 43 87 23 18 45 80 97 1 66
Coste: 23811255

GENERACION: 27
Mejor Solucion:  24 42 46 96 60 71 93 84 12 62 8 31 35 89 92 0 76 7 47 68 72 64 14 91 55 10 21 79 37 75 94 56 50 11 77 86 67 81 63 20 38 98 44 34 90 58 54 4 74 59 61 51 19 82 88 3 48 26 49 40 33 41 69 29 32 6 28 78 9 39 36 22 73 17 85 57 15 13 83 53 52 30 5 2 25 16 95 65 27 99 70 43 87 23 18 45 80 97 1 66
Coste: 23811255

GENERACION: 28
Mejor Solucion:  24 42 46 96 60 71 93 84 12 62 8 31 35 89 92 0 76 7 47 68 72 64 14 91 55 10 21 79 37 75 94 56 50 11 77 86 67 81 63 20 38 98 44 34 90 58 54 4 74 59 61 51 19 82 88 3 48 26 49 40 33 41 69 29 32 6 28 78 9 39 36 22 73 17 85 57 15 13 83 53 52 30 5 2 25 16 95 65 27 99 70 43 87 23 18 45 80 97 1 66
Coste: 23811255

GENERACION: 29
Mejor Solucion:  24 42 46 96 60 71 93 84 12 62 8 31 35 89 92 0 76 7 47 68 72 64 14 91 55 10 21 79 37 75 94 56 50 11 77 86 67 81 63 20 38 98 44 34 90 58 54 4 74 59 61 51 19 82 88 3 48 26 49 40 33 41 69 29 32 6 28 78 9 39 36 22 73 17 85 57 15 13 83 53 52 30 5 2 25 16 95 65 27 99 70 43 87 23 18 45 80 97 1 66
Coste: 23811255

GENERACION: 30
Mejor Solucion:  24 42 46 96 60 71 93 84 12 62 8 31 35 89 92 0 76 7 47 68 72 64 14 91 55 10 21 79 37 75 94 56 50 11 77 86 67 81 63 20 38 98 44 34 90 58 54 4 74 59 61 51 19 82 88 3 48 26 49 40 33 41 69 29 32 6 28 78 9 39 36 22 73 17 85 57 15 13 83 53 52 30 5 2 25 16 95 65 27 99 70 43 87 23 18 45 80 97 1 66
Coste: 23811255

GENERACION: 31
Mejor Solucion:  24 42 46 96 60 71 93 84 12 62 8 31 35 89 92 0 76 7 47 68 72 64 14 91 55 10 21 79 37 75 94 56 50 11 77 86 67 81 63 20 38 98 44 34 90 58 54 4 74 59 61 51 19 82 88 3 48 26 49 40 33 41 69 29 32 6 28 78 9 39 36 22 73 17 85 57 15 13 83 53 52 30 5 2 25 16 95 65 27 99 70 43 87 23 18 45 80 97 1 66
Coste: 23811255

GENERACION: 32
Mejor Solucion:  24 42 46 96 60 71 93 84 12 62 8 31 35 89 92 0 76 7 47 68 72 64 14 91 55 10 21 79 37 75 94 56 50 11 77 86 67 81 63 20 38 98 44 34 90 58 54 4 74 59 61 51 19 82 88 3 48 26 49 40 33 41 69 29 32 6 28 78 9 39 36 22 73 17 85 57 15 13 83 53 52 30 5 2 25 16 95 65 27 99 70 43 87 23 18 45 80 97 1 66
Coste: 23811255

GENERACION: 33
Mejor Solucion:  24 42 46 96 60 71 93 84 12 62 8 31 35 89 92 0 76 7 47 68 72 64 14 91 55 10 21 79 37 75 94 56 50 11 77 86 67 81 63 20 38 98 44 34 90 58 54 4 74 59 61 51 19 82 88 3 48 26 49 40 33 41 69 29 32 6 28 78 9 39 36 22 73 17 85 57 15 13 83 53 52 30 5 2 25 16 95 65 27 99 70 43 87 23 18 45 80 97 1 66
Coste: 23811255

GENERACION: 34
Mejor Solucion:  24 42 46 96 60 71 93 84 12 62 8 31 35 89 92 0 76 7 47 68 72 64 14 91 55 10 21 79 37 75 94 56 50 11 77 86 67 81 63 20 38 98 44 34 90 58 54 4 74 59 61 51 19 82 88 3 48 26 49 40 33 41 69 29 32 6 28 78 9 39 36 22 73 17 85 57 15 13 83 53 52 30 5 2 25 16 95 65 27 99 70 43 87 23 18 45 80 97 1 66
Coste: 23811255

GENERACION: 35
Mejor Solucion:  24 42 46 96 60 71 93 84 12 62 8 31 35 89 92 0 76 7 47 68 72 64 14 91 55 10 21 79 37 75 94 56 50 11 77 86 67 81 63 20 38 98 44 34 90 58 54 4 74 59 61 51 19 82 88 3 48 26 49 40 33 41 69 29 32 6 28 78 9 39 36 22 73 17 85 57 15 13 83 53 52 30 5 2 25 16 95 65 27 99 70 43 87 23 18 45 80 97 1 66
Coste: 23811255

GENERACION: 36
Mejor Solucion:  24 42 46 96 60 71 93 84 12 62 8 31 35 89 92 0 76 7 47 68 72 64 14 91 55 10 21 79 37 75 94 56 50 11 77 86 67 81 63 20 38 98 44 34 90 58 54 4 74 59 61 51 19 82 88 3 48 26 49 40 33 41 69 29 32 6 28 78 9 39 36 22 73 17 85 57 15 13 83 53 52 30 5 2 25 16 95 65 27 99 70 43 87 23 18 45 80 97 1 66
Coste: 23811255

GENERACION: 37
Mejor Solucion:  24 42 46 96 60 71 93 84 12 62 8 31 35 89 92 0 76 7 47 68 72 64 14 91 55 10 21 79 37 75 94 56 50 11 77 86 67 81 63 20 38 98 44 34 90 58 54 4 74 59 61 51 19 82 88 3 48 26 49 40 33 41 69 29 32 6 28 78 9 39 36 22 73 17 85 57 15 13 83 53 52 30 5 2 25 16 95 65 27 99 70 43 87 23 18 45 80 97 1 66
Coste: 23811255

GENERACION: 38
Mejor Solucion:  24 42 46 96 60 71 93 84 12 62 8 31 35 89 92 0 76 7 47 68 72 64 14 91 55 10 21 79 37 75 94 56 50 11 77 86 67 81 63 20 38 98 44 34 90 58 54 4 74 59 61 51 19 82 88 3 48 26 49 40 33 41 69 29 32 6 28 78 9 39 36 22 73 17 85 57 15 13 83 53 52 30 5 2 25 16 95 65 27 99 70 43 87 23 18 45 80 97 1 66
Coste: 23811255

GENERACION: 39
Mejor Solucion:  24 42 46 96 60 71 93 84 12 62 8 31 35 89 92 0 76 7 47 68 72 64 14 91 55 10 21 79 37 75 94 56 50 11 77 86 67 81 63 20 38 98 44 34 90 58 54 4 74 59 61 51 19 82 88 3 48 26 49 40 33 41 69 29 32 6 28 78 9 39 36 22 73 17 85 57 15 13 83 53 52 30 5 2 25 16 95 65 27 99 70 43 87 23 18 45 80 97 1 66
Coste: 23811255

GENERACION: 40
Mejor Solucion:  24 42 46 96 60 71 93 84 12 62 8 31 35 89 92 0 76 7 47 68 72 64 14 91 55 10 21 79 37 75 94 56 50 11 77 86 67 81 63 20 38 98 44 34 90 58 54 4 74 59 61 51 19 82 88 3 48 26 49 40 33 41 69 29 32 6 28 78 9 39 36 22 73 17 85 57 15 13 83 53 52 30 5 2 25 16 95 65 27 99 70 43 87 23 18 45 80 97 1 66
Coste: 23811255

GENERACION: 41
Mejor Solucion:  24 42 46 96 60 71 93 84 12 62 8 31 35 89 92 0 76 7 47 68 72 64 14 91 55 10 21 79 37 75 94 56 50 11 77 86 67 81 63 20 38 98 44 34 90 58 54 4 74 59 61 51 19 82 88 3 48 26 49 40 33 41 69 29 32 6 28 78 9 39 36 22 73 17 85 57 15 13 83 53 52 30 5 2 25 16 95 65 27 99 70 43 87 23 18 45 80 97 1 66
Coste: 23811255

GENERACION: 42
Mejor Solucion:  24 42 46 96 60 71 93 84 12 62 8 31 35 89 92 0 76 7 47 68 72 64 14 91 55 10 21 79 37 75 94 56 50 11 77 86 67 81 63 20 38 98 44 34 90 58 54 4 74 59 61 51 19 82 88 3 48 26 49 40 33 41 69 29 32 6 28 78 9 39 36 22 73 17 85 57 15 13 83 53 52 30 5 2 25 16 95 65 27 99 70 43 87 23 18 45 80 97 1 66
Coste: 23811255

GENERACION: 43
Mejor Solucion:  24 42 46 96 60 71 93 84 12 62 8 31 35 89 92 0 76 7 47 68 72 64 14 91 55 10 21 79 37 75 94 56 50 11 77 86 67 81 63 20 38 98 44 34 90 58 54 4 74 59 61 51 19 82 88 3 48 26 49 40 33 41 69 29 32 6 28 78 9 39 36 22 73 17 85 57 15 13 83 53 52 30 5 2 25 16 95 65 27 99 70 43 87 23 18 45 80 97 1 66
Coste: 23811255

GENERACION: 44
Mejor Solucion:  24 42 46 96 60 71 93 84 12 62 8 31 35 89 92 0 76 7 47 68 72 64 14 91 55 10 21 79 37 75 94 56 50 11 77 86 67 81 63 20 38 98 44 34 90 58 54 4 74 59 61 51 19 82 88 3 48 26 49 40 33 41 69 29 32 6 28 78 9 39 36 22 73 17 85 57 15 13 83 53 52 30 5 2 25 16 95 65 27 99 70 43 87 23 18 45 80 97 1 66
Coste: 23811255

GENERACION: 45
Mejor Solucion:  24 42 46 96 60 71 93 84 12 62 8 31 35 89 92 0 76 7 47 68 72 64 14 91 55 10 21 79 37 75 94 56 50 11 77 86 67 81 63 20 38 98 44 34 90 58 54 4 74 59 61 51 19 82 88 3 48 26 49 40 33 41 69 29 32 6 28 78 9 39 36 22 73 17 85 57 15 13 83 53 52 30 5 2 25 16 95 65 27 99 70 43 87 23 18 45 80 97 1 66
Coste: 23811255

GENERACION: 46
Mejor Solucion:  24 42 46 96 60 71 93 84 12 62 8 31 35 89 92 0 76 7 47 68 72 64 14 91 55 10 21 79 37 75 94 56 50 11 77 86 67 81 63 20 38 98 44 34 90 58 54 4 74 59 61 51 19 82 88 3 48 26 49 40 33 41 69 29 32 6 28 78 9 39 36 22 73 17 85 57 15 13 83 53 52 30 5 2 25 16 95 65 27 99 70 43 87 23 18 45 80 97 1 66
Coste: 23811255

GENERACION: 47
Mejor Solucion:  24 42 46 96 60 71 93 84 12 62 8 31 35 89 92 0 76 7 47 68 72 64 14 91 55 10 21 79 37 75 94 56 50 11 77 86 67 81 63 20 38 98 44 34 90 58 54 4 74 59 61 51 19 82 88 3 48 26 49 40 33 41 69 29 32 6 28 78 9 39 36 22 73 17 85 57 15 13 83 53 52 30 5 2 25 16 95 65 27 99 70 43 87 23 18 45 80 97 1 66
Coste: 23811255

GENERACION: 48
Mejor Solucion:  24 42 46 96 60 71 93 84 12 62 8 31 35 89 92 0 76 7 47 68 72 64 14 91 55 10 21 79 37 75 94 56 50 11 77 86 67 81 63 20 38 98 44 34 90 58 54 4 74 59 61 51 19 82 88 3 48 26 49 40 33 41 69 29 32 6 28 78 9 39 36 22 73 17 85 57 15 13 83 53 52 30 5 2 25 16 95 65 27 99 70 43 87 23 18 45 80 97 1 66
Coste: 23811255

GENERACION: 49
Mejor Solucion:  96 26 71 93 84 12 62 8 30 35 89 92 0 76 7 98 13 72 14 97 19 64 29 55 10 21 79 37 75 94 56 50 11 77 20 31 81 63 86 38 47 15 34 90 58 36 49 74 59 61 51 82 88 3 48 60 4 40 33 41 69 91 32 6 28 78 9 39 54 22 73 17 43 57 44 68 83 53 52 23 5 2 25 16 95 65 27 99 70 85 87 67 18 45 80 1 66 24 42 46
Coste: 23800891

GENERACION: 50
Mejor Solucion:  96 26 71 93 84 12 62 8 30 35 89 92 0 76 7 98 13 72 14 97 19 64 29 55 10 21 79 37 75 94 56 50 11 77 20 31 81 63 86 38 47 15 34 90 58 36 49 74 59 61 51 82 88 3 48 60 4 40 33 41 69 91 32 6 28 78 9 39 54 22 73 17 43 57 44 68 83 53 52 23 5 2 25 16 95 65 27 99 70 85 87 67 18 45 80 1 66 24 42 46
Coste: 23800891

GENERACION: 51
Mejor Solucion:  96 26 71 93 84 12 62 8 30 35 89 92 0 76 7 98 13 72 14 97 19 64 29 55 10 21 79 37 75 94 56 50 11 77 20 31 81 63 86 38 47 15 34 90 58 36 49 74 59 61 51 82 88 3 48 60 4 40 33 41 69 91 32 6 28 78 9 39 54 22 73 17 43 57 44 68 83 53 52 23 5 2 25 16 95 65 27 99 70 85 87 67 18 45 80 1 66 24 42 46
Coste: 23800891

GENERACION: 52
Mejor Solucion:  96 26 71 93 84 12 62 8 30 35 89 92 0 76 7 98 13 72 14 97 19 64 29 55 10 21 79 37 75 94 56 50 11 77 20 31 81 63 86 38 47 15 34 90 58 36 49 74 59 61 51 82 88 3 48 60 4 40 33 41 69 91 32 6 28 78 9 39 54 22 73 17 43 57 44 68 83 53 52 23 5 2 25 16 95 65 27 99 70 85 87 67 18 45 80 1 66 24 42 46
Coste: 23800891

GENERACION: 53
Mejor Solucion:  96 26 71 93 84 12 62 8 30 35 89 92 0 76 7 98 13 72 14 97 19 64 29 55 10 21 79 37 75 94 56 50 11 77 20 31 81 63 86 38 47 15 34 90 58 36 49 74 59 61 51 82 88 3 48 60 4 40 33 41 69 91 32 6 28 78 9 39 54 22 73 17 43 57 44 68 83 53 52 23 5 2 25 16 95 65 27 99 70 85 87 67 18 45 80 1 66 24 42 46
Coste: 23800891

GENERACION: 54
Mejor Solucion:  96 26 71 93 84 12 62 8 30 35 89 92 0 76 7 98 13 72 14 97 19 64 29 55 10 21 79 37 75 94 56 50 11 77 20 31 81 63 86 38 47 15 34 90 58 36 49 74 59 61 51 82 88 3 48 60 4 40 33 41 69 91 32 6 28 78 9 39 54 22 73 17 43 57 44 68 83 53 52 23 5 2 25 16 95 65 27 99 70 85 87 67 18 45 80 1 66 24 42 46
Coste: 23800891

GENERACION: 55
Mejor Solucion:  96 26 71 93 84 12 62 8 30 35 89 92 0 76 7 98 13 72 14 97 19 64 29 55 10 21 79 37 75 94 56 50 11 77 20 31 81 63 86 38 47 15 34 90 58 36 49 74 59 61 51 82 88 3 48 60 4 40 33 41 69 91 32 6 28 78 9 39 54 22 73 17 43 57 44 68 83 53 52 23 5 2 25 16 95 65 27 99 70 85 87 67 18 45 80 1 66 24 42 46
Coste: 23800891

GENERACION: 56
Mejor Solucion:  96 26 71 93 84 12 62 8 30 35 89 92 0 76 7 98 13 72 14 97 19 64 29 55 10 21 79 37 75 94 56 50 11 77 20 31 81 63 86 38 47 15 34 90 58 36 49 74 59 61 51 82 88 3 48 60 4 40 33 41 69 91 32 6 28 78 9 39 54 22 73 17 43 57 44 68 83 53 52 23 5 2 25 16 95 65 27 99 70 85 87 67 18 45 80 1 66 24 42 46
Coste: 23800891

GENERACION: 57
Mejor Solucion:  96 26 71 93 84 12 62 8 30 35 89 92 0 76 7 98 13 72 14 97 19 64 29 55 10 21 79 37 75 94 56 50 11 77 20 31 81 63 86 38 47 15 34 90 58 36 49 74 59 61 51 82 88 3 48 60 4 40 33 41 69 91 32 6 28 78 9 39 54 22 73 17 43 57 44 68 83 53 52 23 5 2 25 16 95 65 27 99 70 85 87 67 18 45 80 1 66 24 42 46
Coste: 23800891

GENERACION: 58
Mejor Solucion:  96 26 71 93 84 12 62 8 30 35 89 92 0 76 7 98 13 72 14 97 19 64 29 55 10 21 79 37 75 94 56 50 11 77 20 31 81 63 86 38 47 15 34 90 58 36 49 74 59 61 51 82 88 3 48 60 4 40 33 41 69 91 32 6 28 78 9 39 54 22 73 17 43 57 44 68 83 53 52 23 5 2 25 16 95 65 27 99 70 85 87 67 18 45 80 1 66 24 42 46
Coste: 23800891

GENERACION: 59
Mejor Solucion:  96 26 71 93 84 12 62 8 30 35 89 92 0 76 7 98 13 72 14 97 19 64 29 55 10 21 79 37 75 94 56 50 11 77 20 31 81 63 86 38 47 15 34 90 58 36 49 74 59 61 51 82 88 3 48 60 4 40 33 41 69 91 32 6 28 78 9 39 54 22 73 17 43 57 44 68 83 53 52 23 5 2 25 16 95 65 27 99 70 85 87 67 18 45 80 1 66 24 42 46
Coste: 23800891

GENERACION: 60
Mejor Solucion:  96 26 71 93 84 12 62 8 30 35 89 92 0 76 7 98 13 72 14 97 19 64 29 55 10 21 79 37 75 94 56 50 11 77 20 31 81 63 86 38 47 15 34 90 58 36 49 74 59 61 51 82 88 3 48 60 4 40 33 41 69 91 32 6 28 78 9 39 54 22 73 17 43 57 44 68 83 53 52 23 5 2 25 16 95 65 27 99 70 85 87 67 18 45 80 1 66 24 42 46
Coste: 23800891

GENERACION: 61
Mejor Solucion:  96 26 71 93 84 12 62 8 30 35 89 92 0 76 7 98 13 72 14 97 19 64 29 55 10 21 79 37 75 94 56 50 11 77 20 31 81 63 86 38 47 15 34 90 58 36 49 74 59 61 51 82 88 3 48 60 4 40 33 41 69 91 32 6 28 78 9 39 54 22 73 17 43 57 44 68 83 53 52 23 5 2 25 16 95 65 27 99 70 85 87 67 18 45 80 1 66 24 42 46
Coste: 23800891

GENERACION: 62
Mejor Solucion:  96 26 71 93 84 12 62 8 30 35 89 92 0 76 7 98 13 72 14 97 19 64 29 55 10 21 79 37 75 94 56 50 11 77 20 31 81 63 86 38 47 15 34 90 58 36 49 74 59 61 51 82 88 3 48 60 4 40 33 41 69 91 32 6 28 78 9 39 54 22 73 17 43 57 44 68 83 53 52 23 5 2 25 16 95 65 27 99 70 85 87 67 18 45 80 1 66 24 42 46
Coste: 23800891

GENERACION: 63
Mejor Solucion:  96 26 71 93 84 12 62 8 30 35 89 92 0 76 7 98 13 72 14 97 19 64 29 55 10 21 79 37 75 94 56 50 11 77 20 31 81 63 86 38 47 15 34 90 58 36 49 74 59 61 51 82 88 3 48 60 4 40 33 41 69 91 32 6 28 78 9 39 54 22 73 17 43 57 44 68 83 53 52 23 5 2 25 16 95 65 27 99 70 85 87 67 18 45 80 1 66 24 42 46
Coste: 23800891

GENERACION: 64
Mejor Solucion:  96 26 95 93 84 12 74 8 73 35 89 92 0 76 7 83 13 72 75 97 19 64 29 55 10 21 79 37 14 94 56 50 11 77 20 31 81 63 86 38 47 15 34 42 58 36 49 62 59 61 51 82 88 3 48 60 4 40 33 41 69 91 32 6 28 78 9 39 54 22 30 17 43 57 44 68 98 53 52 23 5 2 25 16 71 65 27 99 70 85 87 67 18 45 80 1 66 24 90 46
Coste: 23777823

GENERACION: 65
Mejor Solucion:  96 26 95 93 84 12 74 8 39 35 89 92 0 76 30 83 14 61 75 97 19 86 29 55 10 21 81 37 13 94 56 79 11 77 20 31 50 63 64 38 47 15 34 42 71 36 49 62 59 72 51 82 88 3 48 60 4 40 33 41 69 91 32 6 28 78 9 58 54 22 7 17 43 57 44 68 98 53 52 23 5 2 25 16 73 65 27 99 70 85 87 67 18 45 80 1 66 24 90 46
Coste: 23720458

GENERACION: 66
Mejor Solucion:  96 26 95 93 84 12 74 8 39 35 89 92 0 76 30 83 14 61 75 97 19 86 29 55 10 21 81 37 13 94 56 79 11 77 20 31 50 63 64 38 47 15 34 42 71 36 49 62 59 72 51 82 88 3 48 60 4 40 33 41 69 91 32 6 28 78 9 58 54 22 7 17 43 57 44 68 98 53 52 23 5 2 25 16 73 65 27 99 70 85 87 67 18 45 80 1 66 24 90 46
Coste: 23720458

GENERACION: 67
Mejor Solucion:  96 26 95 93 84 12 74 8 39 35 89 92 0 76 30 83 14 61 75 97 19 86 29 55 10 21 81 37 13 94 56 79 11 77 20 31 50 63 64 38 47 15 34 42 71 36 49 62 59 72 51 82 88 3 48 60 4 40 33 41 69 91 32 6 28 78 9 58 54 22 7 17 43 57 44 68 98 53 52 23 5 2 25 16 73 65 27 99 70 85 87 67 18 45 80 1 66 24 90 46
Coste: 23720458

GENERACION: 68
Mejor Solucion:  96 26 95 93 84 12 74 8 39 35 89 92 0 76 30 83 14 61 75 97 19 86 29 55 10 21 81 37 13 94 56 79 11 77 20 31 50 63 64 38 47 15 34 42 71 36 49 62 59 72 51 82 88 3 48 60 4 40 33 41 69 91 32 6 28 78 9 58 54 22 7 17 43 57 44 68 98 53 52 23 5 2 25 16 73 65 27 99 70 85 87 67 18 45 80 1 66 24 90 46
Coste: 23720458

GENERACION: 69
Mejor Solucion:  96 26 95 93 84 12 74 8 39 35 89 92 0 76 30 83 14 61 75 97 19 86 29 55 10 21 81 37 13 94 56 79 11 77 20 31 50 63 64 38 47 15 34 42 71 36 49 62 59 72 51 82 88 3 48 60 4 40 33 41 69 91 32 6 28 78 9 58 54 22 7 17 43 57 44 68 98 53 52 23 5 2 25 16 73 65 27 99 70 85 87 67 18 45 80 1 66 24 90 46
Coste: 23720458

GENERACION: 70
Mejor Solucion:  96 26 95 93 84 12 74 8 39 35 89 92 0 76 30 83 14 61 75 97 19 86 29 55 10 21 81 37 13 94 56 79 11 77 20 31 50 63 64 38 47 15 34 42 71 36 49 62 59 72 51 82 88 3 48 60 4 40 33 41 69 91 32 6 28 78 9 58 54 22 7 17 43 57 44 68 98 53 52 23 5 2 25 16 73 65 27 99 70 85 87 67 18 45 80 1 66 24 90 46
Coste: 23720458

GENERACION: 71
Mejor Solucion:  96 26 95 93 84 12 74 8 39 35 89 92 0 76 30 83 14 61 75 97 19 86 29 55 10 21 81 37 13 94 56 79 11 77 20 31 50 63 64 38 47 15 34 42 71 36 49 62 59 72 51 82 88 3 48 60 4 40 33 41 69 91 32 6 28 78 9 58 54 22 7 17 43 57 44 68 98 53 52 23 5 2 25 16 73 65 27 99 70 85 87 67 18 45 80 1 66 24 90 46
Coste: 23720458

GENERACION: 72
Mejor Solucion:  96 26 95 93 84 12 74 8 39 35 89 92 0 76 30 83 14 61 75 97 19 86 29 55 10 21 81 37 13 94 56 79 11 77 20 31 50 63 64 38 47 15 34 42 71 36 49 62 59 72 51 82 88 3 48 60 4 40 33 41 69 91 32 6 28 78 9 58 54 22 7 17 43 57 44 68 98 53 52 23 5 2 25 16 73 65 27 99 70 85 87 67 18 45 80 1 66 24 90 46
Coste: 23720458

GENERACION: 73
Mejor Solucion:  96 26 95 93 84 12 74 8 39 35 89 92 0 76 30 83 14 61 75 97 19 86 29 55 10 21 81 37 13 94 56 79 11 77 20 31 50 63 64 38 47 15 34 42 71 36 49 62 59 72 51 82 88 3 48 60 4 40 33 41 69 91 32 6 28 78 9 58 54 22 7 17 43 57 44 68 98 53 52 23 5 2 25 16 73 65 27 99 70 85 87 67 18 45 80 1 66 24 90 46
Coste: 23720458

GENERACION: 74
Mejor Solucion:  96 26 95 93 84 12 74 8 39 35 89 92 0 76 30 83 14 61 75 97 19 86 29 55 10 21 81 37 13 94 56 79 11 77 20 31 50 63 64 38 47 15 34 42 71 36 49 62 59 72 51 82 88 3 48 60 4 40 33 41 69 91 32 6 28 78 9 58 54 22 7 17 43 57 44 68 98 53 52 23 5 2 25 16 73 65 27 99 70 85 87 67 18 45 80 1 66 24 90 46
Coste: 23720458

GENERACION: 75
Mejor Solucion:  96 26 95 93 84 12 74 8 39 35 89 92 0 76 30 83 14 61 75 97 19 86 29 55 10 21 81 37 13 94 56 79 11 77 20 31 50 63 64 38 47 15 34 42 71 36 49 62 59 72 51 82 88 3 48 60 4 40 33 41 69 91 32 6 28 78 9 58 54 22 7 17 43 57 44 68 98 53 52 23 5 2 25 16 73 65 27 99 70 85 87 67 18 45 80 1 66 24 90 46
Coste: 23720458

GENERACION: 76
Mejor Solucion:  96 26 95 93 84 12 74 8 39 35 89 92 0 76 30 83 14 61 75 97 19 86 29 55 10 21 81 37 13 94 56 79 11 77 20 31 50 63 64 38 47 15 34 42 71 36 49 62 59 72 51 82 88 3 48 60 4 40 33 41 69 91 32 6 28 78 9 58 54 22 7 17 43 57 44 68 98 53 52 23 5 2 25 16 73 65 27 99 70 85 87 67 18 45 80 1 66 24 90 46
Coste: 23720458

GENERACION: 77
Mejor Solucion:  96 26 95 93 84 12 74 8 39 35 89 92 0 76 30 83 14 61 75 97 19 86 29 55 10 21 81 37 13 94 56 79 11 77 20 31 50 63 64 38 47 15 34 42 71 36 49 62 59 72 51 82 88 3 48 60 4 40 33 41 69 91 32 6 28 78 9 58 54 22 7 17 43 57 44 68 98 53 52 23 5 2 25 16 73 65 27 99 70 85 87 67 18 45 80 1 66 24 90 46
Coste: 23720458

GENERACION: 78
Mejor Solucion:  96 26 95 93 84 12 74 8 39 35 89 92 0 76 30 83 14 61 75 97 19 86 29 55 10 21 81 37 13 94 56 79 11 77 20 31 50 63 64 38 47 15 34 42 71 36 49 62 59 72 51 82 88 3 48 60 4 40 33 41 69 91 32 6 28 78 9 58 54 22 7 17 43 57 44 68 98 53 52 23 5 2 25 16 73 65 27 99 70 85 87 67 18 45 80 1 66 24 90 46
Coste: 23720458

GENERACION: 79
Mejor Solucion:  96 26 95 93 84 12 74 8 39 35 89 92 0 76 30 83 14 61 75 97 19 86 29 55 10 21 81 37 13 94 56 79 11 77 20 31 50 63 64 38 47 15 34 42 71 36 49 62 59 72 51 82 88 3 48 60 4 40 33 41 69 91 32 6 28 78 9 58 54 22 7 17 43 57 44 68 98 53 52 23 5 2 25 16 73 65 27 99 70 85 87 67 18 45 80 1 66 24 90 46
Coste: 23720458

GENERACION: 80
Mejor Solucion:  96 26 95 93 84 12 74 8 39 35 89 92 0 76 30 83 14 61 75 97 19 86 29 55 10 21 81 37 13 94 56 79 11 77 20 31 50 63 64 38 47 15 34 42 71 36 49 62 59 72 51 82 88 3 48 60 4 40 33 41 69 91 32 6 28 78 9 58 54 22 7 17 43 57 44 68 98 53 52 23 5 2 25 16 73 65 27 99 70 85 87 67 18 45 80 1 66 24 90 46
Coste: 23720458

GENERACION: 81
Mejor Solucion:  96 26 95 93 84 12 74 8 39 35 89 92 0 76 30 83 14 61 75 97 19 86 29 55 10 21 81 37 13 94 56 79 11 77 20 31 50 63 64 38 47 15 34 42 71 36 49 62 59 72 51 82 88 3 48 60 4 40 33 41 69 91 32 6 28 78 9 58 54 22 7 17 43 57 44 68 98 53 52 23 5 2 25 16 73 65 27 99 70 85 87 67 18 45 80 1 66 24 90 46
Coste: 23720458

GENERACION: 82
Mejor Solucion:  96 26 95 93 84 12 74 8 39 35 89 92 0 76 30 83 14 61 75 97 19 86 29 55 10 21 81 37 13 94 56 79 11 77 20 31 50 63 64 38 47 15 34 42 71 36 49 62 59 72 51 82 88 3 48 60 4 40 33 41 69 91 32 6 28 78 9 58 54 22 7 17 43 57 44 68 98 53 52 23 5 2 25 16 73 65 27 99 70 85 87 67 18 45 80 1 66 24 90 46
Coste: 23720458

GENERACION: 83
Mejor Solucion:  96 26 95 93 84 12 74 8 39 35 89 92 0 76 30 83 14 61 75 97 19 86 29 55 10 21 81 37 13 94 56 79 11 77 20 31 50 63 64 38 47 15 34 42 71 36 49 62 59 72 51 82 88 3 48 60 4 40 33 41 69 91 32 6 28 78 9 58 54 22 7 17 43 57 44 68 98 53 52 23 5 2 25 16 73 65 27 99 70 85 87 67 18 45 80 1 66 24 90 46
Coste: 23720458

GENERACION: 84
Mejor Solucion:  96 26 95 93 84 12 74 8 39 35 89 92 0 76 30 83 14 61 75 97 19 86 29 55 10 21 81 37 13 94 56 79 11 77 20 31 50 63 64 38 47 15 34 42 71 36 49 62 59 72 51 82 88 3 48 60 4 40 33 41 69 91 32 6 28 78 9 58 54 22 7 17 43 57 44 68 98 53 52 23 5 2 25 16 73 65 27 99 70 85 87 67 18 45 80 1 66 24 90 46
Coste: 23720458

GENERACION: 85
Mejor Solucion:  96 26 95 93 84 12 74 8 39 35 89 92 0 76 30 83 14 61 75 97 19 86 29 55 10 21 81 37 13 94 56 79 11 77 20 31 50 63 64 38 47 15 34 42 71 36 49 62 59 72 51 82 88 3 48 60 4 40 33 41 69 91 32 6 28 78 9 58 54 22 7 17 43 57 44 68 98 53 52 23 5 2 25 16 73 65 27 99 70 85 87 67 18 45 80 1 66 24 90 46
Coste: 23720458

GENERACION: 86
Mejor Solucion:  96 26 95 93 84 12 74 8 39 35 89 92 0 76 30 83 14 61 75 97 19 86 29 55 10 21 81 37 13 94 56 79 11 77 20 31 50 63 64 38 47 15 34 42 71 36 49 62 59 72 51 82 88 3 48 60 4 40 33 41 69 91 32 6 28 78 9 58 54 22 7 17 43 57 44 68 98 53 52 23 5 2 25 16 73 65 27 99 70 85 87 67 18 45 80 1 66 24 90 46
Coste: 23720458

GENERACION: 87
Mejor Solucion:  96 26 95 93 84 12 74 8 39 35 89 92 0 76 30 83 14 61 75 97 19 86 29 55 10 21 81 37 13 94 56 79 11 77 20 31 50 63 64 38 47 15 34 42 71 36 49 62 59 72 51 82 88 3 48 60 4 40 33 41 69 91 32 6 28 78 9 58 54 22 7 17 43 57 44 68 98 53 52 23 5 2 25 16 73 65 27 99 70 85 87 67 18 45 80 1 66 24 90 46
Coste: 23720458

GENERACION: 88
Mejor Solucion:  96 26 95 93 84 12 74 8 39 35 89 92 0 76 30 83 14 61 75 97 19 86 29 55 10 21 81 37 13 94 56 79 11 77 20 31 50 63 64 38 47 15 34 42 71 36 49 62 59 72 51 82 88 3 48 60 4 40 33 41 69 91 32 6 28 78 9 58 54 22 7 17 43 57 44 68 98 53 52 23 5 2 25 16 73 65 27 99 70 85 87 67 18 45 80 1 66 24 90 46
Coste: 23720458

GENERACION: 89
Mejor Solucion:  96 26 95 93 84 12 74 8 39 35 89 92 0 76 30 83 14 61 75 97 19 86 29 55 10 21 81 37 13 94 56 79 11 77 20 31 50 63 64 38 47 15 34 42 71 36 49 62 59 72 51 82 88 3 48 60 4 40 33 41 69 91 32 6 28 78 9 58 54 22 7 17 43 57 44 68 98 53 52 23 5 2 25 16 73 65 27 99 70 85 87 67 18 45 80 1 66 24 90 46
Coste: 23720458

GENERACION: 90
Mejor Solucion:  96 26 95 93 84 12 74 8 39 35 89 92 0 76 30 83 14 61 75 97 19 86 29 55 10 21 81 37 13 94 56 79 11 77 20 31 50 63 64 38 47 15 34 42 71 36 49 62 59 72 51 82 88 3 48 60 4 40 33 41 69 91 32 6 28 78 9 58 54 22 7 17 43 57 44 68 98 53 52 23 5 2 25 16 73 65 27 99 70 85 87 67 18 45 80 1 66 24 90 46
Coste: 23720458

GENERACION: 91
Mejor Solucion:  96 26 95 93 84 12 74 8 39 35 89 92 0 76 30 83 14 61 75 97 19 86 29 55 10 21 81 37 13 94 56 79 11 77 20 31 50 63 64 38 47 15 34 42 71 36 49 62 59 72 51 82 88 3 48 60 4 40 33 41 69 91 32 6 28 78 9 58 54 22 7 17 43 57 44 68 98 53 52 23 5 2 25 16 73 65 27 99 70 85 87 67 18 45 80 1 66 24 90 46
Coste: 23720458

GENERACION: 92
Mejor Solucion:  96 26 95 93 84 12 74 8 39 35 89 92 0 76 30 83 14 61 75 97 19 86 29 55 10 21 81 37 13 94 56 79 11 77 20 31 50 63 64 38 47 15 34 42 71 36 49 62 59 72 51 82 88 3 48 60 4 40 33 41 69 91 32 6 28 78 9 58 54 22 7 17 43 57 44 68 98 53 52 23 5 2 25 16 73 65 27 99 70 85 87 67 18 45 80 1 66 24 90 46
Coste: 23720458

GENERACION: 93
Mejor Solucion:  96 26 95 93 84 12 74 8 39 35 89 92 0 76 30 83 14 61 75 97 19 86 29 55 10 21 81 37 13 94 56 79 11 77 20 31 50 63 64 38 47 15 34 42 71 36 49 62 59 72 51 82 88 3 48 60 4 40 33 41 69 91 32 6 28 78 9 58 54 22 7 17 43 57 44 68 98 53 52 23 5 2 25 16 73 65 27 99 70 85 87 67 18 45 80 1 66 24 90 46
Coste: 23720458

GENERACION: 94
Mejor Solucion:  96 26 95 93 84 12 74 8 39 35 89 92 0 76 30 83 14 61 75 97 19 86 29 55 10 21 81 37 13 94 56 79 11 77 20 31 50 63 64 38 47 15 34 42 71 36 49 62 59 72 51 82 88 3 48 60 4 40 33 41 69 91 32 6 28 78 9 58 54 22 7 17 43 57 44 68 98 53 52 23 5 2 25 16 73 65 27 99 70 85 87 67 18 45 80 1 66 24 90 46
Coste: 23720458

GENERACION: 95
Mejor Solucion:  96 26 95 93 84 12 74 8 39 35 89 92 0 76 30 83 14 61 75 97 19 86 29 55 10 21 81 37 13 94 56 79 11 77 20 31 50 63 64 38 47 15 34 42 71 36 49 62 59 72 51 82 88 3 48 60 4 40 33 41 69 91 32 6 28 78 9 58 54 22 7 17 43 57 44 68 98 53 52 23 5 2 25 16 73 65 27 99 70 85 87 67 18 45 80 1 66 24 90 46
Coste: 23720458

GENERACION: 96
Mejor Solucion:  96 26 95 93 84 12 74 8 39 35 89 92 0 76 30 83 14 61 75 97 19 86 29 55 10 21 81 37 13 94 56 79 11 77 20 31 50 63 64 38 47 15 34 42 71 36 49 62 59 72 51 82 88 3 48 60 4 40 33 41 69 91 32 6 28 78 9 58 54 22 7 17 43 57 44 68 98 53 52 23 5 2 25 16 73 65 27 99 70 85 87 67 18 45 80 1 66 24 90 46
Coste: 23720458

GENERACION: 97
Mejor Solucion:  96 26 95 93 84 12 74 8 39 35 89 92 0 76 30 83 14 61 75 97 19 86 29 55 10 21 81 37 13 94 56 79 11 77 20 31 50 63 64 38 47 15 34 42 71 36 49 62 59 72 51 82 88 3 48 60 4 40 33 41 69 91 32 6 28 78 9 58 54 22 7 17 43 57 44 68 98 53 52 23 5 2 25 16 73 65 27 99 70 85 87 67 18 45 80 1 66 24 90 46
Coste: 23720458

GENERACION: 98
Mejor Solucion:  96 26 95 93 84 12 74 8 39 35 89 92 0 76 30 83 14 61 75 97 19 86 29 55 10 21 81 37 13 94 56 79 11 77 20 31 50 63 64 38 47 15 34 42 71 36 49 62 59 72 51 82 88 3 48 60 4 40 33 41 69 91 32 6 28 78 9 58 54 22 7 17 43 57 44 68 98 53 52 23 5 2 25 16 73 65 27 99 70 85 87 67 18 45 80 1 66 24 90 46
Coste: 23720458

GENERACION: 99
Mejor Solucion:  96 26 95 93 84 12 74 8 39 35 89 92 0 76 30 83 14 61 75 97 19 86 29 55 10 21 81 37 13 94 56 79 11 77 20 31 50 63 64 38 47 15 34 42 71 36 49 62 59 72 51 82 88 3 48 60 4 40 33 41 69 91 32 6 28 78 9 58 54 22 7 17 43 57 44 68 98 53 52 23 5 2 25 16 73 65 27 99 70 85 87 67 18 45 80 1 66 24 90 46
Coste: 23720458

GENERACION: 100
Mejor Solucion:  96 26 95 93 84 12 74 8 39 35 89 92 0 76 30 83 14 61 75 97 19 86 29 55 10 21 81 37 13 94 56 79 11 77 20 31 50 63 64 38 47 15 34 42 71 36 49 62 59 72 51 82 88 3 48 60 4 40 33 41 69 91 32 6 28 78 9 58 54 22 7 17 43 57 44 68 98 53 52 23 5 2 25 16 73 65 27 99 70 85 87 67 18 45 80 1 66 24 90 46
Coste: 23720458

GENERACION: 101
Mejor Solucion:  96 26 95 93 84 12 74 8 39 35 89 92 0 76 30 83 14 61 75 97 19 86 29 55 10 21 81 37 13 94 56 79 11 77 20 31 50 63 64 38 47 15 34 42 71 36 49 62 59 72 51 82 88 3 48 60 4 40 33 41 69 91 32 6 28 78 9 58 54 22 7 17 43 57 44 68 98 53 52 23 5 2 25 16 73 65 27 99 70 85 87 67 18 45 80 1 66 24 90 46
Coste: 23720458

GENERACION: 102
Mejor Solucion:  96 26 95 93 84 12 74 8 39 35 89 92 0 76 30 83 14 61 75 97 19 86 29 55 10 21 81 37 13 94 56 79 11 77 20 31 50 63 64 38 47 15 34 42 71 36 49 62 59 72 51 82 88 3 48 60 4 40 33 41 69 91 32 6 28 78 9 58 54 22 7 17 43 57 44 68 98 53 52 23 5 2 25 16 73 65 27 99 70 85 87 67 18 45 80 1 66 24 90 46
Coste: 23720458

GENERACION: 103
Mejor Solucion:  96 26 95 93 84 12 74 8 39 35 89 92 0 76 30 83 14 61 75 97 19 86 29 55 10 21 81 37 13 94 56 79 11 77 20 31 50 63 64 38 47 15 34 42 71 36 49 62 59 72 51 82 88 3 48 60 4 40 33 41 69 91 32 6 28 78 9 58 54 22 7 17 43 57 44 68 98 53 52 23 5 2 25 16 73 65 27 99 70 85 87 67 18 45 80 1 66 24 90 46
Coste: 23720458

GENERACION: 104
Mejor Solucion:  96 26 95 93 84 12 74 8 39 35 89 92 0 76 30 83 14 61 75 97 19 86 29 55 10 21 81 37 13 94 56 79 11 77 20 31 50 63 64 38 47 15 34 42 71 36 49 62 59 72 51 82 88 3 48 60 4 40 33 41 69 91 32 6 28 78 9 58 54 22 7 17 43 57 44 68 98 53 52 23 5 2 25 16 73 65 27 99 70 85 87 67 18 45 80 1 66 24 90 46
Coste: 23720458

GENERACION: 105
Mejor Solucion:  96 26 95 93 84 12 74 8 39 35 89 92 0 76 30 83 14 61 75 97 19 86 29 55 10 21 81 37 13 94 56 79 11 77 20 31 50 63 64 38 47 15 34 42 71 36 49 62 59 72 51 82 88 3 48 60 4 40 33 41 69 91 32 6 28 78 9 58 54 22 7 17 43 57 44 68 98 53 52 23 5 2 25 16 73 65 27 99 70 85 87 67 18 45 80 1 66 24 90 46
Coste: 23720458

GENERACION: 106
Mejor Solucion:  96 26 95 93 84 12 74 8 39 35 89 92 0 76 30 83 14 61 75 97 19 86 29 55 10 21 81 37 13 94 56 79 11 77 20 31 50 63 64 38 47 15 34 42 71 36 49 62 59 72 51 82 88 3 48 60 4 40 33 41 69 91 32 6 28 78 9 58 54 22 7 17 43 57 44 68 98 53 52 23 5 2 25 16 73 65 27 99 70 85 87 67 18 45 80 1 66 24 90 46
Coste: 23720458

GENERACION: 107
Mejor Solucion:  96 26 95 93 84 12 74 8 39 35 89 92 0 76 30 83 14 61 75 97 19 86 29 55 10 21 81 37 13 94 56 79 11 77 20 31 50 63 64 38 47 15 34 42 71 36 49 62 59 72 51 82 88 3 48 60 4 40 33 41 69 91 32 6 28 78 9 58 54 22 7 17 43 57 44 68 98 53 52 23 5 2 25 16 73 65 27 99 70 85 87 67 18 45 80 1 66 24 90 46
Coste: 23720458

GENERACION: 108
Mejor Solucion:  96 26 95 93 84 12 74 8 39 35 89 92 0 76 30 83 14 61 75 97 19 86 29 55 10 21 81 37 13 94 56 79 11 77 20 31 50 63 64 38 47 15 34 42 71 36 49 62 59 72 51 82 88 3 48 60 4 40 33 41 69 91 32 6 28 78 9 58 54 22 7 17 43 57 44 68 98 53 52 23 5 2 25 16 73 65 27 99 70 85 87 67 18 45 80 1 66 24 90 46
Coste: 23720458

GENERACION: 109
Mejor Solucion:  96 26 95 93 84 12 74 8 39 35 89 92 0 76 30 83 14 61 75 97 19 86 29 55 10 21 81 37 13 94 56 79 11 77 20 31 50 63 64 38 47 15 34 42 71 36 49 62 59 72 51 82 88 3 48 60 4 40 33 41 69 91 32 6 28 78 9 58 54 22 7 17 43 57 44 68 98 53 52 23 5 2 25 16 73 65 27 99 70 85 87 67 18 45 80 1 66 24 90 46
Coste: 23720458

GENERACION: 110
Mejor Solucion:  96 26 95 93 84 12 74 8 39 35 89 92 0 76 30 83 14 61 75 97 19 86 29 55 10 21 81 37 13 94 56 79 11 77 20 31 50 63 64 38 47 15 34 42 71 36 49 62 59 72 51 82 88 3 48 60 4 40 33 41 69 91 32 6 28 78 9 58 54 22 7 17 43 57 44 68 98 53 52 23 5 2 25 16 73 65 27 99 70 85 87 67 18 45 80 1 66 24 90 46
Coste: 23720458

GENERACION: 111
Mejor Solucion:  96 26 95 93 84 12 74 8 39 35 89 92 0 76 30 83 14 61 75 97 19 86 29 55 10 21 81 37 13 94 56 79 11 77 20 31 50 63 64 38 47 15 34 42 71 36 49 62 59 72 51 82 88 3 48 60 4 40 33 41 69 91 32 6 28 78 9 58 54 22 7 17 43 57 44 68 98 53 52 23 5 2 25 16 73 65 27 99 70 85 87 67 18 45 80 1 66 24 90 46
Coste: 23720458

GENERACION: 112
Mejor Solucion:  96 26 95 93 84 12 74 8 39 35 89 92 0 76 30 83 14 61 75 97 19 86 29 55 10 21 81 37 13 94 56 79 11 77 20 31 50 63 64 38 47 15 34 42 71 36 49 62 59 72 51 82 88 3 48 60 4 40 33 41 69 91 32 6 28 78 9 58 54 22 7 17 43 57 44 68 98 53 52 23 5 2 25 16 73 65 27 99 70 85 87 67 18 45 80 1 66 24 90 46
Coste: 23720458

GENERACION: 113
Mejor Solucion:  96 26 95 93 84 12 74 8 39 35 89 92 0 76 30 83 14 61 75 97 19 86 29 55 10 21 81 37 13 94 56 79 11 77 20 31 50 63 64 38 47 15 34 42 71 36 49 62 59 72 51 82 88 3 48 60 4 40 33 41 69 91 32 6 28 78 9 58 54 22 7 17 43 57 44 68 98 53 52 23 5 2 25 16 73 65 27 99 70 85 87 67 18 45 80 1 66 24 90 46
Coste: 23720458

GENERACION: 114
Mejor Solucion:  96 26 95 93 84 12 74 8 39 35 89 92 0 76 30 83 14 61 75 97 19 86 29 55 10 21 81 37 13 94 56 79 11 77 20 31 50 63 64 38 47 15 34 42 71 36 49 62 59 72 51 82 88 3 48 60 4 40 33 41 69 91 32 6 28 78 9 58 54 22 7 17 43 57 44 68 98 53 52 23 5 2 25 16 73 65 27 99 70 85 87 67 18 45 80 1 66 24 90 46
Coste: 23720458

GENERACION: 115
Mejor Solucion:  96 26 95 93 84 12 74 8 39 35 89 92 0 76 30 83 14 61 75 97 19 86 29 55 10 21 81 37 13 94 56 79 11 77 20 31 50 63 64 38 47 15 34 42 71 36 49 62 59 72 51 82 88 3 48 60 4 40 33 41 69 91 32 6 28 78 9 58 54 22 7 17 43 57 44 68 98 53 52 23 5 2 25 16 73 65 27 99 70 85 87 67 18 45 80 1 66 24 90 46
Coste: 23720458

GENERACION: 116
Mejor Solucion:  96 26 95 93 84 12 74 8 39 35 89 92 0 76 30 83 14 61 75 97 19 86 29 55 10 21 81 37 13 94 56 79 11 77 20 31 50 63 64 38 47 15 34 42 71 36 49 62 59 72 51 82 88 3 48 60 4 40 33 41 69 91 32 6 28 78 9 58 54 22 7 17 43 57 44 68 98 53 52 23 5 2 25 16 73 65 27 99 70 85 87 67 18 45 80 1 66 24 90 46
Coste: 23720458

GENERACION: 117
Mejor Solucion:  96 26 95 93 84 12 74 8 39 35 89 92 0 76 30 83 14 61 75 97 19 86 29 55 10 21 81 37 13 94 56 79 11 77 20 31 50 63 64 38 47 15 34 42 71 36 49 62 59 72 51 82 88 3 48 60 4 40 33 41 69 91 32 6 28 78 9 58 54 22 7 17 43 57 44 68 98 53 52 23 5 2 25 16 73 65 27 99 70 85 87 67 18 45 80 1 66 24 90 46
Coste: 23720458

GENERACION: 118
Mejor Solucion:  96 26 95 93 84 12 74 8 39 35 89 92 0 76 30 83 14 61 75 97 19 86 29 55 10 21 81 37 13 94 56 79 11 77 20 31 50 63 64 38 47 15 34 42 71 36 49 62 59 72 51 82 88 3 48 60 4 40 33 41 69 91 32 6 28 78 9 58 54 22 7 17 43 57 44 68 98 53 52 23 5 2 25 16 73 65 27 99 70 85 87 67 18 45 80 1 66 24 90 46
Coste: 23720458

GENERACION: 119
Mejor Solucion:  96 26 95 93 84 12 74 8 39 35 89 92 0 76 30 83 14 61 75 97 19 86 29 55 10 21 81 37 13 94 56 79 11 77 20 31 50 63 64 38 47 15 34 42 71 36 49 62 59 72 51 82 88 3 48 60 4 40 33 41 69 91 32 6 28 78 9 58 54 22 7 17 43 57 44 68 98 53 52 23 5 2 25 16 73 65 27 99 70 85 87 67 18 45 80 1 66 24 90 46
Coste: 23720458

GENERACION: 120
Mejor Solucion:  96 26 95 93 84 12 74 8 39 35 89 92 0 76 30 83 14 61 75 97 19 86 29 55 10 21 81 37 13 94 56 79 11 77 20 31 50 63 64 38 47 15 34 42 71 36 49 62 59 72 51 82 88 3 48 60 4 40 33 41 69 91 32 6 28 78 9 58 54 22 7 17 43 57 44 68 98 53 52 23 5 2 25 16 73 65 27 99 70 85 87 67 18 45 80 1 66 24 90 46
Coste: 23720458

GENERACION: 121
Mejor Solucion:  96 26 95 93 84 12 74 8 39 35 89 92 0 76 30 83 14 61 75 97 19 86 29 55 10 21 81 37 13 94 56 79 11 77 20 31 50 63 64 38 47 15 34 42 71 36 49 62 59 72 51 82 88 3 48 60 4 40 33 41 69 91 32 6 28 78 9 58 54 22 7 17 43 57 44 68 98 53 52 23 5 2 25 16 73 65 27 99 70 85 87 67 18 45 80 1 66 24 90 46
Coste: 23720458

GENERACION: 122
Mejor Solucion:  96 26 95 93 84 12 74 8 39 35 89 92 0 76 30 83 14 61 75 97 19 86 29 55 10 21 81 37 13 94 56 79 11 77 20 31 50 63 64 38 47 15 34 42 71 36 49 62 59 72 51 82 88 3 48 60 4 40 33 41 69 91 32 6 28 78 9 58 54 22 7 17 43 57 44 68 98 53 52 23 5 2 25 16 73 65 27 99 70 85 87 67 18 45 80 1 66 24 90 46
Coste: 23720458

GENERACION: 123
Mejor Solucion:  96 26 95 93 84 12 74 8 39 35 89 92 0 76 30 83 14 61 75 97 19 86 29 55 10 21 81 37 13 94 56 79 11 77 20 31 50 63 64 38 47 15 34 42 71 36 49 62 59 72 51 82 88 3 48 60 4 40 33 41 69 91 32 6 28 78 9 58 54 22 7 17 43 57 44 68 98 53 52 23 5 2 25 16 73 65 27 99 70 85 87 67 18 45 80 1 66 24 90 46
Coste: 23720458

GENERACION: 124
Mejor Solucion:  96 26 95 93 84 12 74 8 39 35 89 92 0 76 30 83 14 61 75 97 19 86 29 55 10 21 81 37 13 94 56 79 11 77 20 31 50 63 64 38 47 15 34 42 71 36 49 62 59 72 51 82 88 3 48 60 4 40 33 41 69 91 32 6 28 78 9 58 54 22 7 17 43 57 44 68 98 53 52 23 5 2 25 16 73 65 27 99 70 85 87 67 18 45 80 1 66 24 90 46
Coste: 23720458

GENERACION: 125
Mejor Solucion:  96 26 95 93 84 12 74 8 39 35 89 92 0 76 30 83 14 61 75 97 19 86 29 55 10 21 81 37 13 94 56 79 11 77 20 31 50 63 64 38 47 15 34 42 71 36 49 62 59 72 51 82 88 3 48 60 4 40 33 41 69 91 32 6 28 78 9 58 54 22 7 17 43 57 44 68 98 53 52 23 5 2 25 16 73 65 27 99 70 85 87 67 18 45 80 1 66 24 90 46
Coste: 23720458

GENERACION: 126
Mejor Solucion:  96 26 95 93 84 12 74 8 39 35 89 92 0 76 30 83 14 61 75 97 19 86 29 55 10 21 81 37 13 94 56 79 11 77 20 31 50 63 64 38 47 15 34 42 71 36 49 62 59 72 51 82 88 3 48 60 4 40 33 41 69 91 32 6 28 78 9 58 54 22 7 17 43 57 44 68 98 53 52 23 5 2 25 16 73 65 27 99 70 85 87 67 18 45 80 1 66 24 90 46
Coste: 23720458

GENERACION: 127
Mejor Solucion:  96 26 95 93 84 12 74 8 39 35 89 92 0 76 30 83 14 61 75 97 19 86 29 55 10 21 81 37 13 94 56 79 11 77 20 31 50 63 64 38 47 15 34 42 71 36 49 62 59 72 51 82 88 3 48 60 4 40 33 41 69 91 32 6 28 78 9 58 54 22 7 17 43 57 44 68 98 53 52 23 5 2 25 16 73 65 27 99 70 85 87 67 18 45 80 1 66 24 90 46
Coste: 23720458

GENERACION: 128
Mejor Solucion:  96 26 95 93 84 12 74 8 39 35 89 92 0 76 30 83 14 61 75 97 19 86 29 55 10 21 81 37 13 94 56 79 11 77 20 31 50 63 64 38 47 15 34 42 71 36 49 62 59 72 51 82 88 3 48 60 4 40 33 41 69 91 32 6 28 78 9 58 54 22 7 17 43 57 44 68 98 53 52 23 5 2 25 16 73 65 27 99 70 85 87 67 18 45 80 1 66 24 90 46
Coste: 23720458

GENERACION: 129
Mejor Solucion:  96 26 95 93 84 12 74 8 39 35 89 92 0 76 30 83 14 61 75 97 19 86 29 55 10 21 81 37 13 94 56 79 11 77 20 31 50 63 64 38 47 15 34 42 71 36 49 62 59 72 51 82 88 3 48 60 4 40 33 41 69 91 32 6 28 78 9 58 54 22 7 17 43 57 44 68 98 53 52 23 5 2 25 16 73 65 27 99 70 85 87 67 18 45 80 1 66 24 90 46
Coste: 23720458

GENERACION: 130
Mejor Solucion:  96 26 95 93 84 12 74 8 39 35 89 92 0 76 30 83 14 61 75 97 19 86 29 55 10 21 81 37 13 94 56 79 11 77 20 31 50 63 64 38 47 15 34 42 71 36 49 62 59 72 51 82 88 3 48 60 4 40 33 41 69 91 32 6 28 78 9 58 54 22 7 17 43 57 44 68 98 53 52 23 5 2 25 16 73 65 27 99 70 85 87 67 18 45 80 1 66 24 90 46
Coste: 23720458

GENERACION: 131
Mejor Solucion:  96 26 95 93 84 12 74 8 39 35 89 92 0 76 30 83 14 61 75 97 19 86 29 55 10 21 81 37 13 94 56 79 11 77 20 31 50 63 64 38 47 15 34 42 71 36 49 62 59 72 51 82 88 3 48 60 4 40 33 41 69 91 32 6 28 78 9 58 54 22 7 17 43 57 44 68 98 53 52 23 5 2 25 16 73 65 27 99 70 85 87 67 18 45 80 1 66 24 90 46
Coste: 23720458

GENERACION: 132
Mejor Solucion:  96 26 95 93 84 12 74 8 39 35 89 92 0 76 30 83 14 61 75 97 19 86 29 55 10 21 81 37 13 94 56 79 11 77 20 31 50 63 64 38 47 15 34 42 71 36 49 62 59 72 51 82 88 3 48 60 4 40 33 41 69 91 32 6 28 78 9 58 54 22 7 17 43 57 44 68 98 53 52 23 5 2 25 16 73 65 27 99 70 85 87 67 18 45 80 1 66 24 90 46
Coste: 23720458

