GENERACION: 1
Mejor Solucion:  22 81 103 100 46 36 112 60 67 63 31 14 34 83 104 48 40 24 54 118 28 50 94 59 120 25 20 76 56 88 79 90 115 109 27 3 8 58 127 87 80 71 101 93 10 77 2 125 92 75 97 86 19 99 82 73 84 126 108 16 6 43 45 111 15 96 74 26 98 30 113 91 52 124 33 5 13 85 123 65 70 55 116 106 68 9 17 49 69 7 107 1 35 42 18 89 12 23 38 95 29 4 53 117 21 51 114 119 121 61 122 11 78 47 0 110 64 57 72 39 44 62 102 66 105 32 37 41
Coste: 288

GENERACION: 2
Mejor Solucion:  22 81 103 100 46 36 112 60 67 63 31 14 34 83 104 48 40 24 54 118 28 50 94 59 120 25 20 76 56 88 79 90 115 109 27 3 8 58 127 87 80 71 101 93 10 77 2 125 92 75 97 86 19 99 82 73 84 126 108 16 6 43 45 111 15 96 74 26 98 30 113 91 52 124 33 5 13 85 123 65 70 55 116 106 68 9 17 49 69 7 107 1 35 42 18 89 12 23 38 95 29 4 53 117 21 51 114 119 121 61 122 11 78 47 0 110 64 57 72 39 44 62 102 66 105 32 37 41
Coste: 288

GENERACION: 3
Mejor Solucion:  22 81 103 100 46 36 112 60 67 63 31 14 34 83 104 48 40 24 54 118 28 50 94 59 120 25 20 76 56 88 79 90 115 109 27 3 8 58 127 87 80 71 101 93 10 77 2 125 92 75 97 86 19 99 82 73 84 126 108 16 6 43 45 111 15 96 74 26 98 30 113 91 52 124 33 5 13 85 123 65 70 55 116 106 68 9 17 49 69 7 107 1 35 42 18 89 12 23 38 95 29 4 53 117 21 51 114 119 121 61 122 11 78 47 0 110 64 57 72 39 44 62 102 66 105 32 37 41
Coste: 288

GENERACION: 4
Mejor Solucion:  22 81 103 100 46 36 112 60 67 63 31 14 34 83 104 48 40 24 54 118 28 50 94 59 120 25 20 76 56 88 79 90 115 109 27 3 8 58 127 87 80 71 101 93 10 77 2 125 92 75 97 86 19 99 82 73 84 126 108 16 6 43 45 111 15 96 74 26 98 30 113 91 52 124 33 5 13 85 123 65 70 55 116 106 68 9 17 49 69 7 107 1 35 42 18 89 12 23 38 95 29 4 53 117 21 51 114 119 121 61 122 11 78 47 0 110 64 57 72 39 44 62 102 66 105 32 37 41
Coste: 288

GENERACION: 5
Mejor Solucion:  22 81 103 100 46 36 112 60 67 63 31 14 34 83 104 48 40 24 54 118 28 50 94 59 120 25 20 76 56 88 79 90 115 109 27 3 8 58 127 87 80 71 101 93 10 77 2 125 92 75 97 86 19 99 82 73 84 126 108 16 6 43 45 111 15 96 74 26 98 30 113 91 52 124 33 5 13 85 123 65 70 55 116 106 68 9 17 49 69 7 107 1 35 42 18 89 12 23 38 95 29 4 53 117 21 51 114 119 121 61 122 11 78 47 0 110 64 57 72 39 44 62 102 66 105 32 37 41
Coste: 288

GENERACION: 6
Mejor Solucion:  22 81 103 100 46 36 112 60 67 63 31 14 34 83 104 48 40 24 54 118 28 50 94 59 120 25 20 76 56 88 79 90 115 109 27 3 8 58 127 87 80 71 101 93 10 77 2 125 92 75 97 86 19 99 82 73 84 126 108 16 6 43 45 111 15 96 74 26 98 30 113 91 52 124 33 5 13 85 123 65 70 55 116 106 68 9 17 49 69 7 107 1 35 42 18 89 12 23 38 95 29 4 53 117 21 51 114 119 121 61 122 11 78 47 0 110 64 57 72 39 44 62 102 66 105 32 37 41
Coste: 288

GENERACION: 7
Mejor Solucion:  22 81 103 100 46 36 112 60 67 63 31 14 34 83 104 48 40 24 54 118 28 50 94 59 120 25 20 76 56 88 79 90 115 109 27 3 8 58 127 87 80 71 101 93 10 77 2 125 92 75 97 86 19 99 82 73 84 126 108 16 6 43 45 111 15 96 74 26 98 30 113 91 52 124 33 5 13 85 123 65 70 55 116 106 68 9 17 49 69 7 107 1 35 42 18 89 12 23 38 95 29 4 53 117 21 51 114 119 121 61 122 11 78 47 0 110 64 57 72 39 44 62 102 66 105 32 37 41
Coste: 288

GENERACION: 8
Mejor Solucion:  22 81 103 100 46 36 112 60 67 63 31 14 34 83 104 48 40 24 54 118 28 50 94 59 120 25 20 76 56 88 79 90 115 109 27 3 8 58 127 87 80 71 101 93 10 77 2 125 92 75 97 86 19 99 82 73 84 126 108 16 6 43 45 111 15 96 74 26 98 30 113 91 52 124 33 5 13 85 123 65 70 55 116 106 68 9 17 49 69 7 107 1 35 42 18 89 12 23 38 95 29 4 53 117 21 51 114 119 121 61 122 11 78 47 0 110 64 57 72 39 44 62 102 66 105 32 37 41
Coste: 288

GENERACION: 9
Mejor Solucion:  22 81 103 100 46 36 112 60 67 63 31 14 34 83 104 48 40 24 54 118 28 50 94 59 120 25 20 76 56 88 79 90 115 109 27 3 8 58 127 87 80 71 101 93 10 77 2 125 92 75 97 86 19 99 82 73 84 126 108 16 6 43 45 111 15 96 74 26 98 30 113 91 52 124 33 5 13 85 123 65 70 55 116 106 68 9 17 49 69 7 107 1 35 42 18 89 12 23 38 95 29 4 53 117 21 51 114 119 121 61 122 11 78 47 0 110 64 57 72 39 44 62 102 66 105 32 37 41
Coste: 288

GENERACION: 10
Mejor Solucion:  22 81 103 100 46 36 112 60 67 63 31 14 34 83 104 48 40 24 54 118 28 50 94 59 120 25 20 76 56 88 79 90 115 109 27 3 8 58 127 87 80 71 101 93 10 77 2 125 92 75 97 86 19 99 82 73 84 126 108 16 6 43 45 111 15 96 74 26 98 30 113 91 52 124 33 5 13 85 123 65 70 55 116 106 68 9 17 49 69 7 107 1 35 42 18 89 12 23 38 95 29 4 53 117 21 51 114 119 121 61 122 11 78 47 0 110 64 57 72 39 44 62 102 66 105 32 37 41
Coste: 288

GENERACION: 11
Mejor Solucion:  22 81 103 100 46 36 112 60 67 63 31 14 34 83 104 48 40 24 54 118 28 50 94 59 120 25 20 76 56 88 79 90 115 109 27 3 8 58 127 87 80 71 101 93 10 77 2 125 92 75 97 86 19 99 82 73 84 126 108 16 6 43 45 111 15 96 74 26 98 30 113 91 52 124 33 5 13 85 123 65 70 55 116 106 68 9 17 49 69 7 107 1 35 42 18 89 12 23 38 95 29 4 53 117 21 51 114 119 121 61 122 11 78 47 0 110 64 57 72 39 44 62 102 66 105 32 37 41
Coste: 288

GENERACION: 12
Mejor Solucion:  74 97 77 36 0 26 92 11 98 94 3 75 30 114 57 100 80 45 122 85 40 38 113 86 67 106 58 64 70 18 24 88 101 19 62 22 7 14 127 61 16 13 125 69 111 42 112 110 76 123 108 117 104 65 73 29 20 89 84 54 1 53 52 49 91 39 82 81 115 9 121 59 6 126 33 2 47 28 103 78 5 107 120 63 72 23 99 43 55 51 102 116 66 34 105 95 32 31 56 79 90 35 68 118 15 46 8 25 44 41 60 87 119 10 4 37 17 83 109 71 50 96 12 21 124 27 93 48
Coste: 275

GENERACION: 13
Mejor Solucion:  74 97 77 36 0 26 92 11 98 94 3 75 30 114 57 100 80 45 122 85 40 38 113 86 67 106 58 64 70 18 24 88 101 19 62 22 7 14 127 61 16 13 125 69 111 42 112 110 76 123 108 117 104 65 73 29 20 89 84 54 1 53 52 49 91 39 82 81 115 9 121 59 6 126 33 2 47 28 103 78 5 107 120 63 72 23 99 43 55 51 102 116 66 34 105 95 32 31 56 79 90 35 68 118 15 46 8 25 44 41 60 87 119 10 4 37 17 83 109 71 50 96 12 21 124 27 93 48
Coste: 275

GENERACION: 14
Mejor Solucion:  74 97 77 36 0 26 92 11 98 94 3 75 30 114 57 100 80 45 122 85 40 38 113 86 67 106 58 64 70 18 24 88 101 19 62 22 7 14 127 61 16 13 125 69 111 42 112 110 76 123 108 117 104 65 73 29 20 89 84 54 1 53 52 49 91 39 82 81 115 9 121 59 6 126 33 2 47 28 103 78 5 107 120 63 72 23 99 43 55 51 102 116 66 34 105 95 32 31 56 79 90 35 68 118 15 46 8 25 44 41 60 87 119 10 4 37 17 83 109 71 50 96 12 21 124 27 93 48
Coste: 275

GENERACION: 15
Mejor Solucion:  74 97 77 36 0 26 92 11 98 94 3 75 30 114 57 100 80 45 122 85 40 38 113 86 67 106 58 64 70 18 24 88 101 19 62 22 7 14 127 61 16 13 125 69 111 42 112 110 76 123 108 117 104 65 73 29 20 89 84 54 1 53 52 49 91 39 82 81 115 9 121 59 6 126 33 2 47 28 103 78 5 107 120 63 72 23 99 43 55 51 102 116 66 34 105 95 32 31 56 79 90 35 68 118 15 46 8 25 44 41 60 87 119 10 4 37 17 83 109 71 50 96 12 21 124 27 93 48
Coste: 275

GENERACION: 16
Mejor Solucion:  74 97 77 36 0 26 92 11 98 94 3 75 30 114 57 100 80 45 122 85 40 38 113 86 67 106 58 64 70 18 24 88 101 19 62 22 7 14 127 61 16 13 125 69 111 42 112 110 76 123 108 117 104 65 73 29 20 89 84 54 1 53 52 49 91 39 82 81 115 9 121 59 6 126 33 2 47 28 103 78 5 107 120 63 72 23 99 43 55 51 102 116 66 34 105 95 32 31 56 79 90 35 68 118 15 46 8 25 44 41 60 87 119 10 4 37 17 83 109 71 50 96 12 21 124 27 93 48
Coste: 275

GENERACION: 17
Mejor Solucion:  74 97 77 36 0 26 92 11 98 94 3 75 30 114 57 100 80 45 122 85 40 38 113 86 67 106 58 64 70 18 24 88 101 19 62 22 7 14 127 61 16 13 125 69 111 42 112 110 76 123 108 117 104 65 73 29 20 89 84 54 1 53 52 49 91 39 82 81 115 9 121 59 6 126 33 2 47 28 103 78 5 107 120 63 72 23 99 43 55 51 102 116 66 34 105 95 32 31 56 79 90 35 68 118 15 46 8 25 44 41 60 87 119 10 4 37 17 83 109 71 50 96 12 21 124 27 93 48
Coste: 275

GENERACION: 18
Mejor Solucion:  74 97 77 36 0 26 92 11 98 94 3 75 30 114 57 100 80 45 122 85 40 38 113 86 67 106 58 64 70 18 24 88 101 19 62 22 7 14 127 61 16 13 125 69 111 42 112 110 76 123 108 117 104 65 73 29 20 89 84 54 1 53 52 49 91 39 82 81 115 9 121 59 6 126 33 2 47 28 103 78 5 107 120 63 72 23 99 43 55 51 102 116 66 34 105 95 32 31 56 79 90 35 68 118 15 46 8 25 44 41 60 87 119 10 4 37 17 83 109 71 50 96 12 21 124 27 93 48
Coste: 275

GENERACION: 19
Mejor Solucion:  74 97 77 36 0 26 92 11 98 94 3 75 30 114 57 100 80 45 122 85 40 38 113 86 67 106 58 64 70 18 24 88 101 19 62 22 7 14 127 61 16 13 125 69 111 42 112 110 76 123 108 117 104 65 73 29 20 89 84 54 1 53 52 49 91 39 82 81 115 9 121 59 6 126 33 2 47 28 103 78 5 107 120 63 72 23 99 43 55 51 102 116 66 34 105 95 32 31 56 79 90 35 68 118 15 46 8 25 44 41 60 87 119 10 4 37 17 83 109 71 50 96 12 21 124 27 93 48
Coste: 275

GENERACION: 20
Mejor Solucion:  74 97 77 36 0 26 92 11 98 94 3 75 30 114 57 100 80 45 122 85 40 38 113 86 67 106 58 64 70 18 24 88 101 19 62 22 7 14 127 61 16 13 125 69 111 42 112 110 76 123 108 117 104 65 73 29 20 89 84 54 1 53 52 49 91 39 82 81 115 9 121 59 6 126 33 2 47 28 103 78 5 107 120 63 72 23 99 43 55 51 102 116 66 34 105 95 32 31 56 79 90 35 68 118 15 46 8 25 44 41 60 87 119 10 4 37 17 83 109 71 50 96 12 21 124 27 93 48
Coste: 275

GENERACION: 21
Mejor Solucion:  74 97 77 36 0 26 92 11 98 94 3 75 30 114 57 100 80 45 122 85 40 38 113 86 67 106 58 64 70 18 24 88 101 19 62 22 7 14 127 61 16 13 125 69 111 42 112 110 76 123 108 117 104 65 73 29 20 89 84 54 1 53 52 49 91 39 82 81 115 9 121 59 6 126 33 2 47 28 103 78 5 107 120 63 72 23 99 43 55 51 102 116 66 34 105 95 32 31 56 79 90 35 68 118 15 46 8 25 44 41 60 87 119 10 4 37 17 83 109 71 50 96 12 21 124 27 93 48
Coste: 275

GENERACION: 22
Mejor Solucion:  74 97 77 36 0 26 92 11 98 94 3 75 30 114 57 100 80 45 122 85 40 38 113 86 67 106 58 64 70 18 24 88 101 19 62 22 7 14 127 61 16 13 125 69 111 42 112 110 76 123 108 117 104 65 73 29 20 89 84 54 1 53 52 49 91 39 82 81 115 9 121 59 6 126 33 2 47 28 103 78 5 107 120 63 72 23 99 43 55 51 102 116 66 34 105 95 32 31 56 79 90 35 68 118 15 46 8 25 44 41 60 87 119 10 4 37 17 83 109 71 50 96 12 21 124 27 93 48
Coste: 275

GENERACION: 23
Mejor Solucion:  74 97 77 36 0 26 92 11 98 94 3 75 30 114 57 100 80 45 122 85 40 38 113 86 67 106 58 64 70 18 24 88 101 19 62 22 7 14 127 61 16 13 125 69 111 42 112 110 76 123 108 117 104 65 73 29 20 89 84 54 1 53 52 49 91 39 82 81 115 9 121 59 6 126 33 2 47 28 103 78 5 107 120 63 72 23 99 43 55 51 102 116 66 34 105 95 32 31 56 79 90 35 68 118 15 46 8 25 44 41 60 87 119 10 4 37 17 83 109 71 50 96 12 21 124 27 93 48
Coste: 275

GENERACION: 24
Mejor Solucion:  78 13 39 44 107 65 29 17 103 11 22 86 104 106 57 1 20 115 35 15 113 114 120 7 6 2 98 62 58 117 14 96 95 72 80 18 102 68 97 26 16 81 3 77 42 19 25 51 12 30 43 37 49 94 116 67 119 54 73 90 74 69 40 0 71 124 76 41 110 9 121 127 123 93 50 48 60 23 112 125 66 5 4 31 84 111 8 61 28 92 82 70 32 101 105 21 38 88 56 79 24 87 99 118 33 53 91 10 126 27 52 75 63 89 55 45 85 83 100 59 108 64 109 122 47 46 36 34
Coste: 273

GENERACION: 25
Mejor Solucion:  78 13 39 44 107 65 29 17 103 11 22 86 104 106 57 1 20 115 35 15 113 114 120 7 6 2 98 62 58 117 14 96 95 72 80 18 102 68 97 26 16 81 3 77 42 19 25 51 12 30 43 37 49 94 116 67 119 54 73 90 74 69 40 0 71 124 76 41 110 9 121 127 123 93 50 48 60 23 112 125 66 5 4 31 84 111 8 61 28 92 82 70 32 101 105 21 38 88 56 79 24 87 99 118 33 53 91 10 126 27 52 75 63 89 55 45 85 83 100 59 108 64 109 122 47 46 36 34
Coste: 273

GENERACION: 26
Mejor Solucion:  78 13 39 44 107 65 29 17 103 11 22 86 104 106 57 1 20 115 35 15 113 114 120 7 6 2 98 62 58 117 14 96 95 72 80 18 102 68 97 26 16 81 3 77 42 19 25 51 12 30 43 37 49 94 116 67 119 54 73 90 74 69 40 0 71 124 76 41 110 9 121 127 123 93 50 48 60 23 112 125 66 5 4 31 84 111 8 61 28 92 82 70 32 101 105 21 38 88 56 79 24 87 99 118 33 53 91 10 126 27 52 75 63 89 55 45 85 83 100 59 108 64 109 122 47 46 36 34
Coste: 273

GENERACION: 27
Mejor Solucion:  78 13 39 44 107 65 29 17 103 11 22 86 104 106 57 1 20 115 35 15 113 114 120 7 6 2 98 62 58 117 14 96 95 72 80 18 102 68 97 26 16 81 3 77 42 19 25 51 12 30 43 37 49 94 116 67 119 54 73 90 74 69 40 0 71 124 76 41 110 9 121 127 123 93 50 48 60 23 112 125 66 5 4 31 84 111 8 61 28 92 82 70 32 101 105 21 38 88 56 79 24 87 99 118 33 53 91 10 126 27 52 75 63 89 55 45 85 83 100 59 108 64 109 122 47 46 36 34
Coste: 273

GENERACION: 28
Mejor Solucion:  78 13 39 44 107 65 29 17 103 11 22 86 104 106 57 1 20 115 35 15 113 114 120 7 6 2 98 62 58 117 14 96 95 72 80 18 102 68 97 26 16 81 3 77 42 19 25 51 12 30 43 37 49 94 116 67 119 54 73 90 74 69 40 0 71 124 76 41 110 9 121 127 123 93 50 48 60 23 112 125 66 5 4 31 84 111 8 61 28 92 82 70 32 101 105 21 38 88 56 79 24 87 99 118 33 53 91 10 126 27 52 75 63 89 55 45 85 83 100 59 108 64 109 122 47 46 36 34
Coste: 273

GENERACION: 29
Mejor Solucion:  78 13 39 44 107 65 29 17 103 11 22 86 104 106 57 1 20 115 35 15 113 114 120 7 6 2 98 62 58 117 14 96 95 72 80 18 102 68 97 26 16 81 3 77 42 19 25 51 12 30 43 37 49 94 116 67 119 54 73 90 74 69 40 0 71 124 76 41 110 9 121 127 123 93 50 48 60 23 112 125 66 5 4 31 84 111 8 61 28 92 82 70 32 101 105 21 38 88 56 79 24 87 99 118 33 53 91 10 126 27 52 75 63 89 55 45 85 83 100 59 108 64 109 122 47 46 36 34
Coste: 273

GENERACION: 30
Mejor Solucion:  78 13 39 44 107 65 29 17 103 11 22 86 104 106 57 1 20 115 35 15 113 114 120 7 6 2 98 62 58 117 14 96 95 72 80 18 102 68 97 26 16 81 3 77 42 19 25 51 12 30 43 37 49 94 116 67 119 54 73 90 74 69 40 0 71 124 76 41 110 9 121 127 123 93 50 48 60 23 112 125 66 5 4 31 84 111 8 61 28 92 82 70 32 101 105 21 38 88 56 79 24 87 99 118 33 53 91 10 126 27 52 75 63 89 55 45 85 83 100 59 108 64 109 122 47 46 36 34
Coste: 273

GENERACION: 31
Mejor Solucion:  78 13 39 44 107 65 29 17 103 11 22 86 104 106 57 1 20 115 35 15 113 114 120 7 6 2 98 62 58 117 14 96 95 72 80 18 102 68 97 26 16 81 3 77 42 19 25 51 12 30 43 37 49 94 116 67 119 54 73 90 74 69 40 0 71 124 76 41 110 9 121 127 123 93 50 48 60 23 112 125 66 5 4 31 84 111 8 61 28 92 82 70 32 101 105 21 38 88 56 79 24 87 99 118 33 53 91 10 126 27 52 75 63 89 55 45 85 83 100 59 108 64 109 122 47 46 36 34
Coste: 273

GENERACION: 32
Mejor Solucion:  78 13 39 44 107 65 29 17 103 11 22 86 104 106 57 1 20 115 35 15 113 114 120 7 6 2 98 62 58 117 14 96 95 72 80 18 102 68 97 26 16 81 3 77 42 19 25 51 12 30 43 37 49 94 116 67 119 54 73 90 74 69 40 0 71 124 76 41 110 9 121 127 123 93 50 48 60 23 112 125 66 5 4 31 84 111 8 61 28 92 82 70 32 101 105 21 38 88 56 79 24 87 99 118 33 53 91 10 126 27 52 75 63 89 55 45 85 83 100 59 108 64 109 122 47 46 36 34
Coste: 273

GENERACION: 33
Mejor Solucion:  78 13 39 44 107 65 29 17 103 11 22 86 104 106 57 1 20 115 35 15 113 114 120 7 6 2 98 62 58 117 14 96 95 72 80 18 102 68 97 26 16 81 3 77 42 19 25 51 12 30 43 37 49 94 116 67 119 54 73 90 74 69 40 0 71 124 76 41 110 9 121 127 123 93 50 48 60 23 112 125 66 5 4 31 84 111 8 61 28 92 82 70 32 101 105 21 38 88 56 79 24 87 99 118 33 53 91 10 126 27 52 75 63 89 55 45 85 83 100 59 108 64 109 122 47 46 36 34
Coste: 273

GENERACION: 34
Mejor Solucion:  78 13 39 44 107 65 29 17 103 11 22 86 104 106 57 1 20 115 35 15 113 114 120 7 6 2 98 62 58 117 14 96 95 72 80 18 102 68 97 26 16 81 3 77 42 19 25 51 12 30 43 37 49 94 116 67 119 54 73 90 74 69 40 0 71 124 76 41 110 9 121 127 123 93 50 48 60 23 112 125 66 5 4 31 84 111 8 61 28 92 82 70 32 101 105 21 38 88 56 79 24 87 99 118 33 53 91 10 126 27 52 75 63 89 55 45 85 83 100 59 108 64 109 122 47 46 36 34
Coste: 273

GENERACION: 35
Mejor Solucion:  78 13 39 44 107 65 29 17 103 11 22 86 104 106 57 1 20 115 35 15 113 114 120 7 6 2 98 62 58 117 14 96 95 72 80 18 102 68 97 26 16 81 3 77 42 19 25 51 12 30 43 37 49 94 116 67 119 54 73 90 74 69 40 0 71 124 76 41 110 9 121 127 123 93 50 48 60 23 112 125 66 5 4 31 84 111 8 61 28 92 82 70 32 101 105 21 38 88 56 79 24 87 99 118 33 53 91 10 126 27 52 75 63 89 55 45 85 83 100 59 108 64 109 122 47 46 36 34
Coste: 273

GENERACION: 36
Mejor Solucion:  78 13 39 44 107 65 29 17 103 11 22 86 104 106 57 1 20 115 35 15 113 114 120 7 6 2 98 62 58 117 14 96 95 72 80 18 102 68 97 26 16 81 3 77 42 19 25 51 12 30 43 37 49 94 116 67 119 54 73 90 74 69 40 0 71 124 76 41 110 9 121 127 123 93 50 48 60 23 112 125 66 5 4 31 84 111 8 61 28 92 82 70 32 101 105 21 38 88 56 79 24 87 99 118 33 53 91 10 126 27 52 75 63 89 55 45 85 83 100 59 108 64 109 122 47 46 36 34
Coste: 273

GENERACION: 37
Mejor Solucion:  78 13 39 44 107 65 29 17 103 11 22 86 104 106 57 1 20 115 35 15 113 114 120 7 6 2 98 62 58 117 14 96 95 72 80 18 102 68 97 26 16 81 3 77 42 19 25 51 12 30 43 37 49 94 116 67 119 54 73 90 74 69 40 0 71 124 76 41 110 9 121 127 123 93 50 48 60 23 112 125 66 5 4 31 84 111 8 61 28 92 82 70 32 101 105 21 38 88 56 79 24 87 99 118 33 53 91 10 126 27 52 75 63 89 55 45 85 83 100 59 108 64 109 122 47 46 36 34
Coste: 273

GENERACION: 38
Mejor Solucion:  78 13 39 44 107 65 29 17 103 11 22 86 104 106 57 1 20 115 35 15 113 114 120 7 6 2 98 62 58 117 14 96 95 72 80 18 102 68 97 26 16 81 3 77 42 19 25 51 12 30 43 37 49 94 116 67 119 54 73 90 74 69 40 0 71 124 76 41 110 9 121 127 123 93 50 48 60 23 112 125 66 5 4 31 84 111 8 61 28 92 82 70 32 101 105 21 38 88 56 79 24 87 99 118 33 53 91 10 126 27 52 75 63 89 55 45 85 83 100 59 108 64 109 122 47 46 36 34
Coste: 273

GENERACION: 39
Mejor Solucion:  78 13 39 44 107 65 29 17 103 11 22 86 104 106 57 1 20 115 35 15 113 114 120 7 6 2 98 62 58 117 14 96 95 72 80 18 102 68 97 26 16 81 3 77 42 19 25 51 12 30 43 37 49 94 116 67 119 54 73 90 74 69 40 0 71 124 76 41 110 9 121 127 123 93 50 48 60 23 112 125 66 5 4 31 84 111 8 61 28 92 82 70 32 101 105 21 38 88 56 79 24 87 99 118 33 53 91 10 126 27 52 75 63 89 55 45 85 83 100 59 108 64 109 122 47 46 36 34
Coste: 273

GENERACION: 40
Mejor Solucion:  78 13 39 44 107 65 29 17 103 11 22 86 104 106 57 1 20 115 35 15 113 114 120 7 6 2 98 62 58 117 14 96 95 72 80 18 102 68 97 26 16 81 3 77 42 19 25 51 12 30 43 37 49 94 116 67 119 54 73 90 74 69 40 0 71 124 76 41 110 9 121 127 123 93 50 48 60 23 112 125 66 5 4 31 84 111 8 61 28 92 82 70 32 101 105 21 38 88 56 79 24 87 99 118 33 53 91 10 126 27 52 75 63 89 55 45 85 83 100 59 108 64 109 122 47 46 36 34
Coste: 273

GENERACION: 41
Mejor Solucion:  78 13 39 44 107 65 29 17 103 11 22 86 104 106 57 1 20 115 35 15 113 114 120 7 6 2 98 62 58 117 14 96 95 72 80 18 102 68 97 26 16 81 3 77 42 19 25 51 12 30 43 37 49 94 116 67 119 54 73 90 74 69 40 0 71 124 76 41 110 9 121 127 123 93 50 48 60 23 112 125 66 5 4 31 84 111 8 61 28 92 82 70 32 101 105 21 38 88 56 79 24 87 99 118 33 53 91 10 126 27 52 75 63 89 55 45 85 83 100 59 108 64 109 122 47 46 36 34
Coste: 273

GENERACION: 42
Mejor Solucion:  78 13 39 44 107 65 29 17 103 11 22 86 104 106 57 1 20 115 35 15 113 114 120 7 6 2 98 62 58 117 14 96 95 72 80 18 102 68 97 26 16 81 3 77 42 19 25 51 12 30 43 37 49 94 116 67 119 54 73 90 74 69 40 0 71 124 76 41 110 9 121 127 123 93 50 48 60 23 112 125 66 5 4 31 84 111 8 61 28 92 82 70 32 101 105 21 38 88 56 79 24 87 99 118 33 53 91 10 126 27 52 75 63 89 55 45 85 83 100 59 108 64 109 122 47 46 36 34
Coste: 273

GENERACION: 43
Mejor Solucion:  78 13 39 44 107 65 29 17 103 11 22 86 104 106 57 1 20 115 35 15 113 114 120 7 6 2 98 62 58 117 14 96 95 72 80 18 102 68 97 26 16 81 3 77 42 19 25 51 12 30 43 37 49 94 116 67 119 54 73 90 74 69 40 0 71 124 76 41 110 9 121 127 123 93 50 48 60 23 112 125 66 5 4 31 84 111 8 61 28 92 82 70 32 101 105 21 38 88 56 79 24 87 99 118 33 53 91 10 126 27 52 75 63 89 55 45 85 83 100 59 108 64 109 122 47 46 36 34
Coste: 273

GENERACION: 44
Mejor Solucion:  78 13 39 44 107 65 29 17 103 11 22 86 104 106 57 1 20 115 35 15 113 114 120 7 6 2 98 62 58 117 14 96 95 72 80 18 102 68 97 26 16 81 3 77 42 19 25 51 12 30 43 37 49 94 116 67 119 54 73 90 74 69 40 0 71 124 76 41 110 9 121 127 123 93 50 48 60 23 112 125 66 5 4 31 84 111 8 61 28 92 82 70 32 101 105 21 38 88 56 79 24 87 99 118 33 53 91 10 126 27 52 75 63 89 55 45 85 83 100 59 108 64 109 122 47 46 36 34
Coste: 273

GENERACION: 45
Mejor Solucion:  78 13 39 44 107 65 29 17 103 11 22 86 104 106 57 1 20 115 35 15 113 114 120 7 6 2 98 62 58 117 14 96 95 72 80 18 102 68 97 26 16 81 3 77 42 19 25 51 12 30 43 37 49 94 116 67 119 54 73 90 74 69 40 0 71 124 76 41 110 9 121 127 123 93 50 48 60 23 112 125 66 5 4 31 84 111 8 61 28 92 82 70 32 101 105 21 38 88 56 79 24 87 99 118 33 53 91 10 126 27 52 75 63 89 55 45 85 83 100 59 108 64 109 122 47 46 36 34
Coste: 273

GENERACION: 46
Mejor Solucion:  78 13 39 44 107 65 29 17 103 11 22 86 104 106 57 1 20 115 35 15 113 114 120 7 6 2 98 62 58 117 14 96 95 72 80 18 102 68 97 26 16 81 3 77 42 19 25 51 12 30 43 37 49 94 116 67 119 54 73 90 74 69 40 0 71 124 76 41 110 9 121 127 123 93 50 48 60 23 112 125 66 5 4 31 84 111 8 61 28 92 82 70 32 101 105 21 38 88 56 79 24 87 99 118 33 53 91 10 126 27 52 75 63 89 55 45 85 83 100 59 108 64 109 122 47 46 36 34
Coste: 273

GENERACION: 47
Mejor Solucion:  78 13 39 44 107 65 29 17 103 11 22 86 104 106 57 1 20 115 35 15 113 114 120 7 6 2 98 62 58 117 14 96 95 72 80 18 102 68 97 26 16 81 3 77 42 19 25 51 12 30 43 37 49 94 116 67 119 54 73 90 74 69 40 0 71 124 76 41 110 9 121 127 123 93 50 48 60 23 112 125 66 5 4 31 84 111 8 61 28 92 82 70 32 101 105 21 38 88 56 79 24 87 99 118 33 53 91 10 126 27 52 75 63 89 55 45 85 83 100 59 108 64 109 122 47 46 36 34
Coste: 273

GENERACION: 48
Mejor Solucion:  78 13 39 44 107 65 29 17 103 11 22 86 104 106 57 1 20 115 35 15 113 114 120 7 6 2 98 62 58 117 14 96 95 72 80 18 102 68 97 26 16 81 3 77 42 19 25 51 12 30 43 37 49 94 116 67 119 54 73 90 74 69 40 0 71 124 76 41 110 9 121 127 123 93 50 48 60 23 112 125 66 5 4 31 84 111 8 61 28 92 82 70 32 101 105 21 38 88 56 79 24 87 99 118 33 53 91 10 126 27 52 75 63 89 55 45 85 83 100 59 108 64 109 122 47 46 36 34
Coste: 273

GENERACION: 49
Mejor Solucion:  78 13 39 44 107 65 29 17 103 11 22 86 104 106 57 1 20 115 35 15 113 114 120 7 6 2 98 62 58 117 14 96 95 72 80 18 102 68 97 26 16 81 3 77 42 19 25 51 12 30 43 37 49 94 116 67 119 54 73 90 74 69 40 0 71 124 76 41 110 9 121 127 123 93 50 48 60 23 112 125 66 5 4 31 84 111 8 61 28 92 82 70 32 101 105 21 38 88 56 79 24 87 99 118 33 53 91 10 126 27 52 75 63 89 55 45 85 83 100 59 108 64 109 122 47 46 36 34
Coste: 273

GENERACION: 50
Mejor Solucion:  78 13 39 44 107 65 29 17 103 11 22 86 104 106 57 1 20 115 35 15 113 114 120 7 6 2 98 62 58 117 14 96 95 72 80 18 102 68 97 26 16 81 3 77 42 19 25 51 12 30 43 37 49 94 116 67 119 54 73 90 74 69 40 0 71 124 76 41 110 9 121 127 123 93 50 48 60 23 112 125 66 5 4 31 84 111 8 61 28 92 82 70 32 101 105 21 38 88 56 79 24 87 99 118 33 53 91 10 126 27 52 75 63 89 55 45 85 83 100 59 108 64 109 122 47 46 36 34
Coste: 273

GENERACION: 51
Mejor Solucion:  78 13 39 44 107 65 29 17 103 11 22 86 104 106 57 1 20 115 35 15 113 114 120 7 6 2 98 62 58 117 14 96 95 72 80 18 102 68 97 26 16 81 3 77 42 19 25 51 12 30 43 37 49 94 116 67 119 54 73 90 74 69 40 0 71 124 76 41 110 9 121 127 123 93 50 48 60 23 112 125 66 5 4 31 84 111 8 61 28 92 82 70 32 101 105 21 38 88 56 79 24 87 99 118 33 53 91 10 126 27 52 75 63 89 55 45 85 83 100 59 108 64 109 122 47 46 36 34
Coste: 273

GENERACION: 52
Mejor Solucion:  78 13 39 44 107 65 29 17 103 11 22 86 104 106 57 1 20 115 35 15 113 114 120 7 6 2 98 62 58 117 14 96 95 72 80 18 102 68 97 26 16 81 3 77 42 19 25 51 12 30 43 37 49 94 116 67 119 54 73 90 74 69 40 0 71 124 76 41 110 9 121 127 123 93 50 48 60 23 112 125 66 5 4 31 84 111 8 61 28 92 82 70 32 101 105 21 38 88 56 79 24 87 99 118 33 53 91 10 126 27 52 75 63 89 55 45 85 83 100 59 108 64 109 122 47 46 36 34
Coste: 273

GENERACION: 53
Mejor Solucion:  78 13 39 44 107 65 75 119 103 11 22 86 104 106 92 97 20 115 35 15 113 114 120 7 6 2 98 62 58 117 14 96 95 100 80 18 102 63 29 26 16 8 3 31 42 89 25 51 12 30 43 37 49 94 116 67 17 54 73 90 74 69 40 0 76 124 71 41 88 84 121 127 123 93 10 48 118 23 112 125 66 5 4 79 9 111 81 61 28 57 82 70 32 101 105 21 38 110 56 77 24 87 99 60 33 53 91 50 126 27 52 1 68 19 55 45 85 83 72 59 108 64 109 122 47 46 36 34
Coste: 264

GENERACION: 54
Mejor Solucion:  78 13 39 44 107 65 75 119 103 11 22 86 104 106 92 97 20 115 35 15 113 114 120 7 6 2 98 62 58 117 14 96 95 100 80 18 102 63 29 26 16 8 3 31 42 89 25 51 12 30 43 37 49 94 116 67 17 54 73 90 74 69 40 0 76 124 71 41 88 84 121 127 123 93 10 48 118 23 112 125 66 5 4 79 9 111 81 61 28 57 82 70 32 101 105 21 38 110 56 77 24 87 99 60 33 53 91 50 126 27 52 1 68 19 55 45 85 83 72 59 108 64 109 122 47 46 36 34
Coste: 264

GENERACION: 55
Mejor Solucion:  78 13 39 44 107 65 75 119 103 11 22 86 104 106 92 97 20 115 35 15 113 114 120 7 6 2 98 62 58 117 14 96 95 100 80 18 102 63 29 26 16 8 3 31 42 89 25 51 12 30 43 37 49 94 116 67 17 54 73 90 74 69 40 0 76 124 71 41 88 84 121 127 123 93 10 48 118 23 112 125 66 5 4 79 9 111 81 61 28 57 82 70 32 101 105 21 38 110 56 77 24 87 99 60 33 53 91 50 126 27 52 1 68 19 55 45 85 83 72 59 108 64 109 122 47 46 36 34
Coste: 264

GENERACION: 56
Mejor Solucion:  78 13 39 44 107 65 75 119 103 11 22 86 104 106 92 97 20 115 35 15 113 114 120 7 6 2 98 62 58 117 14 96 95 100 80 18 102 63 29 26 16 8 3 31 42 89 25 51 12 30 43 37 49 94 116 67 17 54 73 90 74 69 40 0 76 124 71 41 88 84 121 127 123 93 10 48 118 23 112 125 66 5 4 79 9 111 81 61 28 57 82 70 32 101 105 21 38 110 56 77 24 87 99 60 33 53 91 50 126 27 52 1 68 19 55 45 85 83 72 59 108 64 109 122 47 46 36 34
Coste: 264

GENERACION: 57
Mejor Solucion:  78 13 39 44 107 65 75 119 103 11 22 86 104 106 92 97 20 115 35 15 113 114 120 7 6 2 98 62 58 117 14 96 95 100 80 18 102 63 29 26 16 8 3 31 42 89 25 51 12 30 43 37 49 94 116 67 17 54 73 90 74 69 40 0 76 124 71 41 88 84 121 127 123 93 10 48 118 23 112 125 66 5 4 79 9 111 81 61 28 57 82 70 32 101 105 21 38 110 56 77 24 87 99 60 33 53 91 50 126 27 52 1 68 19 55 45 85 83 72 59 108 64 109 122 47 46 36 34
Coste: 264

GENERACION: 58
Mejor Solucion:  78 13 39 44 107 65 75 119 103 11 22 86 104 106 92 97 20 115 35 15 113 114 120 7 6 2 98 62 58 117 14 96 95 100 80 18 102 63 29 26 16 8 3 31 42 89 25 51 12 30 43 37 49 94 116 67 17 54 73 90 74 69 40 0 76 124 71 41 88 84 121 127 123 93 10 48 118 23 112 125 66 5 4 79 9 111 81 61 28 57 82 70 32 101 105 21 38 110 56 77 24 87 99 60 33 53 91 50 126 27 52 1 68 19 55 45 85 83 72 59 108 64 109 122 47 46 36 34
Coste: 264

GENERACION: 59
Mejor Solucion:  38 91 119 113 65 29 103 10 39 11 43 86 62 8 104 16 98 83 108 106 114 52 28 80 57 32 63 84 47 21 14 110 18 72 35 53 13 44 87 26 112 50 54 71 33 64 102 100 90 101 89 5 49 78 19 1 36 3 73 12 74 69 40 0 76 124 93 41 88 25 120 127 123 37 68 107 121 117 115 125 4 77 66 79 2 59 81 61 109 6 122 92 45 34 105 27 96 9 56 15 24 67 99 60 42 22 85 126 30 116 118 31 95 7 55 75 20 97 23 111 58 51 70 82 48 46 17 94
Coste: 239

GENERACION: 60
Mejor Solucion:  38 91 119 113 65 29 103 10 39 11 43 86 62 8 104 16 98 83 108 106 114 52 28 80 57 32 63 84 47 21 14 110 18 72 35 53 13 44 87 26 112 50 54 71 33 64 102 100 90 101 89 5 49 78 19 1 36 3 73 12 74 69 40 0 76 124 93 41 88 25 120 127 123 37 68 107 121 117 115 125 4 77 66 79 2 59 81 61 109 6 122 92 45 34 105 27 96 9 56 15 24 67 99 60 42 22 85 126 30 116 118 31 95 7 55 75 20 97 23 111 58 51 70 82 48 46 17 94
Coste: 239

GENERACION: 61
Mejor Solucion:  38 91 119 113 65 29 103 10 39 11 43 86 62 8 104 16 98 83 108 106 114 52 28 80 57 32 63 84 47 21 14 110 18 72 35 53 13 44 87 26 112 50 54 71 33 64 102 100 90 101 89 5 49 78 19 1 36 3 73 12 74 69 40 0 76 124 93 41 88 25 120 127 123 37 68 107 121 117 115 125 4 77 66 79 2 59 81 61 109 6 122 92 45 34 105 27 96 9 56 15 24 67 99 60 42 22 85 126 30 116 118 31 95 7 55 75 20 97 23 111 58 51 70 82 48 46 17 94
Coste: 239

GENERACION: 62
Mejor Solucion:  38 91 119 113 65 29 103 10 39 11 43 86 62 8 104 16 98 83 108 106 114 52 28 80 57 32 63 84 47 21 14 110 18 72 35 53 13 44 87 26 112 50 54 71 33 64 102 100 90 101 89 5 49 78 19 1 36 3 73 12 74 69 40 0 76 124 93 41 88 25 120 127 123 37 68 107 121 117 115 125 4 77 66 79 2 59 81 61 109 6 122 92 45 34 105 27 96 9 56 15 24 67 99 60 42 22 85 126 30 116 118 31 95 7 55 75 20 97 23 111 58 51 70 82 48 46 17 94
Coste: 239

GENERACION: 63
Mejor Solucion:  38 91 119 113 65 29 103 10 39 11 43 86 62 8 104 16 98 83 108 106 114 52 28 80 57 32 63 84 47 21 14 110 18 72 35 53 13 44 87 26 112 50 54 71 33 64 102 100 90 101 89 5 49 78 19 1 36 3 73 12 74 69 40 0 76 124 93 41 88 25 120 127 123 37 68 107 121 117 115 125 4 77 66 79 2 59 81 61 109 6 122 92 45 34 105 27 96 9 56 15 24 67 99 60 42 22 85 126 30 116 118 31 95 7 55 75 20 97 23 111 58 51 70 82 48 46 17 94
Coste: 239

GENERACION: 64
Mejor Solucion:  38 91 119 113 65 29 103 10 39 11 43 86 62 8 104 16 98 83 108 106 114 52 28 80 57 32 63 84 47 21 14 110 18 72 35 53 13 44 87 26 112 50 54 71 33 64 102 100 90 101 89 5 49 78 19 1 36 3 73 12 74 69 40 0 76 124 93 41 88 25 120 127 123 37 68 107 121 117 115 125 4 77 66 79 2 59 81 61 109 6 122 92 45 34 105 27 96 9 56 15 24 67 99 60 42 22 85 126 30 116 118 31 95 7 55 75 20 97 23 111 58 51 70 82 48 46 17 94
Coste: 239

GENERACION: 65
Mejor Solucion:  38 91 119 113 65 29 103 10 39 11 43 86 62 8 104 16 98 83 108 106 114 52 28 80 57 32 63 84 47 21 14 110 18 72 35 53 13 44 87 26 112 50 54 71 33 64 102 100 90 101 89 5 49 78 19 1 36 3 73 12 74 69 40 0 76 124 93 41 88 25 120 127 123 37 68 107 121 117 115 125 4 77 66 79 2 59 81 61 109 6 122 92 45 34 105 27 96 9 56 15 24 67 99 60 42 22 85 126 30 116 118 31 95 7 55 75 20 97 23 111 58 51 70 82 48 46 17 94
Coste: 239

GENERACION: 66
Mejor Solucion:  38 91 119 113 65 29 103 10 39 11 43 86 62 8 104 16 98 83 108 106 114 52 28 80 57 32 63 84 47 21 14 110 18 72 35 53 13 44 87 26 112 50 54 71 33 64 102 100 90 101 89 5 49 78 19 1 36 3 73 12 74 69 40 0 76 124 93 41 88 25 120 127 123 37 68 107 121 117 115 125 4 77 66 79 2 59 81 61 109 6 122 92 45 34 105 27 96 9 56 15 24 67 99 60 42 22 85 126 30 116 118 31 95 7 55 75 20 97 23 111 58 51 70 82 48 46 17 94
Coste: 239

GENERACION: 67
Mejor Solucion:  38 91 119 113 65 29 103 10 39 11 43 86 62 8 104 16 98 83 108 106 114 52 28 80 57 32 63 84 47 21 14 110 18 72 35 53 13 44 87 26 112 50 54 71 33 64 102 100 90 101 89 5 49 78 19 1 36 3 73 12 74 69 40 0 76 124 93 41 88 25 120 127 123 37 68 107 121 117 115 125 4 77 66 79 2 59 81 61 109 6 122 92 45 34 105 27 96 9 56 15 24 67 99 60 42 22 85 126 30 116 118 31 95 7 55 75 20 97 23 111 58 51 70 82 48 46 17 94
Coste: 239

GENERACION: 68
Mejor Solucion:  38 91 119 113 65 29 103 10 39 11 43 86 62 8 104 16 98 83 108 106 114 52 28 80 57 32 63 84 47 21 14 110 18 72 35 53 13 44 87 26 112 50 54 71 33 64 102 100 90 101 89 5 49 78 19 1 36 3 73 12 74 69 40 0 76 124 93 41 88 25 120 127 123 37 68 107 121 117 115 125 4 77 66 79 2 59 81 61 109 6 122 92 45 34 105 27 96 9 56 15 24 67 99 60 42 22 85 126 30 116 118 31 95 7 55 75 20 97 23 111 58 51 70 82 48 46 17 94
Coste: 239

GENERACION: 69
Mejor Solucion:  38 91 119 113 65 29 103 10 39 11 43 86 62 8 104 16 98 83 108 106 114 52 28 80 57 32 63 84 47 21 14 110 18 72 35 53 13 44 87 26 112 50 54 71 33 64 102 100 90 101 89 5 49 78 19 1 36 3 73 12 74 69 40 0 76 124 93 41 88 25 120 127 123 37 68 107 121 117 115 125 4 77 66 79 2 59 81 61 109 6 122 92 45 34 105 27 96 9 56 15 24 67 99 60 42 22 85 126 30 116 118 31 95 7 55 75 20 97 23 111 58 51 70 82 48 46 17 94
Coste: 239

GENERACION: 70
Mejor Solucion:  38 91 119 113 65 29 103 10 39 11 43 86 62 8 104 16 98 83 108 106 114 52 28 80 57 32 63 84 47 21 14 110 18 72 35 53 13 44 87 26 112 50 54 71 33 64 102 100 90 101 89 5 49 78 19 1 36 3 73 12 74 69 40 0 76 124 93 41 88 25 120 127 123 37 68 107 121 117 115 125 4 77 66 79 2 59 81 61 109 6 122 92 45 34 105 27 96 9 56 15 24 67 99 60 42 22 85 126 30 116 118 31 95 7 55 75 20 97 23 111 58 51 70 82 48 46 17 94
Coste: 239

GENERACION: 71
Mejor Solucion:  38 91 119 113 65 29 103 10 39 11 43 86 62 8 104 16 98 83 108 106 114 52 28 80 57 32 63 84 47 21 14 110 18 72 35 53 13 44 87 26 112 50 54 71 33 64 102 100 90 101 89 5 49 78 19 1 36 3 73 12 74 69 40 0 76 124 93 41 88 25 120 127 123 37 68 107 121 117 115 125 4 77 66 79 2 59 81 61 109 6 122 92 45 34 105 27 96 9 56 15 24 67 99 60 42 22 85 126 30 116 118 31 95 7 55 75 20 97 23 111 58 51 70 82 48 46 17 94
Coste: 239

GENERACION: 72
Mejor Solucion:  38 91 119 113 65 29 103 10 39 11 43 86 62 8 104 16 98 83 108 106 114 52 28 80 57 32 63 84 47 21 14 110 18 72 35 53 13 44 87 26 112 50 54 71 33 64 102 100 90 101 89 5 49 78 19 1 36 3 73 12 74 69 40 0 76 124 93 41 88 25 120 127 123 37 68 107 121 117 115 125 4 77 66 79 2 59 81 61 109 6 122 92 45 34 105 27 96 9 56 15 24 67 99 60 42 22 85 126 30 116 118 31 95 7 55 75 20 97 23 111 58 51 70 82 48 46 17 94
Coste: 239

GENERACION: 73
Mejor Solucion:  38 91 119 113 65 29 103 10 39 11 43 86 62 8 104 16 98 83 108 106 114 52 28 80 57 32 63 84 47 21 14 110 18 72 35 53 13 44 87 26 112 50 54 71 33 64 102 100 90 101 89 5 49 78 19 1 36 3 73 12 74 69 40 0 76 124 93 41 88 25 120 127 123 37 68 107 121 117 115 125 4 77 66 79 2 59 81 61 109 6 122 92 45 34 105 27 96 9 56 15 24 67 99 60 42 22 85 126 30 116 118 31 95 7 55 75 20 97 23 111 58 51 70 82 48 46 17 94
Coste: 239

GENERACION: 74
Mejor Solucion:  38 91 119 113 65 29 103 10 39 11 43 86 62 8 104 16 98 83 108 106 114 52 28 80 57 32 63 84 47 21 14 110 18 72 35 53 13 44 87 26 112 50 54 71 33 64 102 100 90 101 89 5 49 78 19 1 36 3 73 12 74 69 40 0 76 124 93 41 88 25 120 127 123 37 68 107 121 117 115 125 4 77 66 79 2 59 81 61 109 6 122 92 45 34 105 27 96 9 56 15 24 67 99 60 42 22 85 126 30 116 118 31 95 7 55 75 20 97 23 111 58 51 70 82 48 46 17 94
Coste: 239

GENERACION: 75
Mejor Solucion:  38 91 119 113 65 29 103 10 39 11 43 86 62 8 104 16 98 83 108 106 114 52 28 80 57 32 63 84 47 21 14 110 18 72 35 53 13 44 87 26 112 50 54 71 33 64 102 100 90 101 89 5 49 78 19 1 36 3 73 12 74 69 40 0 76 124 93 41 88 25 120 127 123 37 68 107 121 117 115 125 4 77 66 79 2 59 81 61 109 6 122 92 45 34 105 27 96 9 56 15 24 67 99 60 42 22 85 126 30 116 118 31 95 7 55 75 20 97 23 111 58 51 70 82 48 46 17 94
Coste: 239

GENERACION: 76
Mejor Solucion:  38 91 119 113 65 29 103 10 39 11 43 86 62 8 104 16 98 83 108 106 114 52 28 80 57 32 63 84 47 21 14 110 18 72 35 53 13 44 87 26 112 50 54 71 33 64 102 100 90 101 89 5 49 78 19 1 36 3 73 12 74 69 40 0 76 124 93 41 88 25 120 127 123 37 68 107 121 117 115 125 4 77 66 79 2 59 81 61 109 6 122 92 45 34 105 27 96 9 56 15 24 67 99 60 42 22 85 126 30 116 118 31 95 7 55 75 20 97 23 111 58 51 70 82 48 46 17 94
Coste: 239

GENERACION: 77
Mejor Solucion:  38 91 119 113 65 29 103 10 39 11 43 86 62 8 104 16 98 83 108 106 114 52 28 80 57 32 63 84 47 21 14 110 18 72 35 53 13 44 87 26 112 50 54 71 33 64 102 100 90 101 89 5 49 78 19 1 36 3 73 12 74 69 40 0 76 124 93 41 88 25 120 127 123 37 68 107 121 117 115 125 4 77 66 79 2 59 81 61 109 6 122 92 45 34 105 27 96 9 56 15 24 67 99 60 42 22 85 126 30 116 118 31 95 7 55 75 20 97 23 111 58 51 70 82 48 46 17 94
Coste: 239

GENERACION: 78
Mejor Solucion:  38 91 119 113 65 29 103 10 39 11 43 86 62 8 104 16 98 83 108 106 114 52 28 80 57 32 63 84 47 21 14 110 18 72 35 53 13 44 87 26 112 50 54 71 33 64 102 100 90 101 89 5 49 78 19 1 36 3 73 12 74 69 40 0 76 124 93 41 88 25 120 127 123 37 68 107 121 117 115 125 4 77 66 79 2 59 81 61 109 6 122 92 45 34 105 27 96 9 56 15 24 67 99 60 42 22 85 126 30 116 118 31 95 7 55 75 20 97 23 111 58 51 70 82 48 46 17 94
Coste: 239

GENERACION: 79
Mejor Solucion:  38 91 119 113 65 29 103 10 39 11 43 86 62 8 104 16 98 83 108 106 114 52 28 80 57 32 63 84 47 21 14 110 18 72 35 53 13 44 87 26 112 50 54 71 33 64 102 100 90 101 89 5 49 78 19 1 36 3 73 12 74 69 40 0 76 124 93 41 88 25 120 127 123 37 68 107 121 117 115 125 4 77 66 79 2 59 81 61 109 6 122 92 45 34 105 27 96 9 56 15 24 67 99 60 42 22 85 126 30 116 118 31 95 7 55 75 20 97 23 111 58 51 70 82 48 46 17 94
Coste: 239

GENERACION: 80
Mejor Solucion:  38 91 119 113 65 29 103 10 39 11 43 86 62 8 104 16 98 83 108 106 114 52 28 80 57 32 63 84 47 21 14 110 18 72 35 53 13 44 87 26 112 50 54 71 33 64 102 100 90 101 89 5 49 78 19 1 36 3 73 12 74 69 40 0 76 124 93 41 88 25 120 127 123 37 68 107 121 117 115 125 4 77 66 79 2 59 81 61 109 6 122 92 45 34 105 27 96 9 56 15 24 67 99 60 42 22 85 126 30 116 118 31 95 7 55 75 20 97 23 111 58 51 70 82 48 46 17 94
Coste: 239

GENERACION: 81
Mejor Solucion:  38 91 119 113 65 29 103 10 39 11 43 86 62 8 104 16 98 83 108 106 114 52 28 80 57 32 63 84 47 21 14 110 18 72 35 53 13 44 87 26 112 50 54 71 33 64 102 100 90 101 89 5 49 78 19 1 36 3 73 12 74 69 40 0 76 124 93 41 88 25 120 127 123 37 68 107 121 117 115 125 4 77 66 79 2 59 81 61 109 6 122 92 45 34 105 27 96 9 56 15 24 67 99 60 42 22 85 126 30 116 118 31 95 7 55 75 20 97 23 111 58 51 70 82 48 46 17 94
Coste: 239

GENERACION: 82
Mejor Solucion:  38 91 119 113 65 29 103 10 39 11 43 86 62 8 104 16 98 83 108 106 114 52 28 80 57 32 63 84 47 21 14 110 18 72 35 53 13 44 87 26 112 50 54 71 33 64 102 100 90 101 89 5 49 78 19 1 36 3 73 12 74 69 40 0 76 124 93 41 88 25 120 127 123 37 68 107 121 117 115 125 4 77 66 79 2 59 81 61 109 6 122 92 45 34 105 27 96 9 56 15 24 67 99 60 42 22 85 126 30 116 118 31 95 7 55 75 20 97 23 111 58 51 70 82 48 46 17 94
Coste: 239

GENERACION: 83
Mejor Solucion:  38 91 119 113 65 29 103 10 39 11 43 86 62 8 104 16 98 83 108 106 114 52 28 80 57 32 63 84 47 21 14 110 18 72 35 53 13 44 87 26 112 50 54 71 33 64 102 100 90 101 89 5 49 78 19 1 36 3 73 12 74 69 40 0 76 124 93 41 88 25 120 127 123 37 68 107 121 117 115 125 4 77 66 79 2 59 81 61 109 6 122 92 45 34 105 27 96 9 56 15 24 67 99 60 42 22 85 126 30 116 118 31 95 7 55 75 20 97 23 111 58 51 70 82 48 46 17 94
Coste: 239

GENERACION: 84
Mejor Solucion:  38 91 119 113 65 29 103 10 39 11 43 86 62 8 104 16 98 83 108 106 114 52 28 80 57 32 63 84 47 21 14 110 18 72 35 53 13 44 87 26 112 50 54 71 33 64 102 100 90 101 89 5 49 78 19 1 36 3 73 12 74 69 40 0 76 124 93 41 88 25 120 127 123 37 68 107 121 117 115 125 4 77 66 79 2 59 81 61 109 6 122 92 45 34 105 27 96 9 56 15 24 67 99 60 42 22 85 126 30 116 118 31 95 7 55 75 20 97 23 111 58 51 70 82 48 46 17 94
Coste: 239

