GENERACION: 1
Mejor Solucion:  49 88 80 48 91 25 81 76 63 20 30 22 12 73 74 77 60 17 53 14 70 15 56 27 57 85 41 58 37 29 94 87 21 18 7 32 5 64 95 96 51 1 46 65 52 82 93 72 39 11 34 61 28 40 71 0 47 16 97 79 38 44 36 26 68 84 75 2 42 92 89 99 54 83 3 13 98 33 90 8 67 45 19 23 43 31 55 6 35 9 4 50 86 78 69 66 62 59 10 24
Coste: 1667307375

GENERACION: 2
Mejor Solucion:  49 88 80 48 91 25 81 76 63 20 30 22 12 73 74 77 60 17 53 14 70 15 56 27 57 85 41 58 37 29 94 87 21 18 7 32 5 64 95 96 51 1 46 65 52 82 93 72 39 11 34 61 28 40 71 0 47 16 97 79 38 44 36 26 68 84 75 2 42 92 89 99 54 83 3 13 98 33 90 8 67 45 19 23 43 31 55 6 35 9 4 50 86 78 69 66 62 59 10 24
Coste: 1667307375

GENERACION: 3
Mejor Solucion:  49 88 80 48 91 25 81 76 63 20 30 22 12 73 74 77 60 17 53 14 70 15 56 27 57 85 41 58 37 29 94 87 21 18 7 32 5 64 95 96 51 1 46 65 52 82 93 72 39 11 34 61 28 40 71 0 47 16 97 79 38 44 36 26 68 84 75 2 42 92 89 99 54 83 3 13 98 33 90 8 67 45 19 23 43 31 55 6 35 9 4 50 86 78 69 66 62 59 10 24
Coste: 1667307375

GENERACION: 4
Mejor Solucion:  49 88 80 48 91 25 81 76 63 20 30 22 12 73 74 77 60 17 53 14 70 15 56 27 57 85 41 58 37 29 94 87 21 18 7 32 5 64 95 96 51 1 46 65 52 82 93 72 39 11 34 61 28 40 71 0 47 16 97 79 38 44 36 26 68 84 75 2 42 92 89 99 54 83 3 13 98 33 90 8 67 45 19 23 43 31 55 6 35 9 4 50 86 78 69 66 62 59 10 24
Coste: 1667307375

GENERACION: 5
Mejor Solucion:  49 88 80 48 91 25 81 76 63 20 30 22 12 73 74 77 60 17 53 14 70 15 56 27 57 85 41 58 37 29 94 87 21 18 7 32 5 64 95 96 51 1 46 65 52 82 93 72 39 11 34 61 28 40 71 0 47 16 97 79 38 44 36 26 68 84 75 2 42 92 89 99 54 83 3 13 98 33 90 8 67 45 19 23 43 31 55 6 35 9 4 50 86 78 69 66 62 59 10 24
Coste: 1667307375

GENERACION: 6
Mejor Solucion:  49 88 80 48 91 25 81 76 63 20 30 22 12 73 74 77 60 17 53 14 70 15 56 27 57 85 41 58 37 29 94 87 21 18 7 32 5 64 95 96 51 1 46 65 52 82 93 72 39 11 34 61 28 40 71 0 47 16 97 79 38 44 36 26 68 84 75 2 42 92 89 99 54 83 3 13 98 33 90 8 67 45 19 23 43 31 55 6 35 9 4 50 86 78 69 66 62 59 10 24
Coste: 1667307375

GENERACION: 7
Mejor Solucion:  49 17 80 48 91 25 81 76 63 20 7 79 12 73 74 77 60 88 53 35 70 15 46 33 57 5 41 58 37 29 86 87 21 51 30 32 85 36 95 96 18 1 64 65 52 82 93 72 39 11 34 61 28 40 71 0 47 16 97 22 38 44 19 94 68 84 75 2 42 92 89 99 54 83 3 13 98 27 90 8 67 45 56 23 43 4 55 6 14 9 31 50 26 78 69 66 62 59 10 24
Coste: 1657260904

GENERACION: 8
Mejor Solucion:  49 17 80 48 91 25 81 76 63 20 7 79 12 73 74 77 60 88 53 35 70 15 46 33 57 5 41 58 37 29 86 87 21 51 30 32 85 36 95 96 18 1 64 65 52 82 93 72 39 11 34 61 28 40 71 0 47 16 97 22 38 44 19 94 68 84 75 2 42 92 89 99 54 83 3 13 98 27 90 8 67 45 56 23 43 4 55 6 14 9 31 50 26 78 69 66 62 59 10 24
Coste: 1657260904

GENERACION: 9
Mejor Solucion:  49 17 80 48 91 25 81 76 63 20 7 79 12 73 74 77 60 88 53 35 70 15 46 33 57 5 41 58 37 29 86 87 21 51 30 32 85 36 95 96 18 1 64 65 52 82 93 72 39 11 34 61 28 40 71 0 47 16 97 22 38 44 19 94 68 84 75 2 42 92 89 99 54 83 3 13 98 27 90 8 67 45 56 23 43 4 55 6 14 9 31 50 26 78 69 66 62 59 10 24
Coste: 1657260904

GENERACION: 10
Mejor Solucion:  49 17 80 48 91 25 81 76 63 20 7 79 12 73 74 77 60 88 53 35 70 15 46 33 57 5 41 58 37 29 86 87 21 51 30 32 85 36 95 96 18 1 64 65 52 82 93 72 39 11 34 61 28 40 71 0 47 16 97 22 38 44 19 94 68 84 75 2 42 92 89 99 54 83 3 13 98 27 90 8 67 45 56 23 43 4 55 6 14 9 31 50 26 78 69 66 62 59 10 24
Coste: 1657260904

GENERACION: 11
Mejor Solucion:  49 17 80 48 91 25 81 76 63 20 7 79 12 73 74 77 60 88 53 35 70 15 46 33 57 5 41 58 37 29 86 87 21 51 30 32 85 36 95 96 18 1 64 65 52 82 93 72 39 11 34 61 28 40 71 0 47 16 97 22 38 44 19 94 68 84 75 2 42 92 89 99 54 83 3 13 98 27 90 8 67 45 56 23 43 4 55 6 14 9 31 50 26 78 69 66 62 59 10 24
Coste: 1657260904

GENERACION: 12
Mejor Solucion:  49 17 80 48 91 25 81 76 63 20 7 79 12 73 74 77 60 88 53 35 70 15 46 33 57 5 41 58 37 29 86 87 21 51 30 32 85 36 95 96 18 1 64 65 52 82 93 72 39 11 34 61 28 40 71 0 47 16 97 22 38 44 19 94 68 84 75 2 42 92 89 99 54 83 3 13 98 27 90 8 67 45 56 23 43 4 55 6 14 9 31 50 26 78 69 66 62 59 10 24
Coste: 1657260904

GENERACION: 13
Mejor Solucion:  49 17 80 48 91 25 81 76 63 20 7 79 12 73 74 77 60 88 53 35 70 15 46 33 57 5 41 58 37 29 86 87 21 51 30 32 85 36 95 96 18 1 64 65 52 82 93 72 39 11 34 61 28 40 71 0 47 16 97 22 38 44 19 94 68 84 75 2 42 92 89 99 54 83 3 13 98 27 90 8 67 45 56 23 43 4 55 6 14 9 31 50 26 78 69 66 62 59 10 24
Coste: 1657260904

GENERACION: 14
Mejor Solucion:  49 17 80 48 91 25 81 76 63 20 7 79 12 73 74 77 60 88 53 35 70 15 46 33 57 5 41 58 37 29 86 87 21 51 30 32 85 36 95 96 18 1 64 65 52 82 93 72 39 11 34 61 28 40 71 0 47 16 97 22 38 44 19 94 68 84 75 2 42 92 89 99 54 83 3 13 98 27 90 8 67 45 56 23 43 4 55 6 14 9 31 50 26 78 69 66 62 59 10 24
Coste: 1657260904

GENERACION: 15
Mejor Solucion:  49 17 80 48 91 25 81 76 63 20 7 79 12 73 74 77 60 88 53 35 70 15 46 33 57 5 41 58 37 29 86 87 21 51 30 32 85 36 95 96 18 1 64 65 52 82 93 72 39 11 34 61 28 40 71 0 47 16 97 22 38 44 19 94 68 84 75 2 42 92 89 99 54 83 3 13 98 27 90 8 67 45 56 23 43 4 55 6 14 9 31 50 26 78 69 66 62 59 10 24
Coste: 1657260904

GENERACION: 16
Mejor Solucion:  49 17 80 48 91 25 81 76 63 20 7 79 12 73 74 77 60 88 53 35 70 15 46 33 57 5 41 58 37 29 86 87 21 51 30 32 85 36 95 96 18 1 64 65 52 82 93 72 39 11 34 61 28 40 71 0 47 16 97 22 38 44 19 94 68 84 75 2 42 92 89 99 54 83 3 13 98 27 90 8 67 45 56 23 43 4 55 6 14 9 31 50 26 78 69 66 62 59 10 24
Coste: 1657260904

GENERACION: 17
Mejor Solucion:  49 17 80 48 91 25 81 76 63 20 7 79 12 73 74 77 60 88 53 35 70 15 46 33 57 5 41 58 37 29 86 87 21 51 30 32 85 36 95 96 18 1 64 65 52 82 93 72 39 11 34 61 28 40 71 0 47 16 97 22 38 44 19 94 68 84 75 2 42 92 89 99 54 83 3 13 98 27 90 8 67 45 56 23 43 4 55 6 14 9 31 50 26 78 69 66 62 59 10 24
Coste: 1657260904

GENERACION: 18
Mejor Solucion:  49 17 80 48 91 25 81 76 63 20 7 79 12 73 74 77 60 88 53 35 70 15 46 33 57 5 41 58 37 29 86 87 21 51 30 32 85 36 95 96 18 1 64 65 52 82 93 72 39 11 34 61 28 40 71 0 47 16 97 22 38 44 19 94 68 84 75 2 42 92 89 99 54 83 3 13 98 27 90 8 67 45 56 23 43 4 55 6 14 9 31 50 26 78 69 66 62 59 10 24
Coste: 1657260904

GENERACION: 19
Mejor Solucion:  49 17 80 48 91 25 81 76 63 20 7 79 12 73 74 77 60 88 53 35 70 15 46 33 57 5 41 58 37 29 86 87 21 51 30 32 85 36 95 96 18 1 64 65 52 82 93 72 39 11 34 61 28 40 71 0 47 16 97 22 38 44 19 94 68 84 75 2 42 92 89 99 54 83 3 13 98 27 90 8 67 45 56 23 43 4 55 6 14 9 31 50 26 78 69 66 62 59 10 24
Coste: 1657260904

GENERACION: 20
Mejor Solucion:  49 17 80 48 91 25 81 76 63 20 7 79 12 73 74 77 60 88 53 35 70 15 46 33 57 5 41 58 37 29 86 87 21 51 30 32 85 36 95 96 18 1 64 65 52 82 93 72 39 11 34 61 28 40 71 0 47 16 97 22 38 44 19 94 68 84 75 2 42 92 89 99 54 83 3 13 98 27 90 8 67 45 56 23 43 4 55 6 14 9 31 50 26 78 69 66 62 59 10 24
Coste: 1657260904

GENERACION: 21
Mejor Solucion:  49 17 80 48 91 25 81 76 63 20 7 79 12 73 74 77 60 88 53 35 70 15 46 33 57 5 41 58 37 29 86 87 21 51 30 32 85 36 95 96 18 1 64 65 52 82 93 72 39 11 34 61 28 40 71 0 47 16 97 22 38 44 19 94 68 84 75 2 42 92 89 99 54 83 3 13 98 27 90 8 67 45 56 23 43 4 55 6 14 9 31 50 26 78 69 66 62 59 10 24
Coste: 1657260904

GENERACION: 22
Mejor Solucion:  49 17 80 48 91 25 81 76 63 20 7 79 12 73 74 77 60 88 53 35 70 15 46 33 57 5 41 58 37 29 86 87 21 51 30 32 85 36 95 96 18 1 64 65 52 82 93 72 39 11 34 61 28 40 71 0 47 16 97 22 38 44 19 94 68 84 75 2 42 92 89 99 54 83 3 13 98 27 90 8 67 45 56 23 43 4 55 6 14 9 31 50 26 78 69 66 62 59 10 24
Coste: 1657260904

GENERACION: 23
Mejor Solucion:  49 17 80 48 91 25 81 76 63 20 7 79 12 73 74 77 60 88 53 35 70 15 46 33 57 5 41 58 37 29 86 87 21 51 30 32 85 36 95 96 18 1 64 65 52 82 93 72 39 11 34 61 28 40 71 0 47 16 97 22 38 44 19 94 68 84 75 2 42 92 89 99 54 83 3 13 98 27 90 8 67 45 56 23 43 4 55 6 14 9 31 50 26 78 69 66 62 59 10 24
Coste: 1657260904

GENERACION: 24
Mejor Solucion:  49 17 80 48 91 25 81 76 63 20 7 79 12 73 74 77 60 88 53 35 70 15 46 33 57 5 41 58 37 29 86 87 21 51 30 32 85 36 95 96 18 1 64 65 52 82 93 72 39 11 34 61 28 40 71 0 47 16 97 22 38 44 19 94 68 84 75 2 42 92 89 99 54 83 3 13 98 27 90 8 67 45 56 23 43 4 55 6 14 9 31 50 26 78 69 66 62 59 10 24
Coste: 1657260904

GENERACION: 25
Mejor Solucion:  49 17 80 48 91 25 81 76 63 20 7 79 12 73 74 77 60 88 53 35 70 15 46 33 57 5 41 58 37 29 86 87 21 51 30 32 85 36 95 96 18 1 64 65 52 82 93 72 39 11 34 61 28 40 71 0 47 16 97 22 38 44 19 94 68 84 75 2 42 92 89 99 54 83 3 13 98 27 90 8 67 45 56 23 43 4 55 6 14 9 31 50 26 78 69 66 62 59 10 24
Coste: 1657260904

GENERACION: 26
Mejor Solucion:  49 17 80 48 91 25 81 76 63 20 7 79 12 73 74 77 60 88 53 35 70 15 46 33 57 5 41 58 37 29 86 87 21 51 30 32 85 36 95 96 18 1 64 65 52 82 93 72 39 11 34 61 28 40 71 0 47 16 97 22 38 44 19 94 68 84 75 2 42 92 89 99 54 83 3 13 98 27 90 8 67 45 56 23 43 4 55 6 14 9 31 50 26 78 69 66 62 59 10 24
Coste: 1657260904

GENERACION: 27
Mejor Solucion:  49 17 80 48 91 25 81 76 63 20 7 79 12 73 74 77 60 88 53 35 70 15 46 33 57 5 41 58 37 29 86 87 21 51 30 32 85 36 95 96 18 1 64 65 52 82 93 72 39 11 34 61 28 40 71 0 47 16 97 22 38 44 19 94 68 84 75 2 42 92 89 99 54 83 3 13 98 27 90 8 67 45 56 23 43 4 55 6 14 9 31 50 26 78 69 66 62 59 10 24
Coste: 1657260904

GENERACION: 28
Mejor Solucion:  49 17 80 48 91 25 81 76 63 20 7 79 12 73 74 77 60 88 53 35 70 15 46 33 57 5 41 58 37 29 86 87 21 51 30 32 85 36 95 96 18 1 64 65 52 82 93 72 39 11 34 61 28 40 71 0 47 16 97 22 38 44 19 94 68 84 75 2 42 92 89 99 54 83 3 13 98 27 90 8 67 45 56 23 43 4 55 6 14 9 31 50 26 78 69 66 62 59 10 24
Coste: 1657260904

GENERACION: 29
Mejor Solucion:  49 17 80 48 91 25 81 76 63 20 7 79 12 73 74 77 60 88 53 35 70 15 46 33 57 5 41 58 37 29 86 87 21 51 30 32 85 36 95 96 18 1 64 65 52 82 93 72 39 11 34 61 28 40 71 0 47 16 97 22 38 44 19 94 68 84 75 2 42 92 89 99 54 83 3 13 98 27 90 8 67 45 56 23 43 4 55 6 14 9 31 50 26 78 69 66 62 59 10 24
Coste: 1657260904

GENERACION: 30
Mejor Solucion:  49 17 80 48 91 25 81 76 63 20 7 79 12 73 74 77 60 88 53 35 70 15 46 33 57 5 41 58 37 29 86 87 21 51 30 32 85 36 95 96 18 1 64 65 52 82 93 72 39 11 34 61 28 40 71 0 47 16 97 22 38 44 19 94 68 84 75 2 42 92 89 99 54 83 3 13 98 27 90 8 67 45 56 23 43 4 55 6 14 9 31 50 26 78 69 66 62 59 10 24
Coste: 1657260904

GENERACION: 31
Mejor Solucion:  49 17 80 48 91 25 81 76 63 20 7 79 12 73 74 77 60 88 53 35 70 15 46 33 57 5 41 58 37 29 86 87 21 51 30 32 85 36 95 96 18 1 64 65 52 82 93 72 39 11 34 61 28 40 71 0 47 16 97 22 38 44 19 94 68 84 75 2 42 92 89 99 54 83 3 13 98 27 90 8 67 45 56 23 43 4 55 6 14 9 31 50 26 78 69 66 62 59 10 24
Coste: 1657260904

GENERACION: 32
Mejor Solucion:  49 17 80 48 91 25 81 76 63 20 7 79 12 73 74 77 60 88 53 35 70 15 46 33 57 5 41 58 37 29 86 87 21 51 30 32 85 36 95 96 18 1 64 65 52 82 93 72 39 11 34 61 28 40 71 0 47 16 97 22 38 44 19 94 68 84 75 2 42 92 89 99 54 83 3 13 98 27 90 8 67 45 56 23 43 4 55 6 14 9 31 50 26 78 69 66 62 59 10 24
Coste: 1657260904

GENERACION: 33
Mejor Solucion:  49 17 80 48 91 25 81 76 63 20 7 79 12 73 74 77 60 88 53 35 70 15 46 33 57 5 41 58 37 29 86 87 21 51 30 32 85 36 95 96 18 1 64 65 52 82 93 72 39 11 34 61 28 40 71 0 47 16 97 22 38 44 19 94 68 84 75 2 42 92 89 99 54 83 3 13 98 27 90 8 67 45 56 23 43 4 55 6 14 9 31 50 26 78 69 66 62 59 10 24
Coste: 1657260904

GENERACION: 34
Mejor Solucion:  49 17 80 48 91 25 81 76 63 20 7 79 12 73 74 77 60 88 53 35 70 15 46 33 57 5 41 58 37 29 86 87 21 51 30 32 85 36 95 96 18 1 64 65 52 82 93 72 39 11 34 61 28 40 71 0 47 16 97 22 38 44 19 94 68 84 75 2 42 92 89 99 54 83 3 13 98 27 90 8 67 45 56 23 43 4 55 6 14 9 31 50 26 78 69 66 62 59 10 24
Coste: 1657260904

GENERACION: 35
Mejor Solucion:  49 17 80 48 91 25 81 76 63 20 7 79 12 73 74 77 60 88 53 35 70 15 46 33 57 5 41 58 37 29 86 87 21 51 30 32 85 36 95 96 18 1 64 65 52 82 93 72 39 11 34 61 28 40 71 0 47 16 97 22 38 44 19 94 68 84 75 2 42 92 89 99 54 83 3 13 98 27 90 8 67 45 56 23 43 4 55 6 14 9 31 50 26 78 69 66 62 59 10 24
Coste: 1657260904

GENERACION: 36
Mejor Solucion:  49 17 80 48 91 25 81 76 63 20 7 79 12 73 74 77 60 88 53 35 70 15 46 33 57 5 41 58 37 29 86 87 21 51 30 32 85 36 95 96 18 1 64 65 52 82 93 72 39 11 34 61 28 40 71 0 47 16 97 22 38 44 19 94 68 84 75 2 42 92 89 99 54 83 3 13 98 27 90 8 67 45 56 23 43 4 55 6 14 9 31 50 26 78 69 66 62 59 10 24
Coste: 1657260904

GENERACION: 37
Mejor Solucion:  49 17 80 48 91 25 81 76 63 20 7 79 12 73 74 77 60 88 53 35 70 15 46 33 57 5 41 58 37 29 86 87 21 51 30 32 85 36 95 96 18 1 64 65 52 82 93 72 39 11 34 61 28 40 71 0 47 16 97 22 38 44 19 94 68 84 75 2 42 92 89 99 54 83 3 13 98 27 90 8 67 45 56 23 43 4 55 6 14 9 31 50 26 78 69 66 62 59 10 24
Coste: 1657260904

GENERACION: 38
Mejor Solucion:  49 70 80 69 91 25 81 76 63 20 41 79 12 73 74 77 61 88 53 21 17 15 46 55 0 5 7 58 37 29 86 87 35 51 30 32 85 36 95 96 34 1 83 65 52 82 93 72 43 84 18 60 39 28 56 57 67 33 97 22 38 44 19 94 68 11 75 2 42 92 89 99 54 64 3 13 98 27 90 8 47 45 71 23 40 4 16 6 14 9 31 26 50 78 48 66 62 59 10 24
Coste: 1648879479

GENERACION: 39
Mejor Solucion:  49 70 80 69 91 25 81 76 63 20 41 79 12 73 74 77 61 88 53 21 17 15 46 55 0 5 7 58 37 29 86 87 35 51 30 32 85 36 95 96 34 1 83 65 52 82 93 72 43 84 18 60 39 28 56 57 67 33 97 22 38 44 19 94 68 11 75 2 42 92 89 99 54 64 3 13 98 27 90 8 47 45 71 23 40 4 16 6 14 9 31 26 50 78 48 66 62 59 10 24
Coste: 1648879479

GENERACION: 40
Mejor Solucion:  49 70 80 69 91 25 81 76 63 20 41 79 12 73 74 77 61 88 53 21 17 15 46 55 0 5 7 58 37 29 86 87 35 51 30 32 85 36 95 96 34 1 83 65 52 82 93 72 43 84 18 60 39 28 56 57 67 33 97 22 38 44 19 94 68 11 75 2 42 92 89 99 54 64 3 13 98 27 90 8 47 45 71 23 40 4 16 6 14 9 31 26 50 78 48 66 62 59 10 24
Coste: 1648879479

GENERACION: 41
Mejor Solucion:  49 70 80 69 91 25 81 76 63 20 41 79 12 73 74 77 61 88 53 21 17 15 46 55 0 5 7 58 37 29 86 87 35 51 30 32 85 36 95 96 34 1 83 65 52 82 93 72 43 84 18 60 39 28 56 57 67 33 97 22 38 44 19 94 68 11 75 2 42 92 89 99 54 64 3 13 98 27 90 8 47 45 71 23 40 4 16 6 14 9 31 26 50 78 48 66 62 59 10 24
Coste: 1648879479

GENERACION: 42
Mejor Solucion:  49 70 80 69 91 45 81 98 28 20 41 79 12 53 59 77 61 88 73 27 17 44 46 55 0 97 7 58 37 29 86 87 35 51 30 5 85 36 23 96 34 1 83 65 52 82 93 9 43 84 18 60 62 63 56 57 67 33 32 22 38 15 19 94 68 13 75 2 42 66 89 99 54 64 3 11 76 21 90 8 47 25 71 95 40 4 16 6 14 72 31 26 50 78 48 92 39 74 10 24
Coste: 1647361267

GENERACION: 43
Mejor Solucion:  49 70 80 69 91 45 81 98 28 20 41 79 12 53 59 77 61 88 73 27 17 44 46 55 0 97 7 58 37 29 86 87 35 51 30 5 85 36 23 96 34 1 83 65 52 82 93 9 43 84 18 60 62 63 56 57 67 33 32 22 38 15 19 94 68 13 75 2 42 66 89 99 54 64 3 11 76 21 90 8 47 25 71 95 40 4 16 6 14 72 31 26 50 78 48 92 39 74 10 24
Coste: 1647361267

GENERACION: 44
Mejor Solucion:  49 70 80 69 91 45 81 98 28 20 41 79 12 53 59 77 61 88 73 27 17 44 46 55 0 97 7 58 37 29 86 87 35 51 30 5 85 36 23 96 34 1 83 65 52 82 93 9 43 84 18 60 62 63 56 57 67 33 32 22 38 15 19 94 68 13 75 2 42 66 89 99 54 64 3 11 76 21 90 8 47 25 71 95 40 4 16 6 14 72 31 26 50 78 48 92 39 74 10 24
Coste: 1647361267

GENERACION: 45
Mejor Solucion:  49 70 80 69 91 45 81 98 28 20 41 79 12 53 59 77 61 88 73 27 17 44 46 55 0 97 7 58 37 29 86 87 35 51 30 5 85 36 23 96 34 1 83 65 52 82 93 9 43 84 18 60 62 63 56 57 67 33 32 22 38 15 19 94 68 13 75 2 42 66 89 99 54 64 3 11 76 21 90 8 47 25 71 95 40 4 16 6 14 72 31 26 50 78 48 92 39 74 10 24
Coste: 1647361267

GENERACION: 46
Mejor Solucion:  49 70 80 69 91 45 81 98 28 20 41 79 12 53 59 77 61 88 73 27 17 44 46 55 0 97 7 58 37 29 86 87 35 51 30 5 85 36 23 96 34 1 83 65 52 82 93 9 43 84 18 60 62 63 56 57 67 33 32 22 38 15 19 94 68 13 75 2 42 66 89 99 54 64 3 11 76 21 90 8 47 25 71 95 40 4 16 6 14 72 31 26 50 78 48 92 39 74 10 24
Coste: 1647361267

GENERACION: 47
Mejor Solucion:  49 70 80 69 91 45 81 98 28 20 41 79 12 53 59 77 61 88 73 27 17 44 46 55 0 97 7 58 37 29 86 87 35 51 30 5 85 36 23 96 34 1 83 65 52 82 93 9 43 84 18 60 62 63 56 57 67 33 32 22 38 15 19 94 68 13 75 2 42 66 89 99 54 64 3 11 76 21 90 8 47 25 71 95 40 4 16 6 14 72 31 26 50 78 48 92 39 74 10 24
Coste: 1647361267

GENERACION: 48
Mejor Solucion:  49 70 80 69 91 45 81 98 28 20 41 79 12 53 59 77 61 88 73 27 17 44 46 55 0 97 7 58 37 29 86 87 35 51 30 5 85 36 23 96 34 1 83 65 52 82 93 9 43 84 18 60 62 63 56 57 67 33 32 22 38 15 19 94 68 13 75 2 42 66 89 99 54 64 3 11 76 21 90 8 47 25 71 95 40 4 16 6 14 72 31 26 50 78 48 92 39 74 10 24
Coste: 1647361267

GENERACION: 49
Mejor Solucion:  49 70 80 69 91 45 81 98 28 20 41 79 12 53 59 77 61 88 73 27 17 44 46 55 0 97 7 58 37 29 86 87 35 51 30 5 85 36 23 96 34 1 83 65 52 82 93 9 43 84 18 60 62 63 56 57 67 33 32 22 38 15 19 94 68 13 75 2 42 66 89 99 54 64 3 11 76 21 90 8 47 25 71 95 40 4 16 6 14 72 31 26 50 78 48 92 39 74 10 24
Coste: 1647361267

GENERACION: 50
Mejor Solucion:  49 70 80 69 91 45 81 98 28 20 41 79 12 53 59 77 61 88 73 27 17 44 46 55 0 97 7 58 37 29 86 87 35 51 30 5 85 36 23 96 34 1 83 65 52 82 93 9 43 84 18 60 62 63 56 57 67 33 32 22 38 15 19 94 68 13 75 2 42 66 89 99 54 64 3 11 76 21 90 8 47 25 71 95 40 4 16 6 14 72 31 26 50 78 48 92 39 74 10 24
Coste: 1647361267

GENERACION: 51
Mejor Solucion:  49 70 80 69 91 45 81 98 28 20 41 79 12 53 59 77 61 88 73 27 17 44 46 55 0 97 7 58 37 29 86 87 35 51 30 5 85 36 23 96 34 1 83 65 52 82 93 9 43 84 18 60 62 63 56 57 67 33 32 22 38 15 19 94 68 13 75 2 42 66 89 99 54 64 3 11 76 21 90 8 47 25 71 95 40 4 16 6 14 72 31 26 50 78 48 92 39 74 10 24
Coste: 1647361267

GENERACION: 52
Mejor Solucion:  49 70 80 69 91 45 81 98 28 20 41 79 12 53 59 77 61 88 73 27 17 44 46 55 0 97 7 58 37 29 86 87 35 51 30 5 85 36 23 96 34 1 83 65 52 82 93 9 43 84 18 60 62 63 56 57 67 33 32 22 38 15 19 94 68 13 75 2 42 66 89 99 54 64 3 11 76 21 90 8 47 25 71 95 40 4 16 6 14 72 31 26 50 78 48 92 39 74 10 24
Coste: 1647361267

GENERACION: 53
Mejor Solucion:  49 70 80 69 91 45 81 98 28 20 41 79 12 53 59 77 61 88 73 27 17 44 46 55 0 97 7 58 37 29 86 87 35 51 30 5 85 36 23 96 34 1 83 65 52 82 93 9 43 84 18 60 62 63 56 57 67 33 32 22 38 15 19 94 68 13 75 2 42 66 89 99 54 64 3 11 76 21 90 8 47 25 71 95 40 4 16 6 14 72 31 26 50 78 48 92 39 74 10 24
Coste: 1647361267

GENERACION: 54
Mejor Solucion:  22 75 49 69 4 42 81 98 85 73 46 79 12 45 59 36 43 88 1 77 19 10 15 83 35 97 63 48 52 99 24 67 60 51 0 41 28 33 25 78 34 84 31 3 66 82 93 9 5 94 44 89 68 21 47 53 37 30 86 65 91 27 29 38 55 13 70 6 58 87 26 17 23 64 80 11 96 20 90 8 56 72 71 95 50 61 16 2 14 57 54 62 40 76 74 39 7 92 18 32
Coste: 1639670875

GENERACION: 55
Mejor Solucion:  22 75 49 69 4 42 81 98 85 73 46 79 12 45 59 36 43 88 1 77 19 10 15 83 35 97 63 48 52 99 24 67 60 51 0 41 28 33 25 78 34 84 31 3 66 82 93 9 5 94 44 89 68 21 47 53 37 30 86 65 91 27 29 38 55 13 70 6 58 87 26 17 23 64 80 11 96 20 90 8 56 72 71 95 50 61 16 2 14 57 54 62 40 76 74 39 7 92 18 32
Coste: 1639670875

GENERACION: 56
Mejor Solucion:  22 75 49 69 4 42 81 98 85 73 46 79 12 45 59 36 43 88 1 77 19 10 15 83 35 97 63 48 52 99 24 67 60 51 0 41 28 33 25 78 34 84 31 3 66 82 93 9 5 94 44 89 68 21 47 53 37 30 86 65 91 27 29 38 55 13 70 6 58 87 26 17 23 64 80 11 96 20 90 8 56 72 71 95 50 61 16 2 14 57 54 62 40 76 74 39 7 92 18 32
Coste: 1639670875

GENERACION: 57
Mejor Solucion:  22 75 49 69 4 42 81 98 85 73 46 79 12 45 59 36 43 88 1 77 19 10 15 83 35 97 63 48 52 99 24 67 60 51 0 41 28 33 25 78 34 84 31 3 66 82 93 9 5 94 44 89 68 21 47 53 37 30 86 65 91 27 29 38 55 13 70 6 58 87 26 17 23 64 80 11 96 20 90 8 56 72 71 95 50 61 16 2 14 57 54 62 40 76 74 39 7 92 18 32
Coste: 1639670875

GENERACION: 58
Mejor Solucion:  22 75 49 69 4 42 81 98 85 73 46 79 12 45 59 36 43 88 1 77 19 10 15 83 35 97 63 48 52 99 24 67 60 51 0 41 28 33 25 78 34 84 31 3 66 82 93 9 5 94 44 89 68 21 47 53 37 30 86 65 91 27 29 38 55 13 70 6 58 87 26 17 23 64 80 11 96 20 90 8 56 72 71 95 50 61 16 2 14 57 54 62 40 76 74 39 7 92 18 32
Coste: 1639670875

GENERACION: 59
Mejor Solucion:  22 75 49 69 4 42 81 98 85 73 46 79 12 45 59 36 43 88 1 77 19 10 15 83 35 97 63 48 52 99 24 67 60 51 0 41 28 33 25 78 34 84 31 3 66 82 93 9 5 94 44 89 68 21 47 53 37 30 86 65 91 27 29 38 55 13 70 6 58 87 26 17 23 64 80 11 96 20 90 8 56 72 71 95 50 61 16 2 14 57 54 62 40 76 74 39 7 92 18 32
Coste: 1639670875

GENERACION: 60
Mejor Solucion:  22 75 49 69 4 42 81 98 85 73 46 79 12 45 59 36 43 88 1 77 19 10 15 83 35 97 63 48 52 99 24 67 60 51 0 41 28 33 25 78 34 84 31 3 66 82 93 9 5 94 44 89 68 21 47 53 37 30 86 65 91 27 29 38 55 13 70 6 58 87 26 17 23 64 80 11 96 20 90 8 56 72 71 95 50 61 16 2 14 57 54 62 40 76 74 39 7 92 18 32
Coste: 1639670875

GENERACION: 61
Mejor Solucion:  22 75 49 69 4 42 81 98 85 73 46 79 12 45 59 36 43 88 1 77 19 10 15 83 35 97 63 48 52 99 24 67 60 51 0 41 28 33 25 78 34 84 31 3 66 82 93 9 5 94 44 89 68 21 47 53 37 30 86 65 91 27 29 38 55 13 70 6 58 87 26 17 23 64 80 11 96 20 90 8 56 72 71 95 50 61 16 2 14 57 54 62 40 76 74 39 7 92 18 32
Coste: 1639670875

GENERACION: 62
Mejor Solucion:  22 75 49 69 4 42 81 98 85 73 46 79 12 45 59 36 43 88 1 77 19 10 15 83 35 97 63 48 52 99 24 67 60 51 0 41 28 33 25 78 34 84 31 3 66 82 93 9 5 94 44 89 68 21 47 53 37 30 86 65 91 27 29 38 55 13 70 6 58 87 26 17 23 64 80 11 96 20 90 8 56 72 71 95 50 61 16 2 14 57 54 62 40 76 74 39 7 92 18 32
Coste: 1639670875

GENERACION: 63
Mejor Solucion:  22 75 49 69 4 42 81 98 85 73 46 79 12 45 59 36 43 88 1 77 19 10 15 83 35 97 63 48 52 99 24 67 60 51 0 41 28 33 25 78 34 84 31 3 66 82 93 9 5 94 44 89 68 21 47 53 37 30 86 65 91 27 29 38 55 13 70 6 58 87 26 17 23 64 80 11 96 20 90 8 56 72 71 95 50 61 16 2 14 57 54 62 40 76 74 39 7 92 18 32
Coste: 1639670875

GENERACION: 64
Mejor Solucion:  22 75 49 69 4 42 81 98 85 73 46 79 12 45 59 36 43 88 1 77 19 10 15 83 35 97 63 48 52 99 24 67 60 51 0 41 28 33 25 78 34 84 31 3 66 82 93 9 5 94 44 89 68 21 47 53 37 30 86 65 91 27 29 38 55 13 70 6 58 87 26 17 23 64 80 11 96 20 90 8 56 72 71 95 50 61 16 2 14 57 54 62 40 76 74 39 7 92 18 32
Coste: 1639670875

GENERACION: 65
Mejor Solucion:  22 75 49 69 4 42 81 98 85 73 46 79 12 45 59 36 43 88 1 77 19 10 15 83 35 97 63 48 52 99 24 67 60 51 0 41 28 33 25 78 34 84 31 3 66 82 93 9 5 94 44 89 68 21 47 53 37 30 86 65 91 27 29 38 55 13 70 6 58 87 26 17 23 64 80 11 96 20 90 8 56 72 71 95 50 61 16 2 14 57 54 62 40 76 74 39 7 92 18 32
Coste: 1639670875

GENERACION: 66
Mejor Solucion:  22 75 49 69 4 42 81 98 85 73 46 79 12 45 59 36 43 88 1 77 19 10 15 83 35 97 63 48 52 99 24 67 60 51 0 41 28 33 25 78 34 84 31 3 66 82 93 9 5 94 44 89 68 21 47 53 37 30 86 65 91 27 29 38 55 13 70 6 58 87 26 17 23 64 80 11 96 20 90 8 56 72 71 95 50 61 16 2 14 57 54 62 40 76 74 39 7 92 18 32
Coste: 1639670875

GENERACION: 67
Mejor Solucion:  22 75 49 69 4 42 81 98 85 73 46 79 12 45 59 36 43 88 1 77 19 10 15 83 35 97 63 48 52 99 24 67 60 51 0 41 28 33 25 78 34 84 31 3 66 82 93 9 5 94 44 89 68 21 47 53 37 30 86 65 91 27 29 38 55 13 70 6 58 87 26 17 23 64 80 11 96 20 90 8 56 72 71 95 50 61 16 2 14 57 54 62 40 76 74 39 7 92 18 32
Coste: 1639670875

GENERACION: 68
Mejor Solucion:  22 75 49 69 4 42 81 98 85 73 46 79 12 45 59 36 43 88 1 77 19 10 15 83 35 97 63 48 52 99 24 67 60 51 0 41 28 33 25 78 34 84 31 3 66 82 93 9 5 94 44 89 68 21 47 53 37 30 86 65 91 27 29 38 55 13 70 6 58 87 26 17 23 64 80 11 96 20 90 8 56 72 71 95 50 61 16 2 14 57 54 62 40 76 74 39 7 92 18 32
Coste: 1639670875

GENERACION: 69
Mejor Solucion:  22 75 49 69 4 42 81 98 85 73 46 79 12 45 59 36 43 88 1 77 19 10 15 83 35 97 63 48 52 99 24 67 60 51 0 41 28 33 25 78 34 84 31 3 66 82 93 9 5 94 44 89 68 21 47 53 37 30 86 65 91 27 29 38 55 13 70 6 58 87 26 17 23 64 80 11 96 20 90 8 56 72 71 95 50 61 16 2 14 57 54 62 40 76 74 39 7 92 18 32
Coste: 1639670875

GENERACION: 70
Mejor Solucion:  22 75 49 69 4 42 81 98 85 73 46 79 12 45 59 36 43 88 1 77 19 10 15 83 35 97 63 48 52 99 24 67 60 51 0 41 28 33 25 78 34 84 31 3 66 82 93 9 5 94 44 89 68 21 47 53 37 30 86 65 91 27 29 38 55 13 70 6 58 87 26 17 23 64 80 11 96 20 90 8 56 72 71 95 50 61 16 2 14 57 54 62 40 76 74 39 7 92 18 32
Coste: 1639670875

GENERACION: 71
Mejor Solucion:  22 75 49 69 4 42 81 98 85 73 46 79 12 45 59 36 43 88 1 77 19 10 15 83 35 97 63 48 52 99 24 67 60 51 0 41 28 33 25 78 34 84 31 3 66 82 93 9 5 94 44 89 68 21 47 53 37 30 86 65 91 27 29 38 55 13 70 6 58 87 26 17 23 64 80 11 96 20 90 8 56 72 71 95 50 61 16 2 14 57 54 62 40 76 74 39 7 92 18 32
Coste: 1639670875

GENERACION: 72
Mejor Solucion:  22 75 49 69 4 42 81 98 85 73 46 79 12 45 59 36 43 88 1 77 19 10 15 83 35 97 63 48 52 99 24 67 60 51 0 41 28 33 25 78 34 84 31 3 66 82 93 9 5 94 44 89 68 21 47 53 37 30 86 65 91 27 29 38 55 13 70 6 58 87 26 17 23 64 80 11 96 20 90 8 56 72 71 95 50 61 16 2 14 57 54 62 40 76 74 39 7 92 18 32
Coste: 1639670875

GENERACION: 73
Mejor Solucion:  22 75 49 69 4 42 81 98 85 73 46 79 12 45 59 36 43 88 1 77 19 10 15 83 35 97 63 48 52 99 24 67 60 51 0 41 28 33 25 78 34 84 31 3 66 82 93 9 5 94 44 89 68 21 47 53 37 30 86 65 91 27 29 38 55 13 70 6 58 87 26 17 23 64 80 11 96 20 90 8 56 72 71 95 50 61 16 2 14 57 54 62 40 76 74 39 7 92 18 32
Coste: 1639670875

GENERACION: 74
Mejor Solucion:  22 75 49 69 4 42 81 98 85 73 46 79 12 45 59 36 43 88 1 77 19 10 15 83 35 97 63 48 52 99 24 67 60 51 0 41 28 33 25 78 34 84 31 3 66 82 93 9 5 94 44 89 68 21 47 53 37 30 86 65 91 27 29 38 55 13 70 6 58 87 26 17 23 64 80 11 96 20 90 8 56 72 71 95 50 61 16 2 14 57 54 62 40 76 74 39 7 92 18 32
Coste: 1639670875

GENERACION: 75
Mejor Solucion:  22 75 49 69 4 42 81 98 85 73 46 79 12 45 59 36 43 88 1 77 19 10 15 83 35 97 63 48 52 99 24 67 60 51 0 41 28 33 25 78 34 84 31 3 66 82 93 9 5 94 44 89 68 21 47 53 37 30 86 65 91 27 29 38 55 13 70 6 58 87 26 17 23 64 80 11 96 20 90 8 56 72 71 95 50 61 16 2 14 57 54 62 40 76 74 39 7 92 18 32
Coste: 1639670875

GENERACION: 76
Mejor Solucion:  22 75 49 69 4 42 81 98 85 73 46 79 12 45 59 36 43 88 1 77 19 10 15 83 35 97 63 48 52 99 24 67 60 51 0 41 28 33 25 78 34 84 31 3 66 82 93 9 5 94 44 89 68 21 47 53 37 30 86 65 91 27 29 38 55 13 70 6 58 87 26 17 23 64 80 11 96 20 90 8 56 72 71 95 50 61 16 2 14 57 54 62 40 76 74 39 7 92 18 32
Coste: 1639670875

GENERACION: 77
Mejor Solucion:  22 75 49 69 4 42 81 98 85 73 46 79 12 45 59 36 43 88 1 77 19 10 15 83 35 97 63 48 52 99 24 67 60 51 0 41 28 33 25 78 34 84 31 3 66 82 93 9 5 94 44 89 68 21 47 53 37 30 86 65 91 27 29 38 55 13 70 6 58 87 26 17 23 64 80 11 96 20 90 8 56 72 71 95 50 61 16 2 14 57 54 62 40 76 74 39 7 92 18 32
Coste: 1639670875

GENERACION: 78
Mejor Solucion:  22 75 49 69 4 42 81 98 85 73 46 79 12 45 59 36 43 88 1 77 19 10 15 83 35 97 63 48 52 99 24 67 60 51 0 41 28 33 25 78 34 84 31 3 66 82 93 9 5 94 44 89 68 21 47 53 37 30 86 65 91 27 29 38 55 13 70 6 58 87 26 17 23 64 80 11 96 20 90 8 56 72 71 95 50 61 16 2 14 57 54 62 40 76 74 39 7 92 18 32
Coste: 1639670875

GENERACION: 79
Mejor Solucion:  22 75 49 69 4 42 81 98 85 73 46 79 12 45 59 36 43 88 1 77 19 10 15 83 35 97 63 48 52 99 24 67 60 51 0 41 28 33 25 78 34 84 31 3 66 82 93 9 5 94 44 89 68 21 47 53 37 30 86 65 91 27 29 38 55 13 70 6 58 87 26 17 23 64 80 11 96 20 90 8 56 72 71 95 50 61 16 2 14 57 54 62 40 76 74 39 7 92 18 32
Coste: 1639670875

GENERACION: 80
Mejor Solucion:  22 75 49 69 4 42 81 98 85 73 46 79 12 45 59 36 43 88 1 77 19 10 15 83 35 97 63 48 52 99 24 67 60 51 0 41 28 33 25 78 34 84 31 3 66 82 93 9 5 94 44 89 68 21 47 53 37 30 86 65 91 27 29 38 55 13 70 6 58 87 26 17 23 64 80 11 96 20 90 8 56 72 71 95 50 61 16 2 14 57 54 62 40 76 74 39 7 92 18 32
Coste: 1639670875

GENERACION: 81
Mejor Solucion:  22 75 49 69 4 42 81 98 85 73 46 79 12 45 59 36 43 88 1 77 19 10 15 83 35 97 63 48 52 99 24 67 60 51 0 41 28 33 25 78 34 84 31 3 66 82 93 9 5 94 44 89 68 21 47 53 37 30 86 65 91 27 29 38 55 13 70 6 58 87 26 17 23 64 80 11 96 20 90 8 56 72 71 95 50 61 16 2 14 57 54 62 40 76 74 39 7 92 18 32
Coste: 1639670875

GENERACION: 82
Mejor Solucion:  22 75 49 69 4 42 81 98 85 73 46 79 12 45 59 36 43 88 1 77 19 10 15 83 35 97 63 48 52 99 24 67 60 51 0 41 28 33 25 78 34 84 31 3 66 82 93 9 5 94 44 89 68 21 47 53 37 30 86 65 91 27 29 38 55 13 70 6 58 87 26 17 23 64 80 11 96 20 90 8 56 72 71 95 50 61 16 2 14 57 54 62 40 76 74 39 7 92 18 32
Coste: 1639670875

GENERACION: 83
Mejor Solucion:  22 75 49 69 4 42 81 98 85 73 46 79 12 45 59 36 43 88 1 77 19 10 15 83 35 97 63 48 52 99 24 67 60 51 0 41 28 33 25 78 34 84 31 3 66 82 93 9 5 94 44 89 68 21 47 53 37 30 86 65 91 27 29 38 55 13 70 6 58 87 26 17 23 64 80 11 96 20 90 8 56 72 71 95 50 61 16 2 14 57 54 62 40 76 74 39 7 92 18 32
Coste: 1639670875

GENERACION: 84
Mejor Solucion:  22 75 49 69 4 42 81 98 85 73 46 79 12 45 59 36 43 88 1 77 19 10 15 83 35 97 63 48 52 99 24 67 60 51 0 41 28 33 25 78 34 84 31 3 66 82 93 9 5 94 44 89 68 21 47 53 37 30 86 65 91 27 29 38 55 13 70 6 58 87 26 17 23 64 80 11 96 20 90 8 56 72 71 95 50 61 16 2 14 57 54 62 40 76 74 39 7 92 18 32
Coste: 1639670875

GENERACION: 85
Mejor Solucion:  22 75 49 69 4 42 81 98 85 73 46 79 12 45 59 36 43 88 1 77 19 10 15 83 35 97 63 48 52 99 24 67 60 51 0 41 28 33 25 78 34 84 31 3 66 82 93 9 5 94 44 89 68 21 47 53 37 30 86 65 91 27 29 38 55 13 70 6 58 87 26 17 23 64 80 11 96 20 90 8 56 72 71 95 50 61 16 2 14 57 54 62 40 76 74 39 7 92 18 32
Coste: 1639670875

GENERACION: 86
Mejor Solucion:  22 75 49 69 4 42 81 98 85 73 46 79 12 45 59 36 43 88 1 77 19 10 15 83 35 97 63 48 52 99 24 67 60 51 0 41 28 33 25 78 34 84 31 3 66 82 93 9 5 94 44 89 68 21 47 53 37 30 86 65 91 27 29 38 55 13 70 6 58 87 26 17 23 64 80 11 96 20 90 8 56 72 71 95 50 61 16 2 14 57 54 62 40 76 74 39 7 92 18 32
Coste: 1639670875

GENERACION: 87
Mejor Solucion:  22 75 49 69 4 42 81 98 85 73 46 79 12 45 59 36 43 88 1 77 19 10 15 83 35 97 63 48 52 99 24 67 60 51 0 41 28 33 25 78 34 84 31 3 66 82 93 9 5 94 44 89 68 21 47 53 37 30 86 65 91 27 29 38 55 13 70 6 58 87 26 17 23 64 80 11 96 20 90 8 56 72 71 95 50 61 16 2 14 57 54 62 40 76 74 39 7 92 18 32
Coste: 1639670875

GENERACION: 88
Mejor Solucion:  22 75 49 69 4 42 81 98 85 73 46 79 12 45 59 36 43 88 1 77 19 10 15 83 35 97 63 48 52 99 24 67 60 51 0 41 28 33 25 78 34 84 31 3 66 82 93 9 5 94 44 89 68 21 47 53 37 30 86 65 91 27 29 38 55 13 70 6 58 87 26 17 23 64 80 11 96 20 90 8 56 72 71 95 50 61 16 2 14 57 54 62 40 76 74 39 7 92 18 32
Coste: 1639670875

GENERACION: 89
Mejor Solucion:  22 75 49 69 4 42 81 98 85 73 46 79 12 45 59 36 43 88 1 77 19 10 15 83 35 97 63 48 52 99 24 67 60 51 0 41 28 33 25 78 34 84 31 3 66 82 93 9 5 94 44 89 68 21 47 53 37 30 86 65 91 27 29 38 55 13 70 6 58 87 26 17 23 64 80 11 96 20 90 8 56 72 71 95 50 61 16 2 14 57 54 62 40 76 74 39 7 92 18 32
Coste: 1639670875

GENERACION: 90
Mejor Solucion:  22 75 49 69 4 42 81 98 85 73 46 79 12 45 59 36 43 88 1 77 19 10 15 83 35 97 63 48 52 99 24 67 60 51 0 41 28 33 25 78 34 84 31 3 66 82 93 9 5 94 44 89 68 21 47 53 37 30 86 65 91 27 29 38 55 13 70 6 58 87 26 17 23 64 80 11 96 20 90 8 56 72 71 95 50 61 16 2 14 57 54 62 40 76 74 39 7 92 18 32
Coste: 1639670875

GENERACION: 91
Mejor Solucion:  22 75 49 69 4 42 81 98 85 73 46 79 12 45 59 36 43 88 1 77 19 10 15 83 35 97 63 48 52 99 24 67 60 51 0 41 28 33 25 78 34 84 31 3 66 82 93 9 5 94 44 89 68 21 47 53 37 30 86 65 91 27 29 38 55 13 70 6 58 87 26 17 23 64 80 11 96 20 90 8 56 72 71 95 50 61 16 2 14 57 54 62 40 76 74 39 7 92 18 32
Coste: 1639670875

GENERACION: 92
Mejor Solucion:  22 75 49 69 4 42 81 98 85 73 46 79 12 45 59 36 43 88 1 77 19 10 15 83 35 97 63 48 52 99 24 67 60 51 0 41 28 33 25 78 34 84 31 3 66 82 93 9 5 94 44 89 68 21 47 53 37 30 86 65 91 27 29 38 55 13 70 6 58 87 26 17 23 64 80 11 96 20 90 8 56 72 71 95 50 61 16 2 14 57 54 62 40 76 74 39 7 92 18 32
Coste: 1639670875

GENERACION: 93
Mejor Solucion:  22 75 49 69 4 42 81 98 85 73 46 79 12 45 59 36 43 88 1 77 19 10 15 83 35 97 63 48 52 99 24 67 60 51 0 41 28 33 25 78 34 84 31 3 66 82 93 9 5 94 44 89 68 21 47 53 37 30 86 65 91 27 29 38 55 13 70 6 58 87 26 17 23 64 80 11 96 20 90 8 56 72 71 95 50 61 16 2 14 57 54 62 40 76 74 39 7 92 18 32
Coste: 1639670875

GENERACION: 94
Mejor Solucion:  22 75 49 69 4 42 81 98 85 73 46 79 12 45 59 36 43 88 1 77 19 10 15 83 35 97 63 48 52 99 24 67 60 51 0 41 28 33 25 78 34 84 31 3 66 82 93 9 5 94 44 89 68 21 47 53 37 30 86 65 91 27 29 38 55 13 70 6 58 87 26 17 23 64 80 11 96 20 90 8 56 72 71 95 50 61 16 2 14 57 54 62 40 76 74 39 7 92 18 32
Coste: 1639670875

GENERACION: 95
Mejor Solucion:  22 75 49 69 4 42 81 98 85 73 46 79 12 45 59 36 43 88 1 77 19 10 15 83 35 97 63 48 52 99 24 67 60 51 0 41 28 33 25 78 34 84 31 3 66 82 93 9 5 94 44 89 68 21 47 53 37 30 86 65 91 27 29 38 55 13 70 6 58 87 26 17 23 64 80 11 96 20 90 8 56 72 71 95 50 61 16 2 14 57 54 62 40 76 74 39 7 92 18 32
Coste: 1639670875

GENERACION: 96
Mejor Solucion:  22 75 49 69 4 42 81 98 85 73 46 79 12 45 59 36 43 88 1 77 19 10 15 83 35 97 63 48 52 99 24 67 60 51 0 41 28 33 25 78 34 84 31 3 66 82 93 9 5 94 44 89 68 21 47 53 37 30 86 65 91 27 29 38 55 13 70 6 58 87 26 17 23 64 80 11 96 20 90 8 56 72 71 95 50 61 16 2 14 57 54 62 40 76 74 39 7 92 18 32
Coste: 1639670875

GENERACION: 97
Mejor Solucion:  22 75 49 69 4 42 81 98 85 73 46 79 12 45 59 36 43 88 1 77 19 10 15 83 35 97 63 48 52 99 24 67 60 51 0 41 28 33 25 78 34 84 31 3 66 82 93 9 5 94 44 89 68 21 47 53 37 30 86 65 91 27 29 38 55 13 70 6 58 87 26 17 23 64 80 11 96 20 90 8 56 72 71 95 50 61 16 2 14 57 54 62 40 76 74 39 7 92 18 32
Coste: 1639670875

GENERACION: 98
Mejor Solucion:  22 75 49 69 4 42 81 98 85 73 46 79 12 45 59 36 43 88 1 77 19 10 15 83 35 97 63 48 52 99 24 67 60 51 0 41 28 33 25 78 34 84 31 3 66 82 93 9 5 94 44 89 68 21 47 53 37 30 86 65 91 27 29 38 55 13 70 6 58 87 26 17 23 64 80 11 96 20 90 8 56 72 71 95 50 61 16 2 14 57 54 62 40 76 74 39 7 92 18 32
Coste: 1639670875

GENERACION: 99
Mejor Solucion:  22 75 49 69 4 42 81 98 85 73 46 79 12 45 59 36 43 88 1 77 19 10 15 83 35 97 63 48 52 99 24 67 60 51 0 41 28 33 25 78 34 84 31 3 66 82 93 9 5 94 44 89 68 21 47 53 37 30 86 65 91 27 29 38 55 13 70 6 58 87 26 17 23 64 80 11 96 20 90 8 56 72 71 95 50 61 16 2 14 57 54 62 40 76 74 39 7 92 18 32
Coste: 1639670875

GENERACION: 100
Mejor Solucion:  22 75 49 69 4 42 81 98 85 73 46 79 12 45 59 36 43 88 1 77 19 10 15 83 35 97 63 48 52 99 24 67 60 51 0 41 28 33 25 78 34 84 31 3 66 82 93 9 5 94 44 89 68 21 47 53 37 30 86 65 91 27 29 38 55 13 70 6 58 87 26 17 23 64 80 11 96 20 90 8 56 72 71 95 50 61 16 2 14 57 54 62 40 76 74 39 7 92 18 32
Coste: 1639670875

GENERACION: 101
Mejor Solucion:  22 75 49 69 4 42 81 98 85 73 46 79 12 45 59 36 43 88 1 77 19 10 15 83 35 97 63 48 52 99 24 67 60 51 0 41 28 33 25 78 34 84 31 3 66 82 93 9 5 94 44 89 68 21 47 53 37 30 86 65 91 27 29 38 55 13 70 6 58 87 26 17 23 64 80 11 96 20 90 8 56 72 71 95 50 61 16 2 14 57 54 62 40 76 74 39 7 92 18 32
Coste: 1639670875

GENERACION: 102
Mejor Solucion:  22 75 49 69 4 42 81 98 85 73 46 79 12 45 59 36 43 88 1 77 19 10 15 83 35 97 63 48 52 99 24 67 60 51 0 41 28 33 25 78 34 84 31 3 66 82 93 9 5 94 44 89 68 21 47 53 37 30 86 65 91 27 29 38 55 13 70 6 58 87 26 17 23 64 80 11 96 20 90 8 56 72 71 95 50 61 16 2 14 57 54 62 40 76 74 39 7 92 18 32
Coste: 1639670875

GENERACION: 103
Mejor Solucion:  22 75 49 69 4 42 81 98 85 73 46 79 12 45 59 36 43 88 1 77 19 10 15 83 35 97 63 48 52 99 24 67 60 51 0 41 28 33 25 78 34 84 31 3 66 82 93 9 5 94 44 89 68 21 47 53 37 30 86 65 91 27 29 38 55 13 70 6 58 87 26 17 23 64 80 11 96 20 90 8 56 72 71 95 50 61 16 2 14 57 54 62 40 76 74 39 7 92 18 32
Coste: 1639670875

GENERACION: 104
Mejor Solucion:  22 75 49 69 4 42 81 98 85 73 46 79 12 45 59 36 43 88 1 77 19 10 15 83 35 97 63 48 52 99 24 67 60 51 0 41 28 33 25 78 34 84 31 3 66 82 93 9 5 94 44 89 68 21 47 53 37 30 86 65 91 27 29 38 55 13 70 6 58 87 26 17 23 64 80 11 96 20 90 8 56 72 71 95 50 61 16 2 14 57 54 62 40 76 74 39 7 92 18 32
Coste: 1639670875

GENERACION: 105
Mejor Solucion:  22 75 49 69 4 42 81 98 85 73 46 79 12 45 59 36 43 88 1 77 19 10 15 83 35 97 63 48 52 99 24 67 60 51 0 41 28 33 25 78 34 84 31 3 66 82 93 9 5 94 44 89 68 21 47 53 37 30 86 65 91 27 29 38 55 13 70 6 58 87 26 17 23 64 80 11 96 20 90 8 56 72 71 95 50 61 16 2 14 57 54 62 40 76 74 39 7 92 18 32
Coste: 1639670875

GENERACION: 106
Mejor Solucion:  22 75 49 69 4 42 81 98 85 73 46 79 12 45 59 36 43 88 1 77 19 10 15 83 35 97 63 48 52 99 24 67 60 51 0 41 28 33 25 78 34 84 31 3 66 82 93 9 5 94 44 89 68 21 47 53 37 30 86 65 91 27 29 38 55 13 70 6 58 87 26 17 23 64 80 11 96 20 90 8 56 72 71 95 50 61 16 2 14 57 54 62 40 76 74 39 7 92 18 32
Coste: 1639670875

GENERACION: 107
Mejor Solucion:  22 75 49 69 4 42 81 98 85 73 46 79 12 45 59 36 43 88 1 77 19 10 15 83 35 97 63 48 52 99 24 67 60 51 0 41 28 33 25 78 34 84 31 3 66 82 93 9 5 94 44 89 68 21 47 53 37 30 86 65 91 27 29 38 55 13 70 6 58 87 26 17 23 64 80 11 96 20 90 8 56 72 71 95 50 61 16 2 14 57 54 62 40 76 74 39 7 92 18 32
Coste: 1639670875

GENERACION: 108
Mejor Solucion:  22 75 49 69 4 42 81 98 85 73 46 79 12 45 59 36 43 88 1 77 19 10 15 83 35 97 63 48 52 99 24 67 60 51 0 41 28 33 25 78 34 84 31 3 66 82 93 9 5 94 44 89 68 21 47 53 37 30 86 65 91 27 29 38 55 13 70 6 58 87 26 17 23 64 80 11 96 20 90 8 56 72 71 95 50 61 16 2 14 57 54 62 40 76 74 39 7 92 18 32
Coste: 1639670875

GENERACION: 109
Mejor Solucion:  22 75 49 69 4 42 81 98 85 73 46 79 12 45 59 36 43 88 1 77 19 10 15 83 35 97 63 48 52 99 24 67 60 51 0 41 28 33 25 78 34 84 31 3 66 82 93 9 5 94 44 89 68 21 47 53 37 30 86 65 91 27 29 38 55 13 70 6 58 87 26 17 23 64 80 11 96 20 90 8 56 72 71 95 50 61 16 2 14 57 54 62 40 76 74 39 7 92 18 32
Coste: 1639670875

GENERACION: 110
Mejor Solucion:  22 75 49 69 4 42 81 98 85 73 46 79 12 45 59 36 43 88 1 77 19 10 15 83 35 97 63 48 52 99 24 67 60 51 0 41 28 33 25 78 34 84 31 3 66 82 93 9 5 94 44 89 68 21 47 53 37 30 86 65 91 27 29 38 55 13 70 6 58 87 26 17 23 64 80 11 96 20 90 8 56 72 71 95 50 61 16 2 14 57 54 62 40 76 74 39 7 92 18 32
Coste: 1639670875

GENERACION: 111
Mejor Solucion:  22 75 49 69 4 42 81 98 85 73 46 79 12 45 59 36 43 88 1 77 19 10 15 83 35 97 63 48 52 99 24 67 60 51 0 41 28 33 25 78 34 84 31 3 66 82 93 9 5 94 44 89 68 21 47 53 37 30 86 65 91 27 29 38 55 13 70 6 58 87 26 17 23 64 80 11 96 20 90 8 56 72 71 95 50 61 16 2 14 57 54 62 40 76 74 39 7 92 18 32
Coste: 1639670875

GENERACION: 112
Mejor Solucion:  22 75 49 69 4 42 81 98 85 73 46 79 12 45 59 36 43 88 1 77 19 10 15 83 35 97 63 48 52 99 24 67 60 51 0 41 28 33 25 78 34 84 31 3 66 82 93 9 5 94 44 89 68 21 47 53 37 30 86 65 91 27 29 38 55 13 70 6 58 87 26 17 23 64 80 11 96 20 90 8 56 72 71 95 50 61 16 2 14 57 54 62 40 76 74 39 7 92 18 32
Coste: 1639670875

GENERACION: 113
Mejor Solucion:  22 75 49 69 4 42 81 98 85 73 46 79 12 45 59 36 43 88 1 77 19 10 15 83 35 97 63 48 52 99 24 67 60 51 0 41 28 33 25 78 34 84 31 3 66 82 93 9 5 94 44 89 68 21 47 53 37 30 86 65 91 27 29 38 55 13 70 6 58 87 26 17 23 64 80 11 96 20 90 8 56 72 71 95 50 61 16 2 14 57 54 62 40 76 74 39 7 92 18 32
Coste: 1639670875

GENERACION: 114
Mejor Solucion:  22 75 49 69 4 42 81 98 85 73 46 79 12 45 59 36 43 88 1 77 19 10 15 83 35 97 63 48 52 99 24 67 60 51 0 41 28 33 25 78 34 84 31 3 66 82 93 9 5 94 44 89 68 21 47 53 37 30 86 65 91 27 29 38 55 13 70 6 58 87 26 17 23 64 80 11 96 20 90 8 56 72 71 95 50 61 16 2 14 57 54 62 40 76 74 39 7 92 18 32
Coste: 1639670875

GENERACION: 115
Mejor Solucion:  22 75 49 69 4 42 81 98 85 73 46 79 12 45 59 36 43 88 1 77 19 10 15 83 35 97 63 48 52 99 24 67 60 51 0 41 28 33 25 78 34 84 31 3 66 82 93 9 5 94 44 89 68 21 47 53 37 30 86 65 91 27 29 38 55 13 70 6 58 87 26 17 23 64 80 11 96 20 90 8 56 72 71 95 50 61 16 2 14 57 54 62 40 76 74 39 7 92 18 32
Coste: 1639670875

GENERACION: 116
Mejor Solucion:  22 75 49 69 4 42 81 98 85 73 46 79 12 45 59 36 43 88 1 77 19 10 15 83 35 97 63 48 52 99 24 67 60 51 0 41 28 33 25 78 34 84 31 3 66 82 93 9 5 94 44 89 68 21 47 53 37 30 86 65 91 27 29 38 55 13 70 6 58 87 26 17 23 64 80 11 96 20 90 8 56 72 71 95 50 61 16 2 14 57 54 62 40 76 74 39 7 92 18 32
Coste: 1639670875

GENERACION: 117
Mejor Solucion:  22 75 49 69 4 42 81 98 85 73 46 79 12 45 59 36 43 88 1 77 19 10 15 83 35 97 63 48 52 99 24 67 60 51 0 41 28 33 25 78 34 84 31 3 66 82 93 9 5 94 44 89 68 21 47 53 37 30 86 65 91 27 29 38 55 13 70 6 58 87 26 17 23 64 80 11 96 20 90 8 56 72 71 95 50 61 16 2 14 57 54 62 40 76 74 39 7 92 18 32
Coste: 1639670875

GENERACION: 118
Mejor Solucion:  22 75 49 69 4 42 81 98 85 73 46 79 12 45 59 36 43 88 1 77 19 10 15 83 35 97 63 48 52 99 24 67 60 51 0 41 28 33 25 78 34 84 31 3 66 82 93 9 5 94 44 89 68 21 47 53 37 30 86 65 91 27 29 38 55 13 70 6 58 87 26 17 23 64 80 11 96 20 90 8 56 72 71 95 50 61 16 2 14 57 54 62 40 76 74 39 7 92 18 32
Coste: 1639670875

GENERACION: 119
Mejor Solucion:  22 75 49 69 4 42 81 98 85 73 46 79 12 45 59 36 43 88 1 77 19 10 15 83 35 97 63 48 52 99 24 67 60 51 0 41 28 33 25 78 34 84 31 3 66 82 93 9 5 94 44 89 68 21 47 53 37 30 86 65 91 27 29 38 55 13 70 6 58 87 26 17 23 64 80 11 96 20 90 8 56 72 71 95 50 61 16 2 14 57 54 62 40 76 74 39 7 92 18 32
Coste: 1639670875

GENERACION: 120
Mejor Solucion:  22 75 49 69 4 42 81 98 85 73 46 79 12 45 59 36 43 88 1 77 19 10 15 83 35 97 63 48 52 99 24 67 60 51 0 41 28 33 25 78 34 84 31 3 66 82 93 9 5 94 44 89 68 21 47 53 37 30 86 65 91 27 29 38 55 13 70 6 58 87 26 17 23 64 80 11 96 20 90 8 56 72 71 95 50 61 16 2 14 57 54 62 40 76 74 39 7 92 18 32
Coste: 1639670875

GENERACION: 121
Mejor Solucion:  22 75 49 69 4 42 81 98 85 73 46 79 12 45 59 36 43 88 1 77 19 10 15 83 35 97 63 48 52 99 24 67 60 51 0 41 28 33 25 78 34 84 31 3 66 82 93 9 5 94 44 89 68 21 47 53 37 30 86 65 91 27 29 38 55 13 70 6 58 87 26 17 23 64 80 11 96 20 90 8 56 72 71 95 50 61 16 2 14 57 54 62 40 76 74 39 7 92 18 32
Coste: 1639670875

GENERACION: 122
Mejor Solucion:  22 75 49 69 4 42 81 98 85 73 46 79 12 45 59 36 43 88 1 77 19 10 15 83 35 97 63 48 52 99 24 67 60 51 0 41 28 33 25 78 34 84 31 3 66 82 93 9 5 94 44 89 68 21 47 53 37 30 86 65 91 27 29 38 55 13 70 6 58 87 26 17 23 64 80 11 96 20 90 8 56 72 71 95 50 61 16 2 14 57 54 62 40 76 74 39 7 92 18 32
Coste: 1639670875

GENERACION: 123
Mejor Solucion:  22 75 49 69 4 42 81 98 85 73 46 79 12 45 59 36 43 88 1 77 19 10 15 83 35 97 63 48 52 99 24 67 60 51 0 41 28 33 25 78 34 84 31 3 66 82 93 9 5 94 44 89 68 21 47 53 37 30 86 65 91 27 29 38 55 13 70 6 58 87 26 17 23 64 80 11 96 20 90 8 56 72 71 95 50 61 16 2 14 57 54 62 40 76 74 39 7 92 18 32
Coste: 1639670875

GENERACION: 124
Mejor Solucion:  22 75 49 69 4 42 81 98 85 73 46 79 12 45 59 36 43 88 1 77 19 10 15 83 35 97 63 48 52 99 24 67 60 51 0 41 28 33 25 78 34 84 31 3 66 82 93 9 5 94 44 89 68 21 47 53 37 30 86 65 91 27 29 38 55 13 70 6 58 87 26 17 23 64 80 11 96 20 90 8 56 72 71 95 50 61 16 2 14 57 54 62 40 76 74 39 7 92 18 32
Coste: 1639670875

GENERACION: 125
Mejor Solucion:  22 75 49 69 4 42 81 98 85 73 46 79 12 45 59 36 43 88 1 77 19 10 15 83 35 97 63 48 52 99 24 67 60 51 0 41 28 33 25 78 34 84 31 3 66 82 93 9 5 94 44 89 68 21 47 53 37 30 86 65 91 27 29 38 55 13 70 6 58 87 26 17 23 64 80 11 96 20 90 8 56 72 71 95 50 61 16 2 14 57 54 62 40 76 74 39 7 92 18 32
Coste: 1639670875

GENERACION: 126
Mejor Solucion:  22 75 49 69 4 42 81 98 85 73 46 79 12 45 59 36 43 88 1 77 19 10 15 83 35 97 63 48 52 99 24 67 60 51 0 41 28 33 25 78 34 84 31 3 66 82 93 9 5 94 44 89 68 21 47 53 37 30 86 65 91 27 29 38 55 13 70 6 58 87 26 17 23 64 80 11 96 20 90 8 56 72 71 95 50 61 16 2 14 57 54 62 40 76 74 39 7 92 18 32
Coste: 1639670875

GENERACION: 127
Mejor Solucion:  22 75 49 69 4 42 81 98 85 73 46 79 12 45 59 36 43 88 1 77 19 10 15 83 35 97 63 48 52 99 24 67 60 51 0 41 28 33 25 78 34 84 31 3 66 82 93 9 5 94 44 89 68 21 47 53 37 30 86 65 91 27 29 38 55 13 70 6 58 87 26 17 23 64 80 11 96 20 90 8 56 72 71 95 50 61 16 2 14 57 54 62 40 76 74 39 7 92 18 32
Coste: 1639670875

GENERACION: 128
Mejor Solucion:  22 75 49 69 4 42 81 98 85 73 46 79 12 45 59 36 43 88 1 77 19 10 15 83 35 97 63 48 52 99 24 67 60 51 0 41 28 33 25 78 34 84 31 3 66 82 93 9 5 94 44 89 68 21 47 53 37 30 86 65 91 27 29 38 55 13 70 6 58 87 26 17 23 64 80 11 96 20 90 8 56 72 71 95 50 61 16 2 14 57 54 62 40 76 74 39 7 92 18 32
Coste: 1639670875

GENERACION: 129
Mejor Solucion:  22 75 49 69 4 42 81 98 85 73 46 79 12 45 59 36 43 88 1 77 19 10 15 83 35 97 63 48 52 99 24 67 60 51 0 41 28 33 25 78 34 84 31 3 66 82 93 9 5 94 44 89 68 21 47 53 37 30 86 65 91 27 29 38 55 13 70 6 58 87 26 17 23 64 80 11 96 20 90 8 56 72 71 95 50 61 16 2 14 57 54 62 40 76 74 39 7 92 18 32
Coste: 1639670875

