GENERACION: 1
Mejor Solucion:  19 20 92 44 45 12 83 74 91 89 36 35 87 67 69 58 43 81 98 86 65 23 9 73 49 52 88 18 77 78 71 56 53 16 51 1 11 7 21 38 29 93 5 37 27 28 50 8 24 57 31 85 48 63 66 84 34 55 22 72 76 96 42 15 47 61 17 54 14 94 40 95 0 39 46 41 62 99 68 30 3 75 70 32 6 64 4 59 2 33 60 80 25 90 97 13 26 10 79 82
Coste: 1695054581

GENERACION: 2
Mejor Solucion:  19 20 92 44 45 12 83 74 91 89 36 35 87 67 69 58 43 81 98 86 65 23 9 73 49 52 88 18 77 78 71 56 53 16 51 1 11 7 21 38 29 93 5 37 27 28 50 8 24 57 31 85 48 63 66 84 34 55 22 72 76 96 42 15 47 61 17 54 14 94 40 95 0 39 46 41 62 99 68 30 3 75 70 32 6 64 4 59 2 33 60 80 25 90 97 13 26 10 79 82
Coste: 1695054581

GENERACION: 3
Mejor Solucion:  19 20 92 44 45 12 83 74 91 89 36 35 87 67 69 58 43 81 98 86 65 23 9 73 49 52 88 18 77 78 71 56 53 16 51 1 11 7 21 38 29 93 5 37 27 28 50 8 24 57 31 85 48 63 66 84 34 55 22 72 76 96 42 15 47 61 17 54 14 94 40 95 0 39 46 41 62 99 68 30 3 75 70 32 6 64 4 59 2 33 60 80 25 90 97 13 26 10 79 82
Coste: 1695054581

GENERACION: 4
Mejor Solucion:  19 20 92 44 45 12 83 74 91 89 36 35 87 67 69 58 43 81 98 86 65 23 9 73 49 52 88 18 77 78 71 56 53 16 51 1 11 7 21 38 29 93 5 37 27 28 50 8 24 57 31 85 48 63 66 84 34 55 22 72 76 96 42 15 47 61 17 54 14 94 40 95 0 39 46 41 62 99 68 30 3 75 70 32 6 64 4 59 2 33 60 80 25 90 97 13 26 10 79 82
Coste: 1695054581

GENERACION: 5
Mejor Solucion:  19 20 92 44 45 12 83 74 91 89 36 35 87 67 69 58 43 81 98 86 65 23 9 73 49 52 88 18 77 78 71 56 53 16 51 1 11 7 21 38 29 93 5 37 27 28 50 8 24 57 31 85 48 63 66 84 34 55 22 72 76 96 42 15 47 61 17 54 14 94 40 95 0 39 46 41 62 99 68 30 3 75 70 32 6 64 4 59 2 33 60 80 25 90 97 13 26 10 79 82
Coste: 1695054581

GENERACION: 6
Mejor Solucion:  19 20 92 44 45 12 83 74 91 89 36 35 87 67 69 58 43 81 98 86 65 23 9 73 49 52 88 18 77 78 71 56 53 16 51 1 11 7 21 38 29 93 5 37 27 28 50 8 24 57 31 85 48 63 66 84 34 55 22 72 76 96 42 15 47 61 17 54 14 94 40 95 0 39 46 41 62 99 68 30 3 75 70 32 6 64 4 59 2 33 60 80 25 90 97 13 26 10 79 82
Coste: 1695054581

GENERACION: 7
Mejor Solucion:  19 20 92 44 45 12 83 74 91 89 36 35 87 67 69 58 43 81 98 86 65 23 9 73 49 52 88 18 77 78 71 56 53 16 51 1 11 7 21 38 29 93 5 37 27 28 50 8 24 57 31 85 48 63 66 84 34 55 22 72 76 96 42 15 47 61 17 54 14 94 40 95 0 39 46 41 62 99 68 30 3 75 70 32 6 64 4 59 2 33 60 80 25 90 97 13 26 10 79 82
Coste: 1695054581

GENERACION: 8
Mejor Solucion:  19 20 92 44 45 12 83 74 91 89 36 35 87 67 69 58 43 81 98 86 65 23 9 73 49 52 88 18 77 78 71 56 53 16 51 1 11 7 21 38 29 93 5 37 27 28 50 8 24 57 31 85 48 63 66 84 34 55 22 72 76 96 42 15 47 61 17 54 14 94 40 95 0 39 46 41 62 99 68 30 3 75 70 32 6 64 4 59 2 33 60 80 25 90 97 13 26 10 79 82
Coste: 1695054581

GENERACION: 9
Mejor Solucion:  19 20 92 44 45 12 83 74 91 89 36 35 87 67 69 58 43 81 98 86 65 23 9 73 49 52 88 18 77 78 71 56 53 16 51 1 11 7 21 38 29 93 5 37 27 28 50 8 24 57 31 85 48 63 66 84 34 55 22 72 76 96 42 15 47 61 17 54 14 94 40 95 0 39 46 41 62 99 68 30 3 75 70 32 6 64 4 59 2 33 60 80 25 90 97 13 26 10 79 82
Coste: 1695054581

GENERACION: 10
Mejor Solucion:  19 20 92 44 45 12 83 74 91 89 36 35 87 67 69 58 43 81 98 86 65 23 9 73 49 52 88 18 77 78 71 56 53 16 51 1 11 7 21 38 29 93 5 37 27 28 50 8 24 57 31 85 48 63 66 84 34 55 22 72 76 96 42 15 47 61 17 54 14 94 40 95 0 39 46 41 62 99 68 30 3 75 70 32 6 64 4 59 2 33 60 80 25 90 97 13 26 10 79 82
Coste: 1695054581

GENERACION: 11
Mejor Solucion:  19 20 92 44 45 12 83 74 91 89 36 35 87 67 69 58 43 81 98 86 65 23 9 73 49 52 88 18 77 78 71 56 53 16 51 1 11 7 21 38 29 93 5 37 27 28 50 8 24 57 31 85 48 63 66 84 34 55 22 72 76 96 42 15 47 61 17 54 14 94 40 95 0 39 46 41 62 99 68 30 3 75 70 32 6 64 4 59 2 33 60 80 25 90 97 13 26 10 79 82
Coste: 1695054581

GENERACION: 12
Mejor Solucion:  19 20 92 44 45 12 83 74 91 89 36 35 87 67 69 58 43 81 98 86 65 23 9 73 49 52 88 18 77 78 71 56 53 16 51 1 11 7 21 38 29 93 5 37 27 28 50 8 24 57 31 85 48 63 66 84 34 55 22 72 76 96 42 15 47 61 17 54 14 94 40 95 0 39 46 41 62 99 68 30 3 75 70 32 6 64 4 59 2 33 60 80 25 90 97 13 26 10 79 82
Coste: 1695054581

GENERACION: 13
Mejor Solucion:  19 20 92 44 45 12 83 74 91 89 36 35 87 67 69 58 43 81 98 86 65 23 9 73 49 52 88 18 77 78 71 56 53 16 51 1 11 7 21 38 29 93 5 37 27 28 50 8 24 57 31 85 48 63 66 84 34 55 22 72 76 96 42 15 47 61 17 54 14 94 40 95 0 39 46 41 62 99 68 30 3 75 70 32 6 64 4 59 2 33 60 80 25 90 97 13 26 10 79 82
Coste: 1695054581

GENERACION: 14
Mejor Solucion:  19 20 92 44 45 12 83 74 91 89 36 35 87 67 69 58 43 81 98 86 65 23 9 73 49 52 88 18 77 78 71 56 53 16 51 1 11 7 21 38 29 93 5 37 27 28 50 8 24 57 31 85 48 63 66 84 34 55 22 72 76 96 42 15 47 61 17 54 14 94 40 95 0 39 46 41 62 99 68 30 3 75 70 32 6 64 4 59 2 33 60 80 25 90 97 13 26 10 79 82
Coste: 1695054581

GENERACION: 15
Mejor Solucion:  19 20 92 44 45 12 83 74 91 89 36 35 87 67 69 58 43 81 98 86 65 23 9 73 49 52 88 18 77 78 71 56 53 16 51 1 11 7 21 38 29 93 5 37 27 28 50 8 24 57 31 85 48 63 66 84 34 55 22 72 76 96 42 15 47 61 17 54 14 94 40 95 0 39 46 41 62 99 68 30 3 75 70 32 6 64 4 59 2 33 60 80 25 90 97 13 26 10 79 82
Coste: 1695054581

GENERACION: 16
Mejor Solucion:  19 20 92 44 45 12 83 74 91 89 36 35 87 67 69 58 43 81 98 86 65 23 9 73 49 52 88 18 77 78 71 56 53 16 51 1 11 7 21 38 29 93 5 37 27 28 50 8 24 57 31 85 48 63 66 84 34 55 22 72 76 96 42 15 47 61 17 54 14 94 40 95 0 39 46 41 62 99 68 30 3 75 70 32 6 64 4 59 2 33 60 80 25 90 97 13 26 10 79 82
Coste: 1695054581

GENERACION: 17
Mejor Solucion:  19 20 92 44 45 12 83 74 91 89 36 35 87 67 69 58 43 81 98 86 65 23 9 73 49 52 88 18 77 78 71 56 53 16 51 1 11 7 21 38 29 93 5 37 27 28 50 8 24 57 31 85 48 63 66 84 34 55 22 72 76 96 42 15 47 61 17 54 14 94 40 95 0 39 46 41 62 99 68 30 3 75 70 32 6 64 4 59 2 33 60 80 25 90 97 13 26 10 79 82
Coste: 1695054581

GENERACION: 18
Mejor Solucion:  19 20 92 44 45 12 83 74 91 89 36 35 87 67 69 58 43 81 98 86 65 23 9 73 49 52 88 18 77 78 71 56 53 16 51 1 11 7 21 38 29 93 5 37 27 28 50 8 24 57 31 85 48 63 66 84 34 55 22 72 76 96 42 15 47 61 17 54 14 94 40 95 0 39 46 41 62 99 68 30 3 75 70 32 6 64 4 59 2 33 60 80 25 90 97 13 26 10 79 82
Coste: 1695054581

GENERACION: 19
Mejor Solucion:  19 20 92 44 45 12 83 74 91 89 36 35 87 67 69 58 43 81 98 86 65 23 9 73 49 52 88 18 77 78 71 56 53 16 51 1 11 7 21 38 29 93 5 37 27 28 50 8 24 57 31 85 48 63 66 84 34 55 22 72 76 96 42 15 47 61 17 54 14 94 40 95 0 39 46 41 62 99 68 30 3 75 70 32 6 64 4 59 2 33 60 80 25 90 97 13 26 10 79 82
Coste: 1695054581

GENERACION: 20
Mejor Solucion:  19 20 92 44 45 12 83 74 91 89 36 35 87 67 69 58 43 81 98 86 65 23 9 73 49 52 88 18 77 78 71 56 53 16 51 1 11 7 21 38 29 93 5 37 27 28 50 8 24 57 31 85 48 63 66 84 34 55 22 72 76 96 42 15 47 61 17 54 14 94 40 95 0 39 46 41 62 99 68 30 3 75 70 32 6 64 4 59 2 33 60 80 25 90 97 13 26 10 79 82
Coste: 1695054581

GENERACION: 21
Mejor Solucion:  19 20 92 44 45 12 83 74 91 89 36 35 87 67 69 58 43 81 98 86 65 23 9 73 49 52 88 18 77 78 71 56 53 16 51 1 11 7 21 38 29 93 5 37 27 28 50 8 24 57 31 85 48 63 66 84 34 55 22 72 76 96 42 15 47 61 17 54 14 94 40 95 0 39 46 41 62 99 68 30 3 75 70 32 6 64 4 59 2 33 60 80 25 90 97 13 26 10 79 82
Coste: 1695054581

GENERACION: 22
Mejor Solucion:  19 20 92 44 45 12 83 74 91 89 36 35 87 67 69 58 43 81 98 86 65 23 9 73 49 52 88 18 77 78 71 56 53 16 51 1 11 7 21 38 29 93 5 37 27 28 50 8 24 57 31 85 48 63 66 84 34 55 22 72 76 96 42 15 47 61 17 54 14 94 40 95 0 39 46 41 62 99 68 30 3 75 70 32 6 64 4 59 2 33 60 80 25 90 97 13 26 10 79 82
Coste: 1695054581

GENERACION: 23
Mejor Solucion:  19 20 92 44 45 12 83 74 91 89 36 35 87 67 69 58 43 81 98 86 65 23 9 73 49 52 88 18 77 78 71 56 53 16 51 1 11 7 21 38 29 93 5 37 27 28 50 8 24 57 31 85 48 63 66 84 34 55 22 72 76 96 42 15 47 61 17 54 14 94 40 95 0 39 46 41 62 99 68 30 3 75 70 32 6 64 4 59 2 33 60 80 25 90 97 13 26 10 79 82
Coste: 1695054581

GENERACION: 24
Mejor Solucion:  19 20 92 44 45 12 83 74 91 89 36 35 87 67 69 58 43 81 98 86 65 23 9 73 49 52 88 18 77 78 71 56 53 16 51 1 11 7 21 38 29 93 5 37 27 28 50 8 24 57 31 85 48 63 66 84 34 55 22 72 76 96 42 15 47 61 17 54 14 94 40 95 0 39 46 41 62 99 68 30 3 75 70 32 6 64 4 59 2 33 60 80 25 90 97 13 26 10 79 82
Coste: 1695054581

GENERACION: 25
Mejor Solucion:  19 20 92 44 45 12 83 74 91 89 36 35 87 67 69 58 43 81 98 86 65 23 9 73 49 52 88 18 77 78 71 56 53 16 51 1 11 7 21 38 29 93 5 37 27 28 50 8 24 57 31 85 48 63 66 84 34 55 22 72 76 96 42 15 47 61 17 54 14 94 40 95 0 39 46 41 62 99 68 30 3 75 70 32 6 64 4 59 2 33 60 80 25 90 97 13 26 10 79 82
Coste: 1695054581

GENERACION: 26
Mejor Solucion:  19 20 92 44 45 12 83 74 91 89 36 35 87 67 69 58 43 81 98 86 65 23 9 73 49 52 88 18 77 78 71 56 53 16 51 1 11 7 21 38 29 93 5 37 27 28 50 8 24 57 31 85 48 63 66 84 34 55 22 72 76 96 42 15 47 61 17 54 14 94 40 95 0 39 46 41 62 99 68 30 3 75 70 32 6 64 4 59 2 33 60 80 25 90 97 13 26 10 79 82
Coste: 1695054581

GENERACION: 27
Mejor Solucion:  19 20 92 44 45 12 83 74 91 89 36 35 87 67 69 58 43 81 98 86 65 23 9 73 49 52 88 18 77 78 71 56 53 16 51 1 11 7 21 38 29 93 5 37 27 28 50 8 24 57 31 85 48 63 66 84 34 55 22 72 76 96 42 15 47 61 17 54 14 94 40 95 0 39 46 41 62 99 68 30 3 75 70 32 6 64 4 59 2 33 60 80 25 90 97 13 26 10 79 82
Coste: 1695054581

GENERACION: 28
Mejor Solucion:  19 20 92 44 45 12 83 74 91 89 36 35 87 67 69 58 43 81 98 86 65 23 9 73 49 52 88 18 77 78 71 56 53 16 51 1 11 7 21 38 29 93 5 37 27 28 50 8 24 57 31 85 48 63 66 84 34 55 22 72 76 96 42 15 47 61 17 54 14 94 40 95 0 39 46 41 62 99 68 30 3 75 70 32 6 64 4 59 2 33 60 80 25 90 97 13 26 10 79 82
Coste: 1695054581

GENERACION: 29
Mejor Solucion:  19 20 92 44 45 12 83 74 91 89 36 35 87 67 69 58 43 81 98 86 65 23 9 73 49 52 88 18 77 78 71 56 53 16 51 1 11 7 21 38 29 93 5 37 27 28 50 8 24 57 31 85 48 63 66 84 34 55 22 72 76 96 42 15 47 61 17 54 14 94 40 95 0 39 46 41 62 99 68 30 3 75 70 32 6 64 4 59 2 33 60 80 25 90 97 13 26 10 79 82
Coste: 1695054581

GENERACION: 30
Mejor Solucion:  19 20 92 44 45 12 83 74 91 89 36 35 87 67 69 58 43 81 98 86 65 23 9 73 49 52 88 18 77 78 71 56 53 16 51 1 11 7 21 38 29 93 5 37 27 28 50 8 24 57 31 85 48 63 66 84 34 55 22 72 76 96 42 15 47 61 17 54 14 94 40 95 0 39 46 41 62 99 68 30 3 75 70 32 6 64 4 59 2 33 60 80 25 90 97 13 26 10 79 82
Coste: 1695054581

GENERACION: 31
Mejor Solucion:  19 20 92 44 45 12 83 74 91 89 36 35 87 67 69 58 43 81 98 86 65 23 9 73 49 52 88 18 77 78 71 56 53 16 51 1 11 7 21 38 29 93 5 37 27 28 50 8 24 57 31 85 48 63 66 84 34 55 22 72 76 96 42 15 47 61 17 54 14 94 40 95 0 39 46 41 62 99 68 30 3 75 70 32 6 64 4 59 2 33 60 80 25 90 97 13 26 10 79 82
Coste: 1695054581

GENERACION: 32
Mejor Solucion:  19 20 92 44 45 12 83 74 91 89 36 35 87 67 69 58 43 81 98 86 65 23 9 73 49 52 88 18 77 78 71 56 53 16 51 1 11 7 21 38 29 93 5 37 27 28 50 8 24 57 31 85 48 63 66 84 34 55 22 72 76 96 42 15 47 61 17 54 14 94 40 95 0 39 46 41 62 99 68 30 3 75 70 32 6 64 4 59 2 33 60 80 25 90 97 13 26 10 79 82
Coste: 1695054581

GENERACION: 33
Mejor Solucion:  19 20 92 44 45 12 83 74 91 89 36 35 87 67 69 58 43 81 98 86 65 23 9 73 49 52 88 18 77 78 71 56 53 16 51 1 11 7 21 38 29 93 5 37 27 28 50 8 24 57 31 85 48 63 66 84 34 55 22 72 76 96 42 15 47 61 17 54 14 94 40 95 0 39 46 41 62 99 68 30 3 75 70 32 6 64 4 59 2 33 60 80 25 90 97 13 26 10 79 82
Coste: 1695054581

GENERACION: 34
Mejor Solucion:  19 20 92 44 45 12 83 74 91 89 36 35 87 67 69 58 43 81 98 86 65 23 9 73 49 52 88 18 77 78 71 56 53 16 51 1 11 7 21 38 29 93 5 37 27 28 50 8 24 57 31 85 48 63 66 84 34 55 22 72 76 96 42 15 47 61 17 54 14 94 40 95 0 39 46 41 62 99 68 30 3 75 70 32 6 64 4 59 2 33 60 80 25 90 97 13 26 10 79 82
Coste: 1695054581

GENERACION: 35
Mejor Solucion:  19 20 92 44 45 12 83 74 91 89 36 35 87 67 69 58 43 81 98 86 65 23 9 73 49 52 88 18 77 78 71 56 53 16 51 1 11 7 21 38 29 93 5 37 27 28 50 8 24 57 31 85 48 63 66 84 34 55 22 72 76 96 42 15 47 61 17 54 14 94 40 95 0 39 46 41 62 99 68 30 3 75 70 32 6 64 4 59 2 33 60 80 25 90 97 13 26 10 79 82
Coste: 1695054581

GENERACION: 36
Mejor Solucion:  19 20 92 44 45 12 83 74 91 89 36 35 87 67 69 58 43 81 98 86 65 23 9 73 49 52 88 18 77 78 71 56 53 16 51 1 11 7 21 38 29 93 5 37 27 28 50 8 24 57 31 85 48 63 66 84 34 55 22 72 76 96 42 15 47 61 17 54 14 94 40 95 0 39 46 41 62 99 68 30 3 75 70 32 6 64 4 59 2 33 60 80 25 90 97 13 26 10 79 82
Coste: 1695054581

GENERACION: 37
Mejor Solucion:  56 84 72 92 81 38 83 65 91 36 67 35 87 98 69 58 15 53 5 86 27 16 9 61 23 60 49 28 33 93 85 89 70 34 45 63 74 31 21 78 29 55 37 19 47 12 57 8 30 94 43 26 48 62 66 54 88 11 99 22 76 96 42 7 79 44 71 17 82 73 40 95 0 39 46 41 52 20 68 14 3 75 51 32 6 64 4 59 50 77 1 18 80 90 13 97 24 10 2 25
Coste: 1679488370

GENERACION: 38
Mejor Solucion:  56 84 72 92 81 38 83 65 91 36 67 35 87 98 69 58 15 53 5 86 27 16 9 61 23 60 49 28 33 93 85 89 70 34 45 63 74 31 21 78 29 55 37 19 47 12 57 8 30 94 43 26 48 62 66 54 88 11 99 22 76 96 42 7 79 44 71 17 82 73 40 95 0 39 46 41 52 20 68 14 3 75 51 32 6 64 4 59 50 77 1 18 80 90 13 97 24 10 2 25
Coste: 1679488370

GENERACION: 39
Mejor Solucion:  56 84 72 92 81 38 83 65 91 36 67 35 87 98 69 58 15 53 5 86 27 16 9 61 23 60 49 28 33 93 85 89 70 34 45 63 74 31 21 78 29 55 37 19 47 12 57 8 30 94 43 26 48 62 66 54 88 11 99 22 76 96 42 7 79 44 71 17 82 73 40 95 0 39 46 41 52 20 68 14 3 75 51 32 6 64 4 59 50 77 1 18 80 90 13 97 24 10 2 25
Coste: 1679488370

GENERACION: 40
Mejor Solucion:  56 84 72 92 81 38 83 65 91 36 67 35 87 98 69 58 15 53 5 86 27 16 9 61 23 60 49 28 33 93 85 89 70 34 45 63 74 31 21 78 29 55 37 19 47 12 57 8 30 94 43 26 48 62 66 54 88 11 99 22 76 96 42 7 79 44 71 17 82 73 40 95 0 39 46 41 52 20 68 14 3 75 51 32 6 64 4 59 50 77 1 18 80 90 13 97 24 10 2 25
Coste: 1679488370

GENERACION: 41
Mejor Solucion:  56 84 72 92 81 38 83 65 91 36 67 35 87 98 69 58 15 53 5 86 27 16 9 61 23 60 49 28 33 93 85 89 70 34 45 63 74 31 21 78 29 55 37 19 47 12 57 8 30 94 43 26 48 62 66 54 88 11 99 22 76 96 42 7 79 44 71 17 82 73 40 95 0 39 46 41 52 20 68 14 3 75 51 32 6 64 4 59 50 77 1 18 80 90 13 97 24 10 2 25
Coste: 1679488370

GENERACION: 42
Mejor Solucion:  56 84 72 92 81 38 83 65 91 36 67 35 87 98 69 58 15 53 5 86 27 16 9 61 23 60 49 28 33 93 85 89 70 34 45 63 74 31 21 78 29 55 37 19 47 12 57 8 30 94 43 26 48 62 66 54 88 11 99 22 76 96 42 7 79 44 71 17 82 73 40 95 0 39 46 41 52 20 68 14 3 75 51 32 6 64 4 59 50 77 1 18 80 90 13 97 24 10 2 25
Coste: 1679488370

GENERACION: 43
Mejor Solucion:  56 84 72 92 81 38 83 65 91 36 67 35 87 98 69 58 15 53 5 86 27 16 9 61 23 60 49 28 33 93 85 89 70 34 45 63 74 31 21 78 29 55 37 19 47 12 57 8 30 94 43 26 48 62 66 54 88 11 99 22 76 96 42 7 79 44 71 17 82 73 40 95 0 39 46 41 52 20 68 14 3 75 51 32 6 64 4 59 50 77 1 18 80 90 13 97 24 10 2 25
Coste: 1679488370

GENERACION: 44
Mejor Solucion:  85 84 30 92 81 28 83 65 91 93 67 19 63 98 53 64 87 25 5 86 59 16 9 52 23 60 49 38 8 36 7 89 70 82 96 26 33 31 21 78 45 55 3 50 47 12 57 35 74 94 43 58 48 62 66 54 88 11 69 22 56 29 42 15 79 44 71 17 34 73 40 95 68 39 46 41 61 20 72 10 37 75 51 32 6 76 4 27 99 77 24 18 80 90 13 97 1 14 2 0
Coste: 1653280707

GENERACION: 45
Mejor Solucion:  85 84 30 92 81 28 83 65 91 93 67 19 63 98 53 64 87 25 5 86 59 16 9 52 23 60 49 38 8 36 7 89 70 82 96 26 33 31 21 78 45 55 3 50 47 12 57 35 74 94 43 58 48 62 66 54 88 11 69 22 56 29 42 15 79 44 71 17 34 73 40 95 68 39 46 41 61 20 72 10 37 75 51 32 6 76 4 27 99 77 24 18 80 90 13 97 1 14 2 0
Coste: 1653280707

GENERACION: 46
Mejor Solucion:  85 84 30 92 81 28 83 65 91 93 67 19 63 98 53 64 87 25 5 86 59 16 9 52 23 60 49 38 8 36 7 89 70 82 96 26 33 31 21 78 45 55 3 50 47 12 57 35 74 94 43 58 48 62 66 54 88 11 69 22 56 29 42 15 79 44 71 17 34 73 40 95 68 39 46 41 61 20 72 10 37 75 51 32 6 76 4 27 99 77 24 18 80 90 13 97 1 14 2 0
Coste: 1653280707

GENERACION: 47
Mejor Solucion:  85 84 30 92 81 28 83 65 91 93 67 19 63 98 53 64 87 25 5 86 59 16 9 52 23 60 49 38 8 36 7 89 70 82 96 26 33 31 21 78 45 55 3 50 47 12 57 35 74 94 43 58 48 62 66 54 88 11 69 22 56 29 42 15 79 44 71 17 34 73 40 95 68 39 46 41 61 20 72 10 37 75 51 32 6 76 4 27 99 77 24 18 80 90 13 97 1 14 2 0
Coste: 1653280707

GENERACION: 48
Mejor Solucion:  85 84 30 92 81 28 83 65 91 93 67 19 63 98 53 64 87 25 5 86 59 16 9 52 23 60 49 38 8 36 7 89 70 82 96 26 33 31 21 78 45 55 3 50 47 12 57 35 74 94 43 58 48 62 66 54 88 11 69 22 56 29 42 15 79 44 71 17 34 73 40 95 68 39 46 41 61 20 72 10 37 75 51 32 6 76 4 27 99 77 24 18 80 90 13 97 1 14 2 0
Coste: 1653280707

GENERACION: 49
Mejor Solucion:  85 84 30 92 81 28 83 65 91 93 67 19 63 98 53 64 87 25 5 86 59 16 9 52 23 60 49 38 8 36 7 89 70 82 96 26 33 31 21 78 45 55 3 50 47 12 57 35 74 94 43 58 48 62 66 54 88 11 69 22 56 29 42 15 79 44 71 17 34 73 40 95 68 39 46 41 61 20 72 10 37 75 51 32 6 76 4 27 99 77 24 18 80 90 13 97 1 14 2 0
Coste: 1653280707

GENERACION: 50
Mejor Solucion:  46 29 83 92 81 14 59 10 28 93 67 70 65 41 53 54 98 25 18 86 96 31 30 52 33 60 49 38 8 36 7 3 19 21 23 64 63 5 82 78 45 85 89 50 47 34 88 9 32 94 43 58 48 62 66 84 57 11 69 22 56 35 39 15 79 44 71 17 12 73 40 95 77 42 55 87 61 20 72 16 37 75 51 74 6 76 4 27 99 68 24 26 80 90 13 97 1 91 2 0
Coste: 1648239455

GENERACION: 51
Mejor Solucion:  46 29 83 92 81 14 59 10 28 93 67 70 65 41 53 54 98 25 18 86 96 31 30 52 33 60 49 38 8 36 7 3 19 21 23 64 63 5 82 78 45 85 89 50 47 34 88 9 32 94 43 58 48 62 66 84 57 11 69 22 56 35 39 15 79 44 71 17 12 73 40 95 77 42 55 87 61 20 72 16 37 75 51 74 6 76 4 27 99 68 24 26 80 90 13 97 1 91 2 0
Coste: 1648239455

GENERACION: 52
Mejor Solucion:  46 29 83 92 81 14 59 10 28 93 67 70 65 41 53 54 98 25 18 86 96 31 30 52 33 60 49 38 8 36 7 3 19 21 23 64 63 5 82 78 45 85 89 50 47 34 88 9 32 94 43 58 48 62 66 84 57 11 69 22 56 35 39 15 79 44 71 17 12 73 40 95 77 42 55 87 61 20 72 16 37 75 51 74 6 76 4 27 99 68 24 26 80 90 13 97 1 91 2 0
Coste: 1648239455

GENERACION: 53
Mejor Solucion:  46 29 83 92 81 14 59 10 28 93 67 70 65 41 53 54 98 25 18 86 96 31 30 52 33 60 49 38 8 36 7 3 19 21 23 64 63 5 82 78 45 85 89 50 47 34 88 9 32 94 43 58 48 62 66 84 57 11 69 22 56 35 39 15 79 44 71 17 12 73 40 95 77 42 55 87 61 20 72 16 37 75 51 74 6 76 4 27 99 68 24 26 80 90 13 97 1 91 2 0
Coste: 1648239455

GENERACION: 54
Mejor Solucion:  46 29 83 92 81 14 59 10 28 93 67 70 65 41 53 54 98 25 18 86 96 31 30 52 33 60 49 38 8 36 7 3 19 21 23 64 63 5 82 78 45 85 89 50 47 34 88 9 32 94 43 58 48 62 66 84 57 11 69 22 56 35 39 15 79 44 71 17 12 73 40 95 77 42 55 87 61 20 72 16 37 75 51 74 6 76 4 27 99 68 24 26 80 90 13 97 1 91 2 0
Coste: 1648239455

GENERACION: 55
Mejor Solucion:  46 29 83 92 81 14 59 10 28 93 67 70 65 41 53 54 98 25 18 86 96 31 30 52 33 60 49 38 8 36 7 3 19 21 23 64 63 5 82 78 45 85 89 50 47 34 88 9 32 94 43 58 48 62 66 84 57 11 69 22 56 35 39 15 79 44 71 17 12 73 40 95 77 42 55 87 61 20 72 16 37 75 51 74 6 76 4 27 99 68 24 26 80 90 13 97 1 91 2 0
Coste: 1648239455

GENERACION: 56
Mejor Solucion:  46 29 83 92 81 14 59 10 28 93 67 70 65 41 53 54 98 25 18 86 96 31 30 52 33 60 49 38 8 36 7 3 19 21 23 64 63 5 82 78 45 85 89 50 47 34 88 9 32 94 43 58 48 62 66 84 57 11 69 22 56 35 39 15 79 44 71 17 12 73 40 95 77 42 55 87 61 20 72 16 37 75 51 74 6 76 4 27 99 68 24 26 80 90 13 97 1 91 2 0
Coste: 1648239455

GENERACION: 57
Mejor Solucion:  46 29 83 92 81 14 59 10 28 93 67 70 65 41 53 54 98 25 18 86 96 31 30 52 33 60 49 38 8 36 7 3 19 21 23 64 63 5 82 78 45 85 89 50 47 34 88 9 32 94 43 58 48 62 66 84 57 11 69 22 56 35 39 15 79 44 71 17 12 73 40 95 77 42 55 87 61 20 72 16 37 75 51 74 6 76 4 27 99 68 24 26 80 90 13 97 1 91 2 0
Coste: 1648239455

GENERACION: 58
Mejor Solucion:  46 29 83 92 81 14 59 10 28 93 67 70 65 41 53 54 98 25 18 86 96 31 30 52 33 60 49 38 8 36 7 3 19 21 23 64 63 5 82 78 45 85 89 50 47 34 88 9 32 94 43 58 48 62 66 84 57 11 69 22 56 35 39 15 79 44 71 17 12 73 40 95 77 42 55 87 61 20 72 16 37 75 51 74 6 76 4 27 99 68 24 26 80 90 13 97 1 91 2 0
Coste: 1648239455

GENERACION: 59
Mejor Solucion:  46 29 83 92 81 14 59 10 28 93 67 70 65 41 53 54 98 25 18 86 96 31 30 52 33 60 49 38 8 36 7 3 19 21 23 64 63 5 82 78 45 85 89 50 47 34 88 9 32 94 43 58 48 62 66 84 57 11 69 22 56 35 39 15 79 44 71 17 12 73 40 95 77 42 55 87 61 20 72 16 37 75 51 74 6 76 4 27 99 68 24 26 80 90 13 97 1 91 2 0
Coste: 1648239455

GENERACION: 60
Mejor Solucion:  35 42 83 37 81 14 59 31 16 51 87 70 54 68 53 86 60 25 21 65 50 84 30 52 63 44 49 9 64 36 75 3 8 58 22 12 33 20 96 94 7 98 27 80 47 78 88 43 23 34 6 18 48 62 66 10 57 11 69 32 56 26 95 15 72 13 71 17 19 92 40 39 77 29 55 41 61 2 28 79 73 0 93 74 90 99 97 5 76 67 24 46 82 38 85 4 1 91 89 45
Coste: 1648239018

GENERACION: 61
Mejor Solucion:  35 42 83 37 81 14 59 31 16 51 87 70 54 68 53 86 60 25 21 65 50 84 30 52 63 44 49 9 64 36 75 3 8 58 22 12 33 20 96 94 7 98 27 80 47 78 88 43 23 34 6 18 48 62 66 10 57 11 69 32 56 26 95 15 72 13 71 17 19 92 40 39 77 29 55 41 61 2 28 79 73 0 93 74 90 99 97 5 76 67 24 46 82 38 85 4 1 91 89 45
Coste: 1648239018

GENERACION: 62
Mejor Solucion:  35 42 83 37 81 14 59 31 16 51 87 70 54 68 53 86 60 25 21 65 50 84 30 52 63 44 49 9 64 36 75 3 8 58 22 12 33 20 96 94 7 98 27 80 47 78 88 43 23 34 6 18 48 62 66 10 57 11 69 32 56 26 95 15 72 13 71 17 19 92 40 39 77 29 55 41 61 2 28 79 73 0 93 74 90 99 97 5 76 67 24 46 82 38 85 4 1 91 89 45
Coste: 1648239018

GENERACION: 63
Mejor Solucion:  35 42 83 37 81 14 59 31 16 51 87 70 54 68 53 86 60 25 21 65 50 84 30 52 63 44 49 9 64 36 75 3 8 58 22 12 33 20 96 94 7 98 27 80 47 78 88 43 23 34 6 18 48 62 66 10 57 11 69 32 56 26 95 15 72 13 71 17 19 92 40 39 77 29 55 41 61 2 28 79 73 0 93 74 90 99 97 5 76 67 24 46 82 38 85 4 1 91 89 45
Coste: 1648239018

GENERACION: 64
Mejor Solucion:  35 42 83 37 81 14 59 31 16 51 87 70 54 68 53 86 60 25 21 65 50 84 30 52 63 44 49 9 64 36 75 3 8 58 22 12 33 20 96 94 7 98 27 80 47 78 88 43 23 34 6 18 48 62 66 10 57 11 69 32 56 26 95 15 72 13 71 17 19 92 40 39 77 29 55 41 61 2 28 79 73 0 93 74 90 99 97 5 76 67 24 46 82 38 85 4 1 91 89 45
Coste: 1648239018

GENERACION: 65
Mejor Solucion:  35 42 83 37 81 14 59 31 16 51 87 70 54 68 53 86 60 25 21 65 50 84 30 52 63 44 49 9 64 36 75 3 8 58 22 12 33 20 96 94 7 98 27 80 47 78 88 43 23 34 6 18 48 62 66 10 57 11 69 32 56 26 95 15 72 13 71 17 19 92 40 39 77 29 55 41 61 2 28 79 73 0 93 74 90 99 97 5 76 67 24 46 82 38 85 4 1 91 89 45
Coste: 1648239018

GENERACION: 66
Mejor Solucion:  35 42 83 37 81 14 59 31 16 51 87 70 54 68 53 86 60 25 21 65 50 84 30 52 63 44 49 9 64 36 75 3 8 58 22 12 33 20 96 94 7 98 27 80 47 78 88 43 23 34 6 18 48 62 66 10 57 11 69 32 56 26 95 15 72 13 71 17 19 92 40 39 77 29 55 41 61 2 28 79 73 0 93 74 90 99 97 5 76 67 24 46 82 38 85 4 1 91 89 45
Coste: 1648239018

GENERACION: 67
Mejor Solucion:  35 42 83 37 81 14 59 31 16 51 87 70 54 68 53 86 60 25 21 65 50 84 30 52 63 44 49 9 64 36 75 3 8 58 22 12 33 20 96 94 7 98 27 80 47 78 88 43 23 34 6 18 48 62 66 10 57 11 69 32 56 26 95 15 72 13 71 17 19 92 40 39 77 29 55 41 61 2 28 79 73 0 93 74 90 99 97 5 76 67 24 46 82 38 85 4 1 91 89 45
Coste: 1648239018

GENERACION: 68
Mejor Solucion:  35 42 83 37 81 14 59 31 16 51 87 70 54 68 53 86 60 25 21 65 50 84 30 52 63 44 49 9 64 36 75 3 8 58 22 12 33 20 96 94 7 98 27 80 47 78 88 43 23 34 6 18 48 62 66 10 57 11 69 32 56 26 95 15 72 13 71 17 19 92 40 39 77 29 55 41 61 2 28 79 73 0 93 74 90 99 97 5 76 67 24 46 82 38 85 4 1 91 89 45
Coste: 1648239018

GENERACION: 69
Mejor Solucion:  35 42 83 37 81 14 59 31 16 51 87 70 54 68 53 86 60 25 21 65 50 84 30 52 63 44 49 9 64 36 75 3 8 58 22 12 33 20 96 94 7 98 27 80 47 78 88 43 23 34 6 18 48 62 66 10 57 11 69 32 56 26 95 15 72 13 71 17 19 92 40 39 77 29 55 41 61 2 28 79 73 0 93 74 90 99 97 5 76 67 24 46 82 38 85 4 1 91 89 45
Coste: 1648239018

GENERACION: 70
Mejor Solucion:  35 42 83 37 81 14 59 31 16 51 87 70 54 68 53 86 60 25 21 65 50 84 30 52 63 44 49 9 64 36 75 3 8 58 22 12 33 20 96 94 7 98 27 80 47 78 88 43 23 34 6 18 48 62 66 10 57 11 69 32 56 26 95 15 72 13 71 17 19 92 40 39 77 29 55 41 61 2 28 79 73 0 93 74 90 99 97 5 76 67 24 46 82 38 85 4 1 91 89 45
Coste: 1648239018

GENERACION: 71
Mejor Solucion:  35 42 83 37 81 14 59 31 16 51 87 70 54 68 53 86 60 25 21 65 50 84 30 52 63 44 49 9 64 36 75 3 8 58 22 12 33 20 96 94 7 98 27 80 47 78 88 43 23 34 6 18 48 62 66 10 57 11 69 32 56 26 95 15 72 13 71 17 19 92 40 39 77 29 55 41 61 2 28 79 73 0 93 74 90 99 97 5 76 67 24 46 82 38 85 4 1 91 89 45
Coste: 1648239018

GENERACION: 72
Mejor Solucion:  35 42 83 37 81 14 59 31 16 51 87 70 54 68 53 86 60 25 21 65 50 84 30 52 63 44 49 9 64 36 75 3 8 58 22 12 33 20 96 94 7 98 27 80 47 78 88 43 23 34 6 18 48 62 66 10 57 11 69 32 56 26 95 15 72 13 71 17 19 92 40 39 77 29 55 41 61 2 28 79 73 0 93 74 90 99 97 5 76 67 24 46 82 38 85 4 1 91 89 45
Coste: 1648239018

GENERACION: 73
Mejor Solucion:  35 42 83 37 81 14 59 31 16 51 87 70 54 68 53 86 60 25 21 65 50 84 30 52 63 44 49 9 64 36 75 3 8 58 22 12 33 20 96 94 7 98 27 80 47 78 88 43 23 34 6 18 48 62 66 10 57 11 69 32 56 26 95 15 72 13 71 17 19 92 40 39 77 29 55 41 61 2 28 79 73 0 93 74 90 99 97 5 76 67 24 46 82 38 85 4 1 91 89 45
Coste: 1648239018

GENERACION: 74
Mejor Solucion:  35 42 83 37 81 14 59 31 16 51 87 70 54 68 53 86 60 25 21 65 50 84 30 52 63 44 49 9 64 36 75 3 8 58 22 12 33 20 96 94 7 98 27 80 47 78 88 43 23 34 6 18 48 62 66 10 57 11 69 32 56 26 95 15 72 13 71 17 19 92 40 39 77 29 55 41 61 2 28 79 73 0 93 74 90 99 97 5 76 67 24 46 82 38 85 4 1 91 89 45
Coste: 1648239018

GENERACION: 75
Mejor Solucion:  35 42 83 37 81 14 59 31 16 51 87 70 54 68 53 86 60 25 21 65 50 84 30 52 63 44 49 9 64 36 75 3 8 58 22 12 33 20 96 94 7 98 27 80 47 78 88 43 23 34 6 18 48 62 66 10 57 11 69 32 56 26 95 15 72 13 71 17 19 92 40 39 77 29 55 41 61 2 28 79 73 0 93 74 90 99 97 5 76 67 24 46 82 38 85 4 1 91 89 45
Coste: 1648239018

GENERACION: 76
Mejor Solucion:  35 42 83 37 81 14 59 31 16 51 87 70 54 68 53 86 60 25 21 65 50 84 30 52 63 44 49 9 64 36 75 3 8 58 22 12 33 20 96 94 7 98 27 80 47 78 88 43 23 34 6 18 48 62 66 10 57 11 69 32 56 26 95 15 72 13 71 17 19 92 40 39 77 29 55 41 61 2 28 79 73 0 93 74 90 99 97 5 76 67 24 46 82 38 85 4 1 91 89 45
Coste: 1648239018

GENERACION: 77
Mejor Solucion:  35 42 83 37 81 14 59 31 16 51 87 70 54 68 53 86 60 25 21 65 50 84 30 52 63 44 49 9 64 36 75 3 8 58 22 12 33 20 96 94 7 98 27 80 47 78 88 43 23 34 6 18 48 62 66 10 57 11 69 32 56 26 95 15 72 13 71 17 19 92 40 39 77 29 55 41 61 2 28 79 73 0 93 74 90 99 97 5 76 67 24 46 82 38 85 4 1 91 89 45
Coste: 1648239018

GENERACION: 78
Mejor Solucion:  35 42 83 37 81 14 59 31 16 51 87 70 54 68 53 86 60 25 21 65 50 84 30 52 63 44 49 9 64 36 75 3 8 58 22 12 33 20 96 94 7 98 27 80 47 78 88 43 23 34 6 18 48 62 66 10 57 11 69 32 56 26 95 15 72 13 71 17 19 92 40 39 77 29 55 41 61 2 28 79 73 0 93 74 90 99 97 5 76 67 24 46 82 38 85 4 1 91 89 45
Coste: 1648239018

GENERACION: 79
Mejor Solucion:  35 42 83 37 81 14 59 31 16 51 87 70 54 68 53 86 60 25 21 65 50 84 30 52 63 44 49 9 64 36 75 3 8 58 22 12 33 20 96 94 7 98 27 80 47 78 88 43 23 34 6 18 48 62 66 10 57 11 69 32 56 26 95 15 72 13 71 17 19 92 40 39 77 29 55 41 61 2 28 79 73 0 93 74 90 99 97 5 76 67 24 46 82 38 85 4 1 91 89 45
Coste: 1648239018

GENERACION: 80
Mejor Solucion:  35 42 83 37 81 14 59 31 16 51 87 70 54 68 53 86 60 25 21 65 50 84 30 52 63 44 49 9 64 36 75 3 8 58 22 12 33 20 96 94 7 98 27 80 47 78 88 43 23 34 6 18 48 62 66 10 57 11 69 32 56 26 95 15 72 13 71 17 19 92 40 39 77 29 55 41 61 2 28 79 73 0 93 74 90 99 97 5 76 67 24 46 82 38 85 4 1 91 89 45
Coste: 1648239018

GENERACION: 81
Mejor Solucion:  35 42 83 37 81 14 59 31 16 51 87 70 54 68 53 86 60 25 21 65 50 84 30 52 63 44 49 9 64 36 75 3 8 58 22 12 33 20 96 94 7 98 27 80 47 78 88 43 23 34 6 18 48 62 66 10 57 11 69 32 56 26 95 15 72 13 71 17 19 92 40 39 77 29 55 41 61 2 28 79 73 0 93 74 90 99 97 5 76 67 24 46 82 38 85 4 1 91 89 45
Coste: 1648239018

GENERACION: 82
Mejor Solucion:  35 42 83 37 81 14 59 31 16 51 87 70 54 68 53 86 60 25 21 65 50 84 30 52 63 44 49 9 64 36 75 3 8 58 22 12 33 20 96 94 7 98 27 80 47 78 88 43 23 34 6 18 48 62 66 10 57 11 69 32 56 26 95 15 72 13 71 17 19 92 40 39 77 29 55 41 61 2 28 79 73 0 93 74 90 99 97 5 76 67 24 46 82 38 85 4 1 91 89 45
Coste: 1648239018

GENERACION: 83
Mejor Solucion:  35 42 83 37 81 14 59 31 16 51 87 70 54 68 53 86 60 25 21 65 50 84 30 52 63 44 49 9 64 36 75 3 8 58 22 12 33 20 96 94 7 98 27 80 47 78 88 43 23 34 6 18 48 62 66 10 57 11 69 32 56 26 95 15 72 13 71 17 19 92 40 39 77 29 55 41 61 2 28 79 73 0 93 74 90 99 97 5 76 67 24 46 82 38 85 4 1 91 89 45
Coste: 1648239018

GENERACION: 84
Mejor Solucion:  35 42 83 37 81 14 59 31 16 51 87 70 54 68 53 86 60 25 21 65 50 84 30 52 63 44 49 9 64 36 75 3 8 58 22 12 33 20 96 94 7 98 27 80 47 78 88 43 23 34 6 18 48 62 66 10 57 11 69 32 56 26 95 15 72 13 71 17 19 92 40 39 77 29 55 41 61 2 28 79 73 0 93 74 90 99 97 5 76 67 24 46 82 38 85 4 1 91 89 45
Coste: 1648239018

GENERACION: 85
Mejor Solucion:  35 42 83 37 81 14 59 31 16 51 87 70 54 68 53 86 60 25 21 65 50 84 30 52 63 44 49 9 64 36 75 3 8 58 22 12 33 20 96 94 7 98 27 80 47 78 88 43 23 34 6 18 48 62 66 10 57 11 69 32 56 26 95 15 72 13 71 17 19 92 40 39 77 29 55 41 61 2 28 79 73 0 93 74 90 99 97 5 76 67 24 46 82 38 85 4 1 91 89 45
Coste: 1648239018

GENERACION: 86
Mejor Solucion:  35 42 83 37 81 14 59 31 16 51 87 70 54 68 53 86 60 25 21 65 50 84 30 52 63 44 49 9 64 36 75 3 8 58 22 12 33 20 96 94 7 98 27 80 47 78 88 43 23 34 6 18 48 62 66 10 57 11 69 32 56 26 95 15 72 13 71 17 19 92 40 39 77 29 55 41 61 2 28 79 73 0 93 74 90 99 97 5 76 67 24 46 82 38 85 4 1 91 89 45
Coste: 1648239018

GENERACION: 87
Mejor Solucion:  35 42 83 37 81 14 59 31 16 51 87 70 54 68 53 86 60 25 21 65 50 84 30 52 63 44 49 9 64 36 75 3 8 58 22 12 33 20 96 94 7 98 27 80 47 78 88 43 23 34 6 18 48 62 66 10 57 11 69 32 56 26 95 15 72 13 71 17 19 92 40 39 77 29 55 41 61 2 28 79 73 0 93 74 90 99 97 5 76 67 24 46 82 38 85 4 1 91 89 45
Coste: 1648239018

GENERACION: 88
Mejor Solucion:  35 42 83 37 81 14 59 31 16 51 87 70 54 68 53 86 60 25 21 65 50 84 30 52 63 44 49 9 64 36 75 3 8 58 22 12 33 20 96 94 7 98 27 80 47 78 88 43 23 34 6 18 48 62 66 10 57 11 69 32 56 26 95 15 72 13 71 17 19 92 40 39 77 29 55 41 61 2 28 79 73 0 93 74 90 99 97 5 76 67 24 46 82 38 85 4 1 91 89 45
Coste: 1648239018

GENERACION: 89
Mejor Solucion:  35 42 83 37 81 14 59 31 16 51 87 70 54 68 53 86 60 25 21 65 50 84 30 52 63 44 49 9 64 36 75 3 8 58 22 12 33 20 96 94 7 98 27 80 47 78 88 43 23 34 6 18 48 62 66 10 57 11 69 32 56 26 95 15 72 13 71 17 19 92 40 39 77 29 55 41 61 2 28 79 73 0 93 74 90 99 97 5 76 67 24 46 82 38 85 4 1 91 89 45
Coste: 1648239018

GENERACION: 90
Mejor Solucion:  35 42 83 37 81 14 59 31 16 51 87 70 54 68 53 86 60 25 21 65 50 84 30 52 63 44 49 9 64 36 75 3 8 58 22 12 33 20 96 94 7 98 27 80 47 78 88 43 23 34 6 18 48 62 66 10 57 11 69 32 56 26 95 15 72 13 71 17 19 92 40 39 77 29 55 41 61 2 28 79 73 0 93 74 90 99 97 5 76 67 24 46 82 38 85 4 1 91 89 45
Coste: 1648239018

GENERACION: 91
Mejor Solucion:  48 85 81 3 17 37 4 93 16 94 95 70 92 68 80 25 67 57 50 24 49 84 44 36 43 82 13 12 60 30 87 66 90 52 45 56 38 35 5 40 7 74 77 59 39 75 33 99 8 55 11 97 0 72 62 71 61 89 22 32 10 26 69 46 91 96 9 53 1 51 15 98 83 29 63 41 58 73 65 47 79 27 76 28 2 20 19 14 78 23 64 34 21 31 6 18 54 88 86 42
Coste: 1638437950

GENERACION: 92
Mejor Solucion:  48 85 81 3 17 37 4 93 16 94 95 70 92 68 80 25 67 57 50 24 49 84 44 36 43 82 13 12 60 30 87 66 90 52 45 56 38 35 5 40 7 74 77 59 39 75 33 99 8 55 11 97 0 72 62 71 61 89 22 32 10 26 69 46 91 96 9 53 1 51 15 98 83 29 63 41 58 73 65 47 79 27 76 28 2 20 19 14 78 23 64 34 21 31 6 18 54 88 86 42
Coste: 1638437950

GENERACION: 93
Mejor Solucion:  48 85 81 3 17 37 4 93 16 94 95 70 92 68 80 25 67 57 50 24 49 84 44 36 43 82 13 12 60 30 87 66 90 52 45 56 38 35 5 40 7 74 77 59 39 75 33 99 8 55 11 97 0 72 62 71 61 89 22 32 10 26 69 46 91 96 9 53 1 51 15 98 83 29 63 41 58 73 65 47 79 27 76 28 2 20 19 14 78 23 64 34 21 31 6 18 54 88 86 42
Coste: 1638437950

GENERACION: 94
Mejor Solucion:  48 85 81 3 17 37 4 93 16 94 95 70 92 68 80 25 67 57 50 24 49 84 44 36 43 82 13 12 60 30 87 66 90 52 45 56 38 35 5 40 7 74 77 59 39 75 33 99 8 55 11 97 0 72 62 71 61 89 22 32 10 26 69 46 91 96 9 53 1 51 15 98 83 29 63 41 58 73 65 47 79 27 76 28 2 20 19 14 78 23 64 34 21 31 6 18 54 88 86 42
Coste: 1638437950

GENERACION: 95
Mejor Solucion:  48 85 81 3 17 37 4 93 16 94 95 70 92 68 80 25 67 57 50 24 49 84 44 36 43 82 13 12 60 30 87 66 90 52 45 56 38 35 5 40 7 74 77 59 39 75 33 99 8 55 11 97 0 72 62 71 61 89 22 32 10 26 69 46 91 96 9 53 1 51 15 98 83 29 63 41 58 73 65 47 79 27 76 28 2 20 19 14 78 23 64 34 21 31 6 18 54 88 86 42
Coste: 1638437950

GENERACION: 96
Mejor Solucion:  48 85 81 3 17 37 4 93 16 94 95 70 92 68 80 25 67 57 50 24 49 84 44 36 43 82 13 12 60 30 87 66 90 52 45 56 38 35 5 40 7 74 77 59 39 75 33 99 8 55 11 97 0 72 62 71 61 89 22 32 10 26 69 46 91 96 9 53 1 51 15 98 83 29 63 41 58 73 65 47 79 27 76 28 2 20 19 14 78 23 64 34 21 31 6 18 54 88 86 42
Coste: 1638437950

GENERACION: 97
Mejor Solucion:  48 85 81 3 17 37 4 93 16 94 95 70 92 68 80 25 67 57 50 24 49 84 44 36 43 82 13 12 60 30 87 66 90 52 45 56 38 35 5 40 7 74 77 59 39 75 33 99 8 55 11 97 0 72 62 71 61 89 22 32 10 26 69 46 91 96 9 53 1 51 15 98 83 29 63 41 58 73 65 47 79 27 76 28 2 20 19 14 78 23 64 34 21 31 6 18 54 88 86 42
Coste: 1638437950

GENERACION: 98
Mejor Solucion:  48 85 81 3 17 37 4 93 16 94 95 70 92 68 80 25 67 57 50 24 49 84 44 36 43 82 13 12 60 30 87 66 90 52 45 56 38 35 5 40 7 74 77 59 39 75 33 99 8 55 11 97 0 72 62 71 61 89 22 32 10 26 69 46 91 96 9 53 1 51 15 98 83 29 63 41 58 73 65 47 79 27 76 28 2 20 19 14 78 23 64 34 21 31 6 18 54 88 86 42
Coste: 1638437950

GENERACION: 99
Mejor Solucion:  48 85 81 3 17 37 4 93 16 94 95 70 92 68 80 25 67 57 50 24 49 84 44 36 43 82 13 12 60 30 87 66 90 52 45 56 38 35 5 40 7 74 77 59 39 75 33 99 8 55 11 97 0 72 62 71 61 89 22 32 10 26 69 46 91 96 9 53 1 51 15 98 83 29 63 41 58 73 65 47 79 27 76 28 2 20 19 14 78 23 64 34 21 31 6 18 54 88 86 42
Coste: 1638437950

GENERACION: 100
Mejor Solucion:  48 85 81 3 17 37 4 93 16 94 95 70 92 68 80 25 67 57 50 24 49 84 44 36 43 82 13 12 60 30 87 66 90 52 45 56 38 35 5 40 7 74 77 59 39 75 33 99 8 55 11 97 0 72 62 71 61 89 22 32 10 26 69 46 91 96 9 53 1 51 15 98 83 29 63 41 58 73 65 47 79 27 76 28 2 20 19 14 78 23 64 34 21 31 6 18 54 88 86 42
Coste: 1638437950

GENERACION: 101
Mejor Solucion:  48 85 81 3 17 37 4 93 16 94 95 70 92 68 80 25 67 57 50 24 49 84 44 36 43 82 13 12 60 30 87 66 90 52 45 56 38 35 5 40 7 74 77 59 39 75 33 99 8 55 11 97 0 72 62 71 61 89 22 32 10 26 69 46 91 96 9 53 1 51 15 98 83 29 63 41 58 73 65 47 79 27 76 28 2 20 19 14 78 23 64 34 21 31 6 18 54 88 86 42
Coste: 1638437950

GENERACION: 102
Mejor Solucion:  48 85 81 3 17 37 4 93 16 94 95 70 92 68 80 25 67 57 50 24 49 84 44 36 43 82 13 12 60 30 87 66 90 52 45 56 38 35 5 40 7 74 77 59 39 75 33 99 8 55 11 97 0 72 62 71 61 89 22 32 10 26 69 46 91 96 9 53 1 51 15 98 83 29 63 41 58 73 65 47 79 27 76 28 2 20 19 14 78 23 64 34 21 31 6 18 54 88 86 42
Coste: 1638437950

GENERACION: 103
Mejor Solucion:  48 85 81 3 17 37 4 93 16 94 95 70 92 68 80 25 67 57 50 24 49 84 44 36 43 82 13 12 60 30 87 66 90 52 45 56 38 35 5 40 7 74 77 59 39 75 33 99 8 55 11 97 0 72 62 71 61 89 22 32 10 26 69 46 91 96 9 53 1 51 15 98 83 29 63 41 58 73 65 47 79 27 76 28 2 20 19 14 78 23 64 34 21 31 6 18 54 88 86 42
Coste: 1638437950

GENERACION: 104
Mejor Solucion:  48 85 81 3 17 37 4 93 16 94 95 70 92 68 80 25 67 57 50 24 49 84 44 36 43 82 13 12 60 30 87 66 90 52 45 56 38 35 5 40 7 74 77 59 39 75 33 99 8 55 11 97 0 72 62 71 61 89 22 32 10 26 69 46 91 96 9 53 1 51 15 98 83 29 63 41 58 73 65 47 79 27 76 28 2 20 19 14 78 23 64 34 21 31 6 18 54 88 86 42
Coste: 1638437950

GENERACION: 105
Mejor Solucion:  48 85 81 3 17 37 4 93 16 94 95 70 92 68 80 25 67 57 50 24 49 84 44 36 43 82 13 12 60 30 87 66 90 52 45 56 38 35 5 40 7 74 77 59 39 75 33 99 8 55 11 97 0 72 62 71 61 89 22 32 10 26 69 46 91 96 9 53 1 51 15 98 83 29 63 41 58 73 65 47 79 27 76 28 2 20 19 14 78 23 64 34 21 31 6 18 54 88 86 42
Coste: 1638437950

GENERACION: 106
Mejor Solucion:  48 85 81 3 17 37 4 93 16 94 95 70 92 68 80 25 67 57 50 24 49 84 44 36 43 82 13 12 60 30 87 66 90 52 45 56 38 35 5 40 7 74 77 59 39 75 33 99 8 55 11 97 0 72 62 71 61 89 22 32 10 26 69 46 91 96 9 53 1 51 15 98 83 29 63 41 58 73 65 47 79 27 76 28 2 20 19 14 78 23 64 34 21 31 6 18 54 88 86 42
Coste: 1638437950

GENERACION: 107
Mejor Solucion:  48 85 81 3 17 37 4 93 16 94 95 70 92 68 80 25 67 57 50 24 49 84 44 36 43 82 13 12 60 30 87 66 90 52 45 56 38 35 5 40 7 74 77 59 39 75 33 99 8 55 11 97 0 72 62 71 61 89 22 32 10 26 69 46 91 96 9 53 1 51 15 98 83 29 63 41 58 73 65 47 79 27 76 28 2 20 19 14 78 23 64 34 21 31 6 18 54 88 86 42
Coste: 1638437950

GENERACION: 108
Mejor Solucion:  48 85 81 3 17 37 4 93 16 94 95 70 92 68 80 25 67 57 50 24 49 84 44 36 43 82 13 12 60 30 87 66 90 52 45 56 38 35 5 40 7 74 77 59 39 75 33 99 8 55 11 97 0 72 62 71 61 89 22 32 10 26 69 46 91 96 9 53 1 51 15 98 83 29 63 41 58 73 65 47 79 27 76 28 2 20 19 14 78 23 64 34 21 31 6 18 54 88 86 42
Coste: 1638437950

GENERACION: 109
Mejor Solucion:  48 85 81 3 17 37 4 93 16 94 95 70 92 68 80 25 67 57 50 24 49 84 44 36 43 82 13 12 60 30 87 66 90 52 45 56 38 35 5 40 7 74 77 59 39 75 33 99 8 55 11 97 0 72 62 71 61 89 22 32 10 26 69 46 91 96 9 53 1 51 15 98 83 29 63 41 58 73 65 47 79 27 76 28 2 20 19 14 78 23 64 34 21 31 6 18 54 88 86 42
Coste: 1638437950

GENERACION: 110
Mejor Solucion:  48 85 81 3 17 37 4 93 16 94 95 70 92 68 80 25 67 57 50 24 49 84 44 36 43 82 13 12 60 30 87 66 90 52 45 56 38 35 5 40 7 74 77 59 39 75 33 99 8 55 11 97 0 72 62 71 61 89 22 32 10 26 69 46 91 96 9 53 1 51 15 98 83 29 63 41 58 73 65 47 79 27 76 28 2 20 19 14 78 23 64 34 21 31 6 18 54 88 86 42
Coste: 1638437950

GENERACION: 111
Mejor Solucion:  48 85 81 3 17 37 4 93 16 94 95 70 92 68 80 25 67 57 50 24 49 84 44 36 43 82 13 12 60 30 87 66 90 52 45 56 38 35 5 40 7 74 77 59 39 75 33 99 8 55 11 97 0 72 62 71 61 89 22 32 10 26 69 46 91 96 9 53 1 51 15 98 83 29 63 41 58 73 65 47 79 27 76 28 2 20 19 14 78 23 64 34 21 31 6 18 54 88 86 42
Coste: 1638437950

GENERACION: 112
Mejor Solucion:  48 85 81 3 17 37 4 93 16 94 95 70 92 68 80 25 67 57 50 24 49 84 44 36 43 82 13 12 60 30 87 66 90 52 45 56 38 35 5 40 7 74 77 59 39 75 33 99 8 55 11 97 0 72 62 71 61 89 22 32 10 26 69 46 91 96 9 53 1 51 15 98 83 29 63 41 58 73 65 47 79 27 76 28 2 20 19 14 78 23 64 34 21 31 6 18 54 88 86 42
Coste: 1638437950

GENERACION: 113
Mejor Solucion:  48 85 81 3 17 37 4 93 16 94 95 70 92 68 80 25 67 57 50 24 49 84 44 36 43 82 13 12 60 30 87 66 90 52 45 56 38 35 5 40 7 74 77 59 39 75 33 99 8 55 11 97 0 72 62 71 61 89 22 32 10 26 69 46 91 96 9 53 1 51 15 98 83 29 63 41 58 73 65 47 79 27 76 28 2 20 19 14 78 23 64 34 21 31 6 18 54 88 86 42
Coste: 1638437950

GENERACION: 114
Mejor Solucion:  48 85 81 3 17 37 4 93 16 94 95 70 92 68 80 25 67 57 50 24 49 84 44 36 43 82 13 12 60 30 87 66 90 52 45 56 38 35 5 40 7 74 77 59 39 75 33 99 8 55 11 97 0 72 62 71 61 89 22 32 10 26 69 46 91 96 9 53 1 51 15 98 83 29 63 41 58 73 65 47 79 27 76 28 2 20 19 14 78 23 64 34 21 31 6 18 54 88 86 42
Coste: 1638437950

GENERACION: 115
Mejor Solucion:  48 85 81 3 17 37 4 93 16 94 95 70 92 68 80 25 67 57 50 24 49 84 44 36 43 82 13 12 60 30 87 66 90 52 45 56 38 35 5 40 7 74 77 59 39 75 33 99 8 55 11 97 0 72 62 71 61 89 22 32 10 26 69 46 91 96 9 53 1 51 15 98 83 29 63 41 58 73 65 47 79 27 76 28 2 20 19 14 78 23 64 34 21 31 6 18 54 88 86 42
Coste: 1638437950

GENERACION: 116
Mejor Solucion:  48 85 81 3 17 37 4 93 16 94 95 70 92 68 80 25 67 57 50 24 49 84 44 36 43 82 13 12 60 30 87 66 90 52 45 56 38 35 5 40 7 74 77 59 39 75 33 99 8 55 11 97 0 72 62 71 61 89 22 32 10 26 69 46 91 96 9 53 1 51 15 98 83 29 63 41 58 73 65 47 79 27 76 28 2 20 19 14 78 23 64 34 21 31 6 18 54 88 86 42
Coste: 1638437950

GENERACION: 117
Mejor Solucion:  48 85 81 3 17 37 4 93 16 94 95 70 92 68 80 25 67 57 50 24 49 84 44 36 43 82 13 12 60 30 87 66 90 52 45 56 38 35 5 40 7 74 77 59 39 75 33 99 8 55 11 97 0 72 62 71 61 89 22 32 10 26 69 46 91 96 9 53 1 51 15 98 83 29 63 41 58 73 65 47 79 27 76 28 2 20 19 14 78 23 64 34 21 31 6 18 54 88 86 42
Coste: 1638437950

GENERACION: 118
Mejor Solucion:  48 85 81 3 17 37 4 93 16 94 95 70 92 68 80 25 67 57 50 24 49 84 44 36 43 82 13 12 60 30 87 66 90 52 45 56 38 35 5 40 7 74 77 59 39 75 33 99 8 55 11 97 0 72 62 71 61 89 22 32 10 26 69 46 91 96 9 53 1 51 15 98 83 29 63 41 58 73 65 47 79 27 76 28 2 20 19 14 78 23 64 34 21 31 6 18 54 88 86 42
Coste: 1638437950

GENERACION: 119
Mejor Solucion:  48 85 81 3 17 37 4 93 16 94 95 70 92 68 80 25 67 57 50 24 49 84 44 36 43 82 13 12 60 30 87 66 90 52 45 56 38 35 5 40 7 74 77 59 39 75 33 99 8 55 11 97 0 72 62 71 61 89 22 32 10 26 69 46 91 96 9 53 1 51 15 98 83 29 63 41 58 73 65 47 79 27 76 28 2 20 19 14 78 23 64 34 21 31 6 18 54 88 86 42
Coste: 1638437950

GENERACION: 120
Mejor Solucion:  48 85 81 3 17 37 4 93 16 94 95 70 92 68 80 25 67 57 50 24 49 84 44 36 43 82 13 12 60 30 87 66 90 52 45 56 38 35 5 40 7 74 77 59 39 75 33 99 8 55 11 97 0 72 62 71 61 89 22 32 10 26 69 46 91 96 9 53 1 51 15 98 83 29 63 41 58 73 65 47 79 27 76 28 2 20 19 14 78 23 64 34 21 31 6 18 54 88 86 42
Coste: 1638437950

GENERACION: 121
Mejor Solucion:  48 85 81 3 17 37 4 93 16 94 95 70 92 68 80 25 67 57 50 24 49 84 44 36 43 82 13 12 60 30 87 66 90 52 45 56 38 35 5 40 7 74 77 59 39 75 33 99 8 55 11 97 0 72 62 71 61 89 22 32 10 26 69 46 91 96 9 53 1 51 15 98 83 29 63 41 58 73 65 47 79 27 76 28 2 20 19 14 78 23 64 34 21 31 6 18 54 88 86 42
Coste: 1638437950

GENERACION: 122
Mejor Solucion:  48 85 81 3 17 37 4 93 16 94 95 70 92 68 80 25 67 57 50 24 49 84 44 36 43 82 13 12 60 30 87 66 90 52 45 56 38 35 5 40 7 74 77 59 39 75 33 99 8 55 11 97 0 72 62 71 61 89 22 32 10 26 69 46 91 96 9 53 1 51 15 98 83 29 63 41 58 73 65 47 79 27 76 28 2 20 19 14 78 23 64 34 21 31 6 18 54 88 86 42
Coste: 1638437950

GENERACION: 123
Mejor Solucion:  48 85 81 3 17 37 4 93 16 94 95 70 92 68 80 25 67 57 50 24 49 84 44 36 43 82 13 12 60 30 87 66 90 52 45 56 38 35 5 40 7 74 77 59 39 75 33 99 8 55 11 97 0 72 62 71 61 89 22 32 10 26 69 46 91 96 9 53 1 51 15 98 83 29 63 41 58 73 65 47 79 27 76 28 2 20 19 14 78 23 64 34 21 31 6 18 54 88 86 42
Coste: 1638437950

GENERACION: 124
Mejor Solucion:  48 85 81 3 17 37 4 93 16 94 95 70 92 68 80 25 67 57 50 24 49 84 44 36 43 82 13 12 60 30 87 66 90 52 45 56 38 35 5 40 7 74 77 59 39 75 33 99 8 55 11 97 0 72 62 71 61 89 22 32 10 26 69 46 91 96 9 53 1 51 15 98 83 29 63 41 58 73 65 47 79 27 76 28 2 20 19 14 78 23 64 34 21 31 6 18 54 88 86 42
Coste: 1638437950

GENERACION: 125
Mejor Solucion:  48 85 81 3 17 37 4 93 16 94 95 70 92 68 80 25 67 57 50 24 49 84 44 36 43 82 13 12 60 30 87 66 90 52 45 56 38 35 5 40 7 74 77 59 39 75 33 99 8 55 11 97 0 72 62 71 61 89 22 32 10 26 69 46 91 96 9 53 1 51 15 98 83 29 63 41 58 73 65 47 79 27 76 28 2 20 19 14 78 23 64 34 21 31 6 18 54 88 86 42
Coste: 1638437950

GENERACION: 126
Mejor Solucion:  48 85 81 3 17 37 4 93 16 94 95 70 92 68 80 25 67 57 50 24 49 84 44 36 43 82 13 12 60 30 87 66 90 52 45 56 38 35 5 40 7 74 77 59 39 75 33 99 8 55 11 97 0 72 62 71 61 89 22 32 10 26 69 46 91 96 9 53 1 51 15 98 83 29 63 41 58 73 65 47 79 27 76 28 2 20 19 14 78 23 64 34 21 31 6 18 54 88 86 42
Coste: 1638437950

GENERACION: 127
Mejor Solucion:  48 85 81 3 17 37 4 93 16 94 95 70 92 68 80 25 67 57 50 24 49 84 44 36 43 82 13 12 60 30 87 66 90 52 45 56 38 35 5 40 7 74 77 59 39 75 33 99 8 55 11 97 0 72 62 71 61 89 22 32 10 26 69 46 91 96 9 53 1 51 15 98 83 29 63 41 58 73 65 47 79 27 76 28 2 20 19 14 78 23 64 34 21 31 6 18 54 88 86 42
Coste: 1638437950

GENERACION: 128
Mejor Solucion:  48 85 81 3 17 37 4 93 16 94 95 70 92 68 80 25 67 57 50 24 49 84 44 36 43 82 13 12 60 30 87 66 90 52 45 56 38 35 5 40 7 74 77 59 39 75 33 99 8 55 11 97 0 72 62 71 61 89 22 32 10 26 69 46 91 96 9 53 1 51 15 98 83 29 63 41 58 73 65 47 79 27 76 28 2 20 19 14 78 23 64 34 21 31 6 18 54 88 86 42
Coste: 1638437950

GENERACION: 129
Mejor Solucion:  48 85 81 3 17 37 4 93 16 94 95 70 92 68 80 25 67 57 50 24 49 84 44 36 43 82 13 12 60 30 87 66 90 52 45 56 38 35 5 40 7 74 77 59 39 75 33 99 8 55 11 97 0 72 62 71 61 89 22 32 10 26 69 46 91 96 9 53 1 51 15 98 83 29 63 41 58 73 65 47 79 27 76 28 2 20 19 14 78 23 64 34 21 31 6 18 54 88 86 42
Coste: 1638437950

GENERACION: 130
Mejor Solucion:  48 85 81 3 17 37 4 93 16 94 95 70 92 68 80 25 67 57 50 24 49 84 44 36 43 82 13 12 60 30 87 66 90 52 45 56 38 35 5 40 7 74 77 59 39 75 33 99 8 55 11 97 0 72 62 71 61 89 22 32 10 26 69 46 91 96 9 53 1 51 15 98 83 29 63 41 58 73 65 47 79 27 76 28 2 20 19 14 78 23 64 34 21 31 6 18 54 88 86 42
Coste: 1638437950

GENERACION: 131
Mejor Solucion:  48 85 81 3 17 37 4 93 16 94 95 70 92 68 80 25 67 57 50 24 49 84 44 36 43 82 13 12 60 30 87 66 90 52 45 56 38 35 5 40 7 74 77 59 39 75 33 99 8 55 11 97 0 72 62 71 61 89 22 32 10 26 69 46 91 96 9 53 1 51 15 98 83 29 63 41 58 73 65 47 79 27 76 28 2 20 19 14 78 23 64 34 21 31 6 18 54 88 86 42
Coste: 1638437950

