GENERACION: 1
Mejor Solucion:  45 39 40 32 97 48 66 88 7 55 30 34 75 69 43 22 80 27 93 96 56 6 37 28 13 51 87 74 77 10 26 12 35 21 92 72 67 38 86 71 18 78 4 31 9 53 33 14 99 65 57 2 94 90 64 5 95 68 50 52 81 20 54 79 58 19 25 59 62 82 76 17 98 16 0 63 70 24 49 89 84 1 11 15 46 23 3 61 44 83 29 42 36 85 60 41 91 73 8 47
Coste: 1689197456

GENERACION: 2
Mejor Solucion:  45 39 40 32 97 48 66 88 7 55 30 34 75 69 43 22 80 27 93 96 56 6 37 28 13 51 87 74 77 10 26 12 35 21 92 72 67 38 86 71 18 78 4 31 9 53 33 14 99 65 57 2 94 90 64 5 95 68 50 52 81 20 54 79 58 19 25 59 62 82 76 17 98 16 0 63 70 24 49 89 84 1 11 15 46 23 3 61 44 83 29 42 36 85 60 41 91 73 8 47
Coste: 1689197456

GENERACION: 3
Mejor Solucion:  45 39 40 32 97 48 66 88 7 55 30 34 75 69 43 22 80 27 93 96 56 6 37 28 13 51 87 74 77 10 26 12 35 21 92 72 67 38 86 71 18 78 4 31 9 53 33 14 99 65 57 2 94 90 64 5 95 68 50 52 81 20 54 79 58 19 25 59 62 82 76 17 98 16 0 63 70 24 49 89 84 1 11 15 46 23 3 61 44 83 29 42 36 85 60 41 91 73 8 47
Coste: 1689197456

GENERACION: 4
Mejor Solucion:  45 39 40 32 97 48 66 88 7 55 30 34 75 69 43 22 80 27 93 96 56 6 37 28 13 51 87 74 77 10 26 12 35 21 92 72 67 38 86 71 18 78 4 31 9 53 33 14 99 65 57 2 94 90 64 5 95 68 50 52 81 20 54 79 58 19 25 59 62 82 76 17 98 16 0 63 70 24 49 89 84 1 11 15 46 23 3 61 44 83 29 42 36 85 60 41 91 73 8 47
Coste: 1689197456

GENERACION: 5
Mejor Solucion:  45 39 40 32 97 48 66 88 7 55 30 34 75 69 43 22 80 27 93 96 56 6 37 28 13 51 87 74 77 10 26 12 35 21 92 72 67 38 86 71 18 78 4 31 9 53 33 14 99 65 57 2 94 90 64 5 95 68 50 52 81 20 54 79 58 19 25 59 62 82 76 17 98 16 0 63 70 24 49 89 84 1 11 15 46 23 3 61 44 83 29 42 36 85 60 41 91 73 8 47
Coste: 1689197456

GENERACION: 6
Mejor Solucion:  45 39 40 32 97 48 66 88 7 55 30 34 75 69 43 22 80 27 93 96 56 6 37 28 13 51 87 74 77 10 26 12 35 21 92 72 67 38 86 71 18 78 4 31 9 53 33 14 99 65 57 2 94 90 64 5 95 68 50 52 81 20 54 79 58 19 25 59 62 82 76 17 98 16 0 63 70 24 49 89 84 1 11 15 46 23 3 61 44 83 29 42 36 85 60 41 91 73 8 47
Coste: 1689197456

GENERACION: 7
Mejor Solucion:  52 39 40 32 97 25 66 88 7 55 30 79 75 69 43 22 80 27 93 96 56 6 37 28 13 92 87 84 77 10 26 12 35 21 51 72 67 38 86 71 33 78 4 31 9 58 18 14 99 65 62 2 16 90 64 5 59 68 17 45 81 20 54 82 53 3 48 95 57 34 74 50 98 94 0 63 70 24 49 89 76 1 11 15 46 23 19 61 44 83 29 42 36 85 60 41 91 73 8 47
Coste: 1673062901

GENERACION: 8
Mejor Solucion:  52 39 40 32 97 25 66 88 7 55 30 79 75 69 43 22 80 27 93 96 56 6 37 28 13 92 87 84 77 10 26 12 35 21 51 72 67 38 86 71 33 78 4 31 9 58 18 14 99 65 62 2 16 90 64 5 59 68 17 45 81 20 54 82 53 3 48 95 57 34 74 50 98 94 0 63 70 24 49 89 76 1 11 15 46 23 19 61 44 83 29 42 36 85 60 41 91 73 8 47
Coste: 1673062901

GENERACION: 9
Mejor Solucion:  52 39 40 32 97 25 66 88 7 55 30 79 75 69 43 22 80 27 93 96 56 6 37 28 13 92 87 84 77 10 26 12 35 21 51 72 67 38 86 71 33 78 4 31 9 58 18 14 99 65 62 2 16 90 64 5 59 68 17 45 81 20 54 82 53 3 48 95 57 34 74 50 98 94 0 63 70 24 49 89 76 1 11 15 46 23 19 61 44 83 29 42 36 85 60 41 91 73 8 47
Coste: 1673062901

GENERACION: 10
Mejor Solucion:  52 39 40 32 97 25 66 88 7 55 30 79 75 69 43 22 80 27 93 96 56 6 37 28 13 92 87 84 77 10 26 12 35 21 51 72 67 38 86 71 33 78 4 31 9 58 18 14 99 65 62 2 16 90 64 5 59 68 17 45 81 20 54 82 53 3 48 95 57 34 74 50 98 94 0 63 70 24 49 89 76 1 11 15 46 23 19 61 44 83 29 42 36 85 60 41 91 73 8 47
Coste: 1673062901

GENERACION: 11
Mejor Solucion:  52 39 40 32 97 25 66 88 7 55 30 79 75 69 43 22 80 27 93 96 56 6 37 28 13 92 87 84 77 10 26 12 35 21 51 72 67 38 86 71 33 78 4 31 9 58 18 14 99 65 62 2 16 90 64 5 59 68 17 45 81 20 54 82 53 3 48 95 57 34 74 50 98 94 0 63 70 24 49 89 76 1 11 15 46 23 19 61 44 83 29 42 36 85 60 41 91 73 8 47
Coste: 1673062901

GENERACION: 12
Mejor Solucion:  52 39 40 32 97 25 66 88 7 55 30 79 75 69 43 22 80 27 93 96 56 6 37 28 13 92 87 84 77 10 26 12 35 21 51 72 67 38 86 71 33 78 4 31 9 58 18 14 99 65 62 2 16 90 64 5 59 68 17 45 81 20 54 82 53 3 48 95 57 34 74 50 98 94 0 63 70 24 49 89 76 1 11 15 46 23 19 61 44 83 29 42 36 85 60 41 91 73 8 47
Coste: 1673062901

GENERACION: 13
Mejor Solucion:  52 39 40 32 97 25 66 88 7 55 30 79 75 69 43 22 80 27 93 96 56 6 37 28 13 92 87 84 77 10 26 12 35 21 51 72 67 38 86 71 33 78 4 31 9 58 18 14 99 65 62 2 16 90 64 5 59 68 17 45 81 20 54 82 53 3 48 95 57 34 74 50 98 94 0 63 70 24 49 89 76 1 11 15 46 23 19 61 44 83 29 42 36 85 60 41 91 73 8 47
Coste: 1673062901

GENERACION: 14
Mejor Solucion:  52 39 40 32 97 25 66 88 7 55 30 79 75 69 43 22 80 27 93 96 56 6 37 28 13 92 87 84 77 10 26 12 35 21 51 72 67 38 86 71 33 78 4 31 9 58 18 14 99 65 62 2 16 90 64 5 59 68 17 45 81 20 54 82 53 3 48 95 57 34 74 50 98 94 0 63 70 24 49 89 76 1 11 15 46 23 19 61 44 83 29 42 36 85 60 41 91 73 8 47
Coste: 1673062901

GENERACION: 15
Mejor Solucion:  52 39 40 32 97 25 66 88 7 55 30 79 75 69 43 22 80 27 93 96 56 6 37 28 13 92 87 84 77 10 26 12 35 21 51 72 67 38 86 71 33 78 4 31 9 58 18 14 99 65 62 2 16 90 64 5 59 68 17 45 81 20 54 82 53 3 48 95 57 34 74 50 98 94 0 63 70 24 49 89 76 1 11 15 46 23 19 61 44 83 29 42 36 85 60 41 91 73 8 47
Coste: 1673062901

GENERACION: 16
Mejor Solucion:  52 39 40 32 97 25 66 88 7 55 30 79 75 69 43 22 80 27 93 96 56 6 37 28 13 92 87 84 77 10 26 12 35 21 51 72 67 38 86 71 33 78 4 31 9 58 18 14 99 65 62 2 16 90 64 5 59 68 17 45 81 20 54 82 53 3 48 95 57 34 74 50 98 94 0 63 70 24 49 89 76 1 11 15 46 23 19 61 44 83 29 42 36 85 60 41 91 73 8 47
Coste: 1673062901

GENERACION: 17
Mejor Solucion:  52 39 40 32 97 25 66 88 7 55 30 79 75 69 43 22 80 27 93 96 56 6 37 28 13 92 87 84 77 10 26 12 35 21 51 72 67 38 86 71 33 78 4 31 9 58 18 14 99 65 62 2 16 90 64 5 59 68 17 45 81 20 54 82 53 3 48 95 57 34 74 50 98 94 0 63 70 24 49 89 76 1 11 15 46 23 19 61 44 83 29 42 36 85 60 41 91 73 8 47
Coste: 1673062901

GENERACION: 18
Mejor Solucion:  52 39 40 32 97 25 66 88 7 55 30 79 75 69 43 22 80 27 93 96 56 6 37 28 13 92 87 84 77 10 26 12 35 21 51 72 67 38 86 71 33 78 4 31 9 58 18 14 99 65 62 2 16 90 64 5 59 68 17 45 81 20 54 82 53 3 48 95 57 34 74 50 98 94 0 63 70 24 49 89 76 1 11 15 46 23 19 61 44 83 29 42 36 85 60 41 91 73 8 47
Coste: 1673062901

GENERACION: 19
Mejor Solucion:  64 39 85 5 1 40 51 88 58 46 87 70 14 69 43 22 82 25 80 92 13 49 50 60 56 12 30 18 77 71 86 96 26 62 83 41 67 68 17 10 33 54 4 31 9 44 84 75 99 65 7 2 16 90 52 6 59 38 32 98 81 20 42 76 53 3 48 57 24 34 79 93 45 94 0 27 74 95 23 55 37 97 66 15 89 11 19 8 21 35 61 73 36 28 63 29 91 78 72 47
Coste: 1658315106

GENERACION: 20
Mejor Solucion:  64 39 85 5 1 40 51 88 58 46 87 70 14 69 43 22 82 25 80 92 13 49 50 60 56 12 30 18 77 71 86 96 26 62 83 41 67 68 17 10 33 54 4 31 9 44 84 75 99 65 7 2 16 90 52 6 59 38 32 98 81 20 42 76 53 3 48 57 24 34 79 93 45 94 0 27 74 95 23 55 37 97 66 15 89 11 19 8 21 35 61 73 36 28 63 29 91 78 72 47
Coste: 1658315106

GENERACION: 21
Mejor Solucion:  64 39 85 5 1 40 51 88 58 46 87 70 14 69 43 22 82 25 80 92 13 49 50 60 56 12 30 18 77 71 86 96 26 62 83 41 67 68 17 10 33 54 4 31 9 44 84 75 99 65 7 2 16 90 52 6 59 38 32 98 81 20 42 76 53 3 48 57 24 34 79 93 45 94 0 27 74 95 23 55 37 97 66 15 89 11 19 8 21 35 61 73 36 28 63 29 91 78 72 47
Coste: 1658315106

GENERACION: 22
Mejor Solucion:  64 39 85 5 1 40 51 88 58 46 87 70 14 69 43 22 82 25 80 92 13 49 50 60 56 12 30 18 77 71 86 96 26 62 83 41 67 68 17 10 33 54 4 31 9 44 84 75 99 65 7 2 16 90 52 6 59 38 32 98 81 20 42 76 53 3 48 57 24 34 79 93 45 94 0 27 74 95 23 55 37 97 66 15 89 11 19 8 21 35 61 73 36 28 63 29 91 78 72 47
Coste: 1658315106

GENERACION: 23
Mejor Solucion:  64 39 85 5 1 40 51 88 58 46 87 70 14 69 43 22 82 25 80 92 13 49 50 60 56 12 30 18 77 71 86 96 26 62 83 41 67 68 17 10 33 54 4 31 9 44 84 75 99 65 7 2 16 90 52 6 59 38 32 98 81 20 42 76 53 3 48 57 24 34 79 93 45 94 0 27 74 95 23 55 37 97 66 15 89 11 19 8 21 35 61 73 36 28 63 29 91 78 72 47
Coste: 1658315106

GENERACION: 24
Mejor Solucion:  64 39 85 5 1 40 51 88 58 46 87 70 14 69 43 22 82 25 80 92 13 49 50 60 56 12 30 18 77 71 86 96 26 62 83 41 67 68 17 10 33 54 4 31 9 44 84 75 99 65 7 2 16 90 52 6 59 38 32 98 81 20 42 76 53 3 48 57 24 34 79 93 45 94 0 27 74 95 23 55 37 97 66 15 89 11 19 8 21 35 61 73 36 28 63 29 91 78 72 47
Coste: 1658315106

GENERACION: 25
Mejor Solucion:  64 39 85 5 1 40 51 88 58 46 87 70 14 69 43 22 82 25 80 92 13 49 50 60 56 12 30 18 77 71 86 96 26 62 83 41 67 68 17 10 33 54 4 31 9 44 84 75 99 65 7 2 16 90 52 6 59 38 32 98 81 20 42 76 53 3 48 57 24 34 79 93 45 94 0 27 74 95 23 55 37 97 66 15 89 11 19 8 21 35 61 73 36 28 63 29 91 78 72 47
Coste: 1658315106

GENERACION: 26
Mejor Solucion:  64 39 85 5 1 40 51 88 58 46 87 70 14 69 43 22 82 25 80 92 13 49 50 60 56 12 30 18 77 71 86 96 26 62 83 41 67 68 17 10 33 54 4 31 9 44 84 75 99 65 7 2 16 90 52 6 59 38 32 98 81 20 42 76 53 3 48 57 24 34 79 93 45 94 0 27 74 95 23 55 37 97 66 15 89 11 19 8 21 35 61 73 36 28 63 29 91 78 72 47
Coste: 1658315106

GENERACION: 27
Mejor Solucion:  64 39 85 5 1 40 51 88 58 46 87 70 14 69 43 22 82 25 80 92 13 49 50 60 56 12 30 18 77 71 86 96 26 62 83 41 67 68 17 10 33 54 4 31 9 44 84 75 99 65 7 2 16 90 52 6 59 38 32 98 81 20 42 76 53 3 48 57 24 34 79 93 45 94 0 27 74 95 23 55 37 97 66 15 89 11 19 8 21 35 61 73 36 28 63 29 91 78 72 47
Coste: 1658315106

GENERACION: 28
Mejor Solucion:  64 39 85 5 1 40 51 88 58 46 87 70 14 69 43 22 82 25 80 92 13 49 50 60 56 12 30 18 77 71 86 96 26 62 83 41 67 68 17 10 33 54 4 31 9 44 84 75 99 65 7 2 16 90 52 6 59 38 32 98 81 20 42 76 53 3 48 57 24 34 79 93 45 94 0 27 74 95 23 55 37 97 66 15 89 11 19 8 21 35 61 73 36 28 63 29 91 78 72 47
Coste: 1658315106

GENERACION: 29
Mejor Solucion:  64 39 85 5 1 40 51 88 58 46 87 70 14 69 43 22 82 25 80 92 13 49 50 60 56 12 30 18 77 71 86 96 26 62 83 41 67 68 17 10 33 54 4 31 9 44 84 75 99 65 7 2 16 90 52 6 59 38 32 98 81 20 42 76 53 3 48 57 24 34 79 93 45 94 0 27 74 95 23 55 37 97 66 15 89 11 19 8 21 35 61 73 36 28 63 29 91 78 72 47
Coste: 1658315106

GENERACION: 30
Mejor Solucion:  64 39 85 5 1 40 51 88 58 46 87 70 14 69 43 22 82 25 80 92 13 49 50 60 56 12 30 18 77 71 86 96 26 62 83 41 67 68 17 10 33 54 4 31 9 44 84 75 99 65 7 2 16 90 52 6 59 38 32 98 81 20 42 76 53 3 48 57 24 34 79 93 45 94 0 27 74 95 23 55 37 97 66 15 89 11 19 8 21 35 61 73 36 28 63 29 91 78 72 47
Coste: 1658315106

GENERACION: 31
Mejor Solucion:  64 39 85 5 1 40 51 88 58 46 87 70 14 69 43 22 82 25 80 92 13 49 50 60 56 12 30 18 77 71 86 96 26 62 83 41 67 68 17 10 33 54 4 31 9 44 84 75 99 65 7 2 16 90 52 6 59 38 32 98 81 20 42 76 53 3 48 57 24 34 79 93 45 94 0 27 74 95 23 55 37 97 66 15 89 11 19 8 21 35 61 73 36 28 63 29 91 78 72 47
Coste: 1658315106

GENERACION: 32
Mejor Solucion:  64 39 85 5 1 40 51 88 58 46 87 70 14 69 43 22 82 25 80 92 13 49 50 60 56 12 30 18 77 71 86 96 26 62 83 41 67 68 17 10 33 54 4 31 9 44 84 75 99 65 7 2 16 90 52 6 59 38 32 98 81 20 42 76 53 3 48 57 24 34 79 93 45 94 0 27 74 95 23 55 37 97 66 15 89 11 19 8 21 35 61 73 36 28 63 29 91 78 72 47
Coste: 1658315106

GENERACION: 33
Mejor Solucion:  64 39 85 5 1 40 51 88 58 46 87 70 14 69 43 22 82 25 80 92 13 49 50 60 56 12 30 18 77 71 86 96 26 62 83 41 67 68 17 10 33 54 4 31 9 44 84 75 99 65 7 2 16 90 52 6 59 38 32 98 81 20 42 76 53 3 48 57 24 34 79 93 45 94 0 27 74 95 23 55 37 97 66 15 89 11 19 8 21 35 61 73 36 28 63 29 91 78 72 47
Coste: 1658315106

GENERACION: 34
Mejor Solucion:  64 39 85 5 1 40 51 88 58 46 87 70 14 69 43 22 82 25 80 92 13 49 50 60 56 12 30 18 77 71 86 96 26 62 83 41 67 68 17 10 33 54 4 31 9 44 84 75 99 65 7 2 16 90 52 6 59 38 32 98 81 20 42 76 53 3 48 57 24 34 79 93 45 94 0 27 74 95 23 55 37 97 66 15 89 11 19 8 21 35 61 73 36 28 63 29 91 78 72 47
Coste: 1658315106

GENERACION: 35
Mejor Solucion:  64 39 85 5 1 40 51 88 58 46 87 70 14 69 43 22 82 25 80 92 13 49 50 60 56 12 30 18 77 71 86 96 26 62 83 41 67 68 17 10 33 54 4 31 9 44 84 75 99 65 7 2 16 90 52 6 59 38 32 98 81 20 42 76 53 3 48 57 24 34 79 93 45 94 0 27 74 95 23 55 37 97 66 15 89 11 19 8 21 35 61 73 36 28 63 29 91 78 72 47
Coste: 1658315106

GENERACION: 36
Mejor Solucion:  64 39 85 5 1 40 51 88 58 46 87 70 14 69 43 22 82 25 80 92 13 49 50 60 56 12 30 18 77 71 86 96 26 62 83 41 67 68 17 10 33 54 4 31 9 44 84 75 99 65 7 2 16 90 52 6 59 38 32 98 81 20 42 76 53 3 48 57 24 34 79 93 45 94 0 27 74 95 23 55 37 97 66 15 89 11 19 8 21 35 61 73 36 28 63 29 91 78 72 47
Coste: 1658315106

GENERACION: 37
Mejor Solucion:  64 39 85 5 1 40 51 88 58 46 87 70 14 69 43 22 82 25 80 92 13 49 50 60 56 12 30 18 77 71 86 96 26 62 83 41 67 68 17 10 33 54 4 31 9 44 84 75 99 65 7 2 16 90 52 6 59 38 32 98 81 20 42 76 53 3 48 57 24 34 79 93 45 94 0 27 74 95 23 55 37 97 66 15 89 11 19 8 21 35 61 73 36 28 63 29 91 78 72 47
Coste: 1658315106

GENERACION: 38
Mejor Solucion:  64 39 85 5 1 40 51 88 58 46 87 70 14 69 43 22 82 25 80 92 13 49 50 60 56 12 30 18 77 71 86 96 26 62 83 41 67 68 17 10 33 54 4 31 9 44 84 75 99 65 7 2 16 90 52 6 59 38 32 98 81 20 42 76 53 3 48 57 24 34 79 93 45 94 0 27 74 95 23 55 37 97 66 15 89 11 19 8 21 35 61 73 36 28 63 29 91 78 72 47
Coste: 1658315106

GENERACION: 39
Mejor Solucion:  64 39 85 5 1 40 51 88 58 46 87 70 14 69 43 22 82 25 80 92 13 49 50 60 56 12 30 18 77 71 86 96 26 62 83 41 67 68 17 10 33 54 4 31 9 44 84 75 99 65 7 2 16 90 52 6 59 38 32 98 81 20 42 76 53 3 48 57 24 34 79 93 45 94 0 27 74 95 23 55 37 97 66 15 89 11 19 8 21 35 61 73 36 28 63 29 91 78 72 47
Coste: 1658315106

GENERACION: 40
Mejor Solucion:  64 39 85 5 1 40 51 88 58 46 87 70 14 69 43 22 82 25 80 92 13 49 50 60 56 12 30 18 77 71 86 96 26 62 83 41 67 68 17 10 33 54 4 31 9 44 84 75 99 65 7 2 16 90 52 6 59 38 32 98 81 20 42 76 53 3 48 57 24 34 79 93 45 94 0 27 74 95 23 55 37 97 66 15 89 11 19 8 21 35 61 73 36 28 63 29 91 78 72 47
Coste: 1658315106

GENERACION: 41
Mejor Solucion:  64 39 85 5 1 40 51 88 58 46 87 70 14 69 43 22 82 25 80 92 13 49 50 60 56 12 30 18 77 71 86 96 26 62 83 41 67 68 17 10 33 54 4 31 9 44 84 75 99 65 7 2 16 90 52 6 59 38 32 98 81 20 42 76 53 3 48 57 24 34 79 93 45 94 0 27 74 95 23 55 37 97 66 15 89 11 19 8 21 35 61 73 36 28 63 29 91 78 72 47
Coste: 1658315106

GENERACION: 42
Mejor Solucion:  64 39 85 5 1 40 51 88 58 46 87 70 14 69 43 22 82 25 80 92 13 49 50 60 56 12 30 18 77 71 86 96 26 62 83 41 67 68 17 10 33 54 4 31 9 44 84 75 99 65 7 2 16 90 52 6 59 38 32 98 81 20 42 76 53 3 48 57 24 34 79 93 45 94 0 27 74 95 23 55 37 97 66 15 89 11 19 8 21 35 61 73 36 28 63 29 91 78 72 47
Coste: 1658315106

GENERACION: 43
Mejor Solucion:  64 39 85 5 1 40 51 88 58 46 87 70 14 69 43 22 82 25 80 92 13 49 50 60 56 12 30 18 77 71 86 96 26 62 83 41 67 68 17 10 33 54 4 31 9 44 84 75 99 65 7 2 16 90 52 6 59 38 32 98 81 20 42 76 53 3 48 57 24 34 79 93 45 94 0 27 74 95 23 55 37 97 66 15 89 11 19 8 21 35 61 73 36 28 63 29 91 78 72 47
Coste: 1658315106

GENERACION: 44
Mejor Solucion:  64 39 85 5 1 40 51 88 58 46 87 70 14 69 43 22 82 25 80 92 13 49 50 60 56 12 30 18 77 71 86 96 26 62 83 41 67 68 17 10 33 54 4 31 9 44 84 75 99 65 7 2 16 90 52 6 59 38 32 98 81 20 42 76 53 3 48 57 24 34 79 93 45 94 0 27 74 95 23 55 37 97 66 15 89 11 19 8 21 35 61 73 36 28 63 29 91 78 72 47
Coste: 1658315106

GENERACION: 45
Mejor Solucion:  64 39 85 5 1 40 51 88 58 46 87 70 14 69 43 22 82 25 80 92 13 49 50 60 56 12 30 18 77 71 86 96 26 62 83 41 67 68 17 10 33 54 4 31 9 44 84 75 99 65 7 2 16 90 52 6 59 38 32 98 81 20 42 76 53 3 48 57 24 34 79 93 45 94 0 27 74 95 23 55 37 97 66 15 89 11 19 8 21 35 61 73 36 28 63 29 91 78 72 47
Coste: 1658315106

GENERACION: 46
Mejor Solucion:  64 39 85 5 1 40 51 88 58 46 87 70 14 69 43 22 82 25 80 92 13 49 50 60 56 12 30 18 77 71 86 96 26 62 83 41 67 68 17 10 33 54 4 31 9 44 84 75 99 65 7 2 16 90 52 6 59 38 32 98 81 20 42 76 53 3 48 57 24 34 79 93 45 94 0 27 74 95 23 55 37 97 66 15 89 11 19 8 21 35 61 73 36 28 63 29 91 78 72 47
Coste: 1658315106

GENERACION: 47
Mejor Solucion:  64 39 85 5 1 40 51 88 58 46 87 70 14 69 43 22 82 25 80 92 13 49 50 60 56 12 30 18 77 71 86 96 26 62 83 41 67 68 17 10 33 54 4 31 9 44 84 75 99 65 7 2 16 90 52 6 59 38 32 98 81 20 42 76 53 3 48 57 24 34 79 93 45 94 0 27 74 95 23 55 37 97 66 15 89 11 19 8 21 35 61 73 36 28 63 29 91 78 72 47
Coste: 1658315106

GENERACION: 48
Mejor Solucion:  64 39 85 5 1 40 51 88 58 46 87 70 14 69 43 22 82 25 80 92 13 49 50 60 56 12 30 18 77 71 86 96 26 62 83 41 67 68 17 10 33 54 4 31 9 44 84 75 99 65 7 2 16 90 52 6 59 38 32 98 81 20 42 76 53 3 48 57 24 34 79 93 45 94 0 27 74 95 23 55 37 97 66 15 89 11 19 8 21 35 61 73 36 28 63 29 91 78 72 47
Coste: 1658315106

GENERACION: 49
Mejor Solucion:  64 39 85 5 1 40 51 88 58 46 87 70 14 69 43 22 82 25 80 92 13 49 50 60 56 12 30 18 77 71 86 96 26 62 83 41 67 68 17 10 33 54 4 31 9 44 84 75 99 65 7 2 16 90 52 6 59 38 32 98 81 20 42 76 53 3 48 57 24 34 79 93 45 94 0 27 74 95 23 55 37 97 66 15 89 11 19 8 21 35 61 73 36 28 63 29 91 78 72 47
Coste: 1658315106

GENERACION: 50
Mejor Solucion:  64 39 85 5 1 40 51 88 58 46 87 70 14 69 43 22 82 25 80 92 13 49 50 60 56 12 30 18 77 71 86 96 26 62 83 41 67 68 17 10 33 54 4 31 9 44 84 75 99 65 7 2 16 90 52 6 59 38 32 98 81 20 42 76 53 3 48 57 24 34 79 93 45 94 0 27 74 95 23 55 37 97 66 15 89 11 19 8 21 35 61 73 36 28 63 29 91 78 72 47
Coste: 1658315106

GENERACION: 51
Mejor Solucion:  64 39 85 5 1 40 51 88 58 46 87 70 14 69 43 22 82 25 80 92 13 49 50 60 56 12 30 18 77 71 86 96 26 62 83 41 67 68 17 10 33 54 4 31 9 44 84 75 99 65 7 2 16 90 52 6 59 38 32 98 81 20 42 76 53 3 48 57 24 34 79 93 45 94 0 27 74 95 23 55 37 97 66 15 89 11 19 8 21 35 61 73 36 28 63 29 91 78 72 47
Coste: 1658315106

GENERACION: 52
Mejor Solucion:  64 39 85 5 1 40 51 88 58 46 87 70 14 69 43 22 82 25 80 92 13 49 50 60 56 12 30 18 77 71 86 96 26 62 83 41 67 68 17 10 33 54 4 31 9 44 84 75 99 65 7 2 16 90 52 6 59 38 32 98 81 20 42 76 53 3 48 57 24 34 79 93 45 94 0 27 74 95 23 55 37 97 66 15 89 11 19 8 21 35 61 73 36 28 63 29 91 78 72 47
Coste: 1658315106

GENERACION: 53
Mejor Solucion:  64 39 85 5 1 40 51 88 58 46 87 70 14 69 43 22 82 25 80 92 13 49 50 60 56 12 30 18 77 71 86 96 26 62 83 41 67 68 17 10 33 54 4 31 9 44 84 75 99 65 7 2 16 90 52 6 59 38 32 98 81 20 42 76 53 3 48 57 24 34 79 93 45 94 0 27 74 95 23 55 37 97 66 15 89 11 19 8 21 35 61 73 36 28 63 29 91 78 72 47
Coste: 1658315106

GENERACION: 54
Mejor Solucion:  64 39 85 5 1 40 51 88 58 46 87 70 14 69 43 22 82 25 80 92 13 49 50 60 56 12 30 18 77 71 86 96 26 62 83 41 67 68 17 10 33 54 4 31 9 44 84 75 99 65 7 2 16 90 52 6 59 38 32 98 81 20 42 76 53 3 48 57 24 34 79 93 45 94 0 27 74 95 23 55 37 97 66 15 89 11 19 8 21 35 61 73 36 28 63 29 91 78 72 47
Coste: 1658315106

GENERACION: 55
Mejor Solucion:  64 39 85 5 1 40 51 88 58 46 87 70 14 69 43 22 82 25 80 92 13 49 50 60 56 12 30 18 77 71 86 96 26 62 83 41 67 68 17 10 33 54 4 31 9 44 84 75 99 65 7 2 16 90 52 6 59 38 32 98 81 20 42 76 53 3 48 57 24 34 79 93 45 94 0 27 74 95 23 55 37 97 66 15 89 11 19 8 21 35 61 73 36 28 63 29 91 78 72 47
Coste: 1658315106

GENERACION: 56
Mejor Solucion:  64 39 85 5 1 40 51 88 58 46 87 70 14 69 43 22 82 25 80 92 13 49 50 60 56 12 30 18 77 71 86 96 26 62 83 41 67 68 17 10 33 54 4 31 9 44 84 75 99 65 7 2 16 90 52 6 59 38 32 98 81 20 42 76 53 3 48 57 24 34 79 93 45 94 0 27 74 95 23 55 37 97 66 15 89 11 19 8 21 35 61 73 36 28 63 29 91 78 72 47
Coste: 1658315106

GENERACION: 57
Mejor Solucion:  93 39 32 92 46 8 79 87 99 94 38 26 33 2 49 84 6 86 20 56 41 18 50 10 25 12 85 19 81 69 27 53 14 21 83 65 75 23 58 44 82 59 42 1 71 17 16 70 74 30 63 73 80 68 90 89 62 55 5 11 40 47 13 37 29 97 60 88 0 48 3 4 22 95 24 31 34 78 64 45 36 67 57 15 76 66 72 91 35 54 61 96 9 28 43 7 98 52 77 51
Coste: 1652772792

GENERACION: 58
Mejor Solucion:  93 39 32 92 46 8 79 87 99 94 38 26 33 2 49 84 6 86 20 56 41 18 50 10 25 12 85 19 81 69 27 53 14 21 83 65 75 23 58 44 82 59 42 1 71 17 16 70 74 30 63 73 80 68 90 89 62 55 5 11 40 47 13 37 29 97 60 88 0 48 3 4 22 95 24 31 34 78 64 45 36 67 57 15 76 66 72 91 35 54 61 96 9 28 43 7 98 52 77 51
Coste: 1652772792

GENERACION: 59
Mejor Solucion:  93 39 32 92 46 8 79 87 99 94 38 26 33 2 49 84 6 86 20 56 41 18 50 10 25 12 85 19 81 69 27 53 14 21 83 65 75 23 58 44 82 59 42 1 71 17 16 70 74 30 63 73 80 68 90 89 62 55 5 11 40 47 13 37 29 97 60 88 0 48 3 4 22 95 24 31 34 78 64 45 36 67 57 15 76 66 72 91 35 54 61 96 9 28 43 7 98 52 77 51
Coste: 1652772792

GENERACION: 60
Mejor Solucion:  93 39 32 92 46 8 79 87 99 94 38 26 33 2 49 84 6 86 20 56 41 18 50 10 25 12 85 19 81 69 27 53 14 21 83 65 75 23 58 44 82 59 42 1 71 17 16 70 74 30 63 73 80 68 90 89 62 55 5 11 40 47 13 37 29 97 60 88 0 48 3 4 22 95 24 31 34 78 64 45 36 67 57 15 76 66 72 91 35 54 61 96 9 28 43 7 98 52 77 51
Coste: 1652772792

GENERACION: 61
Mejor Solucion:  93 39 32 92 46 8 79 87 99 94 38 26 33 2 49 84 6 86 20 56 41 18 50 10 25 12 85 19 81 69 27 53 14 21 83 65 75 23 58 44 82 59 42 1 71 17 16 70 74 30 63 73 80 68 90 89 62 55 5 11 40 47 13 37 29 97 60 88 0 48 3 4 22 95 24 31 34 78 64 45 36 67 57 15 76 66 72 91 35 54 61 96 9 28 43 7 98 52 77 51
Coste: 1652772792

GENERACION: 62
Mejor Solucion:  22 88 6 92 46 8 14 87 99 44 38 26 69 42 62 84 35 86 20 56 41 18 50 60 25 12 85 19 79 37 29 70 71 21 83 11 75 66 58 65 39 16 32 4 9 77 0 31 27 30 63 73 80 68 97 89 43 55 5 94 82 47 36 1 52 81 10 67 33 48 3 28 23 95 61 53 34 78 64 45 13 74 57 15 76 90 72 54 96 59 24 2 93 91 49 7 98 40 17 51
Coste: 1649784817

GENERACION: 63
Mejor Solucion:  22 88 6 92 46 8 14 87 99 44 38 26 69 42 62 84 35 86 20 56 41 18 50 60 25 12 85 19 79 37 29 70 71 21 83 11 75 66 58 65 39 16 32 4 9 77 0 31 27 30 63 73 80 68 97 89 43 55 5 94 82 47 36 1 52 81 10 67 33 48 3 28 23 95 61 53 34 78 64 45 13 74 57 15 76 90 72 54 96 59 24 2 93 91 49 7 98 40 17 51
Coste: 1649784817

GENERACION: 64
Mejor Solucion:  22 88 6 92 46 8 14 87 99 44 38 26 69 42 62 84 35 86 20 56 41 18 50 60 25 12 85 19 79 37 29 70 71 21 83 11 75 66 58 65 39 16 32 4 9 77 0 31 27 30 63 73 80 68 97 89 43 55 5 94 82 47 36 1 52 81 10 67 33 48 3 28 23 95 61 53 34 78 64 45 13 74 57 15 76 90 72 54 96 59 24 2 93 91 49 7 98 40 17 51
Coste: 1649784817

GENERACION: 65
Mejor Solucion:  22 88 6 92 46 8 14 87 99 44 38 26 69 42 62 84 35 86 20 56 41 18 50 60 25 12 85 19 79 37 29 70 71 21 83 11 75 66 58 65 39 16 32 4 9 77 0 31 27 30 63 73 80 68 97 89 43 55 5 94 82 47 36 1 52 81 10 67 33 48 3 28 23 95 61 53 34 78 64 45 13 74 57 15 76 90 72 54 96 59 24 2 93 91 49 7 98 40 17 51
Coste: 1649784817

GENERACION: 66
Mejor Solucion:  22 88 6 92 46 8 14 87 99 44 38 26 69 42 62 84 35 86 20 56 41 18 50 60 25 12 85 19 79 37 29 70 71 21 83 11 75 66 58 65 39 16 32 4 9 77 0 31 27 30 63 73 80 68 97 89 43 55 5 94 82 47 36 1 52 81 10 67 33 48 3 28 23 95 61 53 34 78 64 45 13 74 57 15 76 90 72 54 96 59 24 2 93 91 49 7 98 40 17 51
Coste: 1649784817

GENERACION: 67
Mejor Solucion:  22 88 6 92 46 8 14 87 99 44 38 26 69 42 62 84 35 86 20 56 41 18 50 60 25 12 85 19 79 37 29 70 71 21 83 11 75 66 58 65 39 16 32 4 9 77 0 31 27 30 63 73 80 68 97 89 43 55 5 94 82 47 36 1 52 81 10 67 33 48 3 28 23 95 61 53 34 78 64 45 13 74 57 15 76 90 72 54 96 59 24 2 93 91 49 7 98 40 17 51
Coste: 1649784817

GENERACION: 68
Mejor Solucion:  22 88 6 92 46 8 14 87 99 44 38 26 69 42 62 84 35 86 20 56 41 18 50 60 25 12 85 19 79 37 29 70 71 21 83 11 75 66 58 65 39 16 32 4 9 77 0 31 27 30 63 73 80 68 97 89 43 55 5 94 82 47 36 1 52 81 10 67 33 48 3 28 23 95 61 53 34 78 64 45 13 74 57 15 76 90 72 54 96 59 24 2 93 91 49 7 98 40 17 51
Coste: 1649784817

GENERACION: 69
Mejor Solucion:  22 88 6 92 46 8 14 87 99 44 38 26 69 42 62 84 35 86 20 56 41 18 50 60 25 12 85 19 79 37 29 70 71 21 83 11 75 66 58 65 39 16 32 4 9 77 0 31 27 30 63 73 80 68 97 89 43 55 5 94 82 47 36 1 52 81 10 67 33 48 3 28 23 95 61 53 34 78 64 45 13 74 57 15 76 90 72 54 96 59 24 2 93 91 49 7 98 40 17 51
Coste: 1649784817

GENERACION: 70
Mejor Solucion:  22 88 6 92 46 8 14 87 99 44 38 26 69 42 62 84 35 86 20 56 41 18 50 60 25 12 85 19 79 37 29 70 71 21 83 11 75 66 58 65 39 16 32 4 9 77 0 31 27 30 63 73 80 68 97 89 43 55 5 94 82 47 36 1 52 81 10 67 33 48 3 28 23 95 61 53 34 78 64 45 13 74 57 15 76 90 72 54 96 59 24 2 93 91 49 7 98 40 17 51
Coste: 1649784817

GENERACION: 71
Mejor Solucion:  22 88 6 92 46 8 14 87 99 44 38 26 69 42 62 84 35 86 20 56 41 18 50 60 25 12 85 19 79 37 29 70 71 21 83 11 75 66 58 65 39 16 32 4 9 77 0 31 27 30 63 73 80 68 97 89 43 55 5 94 82 47 36 1 52 81 10 67 33 48 3 28 23 95 61 53 34 78 64 45 13 74 57 15 76 90 72 54 96 59 24 2 93 91 49 7 98 40 17 51
Coste: 1649784817

GENERACION: 72
Mejor Solucion:  22 88 6 92 46 8 14 87 99 44 38 26 69 42 62 84 35 86 20 56 41 18 50 60 25 12 85 19 79 37 29 70 71 21 83 11 75 66 58 65 39 16 32 4 9 77 0 31 27 30 63 73 80 68 97 89 43 55 5 94 82 47 36 1 52 81 10 67 33 48 3 28 23 95 61 53 34 78 64 45 13 74 57 15 76 90 72 54 96 59 24 2 93 91 49 7 98 40 17 51
Coste: 1649784817

GENERACION: 73
Mejor Solucion:  22 88 6 92 46 8 14 87 99 44 38 26 69 42 62 84 35 86 20 56 41 18 50 60 25 12 85 19 79 37 29 70 71 21 83 11 75 66 58 65 39 16 32 4 9 77 0 31 27 30 63 73 80 68 97 89 43 55 5 94 82 47 36 1 52 81 10 67 33 48 3 28 23 95 61 53 34 78 64 45 13 74 57 15 76 90 72 54 96 59 24 2 93 91 49 7 98 40 17 51
Coste: 1649784817

GENERACION: 74
Mejor Solucion:  22 88 6 92 46 8 14 87 99 44 38 26 69 42 62 84 35 86 20 56 41 18 50 60 25 12 85 19 79 37 29 70 71 21 83 11 75 66 58 65 39 16 32 4 9 77 0 31 27 30 63 73 80 68 97 89 43 55 5 94 82 47 36 1 52 81 10 67 33 48 3 28 23 95 61 53 34 78 64 45 13 74 57 15 76 90 72 54 96 59 24 2 93 91 49 7 98 40 17 51
Coste: 1649784817

GENERACION: 75
Mejor Solucion:  22 88 6 92 46 8 14 87 99 44 38 26 69 42 62 84 35 86 20 56 41 18 50 60 25 12 85 19 79 37 29 70 71 21 83 11 75 66 58 65 39 16 32 4 9 77 0 31 27 30 63 73 80 68 97 89 43 55 5 94 82 47 36 1 52 81 10 67 33 48 3 28 23 95 61 53 34 78 64 45 13 74 57 15 76 90 72 54 96 59 24 2 93 91 49 7 98 40 17 51
Coste: 1649784817

GENERACION: 76
Mejor Solucion:  22 88 6 92 46 8 14 87 99 44 38 26 69 42 62 84 35 86 20 56 41 18 50 60 25 12 85 19 79 37 29 70 71 21 83 11 75 66 58 65 39 16 32 4 9 77 0 31 27 30 63 73 80 68 97 89 43 55 5 94 82 47 36 1 52 81 10 67 33 48 3 28 23 95 61 53 34 78 64 45 13 74 57 15 76 90 72 54 96 59 24 2 93 91 49 7 98 40 17 51
Coste: 1649784817

GENERACION: 77
Mejor Solucion:  22 88 6 92 46 8 14 87 99 44 38 26 69 42 62 84 35 86 20 56 41 18 50 60 25 12 85 19 79 37 29 70 71 21 83 11 75 66 58 65 39 16 32 4 9 77 0 31 27 30 63 73 80 68 97 89 43 55 5 94 82 47 36 1 52 81 10 67 33 48 3 28 23 95 61 53 34 78 64 45 13 74 57 15 76 90 72 54 96 59 24 2 93 91 49 7 98 40 17 51
Coste: 1649784817

GENERACION: 78
Mejor Solucion:  22 88 6 92 46 8 14 87 99 44 38 26 69 42 62 84 35 86 20 56 41 18 50 60 25 12 85 19 79 37 29 70 71 21 83 11 75 66 58 65 39 16 32 4 9 77 0 31 27 30 63 73 80 68 97 89 43 55 5 94 82 47 36 1 52 81 10 67 33 48 3 28 23 95 61 53 34 78 64 45 13 74 57 15 76 90 72 54 96 59 24 2 93 91 49 7 98 40 17 51
Coste: 1649784817

GENERACION: 79
Mejor Solucion:  22 88 6 92 46 8 14 87 99 44 38 26 69 42 62 84 35 86 20 56 41 18 50 60 25 12 85 19 79 37 29 70 71 21 83 11 75 66 58 65 39 16 32 4 9 77 0 31 27 30 63 73 80 68 97 89 43 55 5 94 82 47 36 1 52 81 10 67 33 48 3 28 23 95 61 53 34 78 64 45 13 74 57 15 76 90 72 54 96 59 24 2 93 91 49 7 98 40 17 51
Coste: 1649784817

GENERACION: 80
Mejor Solucion:  22 88 6 92 46 8 14 87 99 44 38 26 69 42 62 84 35 86 20 56 41 18 50 60 25 12 85 19 79 37 29 70 71 21 83 11 75 66 58 65 39 16 32 4 9 77 0 31 27 30 63 73 80 68 97 89 43 55 5 94 82 47 36 1 52 81 10 67 33 48 3 28 23 95 61 53 34 78 64 45 13 74 57 15 76 90 72 54 96 59 24 2 93 91 49 7 98 40 17 51
Coste: 1649784817

GENERACION: 81
Mejor Solucion:  22 88 6 92 46 8 14 87 99 44 38 26 69 42 62 84 35 86 20 56 41 18 50 60 25 12 85 19 79 37 29 70 71 21 83 11 75 66 58 65 39 16 32 4 9 77 0 31 27 30 63 73 80 68 97 89 43 55 5 94 82 47 36 1 52 81 10 67 33 48 3 28 23 95 61 53 34 78 64 45 13 74 57 15 76 90 72 54 96 59 24 2 93 91 49 7 98 40 17 51
Coste: 1649784817

GENERACION: 82
Mejor Solucion:  22 88 6 92 46 8 14 87 99 44 38 26 69 42 62 84 35 86 20 56 41 18 50 60 25 12 85 19 79 37 29 70 71 21 83 11 75 66 58 65 39 16 32 4 9 77 0 31 27 30 63 73 80 68 97 89 43 55 5 94 82 47 36 1 52 81 10 67 33 48 3 28 23 95 61 53 34 78 64 45 13 74 57 15 76 90 72 54 96 59 24 2 93 91 49 7 98 40 17 51
Coste: 1649784817

GENERACION: 83
Mejor Solucion:  22 88 6 92 46 8 14 87 99 44 38 26 69 42 62 84 35 86 20 56 41 18 50 60 25 12 85 19 79 37 29 70 71 21 83 11 75 66 58 65 39 16 32 4 9 77 0 31 27 30 63 73 80 68 97 89 43 55 5 94 82 47 36 1 52 81 10 67 33 48 3 28 23 95 61 53 34 78 64 45 13 74 57 15 76 90 72 54 96 59 24 2 93 91 49 7 98 40 17 51
Coste: 1649784817

GENERACION: 84
Mejor Solucion:  22 88 6 92 46 8 14 87 99 44 38 26 69 42 62 84 35 86 20 56 41 18 50 60 25 12 85 19 79 37 29 70 71 21 83 11 75 66 58 65 39 16 32 4 9 77 0 31 27 30 63 73 80 68 97 89 43 55 5 94 82 47 36 1 52 81 10 67 33 48 3 28 23 95 61 53 34 78 64 45 13 74 57 15 76 90 72 54 96 59 24 2 93 91 49 7 98 40 17 51
Coste: 1649784817

GENERACION: 85
Mejor Solucion:  22 88 6 92 46 8 14 87 99 44 38 26 69 42 62 84 35 86 20 56 41 18 50 60 25 12 85 19 79 37 29 70 71 21 83 11 75 66 58 65 39 16 32 4 9 77 0 31 27 30 63 73 80 68 97 89 43 55 5 94 82 47 36 1 52 81 10 67 33 48 3 28 23 95 61 53 34 78 64 45 13 74 57 15 76 90 72 54 96 59 24 2 93 91 49 7 98 40 17 51
Coste: 1649784817

GENERACION: 86
Mejor Solucion:  22 88 6 92 46 8 14 87 99 44 38 26 69 42 62 84 35 86 20 56 41 18 50 60 25 12 85 19 79 37 29 70 71 21 83 11 75 66 58 65 39 16 32 4 9 77 0 31 27 30 63 73 80 68 97 89 43 55 5 94 82 47 36 1 52 81 10 67 33 48 3 28 23 95 61 53 34 78 64 45 13 74 57 15 76 90 72 54 96 59 24 2 93 91 49 7 98 40 17 51
Coste: 1649784817

GENERACION: 87
Mejor Solucion:  22 88 6 92 46 8 14 87 99 44 38 26 69 42 62 84 35 86 20 56 41 18 50 60 25 12 85 19 79 37 29 70 71 21 83 11 75 66 58 65 39 16 32 4 9 77 0 31 27 30 63 73 80 68 97 89 43 55 5 94 82 47 36 1 52 81 10 67 33 48 3 28 23 95 61 53 34 78 64 45 13 74 57 15 76 90 72 54 96 59 24 2 93 91 49 7 98 40 17 51
Coste: 1649784817

GENERACION: 88
Mejor Solucion:  22 88 6 92 46 8 14 87 99 44 38 26 69 42 62 84 35 86 20 56 41 18 50 60 25 12 85 19 79 37 29 70 71 21 83 11 75 66 58 65 39 16 32 4 9 77 0 31 27 30 63 73 80 68 97 89 43 55 5 94 82 47 36 1 52 81 10 67 33 48 3 28 23 95 61 53 34 78 64 45 13 74 57 15 76 90 72 54 96 59 24 2 93 91 49 7 98 40 17 51
Coste: 1649784817

GENERACION: 89
Mejor Solucion:  22 88 6 92 46 8 14 87 99 44 38 26 69 42 62 84 35 86 20 56 41 18 50 60 25 12 85 19 79 37 29 70 71 21 83 11 75 66 58 65 39 16 32 4 9 77 0 31 27 30 63 73 80 68 97 89 43 55 5 94 82 47 36 1 52 81 10 67 33 48 3 28 23 95 61 53 34 78 64 45 13 74 57 15 76 90 72 54 96 59 24 2 93 91 49 7 98 40 17 51
Coste: 1649784817

GENERACION: 90
Mejor Solucion:  22 88 6 92 46 8 14 87 99 44 38 26 69 42 62 84 35 86 20 56 41 18 50 60 25 12 85 19 79 37 29 70 71 21 83 11 75 66 58 65 39 16 32 4 9 77 0 31 27 30 63 73 80 68 97 89 43 55 5 94 82 47 36 1 52 81 10 67 33 48 3 28 23 95 61 53 34 78 64 45 13 74 57 15 76 90 72 54 96 59 24 2 93 91 49 7 98 40 17 51
Coste: 1649784817

GENERACION: 91
Mejor Solucion:  22 88 6 92 46 8 14 87 99 44 38 26 69 42 62 84 35 86 20 56 41 18 50 60 25 12 85 19 79 37 29 70 71 21 83 11 75 66 58 65 39 16 32 4 9 77 0 31 27 30 63 73 80 68 97 89 43 55 5 94 82 47 36 1 52 81 10 67 33 48 3 28 23 95 61 53 34 78 64 45 13 74 57 15 76 90 72 54 96 59 24 2 93 91 49 7 98 40 17 51
Coste: 1649784817

GENERACION: 92
Mejor Solucion:  22 88 6 92 46 8 14 87 99 44 38 26 69 42 62 84 35 86 20 56 41 18 50 60 25 12 85 19 79 37 29 70 71 21 83 11 75 66 58 65 39 16 32 4 9 77 0 31 27 30 63 73 80 68 97 89 43 55 5 94 82 47 36 1 52 81 10 67 33 48 3 28 23 95 61 53 34 78 64 45 13 74 57 15 76 90 72 54 96 59 24 2 93 91 49 7 98 40 17 51
Coste: 1649784817

GENERACION: 93
Mejor Solucion:  22 88 6 92 46 8 14 87 99 44 38 26 69 42 62 84 35 86 20 56 41 18 50 60 25 12 85 19 79 37 29 70 71 21 83 11 75 66 58 65 39 16 32 4 9 77 0 31 27 30 63 73 80 68 97 89 43 55 5 94 82 47 36 1 52 81 10 67 33 48 3 28 23 95 61 53 34 78 64 45 13 74 57 15 76 90 72 54 96 59 24 2 93 91 49 7 98 40 17 51
Coste: 1649784817

GENERACION: 94
Mejor Solucion:  22 88 6 92 46 8 14 87 99 44 38 26 69 42 62 84 35 86 20 56 41 18 50 60 25 12 85 19 79 37 29 70 71 21 83 11 75 66 58 65 39 16 32 4 9 77 0 31 27 30 63 73 80 68 97 89 43 55 5 94 82 47 36 1 52 81 10 67 33 48 3 28 23 95 61 53 34 78 64 45 13 74 57 15 76 90 72 54 96 59 24 2 93 91 49 7 98 40 17 51
Coste: 1649784817

GENERACION: 95
Mejor Solucion:  22 88 6 92 46 8 14 87 99 44 38 26 69 42 62 84 35 86 20 56 41 18 50 60 25 12 85 19 79 37 29 70 71 21 83 11 75 66 58 65 39 16 32 4 9 77 0 31 27 30 63 73 80 68 97 89 43 55 5 94 82 47 36 1 52 81 10 67 33 48 3 28 23 95 61 53 34 78 64 45 13 74 57 15 76 90 72 54 96 59 24 2 93 91 49 7 98 40 17 51
Coste: 1649784817

GENERACION: 96
Mejor Solucion:  22 88 6 92 46 8 14 87 99 44 38 26 69 42 62 84 35 86 20 56 41 18 50 60 25 12 85 19 79 37 29 70 71 21 83 11 75 66 58 65 39 16 32 4 9 77 0 31 27 30 63 73 80 68 97 89 43 55 5 94 82 47 36 1 52 81 10 67 33 48 3 28 23 95 61 53 34 78 64 45 13 74 57 15 76 90 72 54 96 59 24 2 93 91 49 7 98 40 17 51
Coste: 1649784817

GENERACION: 97
Mejor Solucion:  22 88 6 92 46 8 14 87 99 44 38 26 69 42 62 84 35 86 20 56 41 18 50 60 25 12 85 19 79 37 29 70 71 21 83 11 75 66 58 65 39 16 32 4 9 77 0 31 27 30 63 73 80 68 97 89 43 55 5 94 82 47 36 1 52 81 10 67 33 48 3 28 23 95 61 53 34 78 64 45 13 74 57 15 76 90 72 54 96 59 24 2 93 91 49 7 98 40 17 51
Coste: 1649784817

GENERACION: 98
Mejor Solucion:  22 88 6 92 46 8 14 87 99 44 38 26 69 42 62 84 35 86 20 56 41 18 50 60 25 12 85 19 79 37 29 70 71 21 83 11 75 66 58 65 39 16 32 4 9 77 0 31 27 30 63 73 80 68 97 89 43 55 5 94 82 47 36 1 52 81 10 67 33 48 3 28 23 95 61 53 34 78 64 45 13 74 57 15 76 90 72 54 96 59 24 2 93 91 49 7 98 40 17 51
Coste: 1649784817

GENERACION: 99
Mejor Solucion:  22 88 6 92 46 8 14 87 99 44 38 26 69 42 62 84 35 86 20 56 41 18 50 60 25 12 85 19 79 37 29 70 71 21 83 11 75 66 58 65 39 16 32 4 9 77 0 31 27 30 63 73 80 68 97 89 43 55 5 94 82 47 36 1 52 81 10 67 33 48 3 28 23 95 61 53 34 78 64 45 13 74 57 15 76 90 72 54 96 59 24 2 93 91 49 7 98 40 17 51
Coste: 1649784817

GENERACION: 100
Mejor Solucion:  22 88 6 92 46 8 14 87 99 44 38 26 69 42 62 84 35 86 20 56 41 18 50 60 25 12 85 19 79 37 29 70 71 21 83 11 75 66 58 65 39 16 32 4 9 77 0 31 27 30 63 73 80 68 97 89 43 55 5 94 82 47 36 1 52 81 10 67 33 48 3 28 23 95 61 53 34 78 64 45 13 74 57 15 76 90 72 54 96 59 24 2 93 91 49 7 98 40 17 51
Coste: 1649784817

GENERACION: 101
Mejor Solucion:  22 88 6 92 46 8 14 87 99 44 38 26 69 42 62 84 35 86 20 56 41 18 50 60 25 12 85 19 79 37 29 70 71 21 83 11 75 66 58 65 39 16 32 4 9 77 0 31 27 30 63 73 80 68 97 89 43 55 5 94 82 47 36 1 52 81 10 67 33 48 3 28 23 95 61 53 34 78 64 45 13 74 57 15 76 90 72 54 96 59 24 2 93 91 49 7 98 40 17 51
Coste: 1649784817

GENERACION: 102
Mejor Solucion:  22 88 6 49 46 8 14 87 99 44 38 26 69 42 62 84 35 86 11 56 41 18 50 60 25 12 85 19 79 37 29 70 71 21 83 20 75 66 58 65 39 16 32 17 36 77 0 31 27 30 64 73 80 68 97 89 43 55 5 94 82 47 9 1 52 33 10 67 81 48 3 28 23 95 61 53 34 78 63 45 13 74 57 98 76 72 90 91 96 59 24 2 93 54 4 7 15 40 92 51
Coste: 1640907559

GENERACION: 103
Mejor Solucion:  22 88 6 49 46 8 14 87 99 44 38 26 69 42 62 84 35 86 11 56 41 18 50 60 25 12 85 19 79 37 29 70 71 21 83 20 75 66 58 65 39 16 32 17 36 77 0 31 27 30 64 73 80 68 97 89 43 55 5 94 82 47 9 1 52 33 10 67 81 48 3 28 23 95 61 53 34 78 63 45 13 74 57 98 76 72 90 91 96 59 24 2 93 54 4 7 15 40 92 51
Coste: 1640907559

GENERACION: 104
Mejor Solucion:  22 88 6 49 46 8 14 87 99 44 38 26 69 42 62 84 35 86 11 56 41 18 50 60 25 12 85 19 79 37 29 70 71 21 83 20 75 66 58 65 39 16 32 17 36 77 0 31 27 30 64 73 80 68 97 89 43 55 5 94 82 47 9 1 52 33 10 67 81 48 3 28 23 95 61 53 34 78 63 45 13 74 57 98 76 72 90 91 96 59 24 2 93 54 4 7 15 40 92 51
Coste: 1640907559

GENERACION: 105
Mejor Solucion:  22 88 6 49 46 8 14 87 99 44 38 26 69 42 62 84 35 86 11 56 41 18 50 60 25 12 85 19 79 37 29 70 71 21 83 20 75 66 58 65 39 16 32 17 36 77 0 31 27 30 64 73 80 68 97 89 43 55 5 94 82 47 9 1 52 33 10 67 81 48 3 28 23 95 61 53 34 78 63 45 13 74 57 98 76 72 90 91 96 59 24 2 93 54 4 7 15 40 92 51
Coste: 1640907559

GENERACION: 106
Mejor Solucion:  22 88 6 49 46 8 14 87 99 44 38 26 69 42 62 84 35 86 11 56 41 18 50 60 25 12 85 19 79 37 29 70 71 21 83 20 75 66 58 65 39 16 32 17 36 77 0 31 27 30 64 73 80 68 97 89 43 55 5 94 82 47 9 1 52 33 10 67 81 48 3 28 23 95 61 53 34 78 63 45 13 74 57 98 76 72 90 91 96 59 24 2 93 54 4 7 15 40 92 51
Coste: 1640907559

GENERACION: 107
Mejor Solucion:  22 88 6 49 46 8 14 87 99 44 38 26 69 42 62 84 35 86 11 56 41 18 50 60 25 12 85 19 79 37 29 70 71 21 83 20 75 66 58 65 39 16 32 17 36 77 0 31 27 30 64 73 80 68 97 89 43 55 5 94 82 47 9 1 52 33 10 67 81 48 3 28 23 95 61 53 34 78 63 45 13 74 57 98 76 72 90 91 96 59 24 2 93 54 4 7 15 40 92 51
Coste: 1640907559

GENERACION: 108
Mejor Solucion:  22 88 6 49 46 8 14 87 99 44 38 26 69 42 62 84 35 86 11 56 41 18 50 60 25 12 85 19 79 37 29 70 71 21 83 20 75 66 58 65 39 16 32 17 36 77 0 31 27 30 64 73 80 68 97 89 43 55 5 94 82 47 9 1 52 33 10 67 81 48 3 28 23 95 61 53 34 78 63 45 13 74 57 98 76 72 90 91 96 59 24 2 93 54 4 7 15 40 92 51
Coste: 1640907559

GENERACION: 109
Mejor Solucion:  22 88 6 49 46 8 14 87 99 44 38 26 69 42 62 84 35 86 11 56 41 18 50 60 25 12 85 19 79 37 29 70 71 21 83 20 75 66 58 65 39 16 32 17 36 77 0 31 27 30 64 73 80 68 97 89 43 55 5 94 82 47 9 1 52 33 10 67 81 48 3 28 23 95 61 53 34 78 63 45 13 74 57 98 76 72 90 91 96 59 24 2 93 54 4 7 15 40 92 51
Coste: 1640907559

GENERACION: 110
Mejor Solucion:  22 88 6 49 46 8 14 87 99 44 38 26 69 42 62 84 35 86 11 56 41 18 50 60 25 12 85 19 79 37 29 70 71 21 83 20 75 66 58 65 39 16 32 17 36 77 0 31 27 30 64 73 80 68 97 89 43 55 5 94 82 47 9 1 52 33 10 67 81 48 3 28 23 95 61 53 34 78 63 45 13 74 57 98 76 72 90 91 96 59 24 2 93 54 4 7 15 40 92 51
Coste: 1640907559

GENERACION: 111
Mejor Solucion:  22 88 6 49 46 8 14 87 99 44 38 26 69 42 62 84 35 86 11 56 41 18 50 60 25 12 85 19 79 37 29 70 71 21 83 20 75 66 58 65 39 16 32 17 36 77 0 31 27 30 64 73 80 68 97 89 43 55 5 94 82 47 9 1 52 33 10 67 81 48 3 28 23 95 61 53 34 78 63 45 13 74 57 98 76 72 90 91 96 59 24 2 93 54 4 7 15 40 92 51
Coste: 1640907559

GENERACION: 112
Mejor Solucion:  22 88 6 49 46 8 14 87 99 44 38 26 69 42 62 84 35 86 11 56 41 18 50 60 25 12 85 19 79 37 29 70 71 21 83 20 75 66 58 65 39 16 32 17 36 77 0 31 27 30 64 73 80 68 97 89 43 55 5 94 82 47 9 1 52 33 10 67 81 48 3 28 23 95 61 53 34 78 63 45 13 74 57 98 76 72 90 91 96 59 24 2 93 54 4 7 15 40 92 51
Coste: 1640907559

GENERACION: 113
Mejor Solucion:  22 88 6 49 46 8 14 87 99 44 38 26 69 42 62 84 35 86 11 56 41 18 50 60 25 12 85 19 79 37 29 70 71 21 83 20 75 66 58 65 39 16 32 17 36 77 0 31 27 30 64 73 80 68 97 89 43 55 5 94 82 47 9 1 52 33 10 67 81 48 3 28 23 95 61 53 34 78 63 45 13 74 57 98 76 72 90 91 96 59 24 2 93 54 4 7 15 40 92 51
Coste: 1640907559

GENERACION: 114
Mejor Solucion:  22 88 6 49 46 8 14 87 99 44 38 26 69 42 62 84 35 86 11 56 41 18 50 60 25 12 85 19 79 37 29 70 71 21 83 20 75 66 58 65 39 16 32 17 36 77 0 31 27 30 64 73 80 68 97 89 43 55 5 94 82 47 9 1 52 33 10 67 81 48 3 28 23 95 61 53 34 78 63 45 13 74 57 98 76 72 90 91 96 59 24 2 93 54 4 7 15 40 92 51
Coste: 1640907559

GENERACION: 115
Mejor Solucion:  22 88 6 49 46 8 14 87 99 44 38 26 69 42 62 84 35 86 11 56 41 18 50 60 25 12 85 19 79 37 29 70 71 21 83 20 75 66 58 65 39 16 32 17 36 77 0 31 27 30 64 73 80 68 97 89 43 55 5 94 82 47 9 1 52 33 10 67 81 48 3 28 23 95 61 53 34 78 63 45 13 74 57 98 76 72 90 91 96 59 24 2 93 54 4 7 15 40 92 51
Coste: 1640907559

GENERACION: 116
Mejor Solucion:  22 88 6 49 46 8 14 87 99 44 38 26 69 42 62 84 35 86 11 56 41 18 50 60 25 12 85 19 79 37 29 70 71 21 83 20 75 66 58 65 39 16 32 17 36 77 0 31 27 30 64 73 80 68 97 89 43 55 5 94 82 47 9 1 52 33 10 67 81 48 3 28 23 95 61 53 34 78 63 45 13 74 57 98 76 72 90 91 96 59 24 2 93 54 4 7 15 40 92 51
Coste: 1640907559

GENERACION: 117
Mejor Solucion:  22 88 6 49 46 8 14 87 99 44 38 26 69 42 62 84 35 86 11 56 41 18 50 60 25 12 85 19 79 37 29 70 71 21 83 20 75 66 58 65 39 16 32 17 36 77 0 31 27 30 64 73 80 68 97 89 43 55 5 94 82 47 9 1 52 33 10 67 81 48 3 28 23 95 61 53 34 78 63 45 13 74 57 98 76 72 90 91 96 59 24 2 93 54 4 7 15 40 92 51
Coste: 1640907559

GENERACION: 118
Mejor Solucion:  22 88 6 49 46 8 14 87 99 44 38 26 69 42 62 84 35 86 11 56 41 18 50 60 25 12 85 19 79 37 29 70 71 21 83 20 75 66 58 65 39 16 32 17 36 77 0 31 27 30 64 73 80 68 97 89 43 55 5 94 82 47 9 1 52 33 10 67 81 48 3 28 23 95 61 53 34 78 63 45 13 74 57 98 76 72 90 91 96 59 24 2 93 54 4 7 15 40 92 51
Coste: 1640907559

GENERACION: 119
Mejor Solucion:  22 88 6 49 46 8 14 87 99 44 38 26 69 42 62 84 35 86 11 56 41 18 50 60 25 12 85 19 79 37 29 70 71 21 83 20 75 66 58 65 39 16 32 17 36 77 0 31 27 30 64 73 80 68 97 89 43 55 5 94 82 47 9 1 52 33 10 67 81 48 3 28 23 95 61 53 34 78 63 45 13 74 57 98 76 72 90 91 96 59 24 2 93 54 4 7 15 40 92 51
Coste: 1640907559

GENERACION: 120
Mejor Solucion:  22 88 6 49 46 8 14 87 99 44 38 26 69 42 62 84 35 86 11 56 41 18 50 60 25 12 85 19 79 37 29 70 71 21 83 20 75 66 58 65 39 16 32 17 36 77 0 31 27 30 64 73 80 68 97 89 43 55 5 94 82 47 9 1 52 33 10 67 81 48 3 28 23 95 61 53 34 78 63 45 13 74 57 98 76 72 90 91 96 59 24 2 93 54 4 7 15 40 92 51
Coste: 1640907559

GENERACION: 121
Mejor Solucion:  22 88 6 49 46 8 14 87 99 44 38 26 69 42 62 84 35 86 11 56 41 18 50 60 25 12 85 19 79 37 29 70 71 21 83 20 75 66 58 65 39 16 32 17 36 77 0 31 27 30 64 73 80 68 97 89 43 55 5 94 82 47 9 1 52 33 10 67 81 48 3 28 23 95 61 53 34 78 63 45 13 74 57 98 76 72 90 91 96 59 24 2 93 54 4 7 15 40 92 51
Coste: 1640907559

GENERACION: 122
Mejor Solucion:  22 88 6 49 46 8 14 87 99 44 38 26 69 42 62 84 35 86 11 56 41 18 50 60 25 12 85 19 79 37 29 70 71 21 83 20 75 66 58 65 39 16 32 17 36 77 0 31 27 30 64 73 80 68 97 89 43 55 5 94 82 47 9 1 52 33 10 67 81 48 3 28 23 95 61 53 34 78 63 45 13 74 57 98 76 72 90 91 96 59 24 2 93 54 4 7 15 40 92 51
Coste: 1640907559

GENERACION: 123
Mejor Solucion:  22 88 6 49 46 8 14 87 99 44 38 26 69 42 62 84 35 86 11 56 41 18 50 60 25 12 85 19 79 37 29 70 71 21 83 20 75 66 58 65 39 16 32 17 36 77 0 31 27 30 64 73 80 68 97 89 43 55 5 94 82 47 9 1 52 33 10 67 81 48 3 28 23 95 61 53 34 78 63 45 13 74 57 98 76 72 90 91 96 59 24 2 93 54 4 7 15 40 92 51
Coste: 1640907559

GENERACION: 124
Mejor Solucion:  22 88 6 49 46 8 14 87 99 44 38 26 69 42 62 84 35 86 11 56 41 18 50 60 25 12 85 19 79 37 29 70 71 21 83 20 75 66 58 65 39 16 32 17 36 77 0 31 27 30 64 73 80 68 97 89 43 55 5 94 82 47 9 1 52 33 10 67 81 48 3 28 23 95 61 53 34 78 63 45 13 74 57 98 76 72 90 91 96 59 24 2 93 54 4 7 15 40 92 51
Coste: 1640907559

GENERACION: 125
Mejor Solucion:  22 88 6 49 46 8 14 87 99 44 38 26 69 42 62 84 35 86 11 56 41 18 50 60 25 12 85 19 79 37 29 70 71 21 83 20 75 66 58 65 39 16 32 17 36 77 0 31 27 30 64 73 80 68 97 89 43 55 5 94 82 47 9 1 52 33 10 67 81 48 3 28 23 95 61 53 34 78 63 45 13 74 57 98 76 72 90 91 96 59 24 2 93 54 4 7 15 40 92 51
Coste: 1640907559

GENERACION: 126
Mejor Solucion:  22 88 6 49 46 8 14 87 99 44 38 26 69 42 62 84 35 86 11 56 41 18 50 60 25 12 85 19 79 37 29 70 71 21 83 20 75 66 58 65 39 16 32 17 36 77 0 31 27 30 64 73 80 68 97 89 43 55 5 94 82 47 9 1 52 33 10 67 81 48 3 28 23 95 61 53 34 78 63 45 13 74 57 98 76 72 90 91 96 59 24 2 93 54 4 7 15 40 92 51
Coste: 1640907559

GENERACION: 127
Mejor Solucion:  22 88 6 49 46 8 14 87 99 44 38 26 69 42 62 84 35 86 11 56 41 18 50 60 25 12 85 19 79 37 29 70 71 21 83 20 75 66 58 65 39 16 32 17 36 77 0 31 27 30 64 73 80 68 97 89 43 55 5 94 82 47 9 1 52 33 10 67 81 48 3 28 23 95 61 53 34 78 63 45 13 74 57 98 76 72 90 91 96 59 24 2 93 54 4 7 15 40 92 51
Coste: 1640907559

GENERACION: 128
Mejor Solucion:  22 88 6 49 46 8 14 87 99 44 38 26 69 42 62 84 35 86 11 56 41 18 50 60 25 12 85 19 79 37 29 70 71 21 83 20 75 66 58 65 39 16 32 17 36 77 0 31 27 30 64 73 80 68 97 89 43 55 5 94 82 47 9 1 52 33 10 67 81 48 3 28 23 95 61 53 34 78 63 45 13 74 57 98 76 72 90 91 96 59 24 2 93 54 4 7 15 40 92 51
Coste: 1640907559

GENERACION: 129
Mejor Solucion:  22 88 6 49 46 8 14 87 99 44 38 26 69 42 62 84 35 86 11 56 41 18 50 60 25 12 85 19 79 37 29 70 71 21 83 20 75 66 58 65 39 16 32 17 36 77 0 31 27 30 64 73 80 68 97 89 43 55 5 94 82 47 9 1 52 33 10 67 81 48 3 28 23 95 61 53 34 78 63 45 13 74 57 98 76 72 90 91 96 59 24 2 93 54 4 7 15 40 92 51
Coste: 1640907559

GENERACION: 130
Mejor Solucion:  22 88 6 49 46 8 14 87 99 44 38 26 69 42 62 84 35 86 11 56 41 18 50 60 25 12 85 19 79 37 29 70 71 21 83 20 75 66 58 65 39 16 32 17 36 77 0 31 27 30 64 73 80 68 97 89 43 55 5 94 82 47 9 1 52 33 10 67 81 48 3 28 23 95 61 53 34 78 63 45 13 74 57 98 76 72 90 91 96 59 24 2 93 54 4 7 15 40 92 51
Coste: 1640907559

