GENERACION: 1
Mejor Solucion:  87 49 63 44 74 88 67 80 30 69 93 14 6 53 61 0 25 26 68 3 65 23 85 13 38 7 47 12 46 54 24 15 34 57 43 40 27 64 32 39 36 11 48 10 37 18 60 29 90 22 2 99 59 95 8 16 55 9 97 83 75 58 42 77 86 50 17 94 21 73 41 35 20 98 51 89 56 45 72 91 78 82 84 81 66 92 4 33 70 79 28 19 31 1 5 52 96 71 76 62
Coste: 1679371172

GENERACION: 2
Mejor Solucion:  87 49 63 44 74 88 67 80 30 69 93 14 6 53 61 0 25 26 68 3 65 23 85 13 38 7 47 12 46 54 24 15 34 57 43 40 27 64 32 39 36 11 48 10 37 18 60 29 90 22 2 99 59 95 8 16 55 9 97 83 75 58 42 77 86 50 17 94 21 73 41 35 20 98 51 89 56 45 72 91 78 82 84 81 66 92 4 33 70 79 28 19 31 1 5 52 96 71 76 62
Coste: 1679371172

GENERACION: 3
Mejor Solucion:  87 49 63 44 74 88 67 80 30 69 93 14 6 53 61 0 25 26 68 3 65 23 85 13 38 7 47 12 46 54 24 15 34 57 43 40 27 64 32 39 36 11 48 10 37 18 60 29 90 22 2 99 59 95 8 16 55 9 97 83 75 58 42 77 86 50 17 94 21 73 41 35 20 98 51 89 56 45 72 91 78 82 84 81 66 92 4 33 70 79 28 19 31 1 5 52 96 71 76 62
Coste: 1679371172

GENERACION: 4
Mejor Solucion:  87 49 63 44 74 88 67 80 30 69 93 14 6 53 61 0 25 26 68 3 65 23 85 13 38 7 47 12 46 54 24 15 34 57 43 40 27 64 32 39 36 11 48 10 37 18 60 29 90 22 2 99 59 95 8 16 55 9 97 83 75 58 42 77 86 50 17 94 21 73 41 35 20 98 51 89 56 45 72 91 78 82 84 81 66 92 4 33 70 79 28 19 31 1 5 52 96 71 76 62
Coste: 1679371172

GENERACION: 5
Mejor Solucion:  87 49 63 44 74 88 67 80 30 69 93 14 6 53 61 0 25 26 68 3 65 23 85 13 38 7 47 12 46 54 24 15 34 57 43 40 27 64 32 39 36 11 48 10 37 18 60 29 90 22 2 99 59 95 8 16 55 9 97 83 75 58 42 77 86 50 17 94 21 73 41 35 20 98 51 89 56 45 72 91 78 82 84 81 66 92 4 33 70 79 28 19 31 1 5 52 96 71 76 62
Coste: 1679371172

GENERACION: 6
Mejor Solucion:  87 49 63 44 74 88 67 80 30 69 93 14 6 53 61 0 25 26 68 3 65 23 85 13 38 7 47 12 46 54 24 15 34 57 43 40 27 64 32 39 36 11 48 10 37 18 60 29 90 22 2 99 59 95 8 16 55 9 97 83 75 58 42 77 86 50 17 94 21 73 41 35 20 98 51 89 56 45 72 91 78 82 84 81 66 92 4 33 70 79 28 19 31 1 5 52 96 71 76 62
Coste: 1679371172

GENERACION: 7
Mejor Solucion:  87 49 63 44 74 88 67 80 30 69 93 14 6 53 61 0 25 26 68 3 65 23 85 13 38 7 47 12 46 54 24 15 34 57 43 40 27 64 32 39 36 11 48 10 37 18 60 29 90 22 2 99 59 95 8 16 55 9 97 83 75 58 42 77 86 50 17 94 21 73 41 35 20 98 51 89 56 45 72 91 78 82 84 81 66 92 4 33 70 79 28 19 31 1 5 52 96 71 76 62
Coste: 1679371172

GENERACION: 8
Mejor Solucion:  87 49 63 44 74 88 67 80 30 69 93 14 6 53 61 0 25 26 68 3 65 23 85 13 38 7 47 12 46 54 24 15 34 57 43 40 27 64 32 39 36 11 48 10 37 18 60 29 90 22 2 99 59 95 8 16 55 9 97 83 75 58 42 77 86 50 17 94 21 73 41 35 20 98 51 89 56 45 72 91 78 82 84 81 66 92 4 33 70 79 28 19 31 1 5 52 96 71 76 62
Coste: 1679371172

GENERACION: 9
Mejor Solucion:  87 49 63 44 74 88 67 80 30 69 93 14 6 53 61 0 25 26 68 3 65 23 85 13 38 7 47 12 46 54 24 15 34 57 43 40 27 64 32 39 36 11 48 10 37 18 60 29 90 22 2 99 59 95 8 16 55 9 97 83 75 58 42 77 86 50 17 94 21 73 41 35 20 98 51 89 56 45 72 91 78 82 84 81 66 92 4 33 70 79 28 19 31 1 5 52 96 71 76 62
Coste: 1679371172

GENERACION: 10
Mejor Solucion:  87 49 63 44 74 88 67 80 30 69 93 14 6 53 61 0 25 26 68 3 65 23 85 13 38 7 47 12 46 54 24 15 34 57 43 40 27 64 32 39 36 11 48 10 37 18 60 29 90 22 2 99 59 95 8 16 55 9 97 83 75 58 42 77 86 50 17 94 21 73 41 35 20 98 51 89 56 45 72 91 78 82 84 81 66 92 4 33 70 79 28 19 31 1 5 52 96 71 76 62
Coste: 1679371172

GENERACION: 11
Mejor Solucion:  87 49 63 44 74 88 67 80 30 69 93 14 6 53 61 0 25 26 68 3 65 23 85 13 38 7 47 12 46 54 24 15 34 57 43 40 27 64 32 39 36 11 48 10 37 18 60 29 90 22 2 99 59 95 8 16 55 9 97 83 75 58 42 77 86 50 17 94 21 73 41 35 20 98 51 89 56 45 72 91 78 82 84 81 66 92 4 33 70 79 28 19 31 1 5 52 96 71 76 62
Coste: 1679371172

GENERACION: 12
Mejor Solucion:  87 49 63 44 74 88 67 80 30 69 93 14 6 53 61 0 25 26 68 3 65 23 85 13 38 7 47 12 46 54 24 15 34 57 43 40 27 64 32 39 36 11 48 10 37 18 60 29 90 22 2 99 59 95 8 16 55 9 97 83 75 58 42 77 86 50 17 94 21 73 41 35 20 98 51 89 56 45 72 91 78 82 84 81 66 92 4 33 70 79 28 19 31 1 5 52 96 71 76 62
Coste: 1679371172

GENERACION: 13
Mejor Solucion:  87 49 63 44 74 88 67 80 30 69 93 14 6 53 61 0 25 26 68 3 65 23 85 13 38 7 47 12 46 54 24 15 34 57 43 40 27 64 32 39 36 11 48 10 37 18 60 29 90 22 2 99 59 95 8 16 55 9 97 83 75 58 42 77 86 50 17 94 21 73 41 35 20 98 51 89 56 45 72 91 78 82 84 81 66 92 4 33 70 79 28 19 31 1 5 52 96 71 76 62
Coste: 1679371172

GENERACION: 14
Mejor Solucion:  87 49 63 44 74 88 67 80 30 69 93 14 6 53 61 0 25 26 68 3 65 23 85 13 38 7 47 12 46 54 24 15 34 57 43 40 27 64 32 39 36 11 48 10 37 18 60 29 90 22 2 99 59 95 8 16 55 9 97 83 75 58 42 77 86 50 17 94 21 73 41 35 20 98 51 89 56 45 72 91 78 82 84 81 66 92 4 33 70 79 28 19 31 1 5 52 96 71 76 62
Coste: 1679371172

GENERACION: 15
Mejor Solucion:  87 49 63 44 74 88 67 80 30 69 93 14 6 53 61 0 25 26 68 3 65 23 85 13 38 7 47 12 46 54 24 15 34 57 43 40 27 64 32 39 36 11 48 10 37 18 60 29 90 22 2 99 59 95 8 16 55 9 97 83 75 58 42 77 86 50 17 94 21 73 41 35 20 98 51 89 56 45 72 91 78 82 84 81 66 92 4 33 70 79 28 19 31 1 5 52 96 71 76 62
Coste: 1679371172

GENERACION: 16
Mejor Solucion:  87 49 63 44 74 88 67 80 30 69 93 14 6 53 61 0 25 26 68 3 65 23 85 13 38 7 47 12 46 54 24 15 34 57 43 40 27 64 32 39 36 11 48 10 37 18 60 29 90 22 2 99 59 95 8 16 55 9 97 83 75 58 42 77 86 50 17 94 21 73 41 35 20 98 51 89 56 45 72 91 78 82 84 81 66 92 4 33 70 79 28 19 31 1 5 52 96 71 76 62
Coste: 1679371172

GENERACION: 17
Mejor Solucion:  87 49 63 44 74 88 67 80 30 69 93 14 6 53 61 0 25 26 68 3 65 23 85 13 38 7 47 12 46 54 24 15 34 57 43 40 27 64 32 39 36 11 48 10 37 18 60 29 90 22 2 99 59 95 8 16 55 9 97 83 75 58 42 77 86 50 17 94 21 73 41 35 20 98 51 89 56 45 72 91 78 82 84 81 66 92 4 33 70 79 28 19 31 1 5 52 96 71 76 62
Coste: 1679371172

GENERACION: 18
Mejor Solucion:  87 49 63 44 74 88 67 80 30 69 93 14 6 53 61 0 25 26 68 3 65 23 85 13 38 7 47 12 46 54 24 15 34 57 43 40 27 64 32 39 36 11 48 10 37 18 60 29 90 22 2 99 59 95 8 16 55 9 97 83 75 58 42 77 86 50 17 94 21 73 41 35 20 98 51 89 56 45 72 91 78 82 84 81 66 92 4 33 70 79 28 19 31 1 5 52 96 71 76 62
Coste: 1679371172

GENERACION: 19
Mejor Solucion:  87 49 63 44 74 88 67 80 30 69 93 14 6 53 61 0 25 26 68 3 65 23 85 13 38 7 47 12 46 54 24 15 34 57 43 40 27 64 32 39 36 11 48 10 37 18 60 29 90 22 2 99 59 95 8 16 55 9 97 83 75 58 42 77 86 50 17 94 21 73 41 35 20 98 51 89 56 45 72 91 78 82 84 81 66 92 4 33 70 79 28 19 31 1 5 52 96 71 76 62
Coste: 1679371172

GENERACION: 20
Mejor Solucion:  87 49 63 44 74 88 67 80 30 69 93 14 6 53 61 0 25 26 68 3 65 23 85 13 38 7 47 12 46 54 24 15 34 57 43 40 27 64 32 39 36 11 48 10 37 18 60 29 90 22 2 99 59 95 8 16 55 9 97 83 75 58 42 77 86 50 17 94 21 73 41 35 20 98 51 89 56 45 72 91 78 82 84 81 66 92 4 33 70 79 28 19 31 1 5 52 96 71 76 62
Coste: 1679371172

GENERACION: 21
Mejor Solucion:  87 49 63 44 74 88 67 80 30 69 93 14 6 53 61 0 25 26 68 3 65 23 85 13 38 7 47 12 46 54 24 15 34 57 43 40 27 64 32 39 36 11 48 10 37 18 60 29 90 22 2 99 59 95 8 16 55 9 97 83 75 58 42 77 86 50 17 94 21 73 41 35 20 98 51 89 56 45 72 91 78 82 84 81 66 92 4 33 70 79 28 19 31 1 5 52 96 71 76 62
Coste: 1679371172

GENERACION: 22
Mejor Solucion:  87 49 63 44 74 88 67 80 30 69 93 14 6 53 61 0 25 26 68 3 65 23 85 13 38 7 47 12 46 54 24 15 34 57 43 40 27 64 32 39 36 11 48 10 37 18 60 29 90 22 2 99 59 95 8 16 55 9 97 83 75 58 42 77 86 50 17 94 21 73 41 35 20 98 51 89 56 45 72 91 78 82 84 81 66 92 4 33 70 79 28 19 31 1 5 52 96 71 76 62
Coste: 1679371172

GENERACION: 23
Mejor Solucion:  87 49 63 44 74 88 67 80 30 69 93 14 6 53 61 0 25 26 68 3 65 23 85 13 38 7 47 12 46 54 24 15 34 57 43 40 27 64 32 39 36 11 48 10 37 18 60 29 90 22 2 99 59 95 8 16 55 9 97 83 75 58 42 77 86 50 17 94 21 73 41 35 20 98 51 89 56 45 72 91 78 82 84 81 66 92 4 33 70 79 28 19 31 1 5 52 96 71 76 62
Coste: 1679371172

GENERACION: 24
Mejor Solucion:  87 49 63 44 74 88 67 80 30 69 93 14 6 53 61 0 25 26 68 3 65 23 85 13 38 7 47 12 46 54 24 15 34 57 43 40 27 64 32 39 36 11 48 10 37 18 60 29 90 22 2 99 59 95 8 16 55 9 97 83 75 58 42 77 86 50 17 94 21 73 41 35 20 98 51 89 56 45 72 91 78 82 84 81 66 92 4 33 70 79 28 19 31 1 5 52 96 71 76 62
Coste: 1679371172

GENERACION: 25
Mejor Solucion:  87 49 63 44 74 88 67 80 30 69 93 14 6 53 61 0 25 26 68 3 65 23 85 13 38 7 47 12 46 54 24 15 34 57 43 40 27 64 32 39 36 11 48 10 37 18 60 29 90 22 2 99 59 95 8 16 55 9 97 83 75 58 42 77 86 50 17 94 21 73 41 35 20 98 51 89 56 45 72 91 78 82 84 81 66 92 4 33 70 79 28 19 31 1 5 52 96 71 76 62
Coste: 1679371172

GENERACION: 26
Mejor Solucion:  87 49 63 44 74 88 67 80 30 69 93 14 6 53 61 0 25 26 68 3 65 23 85 13 38 7 47 12 46 54 24 15 34 57 43 40 27 64 32 39 36 11 48 10 37 18 60 29 90 22 2 99 59 95 8 16 55 9 97 83 75 58 42 77 86 50 17 94 21 73 41 35 20 98 51 89 56 45 72 91 78 82 84 81 66 92 4 33 70 79 28 19 31 1 5 52 96 71 76 62
Coste: 1679371172

GENERACION: 27
Mejor Solucion:  87 49 63 44 74 88 67 80 30 69 93 14 6 53 61 0 25 26 68 3 65 23 85 13 38 7 47 12 46 54 24 15 34 57 43 40 27 64 32 39 36 11 48 10 37 18 60 29 90 22 2 99 59 95 8 16 55 9 97 83 75 58 42 77 86 50 17 94 21 73 41 35 20 98 51 89 56 45 72 91 78 82 84 81 66 92 4 33 70 79 28 19 31 1 5 52 96 71 76 62
Coste: 1679371172

GENERACION: 28
Mejor Solucion:  87 49 63 44 74 88 67 80 30 69 93 14 6 53 61 0 25 26 68 3 65 23 85 13 38 7 47 12 46 54 24 15 34 57 43 40 27 64 32 39 36 11 48 10 37 18 60 29 90 22 2 99 59 95 8 16 55 9 97 83 75 58 42 77 86 50 17 94 21 73 41 35 20 98 51 89 56 45 72 91 78 82 84 81 66 92 4 33 70 79 28 19 31 1 5 52 96 71 76 62
Coste: 1679371172

GENERACION: 29
Mejor Solucion:  87 49 63 44 74 88 67 80 30 69 93 14 6 53 61 0 25 26 68 3 65 23 85 13 38 7 47 12 46 54 24 15 34 57 43 40 27 64 32 39 36 11 48 10 37 18 60 29 90 22 2 99 59 95 8 16 55 9 97 83 75 58 42 77 86 50 17 94 21 73 41 35 20 98 51 89 56 45 72 91 78 82 84 81 66 92 4 33 70 79 28 19 31 1 5 52 96 71 76 62
Coste: 1679371172

GENERACION: 30
Mejor Solucion:  87 49 27 44 73 88 67 80 30 69 93 14 6 86 61 21 72 26 68 3 65 96 85 13 38 7 47 94 46 75 24 15 34 9 43 40 63 64 32 17 36 11 48 10 37 18 82 29 50 22 2 55 59 97 56 77 83 57 60 91 54 5 92 42 53 23 39 12 0 74 41 35 20 98 51 70 8 45 78 99 25 95 84 81 66 16 4 33 71 79 28 19 31 1 58 52 90 89 76 62
Coste: 1649438995

GENERACION: 31
Mejor Solucion:  87 49 27 44 73 88 67 80 30 69 93 14 6 86 61 21 72 26 68 3 65 96 85 13 38 7 47 94 46 75 24 15 34 9 43 40 63 64 32 17 36 11 48 10 37 18 82 29 50 22 2 55 59 97 56 77 83 57 60 91 54 5 92 42 53 23 39 12 0 74 41 35 20 98 51 70 8 45 78 99 25 95 84 81 66 16 4 33 71 79 28 19 31 1 58 52 90 89 76 62
Coste: 1649438995

GENERACION: 32
Mejor Solucion:  87 67 21 37 73 88 49 80 30 69 93 20 12 86 61 27 72 26 68 92 65 96 41 13 38 7 31 94 46 98 24 82 2 9 43 40 63 64 32 17 36 19 48 10 44 18 15 29 50 22 34 55 59 97 56 77 83 57 60 91 54 5 3 42 53 23 39 6 16 74 85 35 14 75 51 70 8 45 78 99 25 95 84 81 66 0 4 33 71 79 28 11 47 1 58 52 90 89 76 62
Coste: 1625949954

GENERACION: 33
Mejor Solucion:  87 67 21 37 73 88 49 80 30 69 93 20 12 86 61 27 72 26 68 92 65 96 41 13 38 7 31 94 46 98 24 82 2 9 43 40 63 64 32 17 36 19 48 10 44 18 15 29 50 22 34 55 59 97 56 77 83 57 60 91 54 5 3 42 53 23 39 6 16 74 85 35 14 75 51 70 8 45 78 99 25 95 84 81 66 0 4 33 71 79 28 11 47 1 58 52 90 89 76 62
Coste: 1625949954

GENERACION: 34
Mejor Solucion:  87 67 21 37 73 88 49 80 30 69 93 20 12 86 61 27 72 26 68 92 65 96 41 13 38 7 31 94 46 98 24 82 2 9 43 40 63 64 32 17 36 19 48 10 44 18 15 29 50 22 34 55 59 97 56 77 83 57 60 91 54 5 3 42 53 23 39 6 16 74 85 35 14 75 51 70 8 45 78 99 25 95 84 81 66 0 4 33 71 79 28 11 47 1 58 52 90 89 76 62
Coste: 1625949954

GENERACION: 35
Mejor Solucion:  87 67 21 37 73 88 49 80 30 69 93 20 12 86 61 27 72 26 68 92 65 96 41 13 38 7 31 94 46 98 24 82 2 9 43 40 63 64 32 17 36 19 48 10 44 18 15 29 50 22 34 55 59 97 56 77 83 57 60 91 54 5 3 42 53 23 39 6 16 74 85 35 14 75 51 70 8 45 78 99 25 95 84 81 66 0 4 33 71 79 28 11 47 1 58 52 90 89 76 62
Coste: 1625949954

GENERACION: 36
Mejor Solucion:  87 67 21 37 73 88 49 80 30 69 93 20 12 86 61 27 72 26 68 92 65 96 41 13 38 7 31 94 46 98 24 82 2 9 43 40 63 64 32 17 36 19 48 10 44 18 15 29 50 22 34 55 59 97 56 77 83 57 60 91 54 5 3 42 53 23 39 6 16 74 85 35 14 75 51 70 8 45 78 99 25 95 84 81 66 0 4 33 71 79 28 11 47 1 58 52 90 89 76 62
Coste: 1625949954

GENERACION: 37
Mejor Solucion:  87 67 21 37 73 88 49 80 30 69 93 20 12 86 61 27 72 26 68 92 65 96 41 13 38 7 31 94 46 98 24 82 2 9 43 40 63 64 32 17 36 19 48 10 44 18 15 29 50 22 34 55 59 97 56 77 83 57 60 91 54 5 3 42 53 23 39 6 16 74 85 35 14 75 51 70 8 45 78 99 25 95 84 81 66 0 4 33 71 79 28 11 47 1 58 52 90 89 76 62
Coste: 1625949954

GENERACION: 38
Mejor Solucion:  87 67 21 37 73 88 49 80 30 69 93 20 12 86 61 27 72 26 68 92 65 96 41 13 38 7 31 94 46 98 24 82 2 9 43 40 63 64 32 17 36 19 48 10 44 18 15 29 50 22 34 55 59 97 56 77 83 57 60 91 54 5 3 42 53 23 39 6 16 74 85 35 14 75 51 70 8 45 78 99 25 95 84 81 66 0 4 33 71 79 28 11 47 1 58 52 90 89 76 62
Coste: 1625949954

GENERACION: 39
Mejor Solucion:  87 67 21 37 73 88 49 80 30 69 93 20 12 86 61 27 72 26 68 92 65 96 41 13 38 7 31 94 46 98 24 82 2 9 43 40 63 64 32 17 36 19 48 10 44 18 15 29 50 22 34 55 59 97 56 77 83 57 60 91 54 5 3 42 53 23 39 6 16 74 85 35 14 75 51 70 8 45 78 99 25 95 84 81 66 0 4 33 71 79 28 11 47 1 58 52 90 89 76 62
Coste: 1625949954

GENERACION: 40
Mejor Solucion:  87 67 21 37 73 88 49 80 30 69 93 20 12 86 61 27 72 26 68 92 65 96 41 13 38 7 31 94 46 98 24 82 2 9 43 40 63 64 32 17 36 19 48 10 44 18 15 29 50 22 34 55 59 97 56 77 83 57 60 91 54 5 3 42 53 23 39 6 16 74 85 35 14 75 51 70 8 45 78 99 25 95 84 81 66 0 4 33 71 79 28 11 47 1 58 52 90 89 76 62
Coste: 1625949954

GENERACION: 41
Mejor Solucion:  87 67 21 37 73 88 49 80 30 69 93 20 12 86 61 27 72 26 68 92 65 96 41 13 38 7 31 94 46 98 24 82 2 9 43 40 63 64 32 17 36 19 48 10 44 18 15 29 50 22 34 55 59 97 56 77 83 57 60 91 54 5 3 42 53 23 39 6 16 74 85 35 14 75 51 70 8 45 78 99 25 95 84 81 66 0 4 33 71 79 28 11 47 1 58 52 90 89 76 62
Coste: 1625949954

GENERACION: 42
Mejor Solucion:  87 67 21 37 73 88 49 80 30 69 93 20 12 86 61 27 72 26 68 92 65 96 41 13 38 7 31 94 46 98 24 82 2 9 43 40 63 64 32 17 36 19 48 10 44 18 15 29 50 22 34 55 59 97 56 77 83 57 60 91 54 5 3 42 53 23 39 6 16 74 85 35 14 75 51 70 8 45 78 99 25 95 84 81 66 0 4 33 71 79 28 11 47 1 58 52 90 89 76 62
Coste: 1625949954

GENERACION: 43
Mejor Solucion:  87 67 21 37 73 88 49 80 30 69 93 20 12 86 61 27 72 26 68 92 65 96 41 13 38 7 31 94 46 98 24 82 2 9 43 40 63 64 32 17 36 19 48 10 44 18 15 29 50 22 34 55 59 97 56 77 83 57 60 91 54 5 3 42 53 23 39 6 16 74 85 35 14 75 51 70 8 45 78 99 25 95 84 81 66 0 4 33 71 79 28 11 47 1 58 52 90 89 76 62
Coste: 1625949954

GENERACION: 44
Mejor Solucion:  87 67 21 37 73 88 49 80 30 69 93 20 12 86 61 27 72 26 68 92 65 96 41 13 38 7 31 94 46 98 24 82 2 9 43 40 63 64 32 17 36 19 48 10 44 18 15 29 50 22 34 55 59 97 56 77 83 57 60 91 54 5 3 42 53 23 39 6 16 74 85 35 14 75 51 70 8 45 78 99 25 95 84 81 66 0 4 33 71 79 28 11 47 1 58 52 90 89 76 62
Coste: 1625949954

GENERACION: 45
Mejor Solucion:  87 67 21 37 73 88 49 80 30 69 93 20 12 86 61 27 72 26 68 92 65 96 41 13 38 7 31 94 46 98 24 82 2 9 43 40 63 64 32 17 36 19 48 10 44 18 15 29 50 22 34 55 59 97 56 77 83 57 60 91 54 5 3 42 53 23 39 6 16 74 85 35 14 75 51 70 8 45 78 99 25 95 84 81 66 0 4 33 71 79 28 11 47 1 58 52 90 89 76 62
Coste: 1625949954

GENERACION: 46
Mejor Solucion:  87 67 21 37 73 88 49 80 30 69 93 20 12 86 61 27 72 26 68 92 65 96 41 13 38 7 31 94 46 98 24 82 2 9 43 40 63 64 32 17 36 19 48 10 44 18 15 29 50 22 34 55 59 97 56 77 83 57 60 91 54 5 3 42 53 23 39 6 16 74 85 35 14 75 51 70 8 45 78 99 25 95 84 81 66 0 4 33 71 79 28 11 47 1 58 52 90 89 76 62
Coste: 1625949954

GENERACION: 47
Mejor Solucion:  87 67 21 37 73 88 49 80 30 69 93 20 12 86 61 27 72 26 68 92 65 96 41 13 38 7 31 94 46 98 24 82 2 9 43 40 63 64 32 17 36 19 48 10 44 18 15 29 50 22 34 55 59 97 56 77 83 57 60 91 54 5 3 42 53 23 39 6 16 74 85 35 14 75 51 70 8 45 78 99 25 95 84 81 66 0 4 33 71 79 28 11 47 1 58 52 90 89 76 62
Coste: 1625949954

GENERACION: 48
Mejor Solucion:  87 67 21 37 73 88 49 80 30 69 93 20 12 86 61 27 72 26 68 92 65 96 41 13 38 7 31 94 46 98 24 82 2 9 43 40 63 64 32 17 36 19 48 10 44 18 15 29 50 22 34 55 59 97 56 77 83 57 60 91 54 5 3 42 53 23 39 6 16 74 85 35 14 75 51 70 8 45 78 99 25 95 84 81 66 0 4 33 71 79 28 11 47 1 58 52 90 89 76 62
Coste: 1625949954

GENERACION: 49
Mejor Solucion:  87 67 21 37 73 88 49 80 30 69 93 20 12 86 61 27 72 26 68 92 65 96 41 13 38 7 31 94 46 98 24 82 2 9 43 40 63 64 32 17 36 19 48 10 44 18 15 29 50 22 34 55 59 97 56 77 83 57 60 91 54 5 3 42 53 23 39 6 16 74 85 35 14 75 51 70 8 45 78 99 25 95 84 81 66 0 4 33 71 79 28 11 47 1 58 52 90 89 76 62
Coste: 1625949954

GENERACION: 50
Mejor Solucion:  87 67 21 37 73 88 49 80 30 69 93 20 12 86 61 27 72 26 68 92 65 96 41 13 38 7 31 94 46 98 24 82 2 9 43 40 63 64 32 17 36 19 48 10 44 18 15 29 50 22 34 55 59 97 56 77 83 57 60 91 54 5 3 42 53 23 39 6 16 74 85 35 14 75 51 70 8 45 78 99 25 95 84 81 66 0 4 33 71 79 28 11 47 1 58 52 90 89 76 62
Coste: 1625949954

GENERACION: 51
Mejor Solucion:  87 67 21 37 73 88 49 80 30 69 93 20 12 86 61 27 72 26 68 92 65 96 41 13 38 7 31 94 46 98 24 82 2 9 43 40 63 64 32 17 36 19 48 10 44 18 15 29 50 22 34 55 59 97 56 77 83 57 60 91 54 5 3 42 53 23 39 6 16 74 85 35 14 75 51 70 8 45 78 99 25 95 84 81 66 0 4 33 71 79 28 11 47 1 58 52 90 89 76 62
Coste: 1625949954

GENERACION: 52
Mejor Solucion:  87 67 21 37 73 88 49 80 30 69 93 20 12 86 61 27 72 26 68 92 65 96 41 13 38 7 31 94 46 98 24 82 2 9 43 40 63 64 32 17 36 19 48 10 44 18 15 29 50 22 34 55 59 97 56 77 83 57 60 91 54 5 3 42 53 23 39 6 16 74 85 35 14 75 51 70 8 45 78 99 25 95 84 81 66 0 4 33 71 79 28 11 47 1 58 52 90 89 76 62
Coste: 1625949954

GENERACION: 53
Mejor Solucion:  87 67 21 37 73 88 49 80 30 69 93 20 12 86 61 27 72 26 68 92 65 96 41 13 38 7 31 94 46 98 24 82 2 9 43 40 63 64 32 17 36 19 48 10 44 18 15 29 50 22 34 55 59 97 56 77 83 57 60 91 54 5 3 42 53 23 39 6 16 74 85 35 14 75 51 70 8 45 78 99 25 95 84 81 66 0 4 33 71 79 28 11 47 1 58 52 90 89 76 62
Coste: 1625949954

GENERACION: 54
Mejor Solucion:  87 67 21 37 73 88 49 80 30 69 93 20 12 86 61 27 72 26 68 92 65 96 41 13 38 7 31 94 46 98 24 82 2 9 43 40 63 64 32 17 36 19 48 10 44 18 15 29 50 22 34 55 59 97 56 77 83 57 60 91 54 5 3 42 53 23 39 6 16 74 85 35 14 75 51 70 8 45 78 99 25 95 84 81 66 0 4 33 71 79 28 11 47 1 58 52 90 89 76 62
Coste: 1625949954

GENERACION: 55
Mejor Solucion:  87 67 21 37 73 88 49 80 30 69 93 20 12 86 61 27 72 26 68 92 65 96 41 13 38 7 31 94 46 98 24 82 2 9 43 40 63 64 32 17 36 19 48 10 44 18 15 29 50 22 34 55 59 97 56 77 83 57 60 91 54 5 3 42 53 23 39 6 16 74 85 35 14 75 51 70 8 45 78 99 25 95 84 81 66 0 4 33 71 79 28 11 47 1 58 52 90 89 76 62
Coste: 1625949954

GENERACION: 56
Mejor Solucion:  87 67 21 37 73 88 49 80 30 69 93 20 12 86 61 27 72 26 68 92 65 96 41 13 38 7 31 94 46 98 24 82 2 9 43 40 63 64 32 17 36 19 48 10 44 18 15 29 50 22 34 55 59 97 56 77 83 57 60 91 54 5 3 42 53 23 39 6 16 74 85 35 14 75 51 70 8 45 78 99 25 95 84 81 66 0 4 33 71 79 28 11 47 1 58 52 90 89 76 62
Coste: 1625949954

GENERACION: 57
Mejor Solucion:  87 67 21 37 73 88 49 80 30 69 93 20 12 86 61 27 72 26 68 92 65 96 41 13 38 7 31 94 46 98 24 82 2 9 43 40 63 64 32 17 36 19 48 10 44 18 15 29 50 22 34 55 59 97 56 77 83 57 60 91 54 5 3 42 53 23 39 6 16 74 85 35 14 75 51 70 8 45 78 99 25 95 84 81 66 0 4 33 71 79 28 11 47 1 58 52 90 89 76 62
Coste: 1625949954

GENERACION: 58
Mejor Solucion:  87 67 21 37 73 88 49 80 30 69 93 20 12 86 61 27 72 26 68 92 65 96 41 13 38 7 31 94 46 98 24 82 2 9 43 40 63 64 32 17 36 19 48 10 44 18 15 29 50 22 34 55 59 97 56 77 83 57 60 91 54 5 3 42 53 23 39 6 16 74 85 35 14 75 51 70 8 45 78 99 25 95 84 81 66 0 4 33 71 79 28 11 47 1 58 52 90 89 76 62
Coste: 1625949954

GENERACION: 59
Mejor Solucion:  87 67 21 37 73 88 49 80 30 69 93 20 12 86 61 27 72 26 68 92 65 96 41 13 38 7 31 94 46 98 24 82 2 9 43 40 63 64 32 17 36 19 48 10 44 18 15 29 50 22 34 55 59 97 56 77 83 57 60 91 54 5 3 42 53 23 39 6 16 74 85 35 14 75 51 70 8 45 78 99 25 95 84 81 66 0 4 33 71 79 28 11 47 1 58 52 90 89 76 62
Coste: 1625949954

GENERACION: 60
Mejor Solucion:  87 67 21 37 73 88 49 80 30 69 93 20 12 86 61 27 72 26 68 92 65 96 41 13 38 7 31 94 46 98 24 82 2 9 43 40 63 64 32 17 36 19 48 10 44 18 15 29 50 22 34 55 59 97 56 77 83 57 60 91 54 5 3 42 53 23 39 6 16 74 85 35 14 75 51 70 8 45 78 99 25 95 84 81 66 0 4 33 71 79 28 11 47 1 58 52 90 89 76 62
Coste: 1625949954

GENERACION: 61
Mejor Solucion:  87 67 21 37 73 88 49 80 30 69 93 20 12 86 61 27 72 26 68 92 65 96 41 13 38 7 31 94 46 98 24 82 2 9 43 40 63 64 32 17 36 19 48 10 44 18 15 29 50 22 34 55 59 97 56 77 83 57 60 91 54 5 3 42 53 23 39 6 16 74 85 35 14 75 51 70 8 45 78 99 25 95 84 81 66 0 4 33 71 79 28 11 47 1 58 52 90 89 76 62
Coste: 1625949954

GENERACION: 62
Mejor Solucion:  87 67 21 37 73 88 49 80 30 69 93 20 12 86 61 27 72 26 68 92 65 96 41 13 38 7 31 94 46 98 24 82 2 9 43 40 63 64 32 17 36 19 48 10 44 18 15 29 50 22 34 55 59 97 56 77 83 57 60 91 54 5 3 42 53 23 39 6 16 74 85 35 14 75 51 70 8 45 78 99 25 95 84 81 66 0 4 33 71 79 28 11 47 1 58 52 90 89 76 62
Coste: 1625949954

GENERACION: 63
Mejor Solucion:  42 67 83 70 73 85 49 48 38 14 28 94 35 37 61 0 57 26 86 24 84 58 68 8 45 51 31 93 43 98 65 82 4 5 90 29 99 9 39 44 92 19 56 47 96 77 13 72 50 54 12 30 27 80 41 53 66 60 22 62 25 64 3 2 6 75 32 15 7 74 36 52 69 20 17 55 81 21 87 16 23 79 46 78 88 59 18 33 71 95 34 76 11 63 89 97 10 1 40 91
Coste: 1624649348

GENERACION: 64
Mejor Solucion:  42 67 83 70 73 85 49 48 38 14 28 94 35 37 61 0 57 26 86 24 84 58 68 8 45 51 31 93 43 98 65 82 4 5 90 29 99 9 39 44 92 19 56 47 96 77 13 72 50 54 12 30 27 80 41 53 66 60 22 62 25 64 3 2 6 75 32 15 7 74 36 52 69 20 17 55 81 21 87 16 23 79 46 78 88 59 18 33 71 95 34 76 11 63 89 97 10 1 40 91
Coste: 1624649348

GENERACION: 65
Mejor Solucion:  42 67 83 70 73 85 49 48 38 14 28 94 35 37 61 0 57 26 86 24 84 58 68 8 45 51 31 93 43 98 65 82 4 5 90 29 99 9 39 44 92 19 56 47 96 77 13 72 50 54 12 30 27 80 41 53 66 60 22 62 25 64 3 2 6 75 32 15 7 74 36 52 69 20 17 55 81 21 87 16 23 79 46 78 88 59 18 33 71 95 34 76 11 63 89 97 10 1 40 91
Coste: 1624649348

GENERACION: 66
Mejor Solucion:  42 67 83 70 73 85 49 48 38 14 28 94 35 37 61 0 57 26 86 24 84 58 68 8 45 51 31 93 43 98 65 82 4 5 90 29 99 9 39 44 92 19 56 47 96 77 13 72 50 54 12 30 27 80 41 53 66 60 22 62 25 64 3 2 6 75 32 15 7 74 36 52 69 20 17 55 81 21 87 16 23 79 46 78 88 59 18 33 71 95 34 76 11 63 89 97 10 1 40 91
Coste: 1624649348

GENERACION: 67
Mejor Solucion:  42 67 83 70 73 85 49 48 38 14 28 94 35 37 61 0 57 26 86 24 84 58 68 8 45 51 31 93 43 98 65 82 4 5 90 29 99 9 39 44 92 19 56 47 96 77 13 72 50 54 12 30 27 80 41 53 66 60 22 62 25 64 3 2 6 75 32 15 7 74 36 52 69 20 17 55 81 21 87 16 23 79 46 78 88 59 18 33 71 95 34 76 11 63 89 97 10 1 40 91
Coste: 1624649348

GENERACION: 68
Mejor Solucion:  42 67 83 70 73 85 49 48 38 14 28 94 35 37 61 0 57 26 86 24 84 58 68 8 45 51 31 93 43 98 65 82 4 5 90 29 99 9 39 44 92 19 56 47 96 77 13 72 50 54 12 30 27 80 41 53 66 60 22 62 25 64 3 2 6 75 32 15 7 74 36 52 69 20 17 55 81 21 87 16 23 79 46 78 88 59 18 33 71 95 34 76 11 63 89 97 10 1 40 91
Coste: 1624649348

GENERACION: 69
Mejor Solucion:  42 67 83 70 73 85 49 48 38 14 28 94 35 37 61 0 57 26 86 24 84 58 68 8 45 51 31 93 43 98 65 82 4 5 90 29 99 9 39 44 92 19 56 47 96 77 13 72 50 54 12 30 27 80 41 53 66 60 22 62 25 64 3 2 6 75 32 15 7 74 36 52 69 20 17 55 81 21 87 16 23 79 46 78 88 59 18 33 71 95 34 76 11 63 89 97 10 1 40 91
Coste: 1624649348

GENERACION: 70
Mejor Solucion:  42 67 83 70 73 85 49 48 38 14 28 94 35 37 61 0 57 26 86 24 84 58 68 8 45 51 31 93 43 98 65 82 4 5 90 29 99 9 39 44 92 19 56 47 96 77 13 72 50 54 12 30 27 80 41 53 66 60 22 62 25 64 3 2 6 75 32 15 7 74 36 52 69 20 17 55 81 21 87 16 23 79 46 78 88 59 18 33 71 95 34 76 11 63 89 97 10 1 40 91
Coste: 1624649348

GENERACION: 71
Mejor Solucion:  42 67 83 70 73 85 49 48 38 14 28 94 35 37 61 0 57 26 86 24 84 58 68 8 45 51 31 93 43 98 65 82 4 5 90 29 99 9 39 44 92 19 56 47 96 77 13 72 50 54 12 30 27 80 41 53 66 60 22 62 25 64 3 2 6 75 32 15 7 74 36 52 69 20 17 55 81 21 87 16 23 79 46 78 88 59 18 33 71 95 34 76 11 63 89 97 10 1 40 91
Coste: 1624649348

GENERACION: 72
Mejor Solucion:  42 67 83 70 73 85 49 48 38 14 28 94 35 37 61 0 57 26 86 24 84 58 68 8 45 51 31 93 43 98 65 82 4 5 90 29 99 9 39 44 92 19 56 47 96 77 13 72 50 54 12 30 27 80 41 53 66 60 22 62 25 64 3 2 6 75 32 15 7 74 36 52 69 20 17 55 81 21 87 16 23 79 46 78 88 59 18 33 71 95 34 76 11 63 89 97 10 1 40 91
Coste: 1624649348

GENERACION: 73
Mejor Solucion:  42 67 83 70 73 85 49 48 38 14 28 94 35 37 61 0 57 26 86 24 84 58 68 8 45 51 31 93 43 98 65 82 4 5 90 29 99 9 39 44 92 19 56 47 96 77 13 72 50 54 12 30 27 80 41 53 66 60 22 62 25 64 3 2 6 75 32 15 7 74 36 52 69 20 17 55 81 21 87 16 23 79 46 78 88 59 18 33 71 95 34 76 11 63 89 97 10 1 40 91
Coste: 1624649348

GENERACION: 74
Mejor Solucion:  42 67 83 70 73 85 49 48 38 14 28 94 35 37 61 0 57 26 86 24 84 58 68 8 45 51 31 93 43 98 65 82 4 5 90 29 99 9 39 44 92 19 56 47 96 77 13 72 50 54 12 30 27 80 41 53 66 60 22 62 25 64 3 2 6 75 32 15 7 74 36 52 69 20 17 55 81 21 87 16 23 79 46 78 88 59 18 33 71 95 34 76 11 63 89 97 10 1 40 91
Coste: 1624649348

GENERACION: 75
Mejor Solucion:  42 67 83 70 73 85 49 48 38 14 28 94 35 37 61 0 57 26 86 24 84 58 68 8 45 51 31 93 43 98 65 82 4 5 90 29 99 9 39 44 92 19 56 47 96 77 13 72 50 54 12 30 27 80 41 53 66 60 22 62 25 64 3 2 6 75 32 15 7 74 36 52 69 20 17 55 81 21 87 16 23 79 46 78 88 59 18 33 71 95 34 76 11 63 89 97 10 1 40 91
Coste: 1624649348

GENERACION: 76
Mejor Solucion:  42 67 83 70 73 85 49 48 38 14 28 94 35 37 61 0 57 26 86 24 84 58 68 8 45 51 31 93 43 98 65 82 4 5 90 29 99 9 39 44 92 19 56 47 96 77 13 72 50 54 12 30 27 80 41 53 66 60 22 62 25 64 3 2 6 75 32 15 7 74 36 52 69 20 17 55 81 21 87 16 23 79 46 78 88 59 18 33 71 95 34 76 11 63 89 97 10 1 40 91
Coste: 1624649348

GENERACION: 77
Mejor Solucion:  42 67 83 70 73 85 49 48 38 14 28 94 35 37 61 0 57 26 86 24 84 58 68 8 45 51 31 93 43 98 65 82 4 5 90 29 99 9 39 44 92 19 56 47 96 77 13 72 50 54 12 30 27 80 41 53 66 60 22 62 25 64 3 2 6 75 32 15 7 74 36 52 69 20 17 55 81 21 87 16 23 79 46 78 88 59 18 33 71 95 34 76 11 63 89 97 10 1 40 91
Coste: 1624649348

GENERACION: 78
Mejor Solucion:  42 67 83 70 73 85 49 48 38 14 28 94 35 37 61 0 57 26 86 24 84 58 68 8 45 51 31 93 43 98 65 82 4 5 90 29 99 9 39 44 92 19 56 47 96 77 13 72 50 54 12 30 27 80 41 53 66 60 22 62 25 64 3 2 6 75 32 15 7 74 36 52 69 20 17 55 81 21 87 16 23 79 46 78 88 59 18 33 71 95 34 76 11 63 89 97 10 1 40 91
Coste: 1624649348

GENERACION: 79
Mejor Solucion:  42 67 83 70 73 85 49 48 38 14 28 94 35 37 61 0 57 26 86 24 84 58 68 8 45 51 31 93 43 98 65 82 4 5 90 29 99 9 39 44 92 19 56 47 96 77 13 72 50 54 12 30 27 80 41 53 66 60 22 62 25 64 3 2 6 75 32 15 7 74 36 52 69 20 17 55 81 21 87 16 23 79 46 78 88 59 18 33 71 95 34 76 11 63 89 97 10 1 40 91
Coste: 1624649348

GENERACION: 80
Mejor Solucion:  42 67 83 70 73 85 49 48 38 14 28 94 35 37 61 0 57 26 86 24 84 58 68 8 45 51 31 93 43 98 65 82 4 5 90 29 99 9 39 44 92 19 56 47 96 77 13 72 50 54 12 30 27 80 41 53 66 60 22 62 25 64 3 2 6 75 32 15 7 74 36 52 69 20 17 55 81 21 87 16 23 79 46 78 88 59 18 33 71 95 34 76 11 63 89 97 10 1 40 91
Coste: 1624649348

GENERACION: 81
Mejor Solucion:  42 67 83 70 73 85 49 48 38 14 28 94 35 37 61 0 57 26 86 24 84 58 68 8 45 51 31 93 43 98 65 82 4 5 90 29 99 9 39 44 92 19 56 47 96 77 13 72 50 54 12 30 27 80 41 53 66 60 22 62 25 64 3 2 6 75 32 15 7 74 36 52 69 20 17 55 81 21 87 16 23 79 46 78 88 59 18 33 71 95 34 76 11 63 89 97 10 1 40 91
Coste: 1624649348

GENERACION: 82
Mejor Solucion:  42 67 83 70 73 85 49 48 38 14 28 94 35 37 61 0 57 26 86 24 84 58 68 8 45 51 31 93 43 98 65 82 4 5 90 29 99 9 39 44 92 19 56 47 96 77 13 72 50 54 12 30 27 80 41 53 66 60 22 62 25 64 3 2 6 75 32 15 7 74 36 52 69 20 17 55 81 21 87 16 23 79 46 78 88 59 18 33 71 95 34 76 11 63 89 97 10 1 40 91
Coste: 1624649348

GENERACION: 83
Mejor Solucion:  42 67 83 70 73 85 49 48 38 14 28 94 35 37 61 0 57 26 86 24 84 58 68 8 45 51 31 93 43 98 65 82 4 5 90 29 99 9 39 44 92 19 56 47 96 77 13 72 50 54 12 30 27 80 41 53 66 60 22 62 25 64 3 2 6 75 32 15 7 74 36 52 69 20 17 55 81 21 87 16 23 79 46 78 88 59 18 33 71 95 34 76 11 63 89 97 10 1 40 91
Coste: 1624649348

GENERACION: 84
Mejor Solucion:  42 67 83 70 73 85 49 48 38 14 28 94 35 37 61 0 57 26 86 24 84 58 68 8 45 51 31 93 43 98 65 82 4 5 90 29 99 9 39 44 92 19 56 47 96 77 13 72 50 54 12 30 27 80 41 53 66 60 22 62 25 64 3 2 6 75 32 15 7 74 36 52 69 20 17 55 81 21 87 16 23 79 46 78 88 59 18 33 71 95 34 76 11 63 89 97 10 1 40 91
Coste: 1624649348

GENERACION: 85
Mejor Solucion:  42 67 83 70 73 85 49 48 38 14 28 94 35 37 61 0 57 26 86 24 84 58 68 8 45 51 31 93 43 98 65 82 4 5 90 29 99 9 39 44 92 19 56 47 96 77 13 72 50 54 12 30 27 80 41 53 66 60 22 62 25 64 3 2 6 75 32 15 7 74 36 52 69 20 17 55 81 21 87 16 23 79 46 78 88 59 18 33 71 95 34 76 11 63 89 97 10 1 40 91
Coste: 1624649348

GENERACION: 86
Mejor Solucion:  42 67 83 70 73 85 49 48 38 14 28 94 35 37 61 0 57 26 86 24 84 58 68 8 45 51 31 93 43 98 65 82 4 5 90 29 99 9 39 44 92 19 56 47 96 77 13 72 50 54 12 30 27 80 41 53 66 60 22 62 25 64 3 2 6 75 32 15 7 74 36 52 69 20 17 55 81 21 87 16 23 79 46 78 88 59 18 33 71 95 34 76 11 63 89 97 10 1 40 91
Coste: 1624649348

GENERACION: 87
Mejor Solucion:  42 67 83 70 73 85 49 48 38 14 28 94 35 37 61 0 57 26 86 24 84 58 68 8 45 51 31 93 43 98 65 82 4 5 90 29 99 9 39 44 92 19 56 47 96 77 13 72 50 54 12 30 27 80 41 53 66 60 22 62 25 64 3 2 6 75 32 15 7 74 36 52 69 20 17 55 81 21 87 16 23 79 46 78 88 59 18 33 71 95 34 76 11 63 89 97 10 1 40 91
Coste: 1624649348

GENERACION: 88
Mejor Solucion:  42 67 83 70 73 85 49 48 38 14 28 94 35 37 61 0 57 26 86 24 84 58 68 8 45 51 31 93 43 98 65 82 4 5 90 29 99 9 39 44 92 19 56 47 96 77 13 72 50 54 12 30 27 80 41 53 66 60 22 62 25 64 3 2 6 75 32 15 7 74 36 52 69 20 17 55 81 21 87 16 23 79 46 78 88 59 18 33 71 95 34 76 11 63 89 97 10 1 40 91
Coste: 1624649348

GENERACION: 89
Mejor Solucion:  42 67 83 70 73 85 49 48 38 14 28 94 35 37 61 0 57 26 86 24 84 58 68 8 45 51 31 93 43 98 65 82 4 5 90 29 99 9 39 44 92 19 56 47 96 77 13 72 50 54 12 30 27 80 41 53 66 60 22 62 25 64 3 2 6 75 32 15 7 74 36 52 69 20 17 55 81 21 87 16 23 79 46 78 88 59 18 33 71 95 34 76 11 63 89 97 10 1 40 91
Coste: 1624649348

GENERACION: 90
Mejor Solucion:  42 67 83 70 73 85 49 48 38 14 28 94 35 37 61 0 57 26 86 24 84 58 68 8 45 51 31 93 43 98 65 82 4 5 90 29 99 9 39 44 92 19 56 47 96 77 13 72 50 54 12 30 27 80 41 53 66 60 22 62 25 64 3 2 6 75 32 15 7 74 36 52 69 20 17 55 81 21 87 16 23 79 46 78 88 59 18 33 71 95 34 76 11 63 89 97 10 1 40 91
Coste: 1624649348

GENERACION: 91
Mejor Solucion:  42 67 83 70 73 85 49 48 38 14 28 94 35 37 61 0 57 26 86 24 84 58 68 8 45 51 31 93 43 98 65 82 4 5 90 29 99 9 39 44 92 19 56 47 96 77 13 72 50 54 12 30 27 80 41 53 66 60 22 62 25 64 3 2 6 75 32 15 7 74 36 52 69 20 17 55 81 21 87 16 23 79 46 78 88 59 18 33 71 95 34 76 11 63 89 97 10 1 40 91
Coste: 1624649348

GENERACION: 92
Mejor Solucion:  42 67 83 70 73 85 49 48 38 14 28 94 35 37 61 0 57 26 86 24 84 58 68 8 45 51 31 93 43 98 65 82 4 5 90 29 99 9 39 44 92 19 56 47 96 77 13 72 50 54 12 30 27 80 41 53 66 60 22 62 25 64 3 2 6 75 32 15 7 74 36 52 69 20 17 55 81 21 87 16 23 79 46 78 88 59 18 33 71 95 34 76 11 63 89 97 10 1 40 91
Coste: 1624649348

GENERACION: 93
Mejor Solucion:  42 67 83 70 73 85 49 48 38 14 28 94 35 37 61 0 57 26 86 24 84 58 68 8 45 51 31 93 43 98 65 82 4 5 90 29 99 9 39 44 92 19 56 47 96 77 13 72 50 54 12 30 27 80 41 53 66 60 22 62 25 64 3 2 6 75 32 15 7 74 36 52 69 20 17 55 81 21 87 16 23 79 46 78 88 59 18 33 71 95 34 76 11 63 89 97 10 1 40 91
Coste: 1624649348

GENERACION: 94
Mejor Solucion:  42 67 83 70 73 85 49 48 38 14 28 94 35 37 61 0 57 26 86 24 84 58 68 8 45 51 31 93 43 98 65 82 4 5 90 29 99 9 39 44 92 19 56 47 96 77 13 72 50 54 12 30 27 80 41 53 66 60 22 62 25 64 3 2 6 75 32 15 7 74 36 52 69 20 17 55 81 21 87 16 23 79 46 78 88 59 18 33 71 95 34 76 11 63 89 97 10 1 40 91
Coste: 1624649348

GENERACION: 95
Mejor Solucion:  42 67 83 70 73 85 49 48 38 14 28 94 35 37 61 0 57 26 86 24 84 58 68 8 45 51 31 93 43 98 65 82 4 5 90 29 99 9 39 44 92 19 56 47 96 77 13 72 50 54 12 30 27 80 41 53 66 60 22 62 25 64 3 2 6 75 32 15 7 74 36 52 69 20 17 55 81 21 87 16 23 79 46 78 88 59 18 33 71 95 34 76 11 63 89 97 10 1 40 91
Coste: 1624649348

GENERACION: 96
Mejor Solucion:  42 67 83 70 73 85 49 48 38 14 28 94 35 37 61 0 57 26 86 24 84 58 68 8 45 51 31 93 43 98 65 82 4 5 90 29 99 9 39 44 92 19 56 47 96 77 13 72 50 54 12 30 27 80 41 53 66 60 22 62 25 64 3 2 6 75 32 15 7 74 36 52 69 20 17 55 81 21 87 16 23 79 46 78 88 59 18 33 71 95 34 76 11 63 89 97 10 1 40 91
Coste: 1624649348

GENERACION: 97
Mejor Solucion:  42 67 83 70 73 85 49 48 38 14 28 94 35 37 61 0 57 26 86 24 84 58 68 8 45 51 31 93 43 98 65 82 4 5 90 29 99 9 39 44 92 19 56 47 96 77 13 72 50 54 12 30 27 80 41 53 66 60 22 62 25 64 3 2 6 75 32 15 7 74 36 52 69 20 17 55 81 21 87 16 23 79 46 78 88 59 18 33 71 95 34 76 11 63 89 97 10 1 40 91
Coste: 1624649348

GENERACION: 98
Mejor Solucion:  42 67 83 70 73 85 49 48 38 14 28 94 35 37 61 0 57 26 86 24 84 58 68 8 45 51 31 93 43 98 65 82 4 5 90 29 99 9 39 44 92 19 56 47 96 77 13 72 50 54 12 30 27 80 41 53 66 60 22 62 25 64 3 2 6 75 32 15 7 74 36 52 69 20 17 55 81 21 87 16 23 79 46 78 88 59 18 33 71 95 34 76 11 63 89 97 10 1 40 91
Coste: 1624649348

GENERACION: 99
Mejor Solucion:  42 67 83 70 73 85 49 48 38 14 28 94 35 37 61 0 57 26 86 24 84 58 68 8 45 51 31 93 43 98 65 82 4 5 90 29 99 9 39 44 92 19 56 47 96 77 13 72 50 54 12 30 27 80 41 53 66 60 22 62 25 64 3 2 6 75 32 15 7 74 36 52 69 20 17 55 81 21 87 16 23 79 46 78 88 59 18 33 71 95 34 76 11 63 89 97 10 1 40 91
Coste: 1624649348

GENERACION: 100
Mejor Solucion:  42 67 83 70 73 85 49 48 38 14 28 94 35 37 61 0 57 26 86 24 84 58 68 8 45 51 31 93 43 98 65 82 4 5 90 29 99 9 39 44 92 19 56 47 96 77 13 72 50 54 12 30 27 80 41 53 66 60 22 62 25 64 3 2 6 75 32 15 7 74 36 52 69 20 17 55 81 21 87 16 23 79 46 78 88 59 18 33 71 95 34 76 11 63 89 97 10 1 40 91
Coste: 1624649348

GENERACION: 101
Mejor Solucion:  42 67 83 70 73 85 49 48 38 14 28 94 35 37 61 0 57 26 86 24 84 58 68 8 45 51 31 93 43 98 65 82 4 5 90 29 99 9 39 44 92 19 56 47 96 77 13 72 50 54 12 30 27 80 41 53 66 60 22 62 25 64 3 2 6 75 32 15 7 74 36 52 69 20 17 55 81 21 87 16 23 79 46 78 88 59 18 33 71 95 34 76 11 63 89 97 10 1 40 91
Coste: 1624649348

GENERACION: 102
Mejor Solucion:  42 67 83 70 73 85 49 48 38 14 28 94 35 37 61 0 57 26 86 24 84 58 68 8 45 51 31 93 43 98 65 82 4 5 90 29 99 9 39 44 92 19 56 47 96 77 13 72 50 54 12 30 27 80 41 53 66 60 22 62 25 64 3 2 6 75 32 15 7 74 36 52 69 20 17 55 81 21 87 16 23 79 46 78 88 59 18 33 71 95 34 76 11 63 89 97 10 1 40 91
Coste: 1624649348

GENERACION: 103
Mejor Solucion:  42 67 83 70 73 85 49 48 38 14 28 94 35 37 61 0 57 26 86 24 84 58 68 8 45 51 31 93 43 98 65 82 4 5 90 29 99 9 39 44 92 19 56 47 96 77 13 72 50 54 12 30 27 80 41 53 66 60 22 62 25 64 3 2 6 75 32 15 7 74 36 52 69 20 17 55 81 21 87 16 23 79 46 78 88 59 18 33 71 95 34 76 11 63 89 97 10 1 40 91
Coste: 1624649348

GENERACION: 104
Mejor Solucion:  42 67 83 70 73 85 49 48 38 14 28 94 35 37 61 0 57 26 86 24 84 58 68 8 45 51 31 93 43 98 65 82 4 5 90 29 99 9 39 44 92 19 56 47 96 77 13 72 50 54 12 30 27 80 41 53 66 60 22 62 25 64 3 2 6 75 32 15 7 74 36 52 69 20 17 55 81 21 87 16 23 79 46 78 88 59 18 33 71 95 34 76 11 63 89 97 10 1 40 91
Coste: 1624649348

GENERACION: 105
Mejor Solucion:  42 67 83 70 73 85 49 48 38 14 28 94 35 37 61 0 57 26 86 24 84 58 68 8 45 51 31 93 43 98 65 82 4 5 90 29 99 9 39 44 92 19 56 47 96 77 13 72 50 54 12 30 27 80 41 53 66 60 22 62 25 64 3 2 6 75 32 15 7 74 36 52 69 20 17 55 81 21 87 16 23 79 46 78 88 59 18 33 71 95 34 76 11 63 89 97 10 1 40 91
Coste: 1624649348

GENERACION: 106
Mejor Solucion:  42 67 83 70 73 85 49 48 38 14 28 94 35 37 61 0 57 26 86 24 84 58 68 8 45 51 31 93 43 98 65 82 4 5 90 29 99 9 39 44 92 19 56 47 96 77 13 72 50 54 12 30 27 80 41 53 66 60 22 62 25 64 3 2 6 75 32 15 7 74 36 52 69 20 17 55 81 21 87 16 23 79 46 78 88 59 18 33 71 95 34 76 11 63 89 97 10 1 40 91
Coste: 1624649348

GENERACION: 107
Mejor Solucion:  42 67 83 70 73 85 49 48 38 14 28 94 35 37 61 0 57 26 86 24 84 58 68 8 45 51 31 93 43 98 65 82 4 5 90 29 99 9 39 44 92 19 56 47 96 77 13 72 50 54 12 30 27 80 41 53 66 60 22 62 25 64 3 2 6 75 32 15 7 74 36 52 69 20 17 55 81 21 87 16 23 79 46 78 88 59 18 33 71 95 34 76 11 63 89 97 10 1 40 91
Coste: 1624649348

GENERACION: 108
Mejor Solucion:  42 67 83 70 73 85 49 48 38 14 28 94 35 37 61 0 57 26 86 24 84 58 68 8 45 51 31 93 43 98 65 82 4 5 90 29 99 9 39 44 92 19 56 47 96 77 13 72 50 54 12 30 27 80 41 53 66 60 22 62 25 64 3 2 6 75 32 15 7 74 36 52 69 20 17 55 81 21 87 16 23 79 46 78 88 59 18 33 71 95 34 76 11 63 89 97 10 1 40 91
Coste: 1624649348

GENERACION: 109
Mejor Solucion:  42 67 83 70 73 85 49 48 38 14 28 94 35 37 61 0 57 26 86 24 84 58 68 8 45 51 31 93 43 98 65 82 4 5 90 29 99 9 39 44 92 19 56 47 96 77 13 72 50 54 12 30 27 80 41 53 66 60 22 62 25 64 3 2 6 75 32 15 7 74 36 52 69 20 17 55 81 21 87 16 23 79 46 78 88 59 18 33 71 95 34 76 11 63 89 97 10 1 40 91
Coste: 1624649348

GENERACION: 110
Mejor Solucion:  42 67 83 70 73 85 49 48 38 14 28 94 35 37 61 0 57 26 86 24 84 58 68 8 45 51 31 93 43 98 65 82 4 5 90 29 99 9 39 44 92 19 56 47 96 77 13 72 50 54 12 30 27 80 41 53 66 60 22 62 25 64 3 2 6 75 32 15 7 74 36 52 69 20 17 55 81 21 87 16 23 79 46 78 88 59 18 33 71 95 34 76 11 63 89 97 10 1 40 91
Coste: 1624649348

GENERACION: 111
Mejor Solucion:  42 67 83 70 73 85 49 48 38 14 28 94 35 37 61 0 57 26 86 24 84 58 68 8 45 51 31 93 43 98 65 82 4 5 90 29 99 9 39 44 92 19 56 47 96 77 13 72 50 54 12 30 27 80 41 53 66 60 22 62 25 64 3 2 6 75 32 15 7 74 36 52 69 20 17 55 81 21 87 16 23 79 46 78 88 59 18 33 71 95 34 76 11 63 89 97 10 1 40 91
Coste: 1624649348

GENERACION: 112
Mejor Solucion:  42 67 83 70 73 85 49 48 38 14 28 94 35 37 61 0 57 26 86 24 84 58 68 8 45 51 31 93 43 98 65 82 4 5 90 29 99 9 39 44 92 19 56 47 96 77 13 72 50 54 12 30 27 80 41 53 66 60 22 62 25 64 3 2 6 75 32 15 7 74 36 52 69 20 17 55 81 21 87 16 23 79 46 78 88 59 18 33 71 95 34 76 11 63 89 97 10 1 40 91
Coste: 1624649348

GENERACION: 113
Mejor Solucion:  42 67 83 70 73 85 49 48 38 14 28 94 35 37 61 0 57 26 86 24 84 58 68 8 45 51 31 93 43 98 65 82 4 5 90 29 99 9 39 44 92 19 56 47 96 77 13 72 50 54 12 30 27 80 41 53 66 60 22 62 25 64 3 2 6 75 32 15 7 74 36 52 69 20 17 55 81 21 87 16 23 79 46 78 88 59 18 33 71 95 34 76 11 63 89 97 10 1 40 91
Coste: 1624649348

GENERACION: 114
Mejor Solucion:  42 67 83 70 73 85 49 48 38 14 28 94 35 37 61 0 57 26 86 24 84 58 68 8 45 51 31 93 43 98 65 82 4 5 90 29 99 9 39 44 92 19 56 47 96 77 13 72 50 54 12 30 27 80 41 53 66 60 22 62 25 64 3 2 6 75 32 15 7 74 36 52 69 20 17 55 81 21 87 16 23 79 46 78 88 59 18 33 71 95 34 76 11 63 89 97 10 1 40 91
Coste: 1624649348

GENERACION: 115
Mejor Solucion:  42 67 83 70 73 85 49 48 38 14 28 94 35 37 61 0 57 26 86 24 84 58 68 8 45 51 31 93 43 98 65 82 4 5 90 29 99 9 39 44 92 19 56 47 96 77 13 72 50 54 12 30 27 80 41 53 66 60 22 62 25 64 3 2 6 75 32 15 7 74 36 52 69 20 17 55 81 21 87 16 23 79 46 78 88 59 18 33 71 95 34 76 11 63 89 97 10 1 40 91
Coste: 1624649348

GENERACION: 116
Mejor Solucion:  42 67 83 70 73 85 49 48 38 14 28 94 35 37 61 0 57 26 86 24 84 58 68 8 45 51 31 93 43 98 65 82 4 5 90 29 99 9 39 44 92 19 56 47 96 77 13 72 50 54 12 30 27 80 41 53 66 60 22 62 25 64 3 2 6 75 32 15 7 74 36 52 69 20 17 55 81 21 87 16 23 79 46 78 88 59 18 33 71 95 34 76 11 63 89 97 10 1 40 91
Coste: 1624649348

GENERACION: 117
Mejor Solucion:  42 67 83 70 73 85 49 48 38 14 28 94 35 37 61 0 57 26 86 24 84 58 68 8 45 51 31 93 43 98 65 82 4 5 90 29 99 9 39 44 92 19 56 47 96 77 13 72 50 54 12 30 27 80 41 53 66 60 22 62 25 64 3 2 6 75 32 15 7 74 36 52 69 20 17 55 81 21 87 16 23 79 46 78 88 59 18 33 71 95 34 76 11 63 89 97 10 1 40 91
Coste: 1624649348

GENERACION: 118
Mejor Solucion:  42 67 83 70 73 85 49 48 38 14 28 94 35 37 61 0 57 26 86 24 84 58 68 8 45 51 31 93 43 98 65 82 4 5 90 29 99 9 39 44 92 19 56 47 96 77 13 72 50 54 12 30 27 80 41 53 66 60 22 62 25 64 3 2 6 75 32 15 7 74 36 52 69 20 17 55 81 21 87 16 23 79 46 78 88 59 18 33 71 95 34 76 11 63 89 97 10 1 40 91
Coste: 1624649348

GENERACION: 119
Mejor Solucion:  42 67 83 70 73 85 49 48 38 14 28 94 35 37 61 0 57 26 86 24 84 58 68 8 45 51 31 93 43 98 65 82 4 5 90 29 99 9 39 44 92 19 56 47 96 77 13 72 50 54 12 30 27 80 41 53 66 60 22 62 25 64 3 2 6 75 32 15 7 74 36 52 69 20 17 55 81 21 87 16 23 79 46 78 88 59 18 33 71 95 34 76 11 63 89 97 10 1 40 91
Coste: 1624649348

GENERACION: 120
Mejor Solucion:  42 67 83 70 73 85 49 48 38 14 28 94 35 37 61 0 57 26 86 24 84 58 68 8 45 51 31 93 43 98 65 82 4 5 90 29 99 9 39 44 92 19 56 47 96 77 13 72 50 54 12 30 27 80 41 53 66 60 22 62 25 64 3 2 6 75 32 15 7 74 36 52 69 20 17 55 81 21 87 16 23 79 46 78 88 59 18 33 71 95 34 76 11 63 89 97 10 1 40 91
Coste: 1624649348

GENERACION: 121
Mejor Solucion:  42 67 83 70 73 85 49 48 38 14 28 94 35 37 61 0 57 26 86 24 84 58 68 8 45 51 31 93 43 98 65 82 4 5 90 29 99 9 39 44 92 19 56 47 96 77 13 72 50 54 12 30 27 80 41 53 66 60 22 62 25 64 3 2 6 75 32 15 7 74 36 52 69 20 17 55 81 21 87 16 23 79 46 78 88 59 18 33 71 95 34 76 11 63 89 97 10 1 40 91
Coste: 1624649348

GENERACION: 122
Mejor Solucion:  42 67 83 70 73 85 49 48 38 14 28 94 35 37 61 0 57 26 86 24 84 58 68 8 45 51 31 93 43 98 65 82 4 5 90 29 99 9 39 44 92 19 56 47 96 77 13 72 50 54 12 30 27 80 41 53 66 60 22 62 25 64 3 2 6 75 32 15 7 74 36 52 69 20 17 55 81 21 87 16 23 79 46 78 88 59 18 33 71 95 34 76 11 63 89 97 10 1 40 91
Coste: 1624649348

GENERACION: 123
Mejor Solucion:  42 67 83 70 73 85 49 48 38 14 28 94 35 37 61 0 57 26 86 24 84 58 68 8 45 51 31 93 43 98 65 82 4 5 90 29 99 9 39 44 92 19 56 47 96 77 13 72 50 54 12 30 27 80 41 53 66 60 22 62 25 64 3 2 6 75 32 15 7 74 36 52 69 20 17 55 81 21 87 16 23 79 46 78 88 59 18 33 71 95 34 76 11 63 89 97 10 1 40 91
Coste: 1624649348

GENERACION: 124
Mejor Solucion:  42 67 83 70 73 85 49 48 38 14 28 94 35 37 61 0 57 26 86 24 84 58 68 8 45 51 31 93 43 98 65 82 4 5 90 29 99 9 39 44 92 19 56 47 96 77 13 72 50 54 12 30 27 80 41 53 66 60 22 62 25 64 3 2 6 75 32 15 7 74 36 52 69 20 17 55 81 21 87 16 23 79 46 78 88 59 18 33 71 95 34 76 11 63 89 97 10 1 40 91
Coste: 1624649348

GENERACION: 125
Mejor Solucion:  42 67 83 70 73 85 49 48 38 14 28 94 35 37 61 0 57 26 86 24 84 58 68 8 45 51 31 93 43 98 65 82 4 5 90 29 99 9 39 44 92 19 56 47 96 77 13 72 50 54 12 30 27 80 41 53 66 60 22 62 25 64 3 2 6 75 32 15 7 74 36 52 69 20 17 55 81 21 87 16 23 79 46 78 88 59 18 33 71 95 34 76 11 63 89 97 10 1 40 91
Coste: 1624649348

GENERACION: 126
Mejor Solucion:  94 88 86 70 38 85 64 13 55 35 28 46 14 37 42 67 54 84 30 24 26 58 50 8 45 51 5 93 43 98 65 82 57 39 90 53 99 74 0 33 32 9 49 1 4 77 10 72 44 96 52 83 27 20 95 29 79 60 18 62 25 80 3 59 48 75 69 15 7 40 36 12 92 73 17 63 81 2 71 23 19 16 87 34 76 21 31 41 68 11 78 97 66 56 89 22 6 47 61 91
Coste: 1609449081

GENERACION: 127
Mejor Solucion:  94 88 86 70 38 85 64 52 55 35 28 46 50 37 82 67 40 16 30 24 26 58 14 56 45 54 5 7 43 98 65 42 57 39 90 53 49 74 0 33 92 9 99 59 4 77 10 72 44 96 13 83 27 20 95 29 84 60 73 62 25 80 3 1 48 75 69 15 93 51 36 12 32 63 17 18 81 2 71 23 19 79 87 34 76 21 31 41 68 11 78 97 66 8 89 22 6 47 61 91
Coste: 1605900906

GENERACION: 128
Mejor Solucion:  94 88 86 70 38 85 64 52 55 35 28 46 50 37 82 67 40 16 30 24 26 58 14 56 45 54 5 7 43 98 65 42 57 39 90 53 49 74 0 33 92 9 99 59 4 77 10 72 44 96 13 83 27 20 95 29 84 60 73 62 25 80 3 1 48 75 69 15 93 51 36 12 32 63 17 18 81 2 71 23 19 79 87 34 76 21 31 41 68 11 78 97 66 8 89 22 6 47 61 91
Coste: 1605900906

GENERACION: 129
Mejor Solucion:  94 88 86 70 38 85 64 52 55 35 28 46 50 37 82 67 40 16 30 24 26 58 14 56 45 54 5 7 43 98 65 42 57 39 90 53 49 74 0 33 92 9 99 59 4 77 10 72 44 96 13 83 27 20 95 29 84 60 73 62 25 80 3 1 48 75 69 15 93 51 36 12 32 63 17 18 81 2 71 23 19 79 87 34 76 21 31 41 68 11 78 97 66 8 89 22 6 47 61 91
Coste: 1605900906

GENERACION: 130
Mejor Solucion:  94 88 86 70 38 85 64 52 55 35 28 46 50 37 82 67 40 16 30 24 26 58 14 56 45 54 5 7 43 98 65 42 57 39 90 53 49 74 0 33 92 9 99 59 4 77 10 72 44 96 13 83 27 20 95 29 84 60 73 62 25 80 3 1 48 75 69 15 93 51 36 12 32 63 17 18 81 2 71 23 19 79 87 34 76 21 31 41 68 11 78 97 66 8 89 22 6 47 61 91
Coste: 1605900906

GENERACION: 131
Mejor Solucion:  94 88 86 70 38 85 64 52 55 35 28 46 50 37 82 67 40 16 30 24 26 58 14 56 45 54 5 7 43 98 65 42 57 39 90 53 49 74 0 33 92 9 99 59 4 77 10 72 44 96 13 83 27 20 95 29 84 60 73 62 25 80 3 1 48 75 69 15 93 51 36 12 32 63 17 18 81 2 71 23 19 79 87 34 76 21 31 41 68 11 78 97 66 8 89 22 6 47 61 91
Coste: 1605900906

